Starting at Mon May  2 21:51:05 CEST 2022
Running on hosts: res-hpc-lkeb05
Running on 1 nodes.
Running 1 tasks.
CPUs on node: 6.
Account: div2-lkeb
Job ID: 10061471
Job name: NIHPancreasInference
Node running script: res-hpc-lkeb05
Submit host: res-hpc-lo02.researchlumc.nl
GPUS: 0 or 
Mon May  2 21:51:07 2022       
+-----------------------------------------------------------------------------+
| NVIDIA-SMI 495.29.05    Driver Version: 495.29.05    CUDA Version: 11.5     |
|-------------------------------+----------------------+----------------------+
| GPU  Name        Persistence-M| Bus-Id        Disp.A | Volatile Uncorr. ECC |
| Fan  Temp  Perf  Pwr:Usage/Cap|         Memory-Usage | GPU-Util  Compute M. |
|                               |                      |               MIG M. |
|===============================+======================+======================|
|   0  Quadro RTX 6000     Off  | 00000000:D8:00.0 Off |                  Off |
| 31%   35C    P0    53W / 260W |      0MiB / 24220MiB |      0%      Default |
|                               |                      |                  N/A |
+-------------------------------+----------------------+----------------------+
                                                                               
+-----------------------------------------------------------------------------+
| Processes:                                                                  |
|  GPU   GI   CI        PID   Type   Process name                  GPU Memory |
|        ID   ID                                                   Usage      |
|=============================================================================|
|  No running processes found                                                 |
+-----------------------------------------------------------------------------+
Current working directory is /home/smaijer
Load all modules..
Done with loading all modules. Modules:
Activate conda env nnunet..
Verifying environment variables:
nnUNet_raw_data_base = /exports/lkeb-hpc/smaijer/data/nnUNet_raw_data_base
nnUNet_preprocessed = /exports/lkeb-hpc/smaijer/data/nnUNet_preprocessed
RESULTS_FOLDER = /exports/lkeb-hpc/smaijer/results
Installing nnU-net..
Obtaining file:///home/smaijer/code/nnUNet
Requirement already satisfied: torch>1.10.0 in ./.conda/envs/nn/lib/python3.9/site-packages (from nnunet==1.7.0) (1.11.0)
Requirement already satisfied: tqdm in ./.conda/envs/nn/lib/python3.9/site-packages (from nnunet==1.7.0) (4.64.0)
Requirement already satisfied: dicom2nifti in ./.conda/envs/nn/lib/python3.9/site-packages (from nnunet==1.7.0) (2.3.2)
Requirement already satisfied: scikit-image>=0.14 in ./.conda/envs/nn/lib/python3.9/site-packages (from nnunet==1.7.0) (0.19.2)
Requirement already satisfied: medpy in ./.conda/envs/nn/lib/python3.9/site-packages (from nnunet==1.7.0) (0.4.0)
Requirement already satisfied: scipy in ./.conda/envs/nn/lib/python3.9/site-packages (from nnunet==1.7.0) (1.8.0)
Requirement already satisfied: batchgenerators>=0.23 in ./.conda/envs/nn/lib/python3.9/site-packages (from nnunet==1.7.0) (0.23)
Requirement already satisfied: numpy in ./.conda/envs/nn/lib/python3.9/site-packages (from nnunet==1.7.0) (1.21.2)
Requirement already satisfied: sklearn in ./.conda/envs/nn/lib/python3.9/site-packages (from nnunet==1.7.0) (0.0)
Requirement already satisfied: SimpleITK in ./.conda/envs/nn/lib/python3.9/site-packages (from nnunet==1.7.0) (2.1.1)
Requirement already satisfied: pandas in ./.conda/envs/nn/lib/python3.9/site-packages (from nnunet==1.7.0) (1.4.2)
Requirement already satisfied: requests in ./.conda/envs/nn/lib/python3.9/site-packages (from nnunet==1.7.0) (2.27.1)
Requirement already satisfied: nibabel in ./.conda/envs/nn/lib/python3.9/site-packages (from nnunet==1.7.0) (3.2.2)
Requirement already satisfied: tifffile in ./.conda/envs/nn/lib/python3.9/site-packages (from nnunet==1.7.0) (2022.4.8)
Requirement already satisfied: matplotlib in ./.conda/envs/nn/lib/python3.9/site-packages (from nnunet==1.7.0) (3.5.1)
Requirement already satisfied: threadpoolctl in ./.conda/envs/nn/lib/python3.9/site-packages (from batchgenerators>=0.23->nnunet==1.7.0) (3.1.0)
Requirement already satisfied: unittest2 in ./.conda/envs/nn/lib/python3.9/site-packages (from batchgenerators>=0.23->nnunet==1.7.0) (1.1.0)
Requirement already satisfied: future in ./.conda/envs/nn/lib/python3.9/site-packages (from batchgenerators>=0.23->nnunet==1.7.0) (0.18.2)
Requirement already satisfied: scikit-learn in ./.conda/envs/nn/lib/python3.9/site-packages (from batchgenerators>=0.23->nnunet==1.7.0) (1.0.2)
Requirement already satisfied: pillow>=7.1.2 in ./.conda/envs/nn/lib/python3.9/site-packages (from batchgenerators>=0.23->nnunet==1.7.0) (9.0.1)
Requirement already satisfied: imageio>=2.4.1 in ./.conda/envs/nn/lib/python3.9/site-packages (from scikit-image>=0.14->nnunet==1.7.0) (2.16.2)
Requirement already satisfied: networkx>=2.2 in ./.conda/envs/nn/lib/python3.9/site-packages (from scikit-image>=0.14->nnunet==1.7.0) (2.8)
Requirement already satisfied: packaging>=20.0 in ./.conda/envs/nn/lib/python3.9/site-packages (from scikit-image>=0.14->nnunet==1.7.0) (21.3)
Requirement already satisfied: PyWavelets>=1.1.1 in ./.conda/envs/nn/lib/python3.9/site-packages (from scikit-image>=0.14->nnunet==1.7.0) (1.3.0)
Requirement already satisfied: pyparsing!=3.0.5,>=2.0.2 in ./.conda/envs/nn/lib/python3.9/site-packages (from packaging>=20.0->scikit-image>=0.14->nnunet==1.7.0) (3.0.8)
Requirement already satisfied: typing_extensions in ./.conda/envs/nn/lib/python3.9/site-packages (from torch>1.10.0->nnunet==1.7.0) (4.1.1)
Requirement already satisfied: pydicom>=1.3.0 in ./.conda/envs/nn/lib/python3.9/site-packages (from dicom2nifti->nnunet==1.7.0) (2.3.0)
Requirement already satisfied: cycler>=0.10 in ./.conda/envs/nn/lib/python3.9/site-packages (from matplotlib->nnunet==1.7.0) (0.11.0)
Requirement already satisfied: python-dateutil>=2.7 in ./.conda/envs/nn/lib/python3.9/site-packages (from matplotlib->nnunet==1.7.0) (2.8.2)
Requirement already satisfied: kiwisolver>=1.0.1 in ./.conda/envs/nn/lib/python3.9/site-packages (from matplotlib->nnunet==1.7.0) (1.4.2)
Requirement already satisfied: fonttools>=4.22.0 in ./.conda/envs/nn/lib/python3.9/site-packages (from matplotlib->nnunet==1.7.0) (4.32.0)
Requirement already satisfied: six>=1.5 in ./.conda/envs/nn/lib/python3.9/site-packages (from python-dateutil>=2.7->matplotlib->nnunet==1.7.0) (1.16.0)
Requirement already satisfied: setuptools in ./.conda/envs/nn/lib/python3.9/site-packages (from nibabel->nnunet==1.7.0) (58.0.4)
Requirement already satisfied: pytz>=2020.1 in ./.conda/envs/nn/lib/python3.9/site-packages (from pandas->nnunet==1.7.0) (2022.1)
Requirement already satisfied: idna<4,>=2.5 in ./.conda/envs/nn/lib/python3.9/site-packages (from requests->nnunet==1.7.0) (3.3)
Requirement already satisfied: charset-normalizer~=2.0.0 in ./.conda/envs/nn/lib/python3.9/site-packages (from requests->nnunet==1.7.0) (2.0.4)
Requirement already satisfied: certifi>=2017.4.17 in ./.conda/envs/nn/lib/python3.9/site-packages (from requests->nnunet==1.7.0) (2021.10.8)
Requirement already satisfied: urllib3<1.27,>=1.21.1 in ./.conda/envs/nn/lib/python3.9/site-packages (from requests->nnunet==1.7.0) (1.26.8)
Requirement already satisfied: joblib>=0.11 in ./.conda/envs/nn/lib/python3.9/site-packages (from scikit-learn->batchgenerators>=0.23->nnunet==1.7.0) (1.1.0)
Collecting argparse
  Using cached argparse-1.4.0-py2.py3-none-any.whl (23 kB)
Requirement already satisfied: traceback2 in ./.conda/envs/nn/lib/python3.9/site-packages (from unittest2->batchgenerators>=0.23->nnunet==1.7.0) (1.4.0)
Requirement already satisfied: linecache2 in ./.conda/envs/nn/lib/python3.9/site-packages (from traceback2->unittest2->batchgenerators>=0.23->nnunet==1.7.0) (1.0.0)
Installing collected packages: argparse, nnunet
  Attempting uninstall: nnunet
    Found existing installation: nnunet 1.7.0
    Uninstalling nnunet-1.7.0:
      Successfully uninstalled nnunet-1.7.0
  Running setup.py develop for nnunet
Successfully installed argparse-1.4.0 nnunet-1.7.0


Please cite the following paper when using nnUNet:

Isensee, F., Jaeger, P.F., Kohl, S.A.A. et al. "nnU-Net: a self-configuring method for deep learning-based biomedical image segmentation." Nat Methods (2020). https://doi.org/10.1038/s41592-020-01008-z


If you have questions or suggestions, feel free to open an issue at https://github.com/MIC-DKFZ/nnUNet

using model stored in  /exports/lkeb-hpc/smaijer/results/nnUNet/3d_lowres/Task500_NIH_Pancreas/nnUNetTrainerV2__nnUNetPlansv2.1
This model expects 1 input modalities for each image
Found 80 unique case ids, here are some examples: ['panc_0076' 'panc_0049' 'panc_0024' 'panc_0007' 'panc_0073' 'panc_0069'
 'panc_0081' 'panc_0022' 'panc_0074' 'panc_0047']
If they don't look right, make sure to double check your filenames. They must end with _0000.nii.gz etc
number of cases: 80
number of cases that still need to be predicted: 3
emptying cuda cache
loading parameters for folds, None
folds is None so we will automatically look for output folders (not using 'all'!)
found the following folds:  ['/exports/lkeb-hpc/smaijer/results/nnUNet/3d_lowres/Task500_NIH_Pancreas/nnUNetTrainerV2__nnUNetPlansv2.1/fold_0', '/exports/lkeb-hpc/smaijer/results/nnUNet/3d_lowres/Task500_NIH_Pancreas/nnUNetTrainerV2__nnUNetPlansv2.1/fold_1', '/exports/lkeb-hpc/smaijer/results/nnUNet/3d_lowres/Task500_NIH_Pancreas/nnUNetTrainerV2__nnUNetPlansv2.1/fold_2', '/exports/lkeb-hpc/smaijer/results/nnUNet/3d_lowres/Task500_NIH_Pancreas/nnUNetTrainerV2__nnUNetPlansv2.1/fold_3', '/exports/lkeb-hpc/smaijer/results/nnUNet/3d_lowres/Task500_NIH_Pancreas/nnUNetTrainerV2__nnUNetPlansv2.1/fold_4']
using the following model files:  ['/exports/lkeb-hpc/smaijer/results/nnUNet/3d_lowres/Task500_NIH_Pancreas/nnUNetTrainerV2__nnUNetPlansv2.1/fold_0/model_final_checkpoint.model', '/exports/lkeb-hpc/smaijer/results/nnUNet/3d_lowres/Task500_NIH_Pancreas/nnUNetTrainerV2__nnUNetPlansv2.1/fold_1/model_final_checkpoint.model', '/exports/lkeb-hpc/smaijer/results/nnUNet/3d_lowres/Task500_NIH_Pancreas/nnUNetTrainerV2__nnUNetPlansv2.1/fold_2/model_final_checkpoint.model', '/exports/lkeb-hpc/smaijer/results/nnUNet/3d_lowres/Task500_NIH_Pancreas/nnUNetTrainerV2__nnUNetPlansv2.1/fold_3/model_final_checkpoint.model', '/exports/lkeb-hpc/smaijer/results/nnUNet/3d_lowres/Task500_NIH_Pancreas/nnUNetTrainerV2__nnUNetPlansv2.1/fold_4/model_final_checkpoint.model']
starting preprocessing generator
starting prediction...
preprocessing /exports/lkeb-hpc/smaijer/output/500/3d_lowres/panc_0080.nii.gz
using preprocessor GenericPreprocessor
before crop: (1, 181, 512, 512) after crop: (1, 181, 512, 512) spacing: [1.        0.9765625 0.9765625] 

no separate z, order 3
no separate z, order 1
before: {'spacing': array([1.       , 0.9765625, 0.9765625]), 'spacing_transposed': array([1.       , 0.9765625, 0.9765625]), 'data.shape (data is transposed)': (1, 181, 512, 512)} 
after:  {'spacing': array([1.7987096 , 1.54576606, 1.54576606]), 'data.shape (data is resampled)': (1, 101, 323, 323)} 

(1, 101, 323, 323)
This worker has ended successfully, no errors to report
preprocessing /exports/lkeb-hpc/smaijer/output/500/3d_lowres/panc_0081.nii.gz
using preprocessor GenericPreprocessor
before crop: (1, 209, 512, 512) after crop: (1, 209, 512, 512) spacing: [1.        0.9765625 0.9765625] 

no separate z, order 3
no separate z, order 1
before: {'spacing': array([1.       , 0.9765625, 0.9765625]), 'spacing_transposed': array([1.       , 0.9765625, 0.9765625]), 'data.shape (data is transposed)': (1, 209, 512, 512)} 
after:  {'spacing': array([1.7987096 , 1.54576606, 1.54576606]), 'data.shape (data is resampled)': (1, 116, 323, 323)} 

(1, 116, 323, 323)
This worker has ended successfully, no errors to report
preprocessing /exports/lkeb-hpc/smaijer/output/500/3d_lowres/panc_0082.nii.gz
using preprocessor GenericPreprocessor
before crop: (1, 226, 512, 512) after crop: (1, 226, 512, 512) spacing: [1.     0.9375 0.9375] 

no separate z, order 3
no separate z, order 1
before: {'spacing': array([1.    , 0.9375, 0.9375]), 'spacing_transposed': array([1.    , 0.9375, 0.9375]), 'data.shape (data is transposed)': (1, 226, 512, 512)} 
after:  {'spacing': array([1.7987096 , 1.54576606, 1.54576606]), 'data.shape (data is resampled)': (1, 126, 311, 311)} 

(1, 126, 311, 311)
This worker has ended successfully, no errors to report
force_separate_z: None interpolation order: 1
separate z: False lowres axis None
no separate z, order 1
force_separate_z: None interpolation order: 1
separate z: False lowres axis None
no separate z, order 1
force_separate_z: None interpolation order: 1
separate z: False lowres axis None
no separate z, order 1
predicting /exports/lkeb-hpc/smaijer/output/500/3d_lowres/panc_0080.nii.gz
debug: mirroring True mirror_axes (0, 1, 2)
step_size: 0.5
do mirror: True
data shape: (1, 101, 323, 323)
patch size: [ 80 192 160]
steps (x, y, and z): [[0, 21], [0, 66, 131], [0, 54, 109, 163]]
number of tiles: 24
computing Gaussian
done
prediction done
debug: mirroring True mirror_axes (0, 1, 2)
step_size: 0.5
do mirror: True
data shape: (1, 101, 323, 323)
patch size: [ 80 192 160]
steps (x, y, and z): [[0, 21], [0, 66, 131], [0, 54, 109, 163]]
number of tiles: 24
using precomputed Gaussian
prediction done
debug: mirroring True mirror_axes (0, 1, 2)
step_size: 0.5
do mirror: True
data shape: (1, 101, 323, 323)
patch size: [ 80 192 160]
steps (x, y, and z): [[0, 21], [0, 66, 131], [0, 54, 109, 163]]
number of tiles: 24
using precomputed Gaussian
prediction done
debug: mirroring True mirror_axes (0, 1, 2)
step_size: 0.5
do mirror: True
data shape: (1, 101, 323, 323)
patch size: [ 80 192 160]
steps (x, y, and z): [[0, 21], [0, 66, 131], [0, 54, 109, 163]]
number of tiles: 24
using precomputed Gaussian
prediction done
debug: mirroring True mirror_axes (0, 1, 2)
step_size: 0.5
do mirror: True
data shape: (1, 101, 323, 323)
patch size: [ 80 192 160]
steps (x, y, and z): [[0, 21], [0, 66, 131], [0, 54, 109, 163]]
number of tiles: 24
using precomputed Gaussian
prediction done
predicting /exports/lkeb-hpc/smaijer/output/500/3d_lowres/panc_0081.nii.gz
debug: mirroring True mirror_axes (0, 1, 2)
step_size: 0.5
do mirror: True
data shape: (1, 116, 323, 323)
patch size: [ 80 192 160]
steps (x, y, and z): [[0, 36], [0, 66, 131], [0, 54, 109, 163]]
number of tiles: 24
using precomputed Gaussian
prediction done
debug: mirroring True mirror_axes (0, 1, 2)
step_size: 0.5
do mirror: True
data shape: (1, 116, 323, 323)
patch size: [ 80 192 160]
steps (x, y, and z): [[0, 36], [0, 66, 131], [0, 54, 109, 163]]
number of tiles: 24
using precomputed Gaussian
prediction done
debug: mirroring True mirror_axes (0, 1, 2)
step_size: 0.5
do mirror: True
data shape: (1, 116, 323, 323)
patch size: [ 80 192 160]
steps (x, y, and z): [[0, 36], [0, 66, 131], [0, 54, 109, 163]]
number of tiles: 24
using precomputed Gaussian
prediction done
debug: mirroring True mirror_axes (0, 1, 2)
step_size: 0.5
do mirror: True
data shape: (1, 116, 323, 323)
patch size: [ 80 192 160]
steps (x, y, and z): [[0, 36], [0, 66, 131], [0, 54, 109, 163]]
number of tiles: 24
using precomputed Gaussian
prediction done
debug: mirroring True mirror_axes (0, 1, 2)
step_size: 0.5
do mirror: True
data shape: (1, 116, 323, 323)
patch size: [ 80 192 160]
steps (x, y, and z): [[0, 36], [0, 66, 131], [0, 54, 109, 163]]
number of tiles: 24
using precomputed Gaussian
prediction done
predicting /exports/lkeb-hpc/smaijer/output/500/3d_lowres/panc_0082.nii.gz
debug: mirroring True mirror_axes (0, 1, 2)
step_size: 0.5
do mirror: True
data shape: (1, 126, 311, 311)
patch size: [ 80 192 160]
steps (x, y, and z): [[0, 23, 46], [0, 60, 119], [0, 76, 151]]
number of tiles: 27
using precomputed Gaussian
prediction done
debug: mirroring True mirror_axes (0, 1, 2)
step_size: 0.5
do mirror: True
data shape: (1, 126, 311, 311)
patch size: [ 80 192 160]
steps (x, y, and z): [[0, 23, 46], [0, 60, 119], [0, 76, 151]]
number of tiles: 27
using precomputed Gaussian
prediction done
debug: mirroring True mirror_axes (0, 1, 2)
step_size: 0.5
do mirror: True
data shape: (1, 126, 311, 311)
patch size: [ 80 192 160]
steps (x, y, and z): [[0, 23, 46], [0, 60, 119], [0, 76, 151]]
number of tiles: 27
using precomputed Gaussian
prediction done
debug: mirroring True mirror_axes (0, 1, 2)
step_size: 0.5
do mirror: True
data shape: (1, 126, 311, 311)
patch size: [ 80 192 160]
steps (x, y, and z): [[0, 23, 46], [0, 60, 119], [0, 76, 151]]
number of tiles: 27
using precomputed Gaussian
prediction done
debug: mirroring True mirror_axes (0, 1, 2)
step_size: 0.5
do mirror: True
data shape: (1, 126, 311, 311)
patch size: [ 80 192 160]
steps (x, y, and z): [[0, 23, 46], [0, 60, 119], [0, 76, 151]]
number of tiles: 27
using precomputed Gaussian
prediction done
inference done. Now waiting for the segmentation export to finish...
WARNING! Cannot run postprocessing because the postprocessing file is missing. Make sure to run consolidate_folds in the output folder of the model first!
The folder you need to run this in is /exports/lkeb-hpc/smaijer/results/nnUNet/3d_lowres/Task500_NIH_Pancreas/nnUNetTrainerV2__nnUNetPlansv2.1
Program finished with exit code 0 at: Mon May  2 21:51:05 CEST 2022
