Starting at Mon Jun 20 01:18:20 CEST 2022
Running on hosts: res-hpc-lkeb07
Running on 1 nodes.
Running 1 tasks.
CPUs on node: 5.
Account: div2-lkeb
Job ID: 10580090
Job name: PancreasAll
Node running script: res-hpc-lkeb07
Submit host: res-hpc-lo02.researchlumc.nl
GPUS: 0 or 
Mon Jun 27 16:47:50 2022       
+-----------------------------------------------------------------------------+
| NVIDIA-SMI 470.82.01    Driver Version: 470.82.01    CUDA Version: 11.4     |
|-------------------------------+----------------------+----------------------+
| GPU  Name        Persistence-M| Bus-Id        Disp.A | Volatile Uncorr. ECC |
| Fan  Temp  Perf  Pwr:Usage/Cap|         Memory-Usage | GPU-Util  Compute M. |
|                               |                      |               MIG M. |
|===============================+======================+======================|
|   0  Quadro RTX 6000     Off  | 00000000:AF:00.0 Off |                  Off |
| 32%   32C    P0    52W / 260W |      0MiB / 24220MiB |      0%      Default |
|                               |                      |                  N/A |
+-------------------------------+----------------------+----------------------+
                                                                               
+-----------------------------------------------------------------------------+
| Processes:                                                                  |
|  GPU   GI   CI        PID   Type   Process name                  GPU Memory |
|        ID   ID                                                   Usage      |
|=============================================================================|
|  No running processes found                                                 |
+-----------------------------------------------------------------------------+
Current working directory is /home/smaijer
Load all modules..
Done with loading all modules. Modules:
Activate conda env nnunet..
Verifying environment variables:
Installing hidden layer and nnUnet..
Defaulting to user installation because normal site-packages is not writeable
Collecting hiddenlayer
  Cloning https://github.com/FabianIsensee/hiddenlayer.git (to revision more_plotted_details) to /tmp/pip-install-ir0a5v53/hiddenlayer_333086938eb6440198686904cc723041
  Resolved https://github.com/FabianIsensee/hiddenlayer.git to commit 4b98f9e5cccebac67368f02b95f4700b522345b1
  Preparing metadata (setup.py): started
  Preparing metadata (setup.py): finished with status 'done'
Building wheels for collected packages: hiddenlayer
  Building wheel for hiddenlayer (setup.py): started
  Building wheel for hiddenlayer (setup.py): finished with status 'done'
  Created wheel for hiddenlayer: filename=hiddenlayer-0.2-py3-none-any.whl size=19816 sha256=037ee29431f33d9f8f87251a4d99d9226b9c31f1ffc5609c5a978dea470c8722
  Stored in directory: /tmp/pip-ephem-wheel-cache-u146gvd1/wheels/ba/64/4b/a960398ddff6d8fdbd45a3daa618eacc7806502eae6b32407f
Successfully built hiddenlayer
Installing collected packages: hiddenlayer
Successfully installed hiddenlayer-0.2
Defaulting to user installation because normal site-packages is not writeable
Start preprocessing..
Done preprocessing! Start training all the folds..
Done training all the folds! Now start the same command but with continue option, to generate log files
Start postprocessing..
Done postprocessing! Now start inferencing its own train and test files.
Done inferencing! Now start the evaluation.
Program finished with exit code 0 at: Mon Jun 20 01:18:20 CEST 2022
