
Currently Loaded Modules:
  1) tools/miniconda/python3.8/4.9.2

 

WARNING: overwriting environment variables set in the machine
overwriting variable nnUNet_raw_data_base nnUNet_preprocessed RESULTS_FOLDER OUTPUT
  Running command git clone -q https://github.com/FabianIsensee/hiddenlayer.git /tmp/pip-install-su19pnam/hiddenlayer_f564070b02d64359ba3227ec5c6130b1
  Running command git checkout -b more_plotted_details --track origin/more_plotted_details
  Switched to a new branch 'more_plotted_details'
  Branch 'more_plotted_details' set up to track remote branch 'more_plotted_details' from 'origin'.
WARNING: Target directory /exports/lkeb-hpc/smaijer/envs/nn/lib/python3.9/site-packages/linecache2-1.0.0.dist-info already exists. Specify --upgrade to force replacement.
WARNING: Target directory /exports/lkeb-hpc/smaijer/envs/nn/lib/python3.9/site-packages/Pillow.libs already exists. Specify --upgrade to force replacement.
WARNING: Target directory /exports/lkeb-hpc/smaijer/envs/nn/lib/python3.9/site-packages/matplotlib already exists. Specify --upgrade to force replacement.
WARNING: Target directory /exports/lkeb-hpc/smaijer/envs/nn/lib/python3.9/site-packages/scipy-1.8.1.dist-info already exists. Specify --upgrade to force replacement.
WARNING: Target directory /exports/lkeb-hpc/smaijer/envs/nn/lib/python3.9/site-packages/numpy already exists. Specify --upgrade to force replacement.
WARNING: Target directory /exports/lkeb-hpc/smaijer/envs/nn/lib/python3.9/site-packages/python_dateutil-2.8.2.dist-info already exists. Specify --upgrade to force replacement.
WARNING: Target directory /exports/lkeb-hpc/smaijer/envs/nn/lib/python3.9/site-packages/distutils-precedence.pth already exists. Specify --upgrade to force replacement.
WARNING: Target directory /exports/lkeb-hpc/smaijer/envs/nn/lib/python3.9/site-packages/dicom2nifti-2.3.4.dist-info already exists. Specify --upgrade to force replacement.
WARNING: Target directory /exports/lkeb-hpc/smaijer/envs/nn/lib/python3.9/site-packages/einops already exists. Specify --upgrade to force replacement.
WARNING: Target directory /exports/lkeb-hpc/smaijer/envs/nn/lib/python3.9/site-packages/setuptools-62.6.0.dist-info already exists. Specify --upgrade to force replacement.
WARNING: Target directory /exports/lkeb-hpc/smaijer/envs/nn/lib/python3.9/site-packages/matplotlib-3.5.2-py3.9-nspkg.pth already exists. Specify --upgrade to force replacement.
WARNING: Target directory /exports/lkeb-hpc/smaijer/envs/nn/lib/python3.9/site-packages/sklearn already exists. Specify --upgrade to force replacement.
WARNING: Target directory /exports/lkeb-hpc/smaijer/envs/nn/lib/python3.9/site-packages/urllib3-1.26.9.dist-info already exists. Specify --upgrade to force replacement.
WARNING: Target directory /exports/lkeb-hpc/smaijer/envs/nn/lib/python3.9/site-packages/pytz-2022.1.dist-info already exists. Specify --upgrade to force replacement.
WARNING: Target directory /exports/lkeb-hpc/smaijer/envs/nn/lib/python3.9/site-packages/idna already exists. Specify --upgrade to force replacement.
WARNING: Target directory /exports/lkeb-hpc/smaijer/envs/nn/lib/python3.9/site-packages/__pycache__ already exists. Specify --upgrade to force replacement.
WARNING: Target directory /exports/lkeb-hpc/smaijer/envs/nn/lib/python3.9/site-packages/fontTools already exists. Specify --upgrade to force replacement.
WARNING: Target directory /exports/lkeb-hpc/smaijer/envs/nn/lib/python3.9/site-packages/SimpleITK already exists. Specify --upgrade to force replacement.
WARNING: Target directory /exports/lkeb-hpc/smaijer/envs/nn/lib/python3.9/site-packages/pydicom already exists. Specify --upgrade to force replacement.
WARNING: Target directory /exports/lkeb-hpc/smaijer/envs/nn/lib/python3.9/site-packages/charset_normalizer-2.0.12.dist-info already exists. Specify --upgrade to force replacement.
WARNING: Target directory /exports/lkeb-hpc/smaijer/envs/nn/lib/python3.9/site-packages/threadpoolctl-3.1.0.dist-info already exists. Specify --upgrade to force replacement.
WARNING: Target directory /exports/lkeb-hpc/smaijer/envs/nn/lib/python3.9/site-packages/nibabel already exists. Specify --upgrade to force replacement.
WARNING: Target directory /exports/lkeb-hpc/smaijer/envs/nn/lib/python3.9/site-packages/imageio already exists. Specify --upgrade to force replacement.
WARNING: Target directory /exports/lkeb-hpc/smaijer/envs/nn/lib/python3.9/site-packages/certifi-2022.6.15.dist-info already exists. Specify --upgrade to force replacement.
WARNING: Target directory /exports/lkeb-hpc/smaijer/envs/nn/lib/python3.9/site-packages/pandas-1.4.3.dist-info already exists. Specify --upgrade to force replacement.
WARNING: Target directory /exports/lkeb-hpc/smaijer/envs/nn/lib/python3.9/site-packages/batchgenerators already exists. Specify --upgrade to force replacement.
WARNING: Target directory /exports/lkeb-hpc/smaijer/envs/nn/lib/python3.9/site-packages/linecache2 already exists. Specify --upgrade to force replacement.
WARNING: Target directory /exports/lkeb-hpc/smaijer/envs/nn/lib/python3.9/site-packages/torch-1.11.0.dist-info already exists. Specify --upgrade to force replacement.
WARNING: Target directory /exports/lkeb-hpc/smaijer/envs/nn/lib/python3.9/site-packages/cycler-0.11.0.dist-info already exists. Specify --upgrade to force replacement.
WARNING: Target directory /exports/lkeb-hpc/smaijer/envs/nn/lib/python3.9/site-packages/libpasteurize already exists. Specify --upgrade to force replacement.
WARNING: Target directory /exports/lkeb-hpc/smaijer/envs/nn/lib/python3.9/site-packages/typing_extensions-4.2.0.dist-info already exists. Specify --upgrade to force replacement.
WARNING: Target directory /exports/lkeb-hpc/smaijer/envs/nn/lib/python3.9/site-packages/traceback2-1.4.0.dist-info already exists. Specify --upgrade to force replacement.
WARNING: Target directory /exports/lkeb-hpc/smaijer/envs/nn/lib/python3.9/site-packages/caffe2 already exists. Specify --upgrade to force replacement.
WARNING: Target directory /exports/lkeb-hpc/smaijer/envs/nn/lib/python3.9/site-packages/pydicom-2.3.0.dist-info already exists. Specify --upgrade to force replacement.
WARNING: Target directory /exports/lkeb-hpc/smaijer/envs/nn/lib/python3.9/site-packages/nisext already exists. Specify --upgrade to force replacement.
WARNING: Target directory /exports/lkeb-hpc/smaijer/envs/nn/lib/python3.9/site-packages/tifffile-2022.5.4.dist-info already exists. Specify --upgrade to force replacement.
WARNING: Target directory /exports/lkeb-hpc/smaijer/envs/nn/lib/python3.9/site-packages/joblib-1.1.0.dist-info already exists. Specify --upgrade to force replacement.
WARNING: Target directory /exports/lkeb-hpc/smaijer/envs/nn/lib/python3.9/site-packages/scikit_image-0.19.3.dist-info already exists. Specify --upgrade to force replacement.
WARNING: Target directory /exports/lkeb-hpc/smaijer/envs/nn/lib/python3.9/site-packages/pyparsing-3.0.9.dist-info already exists. Specify --upgrade to force replacement.
WARNING: Target directory /exports/lkeb-hpc/smaijer/envs/nn/lib/python3.9/site-packages/einops-0.4.1.dist-info already exists. Specify --upgrade to force replacement.
WARNING: Target directory /exports/lkeb-hpc/smaijer/envs/nn/lib/python3.9/site-packages/fonttools-4.33.3.dist-info already exists. Specify --upgrade to force replacement.
WARNING: Target directory /exports/lkeb-hpc/smaijer/envs/nn/lib/python3.9/site-packages/numpy.libs already exists. Specify --upgrade to force replacement.
WARNING: Target directory /exports/lkeb-hpc/smaijer/envs/nn/lib/python3.9/site-packages/scipy already exists. Specify --upgrade to force replacement.
WARNING: Target directory /exports/lkeb-hpc/smaijer/envs/nn/lib/python3.9/site-packages/pyparsing already exists. Specify --upgrade to force replacement.
WARNING: Target directory /exports/lkeb-hpc/smaijer/envs/nn/lib/python3.9/site-packages/six.py already exists. Specify --upgrade to force replacement.
WARNING: Target directory /exports/lkeb-hpc/smaijer/envs/nn/lib/python3.9/site-packages/skimage already exists. Specify --upgrade to force replacement.
WARNING: Target directory /exports/lkeb-hpc/smaijer/envs/nn/lib/python3.9/site-packages/joblib already exists. Specify --upgrade to force replacement.
WARNING: Target directory /exports/lkeb-hpc/smaijer/envs/nn/lib/python3.9/site-packages/sklearn-0.0.dist-info already exists. Specify --upgrade to force replacement.
WARNING: Target directory /exports/lkeb-hpc/smaijer/envs/nn/lib/python3.9/site-packages/urllib3 already exists. Specify --upgrade to force replacement.
WARNING: Target directory /exports/lkeb-hpc/smaijer/envs/nn/lib/python3.9/site-packages/nibabel-4.0.1.dist-info already exists. Specify --upgrade to force replacement.
WARNING: Target directory /exports/lkeb-hpc/smaijer/envs/nn/lib/python3.9/site-packages/torch already exists. Specify --upgrade to force replacement.
WARNING: Target directory /exports/lkeb-hpc/smaijer/envs/nn/lib/python3.9/site-packages/monai-0.9.0.dist-info already exists. Specify --upgrade to force replacement.
WARNING: Target directory /exports/lkeb-hpc/smaijer/envs/nn/lib/python3.9/site-packages/_distutils_hack already exists. Specify --upgrade to force replacement.
WARNING: Target directory /exports/lkeb-hpc/smaijer/envs/nn/lib/python3.9/site-packages/MedPy-0.4.0.dist-info already exists. Specify --upgrade to force replacement.
WARNING: Target directory /exports/lkeb-hpc/smaijer/envs/nn/lib/python3.9/site-packages/pandas already exists. Specify --upgrade to force replacement.
WARNING: Target directory /exports/lkeb-hpc/smaijer/envs/nn/lib/python3.9/site-packages/future already exists. Specify --upgrade to force replacement.
WARNING: Target directory /exports/lkeb-hpc/smaijer/envs/nn/lib/python3.9/site-packages/imageio-2.19.3.dist-info already exists. Specify --upgrade to force replacement.
WARNING: Target directory /exports/lkeb-hpc/smaijer/envs/nn/lib/python3.9/site-packages/networkx already exists. Specify --upgrade to force replacement.
WARNING: Target directory /exports/lkeb-hpc/smaijer/envs/nn/lib/python3.9/site-packages/cycler.py already exists. Specify --upgrade to force replacement.
WARNING: Target directory /exports/lkeb-hpc/smaijer/envs/nn/lib/python3.9/site-packages/argparse-1.4.0.dist-info already exists. Specify --upgrade to force replacement.
WARNING: Target directory /exports/lkeb-hpc/smaijer/envs/nn/lib/python3.9/site-packages/unittest2 already exists. Specify --upgrade to force replacement.
WARNING: Target directory /exports/lkeb-hpc/smaijer/envs/nn/lib/python3.9/site-packages/pytz already exists. Specify --upgrade to force replacement.
WARNING: Target directory /exports/lkeb-hpc/smaijer/envs/nn/lib/python3.9/site-packages/dicom2nifti already exists. Specify --upgrade to force replacement.
WARNING: Target directory /exports/lkeb-hpc/smaijer/envs/nn/lib/python3.9/site-packages/tifffile already exists. Specify --upgrade to force replacement.
WARNING: Target directory /exports/lkeb-hpc/smaijer/envs/nn/lib/python3.9/site-packages/monai already exists. Specify --upgrade to force replacement.
WARNING: Target directory /exports/lkeb-hpc/smaijer/envs/nn/lib/python3.9/site-packages/scikit_learn.libs already exists. Specify --upgrade to force replacement.
WARNING: Target directory /exports/lkeb-hpc/smaijer/envs/nn/lib/python3.9/site-packages/idna-3.3.dist-info already exists. Specify --upgrade to force replacement.
WARNING: Target directory /exports/lkeb-hpc/smaijer/envs/nn/lib/python3.9/site-packages/matplotlib-3.5.2.dist-info already exists. Specify --upgrade to force replacement.
WARNING: Target directory /exports/lkeb-hpc/smaijer/envs/nn/lib/python3.9/site-packages/packaging already exists. Specify --upgrade to force replacement.
WARNING: Target directory /exports/lkeb-hpc/smaijer/envs/nn/lib/python3.9/site-packages/dateutil already exists. Specify --upgrade to force replacement.
WARNING: Target directory /exports/lkeb-hpc/smaijer/envs/nn/lib/python3.9/site-packages/scipy.libs already exists. Specify --upgrade to force replacement.
WARNING: Target directory /exports/lkeb-hpc/smaijer/envs/nn/lib/python3.9/site-packages/requests-2.28.0.dist-info already exists. Specify --upgrade to force replacement.
WARNING: Target directory /exports/lkeb-hpc/smaijer/envs/nn/lib/python3.9/site-packages/scikit_image.libs already exists. Specify --upgrade to force replacement.
WARNING: Target directory /exports/lkeb-hpc/smaijer/envs/nn/lib/python3.9/site-packages/networkx-2.8.4.dist-info already exists. Specify --upgrade to force replacement.
WARNING: Target directory /exports/lkeb-hpc/smaijer/envs/nn/lib/python3.9/site-packages/pylab.py already exists. Specify --upgrade to force replacement.
WARNING: Target directory /exports/lkeb-hpc/smaijer/envs/nn/lib/python3.9/site-packages/Pillow-9.1.1.dist-info already exists. Specify --upgrade to force replacement.
WARNING: Target directory /exports/lkeb-hpc/smaijer/envs/nn/lib/python3.9/site-packages/argparse.py already exists. Specify --upgrade to force replacement.
WARNING: Target directory /exports/lkeb-hpc/smaijer/envs/nn/lib/python3.9/site-packages/doc already exists. Specify --upgrade to force replacement.
WARNING: Target directory /exports/lkeb-hpc/smaijer/envs/nn/lib/python3.9/site-packages/setuptools already exists. Specify --upgrade to force replacement.
WARNING: Target directory /exports/lkeb-hpc/smaijer/envs/nn/lib/python3.9/site-packages/libfuturize already exists. Specify --upgrade to force replacement.
WARNING: Target directory /exports/lkeb-hpc/smaijer/envs/nn/lib/python3.9/site-packages/past already exists. Specify --upgrade to force replacement.
WARNING: Target directory /exports/lkeb-hpc/smaijer/envs/nn/lib/python3.9/site-packages/tqdm-4.64.0.dist-info already exists. Specify --upgrade to force replacement.
WARNING: Target directory /exports/lkeb-hpc/smaijer/envs/nn/lib/python3.9/site-packages/medpy already exists. Specify --upgrade to force replacement.
WARNING: Target directory /exports/lkeb-hpc/smaijer/envs/nn/lib/python3.9/site-packages/pywt already exists. Specify --upgrade to force replacement.
WARNING: Target directory /exports/lkeb-hpc/smaijer/envs/nn/lib/python3.9/site-packages/PIL already exists. Specify --upgrade to force replacement.
WARNING: Target directory /exports/lkeb-hpc/smaijer/envs/nn/lib/python3.9/site-packages/typing_extensions.py already exists. Specify --upgrade to force replacement.
WARNING: Target directory /exports/lkeb-hpc/smaijer/envs/nn/lib/python3.9/site-packages/numpy-1.23.0.dist-info already exists. Specify --upgrade to force replacement.
WARNING: Target directory /exports/lkeb-hpc/smaijer/envs/nn/lib/python3.9/site-packages/tqdm already exists. Specify --upgrade to force replacement.
WARNING: Target directory /exports/lkeb-hpc/smaijer/envs/nn/lib/python3.9/site-packages/mpl_toolkits already exists. Specify --upgrade to force replacement.
WARNING: Target directory /exports/lkeb-hpc/smaijer/envs/nn/lib/python3.9/site-packages/charset_normalizer already exists. Specify --upgrade to force replacement.
WARNING: Target directory /exports/lkeb-hpc/smaijer/envs/nn/lib/python3.9/site-packages/future-0.18.2.dist-info already exists. Specify --upgrade to force replacement.
WARNING: Target directory /exports/lkeb-hpc/smaijer/envs/nn/lib/python3.9/site-packages/six-1.16.0.dist-info already exists. Specify --upgrade to force replacement.
WARNING: Target directory /exports/lkeb-hpc/smaijer/envs/nn/lib/python3.9/site-packages/PyWavelets-1.3.0.dist-info already exists. Specify --upgrade to force replacement.
WARNING: Target directory /exports/lkeb-hpc/smaijer/envs/nn/lib/python3.9/site-packages/packaging-21.3.dist-info already exists. Specify --upgrade to force replacement.
WARNING: Target directory /exports/lkeb-hpc/smaijer/envs/nn/lib/python3.9/site-packages/unittest2-1.1.0.dist-info already exists. Specify --upgrade to force replacement.
WARNING: Target directory /exports/lkeb-hpc/smaijer/envs/nn/lib/python3.9/site-packages/requests already exists. Specify --upgrade to force replacement.
WARNING: Target directory /exports/lkeb-hpc/smaijer/envs/nn/lib/python3.9/site-packages/scikit_learn-1.1.1.dist-info already exists. Specify --upgrade to force replacement.
WARNING: Target directory /exports/lkeb-hpc/smaijer/envs/nn/lib/python3.9/site-packages/traceback2 already exists. Specify --upgrade to force replacement.
WARNING: Target directory /exports/lkeb-hpc/smaijer/envs/nn/lib/python3.9/site-packages/kiwisolver-1.4.3.dist-info already exists. Specify --upgrade to force replacement.
WARNING: Target directory /exports/lkeb-hpc/smaijer/envs/nn/lib/python3.9/site-packages/threadpoolctl.py already exists. Specify --upgrade to force replacement.
WARNING: Target directory /exports/lkeb-hpc/smaijer/envs/nn/lib/python3.9/site-packages/certifi already exists. Specify --upgrade to force replacement.
WARNING: Target directory /exports/lkeb-hpc/smaijer/envs/nn/lib/python3.9/site-packages/SimpleITK-2.1.1.2.dist-info already exists. Specify --upgrade to force replacement.
WARNING: Target directory /exports/lkeb-hpc/smaijer/envs/nn/lib/python3.9/site-packages/kiwisolver already exists. Specify --upgrade to force replacement.
WARNING: Target directory /exports/lkeb-hpc/smaijer/envs/nn/lib/python3.9/site-packages/pkg_resources already exists. Specify --upgrade to force replacement.
WARNING: Target directory /exports/lkeb-hpc/smaijer/envs/nn/lib/python3.9/site-packages/batchgenerators-0.24.dist-info already exists. Specify --upgrade to force replacement.
WARNING: Target directory /exports/lkeb-hpc/smaijer/envs/nn/lib/python3.9/site-packages/nnUNet_find_best_configuration already exists. Specify --upgrade to force replacement.
WARNING: Target directory /exports/lkeb-hpc/smaijer/envs/nn/lib/python3.9/site-packages/nnUNet_plan_and_preprocess already exists. Specify --upgrade to force replacement.
WARNING: Target directory /exports/lkeb-hpc/smaijer/envs/nn/lib/python3.9/site-packages/nnUNet_evaluate_folder already exists. Specify --upgrade to force replacement.
WARNING: Target directory /exports/lkeb-hpc/smaijer/envs/nn/lib/python3.9/site-packages/nnUNet_train_DP already exists. Specify --upgrade to force replacement.
WARNING: Target directory /exports/lkeb-hpc/smaijer/envs/nn/lib/python3.9/site-packages/nnUNet_download_pretrained_model_by_url already exists. Specify --upgrade to force replacement.
WARNING: Target directory /exports/lkeb-hpc/smaijer/envs/nn/lib/python3.9/site-packages/nnUNet_print_available_pretrained_models already exists. Specify --upgrade to force replacement.
WARNING: Target directory /exports/lkeb-hpc/smaijer/envs/nn/lib/python3.9/site-packages/nnUNet_determine_postprocessing already exists. Specify --upgrade to force replacement.
WARNING: Target directory /exports/lkeb-hpc/smaijer/envs/nn/lib/python3.9/site-packages/nnUNet_train_DDP already exists. Specify --upgrade to force replacement.
WARNING: Target directory /exports/lkeb-hpc/smaijer/envs/nn/lib/python3.9/site-packages/nnUNet_change_trainer_class already exists. Specify --upgrade to force replacement.
WARNING: Target directory /exports/lkeb-hpc/smaijer/envs/nn/lib/python3.9/site-packages/share already exists. Specify --upgrade to force replacement.
WARNING: Target directory /exports/lkeb-hpc/smaijer/envs/nn/lib/python3.9/site-packages/nnUNet_download_pretrained_model already exists. Specify --upgrade to force replacement.
WARNING: Target directory /exports/lkeb-hpc/smaijer/envs/nn/lib/python3.9/site-packages/nnUNet_convert_decathlon_task already exists. Specify --upgrade to force replacement.
WARNING: Target directory /exports/lkeb-hpc/smaijer/envs/nn/lib/python3.9/site-packages/nnUNet_export_model_to_zip already exists. Specify --upgrade to force replacement.
WARNING: Target directory /exports/lkeb-hpc/smaijer/envs/nn/lib/python3.9/site-packages/bin already exists. Specify --upgrade to force replacement.
WARNING: Target directory /exports/lkeb-hpc/smaijer/envs/nn/lib/python3.9/site-packages/nnUNet_print_pretrained_model_info already exists. Specify --upgrade to force replacement.
WARNING: Target directory /exports/lkeb-hpc/smaijer/envs/nn/lib/python3.9/site-packages/nnUNet_train already exists. Specify --upgrade to force replacement.
WARNING: Target directory /exports/lkeb-hpc/smaijer/envs/nn/lib/python3.9/site-packages/nnunet.egg-link already exists. Specify --upgrade to force replacement.
WARNING: Target directory /exports/lkeb-hpc/smaijer/envs/nn/lib/python3.9/site-packages/nnUNet_plot_task_pngs already exists. Specify --upgrade to force replacement.
WARNING: Target directory /exports/lkeb-hpc/smaijer/envs/nn/lib/python3.9/site-packages/nnUNet_predict already exists. Specify --upgrade to force replacement.
WARNING: Target directory /exports/lkeb-hpc/smaijer/envs/nn/lib/python3.9/site-packages/nnUNet_ensemble already exists. Specify --upgrade to force replacement.
WARNING: Target directory /exports/lkeb-hpc/smaijer/envs/nn/lib/python3.9/site-packages/nnUNet_install_pretrained_model_from_zip already exists. Specify --upgrade to force replacement.
Traceback (most recent call last):
  File "/exports/lkeb-hpc/smaijer/envs/nn/bin/nnUNet_train", line 33, in <module>
    sys.exit(load_entry_point('nnunet==1.7.0', 'console_scripts', 'nnUNet_train')())
  File "/exports/lkeb-hpc/smaijer/envs/nn/bin/nnUNet_train", line 25, in importlib_load_entry_point
    return next(matches).load()
  File "/exports/lkeb-hpc/smaijer/envs/nn/lib/python3.9/importlib/metadata.py", line 86, in load
    module = import_module(match.group('module'))
  File "/exports/lkeb-hpc/smaijer/envs/nn/lib/python3.9/importlib/__init__.py", line 127, in import_module
    return _bootstrap._gcd_import(name[level:], package, level)
  File "<frozen importlib._bootstrap>", line 1030, in _gcd_import
  File "<frozen importlib._bootstrap>", line 1007, in _find_and_load
  File "<frozen importlib._bootstrap>", line 986, in _find_and_load_unlocked
  File "<frozen importlib._bootstrap>", line 680, in _load_unlocked
  File "<frozen importlib._bootstrap_external>", line 850, in exec_module
  File "<frozen importlib._bootstrap>", line 228, in _call_with_frames_removed
  File "/exports/lkeb-hpc/smaijer/envs/nn/lib/python3.9/site-packages/nnunet-1.7.0-py3.9.egg/nnunet/run/run_training.py", line 18, in <module>
    from nnunet.run.default_configuration import get_default_configuration
  File "/exports/lkeb-hpc/smaijer/envs/nn/lib/python3.9/site-packages/nnunet-1.7.0-py3.9.egg/nnunet/run/default_configuration.py", line 20, in <module>
    from nnunet.training.model_restore import recursive_find_python_class
  File "/exports/lkeb-hpc/smaijer/envs/nn/lib/python3.9/site-packages/nnunet-1.7.0-py3.9.egg/nnunet/training/model_restore.py", line 20, in <module>
    from nnunet.training.network_training.nnUNetTrainer import nnUNetTrainer
  File "/exports/lkeb-hpc/smaijer/envs/nn/lib/python3.9/site-packages/nnunet-1.7.0-py3.9.egg/nnunet/training/network_training/nnUNetTrainer.py", line 32, in <module>
    from nnunet.inference.segmentation_export import save_segmentation_nifti_from_softmax
  File "/exports/lkeb-hpc/smaijer/envs/nn/lib/python3.9/site-packages/nnunet-1.7.0-py3.9.egg/nnunet/inference/segmentation_export.py", line 22, in <module>
    from batchgenerators.augmentations.utils import resize_segmentation
  File "/exports/lkeb-hpc/smaijer/envs/nn/lib/python3.9/site-packages/batchgenerators/augmentations/utils.py", line 22, in <module>
    from skimage.transform import resize
  File "/exports/lkeb-hpc/smaijer/envs/nn/lib/python3.9/site-packages/skimage/transform/__init__.py", line 1, in <module>
    from .hough_transform import (hough_line, hough_line_peaks,
  File "/exports/lkeb-hpc/smaijer/envs/nn/lib/python3.9/site-packages/skimage/transform/hough_transform.py", line 4, in <module>
    from ._hough_transform import _hough_circle, _hough_ellipse, _hough_line
  File "skimage/transform/_hough_transform.pyx", line 13, in init skimage.transform._hough_transform
ModuleNotFoundError: No module named 'skimage.draw'
slurmstepd: error: *** JOB 10579499 ON res-hpc-lkeb06 CANCELLED AT 2022-06-27T09:55:38 ***
