
Currently Loaded Modules:
  1) tools/miniconda/python3.8/4.9.2

 

Could not find conda environment: nn
You can list all discoverable environments with `conda info --envs`.

  Running command git clone --filter=blob:none --quiet https://github.com/FabianIsensee/hiddenlayer.git /tmp/pip-install-ir0a5v53/hiddenlayer_333086938eb6440198686904cc723041
  Running command git checkout -b more_plotted_details --track origin/more_plotted_details
  Switched to a new branch 'more_plotted_details'
  Branch 'more_plotted_details' set up to track remote branch 'more_plotted_details' from 'origin'.
WARNING: You are using pip version 22.0.4; however, version 22.1.2 is available.
You should consider upgrading via the '/share/software/tools/miniconda/3.8/4.9.2/bin/python -m pip install --upgrade pip' command.
ERROR: /home/smaijer/nnUNet is not a valid editable requirement. It should either be a path to a local project or a VCS URL (beginning with bzr+http, bzr+https, bzr+ssh, bzr+sftp, bzr+ftp, bzr+lp, bzr+file, git+http, git+https, git+ssh, git+git, git+file, hg+file, hg+http, hg+https, hg+ssh, hg+static-http, svn+ssh, svn+http, svn+https, svn+svn, svn+file).
WARNING: You are using pip version 22.0.4; however, version 22.1.2 is available.
You should consider upgrading via the '/share/software/tools/miniconda/3.8/4.9.2/bin/python -m pip install --upgrade pip' command.
/var/spool/slurmd/job10580090/slurm_script: line 47: nnUNet_train: command not found
/var/spool/slurmd/job10580090/slurm_script: line 48: nnUNet_train: command not found
/var/spool/slurmd/job10580090/slurm_script: line 49: nnUNet_train: command not found
/var/spool/slurmd/job10580090/slurm_script: line 50: nnUNet_train: command not found
/var/spool/slurmd/job10580090/slurm_script: line 51: nnUNet_train: command not found
/var/spool/slurmd/job10580090/slurm_script: line 54: nnUNet_train: command not found
/var/spool/slurmd/job10580090/slurm_script: line 55: nnUNet_train: command not found
/var/spool/slurmd/job10580090/slurm_script: line 56: nnUNet_train: command not found
/var/spool/slurmd/job10580090/slurm_script: line 57: nnUNet_train: command not found
/var/spool/slurmd/job10580090/slurm_script: line 58: nnUNet_train: command not found
/var/spool/slurmd/job10580090/slurm_script: line 61: nnUNet_determine_postprocessing: command not found
/var/spool/slurmd/job10580090/slurm_script: line 66: nnUNet_predict: command not found
/var/spool/slurmd/job10580090/slurm_script: line 67: nnUNet_predict: command not found
/var/spool/slurmd/job10580090/slurm_script: line 70: nnUNet_evaluate_folder: command not found
/var/spool/slurmd/job10580090/slurm_script: line 71: nnUNet_evaluate_folder: command not found
