Starting at Mon Jun 20 01:18:20 CEST 2022
Running on hosts: res-hpc-lkeb07
Running on 1 nodes.
Running 1 tasks.
CPUs on node: 5.
Account: div2-lkeb
Job ID: 10580169
Job name: PancreasAll
Node running script: res-hpc-lkeb07
Submit host: res-hpc-lo02.researchlumc.nl
GPUS: 0 or 
Mon Jun 27 17:25:31 2022       
+-----------------------------------------------------------------------------+
| NVIDIA-SMI 470.82.01    Driver Version: 470.82.01    CUDA Version: 11.4     |
|-------------------------------+----------------------+----------------------+
| GPU  Name        Persistence-M| Bus-Id        Disp.A | Volatile Uncorr. ECC |
| Fan  Temp  Perf  Pwr:Usage/Cap|         Memory-Usage | GPU-Util  Compute M. |
|                               |                      |               MIG M. |
|===============================+======================+======================|
|   0  Quadro RTX 6000     Off  | 00000000:AF:00.0 Off |                  Off |
| 32%   32C    P0    53W / 260W |      0MiB / 24220MiB |      0%      Default |
|                               |                      |                  N/A |
+-------------------------------+----------------------+----------------------+
                                                                               
+-----------------------------------------------------------------------------+
| Processes:                                                                  |
|  GPU   GI   CI        PID   Type   Process name                  GPU Memory |
|        ID   ID                                                   Usage      |
|=============================================================================|
|  No running processes found                                                 |
+-----------------------------------------------------------------------------+
Current working directory is /home/smaijer
Load all modules..
Done with loading all modules. Modules:
Activate conda env nnunet..
Verifying environment variables:
Installing hidden layer and nnUnet..
Defaulting to user installation because normal site-packages is not writeable
Collecting hiddenlayer
  Cloning https://github.com/FabianIsensee/hiddenlayer.git (to revision more_plotted_details) to /tmp/pip-install-c_09zq32/hiddenlayer_c757f65113b54fc2bcae881d21fac288
  Resolved https://github.com/FabianIsensee/hiddenlayer.git to commit 4b98f9e5cccebac67368f02b95f4700b522345b1
  Preparing metadata (setup.py): started
  Preparing metadata (setup.py): finished with status 'done'
Defaulting to user installation because normal site-packages is not writeable
Start preprocessing..
Done preprocessing! Start training all the folds..
Done training all the folds! Now start the same command but with continue option, to generate log files
Start postprocessing..
Done postprocessing! Now start inferencing its own train and test files.
Done inferencing! Now start the evaluation.
Program finished with exit code 0 at: Mon Jun 20 01:18:20 CEST 2022
