Starting at Tue Jul  5 19:07:48 CEST 2022
Running on hosts: res-hpc-lkeb08
Running on 1 nodes.
Running 1 tasks.
CPUs on node: 6.
Account: div2-lkeb
Job ID: 10621827
Job name: PancreasDeterminePostprocess
Node running script: res-hpc-lkeb08
Submit host: res-hpc-lo02.researchlumc.nl
GPUS: 0 or 
Tue Jul  5 19:27:03 2022       
+-----------------------------------------------------------------------------+
| NVIDIA-SMI 470.103.01   Driver Version: 470.103.01   CUDA Version: 11.4     |
|-------------------------------+----------------------+----------------------+
| GPU  Name        Persistence-M| Bus-Id        Disp.A | Volatile Uncorr. ECC |
| Fan  Temp  Perf  Pwr:Usage/Cap|         Memory-Usage | GPU-Util  Compute M. |
|                               |                      |               MIG M. |
|===============================+======================+======================|
|   0  NVIDIA RTX A6000    On   | 00000000:3B:00.0 Off |                  Off |
| 30%   25C    P8     6W / 300W |      0MiB / 48685MiB |      0%      Default |
|                               |                      |                  N/A |
+-------------------------------+----------------------+----------------------+
                                                                               
+-----------------------------------------------------------------------------+
| Processes:                                                                  |
|  GPU   GI   CI        PID   Type   Process name                  GPU Memory |
|        ID   ID                                                   Usage      |
|=============================================================================|
|  No running processes found                                                 |
+-----------------------------------------------------------------------------+
Current working directory is /home/smaijer
Load all modules..
Done with loading all modules. Modules:
Activate conda env nnunet..
Verifying environment variables:
Installing hidden layer and nnUnet..
Collecting hiddenlayer
  Cloning https://github.com/FabianIsensee/hiddenlayer.git (to revision more_plotted_details) to /tmp/pip-install-_ixxlpq2/hiddenlayer_8fac0e40aacb490aac46510b393a4597
  Resolved https://github.com/FabianIsensee/hiddenlayer.git to commit 4b98f9e5cccebac67368f02b95f4700b522345b1


Please cite the following paper when using nnUNet:

Isensee, F., Jaeger, P.F., Kohl, S.A.A. et al. "nnU-Net: a self-configuring method for deep learning-based biomedical image segmentation." Nat Methods (2020). https://doi.org/10.1038/s41592-020-01008-z


If you have questions or suggestions, feel free to open an issue at https://github.com/MIC-DKFZ/nnUNet

Foreground vs background
before: 0.7947128996557054
after:  0.6491903175367532
1
before: 0.91948310158692
after:  0.9262527555257816
Removing all but the largest region for class 1 improved results!
min_valid_object_sizes None
10
before: 0.7358959266696158
after:  0.729553724579727
11
before: 0.7021903679469634
after:  0.7075995221733795
Removing all but the largest region for class 11 improved results!
min_valid_object_sizes None
12
before: 0.6831855073054458
after:  0.6899058308338631
Removing all but the largest region for class 12 improved results!
min_valid_object_sizes None
13
before: 0.6349999512283278
after:  0.6349531242212899
14
before: 0.7727602051531234
after:  0.7786204903423987
Removing all but the largest region for class 14 improved results!
min_valid_object_sizes None
15
before: 0.7302802880085709
after:  0.7463867689896477
Removing all but the largest region for class 15 improved results!
min_valid_object_sizes None
2
before: 0.9137998461350637
after:  0.9277081486466546
Removing all but the largest region for class 2 improved results!
min_valid_object_sizes None
3
before: 0.9014026520706457
after:  0.9134567228609468
Removing all but the largest region for class 3 improved results!
min_valid_object_sizes None
4
before: 0.7071911806638174
after:  0.7117745689733763
Removing all but the largest region for class 4 improved results!
min_valid_object_sizes None
5
before: 0.732847089293471
after:  0.7245844304588822
6
before: 0.9454632204909693
after:  0.9468853913837527
Removing all but the largest region for class 6 improved results!
min_valid_object_sizes None
7
before: 0.7912161409513192
after:  0.7952897521562405
Removing all but the largest region for class 7 improved results!
min_valid_object_sizes None
8
before: 0.9142982822400587
after:  0.9155705614486965
Removing all but the largest region for class 8 improved results!
min_valid_object_sizes None
9
before: 0.8356797350912679
after:  0.8360224265566399
Removing all but the largest region for class 9 improved results!
min_valid_object_sizes None
done
for which classes:
[1, 11, 12, 14, 15, 2, 3, 4, 6, 7, 8, 9]
min_object_sizes
None
done
Program finished with exit code 0 at: Tue Jul  5 19:07:48 CEST 2022
