environment: line 17: /usr/share/lmod/lmod/libexec/lmod: No such file or directory
environment: line 17: /usr/share/lmod/lmod/libexec/lmod: No such file or directory
environment: line 17: /usr/share/lmod/lmod/libexec/lmod: No such file or directory
/var/spool/slurmd/job11058359/slurm_script: line 38: conda: command not found
  Running command git clone -q https://github.com/FabianIsensee/hiddenlayer.git /tmp/pip-install-p21g1du4/hiddenlayer_a1e48184b629484d9dd9d8a5f75fd0f6
  Running command git checkout -b more_plotted_details --track origin/more_plotted_details
  Switched to a new branch 'more_plotted_details'
  Branch 'more_plotted_details' set up to track remote branch 'more_plotted_details' from 'origin'.
WARNING: You are using pip version 21.2.4; however, version 22.2 is available.
You should consider upgrading via the '/exports/lkeb-hpc/smaijer/venv_environments/pancreasThesis/bin/python -m pip install --upgrade pip' command.
ERROR: ditable is not a valid editable requirement. It should either be a path to a local project or a VCS URL (beginning with bzr+http, bzr+https, bzr+ssh, bzr+sftp, bzr+ftp, bzr+lp, bzr+file, git+http, git+https, git+ssh, git+git, git+file, hg+file, hg+http, hg+https, hg+ssh, hg+static-http, svn+ssh, svn+http, svn+https, svn+svn, svn+file).
WARNING: You are using pip version 21.2.4; however, version 22.2 is available.
You should consider upgrading via the '/exports/lkeb-hpc/smaijer/venv_environments/pancreasThesis/bin/python -m pip install --upgrade pip' command.
/var/spool/slurmd/job11058359/slurm_script: line 45: [: ==: unary operator expected
Exception in thread Thread-5 (results_loop):
Traceback (most recent call last):
  File "/share/software/system/python/3.10.2/lib/python3.10/threading.py", line 1009, in _bootstrap_inner
    self.run()
  File "/share/software/system/python/3.10.2/lib/python3.10/threading.py", line 946, in run
Exception in thread Thread-4 (results_loop):
Traceback (most recent call last):
  File "/share/software/system/python/3.10.2/lib/python3.10/threading.py", line 1009, in _bootstrap_inner
    self._target(*self._args, **self._kwargs)
  File "/exports/lkeb-hpc/smaijer/venv_environments/pancreasThesis/lib/python3.10/site-packages/batchgenerators/dataloading/multi_threaded_augmenter.py", line 92, in results_loop
    self.run()
  File "/share/software/system/python/3.10.2/lib/python3.10/threading.py", line 946, in run
    self._target(*self._args, **self._kwargs)
  File "/exports/lkeb-hpc/smaijer/venv_environments/pancreasThesis/lib/python3.10/site-packages/batchgenerators/dataloading/multi_threaded_augmenter.py", line 92, in results_loop
    raise RuntimeError("Abort event was set. So someone died and we should end this madness. \nIMPORTANT: "
RuntimeError: Abort event was set. So someone died and we should end this madness. 
IMPORTANT: This is not the actual error message! Look further up to see what caused the error. Please also check whether your RAM was full
    raise RuntimeError("Abort event was set. So someone died and we should end this madness. \nIMPORTANT: "
RuntimeError: Abort event was set. So someone died and we should end this madness. 
IMPORTANT: This is not the actual error message! Look further up to see what caused the error. Please also check whether your RAM was full
Exception in thread Thread-4 (results_loop):
Traceback (most recent call last):
  File "/share/software/system/python/3.10.2/lib/python3.10/threading.py", line 1009, in _bootstrap_inner
Exception in thread Thread-5 (results_loop):
Traceback (most recent call last):
  File "/share/software/system/python/3.10.2/lib/python3.10/threading.py", line 1009, in _bootstrap_inner
    self.run()
  File "/share/software/system/python/3.10.2/lib/python3.10/threading.py", line 946, in run
    self.run()
  File "/share/software/system/python/3.10.2/lib/python3.10/threading.py", line 946, in run
    self._target(*self._args, **self._kwargs)
  File "/exports/lkeb-hpc/smaijer/venv_environments/pancreasThesis/lib/python3.10/site-packages/batchgenerators/dataloading/multi_threaded_augmenter.py", line 92, in results_loop
    self._target(*self._args, **self._kwargs)
  File "/exports/lkeb-hpc/smaijer/venv_environments/pancreasThesis/lib/python3.10/site-packages/batchgenerators/dataloading/multi_threaded_augmenter.py", line 92, in results_loop
    raise RuntimeError("Abort event was set. So someone died and we should end this madness. \nIMPORTANT: "
    raise RuntimeError("Abort event was set. So someone died and we should end this madness. \nIMPORTANT: "
RuntimeError: Abort event was set. So someone died and we should end this madness. 
IMPORTANT: This is not the actual error message! Look further up to see what caused the error. Please also check whether your RAM was fullRuntimeError: Abort event was set. So someone died and we should end this madness. 
IMPORTANT: This is not the actual error message! Look further up to see what caused the error. Please also check whether your RAM was full

Exception in thread Thread-5 (results_loop):
Traceback (most recent call last):
  File "/share/software/system/python/3.10.2/lib/python3.10/threading.py", line 1009, in _bootstrap_inner
Exception in thread Thread-4 (results_loop):
Traceback (most recent call last):
  File "/share/software/system/python/3.10.2/lib/python3.10/threading.py", line 1009, in _bootstrap_inner
    self.run()
  File "/share/software/system/python/3.10.2/lib/python3.10/threading.py", line 946, in run
    self.run()
  File "/share/software/system/python/3.10.2/lib/python3.10/threading.py", line 946, in run
    self._target(*self._args, **self._kwargs)
  File "/exports/lkeb-hpc/smaijer/venv_environments/pancreasThesis/lib/python3.10/site-packages/batchgenerators/dataloading/multi_threaded_augmenter.py", line 92, in results_loop
    self._target(*self._args, **self._kwargs)
  File "/exports/lkeb-hpc/smaijer/venv_environments/pancreasThesis/lib/python3.10/site-packages/batchgenerators/dataloading/multi_threaded_augmenter.py", line 92, in results_loop
    raise RuntimeError("Abort event was set. So someone died and we should end this madness. \nIMPORTANT: "
RuntimeError: Abort event was set. So someone died and we should end this madness. 
IMPORTANT: This is not the actual error message! Look further up to see what caused the error. Please also check whether your RAM was full
    raise RuntimeError("Abort event was set. So someone died and we should end this madness. \nIMPORTANT: "
RuntimeError: Abort event was set. So someone died and we should end this madness. 
IMPORTANT: This is not the actual error message! Look further up to see what caused the error. Please also check whether your RAM was full
Exception in thread Thread-5 (results_loop):
Traceback (most recent call last):
  File "/share/software/system/python/3.10.2/lib/python3.10/threading.py", line 1009, in _bootstrap_inner
    self.run()
  File "/share/software/system/python/3.10.2/lib/python3.10/threading.py", line 946, in run
    self._target(*self._args, **self._kwargs)
  File "/exports/lkeb-hpc/smaijer/venv_environments/pancreasThesis/lib/python3.10/site-packages/batchgenerators/dataloading/multi_threaded_augmenter.py", line 92, in results_loop
Exception in thread Thread-4 (results_loop):
Traceback (most recent call last):
  File "/share/software/system/python/3.10.2/lib/python3.10/threading.py", line 1009, in _bootstrap_inner
    self.run()
  File "/share/software/system/python/3.10.2/lib/python3.10/threading.py", line 946, in run
    raise RuntimeError("Abort event was set. So someone died and we should end this madness. \nIMPORTANT: "
RuntimeError: Abort event was set. So someone died and we should end this madness. 
IMPORTANT: This is not the actual error message! Look further up to see what caused the error. Please also check whether your RAM was full
    self._target(*self._args, **self._kwargs)
  File "/exports/lkeb-hpc/smaijer/venv_environments/pancreasThesis/lib/python3.10/site-packages/batchgenerators/dataloading/multi_threaded_augmenter.py", line 92, in results_loop
    raise RuntimeError("Abort event was set. So someone died and we should end this madness. \nIMPORTANT: "
RuntimeError: Abort event was set. So someone died and we should end this madness. 
IMPORTANT: This is not the actual error message! Look further up to see what caused the error. Please also check whether your RAM was full
Exception in thread Thread-5 (results_loop):
Traceback (most recent call last):
  File "/share/software/system/python/3.10.2/lib/python3.10/threading.py", line 1009, in _bootstrap_inner
    self.run()
  File "/share/software/system/python/3.10.2/lib/python3.10/threading.py", line 946, in run
    self._target(*self._args, **self._kwargs)
  File "/exports/lkeb-hpc/smaijer/venv_environments/pancreasThesis/lib/python3.10/site-packages/batchgenerators/dataloading/multi_threaded_augmenter.py", line 92, in results_loop
Exception in thread Thread-4 (results_loop):
Traceback (most recent call last):
  File "/share/software/system/python/3.10.2/lib/python3.10/threading.py", line 1009, in _bootstrap_inner
    self.run()
  File "/share/software/system/python/3.10.2/lib/python3.10/threading.py", line 946, in run
    raise RuntimeError("Abort event was set. So someone died and we should end this madness. \nIMPORTANT: "
RuntimeError: Abort event was set. So someone died and we should end this madness. 
IMPORTANT: This is not the actual error message! Look further up to see what caused the error. Please also check whether your RAM was full
    self._target(*self._args, **self._kwargs)
  File "/exports/lkeb-hpc/smaijer/venv_environments/pancreasThesis/lib/python3.10/site-packages/batchgenerators/dataloading/multi_threaded_augmenter.py", line 92, in results_loop
    raise RuntimeError("Abort event was set. So someone died and we should end this madness. \nIMPORTANT: "
RuntimeError: Abort event was set. So someone died and we should end this madness. 
IMPORTANT: This is not the actual error message! Look further up to see what caused the error. Please also check whether your RAM was full
Exception in thread Thread-5 (results_loop):
Traceback (most recent call last):
  File "/share/software/system/python/3.10.2/lib/python3.10/threading.py", line 1009, in _bootstrap_inner
    self.run()
  File "/share/software/system/python/3.10.2/lib/python3.10/threading.py", line 946, in run
    self._target(*self._args, **self._kwargs)
  File "/exports/lkeb-hpc/smaijer/venv_environments/pancreasThesis/lib/python3.10/site-packages/batchgenerators/dataloading/multi_threaded_augmenter.py", line 92, in results_loop
    raise RuntimeError("Abort event was set. So someone died and we should end this madness. \nIMPORTANT: "
RuntimeError: Abort event was set. So someone died and we should end this madness. 
IMPORTANT: This is not the actual error message! Look further up to see what caused the error. Please also check whether your RAM was full
Exception in thread Thread-4 (results_loop):
Traceback (most recent call last):
  File "/share/software/system/python/3.10.2/lib/python3.10/threading.py", line 1009, in _bootstrap_inner
    self.run()
  File "/share/software/system/python/3.10.2/lib/python3.10/threading.py", line 946, in run
    self._target(*self._args, **self._kwargs)
  File "/exports/lkeb-hpc/smaijer/venv_environments/pancreasThesis/lib/python3.10/site-packages/batchgenerators/dataloading/multi_threaded_augmenter.py", line 92, in results_loop
    raise RuntimeError("Abort event was set. So someone died and we should end this madness. \nIMPORTANT: "
RuntimeError: Abort event was set. So someone died and we should end this madness. 
IMPORTANT: This is not the actual error message! Look further up to see what caused the error. Please also check whether your RAM was full
Exception in thread Thread-5 (results_loop):
Traceback (most recent call last):
  File "/share/software/system/python/3.10.2/lib/python3.10/threading.py", line 1009, in _bootstrap_inner
    self.run()
  File "/share/software/system/python/3.10.2/lib/python3.10/threading.py", line 946, in run
    self._target(*self._args, **self._kwargs)
  File "/exports/lkeb-hpc/smaijer/venv_environments/pancreasThesis/lib/python3.10/site-packages/batchgenerators/dataloading/multi_threaded_augmenter.py", line 92, in results_loop
    raise RuntimeError("Abort event was set. So someone died and we should end this madness. \nIMPORTANT: "
RuntimeError: Abort event was set. So someone died and we should end this madness. 
IMPORTANT: This is not the actual error message! Look further up to see what caused the error. Please also check whether your RAM was full
Exception in thread Thread-4 (results_loop):
Traceback (most recent call last):
  File "/share/software/system/python/3.10.2/lib/python3.10/threading.py", line 1009, in _bootstrap_inner
    self.run()
  File "/share/software/system/python/3.10.2/lib/python3.10/threading.py", line 946, in run
    self._target(*self._args, **self._kwargs)
  File "/exports/lkeb-hpc/smaijer/venv_environments/pancreasThesis/lib/python3.10/site-packages/batchgenerators/dataloading/multi_threaded_augmenter.py", line 92, in results_loop
    raise RuntimeError("Abort event was set. So someone died and we should end this madness. \nIMPORTANT: "
RuntimeError: Abort event was set. So someone died and we should end this madness. 
IMPORTANT: This is not the actual error message! Look further up to see what caused the error. Please also check whether your RAM was full
OrderedDict([('all', [OrderedDict([('1', OrderedDict([('Accuracy', 0.9991787837101863), ('Dice', 0.8157983650508782), ('False Discovery Rate', 0.2061571306575577), ('False Negative Rate', 0.16099713891170342), ('False Omission Rate', 0.00034975798504264036), ('False Positive Rate', 0.000473285354171904), ('Jaccard', 0.6889015696097467), ('Negative Predictive Value', 0.9996502420149573), ('Precision', 0.7938428693424423), ('Recall', 0.8390028610882966), ('Total Positives Reference', 110797), ('Total Positives Test', 117100), ('True Negative Rate', 0.9995267146458281)])), ('test', '/exports/lkeb-hpc/smaijer/output/501/3d_fullres/nnUNetTrainerV2_Hybrid2/501/imagesTr/panc_0002.nii.gz'), ('reference', '/exports/lkeb-hpc/smaijer/data/nnUNet_raw_data_base/nnUNet_raw_data/Task501/labelsTr/panc_0002.nii.gz')]), OrderedDict([('1', OrderedDict([('Accuracy', 0.9994789229498969), ('Dice', 0.8864375531632366), ('False Discovery Rate', 0.14539949237825245), ('False Negative Rate', 0.0792615158275165), ('False Omission Rate', 0.0001754874871739058), ('False Positive Rate', 0.0003467731100108562), ('Jaccard', 0.7960375780283286), ('Negative Predictive Value', 0.9998245125128261), ('Precision', 0.8546005076217476), ('Recall', 0.9207384841724835), ('Total Positives Reference', 125067), ('Total Positives Test', 134746), ('True Negative Rate', 0.9996532268899891)])), ('test', '/exports/lkeb-hpc/smaijer/output/501/3d_fullres/nnUNetTrainerV2_Hybrid2/501/imagesTr/panc_0003.nii.gz'), ('reference', '/exports/lkeb-hpc/smaijer/data/nnUNet_raw_data_base/nnUNet_raw_data/Task501/labelsTr/panc_0003.nii.gz')]), OrderedDict([('1', OrderedDict([('Accuracy', 0.9995514537414275), ('Dice', 0.8148274830048313), ('False Discovery Rate', 0.25957678261545236), ('False Negative Rate', 0.09414411559667912), ('False Omission Rate', 0.00010270218754276737), ('False Positive Rate', 0.00034635829926255024), ('Jaccard', 0.6875180375180375), ('Negative Predictive Value', 0.9998972978124573), ('Precision', 0.7404232173845476), ('Recall', 0.9058558844033209), ('Total Positives Reference', 63116), ('Total Positives Test', 77218), ('True Negative Rate', 0.9996536417007374)])), ('test', '/exports/lkeb-hpc/smaijer/output/501/3d_fullres/nnUNetTrainerV2_Hybrid2/501/imagesTr/panc_0004.nii.gz'), ('reference', '/exports/lkeb-hpc/smaijer/data/nnUNet_raw_data_base/nnUNet_raw_data/Task501/labelsTr/panc_0004.nii.gz')]), OrderedDict([('1', OrderedDict([('Accuracy', 0.9997131529308501), ('Dice', 0.9012883585149808), ('False Discovery Rate', 0.10797366858047908), ('False Negative Rate', 0.08925525866969874), ('False Omission Rate', 0.00012852599656128832), ('False Positive Rate', 0.00015873799834953406), ('Jaccard', 0.8203138334793642), ('Negative Predictive Value', 0.9998714740034387), ('Precision', 0.8920263314195209), ('Recall', 0.9107447413303013), ('Total Positives Reference', 79155), ('Total Positives Test', 80816), ('True Negative Rate', 0.9998412620016505)])), ('test', '/exports/lkeb-hpc/smaijer/output/501/3d_fullres/nnUNetTrainerV2_Hybrid2/501/imagesTr/panc_0005.nii.gz'), ('reference', '/exports/lkeb-hpc/smaijer/data/nnUNet_raw_data_base/nnUNet_raw_data/Task501/labelsTr/panc_0005.nii.gz')]), OrderedDict([('1', OrderedDict([('Accuracy', 0.9997355200250052), ('Dice', 0.8907820656819322), ('False Discovery Rate', 0.12963653179829104), ('False Negative Rate', 0.08781828703703709), ('False Omission Rate', 0.00010396386469550038), ('False Positive Rate', 0.00016083511083730961), ('Jaccard', 0.8030721809682719), ('Negative Predictive Value', 0.9998960361353045), ('Precision', 0.870363468201709), ('Recall', 0.9121817129629629), ('Total Positives Reference', 69120), ('Total Positives Test', 72441), ('True Negative Rate', 0.9998391648891627)])), ('test', '/exports/lkeb-hpc/smaijer/output/501/3d_fullres/nnUNetTrainerV2_Hybrid2/501/imagesTr/panc_0006.nii.gz'), ('reference', '/exports/lkeb-hpc/smaijer/data/nnUNet_raw_data_base/nnUNet_raw_data/Task501/labelsTr/panc_0006.nii.gz')]), OrderedDict([('1', OrderedDict([('Accuracy', 0.9997026813564016), ('Dice', 0.9146006410675738), ('False Discovery Rate', 0.09911080564445107), ('False Negative Rate', 0.07126408785953098), ('False Omission Rate', 0.00012238148397996526), ('False Positive Rate', 0.00017545421234399505), ('Jaccard', 0.8426397468735874), ('Negative Predictive Value', 0.9998776185160201), ('Precision', 0.9008891943555489), ('Recall', 0.928735912140469), ('Total Positives Reference', 90326), ('Total Positives Test', 93118), ('True Negative Rate', 0.999824545787656)])), ('test', '/exports/lkeb-hpc/smaijer/output/501/3d_fullres/nnUNetTrainerV2_Hybrid2/501/imagesTr/panc_0007.nii.gz'), ('reference', '/exports/lkeb-hpc/smaijer/data/nnUNet_raw_data_base/nnUNet_raw_data/Task501/labelsTr/panc_0007.nii.gz')]), OrderedDict([('1', OrderedDict([('Accuracy', 0.9995335648699505), ('Dice', 0.9212518771245279), ('False Discovery Rate', 0.09264187140293334), ('False Negative Rate', 0.06442226703080733), ('False Omission Rate', 0.00018843579809820946), ('False Positive Rate', 0.00027938067593480387), ('Jaccard', 0.8540009086355324), ('Negative Predictive Value', 0.9998115642019018), ('Precision', 0.9073581285970667), ('Recall', 0.9355777329691927), ('Total Positives Reference', 156716), ('Total Positives Test', 161590), ('True Negative Rate', 0.9997206193240652)])), ('test', '/exports/lkeb-hpc/smaijer/output/501/3d_fullres/nnUNetTrainerV2_Hybrid2/501/imagesTr/panc_0008.nii.gz'), ('reference', '/exports/lkeb-hpc/smaijer/data/nnUNet_raw_data_base/nnUNet_raw_data/Task501/labelsTr/panc_0008.nii.gz')]), OrderedDict([('1', OrderedDict([('Accuracy', 0.999690898413797), ('Dice', 0.9178025527891586), ('False Discovery Rate', 0.09548860503940682), ('False Negative Rate', 0.06850985566350809), ('False Omission Rate', 0.0001271646280622018), ('False Positive Rate', 0.0001825177054047833), ('Jaccard', 0.84809158915928), ('Negative Predictive Value', 0.9998728353719378), ('Precision', 0.9045113949605932), ('Recall', 0.9314901443364919), ('Total Positives Reference', 100044), ('Total Positives Test', 103028), ('True Negative Rate', 0.9998174822945952)])), ('test', '/exports/lkeb-hpc/smaijer/output/501/3d_fullres/nnUNetTrainerV2_Hybrid2/501/imagesTr/panc_0010.nii.gz'), ('reference', '/exports/lkeb-hpc/smaijer/data/nnUNet_raw_data_base/nnUNet_raw_data/Task501/labelsTr/panc_0010.nii.gz')]), OrderedDict([('1', OrderedDict([('Accuracy', 0.9996936677268188), ('Dice', 0.8954909223675455), ('False Discovery Rate', 0.09606125093624052), ('False Negative Rate', 0.11280046674445743), ('False Omission Rate', 0.00016710541561737447), ('False Positive Rate', 0.0001396760939040842), ('Jaccard', 0.8107592237150778), ('Negative Predictive Value', 0.9998328945843826), ('Precision', 0.9039387490637595), ('Recall', 0.8871995332555426), ('Total Positives Reference', 85700), ('Total Positives Test', 84113), ('True Negative Rate', 0.9998603239060959)])), ('test', '/exports/lkeb-hpc/smaijer/output/501/3d_fullres/nnUNetTrainerV2_Hybrid2/501/imagesTr/panc_0011.nii.gz'), ('reference', '/exports/lkeb-hpc/smaijer/data/nnUNet_raw_data_base/nnUNet_raw_data/Task501/labelsTr/panc_0011.nii.gz')]), OrderedDict([('1', OrderedDict([('Accuracy', 0.9997245931179723), ('Dice', 0.8568171708185054), ('False Discovery Rate', 0.19608013634308374), ('False Negative Rate', 0.08283401452323325), ('False Omission Rate', 7.449861007898565e-05), ('False Positive Rate', 0.000201165371066514), ('Jaccard', 0.7495014348946933), ('Negative Predictive Value', 0.999925501389921), ('Precision', 0.8039198636569163), ('Recall', 0.9171659854767668), ('Total Positives Reference', 50402), ('Total Positives Test', 57502), ('True Negative Rate', 0.9997988346289335)])), ('test', '/exports/lkeb-hpc/smaijer/output/501/3d_fullres/nnUNetTrainerV2_Hybrid2/501/imagesTr/panc_0012.nii.gz'), ('reference', '/exports/lkeb-hpc/smaijer/data/nnUNet_raw_data_base/nnUNet_raw_data/Task501/labelsTr/panc_0012.nii.gz')]), OrderedDict([('1', OrderedDict([('Accuracy', 0.9996102240777784), ('Dice', 0.9071636177124295), ('False Discovery Rate', 0.10418314778011462), ('False Negative Rate', 0.08119848408387009), ('False Omission Rate', 0.00016865641916895505), ('False Positive Rate', 0.00022193804671044592), ('Jaccard', 0.8301001251564456), ('Negative Predictive Value', 0.999831343580831), ('Precision', 0.8958168522198854), ('Recall', 0.9188015159161299), ('Total Positives Reference', 101061), ('Total Positives Test', 103654), ('True Negative Rate', 0.9997780619532896)])), ('test', '/exports/lkeb-hpc/smaijer/output/501/3d_fullres/nnUNetTrainerV2_Hybrid2/501/imagesTr/panc_0013.nii.gz'), ('reference', '/exports/lkeb-hpc/smaijer/data/nnUNet_raw_data_base/nnUNet_raw_data/Task501/labelsTr/panc_0013.nii.gz')]), OrderedDict([('1', OrderedDict([('Accuracy', 0.9996932884315392), ('Dice', 0.8642731345137787), ('False Discovery Rate', 0.1406815374554966), ('False Negative Rate', 0.1307147267221357), ('False Omission Rate', 0.00014700813400370056), ('False Positive Rate', 0.00016005029027776896), ('Jaccard', 0.7609867836874413), ('Negative Predictive Value', 0.9998529918659963), ('Precision', 0.8593184625445034), ('Recall', 0.8692852732778643), ('Total Positives Reference', 68026), ('Total Positives Test', 68815), ('True Negative Rate', 0.9998399497097222)])), ('test', '/exports/lkeb-hpc/smaijer/output/501/3d_fullres/nnUNetTrainerV2_Hybrid2/501/imagesTr/panc_0014.nii.gz'), ('reference', '/exports/lkeb-hpc/smaijer/data/nnUNet_raw_data_base/nnUNet_raw_data/Task501/labelsTr/panc_0014.nii.gz')]), OrderedDict([('1', OrderedDict([('Accuracy', 0.9996666850348715), ('Dice', 0.9148941204306164), ('False Discovery Rate', 0.097455846883996), ('False Negative Rate', 0.07241324164401086), ('False Omission Rate', 0.00014014011969290868), ('False Positive Rate', 0.00019382739439965935), ('Jaccard', 0.8431381099821202), ('Negative Predictive Value', 0.9998598598803071), ('Precision', 0.902544153116004), ('Recall', 0.9275867583559891), ('Total Positives Reference', 125060), ('Total Positives Test', 128530), ('True Negative Rate', 0.9998061726056003)])), ('test', '/exports/lkeb-hpc/smaijer/output/501/3d_fullres/nnUNetTrainerV2_Hybrid2/501/imagesTr/panc_0015.nii.gz'), ('reference', '/exports/lkeb-hpc/smaijer/data/nnUNet_raw_data_base/nnUNet_raw_data/Task501/labelsTr/panc_0015.nii.gz')]), OrderedDict([('1', OrderedDict([('Accuracy', 0.9995983739053049), ('Dice', 0.8898198660473156), ('False Discovery Rate', 0.11622464375523889), ('False Negative Rate', 0.10405237289172597), ('False Omission Rate', 0.00018869386454613523), ('False Positive Rate', 0.00021366525398003322), ('Jaccard', 0.8015094477318754), ('Negative Predictive Value', 0.9998113061354539), ('Precision', 0.8837753562447611), ('Recall', 0.895947627108274), ('Total Positives Reference', 147099), ('Total Positives Test', 149125), ('True Negative Rate', 0.99978633474602)])), ('test', '/exports/lkeb-hpc/smaijer/output/501/3d_fullres/nnUNetTrainerV2_Hybrid2/501/imagesTr/panc_0016.nii.gz'), ('reference', '/exports/lkeb-hpc/smaijer/data/nnUNet_raw_data_base/nnUNet_raw_data/Task501/labelsTr/panc_0016.nii.gz')]), OrderedDict([('1', OrderedDict([('Accuracy', 0.9997050537656775), ('Dice', 0.8958275432893894), ('False Discovery Rate', 0.050427164320571816), ('False Negative Rate', 0.15215974199746118), ('False Omission Rate', 0.00022790323932466027), ('False Positive Rate', 6.74482566767054e-05), ('Jaccard', 0.811311256538773), ('Negative Predictive Value', 0.9997720967606754), ('Precision', 0.9495728356794282), ('Recall', 0.8478402580025388), ('Total Positives Reference', 87441), ('Total Positives Test', 78073), ('True Negative Rate', 0.9999325517433233)])), ('test', '/exports/lkeb-hpc/smaijer/output/501/3d_fullres/nnUNetTrainerV2_Hybrid2/501/imagesTr/panc_0018.nii.gz'), ('reference', '/exports/lkeb-hpc/smaijer/data/nnUNet_raw_data_base/nnUNet_raw_data/Task501/labelsTr/panc_0018.nii.gz')]), OrderedDict([('1', OrderedDict([('Accuracy', 0.9996473403204055), ('Dice', 0.898468715352593), ('False Discovery Rate', 0.11050936616582618), ('False Negative Rate', 0.09237011443243415), ('False Omission Rate', 0.00015907946019036508), ('False Positive Rate', 0.00019419313398805205), ('Jaccard', 0.8156542876947765), ('Negative Predictive Value', 0.9998409205398097), ('Precision', 0.8894906338341738), ('Recall', 0.9076298855675659), ('Total Positives Reference', 94641), ('Total Positives Test', 96571), ('True Negative Rate', 0.999805806866012)])), ('test', '/exports/lkeb-hpc/smaijer/output/501/3d_fullres/nnUNetTrainerV2_Hybrid2/501/imagesTr/panc_0019.nii.gz'), ('reference', '/exports/lkeb-hpc/smaijer/data/nnUNet_raw_data_base/nnUNet_raw_data/Task501/labelsTr/panc_0019.nii.gz')]), OrderedDict([('1', OrderedDict([('Accuracy', 0.9995657894589486), ('Dice', 0.8852117758081528), ('False Discovery Rate', 0.15020738780186693), ('False Negative Rate', 0.07628812233903903), ('False Omission Rate', 0.00013854698993339171), ('False Positive Rate', 0.00029647388040043854), ('Jaccard', 0.794062725635514), ('Negative Predictive Value', 0.9998614530100666), ('Precision', 0.8497926121981331), ('Recall', 0.923711877660961), ('Total Positives Reference', 103581), ('Total Positives Test', 112591), ('True Negative Rate', 0.9997035261195996)])), ('test', '/exports/lkeb-hpc/smaijer/output/501/3d_fullres/nnUNetTrainerV2_Hybrid2/501/imagesTr/panc_0020.nii.gz'), ('reference', '/exports/lkeb-hpc/smaijer/data/nnUNet_raw_data_base/nnUNet_raw_data/Task501/labelsTr/panc_0020.nii.gz')]), OrderedDict([('1', OrderedDict([('Accuracy', 0.99958907328379), ('Dice', 0.9099355128974205), ('False Discovery Rate', 0.0779722059706256), ('False Negative Rate', 0.10184369657091685), ('False Omission Rate', 0.0002359133458048512), ('False Positive Rate', 0.0001759511594421337), ('Jaccard', 0.8347538367349746), ('Negative Predictive Value', 0.9997640866541951), ('Precision', 0.9220277940293744), ('Recall', 0.8981563034290831), ('Total Positives Reference', 135109), ('Total Positives Test', 131611), ('True Negative Rate', 0.9998240488405579)])), ('test', '/exports/lkeb-hpc/smaijer/output/501/3d_fullres/nnUNetTrainerV2_Hybrid2/501/imagesTr/panc_0021.nii.gz'), ('reference', '/exports/lkeb-hpc/smaijer/data/nnUNet_raw_data_base/nnUNet_raw_data/Task501/labelsTr/panc_0021.nii.gz')]), OrderedDict([('1', OrderedDict([('Accuracy', 0.9995605099585748), ('Dice', 0.8814246964651512), ('False Discovery Rate', 0.1450607344814705), ('False Negative Rate', 0.09039640936033166), ('False Omission Rate', 0.00016264457915801447), ('False Positive Rate', 0.00027765482696007204), ('Jaccard', 0.7879886974794904), ('Negative Predictive Value', 0.999837355420842), ('Precision', 0.8549392655185295), ('Recall', 0.9096035906396683), ('Total Positives Reference', 145935), ('Total Positives Test', 155266), ('True Negative Rate', 0.9997223451730399)])), ('test', '/exports/lkeb-hpc/smaijer/output/501/3d_fullres/nnUNetTrainerV2_Hybrid2/501/imagesTr/panc_0022.nii.gz'), ('reference', '/exports/lkeb-hpc/smaijer/data/nnUNet_raw_data_base/nnUNet_raw_data/Task501/labelsTr/panc_0022.nii.gz')]), OrderedDict([('1', OrderedDict([('Accuracy', 0.9995531758954448), ('Dice', 0.8737364429499863), ('False Discovery Rate', 0.13693849652055035), ('False Negative Rate', 0.11532124045855274), ('False Omission Rate', 0.0002018884067348355), ('False Positive Rate', 0.00024572675332956706), ('Jaccard', 0.7757832857866203), ('Negative Predictive Value', 0.9997981115932651), ('Precision', 0.8630615034794497), ('Recall', 0.8846787595414473), ('Total Positives Reference', 142012), ('Total Positives Test', 145569), ('True Negative Rate', 0.9997542732466704)])), ('test', '/exports/lkeb-hpc/smaijer/output/501/3d_fullres/nnUNetTrainerV2_Hybrid2/501/imagesTr/panc_0023.nii.gz'), ('reference', '/exports/lkeb-hpc/smaijer/data/nnUNet_raw_data_base/nnUNet_raw_data/Task501/labelsTr/panc_0023.nii.gz')]), OrderedDict([('1', OrderedDict([('Accuracy', 0.9996355979673324), ('Dice', 0.8813576977471865), ('False Discovery Rate', 0.15376981074011387), ('False Negative Rate', 0.0804721657930596), ('False Omission Rate', 0.00011864226706564124), ('False Positive Rate', 0.0002463120935047858), ('Jaccard', 0.7878816096729367), ('Negative Predictive Value', 0.9998813577329344), ('Precision', 0.8462301892598861), ('Recall', 0.9195278342069404), ('Total Positives Reference', 119619), ('Total Positives Test', 129980), ('True Negative Rate', 0.9997536879064952)])), ('test', '/exports/lkeb-hpc/smaijer/output/501/3d_fullres/nnUNetTrainerV2_Hybrid2/501/imagesTr/panc_0024.nii.gz'), ('reference', '/exports/lkeb-hpc/smaijer/data/nnUNet_raw_data_base/nnUNet_raw_data/Task501/labelsTr/panc_0024.nii.gz')]), OrderedDict([('1', OrderedDict([('Accuracy', 0.9994300656202363), ('Dice', 0.8964976547398587), ('False Discovery Rate', 0.08151451362729889), ('False Negative Rate', 0.12446204620462042), ('False Omission Rate', 0.0003518231814607543), ('False Positive Rate', 0.00021967596488914332), ('Jaccard', 0.8124111911411632), ('Negative Predictive Value', 0.9996481768185392), ('Precision', 0.9184854863727011), ('Recall', 0.8755379537953796), ('Total Positives Reference', 151500), ('Total Positives Test', 144416), ('True Negative Rate', 0.9997803240351109)])), ('test', '/exports/lkeb-hpc/smaijer/output/501/3d_fullres/nnUNetTrainerV2_Hybrid2/501/imagesTr/panc_0027.nii.gz'), ('reference', '/exports/lkeb-hpc/smaijer/data/nnUNet_raw_data_base/nnUNet_raw_data/Task501/labelsTr/panc_0027.nii.gz')]), OrderedDict([('1', OrderedDict([('Accuracy', 0.9996764914503375), ('Dice', 0.8856286170686359), ('False Discovery Rate', 0.132366145873419), ('False Negative Rate', 0.09561438695012703), ('False Omission Rate', 0.00013261328885666722), ('False Positive Rate', 0.0001913517182545732), ('Jaccard', 0.794733811935283), ('Negative Predictive Value', 0.9998673867111433), ('Precision', 0.867633854126581), ('Recall', 0.904385613049873), ('Total Positives Reference', 74790), ('Total Positives Test', 77958), ('True Negative Rate', 0.9998086482817454)])), ('test', '/exports/lkeb-hpc/smaijer/output/501/3d_fullres/nnUNetTrainerV2_Hybrid2/501/imagesTr/panc_0028.nii.gz'), ('reference', '/exports/lkeb-hpc/smaijer/data/nnUNet_raw_data_base/nnUNet_raw_data/Task501/labelsTr/panc_0028.nii.gz')]), OrderedDict([('1', OrderedDict([('Accuracy', 0.9996128178122056), ('Dice', 0.8655617678381257), ('False Discovery Rate', 0.14539384619428786), ('False Negative Rate', 0.12319807974972019), ('False Omission Rate', 0.00017538682095126886), ('False Positive Rate', 0.00021235302994393468), ('Jaccard', 0.7629871272838217), ('Negative Predictive Value', 0.9998246131790487), ('Precision', 0.8546061538057121), ('Recall', 0.8768019202502798), ('Total Positives Reference', 74157), ('Total Positives Test', 76083), ('True Negative Rate', 0.9997876469700561)])), ('test', '/exports/lkeb-hpc/smaijer/output/501/3d_fullres/nnUNetTrainerV2_Hybrid2/501/imagesTr/panc_0029.nii.gz'), ('reference', '/exports/lkeb-hpc/smaijer/data/nnUNet_raw_data_base/nnUNet_raw_data/Task501/labelsTr/panc_0029.nii.gz')]), OrderedDict([('1', OrderedDict([('Accuracy', 0.9997775539275139), ('Dice', 0.8829687368496015), ('False Discovery Rate', 0.07671373833926809), ('False Negative Rate', 0.15397498883430105), ('False Omission Rate', 0.0001528621827150548), ('False Positive Rate', 6.979204630819247e-05), ('Jaccard', 0.7904601831459371), ('Negative Predictive Value', 0.999847137817285), ('Precision', 0.9232862616607319), ('Recall', 0.846025011165699), ('Total Positives Reference', 80604), ('Total Positives Test', 73859), ('True Negative Rate', 0.9999302079536918)])), ('test', '/exports/lkeb-hpc/smaijer/output/501/3d_fullres/nnUNetTrainerV2_Hybrid2/501/imagesTr/panc_0030.nii.gz'), ('reference', '/exports/lkeb-hpc/smaijer/data/nnUNet_raw_data_base/nnUNet_raw_data/Task501/labelsTr/panc_0030.nii.gz')]), OrderedDict([('1', OrderedDict([('Accuracy', 0.99959105214765), ('Dice', 0.8892982415232359), ('False Discovery Rate', 0.11450386743263508), ('False Negative Rate', 0.10686685802605433), ('False Omission Rate', 0.00019690831264986488), ('False Positive Rate', 0.0002127961666560374), ('Jaccard', 0.8006633956741324), ('Negative Predictive Value', 0.9998030916873502), ('Precision', 0.8854961325673649), ('Recall', 0.8931331419739457), ('Total Positives Reference', 149457), ('Total Positives Test', 150746), ('True Negative Rate', 0.999787203833344)])), ('test', '/exports/lkeb-hpc/smaijer/output/501/3d_fullres/nnUNetTrainerV2_Hybrid2/501/imagesTr/panc_0031.nii.gz'), ('reference', '/exports/lkeb-hpc/smaijer/data/nnUNet_raw_data_base/nnUNet_raw_data/Task501/labelsTr/panc_0031.nii.gz')]), OrderedDict([('1', OrderedDict([('Accuracy', 0.9996586091528634), ('Dice', 0.89338487181847), ('False Discovery Rate', 0.13957473630302253), ('False Negative Rate', 0.07102982614705722), ('False Omission Rate', 0.00010954767878226275), ('False Positive Rate', 0.00023238308078676884), ('Jaccard', 0.8073130838962455), ('Negative Predictive Value', 0.9998904523212178), ('Precision', 0.8604252636969775), ('Recall', 0.9289701738529428), ('Total Positives Reference', 94045), ('Total Positives Test', 101537), ('True Negative Rate', 0.9997676169192132)])), ('test', '/exports/lkeb-hpc/smaijer/output/501/3d_fullres/nnUNetTrainerV2_Hybrid2/501/imagesTr/panc_0032.nii.gz'), ('reference', '/exports/lkeb-hpc/smaijer/data/nnUNet_raw_data_base/nnUNet_raw_data/Task501/labelsTr/panc_0032.nii.gz')]), OrderedDict([('1', OrderedDict([('Accuracy', 0.9995150868485614), ('Dice', 0.891891555518679), ('False Discovery Rate', 0.11931408533787768), ('False Negative Rate', 0.09661397272016736), ('False Omission Rate', 0.0002144077534140742), ('False Positive Rate', 0.0002715937296480231), ('Jaccard', 0.8048775008985264), ('Negative Predictive Value', 0.9997855922465859), ('Precision', 0.8806859146621223), ('Recall', 0.9033860272798326), ('Total Positives Reference', 118989), ('Total Positives Test', 122056), ('True Negative Rate', 0.999728406270352)])), ('test', '/exports/lkeb-hpc/smaijer/output/501/3d_fullres/nnUNetTrainerV2_Hybrid2/501/imagesTr/panc_0034.nii.gz'), ('reference', '/exports/lkeb-hpc/smaijer/data/nnUNet_raw_data_base/nnUNet_raw_data/Task501/labelsTr/panc_0034.nii.gz')]), OrderedDict([('1', OrderedDict([('Accuracy', 0.9996847077088209), ('Dice', 0.8884701350580179), ('False Discovery Rate', 0.12686209676477123), ('False Negative Rate', 0.09564954317177954), ('False Omission Rate', 0.00013301672525444202), ('False Positive Rate', 0.00018272062324664606), ('Jaccard', 0.7993218743649257), ('Negative Predictive Value', 0.9998669832747455), ('Precision', 0.8731379032352288), ('Recall', 0.9043504568282205), ('Total Positives Reference', 82635), ('Total Positives Test', 85589), ('True Negative Rate', 0.9998172793767534)])), ('test', '/exports/lkeb-hpc/smaijer/output/501/3d_fullres/nnUNetTrainerV2_Hybrid2/501/imagesTr/panc_0035.nii.gz'), ('reference', '/exports/lkeb-hpc/smaijer/data/nnUNet_raw_data_base/nnUNet_raw_data/Task501/labelsTr/panc_0035.nii.gz')]), OrderedDict([('1', OrderedDict([('Accuracy', 0.9995493867472148), ('Dice', 0.8876089052726792), ('False Discovery Rate', 0.14985329333976283), ('False Negative Rate', 0.07147511716134791), ('False Omission Rate', 0.00013725714959841355), ('False Positive Rate', 0.00031424558085613175), ('Jaccard', 0.7979288125191777), ('Negative Predictive Value', 0.9998627428504016), ('Precision', 0.8501467066602372), ('Recall', 0.9285248828386521), ('Total Positives Reference', 112025), ('Total Positives Test', 122353), ('True Negative Rate', 0.9996857544191439)])), ('test', '/exports/lkeb-hpc/smaijer/output/501/3d_fullres/nnUNetTrainerV2_Hybrid2/501/imagesTr/panc_0036.nii.gz'), ('reference', '/exports/lkeb-hpc/smaijer/data/nnUNet_raw_data_base/nnUNet_raw_data/Task501/labelsTr/panc_0036.nii.gz')]), OrderedDict([('1', OrderedDict([('Accuracy', 0.9994406073984473), ('Dice', 0.9055333049190355), ('False Discovery Rate', 0.1175474641403188), ('False Negative Rate', 0.07014613220721777), ('False Omission Rate', 0.00020287239326463653), ('False Positive Rate', 0.00035816931022869536), ('Jaccard', 0.8273740160289187), ('Negative Predictive Value', 0.9997971276067353), ('Precision', 0.8824525358596812), ('Recall', 0.9298538677927822), ('Total Positives Reference', 149659), ('Total Positives Test', 157698), ('True Negative Rate', 0.9996418306897713)])), ('test', '/exports/lkeb-hpc/smaijer/output/501/3d_fullres/nnUNetTrainerV2_Hybrid2/501/imagesTr/panc_0037.nii.gz'), ('reference', '/exports/lkeb-hpc/smaijer/data/nnUNet_raw_data_base/nnUNet_raw_data/Task501/labelsTr/panc_0037.nii.gz')]), OrderedDict([('1', OrderedDict([('Accuracy', 0.9995801227848704), ('Dice', 0.8991282578568555), ('False Discovery Rate', 0.06518243086218922), ('False Negative Rate', 0.13393618395556128), ('False Omission Rate', 0.00028997643102445756), ('False Positive Rate', 0.0001307637961446284), ('Jaccard', 0.8167420630730872), ('Negative Predictive Value', 0.9997100235689755), ('Precision', 0.9348175691378108), ('Recall', 0.8660638160444387), ('Total Positives Reference', 116115), ('Total Positives Test', 107575), ('True Negative Rate', 0.9998692362038554)])), ('test', '/exports/lkeb-hpc/smaijer/output/501/3d_fullres/nnUNetTrainerV2_Hybrid2/501/imagesTr/panc_0038.nii.gz'), ('reference', '/exports/lkeb-hpc/smaijer/data/nnUNet_raw_data_base/nnUNet_raw_data/Task501/labelsTr/panc_0038.nii.gz')]), OrderedDict([('1', OrderedDict([('Accuracy', 0.9995974070990263), ('Dice', 0.9028704343884358), ('False Discovery Rate', 0.1314539928643792), ('False Negative Rate', 0.059980549940887085), ('False Omission Rate', 0.00011965210394749427), ('False Positive Rate', 0.00028376341562763585), ('Jaccard', 0.8229387509807522), ('Negative Predictive Value', 0.9998803478960525), ('Precision', 0.8685460071356208), ('Recall', 0.9400194500591129), ('Total Positives Reference', 104884), ('Total Positives Test', 113515), ('True Negative Rate', 0.9997162365843724)])), ('test', '/exports/lkeb-hpc/smaijer/output/501/3d_fullres/nnUNetTrainerV2_Hybrid2/501/imagesTr/panc_0039.nii.gz'), ('reference', '/exports/lkeb-hpc/smaijer/data/nnUNet_raw_data_base/nnUNet_raw_data/Task501/labelsTr/panc_0039.nii.gz')]), OrderedDict([('1', OrderedDict([('Accuracy', 0.9996820579012077), ('Dice', 0.893393668847714), ('False Discovery Rate', 0.11995261329638773), ('False Negative Rate', 0.09284901169409088), ('False Omission Rate', 0.0001365631606596786), ('False Positive Rate', 0.0001818527347786647), ('Jaccard', 0.8073274512332148), ('Negative Predictive Value', 0.9998634368393403), ('Precision', 0.8800473867036123), ('Recall', 0.9071509883059091), ('Total Positives Reference', 96630), ('Total Positives Test', 99606), ('True Negative Rate', 0.9998181472652213)])), ('test', '/exports/lkeb-hpc/smaijer/output/501/3d_fullres/nnUNetTrainerV2_Hybrid2/501/imagesTr/panc_0040.nii.gz'), ('reference', '/exports/lkeb-hpc/smaijer/data/nnUNet_raw_data_base/nnUNet_raw_data/Task501/labelsTr/panc_0040.nii.gz')]), OrderedDict([('1', OrderedDict([('Accuracy', 0.9996225049418788), ('Dice', 0.8724401328947861), ('False Discovery Rate', 0.15094935172145874), ('False Negative Rate', 0.1028452190570669), ('False Omission Rate', 0.0001482109888551893), ('False Positive Rate', 0.00022984013584015361), ('Jaccard', 0.7737417394382818), ('Negative Predictive Value', 0.9998517890111448), ('Precision', 0.8490506482785413), ('Recall', 0.8971547809429331), ('Total Positives Reference', 116933), ('Total Positives Test', 123558), ('True Negative Rate', 0.9997701598641598)])), ('test', '/exports/lkeb-hpc/smaijer/output/501/3d_fullres/nnUNetTrainerV2_Hybrid2/501/imagesTr/panc_0042.nii.gz'), ('reference', '/exports/lkeb-hpc/smaijer/data/nnUNet_raw_data_base/nnUNet_raw_data/Task501/labelsTr/panc_0042.nii.gz')]), OrderedDict([('1', OrderedDict([('Accuracy', 0.9994767287681843), ('Dice', 0.8917921177595225), ('False Discovery Rate', 0.140904122306575), ('False Negative Rate', 0.07292440939792522), ('False Omission Rate', 0.00017003987779886184), ('False Positive Rate', 0.0003544826230056364), ('Jaccard', 0.804715552064632), ('Negative Predictive Value', 0.9998299601222012), ('Precision', 0.859095877693425), ('Recall', 0.9270755906020748), ('Total Positives Reference', 123772), ('Total Positives Test', 133566), ('True Negative Rate', 0.9996455173769944)])), ('test', '/exports/lkeb-hpc/smaijer/output/501/3d_fullres/nnUNetTrainerV2_Hybrid2/501/imagesTr/panc_0043.nii.gz'), ('reference', '/exports/lkeb-hpc/smaijer/data/nnUNet_raw_data_base/nnUNet_raw_data/Task501/labelsTr/panc_0043.nii.gz')]), OrderedDict([('1', OrderedDict([('Accuracy', 0.9996101477627078), ('Dice', 0.8645906785251234), ('False Discovery Rate', 0.1795458470039717), ('False Negative Rate', 0.08625414683398236), ('False Omission Rate', 0.00011766462093758633), ('False Positive Rate', 0.0002727376041938845), ('Jaccard', 0.7614792851991345), ('Negative Predictive Value', 0.9998823353790625), ('Precision', 0.8204541529960283), ('Recall', 0.9137458531660176), ('Total Positives Reference', 166392), ('Total Positives Test', 185312), ('True Negative Rate', 0.9997272623958061)])), ('test', '/exports/lkeb-hpc/smaijer/output/501/3d_fullres/nnUNetTrainerV2_Hybrid2/501/imagesTr/panc_0044.nii.gz'), ('reference', '/exports/lkeb-hpc/smaijer/data/nnUNet_raw_data_base/nnUNet_raw_data/Task501/labelsTr/panc_0044.nii.gz')]), OrderedDict([('1', OrderedDict([('Accuracy', 0.9996404471220793), ('Dice', 0.8758574851979), ('False Discovery Rate', 0.15931358203888613), ('False Negative Rate', 0.08590011200488745), ('False Omission Rate', 0.00011937172867472884), ('False Positive Rate', 0.0002406952282710817), ('Jaccard', 0.779133849725531), ('Negative Predictive Value', 0.9998806282713253), ('Precision', 0.8406864179611139), ('Recall', 0.9140998879951125), ('Total Positives Reference', 78568), ('Total Positives Test', 85429), ('True Negative Rate', 0.9997593047717289)])), ('test', '/exports/lkeb-hpc/smaijer/output/501/3d_fullres/nnUNetTrainerV2_Hybrid2/501/imagesTr/panc_0045.nii.gz'), ('reference', '/exports/lkeb-hpc/smaijer/data/nnUNet_raw_data_base/nnUNet_raw_data/Task501/labelsTr/panc_0045.nii.gz')]), OrderedDict([('1', OrderedDict([('Accuracy', 0.9995107747087575), ('Dice', 0.8693567389861552), ('False Discovery Rate', 0.07468211637661959), ('False Negative Rate', 0.1802216141739924), ('False Omission Rate', 0.0003584800438421055), ('False Positive Rate', 0.00013163724181464165), ('Jaccard', 0.7689045421865472), ('Negative Predictive Value', 0.9996415199561579), ('Precision', 0.9253178836233804), ('Recall', 0.8197783858260076), ('Total Positives Reference', 103062), ('Total Positives Test', 91307), ('True Negative Rate', 0.9998683627581854)])), ('test', '/exports/lkeb-hpc/smaijer/output/501/3d_fullres/nnUNetTrainerV2_Hybrid2/501/imagesTr/panc_0046.nii.gz'), ('reference', '/exports/lkeb-hpc/smaijer/data/nnUNet_raw_data_base/nnUNet_raw_data/Task501/labelsTr/panc_0046.nii.gz')]), OrderedDict([('1', OrderedDict([('Accuracy', 0.9997464080355061), ('Dice', 0.8941791399382276), ('False Discovery Rate', 0.10982513126980875), ('False Negative Rate', 0.10178040126648735), ('False Omission Rate', 0.00012155236257072701), ('False Positive Rate', 0.0001323437655246229), ('Jaccard', 0.8086112066002062), ('Negative Predictive Value', 0.9998784476374293), ('Precision', 0.8901748687301912), ('Recall', 0.8982195987335126), ('Total Positives Reference', 62851), ('Total Positives Test', 63419), ('True Negative Rate', 0.9998676562344754)])), ('test', '/exports/lkeb-hpc/smaijer/output/501/3d_fullres/nnUNetTrainerV2_Hybrid2/501/imagesTr/panc_0047.nii.gz'), ('reference', '/exports/lkeb-hpc/smaijer/data/nnUNet_raw_data_base/nnUNet_raw_data/Task501/labelsTr/panc_0047.nii.gz')]), OrderedDict([('1', OrderedDict([('Accuracy', 0.9996630844560642), ('Dice', 0.8901845748982967), ('False Discovery Rate', 0.11712660879976056), ('False Negative Rate', 0.10238214064002527), ('False Omission Rate', 0.00015599574013487372), ('False Positive Rate', 0.00018143710539220148), ('Jaccard', 0.8021014618865298), ('Negative Predictive Value', 0.9998440042598651), ('Precision', 0.8828733912002394), ('Recall', 0.8976178593599747), ('Total Positives Reference', 82153), ('Total Positives Test', 83525), ('True Negative Rate', 0.9998185628946078)])), ('test', '/exports/lkeb-hpc/smaijer/output/501/3d_fullres/nnUNetTrainerV2_Hybrid2/501/imagesTr/panc_0048.nii.gz'), ('reference', '/exports/lkeb-hpc/smaijer/data/nnUNet_raw_data_base/nnUNet_raw_data/Task501/labelsTr/panc_0048.nii.gz')]), OrderedDict([('1', OrderedDict([('Accuracy', 0.9997224623157132), ('Dice', 0.8977337649971434), ('False Discovery Rate', 0.08413514913773967), ('False Negative Rate', 0.11969338573994703), ('False Omission Rate', 0.00016585229002829), ('False Positive Rate', 0.00011206106019123752), ('Jaccard', 0.8144436765722184), ('Negative Predictive Value', 0.9998341477099717), ('Precision', 0.9158648508622603), ('Recall', 0.880306614260053), ('Total Positives Reference', 112454), ('Total Positives Test', 108088), ('True Negative Rate', 0.9998879389398088)])), ('test', '/exports/lkeb-hpc/smaijer/output/501/3d_fullres/nnUNetTrainerV2_Hybrid2/501/imagesTr/panc_0050.nii.gz'), ('reference', '/exports/lkeb-hpc/smaijer/data/nnUNet_raw_data_base/nnUNet_raw_data/Task501/labelsTr/panc_0050.nii.gz')]), OrderedDict([('1', OrderedDict([('Accuracy', 0.9992743002401816), ('Dice', 0.900030109701573), ('False Discovery Rate', 0.09936101509914497), ('False Negative Rate', 0.10057794279615306), ('False Omission Rate', 0.0003666334883640845), ('False Positive Rate', 0.000361709848271885), ('Jaccard', 0.8182315876459043), ('Negative Predictive Value', 0.9996333665116359), ('Precision', 0.900638984900855), ('Recall', 0.8994220572038469), ('Total Positives Reference', 176142), ('Total Positives Test', 175904), ('True Negative Rate', 0.9996382901517281)])), ('test', '/exports/lkeb-hpc/smaijer/output/501/3d_fullres/nnUNetTrainerV2_Hybrid2/501/imagesTr/panc_0051.nii.gz'), ('reference', '/exports/lkeb-hpc/smaijer/data/nnUNet_raw_data_base/nnUNet_raw_data/Task501/labelsTr/panc_0051.nii.gz')]), OrderedDict([('1', OrderedDict([('Accuracy', 0.9994517604700116), ('Dice', 0.8987497513997459), ('False Discovery Rate', 0.042924524915464723), ('False Negative Rate', 0.15287538921014165), ('False Omission Rate', 0.0004402292053778669), ('False Positive Rate', 0.00010944390524847414), ('Jaccard', 0.8161176376959761), ('Negative Predictive Value', 0.9995597707946221), ('Precision', 0.9570754750845353), ('Recall', 0.8471246107898583), ('Total Positives Reference', 157370), ('Total Positives Test', 139291), ('True Negative Rate', 0.9998905560947515)])), ('test', '/exports/lkeb-hpc/smaijer/output/501/3d_fullres/nnUNetTrainerV2_Hybrid2/501/imagesTr/panc_0052.nii.gz'), ('reference', '/exports/lkeb-hpc/smaijer/data/nnUNet_raw_data_base/nnUNet_raw_data/Task501/labelsTr/panc_0052.nii.gz')]), OrderedDict([('1', OrderedDict([('Accuracy', 0.9996766736430507), ('Dice', 0.875674857221268), ('False Discovery Rate', 0.12628885447747096), ('False Negative Rate', 0.12235258410554573), ('False Omission Rate', 0.00015894777656210793), ('False Positive Rate', 0.00016479954024195553), ('Jaccard', 0.7788448589320585), ('Negative Predictive Value', 0.9998410522234379), ('Precision', 0.873711145522529), ('Recall', 0.8776474158944543), ('Total Positives Reference', 105433), ('Total Positives Test', 105908), ('True Negative Rate', 0.999835200459758)])), ('test', '/exports/lkeb-hpc/smaijer/output/501/3d_fullres/nnUNetTrainerV2_Hybrid2/501/imagesTr/panc_0053.nii.gz'), ('reference', '/exports/lkeb-hpc/smaijer/data/nnUNet_raw_data_base/nnUNet_raw_data/Task501/labelsTr/panc_0053.nii.gz')]), OrderedDict([('1', OrderedDict([('Accuracy', 0.9996157479942391), ('Dice', 0.8711938573800013), ('False Discovery Rate', 0.16115805168986086), ('False Negative Rate', 0.09385867509426138), ('False Omission Rate', 0.00013480815180617686), ('False Positive Rate', 0.00025001121957546335), ('Jaccard', 0.7717834130118478), ('Negative Predictive Value', 0.9998651918481938), ('Precision', 0.8388419483101391), ('Recall', 0.9061413249057386), ('Total Positives Reference', 81953), ('Total Positives Test', 88528), ('True Negative Rate', 0.9997499887804245)])), ('test', '/exports/lkeb-hpc/smaijer/output/501/3d_fullres/nnUNetTrainerV2_Hybrid2/501/imagesTr/panc_0054.nii.gz'), ('reference', '/exports/lkeb-hpc/smaijer/data/nnUNet_raw_data_base/nnUNet_raw_data/Task501/labelsTr/panc_0054.nii.gz')]), OrderedDict([('1', OrderedDict([('Accuracy', 0.9994256409956384), ('Dice', 0.8983371641879813), ('False Discovery Rate', 0.10095514194081479), ('False Negative Rate', 0.10236941642021657), ('False Omission Rate', 0.0002902222763297431), ('False Positive Rate', 0.00028576377668509956), ('Jaccard', 0.8154374777704385), ('Negative Predictive Value', 0.9997097777236703), ('Precision', 0.8990448580591852), ('Recall', 0.8976305835797834), ('Total Positives Reference', 143031), ('Total Positives Test', 142806), ('True Negative Rate', 0.9997142362233149)])), ('test', '/exports/lkeb-hpc/smaijer/output/501/3d_fullres/nnUNetTrainerV2_Hybrid2/501/imagesTr/panc_0055.nii.gz'), ('reference', '/exports/lkeb-hpc/smaijer/data/nnUNet_raw_data_base/nnUNet_raw_data/Task501/labelsTr/panc_0055.nii.gz')]), OrderedDict([('1', OrderedDict([('Accuracy', 0.9996216352595839), ('Dice', 0.8861142115578722), ('False Discovery Rate', 0.15454462074658348), ('False Negative Rate', 0.06911873611453967), ('False Omission Rate', 0.00010948613270149407), ('False Positive Rate', 0.00026949537351173003), ('Jaccard', 0.7955162196630452), ('Negative Predictive Value', 0.9998905138672985), ('Precision', 0.8454553792534165), ('Recall', 0.9308812638854603), ('Total Positives Reference', 89122), ('Total Positives Test', 98127), ('True Negative Rate', 0.9997305046264883)])), ('test', '/exports/lkeb-hpc/smaijer/output/501/3d_fullres/nnUNetTrainerV2_Hybrid2/501/imagesTr/panc_0056.nii.gz'), ('reference', '/exports/lkeb-hpc/smaijer/data/nnUNet_raw_data_base/nnUNet_raw_data/Task501/labelsTr/panc_0056.nii.gz')]), OrderedDict([('1', OrderedDict([('Accuracy', 0.9995251932451802), ('Dice', 0.8724981247294489), ('False Discovery Rate', 0.13387567656224375), ('False Negative Rate', 0.12103356902222395), ('False Omission Rate', 0.00022412160733127558), ('False Positive Rate', 0.00025157049098600837), ('Jaccard', 0.773832969918642), ('Negative Predictive Value', 0.9997758783926687), ('Precision', 0.8661243234377562), ('Recall', 0.878966430977776), ('Total Positives Reference', 150198), ('Total Positives Test', 152425), ('True Negative Rate', 0.999748429509014)])), ('test', '/exports/lkeb-hpc/smaijer/output/501/3d_fullres/nnUNetTrainerV2_Hybrid2/501/imagesTr/panc_0058.nii.gz'), ('reference', '/exports/lkeb-hpc/smaijer/data/nnUNet_raw_data_base/nnUNet_raw_data/Task501/labelsTr/panc_0058.nii.gz')]), OrderedDict([('1', OrderedDict([('Accuracy', 0.9997157956579049), ('Dice', 0.8788684564618441), ('False Discovery Rate', 0.1681802331751543), ('False Negative Rate', 0.0684415165458343), ('False Omission Rate', 7.58429941271257e-05), ('False Positive Rate', 0.00020868632120707442), ('Jaccard', 0.7839119874267753), ('Negative Predictive Value', 0.9999241570058729), ('Precision', 0.8318197668248457), ('Recall', 0.9315584834541657), ('Total Positives Reference', 58897), ('Total Positives Test', 65959), ('True Negative Rate', 0.9997913136787929)])), ('test', '/exports/lkeb-hpc/smaijer/output/501/3d_fullres/nnUNetTrainerV2_Hybrid2/501/imagesTr/panc_0059.nii.gz'), ('reference', '/exports/lkeb-hpc/smaijer/data/nnUNet_raw_data_base/nnUNet_raw_data/Task501/labelsTr/panc_0059.nii.gz')]), OrderedDict([('1', OrderedDict([('Accuracy', 0.999695808656754), ('Dice', 0.9116827438370847), ('False Discovery Rate', 0.09551692848636084), ('False Negative Rate', 0.08100204557895652), ('False Omission Rate', 0.00013862801117149964), ('False Positive Rate', 0.0001660877222245949), ('Jaccard', 0.8376994287965334), ('Negative Predictive Value', 0.9998613719888285), ('Precision', 0.9044830715136392), ('Recall', 0.9189979544210435), ('Total Positives Reference', 138836), ('Total Positives Test', 141064), ('True Negative Rate', 0.9998339122777754)])), ('test', '/exports/lkeb-hpc/smaijer/output/501/3d_fullres/nnUNetTrainerV2_Hybrid2/501/imagesTr/panc_0060.nii.gz'), ('reference', '/exports/lkeb-hpc/smaijer/data/nnUNet_raw_data_base/nnUNet_raw_data/Task501/labelsTr/panc_0060.nii.gz')]), OrderedDict([('1', OrderedDict([('Accuracy', 0.9993337622672454), ('Dice', 0.8884145625198764), ('False Discovery Rate', 0.13099308350241567), ('False Negative Rate', 0.09129112232518066), ('False Omission Rate', 0.00026726288114945276), ('False Positive Rate', 0.00040096080303198), ('Jaccard', 0.7992319191710913), ('Negative Predictive Value', 0.9997327371188506), ('Precision', 0.8690069164975843), ('Recall', 0.9087088776748193), ('Total Positives Reference', 170619), ('Total Positives Test', 178414), ('True Negative Rate', 0.999599039196968)])), ('test', '/exports/lkeb-hpc/smaijer/output/501/3d_fullres/nnUNetTrainerV2_Hybrid2/501/imagesTr/panc_0061.nii.gz'), ('reference', '/exports/lkeb-hpc/smaijer/data/nnUNet_raw_data_base/nnUNet_raw_data/Task501/labelsTr/panc_0061.nii.gz')]), OrderedDict([('1', OrderedDict([('Accuracy', 0.9997623678632257), ('Dice', 0.9005282356324449), ('False Discovery Rate', 0.11980176048524294), ('False Negative Rate', 0.07818043784763651), ('False Omission Rate', 9.133893153252879e-05), ('False Positive Rate', 0.00014657586348032492), ('Jaccard', 0.8190553544141738), ('Negative Predictive Value', 0.9999086610684674), ('Precision', 0.8801982395147571), ('Recall', 0.9218195621523635), ('Total Positives Reference', 64543), ('Total Positives Test', 67595), ('True Negative Rate', 0.9998534241365197)])), ('test', '/exports/lkeb-hpc/smaijer/output/501/3d_fullres/nnUNetTrainerV2_Hybrid2/501/imagesTr/panc_0062.nii.gz'), ('reference', '/exports/lkeb-hpc/smaijer/data/nnUNet_raw_data_base/nnUNet_raw_data/Task501/labelsTr/panc_0062.nii.gz')]), OrderedDict([('1', OrderedDict([('Accuracy', 0.9997094062066847), ('Dice', 0.8939885706076971), ('False Discovery Rate', 0.11479752855936343), ('False Negative Rate', 0.09704916843498923), ('False Omission Rate', 0.00013187573392228462), ('False Positive Rate', 0.00015911651629441081), ('Jaccard', 0.8082995770657618), ('Negative Predictive Value', 0.9998681242660777), ('Precision', 0.8852024714406366), ('Recall', 0.9029508315650108), ('Total Positives Reference', 110274), ('Total Positives Test', 112485), ('True Negative Rate', 0.9998408834837056)])), ('test', '/exports/lkeb-hpc/smaijer/output/501/3d_fullres/nnUNetTrainerV2_Hybrid2/501/imagesTr/panc_0063.nii.gz'), ('reference', '/exports/lkeb-hpc/smaijer/data/nnUNet_raw_data_base/nnUNet_raw_data/Task501/labelsTr/panc_0063.nii.gz')]), OrderedDict([('1', OrderedDict([('Accuracy', 0.9996652021094667), ('Dice', 0.8964997951477705), ('False Discovery Rate', 0.12411965164710337), ('False Negative Rate', 0.08188653141762015), ('False Omission Rate', 0.0001295380543104393), ('False Positive Rate', 0.00020579929978015166), ('Jaccard', 0.8124147065906719), ('Negative Predictive Value', 0.9998704619456895), ('Precision', 0.8758803483528966), ('Recall', 0.9181134685823799), ('Total Positives Reference', 88183), ('Total Positives Test', 92435), ('True Negative Rate', 0.9997942007002198)])), ('test', '/exports/lkeb-hpc/smaijer/output/501/3d_fullres/nnUNetTrainerV2_Hybrid2/501/imagesTr/panc_0064.nii.gz'), ('reference', '/exports/lkeb-hpc/smaijer/data/nnUNet_raw_data_base/nnUNet_raw_data/Task501/labelsTr/panc_0064.nii.gz')]), OrderedDict([('1', OrderedDict([('Accuracy', 0.9995879937167191), ('Dice', 0.893399918487201), ('False Discovery Rate', 0.09305710639655451), ('False Negative Rate', 0.11974454497072906), ('False Omission Rate', 0.00023530803199961058), ('False Positive Rate', 0.00017749431762414947), ('Jaccard', 0.8073376583036768), ('Negative Predictive Value', 0.9997646919680004), ('Precision', 0.9069428936034455), ('Recall', 0.8802554550292709), ('Total Positives Reference', 103345), ('Total Positives Test', 100304), ('True Negative Rate', 0.9998225056823759)])), ('test', '/exports/lkeb-hpc/smaijer/output/501/3d_fullres/nnUNetTrainerV2_Hybrid2/501/imagesTr/panc_0066.nii.gz'), ('reference', '/exports/lkeb-hpc/smaijer/data/nnUNet_raw_data_base/nnUNet_raw_data/Task501/labelsTr/panc_0066.nii.gz')]), OrderedDict([('1', OrderedDict([('Accuracy', 0.9997548927548784), ('Dice', 0.8933725802333788), ('False Discovery Rate', 0.13011625356437817), ('False Negative Rate', 0.08183487937767209), ('False Omission Rate', 9.162636785664065e-05), ('False Positive Rate', 0.00015376098806552108), ('Jaccard', 0.8072930096217786), ('Negative Predictive Value', 0.9999083736321434), ('Precision', 0.8698837464356218), ('Recall', 0.9181651206223279), ('Total Positives Reference', 64789), ('Total Positives Test', 68385), ('True Negative Rate', 0.9998462390119345)])), ('test', '/exports/lkeb-hpc/smaijer/output/501/3d_fullres/nnUNetTrainerV2_Hybrid2/501/imagesTr/panc_0067.nii.gz'), ('reference', '/exports/lkeb-hpc/smaijer/data/nnUNet_raw_data_base/nnUNet_raw_data/Task501/labelsTr/panc_0067.nii.gz')]), OrderedDict([('1', OrderedDict([('Accuracy', 0.9996450664927659), ('Dice', 0.9075874970468693), ('False Discovery Rate', 0.09985558669102246), ('False Negative Rate', 0.08484530268556867), ('False Omission Rate', 0.0001619010951293616), ('False Positive Rate', 0.0001937148232081798), ('Jaccard', 0.8308102430111134), ('Negative Predictive Value', 0.9998380989048706), ('Precision', 0.9001444133089775), ('Recall', 0.9151546973144313), ('Total Positives Reference', 102846), ('Total Positives Test', 104561), ('True Negative Rate', 0.9998062851767918)])), ('test', '/exports/lkeb-hpc/smaijer/output/501/3d_fullres/nnUNetTrainerV2_Hybrid2/501/imagesTr/panc_0068.nii.gz'), ('reference', '/exports/lkeb-hpc/smaijer/data/nnUNet_raw_data_base/nnUNet_raw_data/Task501/labelsTr/panc_0068.nii.gz')]), OrderedDict([('1', OrderedDict([('Accuracy', 0.9994646647330107), ('Dice', 0.8773429462784688), ('False Discovery Rate', 0.13173469303291918), ('False Negative Rate', 0.11338759709578994), ('False Omission Rate', 0.0002453935658227768), ('False Positive Rate', 0.00029111144300275615), ('Jaccard', 0.7814879382533936), ('Negative Predictive Value', 0.9997546064341772), ('Precision', 0.8682653069670808), ('Recall', 0.8866124029042101), ('Total Positives Reference', 118311), ('Total Positives Test', 120811), ('True Negative Rate', 0.9997088885569972)])), ('test', '/exports/lkeb-hpc/smaijer/output/501/3d_fullres/nnUNetTrainerV2_Hybrid2/501/imagesTr/panc_0069.nii.gz'), ('reference', '/exports/lkeb-hpc/smaijer/data/nnUNet_raw_data_base/nnUNet_raw_data/Task501/labelsTr/panc_0069.nii.gz')]), OrderedDict([('1', OrderedDict([('Accuracy', 0.9995918667193541), ('Dice', 0.9142590404745577), ('False Discovery Rate', 0.09354444999631395), ('False Negative Rate', 0.07780194504862625), ('False Omission Rate', 0.0001840191327861839), ('False Positive Rate', 0.00022508699405365817), ('Jaccard', 0.8420600074571783), ('Negative Predictive Value', 0.9998159808672138), ('Precision', 0.906455550003686), ('Recall', 0.9221980549513737), ('Total Positives Reference', 119997), ('Total Positives Test', 122081), ('True Negative Rate', 0.9997749130059463)])), ('test', '/exports/lkeb-hpc/smaijer/output/501/3d_fullres/nnUNetTrainerV2_Hybrid2/501/imagesTr/panc_0071.nii.gz'), ('reference', '/exports/lkeb-hpc/smaijer/data/nnUNet_raw_data_base/nnUNet_raw_data/Task501/labelsTr/panc_0071.nii.gz')]), OrderedDict([('1', OrderedDict([('Accuracy', 0.9995041080549651), ('Dice', 0.9207595655356849), ('False Discovery Rate', 0.08111025627262591), ('False Negative Rate', 0.07736298744850056), ('False Omission Rate', 0.0002423386226706234), ('False Positive Rate', 0.00025510977373566224), ('Jaccard', 0.8531551785239656), ('Negative Predictive Value', 0.9997576613773294), ('Precision', 0.9188897437273741), ('Recall', 0.9226370125514994), ('Total Positives Reference', 166992), ('Total Positives Test', 167673), ('True Negative Rate', 0.9997448902262643)])), ('test', '/exports/lkeb-hpc/smaijer/output/501/3d_fullres/nnUNetTrainerV2_Hybrid2/501/imagesTr/panc_0072.nii.gz'), ('reference', '/exports/lkeb-hpc/smaijer/data/nnUNet_raw_data_base/nnUNet_raw_data/Task501/labelsTr/panc_0072.nii.gz')]), OrderedDict([('1', OrderedDict([('Accuracy', 0.9996879729465465), ('Dice', 0.9215327857507625), ('False Discovery Rate', 0.08937161614065536), ('False Negative Rate', 0.06729849578297542), ('False Omission Rate', 0.00013247142346458756), ('False Positive Rate', 0.0001801761200179719), ('Jaccard', 0.8544838207179778), ('Negative Predictive Value', 0.9998675285765354), ('Precision', 0.9106283838593446), ('Recall', 0.9327015042170246), ('Total Positives Reference', 103509), ('Total Positives Test', 106018), ('True Negative Rate', 0.999819823879982)])), ('test', '/exports/lkeb-hpc/smaijer/output/501/3d_fullres/nnUNetTrainerV2_Hybrid2/501/imagesTr/panc_0074.nii.gz'), ('reference', '/exports/lkeb-hpc/smaijer/data/nnUNet_raw_data_base/nnUNet_raw_data/Task501/labelsTr/panc_0074.nii.gz')]), OrderedDict([('1', OrderedDict([('Accuracy', 0.999718461717878), ('Dice', 0.9158933658933659), ('False Discovery Rate', 0.10314249845565227), ('False Negative Rate', 0.06424517121649997), ('False Omission Rate', 0.00010542496753235122), ('False Positive Rate', 0.00017658278268062322), ('Jaccard', 0.8448369718243763), ('Negative Predictive Value', 0.9998945750324677), ('Precision', 0.8968575015443477), ('Recall', 0.9357548287835), ('Total Positives Reference', 96194), ('Total Positives Test', 100366), ('True Negative Rate', 0.9998234172173194)])), ('test', '/exports/lkeb-hpc/smaijer/output/501/3d_fullres/nnUNetTrainerV2_Hybrid2/501/imagesTr/panc_0075.nii.gz'), ('reference', '/exports/lkeb-hpc/smaijer/data/nnUNet_raw_data_base/nnUNet_raw_data/Task501/labelsTr/panc_0075.nii.gz')]), OrderedDict([('1', OrderedDict([('Accuracy', 0.9996144612630208), ('Dice', 0.863199824681268), ('False Discovery Rate', 0.19462853156609694), ('False Negative Rate', 0.07002486007527464), ('False Omission Rate', 9.172760205982863e-05), ('False Positive Rate', 0.0002943346473623931), ('Jaccard', 0.7593241480977491), ('Negative Predictive Value', 0.9999082723979402), ('Precision', 0.8053714684339031), ('Recall', 0.9299751399247254), ('Total Positives Reference', 72003), ('Total Positives Test', 83143), ('True Negative Rate', 0.9997056653526376)])), ('test', '/exports/lkeb-hpc/smaijer/output/501/3d_fullres/nnUNetTrainerV2_Hybrid2/501/imagesTr/panc_0076.nii.gz'), ('reference', '/exports/lkeb-hpc/smaijer/data/nnUNet_raw_data_base/nnUNet_raw_data/Task501/labelsTr/panc_0076.nii.gz')]), OrderedDict([('1', OrderedDict([('Accuracy', 0.9996658619892955), ('Dice', 0.8832283424020323), ('False Discovery Rate', 0.14062395617609724), ('False Negative Rate', 0.09155750150065323), ('False Omission Rate', 0.00012754604717272273), ('False Positive Rate', 0.0002070675482377382), ('Jaccard', 0.7908763948233992), ('Negative Predictive Value', 0.9998724539528273), ('Precision', 0.8593760438239028), ('Recall', 0.9084424984993468), ('Total Positives Reference', 84963), ('Total Positives Test', 89814), ('True Negative Rate', 0.9997929324517623)])), ('test', '/exports/lkeb-hpc/smaijer/output/501/3d_fullres/nnUNetTrainerV2_Hybrid2/501/imagesTr/panc_0077.nii.gz'), ('reference', '/exports/lkeb-hpc/smaijer/data/nnUNet_raw_data_base/nnUNet_raw_data/Task501/labelsTr/panc_0077.nii.gz')]), OrderedDict([('1', OrderedDict([('Accuracy', 0.9996547329810358), ('Dice', 0.87287736276482), ('False Discovery Rate', 0.1268932012435534), ('False Negative Rate', 0.12735195267558674), ('False Omission Rate', 0.00017322554805498873), ('False Positive Rate', 0.00017251098349702065), ('Jaccard', 0.7744298037576274), ('Negative Predictive Value', 0.999826774451945), ('Precision', 0.8731067987564466), ('Recall', 0.8726480473244133), ('Total Positives Reference', 110387), ('Total Positives Test', 110329), ('True Negative Rate', 0.999827489016503)])), ('test', '/exports/lkeb-hpc/smaijer/output/501/3d_fullres/nnUNetTrainerV2_Hybrid2/501/imagesTr/panc_0078.nii.gz'), ('reference', '/exports/lkeb-hpc/smaijer/data/nnUNet_raw_data_base/nnUNet_raw_data/Task501/labelsTr/panc_0078.nii.gz')]), OrderedDict([('1', OrderedDict([('Accuracy', 0.9996740181607554), ('Dice', 0.8968138280727581), ('False Discovery Rate', 0.1447538652108088), ('False Negative Rate', 0.05737141239052612), ('False Omission Rate', 8.636128223227823e-05), ('False Positive Rate', 0.00024012446288967926), ('Jaccard', 0.8129306284777338), ('Negative Predictive Value', 0.9999136387177677), ('Precision', 0.8552461347891912), ('Recall', 0.9426285876094739), ('Total Positives Reference', 98882), ('Total Positives Test', 108985), ('True Negative Rate', 0.9997598755371103)])), ('test', '/exports/lkeb-hpc/smaijer/output/501/3d_fullres/nnUNetTrainerV2_Hybrid2/501/imagesTr/panc_0079.nii.gz'), ('reference', '/exports/lkeb-hpc/smaijer/data/nnUNet_raw_data_base/nnUNet_raw_data/Task501/labelsTr/panc_0079.nii.gz')]), OrderedDict([('1', OrderedDict([('Accuracy', 0.9995810155710463), ('Dice', 0.8828023675336619), ('False Discovery Rate', 0.148888282635384), ('False Negative Rate', 0.0830557460566278), ('False Omission Rate', 0.0001432007353364094), ('False Positive Rate', 0.000276525085034951), ('Jaccard', 0.7901935538341389), ('Negative Predictive Value', 0.9998567992646636), ('Precision', 0.851111717364616), ('Recall', 0.9169442539433722), ('Total Positives Reference', 81656), ('Total Positives Test', 87972), ('True Negative Rate', 0.999723474914965)])), ('test', '/exports/lkeb-hpc/smaijer/output/501/3d_fullres/nnUNetTrainerV2_Hybrid2/501/imagesTr/panc_0080.nii.gz'), ('reference', '/exports/lkeb-hpc/smaijer/data/nnUNet_raw_data_base/nnUNet_raw_data/Task501/labelsTr/panc_0080.nii.gz')])]), ('mean', OrderedDict([('1', OrderedDict([('Accuracy', 0.9996064012847393), ('Dice', 0.8892828053416637), ('False Discovery Rate', 0.1235074811613492), ('False Negative Rate', 0.0960625732540189), ('False Omission Rate', 0.00017233345271620843), ('False Positive Rate', 0.00022202561224276453), ('Jaccard', 0.8012031373476204), ('Negative Predictive Value', 0.9998276665472838), ('Precision', 0.8764925188386508), ('Recall', 0.9039374267459811), ('Total Positives Reference', 107502.60294117648), ('Total Positives Test', 110588.75), ('True Negative Rate', 0.9997779743877571)]))]))])
OrderedDict([('all', [OrderedDict([('1', OrderedDict([('Accuracy', 0.9995783805847168), ('Dice', 0.8183797551556979), ('False Discovery Rate', 0.11753761646707916), ('False Negative Rate', 0.23702587802729513), ('False Omission Rate', 0.0002954166173868066), ('False Positive Rate', 0.00012667850813652404), ('Jaccard', 0.6925911761638216), ('Negative Predictive Value', 0.9997045833826131), ('Precision', 0.8824623835329208), ('Recall', 0.7629741219727049), ('Total Positives Reference', 78329), ('Total Positives Test', 67723), ('True Negative Rate', 0.9998733214918635)])), ('test', '/exports/lkeb-hpc/smaijer/output/501/3d_fullres/nnUNetTrainerV2_Hybrid2/501/imagesTs/panc_0001.nii.gz'), ('reference', '/exports/lkeb-hpc/smaijer/data/nnUNet_raw_data_base/nnUNet_raw_data/Task501/labelsTs/panc_0001.nii.gz')]), OrderedDict([('1', OrderedDict([('Accuracy', 0.9990538577644192), ('Dice', 0.6042479057612934), ('False Discovery Rate', 0.10970373035864223), ('False Negative Rate', 0.542685331230284), ('False Omission Rate', 0.0008578350856458927), ('False Positive Rate', 8.914391277881073e-05), ('Jaccard', 0.43291921843102943), ('Negative Predictive Value', 0.9991421649143541), ('Precision', 0.8902962696413578), ('Recall', 0.4573146687697161), ('Total Positives Reference', 81152), ('Total Positives Test', 41685), ('True Negative Rate', 0.9999108560872212)])), ('test', '/exports/lkeb-hpc/smaijer/output/501/3d_fullres/nnUNetTrainerV2_Hybrid2/501/imagesTs/panc_0009.nii.gz'), ('reference', '/exports/lkeb-hpc/smaijer/data/nnUNet_raw_data_base/nnUNet_raw_data/Task501/labelsTs/panc_0009.nii.gz')]), OrderedDict([('1', OrderedDict([('Accuracy', 0.9996544622605846), ('Dice', 0.8789738638714572), ('False Discovery Rate', 0.1746956746956747), ('False Negative Rate', 0.059890839356837255), ('False Omission Rate', 8.005808351990548e-05), ('False Positive Rate', 0.0002659563457007019), ('Jaccard', 0.7840797244094488), ('Negative Predictive Value', 0.9999199419164801), ('Precision', 0.8253043253043253), ('Recall', 0.9401091606431627), ('Total Positives Reference', 108464), ('Total Positives Test', 123552), ('True Negative Rate', 0.9997340436542993)])), ('test', '/exports/lkeb-hpc/smaijer/output/501/3d_fullres/nnUNetTrainerV2_Hybrid2/501/imagesTs/panc_0017.nii.gz'), ('reference', '/exports/lkeb-hpc/smaijer/data/nnUNet_raw_data_base/nnUNet_raw_data/Task501/labelsTs/panc_0017.nii.gz')]), OrderedDict([('1', OrderedDict([('Accuracy', 0.9996431781399635), ('Dice', 0.8972761184776872), ('False Discovery Rate', 0.07711479041567071), ('False Negative Rate', 0.12695009547970793), ('False Omission Rate', 0.00022698861751001658), ('False Positive Rate', 0.00013044938852802002), ('Jaccard', 0.8136906559409917), ('Negative Predictive Value', 0.99977301138249), ('Precision', 0.9228852095843293), ('Recall', 0.8730499045202921), ('Total Positives Reference', 145057), ('Total Positives Test', 137224), ('True Negative Rate', 0.999869550611472)])), ('test', '/exports/lkeb-hpc/smaijer/output/501/3d_fullres/nnUNetTrainerV2_Hybrid2/501/imagesTs/panc_0026.nii.gz'), ('reference', '/exports/lkeb-hpc/smaijer/data/nnUNet_raw_data_base/nnUNet_raw_data/Task501/labelsTs/panc_0026.nii.gz')]), OrderedDict([('1', OrderedDict([('Accuracy', 0.9990918928577054), ('Dice', 0.6176459921142756), ('False Discovery Rate', 0.2903575297941495), ('False Negative Rate', 0.4532353642651402), ('False Omission Rate', 0.0006086302810570111), ('False Positive Rate', 0.0003005090491200457), ('Jaccard', 0.4468073941919911), ('Negative Predictive Value', 0.9993913697189429), ('Precision', 0.7096424702058505), ('Recall', 0.5467646357348598), ('Total Positives Reference', 109014), ('Total Positives Test', 83993), ('True Negative Rate', 0.99969949095088)])), ('test', '/exports/lkeb-hpc/smaijer/output/501/3d_fullres/nnUNetTrainerV2_Hybrid2/501/imagesTs/panc_0033.nii.gz'), ('reference', '/exports/lkeb-hpc/smaijer/data/nnUNet_raw_data_base/nnUNet_raw_data/Task501/labelsTs/panc_0033.nii.gz')]), OrderedDict([('1', OrderedDict([('Accuracy', 0.9995319189401618), ('Dice', 0.8225718870307438), ('False Discovery Rate', 0.15679333550146346), ('False Negative Rate', 0.19707707516943196), ('False Omission Rate', 0.00026666373561114165), ('False Positive Rate', 0.00020203348353220463), ('Jaccard', 0.6986175019690751), ('Negative Predictive Value', 0.9997333362643889), ('Precision', 0.8432066644985365), ('Recall', 0.802922924830568), ('Total Positives Reference', 83957), ('Total Positives Test', 79946), ('True Negative Rate', 0.9997979665164678)])), ('test', '/exports/lkeb-hpc/smaijer/output/501/3d_fullres/nnUNetTrainerV2_Hybrid2/501/imagesTs/panc_0041.nii.gz'), ('reference', '/exports/lkeb-hpc/smaijer/data/nnUNet_raw_data_base/nnUNet_raw_data/Task501/labelsTs/panc_0041.nii.gz')]), OrderedDict([('1', OrderedDict([('Accuracy', 0.9994921125807203), ('Dice', 0.8305519087776828), ('False Discovery Rate', 0.22511526406435534), ('False Negative Rate', 0.10516368128474363), ('False Omission Rate', 0.00014651696406730403), ('False Positive Rate', 0.00036210949809911686), ('Jaccard', 0.7102084436339392), ('Negative Predictive Value', 0.9998534830359327), ('Precision', 0.7748847359356447), ('Recall', 0.8948363187152564), ('Total Positives Reference', 80950), ('Total Positives Test', 93481), ('True Negative Rate', 0.9996378905019009)])), ('test', '/exports/lkeb-hpc/smaijer/output/501/3d_fullres/nnUNetTrainerV2_Hybrid2/501/imagesTs/panc_0049.nii.gz'), ('reference', '/exports/lkeb-hpc/smaijer/data/nnUNet_raw_data_base/nnUNet_raw_data/Task501/labelsTs/panc_0049.nii.gz')]), OrderedDict([('1', OrderedDict([('Accuracy', 0.9996681548001474), ('Dice', 0.8911105255067308), ('False Discovery Rate', 0.09744325448459168), ('False Negative Rate', 0.12004900844636723), ('False Omission Rate', 0.00018552616734155328), ('False Positive Rate', 0.00014682471118543372), ('Jaccard', 0.8036062619441336), ('Negative Predictive Value', 0.9998144738326584), ('Precision', 0.9025567455154083), ('Recall', 0.8799509915536328), ('Total Positives Reference', 92229), ('Total Positives Test', 89919), ('True Negative Rate', 0.9998531752888146)])), ('test', '/exports/lkeb-hpc/smaijer/output/501/3d_fullres/nnUNetTrainerV2_Hybrid2/501/imagesTs/panc_0057.nii.gz'), ('reference', '/exports/lkeb-hpc/smaijer/data/nnUNet_raw_data_base/nnUNet_raw_data/Task501/labelsTs/panc_0057.nii.gz')]), OrderedDict([('1', OrderedDict([('Accuracy', 0.999677958311858), ('Dice', 0.8685907829784167), ('False Discovery Rate', 0.16944597574421172), ('False Negative Rate', 0.0897213201419832), ('False Omission Rate', 0.00010503877734580237), ('False Positive Rate', 0.00021739169256784763), ('Jaccard', 0.7677070063694268), ('Negative Predictive Value', 0.9998949612226542), ('Precision', 0.8305540242557883), ('Recall', 0.9102786798580168), ('Total Positives Reference', 66205), ('Total Positives Test', 72560), ('True Negative Rate', 0.9997826083074322)])), ('test', '/exports/lkeb-hpc/smaijer/output/501/3d_fullres/nnUNetTrainerV2_Hybrid2/501/imagesTs/panc_0065.nii.gz'), ('reference', '/exports/lkeb-hpc/smaijer/data/nnUNet_raw_data_base/nnUNet_raw_data/Task501/labelsTs/panc_0065.nii.gz')]), OrderedDict([('1', OrderedDict([('Accuracy', 0.9991730474656628), ('Dice', 0.7774399735055473), ('False Discovery Rate', 0.20223207003425592), ('False Negative Rate', 0.2418777693092713), ('False Omission Rate', 0.00046165123999365265), ('False Positive Rate', 0.0003668359852564418), ('Jaccard', 0.6359114944521498), ('Negative Predictive Value', 0.9995383487600064), ('Precision', 0.7977679299657441), ('Recall', 0.7581222306907287), ('Total Positives Reference', 154822), ('Total Positives Test', 147128), ('True Negative Rate', 0.9996331640147436)])), ('test', '/exports/lkeb-hpc/smaijer/output/501/3d_fullres/nnUNetTrainerV2_Hybrid2/501/imagesTs/panc_0073.nii.gz'), ('reference', '/exports/lkeb-hpc/smaijer/data/nnUNet_raw_data_base/nnUNet_raw_data/Task501/labelsTs/panc_0073.nii.gz')]), OrderedDict([('1', OrderedDict([('Accuracy', 0.9996956090607712), ('Dice', 0.8542131074453856), ('False Discovery Rate', 0.1247536813442729), ('False Negative Rate', 0.16583292072868827), ('False Omission Rate', 0.00017746384884355436), ('False Positive Rate', 0.00012724393277663282), ('Jaccard', 0.7455252918287938), ('Negative Predictive Value', 0.9998225361511565), ('Precision', 0.8752463186557271), ('Recall', 0.8341670792713117), ('Total Positives Reference', 58571), ('Total Positives Test', 55822), ('True Negative Rate', 0.9998727560672234)])), ('test', '/exports/lkeb-hpc/smaijer/output/501/3d_fullres/nnUNetTrainerV2_Hybrid2/501/imagesTs/panc_0081.nii.gz'), ('reference', '/exports/lkeb-hpc/smaijer/data/nnUNet_raw_data_base/nnUNet_raw_data/Task501/labelsTs/panc_0081.nii.gz')]), OrderedDict([('1', OrderedDict([('Accuracy', 0.9995116005956599), ('Dice', 0.8254477670465171), ('False Discovery Rate', 0.2656942610898241), ('False Negative Rate', 0.05757892996859326), ('False Omission Rate', 7.066615342977753e-05), ('False Positive Rate', 0.00041835702282444487), ('Jaccard', 0.7027765508315271), ('Negative Predictive Value', 0.9999293338465702), ('Precision', 0.7343057389101759), ('Recall', 0.9424210700314067), ('Total Positives Reference', 72596), ('Total Positives Test', 93171), ('True Negative Rate', 0.9995816429771756)])), ('test', '/exports/lkeb-hpc/smaijer/output/501/3d_fullres/nnUNetTrainerV2_Hybrid2/501/imagesTs/panc_0082.nii.gz'), ('reference', '/exports/lkeb-hpc/smaijer/data/nnUNet_raw_data_base/nnUNet_raw_data/Task501/labelsTs/panc_0082.nii.gz')])]), ('mean', OrderedDict([('1', OrderedDict([('Accuracy', 0.9994810144468643), ('Dice', 0.8072041323059529), ('False Discovery Rate', 0.16757393199951598), ('False Negative Rate', 0.19975735111736193), ('False Omission Rate', 0.00029020463097936816), ('False Positive Rate', 0.0002294611275421854), ('Jaccard', 0.6862033933471939), ('Negative Predictive Value', 0.9997097953690207), ('Precision', 0.8324260680004839), ('Recall', 0.8002426488826381), ('Total Positives Reference', 94278.83333333333), ('Total Positives Test', 90517.0), ('True Negative Rate', 0.9997705388724579)]))]))])
