Starting at Tue Jul  5 23:26:42 CEST 2022
Running on hosts: res-hpc-lkeb09
Running on 1 nodes.
Running 1 tasks.
CPUs on node: 8.
Account: div2-lkeb
Job ID: 10627486
Job name: PancreasTrain
Node running script: res-hpc-lkeb09
Submit host: res-hpc-lo02.researchlumc.nl
GPUS: 0 or 
Tue Jul  5 23:26:43 2022       
+-----------------------------------------------------------------------------+
| NVIDIA-SMI 470.103.01   Driver Version: 470.103.01   CUDA Version: 11.4     |
|-------------------------------+----------------------+----------------------+
| GPU  Name        Persistence-M| Bus-Id        Disp.A | Volatile Uncorr. ECC |
| Fan  Temp  Perf  Pwr:Usage/Cap|         Memory-Usage | GPU-Util  Compute M. |
|                               |                      |               MIG M. |
|===============================+======================+======================|
|   0  NVIDIA RTX A6000    On   | 00000000:3B:00.0 Off |                  Off |
| 30%   23C    P8    14W / 300W |      0MiB / 48685MiB |      0%      Default |
|                               |                      |                  N/A |
+-------------------------------+----------------------+----------------------+
                                                                               
+-----------------------------------------------------------------------------+
| Processes:                                                                  |
|  GPU   GI   CI        PID   Type   Process name                  GPU Memory |
|        ID   ID                                                   Usage      |
|=============================================================================|
|  No running processes found                                                 |
+-----------------------------------------------------------------------------+
Current working directory is /home/smaijer
Load all modules..
Done with loading all modules. Modules:
Activate conda env nnunet..
Verifying environment variables:
Installing hidden layer and nnUnet..
Collecting hiddenlayer
  Cloning https://github.com/FabianIsensee/hiddenlayer.git (to revision more_plotted_details) to /tmp/pip-install-39pe5l_8/hiddenlayer_d5365fc158e04abaae8603052b7fe21a
  Resolved https://github.com/FabianIsensee/hiddenlayer.git to commit 4b98f9e5cccebac67368f02b95f4700b522345b1
Using legacy 'setup.py install' for hiddenlayer, since package 'wheel' is not installed.
Installing collected packages: hiddenlayer
    Running setup.py install for hiddenlayer: started
    Running setup.py install for hiddenlayer: finished with status 'done'
Successfully installed hiddenlayer-0.2
Obtaining file:///home/smaijer/code/nnUNet
Collecting torch>1.10.0
  Using cached torch-1.12.0-cp310-cp310-manylinux1_x86_64.whl (776.3 MB)
Collecting tqdm
  Using cached tqdm-4.64.0-py2.py3-none-any.whl (78 kB)
Collecting dicom2nifti
  Using cached dicom2nifti-2.4.2-py3-none-any.whl (43 kB)
Collecting scikit-image>=0.14
  Using cached scikit_image-0.19.3-cp310-cp310-manylinux_2_17_x86_64.manylinux2014_x86_64.whl (13.9 MB)
Collecting medpy
  Using cached MedPy-0.4.0-py3-none-any.whl
Collecting scipy
  Using cached scipy-1.8.1-cp310-cp310-manylinux_2_17_x86_64.manylinux2014_x86_64.whl (42.2 MB)
Collecting batchgenerators>=0.23
  Using cached batchgenerators-0.24-py3-none-any.whl
Collecting numpy
  Using cached numpy-1.23.0-cp310-cp310-manylinux_2_17_x86_64.manylinux2014_x86_64.whl (17.0 MB)
Collecting sklearn
  Using cached sklearn-0.0-py2.py3-none-any.whl
Collecting SimpleITK
  Using cached SimpleITK-2.1.1.2-cp310-cp310-manylinux_2_12_x86_64.manylinux2010_x86_64.whl (48.4 MB)
Collecting pandas
  Using cached pandas-1.4.3-cp310-cp310-manylinux_2_17_x86_64.manylinux2014_x86_64.whl (11.6 MB)
Collecting requests
  Using cached requests-2.28.1-py3-none-any.whl (62 kB)
Collecting nibabel
  Using cached nibabel-4.0.1-py3-none-any.whl (3.3 MB)
Collecting tifffile
  Using cached tifffile-2022.5.4-py3-none-any.whl (195 kB)
Collecting matplotlib
  Using cached matplotlib-3.5.2-cp310-cp310-manylinux_2_17_x86_64.manylinux2014_x86_64.whl (11.9 MB)
Collecting monai
  Using cached monai-0.9.0-202206131636-py3-none-any.whl (939 kB)
Collecting einops
  Using cached einops-0.4.1-py3-none-any.whl (28 kB)
Collecting ipython
  Using cached ipython-8.4.0-py3-none-any.whl (750 kB)
Collecting graphviz
  Using cached graphviz-0.20-py3-none-any.whl (46 kB)
Collecting threadpoolctl
  Using cached threadpoolctl-3.1.0-py3-none-any.whl (14 kB)
Collecting scikit-learn
  Using cached scikit_learn-1.1.1-cp310-cp310-manylinux_2_17_x86_64.manylinux2014_x86_64.whl (30.4 MB)
Collecting pillow>=7.1.2
  Using cached Pillow-9.2.0-cp310-cp310-manylinux_2_28_x86_64.whl (3.2 MB)
Collecting future
  Using cached future-0.18.2-py3-none-any.whl
Collecting unittest2
  Using cached unittest2-1.1.0-py2.py3-none-any.whl (96 kB)
Collecting networkx>=2.2
  Using cached networkx-2.8.4-py3-none-any.whl (2.0 MB)
Collecting PyWavelets>=1.1.1
  Using cached PyWavelets-1.3.0-cp310-cp310-manylinux_2_17_x86_64.manylinux2014_x86_64.whl (6.9 MB)
Collecting packaging>=20.0
  Using cached packaging-21.3-py3-none-any.whl (40 kB)
Collecting imageio>=2.4.1
  Using cached imageio-2.19.3-py3-none-any.whl (3.4 MB)
Collecting pyparsing!=3.0.5,>=2.0.2
  Using cached pyparsing-3.0.9-py3-none-any.whl (98 kB)
Collecting typing-extensions
  Using cached typing_extensions-4.3.0-py3-none-any.whl (25 kB)
Collecting python-gdcm
  Using cached python_gdcm-3.0.14-cp310-cp310-manylinux_2_17_x86_64.manylinux2014_x86_64.whl (12.8 MB)
Collecting pydicom>=2.2.0
  Using cached pydicom-2.3.0-py3-none-any.whl (2.0 MB)
Collecting pygments>=2.4.0
  Using cached Pygments-2.12.0-py3-none-any.whl (1.1 MB)
Collecting backcall
  Using cached backcall-0.2.0-py2.py3-none-any.whl (11 kB)
Collecting decorator
  Using cached decorator-5.1.1-py3-none-any.whl (9.1 kB)
Collecting setuptools>=18.5
  Using cached setuptools-63.1.0-py3-none-any.whl (1.2 MB)
Collecting traitlets>=5
  Using cached traitlets-5.3.0-py3-none-any.whl (106 kB)
Collecting jedi>=0.16
  Using cached jedi-0.18.1-py2.py3-none-any.whl (1.6 MB)
Collecting stack-data
  Using cached stack_data-0.3.0-py3-none-any.whl (23 kB)
Collecting prompt-toolkit!=3.0.0,!=3.0.1,<3.1.0,>=2.0.0
  Using cached prompt_toolkit-3.0.30-py3-none-any.whl (381 kB)
Collecting pickleshare
  Using cached pickleshare-0.7.5-py2.py3-none-any.whl (6.9 kB)
Collecting pexpect>4.3
  Using cached pexpect-4.8.0-py2.py3-none-any.whl (59 kB)
Collecting matplotlib-inline
  Using cached matplotlib_inline-0.1.3-py3-none-any.whl (8.2 kB)
Collecting parso<0.9.0,>=0.8.0
  Using cached parso-0.8.3-py2.py3-none-any.whl (100 kB)
Collecting ptyprocess>=0.5
  Using cached ptyprocess-0.7.0-py2.py3-none-any.whl (13 kB)
Collecting wcwidth
  Using cached wcwidth-0.2.5-py2.py3-none-any.whl (30 kB)
Collecting cycler>=0.10
  Using cached cycler-0.11.0-py3-none-any.whl (6.4 kB)
Collecting python-dateutil>=2.7
  Using cached python_dateutil-2.8.2-py2.py3-none-any.whl (247 kB)
Collecting fonttools>=4.22.0
  Using cached fonttools-4.33.3-py3-none-any.whl (930 kB)
Collecting kiwisolver>=1.0.1
  Using cached kiwisolver-1.4.3-cp310-cp310-manylinux_2_12_x86_64.manylinux2010_x86_64.whl (1.6 MB)
Collecting six>=1.5
  Using cached six-1.16.0-py2.py3-none-any.whl (11 kB)
Collecting pytz>=2020.1
  Using cached pytz-2022.1-py2.py3-none-any.whl (503 kB)
Collecting charset-normalizer<3,>=2
  Using cached charset_normalizer-2.1.0-py3-none-any.whl (39 kB)
Collecting certifi>=2017.4.17
  Using cached certifi-2022.6.15-py3-none-any.whl (160 kB)
Collecting idna<4,>=2.5
  Using cached idna-3.3-py3-none-any.whl (61 kB)
Collecting urllib3<1.27,>=1.21.1
  Using cached urllib3-1.26.9-py2.py3-none-any.whl (138 kB)
Collecting joblib>=1.0.0
  Using cached joblib-1.1.0-py2.py3-none-any.whl (306 kB)
Collecting executing
  Using cached executing-0.8.3-py2.py3-none-any.whl (16 kB)
Collecting asttokens
  Using cached asttokens-2.0.5-py2.py3-none-any.whl (20 kB)
Collecting pure-eval
  Using cached pure_eval-0.2.2-py3-none-any.whl (11 kB)
Collecting traceback2
  Using cached traceback2-1.4.0-py2.py3-none-any.whl (16 kB)
Collecting argparse
  Using cached argparse-1.4.0-py2.py3-none-any.whl (23 kB)
Collecting linecache2
  Using cached linecache2-1.0.0-py2.py3-none-any.whl (12 kB)
Installing collected packages: six, pyparsing, pillow, numpy, linecache2, wcwidth, typing-extensions, traitlets, traceback2, tifffile, threadpoolctl, setuptools, scipy, PyWavelets, pure-eval, ptyprocess, parso, packaging, networkx, joblib, imageio, executing, asttokens, argparse, urllib3, unittest2, torch, stack-data, SimpleITK, scikit-learn, scikit-image, pytz, python-gdcm, python-dateutil, pygments, pydicom, prompt-toolkit, pickleshare, pexpect, nibabel, matplotlib-inline, kiwisolver, jedi, idna, future, fonttools, decorator, cycler, charset-normalizer, certifi, backcall, tqdm, sklearn, requests, pandas, monai, medpy, matplotlib, ipython, graphviz, einops, dicom2nifti, batchgenerators, nnunet
  Running setup.py develop for nnunet
Successfully installed PyWavelets-1.3.0 SimpleITK-2.1.1.2 argparse-1.4.0 asttokens-2.0.5 backcall-0.2.0 batchgenerators-0.24 certifi-2022.6.15 charset-normalizer-2.1.0 cycler-0.11.0 decorator-5.1.1 dicom2nifti-2.4.2 einops-0.4.1 executing-0.8.3 fonttools-4.33.3 future-0.18.2 graphviz-0.20 idna-3.3 imageio-2.19.3 ipython-8.4.0 jedi-0.18.1 joblib-1.1.0 kiwisolver-1.4.3 linecache2-1.0.0 matplotlib-3.5.2 matplotlib-inline-0.1.3 medpy-0.4.0 monai-0.9.0 networkx-2.8.4 nibabel-4.0.1 nnunet numpy-1.23.0 packaging-21.3 pandas-1.4.3 parso-0.8.3 pexpect-4.8.0 pickleshare-0.7.5 pillow-9.2.0 prompt-toolkit-3.0.30 ptyprocess-0.7.0 pure-eval-0.2.2 pydicom-2.3.0 pygments-2.12.0 pyparsing-3.0.9 python-dateutil-2.8.2 python-gdcm-3.0.14 pytz-2022.1 requests-2.28.1 scikit-image-0.19.3 scikit-learn-1.1.1 scipy-1.8.1 setuptools-63.1.0 six-1.16.0 sklearn-0.0 stack-data-0.3.0 threadpoolctl-3.1.0 tifffile-2022.5.4 torch-1.12.0 tqdm-4.64.0 traceback2-1.4.0 traitlets-5.3.0 typing-extensions-4.3.0 unittest2-1.1.0 urllib3-1.26.9 wcwidth-0.2.5
1.12.0+cu116
8302
/exports/lkeb-hpc/smaijer/venv_environments/pancreasThesis/lib/python3.10/site-packages/torch/__init__.py


Please cite the following paper when using nnUNet:

Isensee, F., Jaeger, P.F., Kohl, S.A.A. et al. "nnU-Net: a self-configuring method for deep learning-based biomedical image segmentation." Nat Methods (2020). https://doi.org/10.1038/s41592-020-01008-z


If you have questions or suggestions, feel free to open an issue at https://github.com/MIC-DKFZ/nnUNet

Suus0 - run_training. Args:
Namespace(network='3d_fullres', network_trainer='nnUNetTrainerV2', task='700', fold='4', validation_only=False, continue_training=False, p='nnUNetPlansv2.1', use_compressed_data=False, deterministic=False, npz=False, find_lr=False, valbest=False, fp32=False, val_folder='validation_raw', disable_saving=False, disable_postprocessing_on_folds=False, val_disable_overwrite=False, disable_next_stage_pred=False, pretrained_weights=None)
###############################################
I am running the following nnUNet: 3d_fullres
My trainer class is:  <class 'nnunet.training.network_training.nnUNetTrainerV2.nnUNetTrainerV2'>
For that I will be using the following configuration:
num_classes:  15
modalities:  {0: 'CT'}
use_mask_for_norm OrderedDict([(0, False)])
keep_only_largest_region None
min_region_size_per_class None
min_size_per_class None
normalization_schemes OrderedDict([(0, 'CT')])
stages...

stage:  0
{'batch_size': 2, 'num_pool_per_axis': [4, 5, 5], 'patch_size': array([ 80, 160, 160]), 'median_patient_size_in_voxels': array([138, 243, 243]), 'current_spacing': array([3.28926364, 1.64543342, 1.64543342]), 'original_spacing': array([2.        , 0.78014851, 0.78014851]), 'do_dummy_2D_data_aug': False, 'pool_op_kernel_sizes': [[2, 2, 2], [2, 2, 2], [2, 2, 2], [2, 2, 2], [1, 2, 2]], 'conv_kernel_sizes': [[3, 3, 3], [3, 3, 3], [3, 3, 3], [3, 3, 3], [3, 3, 3], [3, 3, 3]]}

stage:  1
{'batch_size': 2, 'num_pool_per_axis': [4, 5, 5], 'patch_size': array([ 64, 160, 160]), 'median_patient_size_in_voxels': array([228, 513, 513]), 'current_spacing': array([2.        , 0.78014851, 0.78014851]), 'original_spacing': array([2.        , 0.78014851, 0.78014851]), 'do_dummy_2D_data_aug': False, 'pool_op_kernel_sizes': [[1, 2, 2], [2, 2, 2], [2, 2, 2], [2, 2, 2], [2, 2, 2]], 'conv_kernel_sizes': [[1, 3, 3], [3, 3, 3], [3, 3, 3], [3, 3, 3], [3, 3, 3], [3, 3, 3]]}

I am using stage 1 from these plans
I am using batch dice + CE loss

I am using data from this folder:  /exports/lkeb-hpc/smaijer/data/nnUNet_preprocessed/Task700/nnUNetData_plans_v2.1
###############################################
Suus1 - Initialise de NetworkTrainer
Suus2 - Initialise de nnUNetTrainer
Suus3 - Initialise de nnUNetTrainerV2
Suus4 - Initialise de trainer echt
Suus5 - zet de plans properties
Suus6 - Zet de data augmentation params
Suus7 - zet deep supervision weights die de meerdere outputs prioriteit geven
loading dataset
loading all case properties
2022-07-05 23:28:05.671243: Using splits from existing split file: /exports/lkeb-hpc/smaijer/data/nnUNet_preprocessed/Task700/splits_final.pkl
2022-07-05 23:28:05.682552: The split file contains 5 splits.
2022-07-05 23:28:05.684876: Desired fold for training: 4
2022-07-05 23:28:05.686996: This split has 192 training and 48 validation cases.
unpacking dataset
done
Suus8 - Maak network aan (BELANGRIJK!)
SuusB - first stride 
Suus10 - StackedConvLayers, input: 1 en output: 32, first_stride: None, num_convs: 2, conv_kwargs: {'stride': 1, 'dilation': 1, 'bias': True, 'kernel_size': [1, 3, 3], 'padding': [0, 1, 1]}
SuusA - first_stride [1, 2, 2]
Suus10 - StackedConvLayers, input: 32 en output: 64, first_stride: [1, 2, 2], num_convs: 2, conv_kwargs: {'stride': 1, 'dilation': 1, 'bias': True, 'kernel_size': [3, 3, 3], 'padding': [1, 1, 1]}
SuusA - first_stride [2, 2, 2]
Suus10 - StackedConvLayers, input: 64 en output: 128, first_stride: [2, 2, 2], num_convs: 2, conv_kwargs: {'stride': 1, 'dilation': 1, 'bias': True, 'kernel_size': [3, 3, 3], 'padding': [1, 1, 1]}
SuusA - first_stride [2, 2, 2]
Suus10 - StackedConvLayers, input: 128 en output: 256, first_stride: [2, 2, 2], num_convs: 2, conv_kwargs: {'stride': 1, 'dilation': 1, 'bias': True, 'kernel_size': [3, 3, 3], 'padding': [1, 1, 1]}
SuusA - first_stride [2, 2, 2]
Suus10 - StackedConvLayers, input: 256 en output: 320, first_stride: [2, 2, 2], num_convs: 2, conv_kwargs: {'stride': 1, 'dilation': 1, 'bias': True, 'kernel_size': [3, 3, 3], 'padding': [1, 1, 1]}
Suus10 - StackedConvLayers, input: 320 en output: 320, first_stride: [2, 2, 2], num_convs: 1, conv_kwargs: {'stride': 1, 'dilation': 1, 'bias': True, 'kernel_size': [3, 3, 3], 'padding': [1, 1, 1]}
Suus10 - StackedConvLayers, input: 320 en output: 320, first_stride: None, num_convs: 1, conv_kwargs: {'stride': 1, 'dilation': 1, 'bias': True, 'kernel_size': [3, 3, 3], 'padding': [1, 1, 1]}
Suus10 - StackedConvLayers, input: 640 en output: 320, first_stride: None, num_convs: 1, conv_kwargs: {'stride': 1, 'dilation': 1, 'bias': True, 'kernel_size': [3, 3, 3], 'padding': [1, 1, 1]}
Suus10 - StackedConvLayers, input: 320 en output: 320, first_stride: None, num_convs: 1, conv_kwargs: {'stride': 1, 'dilation': 1, 'bias': True, 'kernel_size': [3, 3, 3], 'padding': [1, 1, 1]}
Suus10 - StackedConvLayers, input: 512 en output: 256, first_stride: None, num_convs: 1, conv_kwargs: {'stride': 1, 'dilation': 1, 'bias': True, 'kernel_size': [3, 3, 3], 'padding': [1, 1, 1]}
Suus10 - StackedConvLayers, input: 256 en output: 256, first_stride: None, num_convs: 1, conv_kwargs: {'stride': 1, 'dilation': 1, 'bias': True, 'kernel_size': [3, 3, 3], 'padding': [1, 1, 1]}
Suus10 - StackedConvLayers, input: 256 en output: 128, first_stride: None, num_convs: 1, conv_kwargs: {'stride': 1, 'dilation': 1, 'bias': True, 'kernel_size': [3, 3, 3], 'padding': [1, 1, 1]}
Suus10 - StackedConvLayers, input: 128 en output: 128, first_stride: None, num_convs: 1, conv_kwargs: {'stride': 1, 'dilation': 1, 'bias': True, 'kernel_size': [3, 3, 3], 'padding': [1, 1, 1]}
Suus10 - StackedConvLayers, input: 128 en output: 64, first_stride: None, num_convs: 1, conv_kwargs: {'stride': 1, 'dilation': 1, 'bias': True, 'kernel_size': [3, 3, 3], 'padding': [1, 1, 1]}
Suus10 - StackedConvLayers, input: 64 en output: 64, first_stride: None, num_convs: 1, conv_kwargs: {'stride': 1, 'dilation': 1, 'bias': True, 'kernel_size': [3, 3, 3], 'padding': [1, 1, 1]}
Suus10 - StackedConvLayers, input: 64 en output: 32, first_stride: None, num_convs: 1, conv_kwargs: {'stride': 1, 'dilation': 1, 'bias': True, 'kernel_size': [3, 3, 3], 'padding': [1, 1, 1]}
Suus10 - StackedConvLayers, input: 32 en output: 32, first_stride: None, num_convs: 1, conv_kwargs: {'stride': 1, 'dilation': 1, 'bias': True, 'kernel_size': [3, 3, 3], 'padding': [1, 1, 1]}
Generic_UNet(
  (encoder): Generic_UNETEncoder()
  (decoder): Generic_UNETDecoder()
  (conv_blocks_localization): ModuleList(
    (0): Sequential(
      (0): StackedConvLayers(
        (blocks): Sequential(
          (0): ConvDropoutNormNonlin(
            (conv): Conv3d(640, 320, kernel_size=(3, 3, 3), stride=(1, 1, 1), padding=(1, 1, 1))
            (instnorm): InstanceNorm3d(320, eps=1e-05, momentum=0.1, affine=True, track_running_stats=False)
            (lrelu): LeakyReLU(negative_slope=0.01, inplace=True)
          )
        )
      )
      (1): StackedConvLayers(
        (blocks): Sequential(
          (0): ConvDropoutNormNonlin(
            (conv): Conv3d(320, 320, kernel_size=(3, 3, 3), stride=(1, 1, 1), padding=(1, 1, 1))
            (instnorm): InstanceNorm3d(320, eps=1e-05, momentum=0.1, affine=True, track_running_stats=False)
            (lrelu): LeakyReLU(negative_slope=0.01, inplace=True)
          )
        )
      )
    )
    (1): Sequential(
      (0): StackedConvLayers(
        (blocks): Sequential(
          (0): ConvDropoutNormNonlin(
            (conv): Conv3d(512, 256, kernel_size=(3, 3, 3), stride=(1, 1, 1), padding=(1, 1, 1))
            (instnorm): InstanceNorm3d(256, eps=1e-05, momentum=0.1, affine=True, track_running_stats=False)
            (lrelu): LeakyReLU(negative_slope=0.01, inplace=True)
          )
        )
      )
      (1): StackedConvLayers(
        (blocks): Sequential(
          (0): ConvDropoutNormNonlin(
            (conv): Conv3d(256, 256, kernel_size=(3, 3, 3), stride=(1, 1, 1), padding=(1, 1, 1))
            (instnorm): InstanceNorm3d(256, eps=1e-05, momentum=0.1, affine=True, track_running_stats=False)
            (lrelu): LeakyReLU(negative_slope=0.01, inplace=True)
          )
        )
      )
    )
    (2): Sequential(
      (0): StackedConvLayers(
        (blocks): Sequential(
          (0): ConvDropoutNormNonlin(
            (conv): Conv3d(256, 128, kernel_size=(3, 3, 3), stride=(1, 1, 1), padding=(1, 1, 1))
            (instnorm): InstanceNorm3d(128, eps=1e-05, momentum=0.1, affine=True, track_running_stats=False)
            (lrelu): LeakyReLU(negative_slope=0.01, inplace=True)
          )
        )
      )
      (1): StackedConvLayers(
        (blocks): Sequential(
          (0): ConvDropoutNormNonlin(
            (conv): Conv3d(128, 128, kernel_size=(3, 3, 3), stride=(1, 1, 1), padding=(1, 1, 1))
            (instnorm): InstanceNorm3d(128, eps=1e-05, momentum=0.1, affine=True, track_running_stats=False)
            (lrelu): LeakyReLU(negative_slope=0.01, inplace=True)
          )
        )
      )
    )
    (3): Sequential(
      (0): StackedConvLayers(
        (blocks): Sequential(
          (0): ConvDropoutNormNonlin(
            (conv): Conv3d(128, 64, kernel_size=(3, 3, 3), stride=(1, 1, 1), padding=(1, 1, 1))
            (instnorm): InstanceNorm3d(64, eps=1e-05, momentum=0.1, affine=True, track_running_stats=False)
            (lrelu): LeakyReLU(negative_slope=0.01, inplace=True)
          )
        )
      )
      (1): StackedConvLayers(
        (blocks): Sequential(
          (0): ConvDropoutNormNonlin(
            (conv): Conv3d(64, 64, kernel_size=(3, 3, 3), stride=(1, 1, 1), padding=(1, 1, 1))
            (instnorm): InstanceNorm3d(64, eps=1e-05, momentum=0.1, affine=True, track_running_stats=False)
            (lrelu): LeakyReLU(negative_slope=0.01, inplace=True)
          )
        )
      )
    )
    (4): Sequential(
      (0): StackedConvLayers(
        (blocks): Sequential(
          (0): ConvDropoutNormNonlin(
            (conv): Conv3d(64, 32, kernel_size=(3, 3, 3), stride=(1, 1, 1), padding=(1, 1, 1))
            (instnorm): InstanceNorm3d(32, eps=1e-05, momentum=0.1, affine=True, track_running_stats=False)
            (lrelu): LeakyReLU(negative_slope=0.01, inplace=True)
          )
        )
      )
      (1): StackedConvLayers(
        (blocks): Sequential(
          (0): ConvDropoutNormNonlin(
            (conv): Conv3d(32, 32, kernel_size=(3, 3, 3), stride=(1, 1, 1), padding=(1, 1, 1))
            (instnorm): InstanceNorm3d(32, eps=1e-05, momentum=0.1, affine=True, track_running_stats=False)
            (lrelu): LeakyReLU(negative_slope=0.01, inplace=True)
          )
        )
      )
    )
  )
  (conv_blocks_context): ModuleList(
    (0): StackedConvLayers(
      (blocks): Sequential(
        (0): ConvDropoutNormNonlin(
          (conv): Conv3d(1, 32, kernel_size=(1, 3, 3), stride=(1, 1, 1), padding=(0, 1, 1))
          (instnorm): InstanceNorm3d(32, eps=1e-05, momentum=0.1, affine=True, track_running_stats=False)
          (lrelu): LeakyReLU(negative_slope=0.01, inplace=True)
        )
        (1): ConvDropoutNormNonlin(
          (conv): Conv3d(32, 32, kernel_size=(1, 3, 3), stride=(1, 1, 1), padding=(0, 1, 1))
          (instnorm): InstanceNorm3d(32, eps=1e-05, momentum=0.1, affine=True, track_running_stats=False)
          (lrelu): LeakyReLU(negative_slope=0.01, inplace=True)
        )
      )
    )
    (1): StackedConvLayers(
      (blocks): Sequential(
        (0): ConvDropoutNormNonlin(
          (conv): Conv3d(32, 64, kernel_size=(3, 3, 3), stride=(1, 2, 2), padding=(1, 1, 1))
          (instnorm): InstanceNorm3d(64, eps=1e-05, momentum=0.1, affine=True, track_running_stats=False)
          (lrelu): LeakyReLU(negative_slope=0.01, inplace=True)
        )
        (1): ConvDropoutNormNonlin(
          (conv): Conv3d(64, 64, kernel_size=(3, 3, 3), stride=(1, 1, 1), padding=(1, 1, 1))
          (instnorm): InstanceNorm3d(64, eps=1e-05, momentum=0.1, affine=True, track_running_stats=False)
          (lrelu): LeakyReLU(negative_slope=0.01, inplace=True)
        )
      )
    )
    (2): StackedConvLayers(
      (blocks): Sequential(
        (0): ConvDropoutNormNonlin(
          (conv): Conv3d(64, 128, kernel_size=(3, 3, 3), stride=(2, 2, 2), padding=(1, 1, 1))
          (instnorm): InstanceNorm3d(128, eps=1e-05, momentum=0.1, affine=True, track_running_stats=False)
          (lrelu): LeakyReLU(negative_slope=0.01, inplace=True)
        )
        (1): ConvDropoutNormNonlin(
          (conv): Conv3d(128, 128, kernel_size=(3, 3, 3), stride=(1, 1, 1), padding=(1, 1, 1))
          (instnorm): InstanceNorm3d(128, eps=1e-05, momentum=0.1, affine=True, track_running_stats=False)
          (lrelu): LeakyReLU(negative_slope=0.01, inplace=True)
        )
      )
    )
    (3): StackedConvLayers(
      (blocks): Sequential(
        (0): ConvDropoutNormNonlin(
          (conv): Conv3d(128, 256, kernel_size=(3, 3, 3), stride=(2, 2, 2), padding=(1, 1, 1))
          (instnorm): InstanceNorm3d(256, eps=1e-05, momentum=0.1, affine=True, track_running_stats=False)
          (lrelu): LeakyReLU(negative_slope=0.01, inplace=True)
        )
        (1): ConvDropoutNormNonlin(
          (conv): Conv3d(256, 256, kernel_size=(3, 3, 3), stride=(1, 1, 1), padding=(1, 1, 1))
          (instnorm): InstanceNorm3d(256, eps=1e-05, momentum=0.1, affine=True, track_running_stats=False)
          (lrelu): LeakyReLU(negative_slope=0.01, inplace=True)
        )
      )
    )
    (4): StackedConvLayers(
      (blocks): Sequential(
        (0): ConvDropoutNormNonlin(
          (conv): Conv3d(256, 320, kernel_size=(3, 3, 3), stride=(2, 2, 2), padding=(1, 1, 1))
          (instnorm): InstanceNorm3d(320, eps=1e-05, momentum=0.1, affine=True, track_running_stats=False)
          (lrelu): LeakyReLU(negative_slope=0.01, inplace=True)
        )
        (1): ConvDropoutNormNonlin(
          (conv): Conv3d(320, 320, kernel_size=(3, 3, 3), stride=(1, 1, 1), padding=(1, 1, 1))
          (instnorm): InstanceNorm3d(320, eps=1e-05, momentum=0.1, affine=True, track_running_stats=False)
          (lrelu): LeakyReLU(negative_slope=0.01, inplace=True)
        )
      )
    )
    (5): Sequential(
      (0): StackedConvLayers(
        (blocks): Sequential(
          (0): ConvDropoutNormNonlin(
            (conv): Conv3d(320, 320, kernel_size=(3, 3, 3), stride=(2, 2, 2), padding=(1, 1, 1))
            (instnorm): InstanceNorm3d(320, eps=1e-05, momentum=0.1, affine=True, track_running_stats=False)
            (lrelu): LeakyReLU(negative_slope=0.01, inplace=True)
          )
        )
      )
      (1): StackedConvLayers(
        (blocks): Sequential(
          (0): ConvDropoutNormNonlin(
            (conv): Conv3d(320, 320, kernel_size=(3, 3, 3), stride=(1, 1, 1), padding=(1, 1, 1))
            (instnorm): InstanceNorm3d(320, eps=1e-05, momentum=0.1, affine=True, track_running_stats=False)
            (lrelu): LeakyReLU(negative_slope=0.01, inplace=True)
          )
        )
      )
    )
  )
  (td): ModuleList()
  (tu): ModuleList(
    (0): ConvTranspose3d(320, 320, kernel_size=(2, 2, 2), stride=(2, 2, 2), bias=False)
    (1): ConvTranspose3d(320, 256, kernel_size=(2, 2, 2), stride=(2, 2, 2), bias=False)
    (2): ConvTranspose3d(256, 128, kernel_size=(2, 2, 2), stride=(2, 2, 2), bias=False)
    (3): ConvTranspose3d(128, 64, kernel_size=(2, 2, 2), stride=(2, 2, 2), bias=False)
    (4): ConvTranspose3d(64, 32, kernel_size=(1, 2, 2), stride=(1, 2, 2), bias=False)
  )
  (seg_outputs): ModuleList(
    (0): Conv3d(320, 16, kernel_size=(1, 1, 1), stride=(1, 1, 1), bias=False)
    (1): Conv3d(256, 16, kernel_size=(1, 1, 1), stride=(1, 1, 1), bias=False)
    (2): Conv3d(128, 16, kernel_size=(1, 1, 1), stride=(1, 1, 1), bias=False)
    (3): Conv3d(64, 16, kernel_size=(1, 1, 1), stride=(1, 1, 1), bias=False)
    (4): Conv3d(32, 16, kernel_size=(1, 1, 1), stride=(1, 1, 1), bias=False)
  )
)
SuusB run_training - zet learning rate als  
2022-07-05 23:28:17.220419: Suus1 maybe_update_lr lr: 0.01
SuusC - run_training!
using pin_memory on device 0
