Starting at Fri Jul  1 00:13:25 CEST 2022
Running on hosts: res-hpc-lkeb06
Running on 1 nodes.
Running 1 tasks.
CPUs on node: 8.
Account: div2-lkeb
Job ID: 10616538
Job name: 700hybr2
Node running script: res-hpc-lkeb06
Submit host: res-hpc-lo02.researchlumc.nl
GPUS: 0 or 
Tue Jul  5 10:32:16 2022       
+-----------------------------------------------------------------------------+
| NVIDIA-SMI 470.82.01    Driver Version: 470.82.01    CUDA Version: 11.4     |
|-------------------------------+----------------------+----------------------+
| GPU  Name        Persistence-M| Bus-Id        Disp.A | Volatile Uncorr. ECC |
| Fan  Temp  Perf  Pwr:Usage/Cap|         Memory-Usage | GPU-Util  Compute M. |
|                               |                      |               MIG M. |
|===============================+======================+======================|
|   0  Quadro RTX 6000     On   | 00000000:D8:00.0 Off |                  Off |
| 33%   28C    P8     4W / 260W |      0MiB / 24220MiB |      0%      Default |
|                               |                      |                  N/A |
+-------------------------------+----------------------+----------------------+
                                                                               
+-----------------------------------------------------------------------------+
| Processes:                                                                  |
|  GPU   GI   CI        PID   Type   Process name                  GPU Memory |
|        ID   ID                                                   Usage      |
|=============================================================================|
|  No running processes found                                                 |
+-----------------------------------------------------------------------------+
Current working directory is /home/smaijer
Load all modules..
Done with loading all modules. Modules:
Activate conda env nnunet..
Verifying environment variables:
Installing hidden layer and nnUnet..
Collecting hiddenlayer
  Cloning https://github.com/FabianIsensee/hiddenlayer.git (to revision more_plotted_details) to /tmp/pip-install-5uq94_m1/hiddenlayer_a1ea3ebbda9f4cd69bd6eda050ee9f32
  Resolved https://github.com/FabianIsensee/hiddenlayer.git to commit 4b98f9e5cccebac67368f02b95f4700b522345b1
Obtaining file:///home/smaijer/code/nnUNet
Requirement already satisfied: torch>1.10.0 in /exports/lkeb-hpc/smaijer/venv_environments/pancreasThesis/lib/python3.10/site-packages (from nnunet==1.7.0) (1.12.0)
Requirement already satisfied: tqdm in /exports/lkeb-hpc/smaijer/venv_environments/pancreasThesis/lib/python3.10/site-packages (from nnunet==1.7.0) (4.64.0)
Requirement already satisfied: dicom2nifti in /exports/lkeb-hpc/smaijer/venv_environments/pancreasThesis/lib/python3.10/site-packages (from nnunet==1.7.0) (2.4.2)
Requirement already satisfied: scikit-image>=0.14 in /exports/lkeb-hpc/smaijer/venv_environments/pancreasThesis/lib/python3.10/site-packages (from nnunet==1.7.0) (0.19.3)
Requirement already satisfied: medpy in /exports/lkeb-hpc/smaijer/venv_environments/pancreasThesis/lib/python3.10/site-packages (from nnunet==1.7.0) (0.4.0)
Requirement already satisfied: scipy in /exports/lkeb-hpc/smaijer/venv_environments/pancreasThesis/lib/python3.10/site-packages (from nnunet==1.7.0) (1.8.1)
Requirement already satisfied: batchgenerators>=0.23 in /exports/lkeb-hpc/smaijer/venv_environments/pancreasThesis/lib/python3.10/site-packages (from nnunet==1.7.0) (0.24)
Requirement already satisfied: numpy in /exports/lkeb-hpc/smaijer/venv_environments/pancreasThesis/lib/python3.10/site-packages (from nnunet==1.7.0) (1.23.0)
Requirement already satisfied: sklearn in /exports/lkeb-hpc/smaijer/venv_environments/pancreasThesis/lib/python3.10/site-packages (from nnunet==1.7.0) (0.0)
Requirement already satisfied: SimpleITK in /exports/lkeb-hpc/smaijer/venv_environments/pancreasThesis/lib/python3.10/site-packages (from nnunet==1.7.0) (2.1.1.2)
Requirement already satisfied: pandas in /exports/lkeb-hpc/smaijer/venv_environments/pancreasThesis/lib/python3.10/site-packages (from nnunet==1.7.0) (1.4.3)
Requirement already satisfied: requests in /exports/lkeb-hpc/smaijer/venv_environments/pancreasThesis/lib/python3.10/site-packages (from nnunet==1.7.0) (2.28.0)
Requirement already satisfied: nibabel in /exports/lkeb-hpc/smaijer/venv_environments/pancreasThesis/lib/python3.10/site-packages (from nnunet==1.7.0) (4.0.1)
Requirement already satisfied: tifffile in /exports/lkeb-hpc/smaijer/venv_environments/pancreasThesis/lib/python3.10/site-packages (from nnunet==1.7.0) (2022.5.4)
Requirement already satisfied: matplotlib in /exports/lkeb-hpc/smaijer/venv_environments/pancreasThesis/lib/python3.10/site-packages (from nnunet==1.7.0) (3.5.2)
Requirement already satisfied: monai in /exports/lkeb-hpc/smaijer/venv_environments/pancreasThesis/lib/python3.10/site-packages (from nnunet==1.7.0) (0.9.0)
Requirement already satisfied: einops in /exports/lkeb-hpc/smaijer/venv_environments/pancreasThesis/lib/python3.10/site-packages (from nnunet==1.7.0) (0.4.1)
Requirement already satisfied: ipython in /exports/lkeb-hpc/smaijer/venv_environments/pancreasThesis/lib/python3.10/site-packages (from nnunet==1.7.0) (8.4.0)
Requirement already satisfied: graphviz in /exports/lkeb-hpc/smaijer/venv_environments/pancreasThesis/lib/python3.10/site-packages (from nnunet==1.7.0) (0.20)
Requirement already satisfied: future in /exports/lkeb-hpc/smaijer/venv_environments/pancreasThesis/lib/python3.10/site-packages (from batchgenerators>=0.23->nnunet==1.7.0) (0.18.2)
Requirement already satisfied: threadpoolctl in /exports/lkeb-hpc/smaijer/venv_environments/pancreasThesis/lib/python3.10/site-packages (from batchgenerators>=0.23->nnunet==1.7.0) (3.1.0)
Requirement already satisfied: scikit-learn in /exports/lkeb-hpc/smaijer/venv_environments/pancreasThesis/lib/python3.10/site-packages (from batchgenerators>=0.23->nnunet==1.7.0) (1.1.1)
Requirement already satisfied: unittest2 in /exports/lkeb-hpc/smaijer/venv_environments/pancreasThesis/lib/python3.10/site-packages (from batchgenerators>=0.23->nnunet==1.7.0) (1.1.0)
Requirement already satisfied: pillow>=7.1.2 in /exports/lkeb-hpc/smaijer/venv_environments/pancreasThesis/lib/python3.10/site-packages (from batchgenerators>=0.23->nnunet==1.7.0) (9.1.1)
Requirement already satisfied: PyWavelets>=1.1.1 in /exports/lkeb-hpc/smaijer/venv_environments/pancreasThesis/lib/python3.10/site-packages (from scikit-image>=0.14->nnunet==1.7.0) (1.3.0)
Requirement already satisfied: imageio>=2.4.1 in /exports/lkeb-hpc/smaijer/venv_environments/pancreasThesis/lib/python3.10/site-packages (from scikit-image>=0.14->nnunet==1.7.0) (2.19.3)
Requirement already satisfied: packaging>=20.0 in /exports/lkeb-hpc/smaijer/venv_environments/pancreasThesis/lib/python3.10/site-packages (from scikit-image>=0.14->nnunet==1.7.0) (21.3)
Requirement already satisfied: networkx>=2.2 in /exports/lkeb-hpc/smaijer/venv_environments/pancreasThesis/lib/python3.10/site-packages (from scikit-image>=0.14->nnunet==1.7.0) (2.8.4)
Requirement already satisfied: pyparsing!=3.0.5,>=2.0.2 in /exports/lkeb-hpc/smaijer/venv_environments/pancreasThesis/lib/python3.10/site-packages (from packaging>=20.0->scikit-image>=0.14->nnunet==1.7.0) (3.0.9)
Requirement already satisfied: typing-extensions in /exports/lkeb-hpc/smaijer/venv_environments/pancreasThesis/lib/python3.10/site-packages (from torch>1.10.0->nnunet==1.7.0) (4.2.0)
Requirement already satisfied: pydicom>=2.2.0 in /exports/lkeb-hpc/smaijer/venv_environments/pancreasThesis/lib/python3.10/site-packages (from dicom2nifti->nnunet==1.7.0) (2.3.0)
Requirement already satisfied: python-gdcm in /exports/lkeb-hpc/smaijer/venv_environments/pancreasThesis/lib/python3.10/site-packages (from dicom2nifti->nnunet==1.7.0) (3.0.14)
Requirement already satisfied: backcall in /exports/lkeb-hpc/smaijer/venv_environments/pancreasThesis/lib/python3.10/site-packages (from ipython->nnunet==1.7.0) (0.2.0)
Requirement already satisfied: prompt-toolkit!=3.0.0,!=3.0.1,<3.1.0,>=2.0.0 in /exports/lkeb-hpc/smaijer/venv_environments/pancreasThesis/lib/python3.10/site-packages (from ipython->nnunet==1.7.0) (3.0.30)
Requirement already satisfied: stack-data in /exports/lkeb-hpc/smaijer/venv_environments/pancreasThesis/lib/python3.10/site-packages (from ipython->nnunet==1.7.0) (0.3.0)
Requirement already satisfied: pickleshare in /exports/lkeb-hpc/smaijer/venv_environments/pancreasThesis/lib/python3.10/site-packages (from ipython->nnunet==1.7.0) (0.7.5)
Requirement already satisfied: pygments>=2.4.0 in /exports/lkeb-hpc/smaijer/venv_environments/pancreasThesis/lib/python3.10/site-packages (from ipython->nnunet==1.7.0) (2.12.0)
Requirement already satisfied: jedi>=0.16 in /exports/lkeb-hpc/smaijer/venv_environments/pancreasThesis/lib/python3.10/site-packages (from ipython->nnunet==1.7.0) (0.18.1)
Requirement already satisfied: matplotlib-inline in /exports/lkeb-hpc/smaijer/venv_environments/pancreasThesis/lib/python3.10/site-packages (from ipython->nnunet==1.7.0) (0.1.3)
Requirement already satisfied: decorator in /exports/lkeb-hpc/smaijer/venv_environments/pancreasThesis/lib/python3.10/site-packages (from ipython->nnunet==1.7.0) (5.1.1)
Requirement already satisfied: traitlets>=5 in /exports/lkeb-hpc/smaijer/venv_environments/pancreasThesis/lib/python3.10/site-packages (from ipython->nnunet==1.7.0) (5.3.0)
Requirement already satisfied: pexpect>4.3 in /exports/lkeb-hpc/smaijer/venv_environments/pancreasThesis/lib/python3.10/site-packages (from ipython->nnunet==1.7.0) (4.8.0)
Requirement already satisfied: setuptools>=18.5 in /exports/lkeb-hpc/smaijer/venv_environments/pancreasThesis/lib/python3.10/site-packages (from ipython->nnunet==1.7.0) (58.1.0)
Requirement already satisfied: parso<0.9.0,>=0.8.0 in /exports/lkeb-hpc/smaijer/venv_environments/pancreasThesis/lib/python3.10/site-packages (from jedi>=0.16->ipython->nnunet==1.7.0) (0.8.3)
Requirement already satisfied: ptyprocess>=0.5 in /exports/lkeb-hpc/smaijer/venv_environments/pancreasThesis/lib/python3.10/site-packages (from pexpect>4.3->ipython->nnunet==1.7.0) (0.7.0)
Requirement already satisfied: wcwidth in /exports/lkeb-hpc/smaijer/venv_environments/pancreasThesis/lib/python3.10/site-packages (from prompt-toolkit!=3.0.0,!=3.0.1,<3.1.0,>=2.0.0->ipython->nnunet==1.7.0) (0.2.5)
Requirement already satisfied: kiwisolver>=1.0.1 in /exports/lkeb-hpc/smaijer/venv_environments/pancreasThesis/lib/python3.10/site-packages (from matplotlib->nnunet==1.7.0) (1.4.3)
Requirement already satisfied: python-dateutil>=2.7 in /exports/lkeb-hpc/smaijer/venv_environments/pancreasThesis/lib/python3.10/site-packages (from matplotlib->nnunet==1.7.0) (2.8.2)
Requirement already satisfied: cycler>=0.10 in /exports/lkeb-hpc/smaijer/venv_environments/pancreasThesis/lib/python3.10/site-packages (from matplotlib->nnunet==1.7.0) (0.11.0)
Requirement already satisfied: fonttools>=4.22.0 in /exports/lkeb-hpc/smaijer/venv_environments/pancreasThesis/lib/python3.10/site-packages (from matplotlib->nnunet==1.7.0) (4.33.3)
Requirement already satisfied: six>=1.5 in /exports/lkeb-hpc/smaijer/venv_environments/pancreasThesis/lib/python3.10/site-packages (from python-dateutil>=2.7->matplotlib->nnunet==1.7.0) (1.16.0)
Requirement already satisfied: pytz>=2020.1 in /exports/lkeb-hpc/smaijer/venv_environments/pancreasThesis/lib/python3.10/site-packages (from pandas->nnunet==1.7.0) (2022.1)
Requirement already satisfied: urllib3<1.27,>=1.21.1 in /exports/lkeb-hpc/smaijer/venv_environments/pancreasThesis/lib/python3.10/site-packages (from requests->nnunet==1.7.0) (1.26.9)
Requirement already satisfied: charset-normalizer~=2.0.0 in /exports/lkeb-hpc/smaijer/venv_environments/pancreasThesis/lib/python3.10/site-packages (from requests->nnunet==1.7.0) (2.0.12)
Requirement already satisfied: idna<4,>=2.5 in /exports/lkeb-hpc/smaijer/venv_environments/pancreasThesis/lib/python3.10/site-packages (from requests->nnunet==1.7.0) (3.3)
Requirement already satisfied: certifi>=2017.4.17 in /exports/lkeb-hpc/smaijer/venv_environments/pancreasThesis/lib/python3.10/site-packages (from requests->nnunet==1.7.0) (2022.6.15)
Requirement already satisfied: joblib>=1.0.0 in /exports/lkeb-hpc/smaijer/venv_environments/pancreasThesis/lib/python3.10/site-packages (from scikit-learn->batchgenerators>=0.23->nnunet==1.7.0) (1.1.0)
Requirement already satisfied: executing in /exports/lkeb-hpc/smaijer/venv_environments/pancreasThesis/lib/python3.10/site-packages (from stack-data->ipython->nnunet==1.7.0) (0.8.3)
Requirement already satisfied: asttokens in /exports/lkeb-hpc/smaijer/venv_environments/pancreasThesis/lib/python3.10/site-packages (from stack-data->ipython->nnunet==1.7.0) (2.0.5)
Requirement already satisfied: pure-eval in /exports/lkeb-hpc/smaijer/venv_environments/pancreasThesis/lib/python3.10/site-packages (from stack-data->ipython->nnunet==1.7.0) (0.2.2)
Requirement already satisfied: traceback2 in /exports/lkeb-hpc/smaijer/venv_environments/pancreasThesis/lib/python3.10/site-packages (from unittest2->batchgenerators>=0.23->nnunet==1.7.0) (1.4.0)
Collecting argparse
  Using cached argparse-1.4.0-py2.py3-none-any.whl (23 kB)
Requirement already satisfied: linecache2 in /exports/lkeb-hpc/smaijer/venv_environments/pancreasThesis/lib/python3.10/site-packages (from traceback2->unittest2->batchgenerators>=0.23->nnunet==1.7.0) (1.0.0)
Installing collected packages: argparse, nnunet
  Attempting uninstall: nnunet
    Found existing installation: nnunet 1.7.0
    Uninstalling nnunet-1.7.0:
      Successfully uninstalled nnunet-1.7.0
  Running setup.py develop for nnunet
Successfully installed argparse-1.4.0 nnunet-1.7.0


Please cite the following paper when using nnUNet:

Isensee, F., Jaeger, P.F., Kohl, S.A.A. et al. "nnU-Net: a self-configuring method for deep learning-based biomedical image segmentation." Nat Methods (2020). https://doi.org/10.1038/s41592-020-01008-z


If you have questions or suggestions, feel free to open an issue at https://github.com/MIC-DKFZ/nnUNet

Suus0 - run_training. Args:
Namespace(network='3d_fullres', network_trainer='nnUNetTrainerV2_Hybrid', task='700', fold='2', validation_only=False, continue_training=True, p='nnUNetPlansv2.1', use_compressed_data=False, deterministic=False, npz=False, find_lr=False, valbest=False, fp32=False, val_folder='validation_raw', disable_saving=False, disable_postprocessing_on_folds=False, val_disable_overwrite=False, disable_next_stage_pred=False, pretrained_weights=None)
###############################################
I am running the following nnUNet: 3d_fullres
My trainer class is:  <class 'nnunet.training.network_training.nnUNetTrainerV2_Hybrid.nnUNetTrainerV2_Hybrid'>
For that I will be using the following configuration:
num_classes:  15
modalities:  {0: 'CT'}
use_mask_for_norm OrderedDict([(0, False)])
keep_only_largest_region None
min_region_size_per_class None
min_size_per_class None
normalization_schemes OrderedDict([(0, 'CT')])
stages...

stage:  0
{'batch_size': 2, 'num_pool_per_axis': [4, 5, 5], 'patch_size': array([ 80, 160, 160]), 'median_patient_size_in_voxels': array([138, 243, 243]), 'current_spacing': array([3.28926364, 1.64543342, 1.64543342]), 'original_spacing': array([2.        , 0.78014851, 0.78014851]), 'do_dummy_2D_data_aug': False, 'pool_op_kernel_sizes': [[2, 2, 2], [2, 2, 2], [2, 2, 2], [2, 2, 2], [1, 2, 2]], 'conv_kernel_sizes': [[3, 3, 3], [3, 3, 3], [3, 3, 3], [3, 3, 3], [3, 3, 3], [3, 3, 3]]}

stage:  1
{'batch_size': 2, 'num_pool_per_axis': [4, 5, 5], 'patch_size': array([ 64, 160, 160]), 'median_patient_size_in_voxels': array([228, 513, 513]), 'current_spacing': array([2.        , 0.78014851, 0.78014851]), 'original_spacing': array([2.        , 0.78014851, 0.78014851]), 'do_dummy_2D_data_aug': False, 'pool_op_kernel_sizes': [[1, 2, 2], [2, 2, 2], [2, 2, 2], [2, 2, 2], [2, 2, 2]], 'conv_kernel_sizes': [[1, 3, 3], [3, 3, 3], [3, 3, 3], [3, 3, 3], [3, 3, 3], [3, 3, 3]]}

I am using stage 1 from these plans
I am using batch dice + CE loss

I am using data from this folder:  /exports/lkeb-hpc/smaijer/data/nnUNet_preprocessed/Task700/nnUNetData_plans_v2.1
###############################################
Suus1 - Initialise de NetworkTrainer
Suus2 - Initialise de nnUNetTrainer
Suus3 - Initialise de nnUNetTrainerV2
Suus4 - Initialise de trainer echt
Suus5 - zet de plans properties
Suus6 - Zet de data augmentation params
Suus7 - zet deep supervision weights die de meerdere outputs prioriteit geven
loading dataset
loading all case properties
2022-07-05 10:33:05.739814: Using splits from existing split file: /exports/lkeb-hpc/smaijer/data/nnUNet_preprocessed/Task700/splits_final.pkl
2022-07-05 10:33:05.759771: The split file contains 5 splits.
2022-07-05 10:33:05.762051: Desired fold for training: 2
2022-07-05 10:33:05.764027: This split has 192 training and 48 validation cases.
unpacking dataset
done
Img size: [ 64 160 160]
Patch size: (8, 16, 16)
Feature size: (8, 10, 10)
Suus10 - StackedConvLayers, input: 512 en output: 256, first_stride: None, num_convs: 1, conv_kwargs: {'stride': 1, 'dilation': 1, 'bias': True, 'kernel_size': [3, 3, 3], 'padding': [1, 1, 1]}
Suus10 - StackedConvLayers, input: 256 en output: 256, first_stride: None, num_convs: 1, conv_kwargs: {'stride': 1, 'dilation': 1, 'bias': True, 'kernel_size': [3, 3, 3], 'padding': [1, 1, 1]}
Suus10 - StackedConvLayers, input: 256 en output: 128, first_stride: None, num_convs: 1, conv_kwargs: {'stride': 1, 'dilation': 1, 'bias': True, 'kernel_size': [3, 3, 3], 'padding': [1, 1, 1]}
Suus10 - StackedConvLayers, input: 128 en output: 128, first_stride: None, num_convs: 1, conv_kwargs: {'stride': 1, 'dilation': 1, 'bias': True, 'kernel_size': [3, 3, 3], 'padding': [1, 1, 1]}
Suus10 - StackedConvLayers, input: 128 en output: 64, first_stride: None, num_convs: 1, conv_kwargs: {'stride': 1, 'dilation': 1, 'bias': True, 'kernel_size': [3, 3, 3], 'padding': [1, 1, 1]}
Suus10 - StackedConvLayers, input: 64 en output: 64, first_stride: None, num_convs: 1, conv_kwargs: {'stride': 1, 'dilation': 1, 'bias': True, 'kernel_size': [3, 3, 3], 'padding': [1, 1, 1]}
Suus10 - StackedConvLayers, input: 64 en output: 32, first_stride: None, num_convs: 1, conv_kwargs: {'stride': 1, 'dilation': 1, 'bias': True, 'kernel_size': [3, 3, 3], 'padding': [1, 1, 1]}
Suus10 - StackedConvLayers, input: 32 en output: 32, first_stride: None, num_convs: 1, conv_kwargs: {'stride': 1, 'dilation': 1, 'bias': True, 'kernel_size': [3, 3, 3], 'padding': [1, 1, 1]}
Hybrid(
  (encoder): UNETREncoder(
    (vit): ViT(
      (patch_embedding): PatchEmbeddingBlock(
        (patch_embeddings): Sequential(
          (0): Rearrange('b c (h p1) (w p2) (d p3) -> b (h w d) (p1 p2 p3 c)', p1=8, p2=16, p3=16)
          (1): Linear(in_features=2048, out_features=768, bias=True)
        )
        (dropout): Dropout(p=0.0, inplace=False)
      )
      (blocks): ModuleList(
        (0): TransformerBlock(
          (mlp): MLPBlock(
            (linear1): Linear(in_features=768, out_features=3072, bias=True)
            (linear2): Linear(in_features=3072, out_features=768, bias=True)
            (fn): GELU(approximate=none)
            (drop1): Dropout(p=0.0, inplace=False)
            (drop2): Dropout(p=0.0, inplace=False)
          )
          (norm1): LayerNorm((768,), eps=1e-05, elementwise_affine=True)
          (attn): SABlock(
            (out_proj): Linear(in_features=768, out_features=768, bias=True)
            (qkv): Linear(in_features=768, out_features=2304, bias=False)
            (input_rearrange): Rearrange('b h (qkv l d) -> qkv b l h d', qkv=3, l=12)
            (out_rearrange): Rearrange('b h l d -> b l (h d)')
            (drop_output): Dropout(p=0.0, inplace=False)
            (drop_weights): Dropout(p=0.0, inplace=False)
          )
          (norm2): LayerNorm((768,), eps=1e-05, elementwise_affine=True)
        )
        (1): TransformerBlock(
          (mlp): MLPBlock(
            (linear1): Linear(in_features=768, out_features=3072, bias=True)
            (linear2): Linear(in_features=3072, out_features=768, bias=True)
            (fn): GELU(approximate=none)
            (drop1): Dropout(p=0.0, inplace=False)
            (drop2): Dropout(p=0.0, inplace=False)
          )
          (norm1): LayerNorm((768,), eps=1e-05, elementwise_affine=True)
          (attn): SABlock(
            (out_proj): Linear(in_features=768, out_features=768, bias=True)
            (qkv): Linear(in_features=768, out_features=2304, bias=False)
            (input_rearrange): Rearrange('b h (qkv l d) -> qkv b l h d', qkv=3, l=12)
            (out_rearrange): Rearrange('b h l d -> b l (h d)')
            (drop_output): Dropout(p=0.0, inplace=False)
            (drop_weights): Dropout(p=0.0, inplace=False)
          )
          (norm2): LayerNorm((768,), eps=1e-05, elementwise_affine=True)
        )
        (2): TransformerBlock(
          (mlp): MLPBlock(
            (linear1): Linear(in_features=768, out_features=3072, bias=True)
            (linear2): Linear(in_features=3072, out_features=768, bias=True)
            (fn): GELU(approximate=none)
            (drop1): Dropout(p=0.0, inplace=False)
            (drop2): Dropout(p=0.0, inplace=False)
          )
          (norm1): LayerNorm((768,), eps=1e-05, elementwise_affine=True)
          (attn): SABlock(
            (out_proj): Linear(in_features=768, out_features=768, bias=True)
            (qkv): Linear(in_features=768, out_features=2304, bias=False)
            (input_rearrange): Rearrange('b h (qkv l d) -> qkv b l h d', qkv=3, l=12)
            (out_rearrange): Rearrange('b h l d -> b l (h d)')
            (drop_output): Dropout(p=0.0, inplace=False)
            (drop_weights): Dropout(p=0.0, inplace=False)
          )
          (norm2): LayerNorm((768,), eps=1e-05, elementwise_affine=True)
        )
        (3): TransformerBlock(
          (mlp): MLPBlock(
            (linear1): Linear(in_features=768, out_features=3072, bias=True)
            (linear2): Linear(in_features=3072, out_features=768, bias=True)
            (fn): GELU(approximate=none)
            (drop1): Dropout(p=0.0, inplace=False)
            (drop2): Dropout(p=0.0, inplace=False)
          )
          (norm1): LayerNorm((768,), eps=1e-05, elementwise_affine=True)
          (attn): SABlock(
            (out_proj): Linear(in_features=768, out_features=768, bias=True)
            (qkv): Linear(in_features=768, out_features=2304, bias=False)
            (input_rearrange): Rearrange('b h (qkv l d) -> qkv b l h d', qkv=3, l=12)
            (out_rearrange): Rearrange('b h l d -> b l (h d)')
            (drop_output): Dropout(p=0.0, inplace=False)
            (drop_weights): Dropout(p=0.0, inplace=False)
          )
          (norm2): LayerNorm((768,), eps=1e-05, elementwise_affine=True)
        )
        (4): TransformerBlock(
          (mlp): MLPBlock(
            (linear1): Linear(in_features=768, out_features=3072, bias=True)
            (linear2): Linear(in_features=3072, out_features=768, bias=True)
            (fn): GELU(approximate=none)
            (drop1): Dropout(p=0.0, inplace=False)
            (drop2): Dropout(p=0.0, inplace=False)
          )
          (norm1): LayerNorm((768,), eps=1e-05, elementwise_affine=True)
          (attn): SABlock(
            (out_proj): Linear(in_features=768, out_features=768, bias=True)
            (qkv): Linear(in_features=768, out_features=2304, bias=False)
            (input_rearrange): Rearrange('b h (qkv l d) -> qkv b l h d', qkv=3, l=12)
            (out_rearrange): Rearrange('b h l d -> b l (h d)')
            (drop_output): Dropout(p=0.0, inplace=False)
            (drop_weights): Dropout(p=0.0, inplace=False)
          )
          (norm2): LayerNorm((768,), eps=1e-05, elementwise_affine=True)
        )
        (5): TransformerBlock(
          (mlp): MLPBlock(
            (linear1): Linear(in_features=768, out_features=3072, bias=True)
            (linear2): Linear(in_features=3072, out_features=768, bias=True)
            (fn): GELU(approximate=none)
            (drop1): Dropout(p=0.0, inplace=False)
            (drop2): Dropout(p=0.0, inplace=False)
          )
          (norm1): LayerNorm((768,), eps=1e-05, elementwise_affine=True)
          (attn): SABlock(
            (out_proj): Linear(in_features=768, out_features=768, bias=True)
            (qkv): Linear(in_features=768, out_features=2304, bias=False)
            (input_rearrange): Rearrange('b h (qkv l d) -> qkv b l h d', qkv=3, l=12)
            (out_rearrange): Rearrange('b h l d -> b l (h d)')
            (drop_output): Dropout(p=0.0, inplace=False)
            (drop_weights): Dropout(p=0.0, inplace=False)
          )
          (norm2): LayerNorm((768,), eps=1e-05, elementwise_affine=True)
        )
        (6): TransformerBlock(
          (mlp): MLPBlock(
            (linear1): Linear(in_features=768, out_features=3072, bias=True)
            (linear2): Linear(in_features=3072, out_features=768, bias=True)
            (fn): GELU(approximate=none)
            (drop1): Dropout(p=0.0, inplace=False)
            (drop2): Dropout(p=0.0, inplace=False)
          )
          (norm1): LayerNorm((768,), eps=1e-05, elementwise_affine=True)
          (attn): SABlock(
            (out_proj): Linear(in_features=768, out_features=768, bias=True)
            (qkv): Linear(in_features=768, out_features=2304, bias=False)
            (input_rearrange): Rearrange('b h (qkv l d) -> qkv b l h d', qkv=3, l=12)
            (out_rearrange): Rearrange('b h l d -> b l (h d)')
            (drop_output): Dropout(p=0.0, inplace=False)
            (drop_weights): Dropout(p=0.0, inplace=False)
          )
          (norm2): LayerNorm((768,), eps=1e-05, elementwise_affine=True)
        )
        (7): TransformerBlock(
          (mlp): MLPBlock(
            (linear1): Linear(in_features=768, out_features=3072, bias=True)
            (linear2): Linear(in_features=3072, out_features=768, bias=True)
            (fn): GELU(approximate=none)
            (drop1): Dropout(p=0.0, inplace=False)
            (drop2): Dropout(p=0.0, inplace=False)
          )
          (norm1): LayerNorm((768,), eps=1e-05, elementwise_affine=True)
          (attn): SABlock(
            (out_proj): Linear(in_features=768, out_features=768, bias=True)
            (qkv): Linear(in_features=768, out_features=2304, bias=False)
            (input_rearrange): Rearrange('b h (qkv l d) -> qkv b l h d', qkv=3, l=12)
            (out_rearrange): Rearrange('b h l d -> b l (h d)')
            (drop_output): Dropout(p=0.0, inplace=False)
            (drop_weights): Dropout(p=0.0, inplace=False)
          )
          (norm2): LayerNorm((768,), eps=1e-05, elementwise_affine=True)
        )
        (8): TransformerBlock(
          (mlp): MLPBlock(
            (linear1): Linear(in_features=768, out_features=3072, bias=True)
            (linear2): Linear(in_features=3072, out_features=768, bias=True)
            (fn): GELU(approximate=none)
            (drop1): Dropout(p=0.0, inplace=False)
            (drop2): Dropout(p=0.0, inplace=False)
          )
          (norm1): LayerNorm((768,), eps=1e-05, elementwise_affine=True)
          (attn): SABlock(
            (out_proj): Linear(in_features=768, out_features=768, bias=True)
            (qkv): Linear(in_features=768, out_features=2304, bias=False)
            (input_rearrange): Rearrange('b h (qkv l d) -> qkv b l h d', qkv=3, l=12)
            (out_rearrange): Rearrange('b h l d -> b l (h d)')
            (drop_output): Dropout(p=0.0, inplace=False)
            (drop_weights): Dropout(p=0.0, inplace=False)
          )
          (norm2): LayerNorm((768,), eps=1e-05, elementwise_affine=True)
        )
        (9): TransformerBlock(
          (mlp): MLPBlock(
            (linear1): Linear(in_features=768, out_features=3072, bias=True)
            (linear2): Linear(in_features=3072, out_features=768, bias=True)
            (fn): GELU(approximate=none)
            (drop1): Dropout(p=0.0, inplace=False)
            (drop2): Dropout(p=0.0, inplace=False)
          )
          (norm1): LayerNorm((768,), eps=1e-05, elementwise_affine=True)
          (attn): SABlock(
            (out_proj): Linear(in_features=768, out_features=768, bias=True)
            (qkv): Linear(in_features=768, out_features=2304, bias=False)
            (input_rearrange): Rearrange('b h (qkv l d) -> qkv b l h d', qkv=3, l=12)
            (out_rearrange): Rearrange('b h l d -> b l (h d)')
            (drop_output): Dropout(p=0.0, inplace=False)
            (drop_weights): Dropout(p=0.0, inplace=False)
          )
          (norm2): LayerNorm((768,), eps=1e-05, elementwise_affine=True)
        )
        (10): TransformerBlock(
          (mlp): MLPBlock(
            (linear1): Linear(in_features=768, out_features=3072, bias=True)
            (linear2): Linear(in_features=3072, out_features=768, bias=True)
            (fn): GELU(approximate=none)
            (drop1): Dropout(p=0.0, inplace=False)
            (drop2): Dropout(p=0.0, inplace=False)
          )
          (norm1): LayerNorm((768,), eps=1e-05, elementwise_affine=True)
          (attn): SABlock(
            (out_proj): Linear(in_features=768, out_features=768, bias=True)
            (qkv): Linear(in_features=768, out_features=2304, bias=False)
            (input_rearrange): Rearrange('b h (qkv l d) -> qkv b l h d', qkv=3, l=12)
            (out_rearrange): Rearrange('b h l d -> b l (h d)')
            (drop_output): Dropout(p=0.0, inplace=False)
            (drop_weights): Dropout(p=0.0, inplace=False)
          )
          (norm2): LayerNorm((768,), eps=1e-05, elementwise_affine=True)
        )
        (11): TransformerBlock(
          (mlp): MLPBlock(
            (linear1): Linear(in_features=768, out_features=3072, bias=True)
            (linear2): Linear(in_features=3072, out_features=768, bias=True)
            (fn): GELU(approximate=none)
            (drop1): Dropout(p=0.0, inplace=False)
            (drop2): Dropout(p=0.0, inplace=False)
          )
          (norm1): LayerNorm((768,), eps=1e-05, elementwise_affine=True)
          (attn): SABlock(
            (out_proj): Linear(in_features=768, out_features=768, bias=True)
            (qkv): Linear(in_features=768, out_features=2304, bias=False)
            (input_rearrange): Rearrange('b h (qkv l d) -> qkv b l h d', qkv=3, l=12)
            (out_rearrange): Rearrange('b h l d -> b l (h d)')
            (drop_output): Dropout(p=0.0, inplace=False)
            (drop_weights): Dropout(p=0.0, inplace=False)
          )
          (norm2): LayerNorm((768,), eps=1e-05, elementwise_affine=True)
        )
      )
      (norm): LayerNorm((768,), eps=1e-05, elementwise_affine=True)
    )
    (encoder1): UnetrBasicBlock(
      (layer): UnetResBlock(
        (conv1): Convolution(
          (conv): Conv3d(1, 32, kernel_size=(3, 3, 3), stride=(1, 1, 1), padding=(1, 1, 1), bias=False)
        )
        (conv2): Convolution(
          (conv): Conv3d(32, 32, kernel_size=(3, 3, 3), stride=(1, 1, 1), padding=(1, 1, 1), bias=False)
        )
        (lrelu): LeakyReLU(negative_slope=0.01, inplace=True)
        (norm1): InstanceNorm3d(32, eps=1e-05, momentum=0.1, affine=False, track_running_stats=False)
        (norm2): InstanceNorm3d(32, eps=1e-05, momentum=0.1, affine=False, track_running_stats=False)
        (conv3): Convolution(
          (conv): Conv3d(1, 32, kernel_size=(1, 1, 1), stride=(1, 1, 1), bias=False)
        )
        (norm3): InstanceNorm3d(32, eps=1e-05, momentum=0.1, affine=False, track_running_stats=False)
      )
    )
    (encoder2): UnetrPrUpBlock(
      (transp_conv_init): Convolution(
        (conv): ConvTranspose3d(768, 64, kernel_size=(2, 2, 2), stride=(2, 2, 2), bias=False)
      )
      (blocks): ModuleList(
        (0): Convolution(
          (conv): ConvTranspose3d(64, 64, kernel_size=(2, 2, 2), stride=(2, 2, 2), bias=False)
        )
        (1): Convolution(
          (conv): ConvTranspose3d(64, 64, kernel_size=(2, 2, 2), stride=(2, 2, 2), bias=False)
        )
      )
    )
    (encoder3): UnetrPrUpBlock(
      (transp_conv_init): Convolution(
        (conv): ConvTranspose3d(768, 128, kernel_size=(2, 2, 2), stride=(2, 2, 2), bias=False)
      )
      (blocks): ModuleList(
        (0): Convolution(
          (conv): ConvTranspose3d(128, 128, kernel_size=(2, 2, 2), stride=(2, 2, 2), bias=False)
        )
      )
    )
    (encoder4): UnetrPrUpBlock(
      (transp_conv_init): Convolution(
        (conv): ConvTranspose3d(768, 256, kernel_size=(2, 2, 2), stride=(2, 2, 2), bias=False)
      )
      (blocks): ModuleList()
    )
  )
  (decoder): Generic_UNETDecoder()
  (conv_blocks_localization): ModuleList(
    (0): Sequential(
      (0): StackedConvLayers(
        (blocks): Sequential(
          (0): ConvDropoutNormNonlin(
            (conv): Conv3d(512, 256, kernel_size=(3, 3, 3), stride=(1, 1, 1), padding=(1, 1, 1))
            (instnorm): InstanceNorm3d(256, eps=1e-05, momentum=0.1, affine=True, track_running_stats=False)
            (lrelu): LeakyReLU(negative_slope=0.01, inplace=True)
          )
        )
      )
      (1): StackedConvLayers(
        (blocks): Sequential(
          (0): ConvDropoutNormNonlin(
            (conv): Conv3d(256, 256, kernel_size=(3, 3, 3), stride=(1, 1, 1), padding=(1, 1, 1))
            (instnorm): InstanceNorm3d(256, eps=1e-05, momentum=0.1, affine=True, track_running_stats=False)
            (lrelu): LeakyReLU(negative_slope=0.01, inplace=True)
          )
        )
      )
    )
    (1): Sequential(
      (0): StackedConvLayers(
        (blocks): Sequential(
          (0): ConvDropoutNormNonlin(
            (conv): Conv3d(256, 128, kernel_size=(3, 3, 3), stride=(1, 1, 1), padding=(1, 1, 1))
            (instnorm): InstanceNorm3d(128, eps=1e-05, momentum=0.1, affine=True, track_running_stats=False)
            (lrelu): LeakyReLU(negative_slope=0.01, inplace=True)
          )
        )
      )
      (1): StackedConvLayers(
        (blocks): Sequential(
          (0): ConvDropoutNormNonlin(
            (conv): Conv3d(128, 128, kernel_size=(3, 3, 3), stride=(1, 1, 1), padding=(1, 1, 1))
            (instnorm): InstanceNorm3d(128, eps=1e-05, momentum=0.1, affine=True, track_running_stats=False)
            (lrelu): LeakyReLU(negative_slope=0.01, inplace=True)
          )
        )
      )
    )
    (2): Sequential(
      (0): StackedConvLayers(
        (blocks): Sequential(
          (0): ConvDropoutNormNonlin(
            (conv): Conv3d(128, 64, kernel_size=(3, 3, 3), stride=(1, 1, 1), padding=(1, 1, 1))
            (instnorm): InstanceNorm3d(64, eps=1e-05, momentum=0.1, affine=True, track_running_stats=False)
            (lrelu): LeakyReLU(negative_slope=0.01, inplace=True)
          )
        )
      )
      (1): StackedConvLayers(
        (blocks): Sequential(
          (0): ConvDropoutNormNonlin(
            (conv): Conv3d(64, 64, kernel_size=(3, 3, 3), stride=(1, 1, 1), padding=(1, 1, 1))
            (instnorm): InstanceNorm3d(64, eps=1e-05, momentum=0.1, affine=True, track_running_stats=False)
            (lrelu): LeakyReLU(negative_slope=0.01, inplace=True)
          )
        )
      )
    )
    (3): Sequential(
      (0): StackedConvLayers(
        (blocks): Sequential(
          (0): ConvDropoutNormNonlin(
            (conv): Conv3d(64, 32, kernel_size=(3, 3, 3), stride=(1, 1, 1), padding=(1, 1, 1))
            (instnorm): InstanceNorm3d(32, eps=1e-05, momentum=0.1, affine=True, track_running_stats=False)
            (lrelu): LeakyReLU(negative_slope=0.01, inplace=True)
          )
        )
      )
      (1): StackedConvLayers(
        (blocks): Sequential(
          (0): ConvDropoutNormNonlin(
            (conv): Conv3d(32, 32, kernel_size=(3, 3, 3), stride=(1, 1, 1), padding=(1, 1, 1))
            (instnorm): InstanceNorm3d(32, eps=1e-05, momentum=0.1, affine=True, track_running_stats=False)
            (lrelu): LeakyReLU(negative_slope=0.01, inplace=True)
          )
        )
      )
    )
  )
  (tu): ModuleList(
    (0): ConvTranspose3d(768, 256, kernel_size=(2, 2, 2), stride=(2, 2, 2), bias=False)
    (1): ConvTranspose3d(256, 128, kernel_size=(2, 2, 2), stride=(2, 2, 2), bias=False)
    (2): ConvTranspose3d(128, 64, kernel_size=(2, 2, 2), stride=(2, 2, 2), bias=False)
    (3): ConvTranspose3d(64, 32, kernel_size=(1, 2, 2), stride=(1, 2, 2), bias=False)
  )
  (seg_outputs): ModuleList(
    (0): Conv3d(256, 16, kernel_size=(1, 1, 1), stride=(1, 1, 1), bias=False)
    (1): Conv3d(128, 16, kernel_size=(1, 1, 1), stride=(1, 1, 1), bias=False)
    (2): Conv3d(64, 16, kernel_size=(1, 1, 1), stride=(1, 1, 1), bias=False)
    (3): Conv3d(32, 16, kernel_size=(1, 1, 1), stride=(1, 1, 1), bias=False)
  )
)
SuusA - Load checkpoint (final, latest, best)
2022-07-05 10:33:19.728044: loading checkpoint /exports/lkeb-hpc/smaijer/results/nnUNet/3d_fullres/Task700/nnUNetTrainerV2_Hybrid__nnUNetPlansv2.1/fold_2/model_final_checkpoint.model train= True
SuusB run_training - zet learning rate als  
2022-07-05 10:33:52.170362: Suus1 maybe_update_lr lr: 0.0
SuusC - run_training!
using pin_memory on device 0
using pin_memory on device 0
Suus for now disable cause it breaks the logs
2022-07-05 10:34:26.008849: Unable to plot network architecture:
2022-07-05 10:34:26.021068: local variable 'g' referenced before assignment
2022-07-05 10:34:26.030337: 
printing the network instead:

2022-07-05 10:34:26.033812: Hybrid(
  (encoder): UNETREncoder(
    (vit): ViT(
      (patch_embedding): PatchEmbeddingBlock(
        (patch_embeddings): Sequential(
          (0): Rearrange('b c (h p1) (w p2) (d p3) -> b (h w d) (p1 p2 p3 c)', p1=8, p2=16, p3=16)
          (1): Linear(in_features=2048, out_features=768, bias=True)
        )
        (dropout): Dropout(p=0.0, inplace=False)
      )
      (blocks): ModuleList(
        (0): TransformerBlock(
          (mlp): MLPBlock(
            (linear1): Linear(in_features=768, out_features=3072, bias=True)
            (linear2): Linear(in_features=3072, out_features=768, bias=True)
            (fn): GELU(approximate=none)
            (drop1): Dropout(p=0.0, inplace=False)
            (drop2): Dropout(p=0.0, inplace=False)
          )
          (norm1): LayerNorm((768,), eps=1e-05, elementwise_affine=True)
          (attn): SABlock(
            (out_proj): Linear(in_features=768, out_features=768, bias=True)
            (qkv): Linear(in_features=768, out_features=2304, bias=False)
            (input_rearrange): Rearrange('b h (qkv l d) -> qkv b l h d', qkv=3, l=12)
            (out_rearrange): Rearrange('b h l d -> b l (h d)')
            (drop_output): Dropout(p=0.0, inplace=False)
            (drop_weights): Dropout(p=0.0, inplace=False)
          )
          (norm2): LayerNorm((768,), eps=1e-05, elementwise_affine=True)
        )
        (1): TransformerBlock(
          (mlp): MLPBlock(
            (linear1): Linear(in_features=768, out_features=3072, bias=True)
            (linear2): Linear(in_features=3072, out_features=768, bias=True)
            (fn): GELU(approximate=none)
            (drop1): Dropout(p=0.0, inplace=False)
            (drop2): Dropout(p=0.0, inplace=False)
          )
          (norm1): LayerNorm((768,), eps=1e-05, elementwise_affine=True)
          (attn): SABlock(
            (out_proj): Linear(in_features=768, out_features=768, bias=True)
            (qkv): Linear(in_features=768, out_features=2304, bias=False)
            (input_rearrange): Rearrange('b h (qkv l d) -> qkv b l h d', qkv=3, l=12)
            (out_rearrange): Rearrange('b h l d -> b l (h d)')
            (drop_output): Dropout(p=0.0, inplace=False)
            (drop_weights): Dropout(p=0.0, inplace=False)
          )
          (norm2): LayerNorm((768,), eps=1e-05, elementwise_affine=True)
        )
        (2): TransformerBlock(
          (mlp): MLPBlock(
            (linear1): Linear(in_features=768, out_features=3072, bias=True)
            (linear2): Linear(in_features=3072, out_features=768, bias=True)
            (fn): GELU(approximate=none)
            (drop1): Dropout(p=0.0, inplace=False)
            (drop2): Dropout(p=0.0, inplace=False)
          )
          (norm1): LayerNorm((768,), eps=1e-05, elementwise_affine=True)
          (attn): SABlock(
            (out_proj): Linear(in_features=768, out_features=768, bias=True)
            (qkv): Linear(in_features=768, out_features=2304, bias=False)
            (input_rearrange): Rearrange('b h (qkv l d) -> qkv b l h d', qkv=3, l=12)
            (out_rearrange): Rearrange('b h l d -> b l (h d)')
            (drop_output): Dropout(p=0.0, inplace=False)
            (drop_weights): Dropout(p=0.0, inplace=False)
          )
          (norm2): LayerNorm((768,), eps=1e-05, elementwise_affine=True)
        )
        (3): TransformerBlock(
          (mlp): MLPBlock(
            (linear1): Linear(in_features=768, out_features=3072, bias=True)
            (linear2): Linear(in_features=3072, out_features=768, bias=True)
            (fn): GELU(approximate=none)
            (drop1): Dropout(p=0.0, inplace=False)
            (drop2): Dropout(p=0.0, inplace=False)
          )
          (norm1): LayerNorm((768,), eps=1e-05, elementwise_affine=True)
          (attn): SABlock(
            (out_proj): Linear(in_features=768, out_features=768, bias=True)
            (qkv): Linear(in_features=768, out_features=2304, bias=False)
            (input_rearrange): Rearrange('b h (qkv l d) -> qkv b l h d', qkv=3, l=12)
            (out_rearrange): Rearrange('b h l d -> b l (h d)')
            (drop_output): Dropout(p=0.0, inplace=False)
            (drop_weights): Dropout(p=0.0, inplace=False)
          )
          (norm2): LayerNorm((768,), eps=1e-05, elementwise_affine=True)
        )
        (4): TransformerBlock(
          (mlp): MLPBlock(
            (linear1): Linear(in_features=768, out_features=3072, bias=True)
            (linear2): Linear(in_features=3072, out_features=768, bias=True)
            (fn): GELU(approximate=none)
            (drop1): Dropout(p=0.0, inplace=False)
            (drop2): Dropout(p=0.0, inplace=False)
          )
          (norm1): LayerNorm((768,), eps=1e-05, elementwise_affine=True)
          (attn): SABlock(
            (out_proj): Linear(in_features=768, out_features=768, bias=True)
            (qkv): Linear(in_features=768, out_features=2304, bias=False)
            (input_rearrange): Rearrange('b h (qkv l d) -> qkv b l h d', qkv=3, l=12)
            (out_rearrange): Rearrange('b h l d -> b l (h d)')
            (drop_output): Dropout(p=0.0, inplace=False)
            (drop_weights): Dropout(p=0.0, inplace=False)
          )
          (norm2): LayerNorm((768,), eps=1e-05, elementwise_affine=True)
        )
        (5): TransformerBlock(
          (mlp): MLPBlock(
            (linear1): Linear(in_features=768, out_features=3072, bias=True)
            (linear2): Linear(in_features=3072, out_features=768, bias=True)
            (fn): GELU(approximate=none)
            (drop1): Dropout(p=0.0, inplace=False)
            (drop2): Dropout(p=0.0, inplace=False)
          )
          (norm1): LayerNorm((768,), eps=1e-05, elementwise_affine=True)
          (attn): SABlock(
            (out_proj): Linear(in_features=768, out_features=768, bias=True)
            (qkv): Linear(in_features=768, out_features=2304, bias=False)
            (input_rearrange): Rearrange('b h (qkv l d) -> qkv b l h d', qkv=3, l=12)
            (out_rearrange): Rearrange('b h l d -> b l (h d)')
            (drop_output): Dropout(p=0.0, inplace=False)
            (drop_weights): Dropout(p=0.0, inplace=False)
          )
          (norm2): LayerNorm((768,), eps=1e-05, elementwise_affine=True)
        )
        (6): TransformerBlock(
          (mlp): MLPBlock(
            (linear1): Linear(in_features=768, out_features=3072, bias=True)
            (linear2): Linear(in_features=3072, out_features=768, bias=True)
            (fn): GELU(approximate=none)
            (drop1): Dropout(p=0.0, inplace=False)
            (drop2): Dropout(p=0.0, inplace=False)
          )
          (norm1): LayerNorm((768,), eps=1e-05, elementwise_affine=True)
          (attn): SABlock(
            (out_proj): Linear(in_features=768, out_features=768, bias=True)
            (qkv): Linear(in_features=768, out_features=2304, bias=False)
            (input_rearrange): Rearrange('b h (qkv l d) -> qkv b l h d', qkv=3, l=12)
            (out_rearrange): Rearrange('b h l d -> b l (h d)')
            (drop_output): Dropout(p=0.0, inplace=False)
            (drop_weights): Dropout(p=0.0, inplace=False)
          )
          (norm2): LayerNorm((768,), eps=1e-05, elementwise_affine=True)
        )
        (7): TransformerBlock(
          (mlp): MLPBlock(
            (linear1): Linear(in_features=768, out_features=3072, bias=True)
            (linear2): Linear(in_features=3072, out_features=768, bias=True)
            (fn): GELU(approximate=none)
            (drop1): Dropout(p=0.0, inplace=False)
            (drop2): Dropout(p=0.0, inplace=False)
          )
          (norm1): LayerNorm((768,), eps=1e-05, elementwise_affine=True)
          (attn): SABlock(
            (out_proj): Linear(in_features=768, out_features=768, bias=True)
            (qkv): Linear(in_features=768, out_features=2304, bias=False)
            (input_rearrange): Rearrange('b h (qkv l d) -> qkv b l h d', qkv=3, l=12)
            (out_rearrange): Rearrange('b h l d -> b l (h d)')
            (drop_output): Dropout(p=0.0, inplace=False)
            (drop_weights): Dropout(p=0.0, inplace=False)
          )
          (norm2): LayerNorm((768,), eps=1e-05, elementwise_affine=True)
        )
        (8): TransformerBlock(
          (mlp): MLPBlock(
            (linear1): Linear(in_features=768, out_features=3072, bias=True)
            (linear2): Linear(in_features=3072, out_features=768, bias=True)
            (fn): GELU(approximate=none)
            (drop1): Dropout(p=0.0, inplace=False)
            (drop2): Dropout(p=0.0, inplace=False)
          )
          (norm1): LayerNorm((768,), eps=1e-05, elementwise_affine=True)
          (attn): SABlock(
            (out_proj): Linear(in_features=768, out_features=768, bias=True)
            (qkv): Linear(in_features=768, out_features=2304, bias=False)
            (input_rearrange): Rearrange('b h (qkv l d) -> qkv b l h d', qkv=3, l=12)
            (out_rearrange): Rearrange('b h l d -> b l (h d)')
            (drop_output): Dropout(p=0.0, inplace=False)
            (drop_weights): Dropout(p=0.0, inplace=False)
          )
          (norm2): LayerNorm((768,), eps=1e-05, elementwise_affine=True)
        )
        (9): TransformerBlock(
          (mlp): MLPBlock(
            (linear1): Linear(in_features=768, out_features=3072, bias=True)
            (linear2): Linear(in_features=3072, out_features=768, bias=True)
            (fn): GELU(approximate=none)
            (drop1): Dropout(p=0.0, inplace=False)
            (drop2): Dropout(p=0.0, inplace=False)
          )
          (norm1): LayerNorm((768,), eps=1e-05, elementwise_affine=True)
          (attn): SABlock(
            (out_proj): Linear(in_features=768, out_features=768, bias=True)
            (qkv): Linear(in_features=768, out_features=2304, bias=False)
            (input_rearrange): Rearrange('b h (qkv l d) -> qkv b l h d', qkv=3, l=12)
            (out_rearrange): Rearrange('b h l d -> b l (h d)')
            (drop_output): Dropout(p=0.0, inplace=False)
            (drop_weights): Dropout(p=0.0, inplace=False)
          )
          (norm2): LayerNorm((768,), eps=1e-05, elementwise_affine=True)
        )
        (10): TransformerBlock(
          (mlp): MLPBlock(
            (linear1): Linear(in_features=768, out_features=3072, bias=True)
            (linear2): Linear(in_features=3072, out_features=768, bias=True)
            (fn): GELU(approximate=none)
            (drop1): Dropout(p=0.0, inplace=False)
            (drop2): Dropout(p=0.0, inplace=False)
          )
          (norm1): LayerNorm((768,), eps=1e-05, elementwise_affine=True)
          (attn): SABlock(
            (out_proj): Linear(in_features=768, out_features=768, bias=True)
            (qkv): Linear(in_features=768, out_features=2304, bias=False)
            (input_rearrange): Rearrange('b h (qkv l d) -> qkv b l h d', qkv=3, l=12)
            (out_rearrange): Rearrange('b h l d -> b l (h d)')
            (drop_output): Dropout(p=0.0, inplace=False)
            (drop_weights): Dropout(p=0.0, inplace=False)
          )
          (norm2): LayerNorm((768,), eps=1e-05, elementwise_affine=True)
        )
        (11): TransformerBlock(
          (mlp): MLPBlock(
            (linear1): Linear(in_features=768, out_features=3072, bias=True)
            (linear2): Linear(in_features=3072, out_features=768, bias=True)
            (fn): GELU(approximate=none)
            (drop1): Dropout(p=0.0, inplace=False)
            (drop2): Dropout(p=0.0, inplace=False)
          )
          (norm1): LayerNorm((768,), eps=1e-05, elementwise_affine=True)
          (attn): SABlock(
            (out_proj): Linear(in_features=768, out_features=768, bias=True)
            (qkv): Linear(in_features=768, out_features=2304, bias=False)
            (input_rearrange): Rearrange('b h (qkv l d) -> qkv b l h d', qkv=3, l=12)
            (out_rearrange): Rearrange('b h l d -> b l (h d)')
            (drop_output): Dropout(p=0.0, inplace=False)
            (drop_weights): Dropout(p=0.0, inplace=False)
          )
          (norm2): LayerNorm((768,), eps=1e-05, elementwise_affine=True)
        )
      )
      (norm): LayerNorm((768,), eps=1e-05, elementwise_affine=True)
    )
    (encoder1): UnetrBasicBlock(
      (layer): UnetResBlock(
        (conv1): Convolution(
          (conv): Conv3d(1, 32, kernel_size=(3, 3, 3), stride=(1, 1, 1), padding=(1, 1, 1), bias=False)
        )
        (conv2): Convolution(
          (conv): Conv3d(32, 32, kernel_size=(3, 3, 3), stride=(1, 1, 1), padding=(1, 1, 1), bias=False)
        )
        (lrelu): LeakyReLU(negative_slope=0.01, inplace=True)
        (norm1): InstanceNorm3d(32, eps=1e-05, momentum=0.1, affine=False, track_running_stats=False)
        (norm2): InstanceNorm3d(32, eps=1e-05, momentum=0.1, affine=False, track_running_stats=False)
        (conv3): Convolution(
          (conv): Conv3d(1, 32, kernel_size=(1, 1, 1), stride=(1, 1, 1), bias=False)
        )
        (norm3): InstanceNorm3d(32, eps=1e-05, momentum=0.1, affine=False, track_running_stats=False)
      )
    )
    (encoder2): UnetrPrUpBlock(
      (transp_conv_init): Convolution(
        (conv): ConvTranspose3d(768, 64, kernel_size=(2, 2, 2), stride=(2, 2, 2), bias=False)
      )
      (blocks): ModuleList(
        (0): Convolution(
          (conv): ConvTranspose3d(64, 64, kernel_size=(2, 2, 2), stride=(2, 2, 2), bias=False)
        )
        (1): Convolution(
          (conv): ConvTranspose3d(64, 64, kernel_size=(2, 2, 2), stride=(2, 2, 2), bias=False)
        )
      )
    )
    (encoder3): UnetrPrUpBlock(
      (transp_conv_init): Convolution(
        (conv): ConvTranspose3d(768, 128, kernel_size=(2, 2, 2), stride=(2, 2, 2), bias=False)
      )
      (blocks): ModuleList(
        (0): Convolution(
          (conv): ConvTranspose3d(128, 128, kernel_size=(2, 2, 2), stride=(2, 2, 2), bias=False)
        )
      )
    )
    (encoder4): UnetrPrUpBlock(
      (transp_conv_init): Convolution(
        (conv): ConvTranspose3d(768, 256, kernel_size=(2, 2, 2), stride=(2, 2, 2), bias=False)
      )
      (blocks): ModuleList()
    )
  )
  (decoder): Generic_UNETDecoder()
  (conv_blocks_localization): ModuleList(
    (0): Sequential(
      (0): StackedConvLayers(
        (blocks): Sequential(
          (0): ConvDropoutNormNonlin(
            (conv): Conv3d(512, 256, kernel_size=(3, 3, 3), stride=(1, 1, 1), padding=(1, 1, 1))
            (instnorm): InstanceNorm3d(256, eps=1e-05, momentum=0.1, affine=True, track_running_stats=False)
            (lrelu): LeakyReLU(negative_slope=0.01, inplace=True)
          )
        )
      )
      (1): StackedConvLayers(
        (blocks): Sequential(
          (0): ConvDropoutNormNonlin(
            (conv): Conv3d(256, 256, kernel_size=(3, 3, 3), stride=(1, 1, 1), padding=(1, 1, 1))
            (instnorm): InstanceNorm3d(256, eps=1e-05, momentum=0.1, affine=True, track_running_stats=False)
            (lrelu): LeakyReLU(negative_slope=0.01, inplace=True)
          )
        )
      )
    )
    (1): Sequential(
      (0): StackedConvLayers(
        (blocks): Sequential(
          (0): ConvDropoutNormNonlin(
            (conv): Conv3d(256, 128, kernel_size=(3, 3, 3), stride=(1, 1, 1), padding=(1, 1, 1))
            (instnorm): InstanceNorm3d(128, eps=1e-05, momentum=0.1, affine=True, track_running_stats=False)
            (lrelu): LeakyReLU(negative_slope=0.01, inplace=True)
          )
        )
      )
      (1): StackedConvLayers(
        (blocks): Sequential(
          (0): ConvDropoutNormNonlin(
            (conv): Conv3d(128, 128, kernel_size=(3, 3, 3), stride=(1, 1, 1), padding=(1, 1, 1))
            (instnorm): InstanceNorm3d(128, eps=1e-05, momentum=0.1, affine=True, track_running_stats=False)
            (lrelu): LeakyReLU(negative_slope=0.01, inplace=True)
          )
        )
      )
    )
    (2): Sequential(
      (0): StackedConvLayers(
        (blocks): Sequential(
          (0): ConvDropoutNormNonlin(
            (conv): Conv3d(128, 64, kernel_size=(3, 3, 3), stride=(1, 1, 1), padding=(1, 1, 1))
            (instnorm): InstanceNorm3d(64, eps=1e-05, momentum=0.1, affine=True, track_running_stats=False)
            (lrelu): LeakyReLU(negative_slope=0.01, inplace=True)
          )
        )
      )
      (1): StackedConvLayers(
        (blocks): Sequential(
          (0): ConvDropoutNormNonlin(
            (conv): Conv3d(64, 64, kernel_size=(3, 3, 3), stride=(1, 1, 1), padding=(1, 1, 1))
            (instnorm): InstanceNorm3d(64, eps=1e-05, momentum=0.1, affine=True, track_running_stats=False)
            (lrelu): LeakyReLU(negative_slope=0.01, inplace=True)
          )
        )
      )
    )
    (3): Sequential(
      (0): StackedConvLayers(
        (blocks): Sequential(
          (0): ConvDropoutNormNonlin(
            (conv): Conv3d(64, 32, kernel_size=(3, 3, 3), stride=(1, 1, 1), padding=(1, 1, 1))
            (instnorm): InstanceNorm3d(32, eps=1e-05, momentum=0.1, affine=True, track_running_stats=False)
            (lrelu): LeakyReLU(negative_slope=0.01, inplace=True)
          )
        )
      )
      (1): StackedConvLayers(
        (blocks): Sequential(
          (0): ConvDropoutNormNonlin(
            (conv): Conv3d(32, 32, kernel_size=(3, 3, 3), stride=(1, 1, 1), padding=(1, 1, 1))
            (instnorm): InstanceNorm3d(32, eps=1e-05, momentum=0.1, affine=True, track_running_stats=False)
            (lrelu): LeakyReLU(negative_slope=0.01, inplace=True)
          )
        )
      )
    )
  )
  (tu): ModuleList(
    (0): ConvTranspose3d(768, 256, kernel_size=(2, 2, 2), stride=(2, 2, 2), bias=False)
    (1): ConvTranspose3d(256, 128, kernel_size=(2, 2, 2), stride=(2, 2, 2), bias=False)
    (2): ConvTranspose3d(128, 64, kernel_size=(2, 2, 2), stride=(2, 2, 2), bias=False)
    (3): ConvTranspose3d(64, 32, kernel_size=(1, 2, 2), stride=(1, 2, 2), bias=False)
  )
  (seg_outputs): ModuleList(
    (0): Conv3d(256, 16, kernel_size=(1, 1, 1), stride=(1, 1, 1), bias=False)
    (1): Conv3d(128, 16, kernel_size=(1, 1, 1), stride=(1, 1, 1), bias=False)
    (2): Conv3d(64, 16, kernel_size=(1, 1, 1), stride=(1, 1, 1), bias=False)
    (3): Conv3d(32, 16, kernel_size=(1, 1, 1), stride=(1, 1, 1), bias=False)
  )
)
2022-07-05 10:34:26.040573: 

2022-07-05 10:34:26.381481: saving checkpoint...
2022-07-05 10:34:32.597180: done, saving took 6.55 seconds
suus panc_0005 voeg toe aan pred_gt tuples voor later
panc_0007 (2, 268, 510, 510)
debug: mirroring True mirror_axes (0, 1, 2)
step_size: 0.5
do mirror: True
data shape: (1, 268, 510, 510)
patch size: [ 64 160 160]
steps (x, y, and z): [[0, 29, 58, 87, 117, 146, 175, 204], [0, 70, 140, 210, 280, 350], [0, 70, 140, 210, 280, 350]]
number of tiles: 288
computing Gaussian
done
prediction done
suus panc_0007 transposed
suus panc_0007 not saving softmax
suus panc_0007 we moeten gekke ding doen met groot commentaar
suus panc_0007 voeg toe aan pred_gt tuples voor later
suus panc_0014 voeg toe aan pred_gt tuples voor later
panc_0021 (2, 310, 585, 585)
debug: mirroring True mirror_axes (0, 1, 2)
step_size: 0.5
do mirror: True
data shape: (1, 310, 585, 585)
patch size: [ 64 160 160]
steps (x, y, and z): [[0, 31, 62, 92, 123, 154, 184, 215, 246], [0, 71, 142, 212, 283, 354, 425], [0, 71, 142, 212, 283, 354, 425]]
number of tiles: 441
using precomputed Gaussian
prediction done
suus panc_0021 transposed
suus panc_0021 not saving softmax
suus panc_0021 we moeten gekke ding doen met groot commentaar
suus panc_0021 voeg toe aan pred_gt tuples voor later
suus panc_0024 voeg toe aan pred_gt tuples voor later
panc_0030 (2, 312, 595, 595)
debug: mirroring True mirror_axes (0, 1, 2)
step_size: 0.5
do mirror: True
data shape: (1, 312, 595, 595)
patch size: [ 64 160 160]
steps (x, y, and z): [[0, 31, 62, 93, 124, 155, 186, 217, 248], [0, 72, 145, 218, 290, 362, 435], [0, 72, 145, 218, 290, 362, 435]]
number of tiles: 441
using precomputed Gaussian
prediction done
suus panc_0030 transposed
suus panc_0030 not saving softmax
suus panc_0030 we moeten gekke ding doen met groot commentaar
suus panc_0030 voeg toe aan pred_gt tuples voor later
suus panc_0044 voeg toe aan pred_gt tuples voor later
panc_0048 (2, 272, 640, 640)
debug: mirroring True mirror_axes (0, 1, 2)
step_size: 0.5
do mirror: True
data shape: (1, 272, 640, 640)
patch size: [ 64 160 160]
steps (x, y, and z): [[0, 30, 59, 89, 119, 149, 178, 208], [0, 80, 160, 240, 320, 400, 480], [0, 80, 160, 240, 320, 400, 480]]
number of tiles: 392
using precomputed Gaussian
prediction done
suus panc_0048 transposed
suus panc_0048 not saving softmax
suus panc_0048 we moeten gekke ding doen met groot commentaar
suus panc_0048 voeg toe aan pred_gt tuples voor later
suus panc_0067 voeg toe aan pred_gt tuples voor later
suus panc_0076 voeg toe aan pred_gt tuples voor later
suus panc_0077 voeg toe aan pred_gt tuples voor later
suus panc_0081 voeg toe aan pred_gt tuples voor later
suus panc_0103 voeg toe aan pred_gt tuples voor later
suus panc_0118 voeg toe aan pred_gt tuples voor later
suus panc_0134 voeg toe aan pred_gt tuples voor later
suus panc_0142 voeg toe aan pred_gt tuples voor later
suus panc_0147 voeg toe aan pred_gt tuples voor later
suus panc_0154 voeg toe aan pred_gt tuples voor later
suus panc_0162 voeg toe aan pred_gt tuples voor later
suus panc_0170 voeg toe aan pred_gt tuples voor later
suus panc_0175 voeg toe aan pred_gt tuples voor later
suus panc_0190 voeg toe aan pred_gt tuples voor later
suus panc_0197 voeg toe aan pred_gt tuples voor later
suus panc_0198 voeg toe aan pred_gt tuples voor later
suus panc_0215 voeg toe aan pred_gt tuples voor later
suus panc_0226 voeg toe aan pred_gt tuples voor later
suus panc_0231 voeg toe aan pred_gt tuples voor later
suus panc_0239 voeg toe aan pred_gt tuples voor later
suus panc_0263 voeg toe aan pred_gt tuples voor later
suus panc_0272 voeg toe aan pred_gt tuples voor later
suus panc_0273 voeg toe aan pred_gt tuples voor later
suus panc_0279 voeg toe aan pred_gt tuples voor later
suus panc_0281 voeg toe aan pred_gt tuples voor later
suus panc_0301 voeg toe aan pred_gt tuples voor later
suus panc_0302 voeg toe aan pred_gt tuples voor later
suus panc_0336 voeg toe aan pred_gt tuples voor later
suus panc_0337 voeg toe aan pred_gt tuples voor later
suus panc_0371 voeg toe aan pred_gt tuples voor later
suus panc_0376 voeg toe aan pred_gt tuples voor later
suus panc_0381 voeg toe aan pred_gt tuples voor later
suus panc_0391 voeg toe aan pred_gt tuples voor later
suus panc_0405 voeg toe aan pred_gt tuples voor later
suus panc_0518 voeg toe aan pred_gt tuples voor later
suus panc_0530 voeg toe aan pred_gt tuples voor later
suus panc_0558 voeg toe aan pred_gt tuples voor later
suus panc_0578 voeg toe aan pred_gt tuples voor later
suus panc_0582 voeg toe aan pred_gt tuples voor later
suus panc_0595 voeg toe aan pred_gt tuples voor later
2022-07-05 11:18:44.663351: finished prediction
2022-07-05 11:18:44.667381: evaluation of raw predictions
2022-07-05 11:19:39.723504: determining postprocessing
Foreground vs background
before: 0.6165209723482401
after:  0.5017699472296421
1
before: 0.8291948722191224
after:  0.8596077022860396
Removing all but the largest region for class 1 improved results!
min_valid_object_sizes None
10
before: 0.5312955550542543
after:  0.5233125618961693
11
before: 0.5408634026905034
after:  0.5378615630791181
12
before: 0.34900034660880325
after:  0.37924359829411564
Removing all but the largest region for class 12 improved results!
min_valid_object_sizes None
13
before: 0.3475902188023447
after:  0.3462994698478116
14
before: 0.652100460839173
after:  0.6701679936328006
Removing all but the largest region for class 14 improved results!
min_valid_object_sizes None
15
before: 0.6069959122129804
after:  0.6424495172231678
Removing all but the largest region for class 15 improved results!
min_valid_object_sizes None
2
before: 0.8279343033809905
after:  0.8485718764055283
Removing all but the largest region for class 2 improved results!
min_valid_object_sizes None
3
before: 0.7186655418144966
after:  0.7596421258753064
Removing all but the largest region for class 3 improved results!
min_valid_object_sizes None
4
before: 0.4869132109887988
after:  0.5033598571730925
Removing all but the largest region for class 4 improved results!
min_valid_object_sizes None
5
before: 0.46960612762199344
after:  0.4677276972060556
6
before: 0.9011166126289449
after:  0.9003546264179879
7
before: 0.5636955242776533
after:  0.5709169223300724
Removing all but the largest region for class 7 improved results!
min_valid_object_sizes None
8
before: 0.7704613387914971
after:  0.7835210032551979
Removing all but the largest region for class 8 improved results!
min_valid_object_sizes None
9
before: 0.6523811572920438
after:  0.6618654053564285
Removing all but the largest region for class 9 improved results!
min_valid_object_sizes None
done
for which classes:
[1, 12, 14, 15, 2, 3, 4, 7, 8, 9]
min_object_sizes
None
force_separate_z: None interpolation order: 1
separate z: True lowres axis [0]
separate z, order in z is 0 order inplane is 1
suus we gaan schrijven naar /exports/lkeb-hpc/smaijer/results/nnUNet/3d_fullres/Task700/nnUNetTrainerV2_Hybrid__nnUNetPlansv2.1/fold_2/validation_raw/panc_0007.nii.gz
force_separate_z: None interpolation order: 1
separate z: True lowres axis [0]
separate z, order in z is 0 order inplane is 1
suus we gaan schrijven naar /exports/lkeb-hpc/smaijer/results/nnUNet/3d_fullres/Task700/nnUNetTrainerV2_Hybrid__nnUNetPlansv2.1/fold_2/validation_raw/panc_0021.nii.gz
force_separate_z: None interpolation order: 1
separate z: True lowres axis [0]
separate z, order in z is 0 order inplane is 1
suus we gaan schrijven naar /exports/lkeb-hpc/smaijer/results/nnUNet/3d_fullres/Task700/nnUNetTrainerV2_Hybrid__nnUNetPlansv2.1/fold_2/validation_raw/panc_0030.nii.gz
force_separate_z: None interpolation order: 1
separate z: True lowres axis [0]
separate z, order in z is 0 order inplane is 1
suus we gaan schrijven naar /exports/lkeb-hpc/smaijer/results/nnUNet/3d_fullres/Task700/nnUNetTrainerV2_Hybrid__nnUNetPlansv2.1/fold_2/validation_raw/panc_0048.nii.gz
done
Program finished with exit code 0 at: Fri Jul  1 00:13:25 CEST 2022
