Starting at Fri Jul  1 00:13:25 CEST 2022
Running on hosts: res-hpc-lkeb05
Running on 1 nodes.
Running 1 tasks.
CPUs on node: 8.
Account: div2-lkeb
Job ID: 10598344
Job name: PancreasTrain
Node running script: res-hpc-lkeb05
Submit host: res-hpc-lo02.researchlumc.nl
GPUS: 0 or 
Fri Jul  1 00:13:28 2022       
+-----------------------------------------------------------------------------+
| NVIDIA-SMI 495.29.05    Driver Version: 495.29.05    CUDA Version: 11.5     |
|-------------------------------+----------------------+----------------------+
| GPU  Name        Persistence-M| Bus-Id        Disp.A | Volatile Uncorr. ECC |
| Fan  Temp  Perf  Pwr:Usage/Cap|         Memory-Usage | GPU-Util  Compute M. |
|                               |                      |               MIG M. |
|===============================+======================+======================|
|   0  Quadro RTX 6000     Off  | 00000000:AF:00.0 Off |                  Off |
| 34%   34C    P0    61W / 260W |      0MiB / 24220MiB |      0%      Default |
|                               |                      |                  N/A |
+-------------------------------+----------------------+----------------------+
                                                                               
+-----------------------------------------------------------------------------+
| Processes:                                                                  |
|  GPU   GI   CI        PID   Type   Process name                  GPU Memory |
|        ID   ID                                                   Usage      |
|=============================================================================|
|  No running processes found                                                 |
+-----------------------------------------------------------------------------+
Current working directory is /home/smaijer
Load all modules..
Done with loading all modules. Modules:
Activate conda env nnunet..
Verifying environment variables:
Installing hidden layer and nnUnet..
