Starting at Fri Jul  1 00:13:25 CEST 2022
Running on hosts: res-hpc-lkeb08
Running on 1 nodes.
Running 1 tasks.
CPUs on node: 6.
Account: div2-lkeb
Job ID: 10627070
Job name: 700
Node running script: res-hpc-lkeb08
Submit host: res-hpc-lo02.researchlumc.nl
GPUS: 0 or 
Tue Jul  5 22:21:50 2022       
+-----------------------------------------------------------------------------+
| NVIDIA-SMI 470.103.01   Driver Version: 470.103.01   CUDA Version: 11.4     |
|-------------------------------+----------------------+----------------------+
| GPU  Name        Persistence-M| Bus-Id        Disp.A | Volatile Uncorr. ECC |
| Fan  Temp  Perf  Pwr:Usage/Cap|         Memory-Usage | GPU-Util  Compute M. |
|                               |                      |               MIG M. |
|===============================+======================+======================|
|   0  NVIDIA RTX A6000    On   | 00000000:3B:00.0 Off |                  Off |
| 30%   25C    P8     6W / 300W |      0MiB / 48685MiB |      0%      Default |
|                               |                      |                  N/A |
+-------------------------------+----------------------+----------------------+
                                                                               
+-----------------------------------------------------------------------------+
| Processes:                                                                  |
|  GPU   GI   CI        PID   Type   Process name                  GPU Memory |
|        ID   ID                                                   Usage      |
|=============================================================================|
|  No running processes found                                                 |
+-----------------------------------------------------------------------------+
Current working directory is /home/smaijer
Load all modules..
Done with loading all modules. Modules:
Activate conda env nnunet..
Verifying environment variables:
Installing hidden layer and nnUnet..
Collecting hiddenlayer
  Cloning https://github.com/FabianIsensee/hiddenlayer.git (to revision more_plotted_details) to /tmp/pip-install-byu1a13l/hiddenlayer_4b32da74c91b4123a018b8c8c689e0f2
  Resolved https://github.com/FabianIsensee/hiddenlayer.git to commit 4b98f9e5cccebac67368f02b95f4700b522345b1
Using legacy 'setup.py install' for hiddenlayer, since package 'wheel' is not installed.
Installing collected packages: hiddenlayer
    Running setup.py install for hiddenlayer: started
    Running setup.py install for hiddenlayer: finished with status 'done'
Successfully installed hiddenlayer-0.2
Obtaining file:///home/smaijer/code/nnUNet
Collecting torch>1.10.0
  Using cached torch-1.12.0-cp310-cp310-manylinux1_x86_64.whl (776.3 MB)
Collecting tqdm
  Using cached tqdm-4.64.0-py2.py3-none-any.whl (78 kB)
Collecting dicom2nifti
  Using cached dicom2nifti-2.4.2-py3-none-any.whl (43 kB)
Collecting scikit-image>=0.14
  Using cached scikit_image-0.19.3-cp310-cp310-manylinux_2_17_x86_64.manylinux2014_x86_64.whl (13.9 MB)
Collecting medpy
  Using cached MedPy-0.4.0-py3-none-any.whl
Collecting scipy
  Using cached scipy-1.8.1-cp310-cp310-manylinux_2_17_x86_64.manylinux2014_x86_64.whl (42.2 MB)
Collecting batchgenerators>=0.23
  Using cached batchgenerators-0.24-py3-none-any.whl
Collecting numpy
  Using cached numpy-1.23.0-cp310-cp310-manylinux_2_17_x86_64.manylinux2014_x86_64.whl (17.0 MB)
Collecting sklearn
  Using cached sklearn-0.0-py2.py3-none-any.whl
Collecting SimpleITK
  Using cached SimpleITK-2.1.1.2-cp310-cp310-manylinux_2_12_x86_64.manylinux2010_x86_64.whl (48.4 MB)
Collecting pandas
  Using cached pandas-1.4.3-cp310-cp310-manylinux_2_17_x86_64.manylinux2014_x86_64.whl (11.6 MB)
Collecting requests
  Using cached requests-2.28.1-py3-none-any.whl (62 kB)
Collecting nibabel
  Using cached nibabel-4.0.1-py3-none-any.whl (3.3 MB)
Collecting tifffile
  Using cached tifffile-2022.5.4-py3-none-any.whl (195 kB)
Collecting matplotlib
  Using cached matplotlib-3.5.2-cp310-cp310-manylinux_2_17_x86_64.manylinux2014_x86_64.whl (11.9 MB)
Collecting monai
  Using cached monai-0.9.0-202206131636-py3-none-any.whl (939 kB)
Collecting einops
  Using cached einops-0.4.1-py3-none-any.whl (28 kB)
Collecting ipython
  Using cached ipython-8.4.0-py3-none-any.whl (750 kB)
Collecting graphviz
  Using cached graphviz-0.20-py3-none-any.whl (46 kB)
Collecting pillow>=7.1.2
  Using cached Pillow-9.2.0-cp310-cp310-manylinux_2_28_x86_64.whl (3.2 MB)
Collecting scikit-learn
  Using cached scikit_learn-1.1.1-cp310-cp310-manylinux_2_17_x86_64.manylinux2014_x86_64.whl (30.4 MB)
Collecting threadpoolctl
  Using cached threadpoolctl-3.1.0-py3-none-any.whl (14 kB)
Collecting future
  Using cached future-0.18.2-py3-none-any.whl
Collecting unittest2
  Using cached unittest2-1.1.0-py2.py3-none-any.whl (96 kB)
Collecting packaging>=20.0
  Using cached packaging-21.3-py3-none-any.whl (40 kB)
Collecting networkx>=2.2
  Using cached networkx-2.8.4-py3-none-any.whl (2.0 MB)
Collecting PyWavelets>=1.1.1
  Using cached PyWavelets-1.3.0-cp310-cp310-manylinux_2_17_x86_64.manylinux2014_x86_64.whl (6.9 MB)
Collecting imageio>=2.4.1
  Using cached imageio-2.19.3-py3-none-any.whl (3.4 MB)
Collecting pyparsing!=3.0.5,>=2.0.2
  Using cached pyparsing-3.0.9-py3-none-any.whl (98 kB)
Collecting typing-extensions
  Using cached typing_extensions-4.3.0-py3-none-any.whl (25 kB)
Collecting python-gdcm
  Using cached python_gdcm-3.0.14-cp310-cp310-manylinux_2_17_x86_64.manylinux2014_x86_64.whl (12.8 MB)
Collecting pydicom>=2.2.0
  Using cached pydicom-2.3.0-py3-none-any.whl (2.0 MB)
Collecting setuptools>=18.5
  Using cached setuptools-63.1.0-py3-none-any.whl (1.2 MB)
Collecting stack-data
  Using cached stack_data-0.3.0-py3-none-any.whl (23 kB)
Collecting jedi>=0.16
  Using cached jedi-0.18.1-py2.py3-none-any.whl (1.6 MB)
Collecting decorator
  Using cached decorator-5.1.1-py3-none-any.whl (9.1 kB)
Collecting traitlets>=5
  Using cached traitlets-5.3.0-py3-none-any.whl (106 kB)
Collecting pickleshare
  Using cached pickleshare-0.7.5-py2.py3-none-any.whl (6.9 kB)
Collecting prompt-toolkit!=3.0.0,!=3.0.1,<3.1.0,>=2.0.0
  Using cached prompt_toolkit-3.0.30-py3-none-any.whl (381 kB)
Collecting pygments>=2.4.0
  Using cached Pygments-2.12.0-py3-none-any.whl (1.1 MB)
Collecting matplotlib-inline
  Using cached matplotlib_inline-0.1.3-py3-none-any.whl (8.2 kB)
Collecting backcall
  Using cached backcall-0.2.0-py2.py3-none-any.whl (11 kB)
Collecting pexpect>4.3
  Using cached pexpect-4.8.0-py2.py3-none-any.whl (59 kB)
Collecting parso<0.9.0,>=0.8.0
  Using cached parso-0.8.3-py2.py3-none-any.whl (100 kB)
Collecting ptyprocess>=0.5
  Using cached ptyprocess-0.7.0-py2.py3-none-any.whl (13 kB)
Collecting wcwidth
  Using cached wcwidth-0.2.5-py2.py3-none-any.whl (30 kB)
Collecting python-dateutil>=2.7
  Using cached python_dateutil-2.8.2-py2.py3-none-any.whl (247 kB)
Collecting kiwisolver>=1.0.1
  Using cached kiwisolver-1.4.3-cp310-cp310-manylinux_2_12_x86_64.manylinux2010_x86_64.whl (1.6 MB)
Collecting fonttools>=4.22.0
  Using cached fonttools-4.33.3-py3-none-any.whl (930 kB)
Collecting cycler>=0.10
  Using cached cycler-0.11.0-py3-none-any.whl (6.4 kB)
Collecting six>=1.5
  Using cached six-1.16.0-py2.py3-none-any.whl (11 kB)
Collecting pytz>=2020.1
  Using cached pytz-2022.1-py2.py3-none-any.whl (503 kB)
Collecting certifi>=2017.4.17
  Using cached certifi-2022.6.15-py3-none-any.whl (160 kB)
Collecting urllib3<1.27,>=1.21.1
  Using cached urllib3-1.26.9-py2.py3-none-any.whl (138 kB)
Collecting charset-normalizer<3,>=2
  Using cached charset_normalizer-2.1.0-py3-none-any.whl (39 kB)
Collecting idna<4,>=2.5
  Using cached idna-3.3-py3-none-any.whl (61 kB)
Collecting joblib>=1.0.0
  Using cached joblib-1.1.0-py2.py3-none-any.whl (306 kB)
Collecting executing
  Using cached executing-0.8.3-py2.py3-none-any.whl (16 kB)
Collecting asttokens
  Using cached asttokens-2.0.5-py2.py3-none-any.whl (20 kB)
Collecting pure-eval
  Using cached pure_eval-0.2.2-py3-none-any.whl (11 kB)
Collecting traceback2
  Using cached traceback2-1.4.0-py2.py3-none-any.whl (16 kB)
Collecting argparse
  Using cached argparse-1.4.0-py2.py3-none-any.whl (23 kB)
Collecting linecache2
  Using cached linecache2-1.0.0-py2.py3-none-any.whl (12 kB)
Installing collected packages: six, pyparsing, pillow, numpy, linecache2, wcwidth, typing-extensions, traitlets, traceback2, tifffile, threadpoolctl, setuptools, scipy, PyWavelets, pure-eval, ptyprocess, parso, packaging, networkx, joblib, imageio, executing, asttokens, argparse, urllib3, unittest2, torch, stack-data, SimpleITK, scikit-learn, scikit-image, pytz, python-gdcm, python-dateutil, pygments, pydicom, prompt-toolkit, pickleshare, pexpect, nibabel, matplotlib-inline, kiwisolver, jedi, idna, future, fonttools, decorator, cycler, charset-normalizer, certifi, backcall, tqdm, sklearn, requests, pandas, monai, medpy, matplotlib, ipython, graphviz, einops, dicom2nifti, batchgenerators, nnunet
  Running setup.py develop for nnunet
Successfully installed PyWavelets-1.3.0 SimpleITK-2.1.1.2 argparse-1.4.0 asttokens-2.0.5 backcall-0.2.0 batchgenerators-0.24 certifi-2022.6.15 charset-normalizer-2.1.0 cycler-0.11.0 decorator-5.1.1 dicom2nifti-2.4.2 einops-0.4.1 executing-0.8.3 fonttools-4.33.3 future-0.18.2 graphviz-0.20 idna-3.3 imageio-2.19.3 ipython-8.4.0 jedi-0.18.1 joblib-1.1.0 kiwisolver-1.4.3 linecache2-1.0.0 matplotlib-3.5.2 matplotlib-inline-0.1.3 medpy-0.4.0 monai-0.9.0 networkx-2.8.4 nibabel-4.0.1 nnunet numpy-1.23.0 packaging-21.3 pandas-1.4.3 parso-0.8.3 pexpect-4.8.0 pickleshare-0.7.5 pillow-9.2.0 prompt-toolkit-3.0.30 ptyprocess-0.7.0 pure-eval-0.2.2 pydicom-2.3.0 pygments-2.12.0 pyparsing-3.0.9 python-dateutil-2.8.2 python-gdcm-3.0.14 pytz-2022.1 requests-2.28.1 scikit-image-0.19.3 scikit-learn-1.1.1 scipy-1.8.1 setuptools-63.1.0 six-1.16.0 sklearn-0.0 stack-data-0.3.0 threadpoolctl-3.1.0 tifffile-2022.5.4 torch-1.12.0 tqdm-4.64.0 traceback2-1.4.0 traitlets-5.3.0 typing-extensions-4.3.0 unittest2-1.1.0 urllib3-1.26.9 wcwidth-0.2.5


Please cite the following paper when using nnUNet:

Isensee, F., Jaeger, P.F., Kohl, S.A.A. et al. "nnU-Net: a self-configuring method for deep learning-based biomedical image segmentation." Nat Methods (2020). https://doi.org/10.1038/s41592-020-01008-z


If you have questions or suggestions, feel free to open an issue at https://github.com/MIC-DKFZ/nnUNet

Suus0 - run_training. Args:
Namespace(network='3d_fullres', network_trainer='nnUNetTrainerV2', task='700', fold='2', validation_only=False, continue_training=True, p='nnUNetPlansv2.1', use_compressed_data=False, deterministic=False, npz=False, find_lr=False, valbest=False, fp32=True, val_folder='validation_raw', disable_saving=False, disable_postprocessing_on_folds=False, val_disable_overwrite=False, disable_next_stage_pred=False, pretrained_weights=None)
###############################################
I am running the following nnUNet: 3d_fullres
My trainer class is:  <class 'nnunet.training.network_training.nnUNetTrainerV2.nnUNetTrainerV2'>
For that I will be using the following configuration:
num_classes:  15
modalities:  {0: 'CT'}
use_mask_for_norm OrderedDict([(0, False)])
keep_only_largest_region None
min_region_size_per_class None
min_size_per_class None
normalization_schemes OrderedDict([(0, 'CT')])
stages...

stage:  0
{'batch_size': 2, 'num_pool_per_axis': [4, 5, 5], 'patch_size': array([ 80, 160, 160]), 'median_patient_size_in_voxels': array([138, 243, 243]), 'current_spacing': array([3.28926364, 1.64543342, 1.64543342]), 'original_spacing': array([2.        , 0.78014851, 0.78014851]), 'do_dummy_2D_data_aug': False, 'pool_op_kernel_sizes': [[2, 2, 2], [2, 2, 2], [2, 2, 2], [2, 2, 2], [1, 2, 2]], 'conv_kernel_sizes': [[3, 3, 3], [3, 3, 3], [3, 3, 3], [3, 3, 3], [3, 3, 3], [3, 3, 3]]}

stage:  1
{'batch_size': 2, 'num_pool_per_axis': [4, 5, 5], 'patch_size': array([ 64, 160, 160]), 'median_patient_size_in_voxels': array([228, 513, 513]), 'current_spacing': array([2.        , 0.78014851, 0.78014851]), 'original_spacing': array([2.        , 0.78014851, 0.78014851]), 'do_dummy_2D_data_aug': False, 'pool_op_kernel_sizes': [[1, 2, 2], [2, 2, 2], [2, 2, 2], [2, 2, 2], [2, 2, 2]], 'conv_kernel_sizes': [[1, 3, 3], [3, 3, 3], [3, 3, 3], [3, 3, 3], [3, 3, 3], [3, 3, 3]]}

I am using stage 1 from these plans
I am using batch dice + CE loss

I am using data from this folder:  /exports/lkeb-hpc/smaijer/data/nnUNet_preprocessed/Task700/nnUNetData_plans_v2.1
###############################################
Suus1 - Initialise de NetworkTrainer
Suus2 - Initialise de nnUNetTrainer
Suus3 - Initialise de nnUNetTrainerV2
Suus4 - Initialise de trainer echt
Suus5 - zet de plans properties
Suus6 - Zet de data augmentation params
Suus7 - zet deep supervision weights die de meerdere outputs prioriteit geven
loading dataset
loading all case properties
2022-07-05 22:22:46.688247: Using splits from existing split file: /exports/lkeb-hpc/smaijer/data/nnUNet_preprocessed/Task700/splits_final.pkl
2022-07-05 22:22:46.696949: The split file contains 5 splits.
2022-07-05 22:22:46.699369: Desired fold for training: 2
2022-07-05 22:22:46.701406: This split has 192 training and 48 validation cases.
unpacking dataset
done
Suus8 - Maak network aan (BELANGRIJK!)
SuusB - first stride 
Suus10 - StackedConvLayers, input: 1 en output: 32, first_stride: None, num_convs: 2, conv_kwargs: {'stride': 1, 'dilation': 1, 'bias': True, 'kernel_size': [1, 3, 3], 'padding': [0, 1, 1]}
SuusA - first_stride [1, 2, 2]
Suus10 - StackedConvLayers, input: 32 en output: 64, first_stride: [1, 2, 2], num_convs: 2, conv_kwargs: {'stride': 1, 'dilation': 1, 'bias': True, 'kernel_size': [3, 3, 3], 'padding': [1, 1, 1]}
SuusA - first_stride [2, 2, 2]
Suus10 - StackedConvLayers, input: 64 en output: 128, first_stride: [2, 2, 2], num_convs: 2, conv_kwargs: {'stride': 1, 'dilation': 1, 'bias': True, 'kernel_size': [3, 3, 3], 'padding': [1, 1, 1]}
SuusA - first_stride [2, 2, 2]
Suus10 - StackedConvLayers, input: 128 en output: 256, first_stride: [2, 2, 2], num_convs: 2, conv_kwargs: {'stride': 1, 'dilation': 1, 'bias': True, 'kernel_size': [3, 3, 3], 'padding': [1, 1, 1]}
SuusA - first_stride [2, 2, 2]
Suus10 - StackedConvLayers, input: 256 en output: 320, first_stride: [2, 2, 2], num_convs: 2, conv_kwargs: {'stride': 1, 'dilation': 1, 'bias': True, 'kernel_size': [3, 3, 3], 'padding': [1, 1, 1]}
Suus10 - StackedConvLayers, input: 320 en output: 320, first_stride: [2, 2, 2], num_convs: 1, conv_kwargs: {'stride': 1, 'dilation': 1, 'bias': True, 'kernel_size': [3, 3, 3], 'padding': [1, 1, 1]}
Suus10 - StackedConvLayers, input: 320 en output: 320, first_stride: None, num_convs: 1, conv_kwargs: {'stride': 1, 'dilation': 1, 'bias': True, 'kernel_size': [3, 3, 3], 'padding': [1, 1, 1]}
Suus10 - StackedConvLayers, input: 640 en output: 320, first_stride: None, num_convs: 1, conv_kwargs: {'stride': 1, 'dilation': 1, 'bias': True, 'kernel_size': [3, 3, 3], 'padding': [1, 1, 1]}
Suus10 - StackedConvLayers, input: 320 en output: 320, first_stride: None, num_convs: 1, conv_kwargs: {'stride': 1, 'dilation': 1, 'bias': True, 'kernel_size': [3, 3, 3], 'padding': [1, 1, 1]}
Suus10 - StackedConvLayers, input: 512 en output: 256, first_stride: None, num_convs: 1, conv_kwargs: {'stride': 1, 'dilation': 1, 'bias': True, 'kernel_size': [3, 3, 3], 'padding': [1, 1, 1]}
Suus10 - StackedConvLayers, input: 256 en output: 256, first_stride: None, num_convs: 1, conv_kwargs: {'stride': 1, 'dilation': 1, 'bias': True, 'kernel_size': [3, 3, 3], 'padding': [1, 1, 1]}
Suus10 - StackedConvLayers, input: 256 en output: 128, first_stride: None, num_convs: 1, conv_kwargs: {'stride': 1, 'dilation': 1, 'bias': True, 'kernel_size': [3, 3, 3], 'padding': [1, 1, 1]}
Suus10 - StackedConvLayers, input: 128 en output: 128, first_stride: None, num_convs: 1, conv_kwargs: {'stride': 1, 'dilation': 1, 'bias': True, 'kernel_size': [3, 3, 3], 'padding': [1, 1, 1]}
Suus10 - StackedConvLayers, input: 128 en output: 64, first_stride: None, num_convs: 1, conv_kwargs: {'stride': 1, 'dilation': 1, 'bias': True, 'kernel_size': [3, 3, 3], 'padding': [1, 1, 1]}
Suus10 - StackedConvLayers, input: 64 en output: 64, first_stride: None, num_convs: 1, conv_kwargs: {'stride': 1, 'dilation': 1, 'bias': True, 'kernel_size': [3, 3, 3], 'padding': [1, 1, 1]}
Suus10 - StackedConvLayers, input: 64 en output: 32, first_stride: None, num_convs: 1, conv_kwargs: {'stride': 1, 'dilation': 1, 'bias': True, 'kernel_size': [3, 3, 3], 'padding': [1, 1, 1]}
Suus10 - StackedConvLayers, input: 32 en output: 32, first_stride: None, num_convs: 1, conv_kwargs: {'stride': 1, 'dilation': 1, 'bias': True, 'kernel_size': [3, 3, 3], 'padding': [1, 1, 1]}
Generic_UNet(
  (encoder): Generic_UNETEncoder()
  (decoder): Generic_UNETDecoder()
  (conv_blocks_localization): ModuleList(
    (0): Sequential(
      (0): StackedConvLayers(
        (blocks): Sequential(
          (0): ConvDropoutNormNonlin(
            (conv): Conv3d(640, 320, kernel_size=(3, 3, 3), stride=(1, 1, 1), padding=(1, 1, 1))
            (instnorm): InstanceNorm3d(320, eps=1e-05, momentum=0.1, affine=True, track_running_stats=False)
            (lrelu): LeakyReLU(negative_slope=0.01, inplace=True)
          )
        )
      )
      (1): StackedConvLayers(
        (blocks): Sequential(
          (0): ConvDropoutNormNonlin(
            (conv): Conv3d(320, 320, kernel_size=(3, 3, 3), stride=(1, 1, 1), padding=(1, 1, 1))
            (instnorm): InstanceNorm3d(320, eps=1e-05, momentum=0.1, affine=True, track_running_stats=False)
            (lrelu): LeakyReLU(negative_slope=0.01, inplace=True)
          )
        )
      )
    )
    (1): Sequential(
      (0): StackedConvLayers(
        (blocks): Sequential(
          (0): ConvDropoutNormNonlin(
            (conv): Conv3d(512, 256, kernel_size=(3, 3, 3), stride=(1, 1, 1), padding=(1, 1, 1))
            (instnorm): InstanceNorm3d(256, eps=1e-05, momentum=0.1, affine=True, track_running_stats=False)
            (lrelu): LeakyReLU(negative_slope=0.01, inplace=True)
          )
        )
      )
      (1): StackedConvLayers(
        (blocks): Sequential(
          (0): ConvDropoutNormNonlin(
            (conv): Conv3d(256, 256, kernel_size=(3, 3, 3), stride=(1, 1, 1), padding=(1, 1, 1))
            (instnorm): InstanceNorm3d(256, eps=1e-05, momentum=0.1, affine=True, track_running_stats=False)
            (lrelu): LeakyReLU(negative_slope=0.01, inplace=True)
          )
        )
      )
    )
    (2): Sequential(
      (0): StackedConvLayers(
        (blocks): Sequential(
          (0): ConvDropoutNormNonlin(
            (conv): Conv3d(256, 128, kernel_size=(3, 3, 3), stride=(1, 1, 1), padding=(1, 1, 1))
            (instnorm): InstanceNorm3d(128, eps=1e-05, momentum=0.1, affine=True, track_running_stats=False)
            (lrelu): LeakyReLU(negative_slope=0.01, inplace=True)
          )
        )
      )
      (1): StackedConvLayers(
        (blocks): Sequential(
          (0): ConvDropoutNormNonlin(
            (conv): Conv3d(128, 128, kernel_size=(3, 3, 3), stride=(1, 1, 1), padding=(1, 1, 1))
            (instnorm): InstanceNorm3d(128, eps=1e-05, momentum=0.1, affine=True, track_running_stats=False)
            (lrelu): LeakyReLU(negative_slope=0.01, inplace=True)
          )
        )
      )
    )
    (3): Sequential(
      (0): StackedConvLayers(
        (blocks): Sequential(
          (0): ConvDropoutNormNonlin(
            (conv): Conv3d(128, 64, kernel_size=(3, 3, 3), stride=(1, 1, 1), padding=(1, 1, 1))
            (instnorm): InstanceNorm3d(64, eps=1e-05, momentum=0.1, affine=True, track_running_stats=False)
            (lrelu): LeakyReLU(negative_slope=0.01, inplace=True)
          )
        )
      )
      (1): StackedConvLayers(
        (blocks): Sequential(
          (0): ConvDropoutNormNonlin(
            (conv): Conv3d(64, 64, kernel_size=(3, 3, 3), stride=(1, 1, 1), padding=(1, 1, 1))
            (instnorm): InstanceNorm3d(64, eps=1e-05, momentum=0.1, affine=True, track_running_stats=False)
            (lrelu): LeakyReLU(negative_slope=0.01, inplace=True)
          )
        )
      )
    )
    (4): Sequential(
      (0): StackedConvLayers(
        (blocks): Sequential(
          (0): ConvDropoutNormNonlin(
            (conv): Conv3d(64, 32, kernel_size=(3, 3, 3), stride=(1, 1, 1), padding=(1, 1, 1))
            (instnorm): InstanceNorm3d(32, eps=1e-05, momentum=0.1, affine=True, track_running_stats=False)
            (lrelu): LeakyReLU(negative_slope=0.01, inplace=True)
          )
        )
      )
      (1): StackedConvLayers(
        (blocks): Sequential(
          (0): ConvDropoutNormNonlin(
            (conv): Conv3d(32, 32, kernel_size=(3, 3, 3), stride=(1, 1, 1), padding=(1, 1, 1))
            (instnorm): InstanceNorm3d(32, eps=1e-05, momentum=0.1, affine=True, track_running_stats=False)
            (lrelu): LeakyReLU(negative_slope=0.01, inplace=True)
          )
        )
      )
    )
  )
  (conv_blocks_context): ModuleList(
    (0): StackedConvLayers(
      (blocks): Sequential(
        (0): ConvDropoutNormNonlin(
          (conv): Conv3d(1, 32, kernel_size=(1, 3, 3), stride=(1, 1, 1), padding=(0, 1, 1))
          (instnorm): InstanceNorm3d(32, eps=1e-05, momentum=0.1, affine=True, track_running_stats=False)
          (lrelu): LeakyReLU(negative_slope=0.01, inplace=True)
        )
        (1): ConvDropoutNormNonlin(
          (conv): Conv3d(32, 32, kernel_size=(1, 3, 3), stride=(1, 1, 1), padding=(0, 1, 1))
          (instnorm): InstanceNorm3d(32, eps=1e-05, momentum=0.1, affine=True, track_running_stats=False)
          (lrelu): LeakyReLU(negative_slope=0.01, inplace=True)
        )
      )
    )
    (1): StackedConvLayers(
      (blocks): Sequential(
        (0): ConvDropoutNormNonlin(
          (conv): Conv3d(32, 64, kernel_size=(3, 3, 3), stride=(1, 2, 2), padding=(1, 1, 1))
          (instnorm): InstanceNorm3d(64, eps=1e-05, momentum=0.1, affine=True, track_running_stats=False)
          (lrelu): LeakyReLU(negative_slope=0.01, inplace=True)
        )
        (1): ConvDropoutNormNonlin(
          (conv): Conv3d(64, 64, kernel_size=(3, 3, 3), stride=(1, 1, 1), padding=(1, 1, 1))
          (instnorm): InstanceNorm3d(64, eps=1e-05, momentum=0.1, affine=True, track_running_stats=False)
          (lrelu): LeakyReLU(negative_slope=0.01, inplace=True)
        )
      )
    )
    (2): StackedConvLayers(
      (blocks): Sequential(
        (0): ConvDropoutNormNonlin(
          (conv): Conv3d(64, 128, kernel_size=(3, 3, 3), stride=(2, 2, 2), padding=(1, 1, 1))
          (instnorm): InstanceNorm3d(128, eps=1e-05, momentum=0.1, affine=True, track_running_stats=False)
          (lrelu): LeakyReLU(negative_slope=0.01, inplace=True)
        )
        (1): ConvDropoutNormNonlin(
          (conv): Conv3d(128, 128, kernel_size=(3, 3, 3), stride=(1, 1, 1), padding=(1, 1, 1))
          (instnorm): InstanceNorm3d(128, eps=1e-05, momentum=0.1, affine=True, track_running_stats=False)
          (lrelu): LeakyReLU(negative_slope=0.01, inplace=True)
        )
      )
    )
    (3): StackedConvLayers(
      (blocks): Sequential(
        (0): ConvDropoutNormNonlin(
          (conv): Conv3d(128, 256, kernel_size=(3, 3, 3), stride=(2, 2, 2), padding=(1, 1, 1))
          (instnorm): InstanceNorm3d(256, eps=1e-05, momentum=0.1, affine=True, track_running_stats=False)
          (lrelu): LeakyReLU(negative_slope=0.01, inplace=True)
        )
        (1): ConvDropoutNormNonlin(
          (conv): Conv3d(256, 256, kernel_size=(3, 3, 3), stride=(1, 1, 1), padding=(1, 1, 1))
          (instnorm): InstanceNorm3d(256, eps=1e-05, momentum=0.1, affine=True, track_running_stats=False)
          (lrelu): LeakyReLU(negative_slope=0.01, inplace=True)
        )
      )
    )
    (4): StackedConvLayers(
      (blocks): Sequential(
        (0): ConvDropoutNormNonlin(
          (conv): Conv3d(256, 320, kernel_size=(3, 3, 3), stride=(2, 2, 2), padding=(1, 1, 1))
          (instnorm): InstanceNorm3d(320, eps=1e-05, momentum=0.1, affine=True, track_running_stats=False)
          (lrelu): LeakyReLU(negative_slope=0.01, inplace=True)
        )
        (1): ConvDropoutNormNonlin(
          (conv): Conv3d(320, 320, kernel_size=(3, 3, 3), stride=(1, 1, 1), padding=(1, 1, 1))
          (instnorm): InstanceNorm3d(320, eps=1e-05, momentum=0.1, affine=True, track_running_stats=False)
          (lrelu): LeakyReLU(negative_slope=0.01, inplace=True)
        )
      )
    )
    (5): Sequential(
      (0): StackedConvLayers(
        (blocks): Sequential(
          (0): ConvDropoutNormNonlin(
            (conv): Conv3d(320, 320, kernel_size=(3, 3, 3), stride=(2, 2, 2), padding=(1, 1, 1))
            (instnorm): InstanceNorm3d(320, eps=1e-05, momentum=0.1, affine=True, track_running_stats=False)
            (lrelu): LeakyReLU(negative_slope=0.01, inplace=True)
          )
        )
      )
      (1): StackedConvLayers(
        (blocks): Sequential(
          (0): ConvDropoutNormNonlin(
            (conv): Conv3d(320, 320, kernel_size=(3, 3, 3), stride=(1, 1, 1), padding=(1, 1, 1))
            (instnorm): InstanceNorm3d(320, eps=1e-05, momentum=0.1, affine=True, track_running_stats=False)
            (lrelu): LeakyReLU(negative_slope=0.01, inplace=True)
          )
        )
      )
    )
  )
  (td): ModuleList()
  (tu): ModuleList(
    (0): ConvTranspose3d(320, 320, kernel_size=(2, 2, 2), stride=(2, 2, 2), bias=False)
    (1): ConvTranspose3d(320, 256, kernel_size=(2, 2, 2), stride=(2, 2, 2), bias=False)
    (2): ConvTranspose3d(256, 128, kernel_size=(2, 2, 2), stride=(2, 2, 2), bias=False)
    (3): ConvTranspose3d(128, 64, kernel_size=(2, 2, 2), stride=(2, 2, 2), bias=False)
    (4): ConvTranspose3d(64, 32, kernel_size=(1, 2, 2), stride=(1, 2, 2), bias=False)
  )
  (seg_outputs): ModuleList(
    (0): Conv3d(320, 16, kernel_size=(1, 1, 1), stride=(1, 1, 1), bias=False)
    (1): Conv3d(256, 16, kernel_size=(1, 1, 1), stride=(1, 1, 1), bias=False)
    (2): Conv3d(128, 16, kernel_size=(1, 1, 1), stride=(1, 1, 1), bias=False)
    (3): Conv3d(64, 16, kernel_size=(1, 1, 1), stride=(1, 1, 1), bias=False)
    (4): Conv3d(32, 16, kernel_size=(1, 1, 1), stride=(1, 1, 1), bias=False)
  )
)
SuusA - Load checkpoint (final, latest, best)
2022-07-05 22:22:48.462660: loading checkpoint /exports/lkeb-hpc/smaijer/results/nnUNet/3d_fullres/Task700/nnUNetTrainerV2__nnUNetPlansv2.1/fold_2/model_final_checkpoint.model train= True
SuusB run_training - zet learning rate als  
2022-07-05 22:22:48.688422: Suus1 maybe_update_lr lr: 0.0
SuusC - run_training!
using pin_memory on device 0
using pin_memory on device 0
Suus for now disable cause it breaks the logs
2022-07-05 22:23:21.824421: Unable to plot network architecture:
2022-07-05 22:23:21.828954: local variable 'g' referenced before assignment
2022-07-05 22:23:21.832879: 
printing the network instead:

2022-07-05 22:23:21.837775: Generic_UNet(
  (encoder): Generic_UNETEncoder()
  (decoder): Generic_UNETDecoder()
  (conv_blocks_localization): ModuleList(
    (0): Sequential(
      (0): StackedConvLayers(
        (blocks): Sequential(
          (0): ConvDropoutNormNonlin(
            (conv): Conv3d(640, 320, kernel_size=(3, 3, 3), stride=(1, 1, 1), padding=(1, 1, 1))
            (instnorm): InstanceNorm3d(320, eps=1e-05, momentum=0.1, affine=True, track_running_stats=False)
            (lrelu): LeakyReLU(negative_slope=0.01, inplace=True)
          )
        )
      )
      (1): StackedConvLayers(
        (blocks): Sequential(
          (0): ConvDropoutNormNonlin(
            (conv): Conv3d(320, 320, kernel_size=(3, 3, 3), stride=(1, 1, 1), padding=(1, 1, 1))
            (instnorm): InstanceNorm3d(320, eps=1e-05, momentum=0.1, affine=True, track_running_stats=False)
            (lrelu): LeakyReLU(negative_slope=0.01, inplace=True)
          )
        )
      )
    )
    (1): Sequential(
      (0): StackedConvLayers(
        (blocks): Sequential(
          (0): ConvDropoutNormNonlin(
            (conv): Conv3d(512, 256, kernel_size=(3, 3, 3), stride=(1, 1, 1), padding=(1, 1, 1))
            (instnorm): InstanceNorm3d(256, eps=1e-05, momentum=0.1, affine=True, track_running_stats=False)
            (lrelu): LeakyReLU(negative_slope=0.01, inplace=True)
          )
        )
      )
      (1): StackedConvLayers(
        (blocks): Sequential(
          (0): ConvDropoutNormNonlin(
            (conv): Conv3d(256, 256, kernel_size=(3, 3, 3), stride=(1, 1, 1), padding=(1, 1, 1))
            (instnorm): InstanceNorm3d(256, eps=1e-05, momentum=0.1, affine=True, track_running_stats=False)
            (lrelu): LeakyReLU(negative_slope=0.01, inplace=True)
          )
        )
      )
    )
    (2): Sequential(
      (0): StackedConvLayers(
        (blocks): Sequential(
          (0): ConvDropoutNormNonlin(
            (conv): Conv3d(256, 128, kernel_size=(3, 3, 3), stride=(1, 1, 1), padding=(1, 1, 1))
            (instnorm): InstanceNorm3d(128, eps=1e-05, momentum=0.1, affine=True, track_running_stats=False)
            (lrelu): LeakyReLU(negative_slope=0.01, inplace=True)
          )
        )
      )
      (1): StackedConvLayers(
        (blocks): Sequential(
          (0): ConvDropoutNormNonlin(
            (conv): Conv3d(128, 128, kernel_size=(3, 3, 3), stride=(1, 1, 1), padding=(1, 1, 1))
            (instnorm): InstanceNorm3d(128, eps=1e-05, momentum=0.1, affine=True, track_running_stats=False)
            (lrelu): LeakyReLU(negative_slope=0.01, inplace=True)
          )
        )
      )
    )
    (3): Sequential(
      (0): StackedConvLayers(
        (blocks): Sequential(
          (0): ConvDropoutNormNonlin(
            (conv): Conv3d(128, 64, kernel_size=(3, 3, 3), stride=(1, 1, 1), padding=(1, 1, 1))
            (instnorm): InstanceNorm3d(64, eps=1e-05, momentum=0.1, affine=True, track_running_stats=False)
            (lrelu): LeakyReLU(negative_slope=0.01, inplace=True)
          )
        )
      )
      (1): StackedConvLayers(
        (blocks): Sequential(
          (0): ConvDropoutNormNonlin(
            (conv): Conv3d(64, 64, kernel_size=(3, 3, 3), stride=(1, 1, 1), padding=(1, 1, 1))
            (instnorm): InstanceNorm3d(64, eps=1e-05, momentum=0.1, affine=True, track_running_stats=False)
            (lrelu): LeakyReLU(negative_slope=0.01, inplace=True)
          )
        )
      )
    )
    (4): Sequential(
      (0): StackedConvLayers(
        (blocks): Sequential(
          (0): ConvDropoutNormNonlin(
            (conv): Conv3d(64, 32, kernel_size=(3, 3, 3), stride=(1, 1, 1), padding=(1, 1, 1))
            (instnorm): InstanceNorm3d(32, eps=1e-05, momentum=0.1, affine=True, track_running_stats=False)
            (lrelu): LeakyReLU(negative_slope=0.01, inplace=True)
          )
        )
      )
      (1): StackedConvLayers(
        (blocks): Sequential(
          (0): ConvDropoutNormNonlin(
            (conv): Conv3d(32, 32, kernel_size=(3, 3, 3), stride=(1, 1, 1), padding=(1, 1, 1))
            (instnorm): InstanceNorm3d(32, eps=1e-05, momentum=0.1, affine=True, track_running_stats=False)
            (lrelu): LeakyReLU(negative_slope=0.01, inplace=True)
          )
        )
      )
    )
  )
  (conv_blocks_context): ModuleList(
    (0): StackedConvLayers(
      (blocks): Sequential(
        (0): ConvDropoutNormNonlin(
          (conv): Conv3d(1, 32, kernel_size=(1, 3, 3), stride=(1, 1, 1), padding=(0, 1, 1))
          (instnorm): InstanceNorm3d(32, eps=1e-05, momentum=0.1, affine=True, track_running_stats=False)
          (lrelu): LeakyReLU(negative_slope=0.01, inplace=True)
        )
        (1): ConvDropoutNormNonlin(
          (conv): Conv3d(32, 32, kernel_size=(1, 3, 3), stride=(1, 1, 1), padding=(0, 1, 1))
          (instnorm): InstanceNorm3d(32, eps=1e-05, momentum=0.1, affine=True, track_running_stats=False)
          (lrelu): LeakyReLU(negative_slope=0.01, inplace=True)
        )
      )
    )
    (1): StackedConvLayers(
      (blocks): Sequential(
        (0): ConvDropoutNormNonlin(
          (conv): Conv3d(32, 64, kernel_size=(3, 3, 3), stride=(1, 2, 2), padding=(1, 1, 1))
          (instnorm): InstanceNorm3d(64, eps=1e-05, momentum=0.1, affine=True, track_running_stats=False)
          (lrelu): LeakyReLU(negative_slope=0.01, inplace=True)
        )
        (1): ConvDropoutNormNonlin(
          (conv): Conv3d(64, 64, kernel_size=(3, 3, 3), stride=(1, 1, 1), padding=(1, 1, 1))
          (instnorm): InstanceNorm3d(64, eps=1e-05, momentum=0.1, affine=True, track_running_stats=False)
          (lrelu): LeakyReLU(negative_slope=0.01, inplace=True)
        )
      )
    )
    (2): StackedConvLayers(
      (blocks): Sequential(
        (0): ConvDropoutNormNonlin(
          (conv): Conv3d(64, 128, kernel_size=(3, 3, 3), stride=(2, 2, 2), padding=(1, 1, 1))
          (instnorm): InstanceNorm3d(128, eps=1e-05, momentum=0.1, affine=True, track_running_stats=False)
          (lrelu): LeakyReLU(negative_slope=0.01, inplace=True)
        )
        (1): ConvDropoutNormNonlin(
          (conv): Conv3d(128, 128, kernel_size=(3, 3, 3), stride=(1, 1, 1), padding=(1, 1, 1))
          (instnorm): InstanceNorm3d(128, eps=1e-05, momentum=0.1, affine=True, track_running_stats=False)
          (lrelu): LeakyReLU(negative_slope=0.01, inplace=True)
        )
      )
    )
    (3): StackedConvLayers(
      (blocks): Sequential(
        (0): ConvDropoutNormNonlin(
          (conv): Conv3d(128, 256, kernel_size=(3, 3, 3), stride=(2, 2, 2), padding=(1, 1, 1))
          (instnorm): InstanceNorm3d(256, eps=1e-05, momentum=0.1, affine=True, track_running_stats=False)
          (lrelu): LeakyReLU(negative_slope=0.01, inplace=True)
        )
        (1): ConvDropoutNormNonlin(
          (conv): Conv3d(256, 256, kernel_size=(3, 3, 3), stride=(1, 1, 1), padding=(1, 1, 1))
          (instnorm): InstanceNorm3d(256, eps=1e-05, momentum=0.1, affine=True, track_running_stats=False)
          (lrelu): LeakyReLU(negative_slope=0.01, inplace=True)
        )
      )
    )
    (4): StackedConvLayers(
      (blocks): Sequential(
        (0): ConvDropoutNormNonlin(
          (conv): Conv3d(256, 320, kernel_size=(3, 3, 3), stride=(2, 2, 2), padding=(1, 1, 1))
          (instnorm): InstanceNorm3d(320, eps=1e-05, momentum=0.1, affine=True, track_running_stats=False)
          (lrelu): LeakyReLU(negative_slope=0.01, inplace=True)
        )
        (1): ConvDropoutNormNonlin(
          (conv): Conv3d(320, 320, kernel_size=(3, 3, 3), stride=(1, 1, 1), padding=(1, 1, 1))
          (instnorm): InstanceNorm3d(320, eps=1e-05, momentum=0.1, affine=True, track_running_stats=False)
          (lrelu): LeakyReLU(negative_slope=0.01, inplace=True)
        )
      )
    )
    (5): Sequential(
      (0): StackedConvLayers(
        (blocks): Sequential(
          (0): ConvDropoutNormNonlin(
            (conv): Conv3d(320, 320, kernel_size=(3, 3, 3), stride=(2, 2, 2), padding=(1, 1, 1))
            (instnorm): InstanceNorm3d(320, eps=1e-05, momentum=0.1, affine=True, track_running_stats=False)
            (lrelu): LeakyReLU(negative_slope=0.01, inplace=True)
          )
        )
      )
      (1): StackedConvLayers(
        (blocks): Sequential(
          (0): ConvDropoutNormNonlin(
            (conv): Conv3d(320, 320, kernel_size=(3, 3, 3), stride=(1, 1, 1), padding=(1, 1, 1))
            (instnorm): InstanceNorm3d(320, eps=1e-05, momentum=0.1, affine=True, track_running_stats=False)
            (lrelu): LeakyReLU(negative_slope=0.01, inplace=True)
          )
        )
      )
    )
  )
  (td): ModuleList()
  (tu): ModuleList(
    (0): ConvTranspose3d(320, 320, kernel_size=(2, 2, 2), stride=(2, 2, 2), bias=False)
    (1): ConvTranspose3d(320, 256, kernel_size=(2, 2, 2), stride=(2, 2, 2), bias=False)
    (2): ConvTranspose3d(256, 128, kernel_size=(2, 2, 2), stride=(2, 2, 2), bias=False)
    (3): ConvTranspose3d(128, 64, kernel_size=(2, 2, 2), stride=(2, 2, 2), bias=False)
    (4): ConvTranspose3d(64, 32, kernel_size=(1, 2, 2), stride=(1, 2, 2), bias=False)
  )
  (seg_outputs): ModuleList(
    (0): Conv3d(320, 16, kernel_size=(1, 1, 1), stride=(1, 1, 1), bias=False)
    (1): Conv3d(256, 16, kernel_size=(1, 1, 1), stride=(1, 1, 1), bias=False)
    (2): Conv3d(128, 16, kernel_size=(1, 1, 1), stride=(1, 1, 1), bias=False)
    (3): Conv3d(64, 16, kernel_size=(1, 1, 1), stride=(1, 1, 1), bias=False)
    (4): Conv3d(32, 16, kernel_size=(1, 1, 1), stride=(1, 1, 1), bias=False)
  )
)
2022-07-05 22:23:21.843037: 

2022-07-05 22:23:21.925419: saving checkpoint...
2022-07-05 22:23:23.630588: done, saving took 1.78 seconds
suus panc_0005 voeg toe aan pred_gt tuples voor later
suus panc_0007 voeg toe aan pred_gt tuples voor later
suus panc_0014 voeg toe aan pred_gt tuples voor later
suus panc_0021 voeg toe aan pred_gt tuples voor later
suus panc_0024 voeg toe aan pred_gt tuples voor later
suus panc_0030 voeg toe aan pred_gt tuples voor later
suus panc_0044 voeg toe aan pred_gt tuples voor later
suus panc_0048 voeg toe aan pred_gt tuples voor later
suus panc_0067 voeg toe aan pred_gt tuples voor later
suus panc_0076 voeg toe aan pred_gt tuples voor later
suus panc_0077 voeg toe aan pred_gt tuples voor later
suus panc_0081 voeg toe aan pred_gt tuples voor later
suus panc_0103 voeg toe aan pred_gt tuples voor later
suus panc_0118 voeg toe aan pred_gt tuples voor later
suus panc_0134 voeg toe aan pred_gt tuples voor later
suus panc_0142 voeg toe aan pred_gt tuples voor later
suus panc_0147 voeg toe aan pred_gt tuples voor later
suus panc_0154 voeg toe aan pred_gt tuples voor later
suus panc_0162 voeg toe aan pred_gt tuples voor later
suus panc_0170 voeg toe aan pred_gt tuples voor later
suus panc_0175 voeg toe aan pred_gt tuples voor later
suus panc_0190 voeg toe aan pred_gt tuples voor later
suus panc_0197 voeg toe aan pred_gt tuples voor later
suus panc_0198 voeg toe aan pred_gt tuples voor later
suus panc_0215 voeg toe aan pred_gt tuples voor later
suus panc_0226 voeg toe aan pred_gt tuples voor later
suus panc_0231 voeg toe aan pred_gt tuples voor later
suus panc_0239 voeg toe aan pred_gt tuples voor later
suus panc_0263 voeg toe aan pred_gt tuples voor later
suus panc_0272 voeg toe aan pred_gt tuples voor later
suus panc_0273 voeg toe aan pred_gt tuples voor later
suus panc_0279 voeg toe aan pred_gt tuples voor later
suus panc_0281 voeg toe aan pred_gt tuples voor later
suus panc_0301 voeg toe aan pred_gt tuples voor later
suus panc_0302 voeg toe aan pred_gt tuples voor later
suus panc_0336 voeg toe aan pred_gt tuples voor later
suus panc_0337 voeg toe aan pred_gt tuples voor later
suus panc_0371 voeg toe aan pred_gt tuples voor later
suus panc_0376 voeg toe aan pred_gt tuples voor later
panc_0381 (2, 208, 636, 636)
debug: mirroring True mirror_axes (0, 1, 2)
step_size: 0.5
do mirror: True
data shape: (1, 208, 636, 636)
patch size: [ 64 160 160]
steps (x, y, and z): [[0, 29, 58, 86, 115, 144], [0, 79, 159, 238, 317, 397, 476], [0, 79, 159, 238, 317, 397, 476]]
number of tiles: 294
computing Gaussian
done
prediction done
suus panc_0381 transposed
suus panc_0381 not saving softmax
suus panc_0381 we moeten gekke ding doen met groot commentaar
suus panc_0381 voeg toe aan pred_gt tuples voor later
panc_0391 (2, 208, 638, 638)
debug: mirroring True mirror_axes (0, 1, 2)
step_size: 0.5
do mirror: True
data shape: (1, 208, 638, 638)
patch size: [ 64 160 160]
steps (x, y, and z): [[0, 29, 58, 86, 115, 144], [0, 80, 159, 239, 319, 398, 478], [0, 80, 159, 239, 319, 398, 478]]
number of tiles: 294
using precomputed Gaussian
prediction done
suus panc_0391 transposed
suus panc_0391 not saving softmax
suus panc_0391 we moeten gekke ding doen met groot commentaar
suus panc_0391 voeg toe aan pred_gt tuples voor later
panc_0405 (2, 225, 579, 579)
debug: mirroring True mirror_axes (0, 1, 2)
step_size: 0.5
do mirror: True
data shape: (1, 225, 579, 579)
patch size: [ 64 160 160]
steps (x, y, and z): [[0, 27, 54, 80, 107, 134, 161], [0, 70, 140, 210, 279, 349, 419], [0, 70, 140, 210, 279, 349, 419]]
number of tiles: 343
using precomputed Gaussian
prediction done
suus panc_0405 transposed
suus panc_0405 not saving softmax
suus panc_0405 we moeten gekke ding doen met groot commentaar
suus panc_0405 voeg toe aan pred_gt tuples voor later
panc_0518 (2, 200, 308, 451)
debug: mirroring True mirror_axes (0, 1, 2)
step_size: 0.5
do mirror: True
data shape: (1, 200, 308, 451)
patch size: [ 64 160 160]
steps (x, y, and z): [[0, 27, 54, 82, 109, 136], [0, 74, 148], [0, 73, 146, 218, 291]]
number of tiles: 90
using precomputed Gaussian
prediction done
suus panc_0518 transposed
suus panc_0518 not saving softmax
suus panc_0518 we moeten gekke ding doen met groot commentaar
suus panc_0518 voeg toe aan pred_gt tuples voor later
panc_0530 (2, 96, 438, 486)
debug: mirroring True mirror_axes (0, 1, 2)
step_size: 0.5
do mirror: True
data shape: (1, 96, 438, 486)
patch size: [ 64 160 160]
steps (x, y, and z): [[0, 32], [0, 70, 139, 208, 278], [0, 65, 130, 196, 261, 326]]
number of tiles: 60
using precomputed Gaussian
prediction done
suus panc_0530 transposed
suus panc_0530 not saving softmax
suus panc_0530 voeg toe aan pred_gt tuples voor later
panc_0558 (2, 194, 237, 538)
debug: mirroring True mirror_axes (0, 1, 2)
step_size: 0.5
do mirror: True
data shape: (1, 194, 237, 538)
patch size: [ 64 160 160]
steps (x, y, and z): [[0, 26, 52, 78, 104, 130], [0, 77], [0, 76, 151, 227, 302, 378]]
number of tiles: 72
using precomputed Gaussian
prediction done
suus panc_0558 transposed
suus panc_0558 not saving softmax
suus panc_0558 voeg toe aan pred_gt tuples voor later
panc_0578 (2, 187, 237, 538)
debug: mirroring True mirror_axes (0, 1, 2)
step_size: 0.5
do mirror: True
data shape: (1, 187, 237, 538)
patch size: [ 64 160 160]
steps (x, y, and z): [[0, 31, 62, 92, 123], [0, 77], [0, 76, 151, 227, 302, 378]]
number of tiles: 60
using precomputed Gaussian
prediction done
suus panc_0578 transposed
suus panc_0578 not saving softmax
suus panc_0578 voeg toe aan pred_gt tuples voor later
panc_0582 (2, 189, 231, 486)
debug: mirroring True mirror_axes (0, 1, 2)
step_size: 0.5
do mirror: True
data shape: (1, 189, 231, 486)
patch size: [ 64 160 160]
steps (x, y, and z): [[0, 31, 62, 94, 125], [0, 71], [0, 65, 130, 196, 261, 326]]
number of tiles: 60
using precomputed Gaussian
prediction done
suus panc_0582 transposed
suus panc_0582 not saving softmax
suus panc_0582 voeg toe aan pred_gt tuples voor later
panc_0595 (2, 108, 393, 486)
debug: mirroring True mirror_axes (0, 1, 2)
step_size: 0.5
do mirror: True
data shape: (1, 108, 393, 486)
patch size: [ 64 160 160]
steps (x, y, and z): [[0, 22, 44], [0, 78, 155, 233], [0, 65, 130, 196, 261, 326]]
number of tiles: 72
using precomputed Gaussian
prediction done
suus panc_0595 transposed
suus panc_0595 not saving softmax
suus panc_0595 voeg toe aan pred_gt tuples voor later
2022-07-05 22:42:03.790962: finished prediction
2022-07-05 22:42:03.794902: evaluation of raw predictions
2022-07-05 22:43:07.177474: determining postprocessing
Foreground vs background
before: 0.8610824714633122
after:  0.7046928394875077
1
before: 0.9654067026064089
after:  0.9673909166505346
Removing all but the largest region for class 1 improved results!
min_valid_object_sizes None
10
before: 0.8569530766464236
after:  0.8542527087722297
11
before: 0.7793538855067563
after:  0.7796329319952394
Removing all but the largest region for class 11 improved results!
min_valid_object_sizes None
12
before: 0.7694090577040417
after:  0.7703844305624287
Removing all but the largest region for class 12 improved results!
min_valid_object_sizes None
13
before: 0.7651079949781008
after:  0.7531958695629175
14
before: 0.8678784613573407
after:  0.8731533672401978
Removing all but the largest region for class 14 improved results!
min_valid_object_sizes None
15
before: 0.846963427114652
after:  0.8470355472249688
Removing all but the largest region for class 15 improved results!
min_valid_object_sizes None
2
before: 0.9546918647257989
after:  0.9594538544333796
Removing all but the largest region for class 2 improved results!
min_valid_object_sizes None
3
before: 0.907084972177768
after:  0.9075306053651352
Removing all but the largest region for class 3 improved results!
min_valid_object_sizes None
4
before: 0.7770325955676012
after:  0.7803713498907673
Removing all but the largest region for class 4 improved results!
min_valid_object_sizes None
5
before: 0.7723695522523332
after:  0.758399814420787
6
before: 0.9659217470983767
after:  0.9726286500467717
Removing all but the largest region for class 6 improved results!
min_valid_object_sizes None
7
before: 0.8654332575421311
after:  0.8529982945755146
8
before: 0.9398494703834341
after:  0.9394963022372774
9
before: 0.8827810062885156
after:  0.881402400322355
done
for which classes:
[1, 11, 12, 14, 15, 2, 3, 4, 6]
min_object_sizes
None
done
Program finished with exit code 0 at: Fri Jul  1 00:13:25 CEST 2022
