Starting at Fri Apr 15 01:06:33 CEST 2022
Running on hosts: res-hpc-lkeb04
Running on 1 nodes.
Running 1 tasks.
Account: div2-lkeb
Job ID: 9955892
Job name: NIHPancreasPreprocess
Node running script: res-hpc-lkeb04
Submit host: res-hpc-lo02.researchlumc.nl
GPUS: 0 or 
Fri Apr 15 01:06:33 2022       
+-----------------------------------------------------------------------------+
| NVIDIA-SMI 495.29.05    Driver Version: 495.29.05    CUDA Version: 11.5     |
|-------------------------------+----------------------+----------------------+
| GPU  Name        Persistence-M| Bus-Id        Disp.A | Volatile Uncorr. ECC |
| Fan  Temp  Perf  Pwr:Usage/Cap|         Memory-Usage | GPU-Util  Compute M. |
|                               |                      |               MIG M. |
|===============================+======================+======================|
|   0  NVIDIA GeForce ...  On   | 00000000:06:00.0 Off |                  N/A |
| 29%   54C    P8    10W / 250W |      0MiB / 11178MiB |      0%      Default |
|                               |                      |                  N/A |
+-------------------------------+----------------------+----------------------+
                                                                               
+-----------------------------------------------------------------------------+
| Processes:                                                                  |
|  GPU   GI   CI        PID   Type   Process name                  GPU Memory |
|        ID   ID                                                   Usage      |
|=============================================================================|
|  No running processes found                                                 |
+-----------------------------------------------------------------------------+
Current working directory is /home/smaijer
Load all modules..
Done with loading all modules. Modules:
Activate conda env nnunet..
Verifying environment variables:
Installing nnU-net..
Program finished with exit code 137 at: Fri Apr 15 01:13:23 CEST 2022
