
Currently Loaded Modules:
  1) tools/miniconda/python3.8/4.9.2

 

WARNING: overwriting environment variables set in the machine
overwriting variable nnUNet_raw_data_base nnUNet_preprocessed RESULTS_FOLDER OUTPUT
Traceback (most recent call last):
  File "/home/smaijer/.conda/envs/nn/bin/nnUNet_train", line 33, in <module>
    sys.exit(load_entry_point('nnunet', 'console_scripts', 'nnUNet_train')())
  File "/home/smaijer/code/nnUNet/nnunet/run/run_training.py", line 137, in main
    trainer_class = get_default_configuration(network, task, network_trainer, plans_identifier)
  File "/home/smaijer/code/nnUNet/nnunet/run/default_configuration.py", line 51, in get_default_configuration
    raise RuntimeError("3d_lowres/3d_cascade_fullres only applies if there is more than one stage. This task does "
RuntimeError: 3d_lowres/3d_cascade_fullres only applies if there is more than one stage. This task does not require the cascade. Run 3d_fullres instead
Traceback (most recent call last):
  File "/home/smaijer/.conda/envs/nn/bin/nnUNet_train", line 33, in <module>
    sys.exit(load_entry_point('nnunet', 'console_scripts', 'nnUNet_train')())
  File "/home/smaijer/code/nnUNet/nnunet/run/run_training.py", line 137, in main
    trainer_class = get_default_configuration(network, task, network_trainer, plans_identifier)
  File "/home/smaijer/code/nnUNet/nnunet/run/default_configuration.py", line 51, in get_default_configuration
    raise RuntimeError("3d_lowres/3d_cascade_fullres only applies if there is more than one stage. This task does "
RuntimeError: 3d_lowres/3d_cascade_fullres only applies if there is more than one stage. This task does not require the cascade. Run 3d_fullres instead
Traceback (most recent call last):
  File "/home/smaijer/.conda/envs/nn/bin/nnUNet_train", line 33, in <module>
    sys.exit(load_entry_point('nnunet', 'console_scripts', 'nnUNet_train')())
  File "/home/smaijer/code/nnUNet/nnunet/run/run_training.py", line 137, in main
    trainer_class = get_default_configuration(network, task, network_trainer, plans_identifier)
  File "/home/smaijer/code/nnUNet/nnunet/run/default_configuration.py", line 51, in get_default_configuration
    raise RuntimeError("3d_lowres/3d_cascade_fullres only applies if there is more than one stage. This task does "
RuntimeError: 3d_lowres/3d_cascade_fullres only applies if there is more than one stage. This task does not require the cascade. Run 3d_fullres instead
Traceback (most recent call last):
  File "/home/smaijer/.conda/envs/nn/bin/nnUNet_train", line 33, in <module>
    sys.exit(load_entry_point('nnunet', 'console_scripts', 'nnUNet_train')())
  File "/home/smaijer/code/nnUNet/nnunet/run/run_training.py", line 137, in main
    trainer_class = get_default_configuration(network, task, network_trainer, plans_identifier)
  File "/home/smaijer/code/nnUNet/nnunet/run/default_configuration.py", line 51, in get_default_configuration
    raise RuntimeError("3d_lowres/3d_cascade_fullres only applies if there is more than one stage. This task does "
RuntimeError: 3d_lowres/3d_cascade_fullres only applies if there is more than one stage. This task does not require the cascade. Run 3d_fullres instead
Traceback (most recent call last):
  File "/home/smaijer/.conda/envs/nn/bin/nnUNet_train", line 33, in <module>
    sys.exit(load_entry_point('nnunet', 'console_scripts', 'nnUNet_train')())
  File "/home/smaijer/code/nnUNet/nnunet/run/run_training.py", line 137, in main
    trainer_class = get_default_configuration(network, task, network_trainer, plans_identifier)
  File "/home/smaijer/code/nnUNet/nnunet/run/default_configuration.py", line 51, in get_default_configuration
    raise RuntimeError("3d_lowres/3d_cascade_fullres only applies if there is more than one stage. This task does "
RuntimeError: 3d_lowres/3d_cascade_fullres only applies if there is more than one stage. This task does not require the cascade. Run 3d_fullres instead
Traceback (most recent call last):
  File "/home/smaijer/.conda/envs/nn/bin/nnUNet_train", line 33, in <module>
    sys.exit(load_entry_point('nnunet', 'console_scripts', 'nnUNet_train')())
  File "/home/smaijer/code/nnUNet/nnunet/run/run_training.py", line 137, in main
    trainer_class = get_default_configuration(network, task, network_trainer, plans_identifier)
  File "/home/smaijer/code/nnUNet/nnunet/run/default_configuration.py", line 51, in get_default_configuration
    raise RuntimeError("3d_lowres/3d_cascade_fullres only applies if there is more than one stage. This task does "
RuntimeError: 3d_lowres/3d_cascade_fullres only applies if there is more than one stage. This task does not require the cascade. Run 3d_fullres instead
Traceback (most recent call last):
  File "/home/smaijer/.conda/envs/nn/bin/nnUNet_train", line 33, in <module>
    sys.exit(load_entry_point('nnunet', 'console_scripts', 'nnUNet_train')())
  File "/home/smaijer/code/nnUNet/nnunet/run/run_training.py", line 137, in main
    trainer_class = get_default_configuration(network, task, network_trainer, plans_identifier)
  File "/home/smaijer/code/nnUNet/nnunet/run/default_configuration.py", line 51, in get_default_configuration
    raise RuntimeError("3d_lowres/3d_cascade_fullres only applies if there is more than one stage. This task does "
RuntimeError: 3d_lowres/3d_cascade_fullres only applies if there is more than one stage. This task does not require the cascade. Run 3d_fullres instead
Traceback (most recent call last):
  File "/home/smaijer/.conda/envs/nn/bin/nnUNet_train", line 33, in <module>
    sys.exit(load_entry_point('nnunet', 'console_scripts', 'nnUNet_train')())
  File "/home/smaijer/code/nnUNet/nnunet/run/run_training.py", line 137, in main
    trainer_class = get_default_configuration(network, task, network_trainer, plans_identifier)
  File "/home/smaijer/code/nnUNet/nnunet/run/default_configuration.py", line 51, in get_default_configuration
    raise RuntimeError("3d_lowres/3d_cascade_fullres only applies if there is more than one stage. This task does "
RuntimeError: 3d_lowres/3d_cascade_fullres only applies if there is more than one stage. This task does not require the cascade. Run 3d_fullres instead
Traceback (most recent call last):
  File "/home/smaijer/.conda/envs/nn/bin/nnUNet_train", line 33, in <module>
    sys.exit(load_entry_point('nnunet', 'console_scripts', 'nnUNet_train')())
  File "/home/smaijer/code/nnUNet/nnunet/run/run_training.py", line 137, in main
    trainer_class = get_default_configuration(network, task, network_trainer, plans_identifier)
  File "/home/smaijer/code/nnUNet/nnunet/run/default_configuration.py", line 51, in get_default_configuration
    raise RuntimeError("3d_lowres/3d_cascade_fullres only applies if there is more than one stage. This task does "
RuntimeError: 3d_lowres/3d_cascade_fullres only applies if there is more than one stage. This task does not require the cascade. Run 3d_fullres instead
Traceback (most recent call last):
  File "/home/smaijer/.conda/envs/nn/bin/nnUNet_train", line 33, in <module>
    sys.exit(load_entry_point('nnunet', 'console_scripts', 'nnUNet_train')())
  File "/home/smaijer/code/nnUNet/nnunet/run/run_training.py", line 137, in main
    trainer_class = get_default_configuration(network, task, network_trainer, plans_identifier)
  File "/home/smaijer/code/nnUNet/nnunet/run/default_configuration.py", line 51, in get_default_configuration
    raise RuntimeError("3d_lowres/3d_cascade_fullres only applies if there is more than one stage. This task does "
RuntimeError: 3d_lowres/3d_cascade_fullres only applies if there is more than one stage. This task does not require the cascade. Run 3d_fullres instead
