Starting at Mon May 16 14:21:14 CEST 2022
Running on hosts: res-hpc-lkeb06
Running on 1 nodes.
Running 1 tasks.
CPUs on node: 6.
Account: div2-lkeb
Job ID: 10199325
Job name: PancreasInference
Node running script: res-hpc-lkeb06
Submit host: res-hpc-lo02.researchlumc.nl
GPUS: 0 or 
Mon May 16 14:21:26 2022       
+-----------------------------------------------------------------------------+
| NVIDIA-SMI 495.29.05    Driver Version: 495.29.05    CUDA Version: 11.5     |
|-------------------------------+----------------------+----------------------+
| GPU  Name        Persistence-M| Bus-Id        Disp.A | Volatile Uncorr. ECC |
| Fan  Temp  Perf  Pwr:Usage/Cap|         Memory-Usage | GPU-Util  Compute M. |
|                               |                      |               MIG M. |
|===============================+======================+======================|
|   0  Quadro RTX 6000     Off  | 00000000:3B:00.0 Off |                  Off |
| 32%   37C    P0    59W / 260W |      0MiB / 24220MiB |      0%      Default |
|                               |                      |                  N/A |
+-------------------------------+----------------------+----------------------+
                                                                               
+-----------------------------------------------------------------------------+
| Processes:                                                                  |
|  GPU   GI   CI        PID   Type   Process name                  GPU Memory |
|        ID   ID                                                   Usage      |
|=============================================================================|
|  No running processes found                                                 |
+-----------------------------------------------------------------------------+
Current working directory is /home/smaijer
Load all modules..
Done with loading all modules. Modules:
Activate conda env nnunet..
Verifying environment variables:
nnUNet_raw_data_base = /exports/lkeb-hpc/smaijer/data/nnUNet_raw_data_base
nnUNet_preprocessed = /exports/lkeb-hpc/smaijer/data/nnUNet_preprocessed
RESULTS_FOLDER = /exports/lkeb-hpc/smaijer/results
OUTPUT = /exports/lkeb-hpc/smaijer/output
Installing nnU-net..
Obtaining file:///home/smaijer/code/nnUNet
Requirement already satisfied: torch>1.10.0 in ./.conda/envs/nn/lib/python3.9/site-packages (from nnunet==1.7.0) (1.11.0)
Requirement already satisfied: tqdm in ./.conda/envs/nn/lib/python3.9/site-packages (from nnunet==1.7.0) (4.64.0)
Requirement already satisfied: dicom2nifti in ./.conda/envs/nn/lib/python3.9/site-packages (from nnunet==1.7.0) (2.3.2)
Requirement already satisfied: scikit-image>=0.14 in ./.conda/envs/nn/lib/python3.9/site-packages (from nnunet==1.7.0) (0.19.2)
Requirement already satisfied: medpy in ./.conda/envs/nn/lib/python3.9/site-packages (from nnunet==1.7.0) (0.4.0)
Requirement already satisfied: scipy in ./.conda/envs/nn/lib/python3.9/site-packages (from nnunet==1.7.0) (1.8.0)
Requirement already satisfied: batchgenerators>=0.23 in ./.conda/envs/nn/lib/python3.9/site-packages (from nnunet==1.7.0) (0.23)
Requirement already satisfied: numpy in ./.conda/envs/nn/lib/python3.9/site-packages (from nnunet==1.7.0) (1.21.2)
Requirement already satisfied: sklearn in ./.conda/envs/nn/lib/python3.9/site-packages (from nnunet==1.7.0) (0.0)
Requirement already satisfied: SimpleITK in ./.conda/envs/nn/lib/python3.9/site-packages (from nnunet==1.7.0) (2.1.1)
Requirement already satisfied: pandas in ./.conda/envs/nn/lib/python3.9/site-packages (from nnunet==1.7.0) (1.4.2)
Requirement already satisfied: requests in ./.conda/envs/nn/lib/python3.9/site-packages (from nnunet==1.7.0) (2.27.1)
Requirement already satisfied: nibabel in ./.conda/envs/nn/lib/python3.9/site-packages (from nnunet==1.7.0) (3.2.2)
Requirement already satisfied: tifffile in ./.conda/envs/nn/lib/python3.9/site-packages (from nnunet==1.7.0) (2022.4.8)
Requirement already satisfied: matplotlib in ./.conda/envs/nn/lib/python3.9/site-packages (from nnunet==1.7.0) (3.5.1)
Requirement already satisfied: unittest2 in ./.conda/envs/nn/lib/python3.9/site-packages (from batchgenerators>=0.23->nnunet==1.7.0) (1.1.0)
Requirement already satisfied: pillow>=7.1.2 in ./.conda/envs/nn/lib/python3.9/site-packages (from batchgenerators>=0.23->nnunet==1.7.0) (9.0.1)
Requirement already satisfied: threadpoolctl in ./.conda/envs/nn/lib/python3.9/site-packages (from batchgenerators>=0.23->nnunet==1.7.0) (3.1.0)
Requirement already satisfied: future in ./.conda/envs/nn/lib/python3.9/site-packages (from batchgenerators>=0.23->nnunet==1.7.0) (0.18.2)
Requirement already satisfied: scikit-learn in ./.conda/envs/nn/lib/python3.9/site-packages (from batchgenerators>=0.23->nnunet==1.7.0) (1.0.2)
Requirement already satisfied: packaging>=20.0 in ./.conda/envs/nn/lib/python3.9/site-packages (from scikit-image>=0.14->nnunet==1.7.0) (21.3)
Requirement already satisfied: networkx>=2.2 in ./.conda/envs/nn/lib/python3.9/site-packages (from scikit-image>=0.14->nnunet==1.7.0) (2.8)
Requirement already satisfied: PyWavelets>=1.1.1 in ./.conda/envs/nn/lib/python3.9/site-packages (from scikit-image>=0.14->nnunet==1.7.0) (1.3.0)
Requirement already satisfied: imageio>=2.4.1 in ./.conda/envs/nn/lib/python3.9/site-packages (from scikit-image>=0.14->nnunet==1.7.0) (2.16.2)
Requirement already satisfied: pyparsing!=3.0.5,>=2.0.2 in ./.conda/envs/nn/lib/python3.9/site-packages (from packaging>=20.0->scikit-image>=0.14->nnunet==1.7.0) (3.0.8)
Requirement already satisfied: typing_extensions in ./.conda/envs/nn/lib/python3.9/site-packages (from torch>1.10.0->nnunet==1.7.0) (4.1.1)
Requirement already satisfied: pydicom>=1.3.0 in ./.conda/envs/nn/lib/python3.9/site-packages (from dicom2nifti->nnunet==1.7.0) (2.3.0)
Requirement already satisfied: python-dateutil>=2.7 in ./.conda/envs/nn/lib/python3.9/site-packages (from matplotlib->nnunet==1.7.0) (2.8.2)
Requirement already satisfied: cycler>=0.10 in ./.conda/envs/nn/lib/python3.9/site-packages (from matplotlib->nnunet==1.7.0) (0.11.0)
Requirement already satisfied: kiwisolver>=1.0.1 in ./.conda/envs/nn/lib/python3.9/site-packages (from matplotlib->nnunet==1.7.0) (1.4.2)
Requirement already satisfied: fonttools>=4.22.0 in ./.conda/envs/nn/lib/python3.9/site-packages (from matplotlib->nnunet==1.7.0) (4.32.0)
Requirement already satisfied: six>=1.5 in ./.conda/envs/nn/lib/python3.9/site-packages (from python-dateutil>=2.7->matplotlib->nnunet==1.7.0) (1.16.0)
Requirement already satisfied: setuptools in ./.conda/envs/nn/lib/python3.9/site-packages (from nibabel->nnunet==1.7.0) (58.0.4)
Requirement already satisfied: pytz>=2020.1 in ./.conda/envs/nn/lib/python3.9/site-packages (from pandas->nnunet==1.7.0) (2022.1)
Requirement already satisfied: certifi>=2017.4.17 in ./.conda/envs/nn/lib/python3.9/site-packages (from requests->nnunet==1.7.0) (2021.10.8)
Requirement already satisfied: idna<4,>=2.5 in ./.conda/envs/nn/lib/python3.9/site-packages (from requests->nnunet==1.7.0) (3.3)
Requirement already satisfied: charset-normalizer~=2.0.0 in ./.conda/envs/nn/lib/python3.9/site-packages (from requests->nnunet==1.7.0) (2.0.4)
Requirement already satisfied: urllib3<1.27,>=1.21.1 in ./.conda/envs/nn/lib/python3.9/site-packages (from requests->nnunet==1.7.0) (1.26.8)
Requirement already satisfied: joblib>=0.11 in ./.conda/envs/nn/lib/python3.9/site-packages (from scikit-learn->batchgenerators>=0.23->nnunet==1.7.0) (1.1.0)
Requirement already satisfied: traceback2 in ./.conda/envs/nn/lib/python3.9/site-packages (from unittest2->batchgenerators>=0.23->nnunet==1.7.0) (1.4.0)
Collecting argparse
  Using cached argparse-1.4.0-py2.py3-none-any.whl (23 kB)
Requirement already satisfied: linecache2 in ./.conda/envs/nn/lib/python3.9/site-packages (from traceback2->unittest2->batchgenerators>=0.23->nnunet==1.7.0) (1.0.0)
Installing collected packages: argparse, nnunet
  Attempting uninstall: nnunet
    Found existing installation: nnunet 1.7.0
    Uninstalling nnunet-1.7.0:
      Successfully uninstalled nnunet-1.7.0
  Running setup.py develop for nnunet
Successfully installed argparse-1.4.0 nnunet-1.7.0


Please cite the following paper when using nnUNet:

Isensee, F., Jaeger, P.F., Kohl, S.A.A. et al. "nnU-Net: a self-configuring method for deep learning-based biomedical image segmentation." Nat Methods (2020). https://doi.org/10.1038/s41592-020-01008-z


If you have questions or suggestions, feel free to open an issue at https://github.com/MIC-DKFZ/nnUNet

using model stored in  /exports/lkeb-hpc/smaijer/results/nnUNet/3d_fullres/Task600/nnUNetTrainerV2__nnUNetPlansv2.1
This model expects 1 input modalities for each image
Found 6 unique case ids, here are some examples: ['panc_0582' 'panc_0583' 'panc_0583' 'panc_0582' 'panc_0591' 'panc_0582']
If they don't look right, make sure to double check your filenames. They must end with _0000.nii.gz etc
number of cases: 6
number of cases that still need to be predicted: 6
emptying cuda cache
loading parameters for folds, None
folds is None so we will automatically look for output folders (not using 'all'!)
found the following folds:  ['/exports/lkeb-hpc/smaijer/results/nnUNet/3d_fullres/Task600/nnUNetTrainerV2__nnUNetPlansv2.1/fold_0', '/exports/lkeb-hpc/smaijer/results/nnUNet/3d_fullres/Task600/nnUNetTrainerV2__nnUNetPlansv2.1/fold_1', '/exports/lkeb-hpc/smaijer/results/nnUNet/3d_fullres/Task600/nnUNetTrainerV2__nnUNetPlansv2.1/fold_2', '/exports/lkeb-hpc/smaijer/results/nnUNet/3d_fullres/Task600/nnUNetTrainerV2__nnUNetPlansv2.1/fold_3', '/exports/lkeb-hpc/smaijer/results/nnUNet/3d_fullres/Task600/nnUNetTrainerV2__nnUNetPlansv2.1/fold_4']
Susy hier
Generic_UNet(
  (conv_blocks_localization): ModuleList(
    (0): Sequential(
      (0): StackedConvLayers(
        (blocks): Sequential(
          (0): ConvDropoutNormNonlin(
            (conv): Conv3d(640, 320, kernel_size=(3, 3, 3), stride=(1, 1, 1), padding=(1, 1, 1))
            (instnorm): InstanceNorm3d(320, eps=1e-05, momentum=0.1, affine=True, track_running_stats=False)
            (lrelu): LeakyReLU(negative_slope=0.01, inplace=True)
          )
        )
      )
      (1): StackedConvLayers(
        (blocks): Sequential(
          (0): ConvDropoutNormNonlin(
            (conv): Conv3d(320, 320, kernel_size=(3, 3, 3), stride=(1, 1, 1), padding=(1, 1, 1))
            (instnorm): InstanceNorm3d(320, eps=1e-05, momentum=0.1, affine=True, track_running_stats=False)
            (lrelu): LeakyReLU(negative_slope=0.01, inplace=True)
          )
        )
      )
    )
    (1): Sequential(
      (0): StackedConvLayers(
        (blocks): Sequential(
          (0): ConvDropoutNormNonlin(
            (conv): Conv3d(512, 256, kernel_size=(3, 3, 3), stride=(1, 1, 1), padding=(1, 1, 1))
            (instnorm): InstanceNorm3d(256, eps=1e-05, momentum=0.1, affine=True, track_running_stats=False)
            (lrelu): LeakyReLU(negative_slope=0.01, inplace=True)
          )
        )
      )
      (1): StackedConvLayers(
        (blocks): Sequential(
          (0): ConvDropoutNormNonlin(
            (conv): Conv3d(256, 256, kernel_size=(3, 3, 3), stride=(1, 1, 1), padding=(1, 1, 1))
            (instnorm): InstanceNorm3d(256, eps=1e-05, momentum=0.1, affine=True, track_running_stats=False)
            (lrelu): LeakyReLU(negative_slope=0.01, inplace=True)
          )
        )
      )
    )
    (2): Sequential(
      (0): StackedConvLayers(
        (blocks): Sequential(
          (0): ConvDropoutNormNonlin(
            (conv): Conv3d(256, 128, kernel_size=(3, 3, 3), stride=(1, 1, 1), padding=(1, 1, 1))
            (instnorm): InstanceNorm3d(128, eps=1e-05, momentum=0.1, affine=True, track_running_stats=False)
            (lrelu): LeakyReLU(negative_slope=0.01, inplace=True)
          )
        )
      )
      (1): StackedConvLayers(
        (blocks): Sequential(
          (0): ConvDropoutNormNonlin(
            (conv): Conv3d(128, 128, kernel_size=(3, 3, 3), stride=(1, 1, 1), padding=(1, 1, 1))
            (instnorm): InstanceNorm3d(128, eps=1e-05, momentum=0.1, affine=True, track_running_stats=False)
            (lrelu): LeakyReLU(negative_slope=0.01, inplace=True)
          )
        )
      )
    )
    (3): Sequential(
      (0): StackedConvLayers(
        (blocks): Sequential(
          (0): ConvDropoutNormNonlin(
            (conv): Conv3d(128, 64, kernel_size=(3, 3, 3), stride=(1, 1, 1), padding=(1, 1, 1))
            (instnorm): InstanceNorm3d(64, eps=1e-05, momentum=0.1, affine=True, track_running_stats=False)
            (lrelu): LeakyReLU(negative_slope=0.01, inplace=True)
          )
        )
      )
      (1): StackedConvLayers(
        (blocks): Sequential(
          (0): ConvDropoutNormNonlin(
            (conv): Conv3d(64, 64, kernel_size=(3, 3, 3), stride=(1, 1, 1), padding=(1, 1, 1))
            (instnorm): InstanceNorm3d(64, eps=1e-05, momentum=0.1, affine=True, track_running_stats=False)
            (lrelu): LeakyReLU(negative_slope=0.01, inplace=True)
          )
        )
      )
    )
    (4): Sequential(
      (0): StackedConvLayers(
        (blocks): Sequential(
          (0): ConvDropoutNormNonlin(
            (conv): Conv3d(64, 32, kernel_size=(3, 3, 3), stride=(1, 1, 1), padding=(1, 1, 1))
            (instnorm): InstanceNorm3d(32, eps=1e-05, momentum=0.1, affine=True, track_running_stats=False)
            (lrelu): LeakyReLU(negative_slope=0.01, inplace=True)
          )
        )
      )
      (1): StackedConvLayers(
        (blocks): Sequential(
          (0): ConvDropoutNormNonlin(
            (conv): Conv3d(32, 32, kernel_size=(3, 3, 3), stride=(1, 1, 1), padding=(1, 1, 1))
            (instnorm): InstanceNorm3d(32, eps=1e-05, momentum=0.1, affine=True, track_running_stats=False)
            (lrelu): LeakyReLU(negative_slope=0.01, inplace=True)
          )
        )
      )
    )
  )
  (conv_blocks_context): ModuleList(
    (0): StackedConvLayers(
      (blocks): Sequential(
        (0): ConvDropoutNormNonlin(
          (conv): Conv3d(1, 32, kernel_size=(3, 3, 3), stride=(1, 1, 1), padding=(1, 1, 1))
          (instnorm): InstanceNorm3d(32, eps=1e-05, momentum=0.1, affine=True, track_running_stats=False)
          (lrelu): LeakyReLU(negative_slope=0.01, inplace=True)
        )
        (1): ConvDropoutNormNonlin(
          (conv): Conv3d(32, 32, kernel_size=(3, 3, 3), stride=(1, 1, 1), padding=(1, 1, 1))
          (instnorm): InstanceNorm3d(32, eps=1e-05, momentum=0.1, affine=True, track_running_stats=False)
          (lrelu): LeakyReLU(negative_slope=0.01, inplace=True)
        )
      )
    )
    (1): StackedConvLayers(
      (blocks): Sequential(
        (0): ConvDropoutNormNonlin(
          (conv): Conv3d(32, 64, kernel_size=(3, 3, 3), stride=(2, 2, 2), padding=(1, 1, 1))
          (instnorm): InstanceNorm3d(64, eps=1e-05, momentum=0.1, affine=True, track_running_stats=False)
          (lrelu): LeakyReLU(negative_slope=0.01, inplace=True)
        )
        (1): ConvDropoutNormNonlin(
          (conv): Conv3d(64, 64, kernel_size=(3, 3, 3), stride=(1, 1, 1), padding=(1, 1, 1))
          (instnorm): InstanceNorm3d(64, eps=1e-05, momentum=0.1, affine=True, track_running_stats=False)
          (lrelu): LeakyReLU(negative_slope=0.01, inplace=True)
        )
      )
    )
    (2): StackedConvLayers(
      (blocks): Sequential(
        (0): ConvDropoutNormNonlin(
          (conv): Conv3d(64, 128, kernel_size=(3, 3, 3), stride=(2, 2, 2), padding=(1, 1, 1))
          (instnorm): InstanceNorm3d(128, eps=1e-05, momentum=0.1, affine=True, track_running_stats=False)
          (lrelu): LeakyReLU(negative_slope=0.01, inplace=True)
        )
        (1): ConvDropoutNormNonlin(
          (conv): Conv3d(128, 128, kernel_size=(3, 3, 3), stride=(1, 1, 1), padding=(1, 1, 1))
          (instnorm): InstanceNorm3d(128, eps=1e-05, momentum=0.1, affine=True, track_running_stats=False)
          (lrelu): LeakyReLU(negative_slope=0.01, inplace=True)
        )
      )
    )
    (3): StackedConvLayers(
      (blocks): Sequential(
        (0): ConvDropoutNormNonlin(
          (conv): Conv3d(128, 256, kernel_size=(3, 3, 3), stride=(2, 2, 2), padding=(1, 1, 1))
          (instnorm): InstanceNorm3d(256, eps=1e-05, momentum=0.1, affine=True, track_running_stats=False)
          (lrelu): LeakyReLU(negative_slope=0.01, inplace=True)
        )
        (1): ConvDropoutNormNonlin(
          (conv): Conv3d(256, 256, kernel_size=(3, 3, 3), stride=(1, 1, 1), padding=(1, 1, 1))
          (instnorm): InstanceNorm3d(256, eps=1e-05, momentum=0.1, affine=True, track_running_stats=False)
          (lrelu): LeakyReLU(negative_slope=0.01, inplace=True)
        )
      )
    )
    (4): StackedConvLayers(
      (blocks): Sequential(
        (0): ConvDropoutNormNonlin(
          (conv): Conv3d(256, 320, kernel_size=(3, 3, 3), stride=(2, 2, 2), padding=(1, 1, 1))
          (instnorm): InstanceNorm3d(320, eps=1e-05, momentum=0.1, affine=True, track_running_stats=False)
          (lrelu): LeakyReLU(negative_slope=0.01, inplace=True)
        )
        (1): ConvDropoutNormNonlin(
          (conv): Conv3d(320, 320, kernel_size=(3, 3, 3), stride=(1, 1, 1), padding=(1, 1, 1))
          (instnorm): InstanceNorm3d(320, eps=1e-05, momentum=0.1, affine=True, track_running_stats=False)
          (lrelu): LeakyReLU(negative_slope=0.01, inplace=True)
        )
      )
    )
    (5): Sequential(
      (0): StackedConvLayers(
        (blocks): Sequential(
          (0): ConvDropoutNormNonlin(
            (conv): Conv3d(320, 320, kernel_size=(3, 3, 3), stride=(1, 2, 2), padding=(1, 1, 1))
            (instnorm): InstanceNorm3d(320, eps=1e-05, momentum=0.1, affine=True, track_running_stats=False)
            (lrelu): LeakyReLU(negative_slope=0.01, inplace=True)
          )
        )
      )
      (1): StackedConvLayers(
        (blocks): Sequential(
          (0): ConvDropoutNormNonlin(
            (conv): Conv3d(320, 320, kernel_size=(3, 3, 3), stride=(1, 1, 1), padding=(1, 1, 1))
            (instnorm): InstanceNorm3d(320, eps=1e-05, momentum=0.1, affine=True, track_running_stats=False)
            (lrelu): LeakyReLU(negative_slope=0.01, inplace=True)
          )
        )
      )
    )
  )
  (td): ModuleList()
  (tu): ModuleList(
    (0): ConvTranspose3d(320, 320, kernel_size=(1, 2, 2), stride=(1, 2, 2), bias=False)
    (1): ConvTranspose3d(320, 256, kernel_size=(2, 2, 2), stride=(2, 2, 2), bias=False)
    (2): ConvTranspose3d(256, 128, kernel_size=(2, 2, 2), stride=(2, 2, 2), bias=False)
    (3): ConvTranspose3d(128, 64, kernel_size=(2, 2, 2), stride=(2, 2, 2), bias=False)
    (4): ConvTranspose3d(64, 32, kernel_size=(2, 2, 2), stride=(2, 2, 2), bias=False)
  )
  (seg_outputs): ModuleList(
    (0): Conv3d(320, 2, kernel_size=(1, 1, 1), stride=(1, 1, 1), bias=False)
    (1): Conv3d(256, 2, kernel_size=(1, 1, 1), stride=(1, 1, 1), bias=False)
    (2): Conv3d(128, 2, kernel_size=(1, 1, 1), stride=(1, 1, 1), bias=False)
    (3): Conv3d(64, 2, kernel_size=(1, 1, 1), stride=(1, 1, 1), bias=False)
    (4): Conv3d(32, 2, kernel_size=(1, 1, 1), stride=(1, 1, 1), bias=False)
  )
)
using the following model files:  ['/exports/lkeb-hpc/smaijer/results/nnUNet/3d_fullres/Task600/nnUNetTrainerV2__nnUNetPlansv2.1/fold_0/model_final_checkpoint.model', '/exports/lkeb-hpc/smaijer/results/nnUNet/3d_fullres/Task600/nnUNetTrainerV2__nnUNetPlansv2.1/fold_1/model_final_checkpoint.model', '/exports/lkeb-hpc/smaijer/results/nnUNet/3d_fullres/Task600/nnUNetTrainerV2__nnUNetPlansv2.1/fold_2/model_final_checkpoint.model', '/exports/lkeb-hpc/smaijer/results/nnUNet/3d_fullres/Task600/nnUNetTrainerV2__nnUNetPlansv2.1/fold_3/model_final_checkpoint.model', '/exports/lkeb-hpc/smaijer/results/nnUNet/3d_fullres/Task600/nnUNetTrainerV2__nnUNetPlansv2.1/fold_4/model_final_checkpoint.model']
starting preprocessing generator
starting prediction...
preprocessing /exports/lkeb-hpc/smaijer/output/600/3d_fullres/600/imagesTs/panc_0582.nii.gz
using preprocessor GenericPreprocessor
before crop: (1, 320, 60, 320) after crop: (1, 319, 60, 319) spacing: [1.1875 3.     1.1875] 

no separate z, order 3
no separate z, order 1
before: {'spacing': array([1.1875, 3.    , 1.1875]), 'spacing_transposed': array([1.1875, 3.    , 1.1875]), 'data.shape (data is transposed)': (1, 319, 60, 319)} 
after:  {'spacing': array([1.70314997, 1.1875    , 1.1875    ]), 'data.shape (data is resampled)': (1, 222, 152, 319)} 

(1, 222, 152, 319)
This worker has ended successfully, no errors to report
preprocessing /exports/lkeb-hpc/smaijer/output/600/3d_fullres/600/imagesTs/panc_0583.nii.gz
using preprocessor GenericPreprocessor
before crop: (1, 320, 60, 320) after crop: (1, 319, 60, 319) spacing: [1.1875 3.     1.1875] 

no separate z, order 3
no separate z, order 1
before: {'spacing': array([1.1875, 3.    , 1.1875]), 'spacing_transposed': array([1.1875, 3.    , 1.1875]), 'data.shape (data is transposed)': (1, 319, 60, 319)} 
after:  {'spacing': array([1.70314997, 1.1875    , 1.1875    ]), 'data.shape (data is resampled)': (1, 222, 152, 319)} 

(1, 222, 152, 319)
This worker has ended successfully, no errors to report
preprocessing /exports/lkeb-hpc/smaijer/output/600/3d_fullres/600/imagesTs/panc_0591.nii.gz
using preprocessor GenericPreprocessor
before crop: (1, 72, 260, 320) after crop: (1, 72, 258, 319) spacing: [3.     1.1875 1.1875] 

no separate z, order 3
no separate z, order 1
before: {'spacing': array([3.    , 1.1875, 1.1875]), 'spacing_transposed': array([3.    , 1.1875, 1.1875]), 'data.shape (data is transposed)': (1, 72, 258, 319)} 
after:  {'spacing': array([1.70314997, 1.1875    , 1.1875    ]), 'data.shape (data is resampled)': (1, 127, 258, 319)} 

(1, 127, 258, 319)
This worker has ended successfully, no errors to report
preprocessing /exports/lkeb-hpc/smaijer/output/600/3d_fullres/600/imagesTs/panc_0584.nii.gz
using preprocessor GenericPreprocessor
before crop: (1, 72, 232, 288) after crop: (1, 72, 230, 286) spacing: [3.         1.38888884 1.38888884] 

no separate z, order 3
no separate z, order 1
before: {'spacing': array([3.        , 1.38888884, 1.38888884]), 'spacing_transposed': array([3.        , 1.38888884, 1.38888884]), 'data.shape (data is transposed)': (1, 72, 230, 286)} 
after:  {'spacing': array([1.70314997, 1.1875    , 1.1875    ]), 'data.shape (data is resampled)': (1, 127, 269, 335)} 

(1, 127, 269, 335)
This worker has ended successfully, no errors to report
preprocessing /exports/lkeb-hpc/smaijer/output/600/3d_fullres/600/imagesTs/panc_0522.nii.gz
using preprocessor GenericPreprocessor
before crop: (1, 72, 260, 320) after crop: (1, 72, 257, 319) spacing: [3.    1.375 1.375] 

no separate z, order 3
no separate z, order 1
before: {'spacing': array([3.   , 1.375, 1.375]), 'spacing_transposed': array([3.   , 1.375, 1.375]), 'data.shape (data is transposed)': (1, 72, 257, 319)} 
after:  {'spacing': array([1.70314997, 1.1875    , 1.1875    ]), 'data.shape (data is resampled)': (1, 127, 298, 369)} 

(1, 127, 298, 369)
This worker has ended successfully, no errors to report
force_separate_z: None interpolation order: 1
separate z: False lowres axis None
no separate z, order 1
force_separate_z: None interpolation order: 1
separate z: False lowres axis None
no separate z, order 1
force_separate_z: None interpolation order: 1
separate z: False lowres axis None
no separate z, order 1
force_separate_z: None interpolation order: 1
separate z: False lowres axis None
no separate z, order 1
force_separate_z: None interpolation order: 1
separate z: False lowres axis None
no separate z, order 1
force_separate_z: None interpolation order: 1
separate z: False lowres axis None
no separate z, order 1
predicting /exports/lkeb-hpc/smaijer/output/600/3d_fullres/600/imagesTs/panc_0582.nii.gz
debug: mirroring True mirror_axes (0, 1, 2)
step_size: 0.5
do mirror: True
data shape: (1, 222, 152, 319)
patch size: [ 96 128 192]
steps (x, y, and z): [[0, 42, 84, 126], [0, 24], [0, 64, 127]]
number of tiles: 24
computing Gaussian
done
prediction done
debug: mirroring True mirror_axes (0, 1, 2)
step_size: 0.5
do mirror: True
data shape: (1, 222, 152, 319)
patch size: [ 96 128 192]
steps (x, y, and z): [[0, 42, 84, 126], [0, 24], [0, 64, 127]]
number of tiles: 24
using precomputed Gaussian
prediction done
debug: mirroring True mirror_axes (0, 1, 2)
step_size: 0.5
do mirror: True
data shape: (1, 222, 152, 319)
patch size: [ 96 128 192]
steps (x, y, and z): [[0, 42, 84, 126], [0, 24], [0, 64, 127]]
number of tiles: 24
using precomputed Gaussian
prediction done
debug: mirroring True mirror_axes (0, 1, 2)
step_size: 0.5
do mirror: True
data shape: (1, 222, 152, 319)
patch size: [ 96 128 192]
steps (x, y, and z): [[0, 42, 84, 126], [0, 24], [0, 64, 127]]
number of tiles: 24
using precomputed Gaussian
prediction done
debug: mirroring True mirror_axes (0, 1, 2)
step_size: 0.5
do mirror: True
data shape: (1, 222, 152, 319)
patch size: [ 96 128 192]
steps (x, y, and z): [[0, 42, 84, 126], [0, 24], [0, 64, 127]]
number of tiles: 24
using precomputed Gaussian
prediction done
predicting /exports/lkeb-hpc/smaijer/output/600/3d_fullres/600/imagesTs/panc_0583.nii.gz
debug: mirroring True mirror_axes (0, 1, 2)
step_size: 0.5
do mirror: True
data shape: (1, 222, 152, 319)
patch size: [ 96 128 192]
steps (x, y, and z): [[0, 42, 84, 126], [0, 24], [0, 64, 127]]
number of tiles: 24
using precomputed Gaussian
prediction done
debug: mirroring True mirror_axes (0, 1, 2)
step_size: 0.5
do mirror: True
data shape: (1, 222, 152, 319)
patch size: [ 96 128 192]
steps (x, y, and z): [[0, 42, 84, 126], [0, 24], [0, 64, 127]]
number of tiles: 24
using precomputed Gaussian
prediction done
debug: mirroring True mirror_axes (0, 1, 2)
step_size: 0.5
do mirror: True
data shape: (1, 222, 152, 319)
patch size: [ 96 128 192]
steps (x, y, and z): [[0, 42, 84, 126], [0, 24], [0, 64, 127]]
number of tiles: 24
using precomputed Gaussian
prediction done
debug: mirroring True mirror_axes (0, 1, 2)
step_size: 0.5
do mirror: True
data shape: (1, 222, 152, 319)
patch size: [ 96 128 192]
steps (x, y, and z): [[0, 42, 84, 126], [0, 24], [0, 64, 127]]
number of tiles: 24
using precomputed Gaussian
prediction done
debug: mirroring True mirror_axes (0, 1, 2)
step_size: 0.5
do mirror: True
data shape: (1, 222, 152, 319)
patch size: [ 96 128 192]
steps (x, y, and z): [[0, 42, 84, 126], [0, 24], [0, 64, 127]]
number of tiles: 24
using precomputed Gaussian
prediction done
predicting /exports/lkeb-hpc/smaijer/output/600/3d_fullres/600/imagesTs/panc_0591.nii.gz
debug: mirroring True mirror_axes (0, 1, 2)
step_size: 0.5
do mirror: True
data shape: (1, 127, 258, 319)
patch size: [ 96 128 192]
steps (x, y, and z): [[0, 31], [0, 43, 87, 130], [0, 64, 127]]
number of tiles: 24
using precomputed Gaussian
prediction done
debug: mirroring True mirror_axes (0, 1, 2)
step_size: 0.5
do mirror: True
data shape: (1, 127, 258, 319)
patch size: [ 96 128 192]
steps (x, y, and z): [[0, 31], [0, 43, 87, 130], [0, 64, 127]]
number of tiles: 24
using precomputed Gaussian
prediction done
debug: mirroring True mirror_axes (0, 1, 2)
step_size: 0.5
do mirror: True
data shape: (1, 127, 258, 319)
patch size: [ 96 128 192]
steps (x, y, and z): [[0, 31], [0, 43, 87, 130], [0, 64, 127]]
number of tiles: 24
using precomputed Gaussian
prediction done
debug: mirroring True mirror_axes (0, 1, 2)
step_size: 0.5
do mirror: True
data shape: (1, 127, 258, 319)
patch size: [ 96 128 192]
steps (x, y, and z): [[0, 31], [0, 43, 87, 130], [0, 64, 127]]
number of tiles: 24
using precomputed Gaussian
prediction done
debug: mirroring True mirror_axes (0, 1, 2)
step_size: 0.5
do mirror: True
data shape: (1, 127, 258, 319)
patch size: [ 96 128 192]
steps (x, y, and z): [[0, 31], [0, 43, 87, 130], [0, 64, 127]]
number of tiles: 24
using precomputed Gaussian
prediction done
predicting /exports/lkeb-hpc/smaijer/output/600/3d_fullres/600/imagesTs/panc_0584.nii.gz
debug: mirroring True mirror_axes (0, 1, 2)
step_size: 0.5
do mirror: True
data shape: (1, 127, 269, 335)
patch size: [ 96 128 192]
steps (x, y, and z): [[0, 31], [0, 47, 94, 141], [0, 72, 143]]
number of tiles: 24
using precomputed Gaussian
prediction done
debug: mirroring True mirror_axes (0, 1, 2)
step_size: 0.5
do mirror: True
data shape: (1, 127, 269, 335)
patch size: [ 96 128 192]
steps (x, y, and z): [[0, 31], [0, 47, 94, 141], [0, 72, 143]]
number of tiles: 24
using precomputed Gaussian
prediction done
debug: mirroring True mirror_axes (0, 1, 2)
step_size: 0.5
do mirror: True
data shape: (1, 127, 269, 335)
patch size: [ 96 128 192]
steps (x, y, and z): [[0, 31], [0, 47, 94, 141], [0, 72, 143]]
number of tiles: 24
using precomputed Gaussian
prediction done
debug: mirroring True mirror_axes (0, 1, 2)
step_size: 0.5
do mirror: True
data shape: (1, 127, 269, 335)
patch size: [ 96 128 192]
steps (x, y, and z): [[0, 31], [0, 47, 94, 141], [0, 72, 143]]
number of tiles: 24
using precomputed Gaussian
prediction done
debug: mirroring True mirror_axes (0, 1, 2)
step_size: 0.5
do mirror: True
data shape: (1, 127, 269, 335)
patch size: [ 96 128 192]
steps (x, y, and z): [[0, 31], [0, 47, 94, 141], [0, 72, 143]]
number of tiles: 24
using precomputed Gaussian
prediction done
predicting /exports/lkeb-hpc/smaijer/output/600/3d_fullres/600/imagesTs/panc_0522.nii.gz
debug: mirroring True mirror_axes (0, 1, 2)
step_size: 0.5
do mirror: True
data shape: (1, 127, 298, 369)
patch size: [ 96 128 192]
steps (x, y, and z): [[0, 31], [0, 57, 113, 170], [0, 88, 177]]
number of tiles: 24
using precomputed Gaussian
prediction done
debug: mirroring True mirror_axes (0, 1, 2)
step_size: 0.5
do mirror: True
data shape: (1, 127, 298, 369)
patch size: [ 96 128 192]
steps (x, y, and z): [[0, 31], [0, 57, 113, 170], [0, 88, 177]]
number of tiles: 24
using precomputed Gaussian
prediction done
debug: mirroring True mirror_axes (0, 1, 2)
step_size: 0.5
do mirror: True
data shape: (1, 127, 298, 369)
patch size: [ 96 128 192]
steps (x, y, and z): [[0, 31], [0, 57, 113, 170], [0, 88, 177]]
number of tiles: 24
using precomputed Gaussian
prediction done
debug: mirroring True mirror_axes (0, 1, 2)
step_size: 0.5
do mirror: True
data shape: (1, 127, 298, 369)
patch size: [ 96 128 192]
steps (x, y, and z): [[0, 31], [0, 57, 113, 170], [0, 88, 177]]
number of tiles: 24
using precomputed Gaussian
prediction done
debug: mirroring True mirror_axes (0, 1, 2)
step_size: 0.5
do mirror: True
data shape: (1, 127, 298, 369)
patch size: [ 96 128 192]
steps (x, y, and z): [[0, 31], [0, 57, 113, 170], [0, 88, 177]]
number of tiles: 24
using precomputed Gaussian
prediction done
predicting /exports/lkeb-hpc/smaijer/output/600/3d_fullres/600/imagesTs/panc_0517.nii.gz
debug: mirroring True mirror_axes (0, 1, 2)
step_size: 0.5
do mirror: True
data shape: (1, 135, 296, 337)
patch size: [ 96 128 192]
steps (x, y, and z): [[0, 39], [0, 56, 112, 168], [0, 72, 145]]
number of tiles: 24
using precomputed Gaussian
prediction done
debug: mirroring True mirror_axes (0, 1, 2)
step_size: 0.5
do mirror: True
data shape: (1, 135, 296, 337)
patch size: [ 96 128 192]
steps (x, y, and z): [[0, 39], [0, 56, 112, 168], [0, 72, 145]]
number of tiles: 24
using precomputed Gaussian
prediction done
debug: mirroring True mirror_axes (0, 1, 2)
step_size: 0.5
do mirror: True
data shape: (1, 135, 296, 337)
patch size: [ 96 128 192]
steps (x, y, and z): [[0, 39], [0, 56, 112, 168], [0, 72, 145]]
number of tiles: 24
using precomputed Gaussian
prediction done
debug: mirroring True mirror_axes (0, 1, 2)
step_size: 0.5
do mirror: True
data shape: (1, 135, 296, 337)
patch size: [ 96 128 192]
steps (x, y, and z): [[0, 39], [0, 56, 112, 168], [0, 72, 145]]
number of tiles: 24
using precomputed Gaussian
prediction done
debug: mirroring True mirror_axes (0, 1, 2)
step_size: 0.5
do mirror: True
data shape: (1, 135, 296, 337)
patch size: [ 96 128 192]
steps (x, y, and z): [[0, 39], [0, 56, 112, 168], [0, 72, 145]]
number of tiles: 24
using precomputed Gaussian
prediction done
inference done. Now waiting for the segmentation export to finish...
postprocessing...
Program finished with exit code 0 at: Mon May 16 14:21:14 CEST 2022
