Starting at Mon May 16 14:54:04 CEST 2022
Running on hosts: res-hpc-lkeb06
Running on 1 nodes.
Running 1 tasks.
CPUs on node: 6.
Account: div2-lkeb
Job ID: 10202921
Job name: PancreasInference
Node running script: res-hpc-lkeb06
Submit host: res-hpc-lo02.researchlumc.nl
GPUS: 0 or 
Mon May 16 14:54:27 2022       
+-----------------------------------------------------------------------------+
| NVIDIA-SMI 495.29.05    Driver Version: 495.29.05    CUDA Version: 11.5     |
|-------------------------------+----------------------+----------------------+
| GPU  Name        Persistence-M| Bus-Id        Disp.A | Volatile Uncorr. ECC |
| Fan  Temp  Perf  Pwr:Usage/Cap|         Memory-Usage | GPU-Util  Compute M. |
|                               |                      |               MIG M. |
|===============================+======================+======================|
|   0  Quadro RTX 6000     Off  | 00000000:D8:00.0 Off |                  Off |
| 32%   39C    P0    52W / 260W |      0MiB / 24220MiB |      0%      Default |
|                               |                      |                  N/A |
+-------------------------------+----------------------+----------------------+
                                                                               
+-----------------------------------------------------------------------------+
| Processes:                                                                  |
|  GPU   GI   CI        PID   Type   Process name                  GPU Memory |
|        ID   ID                                                   Usage      |
|=============================================================================|
|  No running processes found                                                 |
+-----------------------------------------------------------------------------+
Current working directory is /home/smaijer
Load all modules..
Done with loading all modules. Modules:
Activate conda env nnunet..
Verifying environment variables:
nnUNet_raw_data_base = /exports/lkeb-hpc/smaijer/data/nnUNet_raw_data_base
nnUNet_preprocessed = /exports/lkeb-hpc/smaijer/data/nnUNet_preprocessed
RESULTS_FOLDER = /exports/lkeb-hpc/smaijer/results
OUTPUT = /exports/lkeb-hpc/smaijer/output
Installing nnU-net..
Obtaining file:///home/smaijer/code/nnUNet
Requirement already satisfied: torch>1.10.0 in ./.conda/envs/nn/lib/python3.9/site-packages (from nnunet==1.7.0) (1.11.0)
Requirement already satisfied: tqdm in ./.conda/envs/nn/lib/python3.9/site-packages (from nnunet==1.7.0) (4.64.0)
Requirement already satisfied: dicom2nifti in ./.conda/envs/nn/lib/python3.9/site-packages (from nnunet==1.7.0) (2.3.2)
Requirement already satisfied: scikit-image>=0.14 in ./.conda/envs/nn/lib/python3.9/site-packages (from nnunet==1.7.0) (0.19.2)
Requirement already satisfied: medpy in ./.conda/envs/nn/lib/python3.9/site-packages (from nnunet==1.7.0) (0.4.0)
Requirement already satisfied: scipy in ./.conda/envs/nn/lib/python3.9/site-packages (from nnunet==1.7.0) (1.8.0)
Requirement already satisfied: batchgenerators>=0.23 in ./.conda/envs/nn/lib/python3.9/site-packages (from nnunet==1.7.0) (0.23)
Requirement already satisfied: numpy in ./.conda/envs/nn/lib/python3.9/site-packages (from nnunet==1.7.0) (1.21.2)
Requirement already satisfied: sklearn in ./.conda/envs/nn/lib/python3.9/site-packages (from nnunet==1.7.0) (0.0)
Requirement already satisfied: SimpleITK in ./.conda/envs/nn/lib/python3.9/site-packages (from nnunet==1.7.0) (2.1.1)
Requirement already satisfied: pandas in ./.conda/envs/nn/lib/python3.9/site-packages (from nnunet==1.7.0) (1.4.2)
Requirement already satisfied: requests in ./.conda/envs/nn/lib/python3.9/site-packages (from nnunet==1.7.0) (2.27.1)
Requirement already satisfied: nibabel in ./.conda/envs/nn/lib/python3.9/site-packages (from nnunet==1.7.0) (3.2.2)
Requirement already satisfied: tifffile in ./.conda/envs/nn/lib/python3.9/site-packages (from nnunet==1.7.0) (2022.4.8)
Requirement already satisfied: matplotlib in ./.conda/envs/nn/lib/python3.9/site-packages (from nnunet==1.7.0) (3.5.1)
Requirement already satisfied: unittest2 in ./.conda/envs/nn/lib/python3.9/site-packages (from batchgenerators>=0.23->nnunet==1.7.0) (1.1.0)
Requirement already satisfied: threadpoolctl in ./.conda/envs/nn/lib/python3.9/site-packages (from batchgenerators>=0.23->nnunet==1.7.0) (3.1.0)
Requirement already satisfied: pillow>=7.1.2 in ./.conda/envs/nn/lib/python3.9/site-packages (from batchgenerators>=0.23->nnunet==1.7.0) (9.0.1)
Requirement already satisfied: future in ./.conda/envs/nn/lib/python3.9/site-packages (from batchgenerators>=0.23->nnunet==1.7.0) (0.18.2)
Requirement already satisfied: scikit-learn in ./.conda/envs/nn/lib/python3.9/site-packages (from batchgenerators>=0.23->nnunet==1.7.0) (1.0.2)
Requirement already satisfied: packaging>=20.0 in ./.conda/envs/nn/lib/python3.9/site-packages (from scikit-image>=0.14->nnunet==1.7.0) (21.3)
Requirement already satisfied: PyWavelets>=1.1.1 in ./.conda/envs/nn/lib/python3.9/site-packages (from scikit-image>=0.14->nnunet==1.7.0) (1.3.0)
Requirement already satisfied: networkx>=2.2 in ./.conda/envs/nn/lib/python3.9/site-packages (from scikit-image>=0.14->nnunet==1.7.0) (2.8)
Requirement already satisfied: imageio>=2.4.1 in ./.conda/envs/nn/lib/python3.9/site-packages (from scikit-image>=0.14->nnunet==1.7.0) (2.16.2)
Requirement already satisfied: pyparsing!=3.0.5,>=2.0.2 in ./.conda/envs/nn/lib/python3.9/site-packages (from packaging>=20.0->scikit-image>=0.14->nnunet==1.7.0) (3.0.8)
Requirement already satisfied: typing_extensions in ./.conda/envs/nn/lib/python3.9/site-packages (from torch>1.10.0->nnunet==1.7.0) (4.1.1)
Requirement already satisfied: pydicom>=1.3.0 in ./.conda/envs/nn/lib/python3.9/site-packages (from dicom2nifti->nnunet==1.7.0) (2.3.0)
Requirement already satisfied: python-dateutil>=2.7 in ./.conda/envs/nn/lib/python3.9/site-packages (from matplotlib->nnunet==1.7.0) (2.8.2)
Requirement already satisfied: fonttools>=4.22.0 in ./.conda/envs/nn/lib/python3.9/site-packages (from matplotlib->nnunet==1.7.0) (4.32.0)
Requirement already satisfied: kiwisolver>=1.0.1 in ./.conda/envs/nn/lib/python3.9/site-packages (from matplotlib->nnunet==1.7.0) (1.4.2)
Requirement already satisfied: cycler>=0.10 in ./.conda/envs/nn/lib/python3.9/site-packages (from matplotlib->nnunet==1.7.0) (0.11.0)
Requirement already satisfied: six>=1.5 in ./.conda/envs/nn/lib/python3.9/site-packages (from python-dateutil>=2.7->matplotlib->nnunet==1.7.0) (1.16.0)
Requirement already satisfied: setuptools in ./.conda/envs/nn/lib/python3.9/site-packages (from nibabel->nnunet==1.7.0) (58.0.4)
Requirement already satisfied: pytz>=2020.1 in ./.conda/envs/nn/lib/python3.9/site-packages (from pandas->nnunet==1.7.0) (2022.1)
Requirement already satisfied: certifi>=2017.4.17 in ./.conda/envs/nn/lib/python3.9/site-packages (from requests->nnunet==1.7.0) (2021.10.8)
Requirement already satisfied: idna<4,>=2.5 in ./.conda/envs/nn/lib/python3.9/site-packages (from requests->nnunet==1.7.0) (3.3)
Requirement already satisfied: urllib3<1.27,>=1.21.1 in ./.conda/envs/nn/lib/python3.9/site-packages (from requests->nnunet==1.7.0) (1.26.8)
Requirement already satisfied: charset-normalizer~=2.0.0 in ./.conda/envs/nn/lib/python3.9/site-packages (from requests->nnunet==1.7.0) (2.0.4)
Requirement already satisfied: joblib>=0.11 in ./.conda/envs/nn/lib/python3.9/site-packages (from scikit-learn->batchgenerators>=0.23->nnunet==1.7.0) (1.1.0)
Collecting argparse
  Using cached argparse-1.4.0-py2.py3-none-any.whl (23 kB)
Requirement already satisfied: traceback2 in ./.conda/envs/nn/lib/python3.9/site-packages (from unittest2->batchgenerators>=0.23->nnunet==1.7.0) (1.4.0)
Requirement already satisfied: linecache2 in ./.conda/envs/nn/lib/python3.9/site-packages (from traceback2->unittest2->batchgenerators>=0.23->nnunet==1.7.0) (1.0.0)
Installing collected packages: argparse, nnunet
  Attempting uninstall: nnunet
    Found existing installation: nnunet 1.7.0
    Uninstalling nnunet-1.7.0:
      Successfully uninstalled nnunet-1.7.0
  Running setup.py develop for nnunet
Successfully installed argparse-1.4.0 nnunet-1.7.0


Please cite the following paper when using nnUNet:

Isensee, F., Jaeger, P.F., Kohl, S.A.A. et al. "nnU-Net: a self-configuring method for deep learning-based biomedical image segmentation." Nat Methods (2020). https://doi.org/10.1038/s41592-020-01008-z


If you have questions or suggestions, feel free to open an issue at https://github.com/MIC-DKFZ/nnUNet

using model stored in  /exports/lkeb-hpc/smaijer/results/nnUNet/3d_fullres/Task600/nnUNetTrainerV2__nnUNetPlansv2.1
This model expects 1 input modalities for each image
Found 68 unique case ids, here are some examples: ['panc_0046' 'panc_0066' 'panc_0075' 'panc_0021' 'panc_0047' 'panc_0023'
 'panc_0061' 'panc_0023' 'panc_0029' 'panc_0048']
If they don't look right, make sure to double check your filenames. They must end with _0000.nii.gz etc
number of cases: 68
number of cases that still need to be predicted: 68
emptying cuda cache
loading parameters for folds, None
folds is None so we will automatically look for output folders (not using 'all'!)
found the following folds:  ['/exports/lkeb-hpc/smaijer/results/nnUNet/3d_fullres/Task600/nnUNetTrainerV2__nnUNetPlansv2.1/fold_0', '/exports/lkeb-hpc/smaijer/results/nnUNet/3d_fullres/Task600/nnUNetTrainerV2__nnUNetPlansv2.1/fold_1', '/exports/lkeb-hpc/smaijer/results/nnUNet/3d_fullres/Task600/nnUNetTrainerV2__nnUNetPlansv2.1/fold_2', '/exports/lkeb-hpc/smaijer/results/nnUNet/3d_fullres/Task600/nnUNetTrainerV2__nnUNetPlansv2.1/fold_3', '/exports/lkeb-hpc/smaijer/results/nnUNet/3d_fullres/Task600/nnUNetTrainerV2__nnUNetPlansv2.1/fold_4']
Susy hier
Generic_UNet(
  (conv_blocks_localization): ModuleList(
    (0): Sequential(
      (0): StackedConvLayers(
        (blocks): Sequential(
          (0): ConvDropoutNormNonlin(
            (conv): Conv3d(640, 320, kernel_size=(3, 3, 3), stride=(1, 1, 1), padding=(1, 1, 1))
            (instnorm): InstanceNorm3d(320, eps=1e-05, momentum=0.1, affine=True, track_running_stats=False)
            (lrelu): LeakyReLU(negative_slope=0.01, inplace=True)
          )
        )
      )
      (1): StackedConvLayers(
        (blocks): Sequential(
          (0): ConvDropoutNormNonlin(
            (conv): Conv3d(320, 320, kernel_size=(3, 3, 3), stride=(1, 1, 1), padding=(1, 1, 1))
            (instnorm): InstanceNorm3d(320, eps=1e-05, momentum=0.1, affine=True, track_running_stats=False)
            (lrelu): LeakyReLU(negative_slope=0.01, inplace=True)
          )
        )
      )
    )
    (1): Sequential(
      (0): StackedConvLayers(
        (blocks): Sequential(
          (0): ConvDropoutNormNonlin(
            (conv): Conv3d(512, 256, kernel_size=(3, 3, 3), stride=(1, 1, 1), padding=(1, 1, 1))
            (instnorm): InstanceNorm3d(256, eps=1e-05, momentum=0.1, affine=True, track_running_stats=False)
            (lrelu): LeakyReLU(negative_slope=0.01, inplace=True)
          )
        )
      )
      (1): StackedConvLayers(
        (blocks): Sequential(
          (0): ConvDropoutNormNonlin(
            (conv): Conv3d(256, 256, kernel_size=(3, 3, 3), stride=(1, 1, 1), padding=(1, 1, 1))
            (instnorm): InstanceNorm3d(256, eps=1e-05, momentum=0.1, affine=True, track_running_stats=False)
            (lrelu): LeakyReLU(negative_slope=0.01, inplace=True)
          )
        )
      )
    )
    (2): Sequential(
      (0): StackedConvLayers(
        (blocks): Sequential(
          (0): ConvDropoutNormNonlin(
            (conv): Conv3d(256, 128, kernel_size=(3, 3, 3), stride=(1, 1, 1), padding=(1, 1, 1))
            (instnorm): InstanceNorm3d(128, eps=1e-05, momentum=0.1, affine=True, track_running_stats=False)
            (lrelu): LeakyReLU(negative_slope=0.01, inplace=True)
          )
        )
      )
      (1): StackedConvLayers(
        (blocks): Sequential(
          (0): ConvDropoutNormNonlin(
            (conv): Conv3d(128, 128, kernel_size=(3, 3, 3), stride=(1, 1, 1), padding=(1, 1, 1))
            (instnorm): InstanceNorm3d(128, eps=1e-05, momentum=0.1, affine=True, track_running_stats=False)
            (lrelu): LeakyReLU(negative_slope=0.01, inplace=True)
          )
        )
      )
    )
    (3): Sequential(
      (0): StackedConvLayers(
        (blocks): Sequential(
          (0): ConvDropoutNormNonlin(
            (conv): Conv3d(128, 64, kernel_size=(3, 3, 3), stride=(1, 1, 1), padding=(1, 1, 1))
            (instnorm): InstanceNorm3d(64, eps=1e-05, momentum=0.1, affine=True, track_running_stats=False)
            (lrelu): LeakyReLU(negative_slope=0.01, inplace=True)
          )
        )
      )
      (1): StackedConvLayers(
        (blocks): Sequential(
          (0): ConvDropoutNormNonlin(
            (conv): Conv3d(64, 64, kernel_size=(3, 3, 3), stride=(1, 1, 1), padding=(1, 1, 1))
            (instnorm): InstanceNorm3d(64, eps=1e-05, momentum=0.1, affine=True, track_running_stats=False)
            (lrelu): LeakyReLU(negative_slope=0.01, inplace=True)
          )
        )
      )
    )
    (4): Sequential(
      (0): StackedConvLayers(
        (blocks): Sequential(
          (0): ConvDropoutNormNonlin(
            (conv): Conv3d(64, 32, kernel_size=(3, 3, 3), stride=(1, 1, 1), padding=(1, 1, 1))
            (instnorm): InstanceNorm3d(32, eps=1e-05, momentum=0.1, affine=True, track_running_stats=False)
            (lrelu): LeakyReLU(negative_slope=0.01, inplace=True)
          )
        )
      )
      (1): StackedConvLayers(
        (blocks): Sequential(
          (0): ConvDropoutNormNonlin(
            (conv): Conv3d(32, 32, kernel_size=(3, 3, 3), stride=(1, 1, 1), padding=(1, 1, 1))
            (instnorm): InstanceNorm3d(32, eps=1e-05, momentum=0.1, affine=True, track_running_stats=False)
            (lrelu): LeakyReLU(negative_slope=0.01, inplace=True)
          )
        )
      )
    )
  )
  (conv_blocks_context): ModuleList(
    (0): StackedConvLayers(
      (blocks): Sequential(
        (0): ConvDropoutNormNonlin(
          (conv): Conv3d(1, 32, kernel_size=(3, 3, 3), stride=(1, 1, 1), padding=(1, 1, 1))
          (instnorm): InstanceNorm3d(32, eps=1e-05, momentum=0.1, affine=True, track_running_stats=False)
          (lrelu): LeakyReLU(negative_slope=0.01, inplace=True)
        )
        (1): ConvDropoutNormNonlin(
          (conv): Conv3d(32, 32, kernel_size=(3, 3, 3), stride=(1, 1, 1), padding=(1, 1, 1))
          (instnorm): InstanceNorm3d(32, eps=1e-05, momentum=0.1, affine=True, track_running_stats=False)
          (lrelu): LeakyReLU(negative_slope=0.01, inplace=True)
        )
      )
    )
    (1): StackedConvLayers(
      (blocks): Sequential(
        (0): ConvDropoutNormNonlin(
          (conv): Conv3d(32, 64, kernel_size=(3, 3, 3), stride=(2, 2, 2), padding=(1, 1, 1))
          (instnorm): InstanceNorm3d(64, eps=1e-05, momentum=0.1, affine=True, track_running_stats=False)
          (lrelu): LeakyReLU(negative_slope=0.01, inplace=True)
        )
        (1): ConvDropoutNormNonlin(
          (conv): Conv3d(64, 64, kernel_size=(3, 3, 3), stride=(1, 1, 1), padding=(1, 1, 1))
          (instnorm): InstanceNorm3d(64, eps=1e-05, momentum=0.1, affine=True, track_running_stats=False)
          (lrelu): LeakyReLU(negative_slope=0.01, inplace=True)
        )
      )
    )
    (2): StackedConvLayers(
      (blocks): Sequential(
        (0): ConvDropoutNormNonlin(
          (conv): Conv3d(64, 128, kernel_size=(3, 3, 3), stride=(2, 2, 2), padding=(1, 1, 1))
          (instnorm): InstanceNorm3d(128, eps=1e-05, momentum=0.1, affine=True, track_running_stats=False)
          (lrelu): LeakyReLU(negative_slope=0.01, inplace=True)
        )
        (1): ConvDropoutNormNonlin(
          (conv): Conv3d(128, 128, kernel_size=(3, 3, 3), stride=(1, 1, 1), padding=(1, 1, 1))
          (instnorm): InstanceNorm3d(128, eps=1e-05, momentum=0.1, affine=True, track_running_stats=False)
          (lrelu): LeakyReLU(negative_slope=0.01, inplace=True)
        )
      )
    )
    (3): StackedConvLayers(
      (blocks): Sequential(
        (0): ConvDropoutNormNonlin(
          (conv): Conv3d(128, 256, kernel_size=(3, 3, 3), stride=(2, 2, 2), padding=(1, 1, 1))
          (instnorm): InstanceNorm3d(256, eps=1e-05, momentum=0.1, affine=True, track_running_stats=False)
          (lrelu): LeakyReLU(negative_slope=0.01, inplace=True)
        )
        (1): ConvDropoutNormNonlin(
          (conv): Conv3d(256, 256, kernel_size=(3, 3, 3), stride=(1, 1, 1), padding=(1, 1, 1))
          (instnorm): InstanceNorm3d(256, eps=1e-05, momentum=0.1, affine=True, track_running_stats=False)
          (lrelu): LeakyReLU(negative_slope=0.01, inplace=True)
        )
      )
    )
    (4): StackedConvLayers(
      (blocks): Sequential(
        (0): ConvDropoutNormNonlin(
          (conv): Conv3d(256, 320, kernel_size=(3, 3, 3), stride=(2, 2, 2), padding=(1, 1, 1))
          (instnorm): InstanceNorm3d(320, eps=1e-05, momentum=0.1, affine=True, track_running_stats=False)
          (lrelu): LeakyReLU(negative_slope=0.01, inplace=True)
        )
        (1): ConvDropoutNormNonlin(
          (conv): Conv3d(320, 320, kernel_size=(3, 3, 3), stride=(1, 1, 1), padding=(1, 1, 1))
          (instnorm): InstanceNorm3d(320, eps=1e-05, momentum=0.1, affine=True, track_running_stats=False)
          (lrelu): LeakyReLU(negative_slope=0.01, inplace=True)
        )
      )
    )
    (5): Sequential(
      (0): StackedConvLayers(
        (blocks): Sequential(
          (0): ConvDropoutNormNonlin(
            (conv): Conv3d(320, 320, kernel_size=(3, 3, 3), stride=(1, 2, 2), padding=(1, 1, 1))
            (instnorm): InstanceNorm3d(320, eps=1e-05, momentum=0.1, affine=True, track_running_stats=False)
            (lrelu): LeakyReLU(negative_slope=0.01, inplace=True)
          )
        )
      )
      (1): StackedConvLayers(
        (blocks): Sequential(
          (0): ConvDropoutNormNonlin(
            (conv): Conv3d(320, 320, kernel_size=(3, 3, 3), stride=(1, 1, 1), padding=(1, 1, 1))
            (instnorm): InstanceNorm3d(320, eps=1e-05, momentum=0.1, affine=True, track_running_stats=False)
            (lrelu): LeakyReLU(negative_slope=0.01, inplace=True)
          )
        )
      )
    )
  )
  (td): ModuleList()
  (tu): ModuleList(
    (0): ConvTranspose3d(320, 320, kernel_size=(1, 2, 2), stride=(1, 2, 2), bias=False)
    (1): ConvTranspose3d(320, 256, kernel_size=(2, 2, 2), stride=(2, 2, 2), bias=False)
    (2): ConvTranspose3d(256, 128, kernel_size=(2, 2, 2), stride=(2, 2, 2), bias=False)
    (3): ConvTranspose3d(128, 64, kernel_size=(2, 2, 2), stride=(2, 2, 2), bias=False)
    (4): ConvTranspose3d(64, 32, kernel_size=(2, 2, 2), stride=(2, 2, 2), bias=False)
  )
  (seg_outputs): ModuleList(
    (0): Conv3d(320, 2, kernel_size=(1, 1, 1), stride=(1, 1, 1), bias=False)
    (1): Conv3d(256, 2, kernel_size=(1, 1, 1), stride=(1, 1, 1), bias=False)
    (2): Conv3d(128, 2, kernel_size=(1, 1, 1), stride=(1, 1, 1), bias=False)
    (3): Conv3d(64, 2, kernel_size=(1, 1, 1), stride=(1, 1, 1), bias=False)
    (4): Conv3d(32, 2, kernel_size=(1, 1, 1), stride=(1, 1, 1), bias=False)
  )
)
using the following model files:  ['/exports/lkeb-hpc/smaijer/results/nnUNet/3d_fullres/Task600/nnUNetTrainerV2__nnUNetPlansv2.1/fold_0/model_final_checkpoint.model', '/exports/lkeb-hpc/smaijer/results/nnUNet/3d_fullres/Task600/nnUNetTrainerV2__nnUNetPlansv2.1/fold_1/model_final_checkpoint.model', '/exports/lkeb-hpc/smaijer/results/nnUNet/3d_fullres/Task600/nnUNetTrainerV2__nnUNetPlansv2.1/fold_2/model_final_checkpoint.model', '/exports/lkeb-hpc/smaijer/results/nnUNet/3d_fullres/Task600/nnUNetTrainerV2__nnUNetPlansv2.1/fold_3/model_final_checkpoint.model', '/exports/lkeb-hpc/smaijer/results/nnUNet/3d_fullres/Task600/nnUNetTrainerV2__nnUNetPlansv2.1/fold_4/model_final_checkpoint.model']
starting preprocessing generator
starting prediction...
predicting /exports/lkeb-hpc/smaijer/output/600/3d_fullres/501/imagesTr/panc_0003.nii.gz
debug: mirroring True mirror_axes (0, 1, 2)
step_size: 0.5
do mirror: True
data shape: (1, 127, 286, 286)
patch size: [ 96 128 192]
steps (x, y, and z): [[0, 31], [0, 53, 105, 158], [0, 94]]
number of tiles: 16
computing Gaussian
done
prediction done
debug: mirroring True mirror_axes (0, 1, 2)
step_size: 0.5
do mirror: True
data shape: (1, 127, 286, 286)
patch size: [ 96 128 192]
steps (x, y, and z): [[0, 31], [0, 53, 105, 158], [0, 94]]
number of tiles: 16
using precomputed Gaussian
prediction done
debug: mirroring True mirror_axes (0, 1, 2)
step_size: 0.5
do mirror: True
data shape: (1, 127, 286, 286)
patch size: [ 96 128 192]
steps (x, y, and z): [[0, 31], [0, 53, 105, 158], [0, 94]]
number of tiles: 16
using precomputed Gaussian
prediction done
debug: mirroring True mirror_axes (0, 1, 2)
step_size: 0.5
do mirror: True
data shape: (1, 127, 286, 286)
patch size: [ 96 128 192]
steps (x, y, and z): [[0, 31], [0, 53, 105, 158], [0, 94]]
number of tiles: 16
using precomputed Gaussian
prediction done
debug: mirroring True mirror_axes (0, 1, 2)
step_size: 0.5
do mirror: True
data shape: (1, 127, 286, 286)
patch size: [ 96 128 192]
steps (x, y, and z): [[0, 31], [0, 53, 105, 158], [0, 94]]
number of tiles: 16
using precomputed Gaussian
prediction done
predicting /exports/lkeb-hpc/smaijer/output/600/3d_fullres/501/imagesTr/panc_0002.nii.gz
debug: mirroring True mirror_axes (0, 1, 2)
step_size: 0.5
do mirror: True
data shape: (1, 114, 387, 387)
patch size: [ 96 128 192]
steps (x, y, and z): [[0, 18], [0, 52, 104, 155, 207, 259], [0, 65, 130, 195]]
number of tiles: 48
using precomputed Gaussian
prediction done
debug: mirroring True mirror_axes (0, 1, 2)
step_size: 0.5
do mirror: True
data shape: (1, 114, 387, 387)
patch size: [ 96 128 192]
steps (x, y, and z): [[0, 18], [0, 52, 104, 155, 207, 259], [0, 65, 130, 195]]
number of tiles: 48
using precomputed Gaussian
prediction done
debug: mirroring True mirror_axes (0, 1, 2)
step_size: 0.5
do mirror: True
data shape: (1, 114, 387, 387)
patch size: [ 96 128 192]
steps (x, y, and z): [[0, 18], [0, 52, 104, 155, 207, 259], [0, 65, 130, 195]]
number of tiles: 48
using precomputed Gaussian
prediction done
debug: mirroring True mirror_axes (0, 1, 2)
step_size: 0.5
do mirror: True
data shape: (1, 114, 387, 387)
patch size: [ 96 128 192]
steps (x, y, and z): [[0, 18], [0, 52, 104, 155, 207, 259], [0, 65, 130, 195]]
number of tiles: 48
using precomputed Gaussian
prediction done
debug: mirroring True mirror_axes (0, 1, 2)
step_size: 0.5
do mirror: True
data shape: (1, 114, 387, 387)
patch size: [ 96 128 192]
steps (x, y, and z): [[0, 18], [0, 52, 104, 155, 207, 259], [0, 65, 130, 195]]
number of tiles: 48
using precomputed Gaussian
prediction done
predicting /exports/lkeb-hpc/smaijer/output/600/3d_fullres/501/imagesTr/panc_0005.nii.gz
debug: mirroring True mirror_axes (0, 1, 2)
step_size: 0.5
do mirror: True
data shape: (1, 123, 370, 370)
patch size: [ 96 128 192]
steps (x, y, and z): [[0, 27], [0, 60, 121, 182, 242], [0, 89, 178]]
number of tiles: 30
using precomputed Gaussian
prediction done
debug: mirroring True mirror_axes (0, 1, 2)
step_size: 0.5
do mirror: True
data shape: (1, 123, 370, 370)
patch size: [ 96 128 192]
steps (x, y, and z): [[0, 27], [0, 60, 121, 182, 242], [0, 89, 178]]
number of tiles: 30
using precomputed Gaussian
prediction done
debug: mirroring True mirror_axes (0, 1, 2)
step_size: 0.5
do mirror: True
data shape: (1, 123, 370, 370)
patch size: [ 96 128 192]
steps (x, y, and z): [[0, 27], [0, 60, 121, 182, 242], [0, 89, 178]]
number of tiles: 30
using precomputed Gaussian
prediction done
debug: mirroring True mirror_axes (0, 1, 2)
step_size: 0.5
do mirror: True
data shape: (1, 123, 370, 370)
patch size: [ 96 128 192]
steps (x, y, and z): [[0, 27], [0, 60, 121, 182, 242], [0, 89, 178]]
number of tiles: 30
using precomputed Gaussian
prediction done
debug: mirroring True mirror_axes (0, 1, 2)
step_size: 0.5
do mirror: True
data shape: (1, 123, 370, 370)
patch size: [ 96 128 192]
steps (x, y, and z): [[0, 27], [0, 60, 121, 182, 242], [0, 89, 178]]
number of tiles: 30
using precomputed Gaussian
prediction done
predicting /exports/lkeb-hpc/smaijer/output/600/3d_fullres/501/imagesTr/panc_0007.nii.gz
debug: mirroring True mirror_axes (0, 1, 2)
step_size: 0.5
do mirror: True
data shape: (1, 118, 404, 404)
patch size: [ 96 128 192]
steps (x, y, and z): [[0, 22], [0, 55, 110, 166, 221, 276], [0, 71, 141, 212]]
number of tiles: 48
using precomputed Gaussian
prediction done
debug: mirroring True mirror_axes (0, 1, 2)
step_size: 0.5
do mirror: True
data shape: (1, 118, 404, 404)
patch size: [ 96 128 192]
steps (x, y, and z): [[0, 22], [0, 55, 110, 166, 221, 276], [0, 71, 141, 212]]
number of tiles: 48
using precomputed Gaussian
prediction done
debug: mirroring True mirror_axes (0, 1, 2)
step_size: 0.5
do mirror: True
data shape: (1, 118, 404, 404)
patch size: [ 96 128 192]
steps (x, y, and z): [[0, 22], [0, 55, 110, 166, 221, 276], [0, 71, 141, 212]]
number of tiles: 48
using precomputed Gaussian
prediction done
debug: mirroring True mirror_axes (0, 1, 2)
step_size: 0.5
do mirror: True
data shape: (1, 118, 404, 404)
patch size: [ 96 128 192]
steps (x, y, and z): [[0, 22], [0, 55, 110, 166, 221, 276], [0, 71, 141, 212]]
number of tiles: 48
using precomputed Gaussian
prediction done
debug: mirroring True mirror_axes (0, 1, 2)
step_size: 0.5
do mirror: True
data shape: (1, 118, 404, 404)
patch size: [ 96 128 192]
steps (x, y, and z): [[0, 22], [0, 55, 110, 166, 221, 276], [0, 71, 141, 212]]
number of tiles: 48
using precomputed Gaussian
prediction done
predicting /exports/lkeb-hpc/smaijer/output/600/3d_fullres/501/imagesTr/panc_0004.nii.gz
debug: mirroring True mirror_axes (0, 1, 2)
step_size: 0.5
do mirror: True
data shape: (1, 130, 387, 387)
patch size: [ 96 128 192]
steps (x, y, and z): [[0, 34], [0, 52, 104, 155, 207, 259], [0, 65, 130, 195]]
number of tiles: 48
using precomputed Gaussian
prediction done
debug: mirroring True mirror_axes (0, 1, 2)
step_size: 0.5
do mirror: True
data shape: (1, 130, 387, 387)
patch size: [ 96 128 192]
steps (x, y, and z): [[0, 34], [0, 52, 104, 155, 207, 259], [0, 65, 130, 195]]
number of tiles: 48
using precomputed Gaussian
prediction done
debug: mirroring True mirror_axes (0, 1, 2)
step_size: 0.5
do mirror: True
data shape: (1, 130, 387, 387)
patch size: [ 96 128 192]
steps (x, y, and z): [[0, 34], [0, 52, 104, 155, 207, 259], [0, 65, 130, 195]]
number of tiles: 48
using precomputed Gaussian
prediction done
debug: mirroring True mirror_axes (0, 1, 2)
step_size: 0.5
do mirror: True
data shape: (1, 130, 387, 387)
patch size: [ 96 128 192]
steps (x, y, and z): [[0, 34], [0, 52, 104, 155, 207, 259], [0, 65, 130, 195]]
number of tiles: 48
using precomputed Gaussian
prediction done
debug: mirroring True mirror_axes (0, 1, 2)
step_size: 0.5
do mirror: True
data shape: (1, 130, 387, 387)
patch size: [ 96 128 192]
steps (x, y, and z): [[0, 34], [0, 52, 104, 155, 207, 259], [0, 65, 130, 195]]
number of tiles: 48
using precomputed Gaussian
prediction done
predicting /exports/lkeb-hpc/smaijer/output/600/3d_fullres/501/imagesTr/panc_0006.nii.gz
debug: mirroring True mirror_axes (0, 1, 2)
step_size: 0.5
do mirror: True
data shape: (1, 131, 404, 404)
patch size: [ 96 128 192]
steps (x, y, and z): [[0, 35], [0, 55, 110, 166, 221, 276], [0, 71, 141, 212]]
number of tiles: 48
using precomputed Gaussian
prediction done
debug: mirroring True mirror_axes (0, 1, 2)
step_size: 0.5
do mirror: True
data shape: (1, 131, 404, 404)
patch size: [ 96 128 192]
steps (x, y, and z): [[0, 35], [0, 55, 110, 166, 221, 276], [0, 71, 141, 212]]
number of tiles: 48
using precomputed Gaussian
prediction done
debug: mirroring True mirror_axes (0, 1, 2)
step_size: 0.5
do mirror: True
data shape: (1, 131, 404, 404)
patch size: [ 96 128 192]
steps (x, y, and z): [[0, 35], [0, 55, 110, 166, 221, 276], [0, 71, 141, 212]]
number of tiles: 48
using precomputed Gaussian
prediction done
debug: mirroring True mirror_axes (0, 1, 2)
step_size: 0.5
do mirror: True
data shape: (1, 131, 404, 404)
patch size: [ 96 128 192]
steps (x, y, and z): [[0, 35], [0, 55, 110, 166, 221, 276], [0, 71, 141, 212]]
number of tiles: 48
using precomputed Gaussian
prediction done
debug: mirroring True mirror_axes (0, 1, 2)
step_size: 0.5
do mirror: True
data shape: (1, 131, 404, 404)
patch size: [ 96 128 192]
steps (x, y, and z): [[0, 35], [0, 55, 110, 166, 221, 276], [0, 71, 141, 212]]
number of tiles: 48
using precomputed Gaussian
prediction done
predicting /exports/lkeb-hpc/smaijer/output/600/3d_fullres/501/imagesTr/panc_0010.nii.gz
debug: mirroring True mirror_axes (0, 1, 2)
step_size: 0.5
do mirror: True
data shape: (1, 121, 400, 400)
patch size: [ 96 128 192]
steps (x, y, and z): [[0, 25], [0, 54, 109, 163, 218, 272], [0, 69, 139, 208]]
number of tiles: 48
using precomputed Gaussian
prediction done
debug: mirroring True mirror_axes (0, 1, 2)
step_size: 0.5
do mirror: True
data shape: (1, 121, 400, 400)
patch size: [ 96 128 192]
steps (x, y, and z): [[0, 25], [0, 54, 109, 163, 218, 272], [0, 69, 139, 208]]
number of tiles: 48
using precomputed Gaussian
prediction done
debug: mirroring True mirror_axes (0, 1, 2)
step_size: 0.5
do mirror: True
data shape: (1, 121, 400, 400)
patch size: [ 96 128 192]
steps (x, y, and z): [[0, 25], [0, 54, 109, 163, 218, 272], [0, 69, 139, 208]]
number of tiles: 48
using precomputed Gaussian
prediction done
debug: mirroring True mirror_axes (0, 1, 2)
step_size: 0.5
do mirror: True
data shape: (1, 121, 400, 400)
patch size: [ 96 128 192]
steps (x, y, and z): [[0, 25], [0, 54, 109, 163, 218, 272], [0, 69, 139, 208]]
number of tiles: 48
using precomputed Gaussian
prediction done
debug: mirroring True mirror_axes (0, 1, 2)
step_size: 0.5
do mirror: True
data shape: (1, 121, 400, 400)
patch size: [ 96 128 192]
steps (x, y, and z): [[0, 25], [0, 54, 109, 163, 218, 272], [0, 69, 139, 208]]
number of tiles: 48
using precomputed Gaussian
prediction done
predicting /exports/lkeb-hpc/smaijer/output/600/3d_fullres/501/imagesTr/panc_0008.nii.gz
debug: mirroring True mirror_axes (0, 1, 2)
step_size: 0.5
do mirror: True
data shape: (1, 120, 354, 354)
patch size: [ 96 128 192]
steps (x, y, and z): [[0, 24], [0, 56, 113, 170, 226], [0, 81, 162]]
number of tiles: 30
using precomputed Gaussian
prediction done
debug: mirroring True mirror_axes (0, 1, 2)
step_size: 0.5
do mirror: True
data shape: (1, 120, 354, 354)
patch size: [ 96 128 192]
steps (x, y, and z): [[0, 24], [0, 56, 113, 170, 226], [0, 81, 162]]
number of tiles: 30
using precomputed Gaussian
prediction done
debug: mirroring True mirror_axes (0, 1, 2)
step_size: 0.5
do mirror: True
data shape: (1, 120, 354, 354)
patch size: [ 96 128 192]
steps (x, y, and z): [[0, 24], [0, 56, 113, 170, 226], [0, 81, 162]]
number of tiles: 30
using precomputed Gaussian
prediction done
debug: mirroring True mirror_axes (0, 1, 2)
step_size: 0.5
do mirror: True
data shape: (1, 120, 354, 354)
patch size: [ 96 128 192]
steps (x, y, and z): [[0, 24], [0, 56, 113, 170, 226], [0, 81, 162]]
number of tiles: 30
using precomputed Gaussian
prediction done
debug: mirroring True mirror_axes (0, 1, 2)
step_size: 0.5
do mirror: True
data shape: (1, 120, 354, 354)
patch size: [ 96 128 192]
steps (x, y, and z): [[0, 24], [0, 56, 113, 170, 226], [0, 81, 162]]
number of tiles: 30
using precomputed Gaussian
prediction done
predicting /exports/lkeb-hpc/smaijer/output/600/3d_fullres/501/imagesTr/panc_0012.nii.gz
debug: mirroring True mirror_axes (0, 1, 2)
step_size: 0.5
do mirror: True
data shape: (1, 126, 421, 421)
patch size: [ 96 128 192]
steps (x, y, and z): [[0, 30], [0, 59, 117, 176, 234, 293], [0, 76, 153, 229]]
number of tiles: 48
using precomputed Gaussian
prediction done
debug: mirroring True mirror_axes (0, 1, 2)
step_size: 0.5
do mirror: True
data shape: (1, 126, 421, 421)
patch size: [ 96 128 192]
steps (x, y, and z): [[0, 30], [0, 59, 117, 176, 234, 293], [0, 76, 153, 229]]
number of tiles: 48
using precomputed Gaussian
prediction done
debug: mirroring True mirror_axes (0, 1, 2)
step_size: 0.5
do mirror: True
data shape: (1, 126, 421, 421)
patch size: [ 96 128 192]
steps (x, y, and z): [[0, 30], [0, 59, 117, 176, 234, 293], [0, 76, 153, 229]]
number of tiles: 48
using precomputed Gaussian
prediction done
debug: mirroring True mirror_axes (0, 1, 2)
step_size: 0.5
do mirror: True
data shape: (1, 126, 421, 421)
patch size: [ 96 128 192]
steps (x, y, and z): [[0, 30], [0, 59, 117, 176, 234, 293], [0, 76, 153, 229]]
number of tiles: 48
using precomputed Gaussian
prediction done
debug: mirroring True mirror_axes (0, 1, 2)
step_size: 0.5
do mirror: True
data shape: (1, 126, 421, 421)
patch size: [ 96 128 192]
steps (x, y, and z): [[0, 30], [0, 59, 117, 176, 234, 293], [0, 76, 153, 229]]
number of tiles: 48
using precomputed Gaussian
prediction done
predicting /exports/lkeb-hpc/smaijer/output/600/3d_fullres/501/imagesTr/panc_0014.nii.gz
debug: mirroring True mirror_axes (0, 1, 2)
step_size: 0.5
do mirror: True
data shape: (1, 136, 404, 404)
patch size: [ 96 128 192]
steps (x, y, and z): [[0, 40], [0, 55, 110, 166, 221, 276], [0, 71, 141, 212]]
number of tiles: 48
using precomputed Gaussian
prediction done
debug: mirroring True mirror_axes (0, 1, 2)
step_size: 0.5
do mirror: True
data shape: (1, 136, 404, 404)
patch size: [ 96 128 192]
steps (x, y, and z): [[0, 40], [0, 55, 110, 166, 221, 276], [0, 71, 141, 212]]
number of tiles: 48
using precomputed Gaussian
prediction done
debug: mirroring True mirror_axes (0, 1, 2)
step_size: 0.5
do mirror: True
data shape: (1, 136, 404, 404)
patch size: [ 96 128 192]
steps (x, y, and z): [[0, 40], [0, 55, 110, 166, 221, 276], [0, 71, 141, 212]]
number of tiles: 48
using precomputed Gaussian
prediction done
debug: mirroring True mirror_axes (0, 1, 2)
step_size: 0.5
do mirror: True
data shape: (1, 136, 404, 404)
patch size: [ 96 128 192]
steps (x, y, and z): [[0, 40], [0, 55, 110, 166, 221, 276], [0, 71, 141, 212]]
number of tiles: 48
using precomputed Gaussian
prediction done
debug: mirroring True mirror_axes (0, 1, 2)
step_size: 0.5
do mirror: True
data shape: (1, 136, 404, 404)
patch size: [ 96 128 192]
steps (x, y, and z): [[0, 40], [0, 55, 110, 166, 221, 276], [0, 71, 141, 212]]
number of tiles: 48
using precomputed Gaussian
prediction done
predicting /exports/lkeb-hpc/smaijer/output/600/3d_fullres/501/imagesTr/panc_0011.nii.gz
debug: mirroring True mirror_axes (0, 1, 2)
step_size: 0.5
do mirror: True
data shape: (1, 130, 389, 389)
patch size: [ 96 128 192]
steps (x, y, and z): [[0, 34], [0, 52, 104, 157, 209, 261], [0, 66, 131, 197]]
number of tiles: 48
using precomputed Gaussian
prediction done
debug: mirroring True mirror_axes (0, 1, 2)
step_size: 0.5
do mirror: True
data shape: (1, 130, 389, 389)
patch size: [ 96 128 192]
steps (x, y, and z): [[0, 34], [0, 52, 104, 157, 209, 261], [0, 66, 131, 197]]
number of tiles: 48
using precomputed Gaussian
prediction done
debug: mirroring True mirror_axes (0, 1, 2)
step_size: 0.5
do mirror: True
data shape: (1, 130, 389, 389)
patch size: [ 96 128 192]
steps (x, y, and z): [[0, 34], [0, 52, 104, 157, 209, 261], [0, 66, 131, 197]]
number of tiles: 48
using precomputed Gaussian
prediction done
debug: mirroring True mirror_axes (0, 1, 2)
step_size: 0.5
do mirror: True
data shape: (1, 130, 389, 389)
patch size: [ 96 128 192]
steps (x, y, and z): [[0, 34], [0, 52, 104, 157, 209, 261], [0, 66, 131, 197]]
number of tiles: 48
using precomputed Gaussian
prediction done
debug: mirroring True mirror_axes (0, 1, 2)
step_size: 0.5
do mirror: True
data shape: (1, 130, 389, 389)
patch size: [ 96 128 192]
steps (x, y, and z): [[0, 34], [0, 52, 104, 157, 209, 261], [0, 66, 131, 197]]
number of tiles: 48
using precomputed Gaussian
prediction done
predicting /exports/lkeb-hpc/smaijer/output/600/3d_fullres/501/imagesTr/panc_0013.nii.gz
debug: mirroring True mirror_axes (0, 1, 2)
step_size: 0.5
do mirror: True
data shape: (1, 109, 320, 320)
patch size: [ 96 128 192]
steps (x, y, and z): [[0, 13], [0, 64, 128, 192], [0, 64, 128]]
number of tiles: 24
using precomputed Gaussian
prediction done
debug: mirroring True mirror_axes (0, 1, 2)
step_size: 0.5
do mirror: True
data shape: (1, 109, 320, 320)
patch size: [ 96 128 192]
steps (x, y, and z): [[0, 13], [0, 64, 128, 192], [0, 64, 128]]
number of tiles: 24
using precomputed Gaussian
prediction done
debug: mirroring True mirror_axes (0, 1, 2)
step_size: 0.5
do mirror: True
data shape: (1, 109, 320, 320)
patch size: [ 96 128 192]
steps (x, y, and z): [[0, 13], [0, 64, 128, 192], [0, 64, 128]]
number of tiles: 24
using precomputed Gaussian
prediction done
debug: mirroring True mirror_axes (0, 1, 2)
step_size: 0.5
do mirror: True
data shape: (1, 109, 320, 320)
patch size: [ 96 128 192]
steps (x, y, and z): [[0, 13], [0, 64, 128, 192], [0, 64, 128]]
number of tiles: 24
using precomputed Gaussian
prediction done
debug: mirroring True mirror_axes (0, 1, 2)
step_size: 0.5
do mirror: True
data shape: (1, 109, 320, 320)
patch size: [ 96 128 192]
steps (x, y, and z): [[0, 13], [0, 64, 128, 192], [0, 64, 128]]
number of tiles: 24
using precomputed Gaussian
prediction done
predicting /exports/lkeb-hpc/smaijer/output/600/3d_fullres/501/imagesTr/panc_0016.nii.gz
debug: mirroring True mirror_axes (0, 1, 2)
step_size: 0.5
do mirror: True
data shape: (1, 182, 337, 337)
patch size: [ 96 128 192]
steps (x, y, and z): [[0, 43, 86], [0, 52, 104, 157, 209], [0, 72, 145]]
number of tiles: 45
using precomputed Gaussian
prediction done
debug: mirroring True mirror_axes (0, 1, 2)
step_size: 0.5
do mirror: True
data shape: (1, 182, 337, 337)
patch size: [ 96 128 192]
steps (x, y, and z): [[0, 43, 86], [0, 52, 104, 157, 209], [0, 72, 145]]
number of tiles: 45
using precomputed Gaussian
prediction done
debug: mirroring True mirror_axes (0, 1, 2)
step_size: 0.5
do mirror: True
data shape: (1, 182, 337, 337)
patch size: [ 96 128 192]
steps (x, y, and z): [[0, 43, 86], [0, 52, 104, 157, 209], [0, 72, 145]]
number of tiles: 45
using precomputed Gaussian
prediction done
debug: mirroring True mirror_axes (0, 1, 2)
step_size: 0.5
do mirror: True
data shape: (1, 182, 337, 337)
patch size: [ 96 128 192]
steps (x, y, and z): [[0, 43, 86], [0, 52, 104, 157, 209], [0, 72, 145]]
number of tiles: 45
using precomputed Gaussian
prediction done
debug: mirroring True mirror_axes (0, 1, 2)
step_size: 0.5
do mirror: True
data shape: (1, 182, 337, 337)
patch size: [ 96 128 192]
steps (x, y, and z): [[0, 43, 86], [0, 52, 104, 157, 209], [0, 72, 145]]
number of tiles: 45
using precomputed Gaussian
prediction done
predicting /exports/lkeb-hpc/smaijer/output/600/3d_fullres/501/imagesTr/panc_0015.nii.gz
debug: mirroring True mirror_axes (0, 1, 2)
step_size: 0.5
do mirror: True
data shape: (1, 145, 337, 337)
patch size: [ 96 128 192]
steps (x, y, and z): [[0, 24, 49], [0, 52, 104, 157, 209], [0, 72, 145]]
number of tiles: 45
using precomputed Gaussian
prediction done
debug: mirroring True mirror_axes (0, 1, 2)
step_size: 0.5
do mirror: True
data shape: (1, 145, 337, 337)
patch size: [ 96 128 192]
steps (x, y, and z): [[0, 24, 49], [0, 52, 104, 157, 209], [0, 72, 145]]
number of tiles: 45
using precomputed Gaussian
prediction done
debug: mirroring True mirror_axes (0, 1, 2)
step_size: 0.5
do mirror: True
data shape: (1, 145, 337, 337)
patch size: [ 96 128 192]
steps (x, y, and z): [[0, 24, 49], [0, 52, 104, 157, 209], [0, 72, 145]]
number of tiles: 45
using precomputed Gaussian
prediction done
debug: mirroring True mirror_axes (0, 1, 2)
step_size: 0.5
do mirror: True
data shape: (1, 145, 337, 337)
patch size: [ 96 128 192]
steps (x, y, and z): [[0, 24, 49], [0, 52, 104, 157, 209], [0, 72, 145]]
number of tiles: 45
using precomputed Gaussian
prediction done
debug: mirroring True mirror_axes (0, 1, 2)
step_size: 0.5
do mirror: True
data shape: (1, 145, 337, 337)
patch size: [ 96 128 192]
steps (x, y, and z): [[0, 24, 49], [0, 52, 104, 157, 209], [0, 72, 145]]
number of tiles: 45
using precomputed Gaussian
prediction done
predicting /exports/lkeb-hpc/smaijer/output/600/3d_fullres/501/imagesTr/panc_0019.nii.gz
debug: mirroring True mirror_axes (0, 1, 2)
step_size: 0.5
do mirror: True
data shape: (1, 123, 387, 387)
patch size: [ 96 128 192]
steps (x, y, and z): [[0, 27], [0, 52, 104, 155, 207, 259], [0, 65, 130, 195]]
number of tiles: 48
using precomputed Gaussian
prediction done
debug: mirroring True mirror_axes (0, 1, 2)
step_size: 0.5
do mirror: True
data shape: (1, 123, 387, 387)
patch size: [ 96 128 192]
steps (x, y, and z): [[0, 27], [0, 52, 104, 155, 207, 259], [0, 65, 130, 195]]
number of tiles: 48
using precomputed Gaussian
prediction done
debug: mirroring True mirror_axes (0, 1, 2)
step_size: 0.5
do mirror: True
data shape: (1, 123, 387, 387)
patch size: [ 96 128 192]
steps (x, y, and z): [[0, 27], [0, 52, 104, 155, 207, 259], [0, 65, 130, 195]]
number of tiles: 48
using precomputed Gaussian
prediction done
debug: mirroring True mirror_axes (0, 1, 2)
step_size: 0.5
do mirror: True
data shape: (1, 123, 387, 387)
patch size: [ 96 128 192]
steps (x, y, and z): [[0, 27], [0, 52, 104, 155, 207, 259], [0, 65, 130, 195]]
number of tiles: 48
using precomputed Gaussian
prediction done
debug: mirroring True mirror_axes (0, 1, 2)
step_size: 0.5
do mirror: True
data shape: (1, 123, 387, 387)
patch size: [ 96 128 192]
steps (x, y, and z): [[0, 27], [0, 52, 104, 155, 207, 259], [0, 65, 130, 195]]
number of tiles: 48
using precomputed Gaussian
prediction done
predicting /exports/lkeb-hpc/smaijer/output/600/3d_fullres/501/imagesTr/panc_0021.nii.gz
debug: mirroring True mirror_axes (0, 1, 2)
step_size: 0.5
do mirror: True
data shape: (1, 131, 413, 413)
patch size: [ 96 128 192]
steps (x, y, and z): [[0, 35], [0, 57, 114, 171, 228, 285], [0, 74, 147, 221]]
number of tiles: 48
using precomputed Gaussian
prediction done
debug: mirroring True mirror_axes (0, 1, 2)
step_size: 0.5
do mirror: True
data shape: (1, 131, 413, 413)
patch size: [ 96 128 192]
steps (x, y, and z): [[0, 35], [0, 57, 114, 171, 228, 285], [0, 74, 147, 221]]
number of tiles: 48
using precomputed Gaussian
prediction done
debug: mirroring True mirror_axes (0, 1, 2)
step_size: 0.5
do mirror: True
data shape: (1, 131, 413, 413)
patch size: [ 96 128 192]
steps (x, y, and z): [[0, 35], [0, 57, 114, 171, 228, 285], [0, 74, 147, 221]]
number of tiles: 48
using precomputed Gaussian
prediction done
debug: mirroring True mirror_axes (0, 1, 2)
step_size: 0.5
do mirror: True
data shape: (1, 131, 413, 413)
patch size: [ 96 128 192]
steps (x, y, and z): [[0, 35], [0, 57, 114, 171, 228, 285], [0, 74, 147, 221]]
number of tiles: 48
using precomputed Gaussian
prediction done
debug: mirroring True mirror_axes (0, 1, 2)
step_size: 0.5
do mirror: True
data shape: (1, 131, 413, 413)
patch size: [ 96 128 192]
steps (x, y, and z): [[0, 35], [0, 57, 114, 171, 228, 285], [0, 74, 147, 221]]
number of tiles: 48
using precomputed Gaussian
prediction done
predicting /exports/lkeb-hpc/smaijer/output/600/3d_fullres/501/imagesTr/panc_0018.nii.gz
debug: mirroring True mirror_axes (0, 1, 2)
step_size: 0.5
do mirror: True
data shape: (1, 131, 421, 421)
patch size: [ 96 128 192]
steps (x, y, and z): [[0, 35], [0, 59, 117, 176, 234, 293], [0, 76, 153, 229]]
number of tiles: 48
using precomputed Gaussian
prediction done
debug: mirroring True mirror_axes (0, 1, 2)
step_size: 0.5
do mirror: True
data shape: (1, 131, 421, 421)
patch size: [ 96 128 192]
steps (x, y, and z): [[0, 35], [0, 59, 117, 176, 234, 293], [0, 76, 153, 229]]
number of tiles: 48
using precomputed Gaussian
prediction done
debug: mirroring True mirror_axes (0, 1, 2)
step_size: 0.5
do mirror: True
data shape: (1, 131, 421, 421)
patch size: [ 96 128 192]
steps (x, y, and z): [[0, 35], [0, 59, 117, 176, 234, 293], [0, 76, 153, 229]]
number of tiles: 48
using precomputed Gaussian
prediction done
debug: mirroring True mirror_axes (0, 1, 2)
step_size: 0.5
do mirror: True
data shape: (1, 131, 421, 421)
patch size: [ 96 128 192]
steps (x, y, and z): [[0, 35], [0, 59, 117, 176, 234, 293], [0, 76, 153, 229]]
number of tiles: 48
using precomputed Gaussian
prediction done
debug: mirroring True mirror_axes (0, 1, 2)
step_size: 0.5
do mirror: True
data shape: (1, 131, 421, 421)
patch size: [ 96 128 192]
steps (x, y, and z): [[0, 35], [0, 59, 117, 176, 234, 293], [0, 76, 153, 229]]
number of tiles: 48
using precomputed Gaussian
prediction done
predicting /exports/lkeb-hpc/smaijer/output/600/3d_fullres/501/imagesTr/panc_0020.nii.gz
debug: mirroring True mirror_axes (0, 1, 2)
step_size: 0.5
do mirror: True
data shape: (1, 128, 370, 370)
patch size: [ 96 128 192]
steps (x, y, and z): [[0, 32], [0, 60, 121, 182, 242], [0, 89, 178]]
number of tiles: 30
using precomputed Gaussian
prediction done
debug: mirroring True mirror_axes (0, 1, 2)
step_size: 0.5
do mirror: True
data shape: (1, 128, 370, 370)
patch size: [ 96 128 192]
steps (x, y, and z): [[0, 32], [0, 60, 121, 182, 242], [0, 89, 178]]
number of tiles: 30
using precomputed Gaussian
prediction done
debug: mirroring True mirror_axes (0, 1, 2)
step_size: 0.5
do mirror: True
data shape: (1, 128, 370, 370)
patch size: [ 96 128 192]
steps (x, y, and z): [[0, 32], [0, 60, 121, 182, 242], [0, 89, 178]]
number of tiles: 30
using precomputed Gaussian
prediction done
debug: mirroring True mirror_axes (0, 1, 2)
step_size: 0.5
do mirror: True
data shape: (1, 128, 370, 370)
patch size: [ 96 128 192]
steps (x, y, and z): [[0, 32], [0, 60, 121, 182, 242], [0, 89, 178]]
number of tiles: 30
using precomputed Gaussian
prediction done
debug: mirroring True mirror_axes (0, 1, 2)
step_size: 0.5
do mirror: True
data shape: (1, 128, 370, 370)
patch size: [ 96 128 192]
steps (x, y, and z): [[0, 32], [0, 60, 121, 182, 242], [0, 89, 178]]
number of tiles: 30
using precomputed Gaussian
prediction done
predicting /exports/lkeb-hpc/smaijer/output/600/3d_fullres/501/imagesTr/panc_0023.nii.gz
debug: mirroring True mirror_axes (0, 1, 2)
step_size: 0.5
do mirror: True
data shape: (1, 182, 303, 303)
patch size: [ 96 128 192]
steps (x, y, and z): [[0, 43, 86], [0, 58, 117, 175], [0, 56, 111]]
number of tiles: 36
using precomputed Gaussian
prediction done
debug: mirroring True mirror_axes (0, 1, 2)
step_size: 0.5
do mirror: True
data shape: (1, 182, 303, 303)
patch size: [ 96 128 192]
steps (x, y, and z): [[0, 43, 86], [0, 58, 117, 175], [0, 56, 111]]
number of tiles: 36
using precomputed Gaussian
prediction done
debug: mirroring True mirror_axes (0, 1, 2)
step_size: 0.5
do mirror: True
data shape: (1, 182, 303, 303)
patch size: [ 96 128 192]
steps (x, y, and z): [[0, 43, 86], [0, 58, 117, 175], [0, 56, 111]]
number of tiles: 36
using precomputed Gaussian
prediction done
debug: mirroring True mirror_axes (0, 1, 2)
step_size: 0.5
do mirror: True
data shape: (1, 182, 303, 303)
patch size: [ 96 128 192]
steps (x, y, and z): [[0, 43, 86], [0, 58, 117, 175], [0, 56, 111]]
number of tiles: 36
using precomputed Gaussian
prediction done
debug: mirroring True mirror_axes (0, 1, 2)
step_size: 0.5
do mirror: True
data shape: (1, 182, 303, 303)
patch size: [ 96 128 192]
steps (x, y, and z): [[0, 43, 86], [0, 58, 117, 175], [0, 56, 111]]
number of tiles: 36
using precomputed Gaussian
prediction done
predicting /exports/lkeb-hpc/smaijer/output/600/3d_fullres/501/imagesTr/panc_0022.nii.gz
debug: mirroring True mirror_axes (0, 1, 2)
step_size: 0.5
do mirror: True
data shape: (1, 182, 286, 286)
patch size: [ 96 128 192]
steps (x, y, and z): [[0, 43, 86], [0, 53, 105, 158], [0, 94]]
number of tiles: 24
using precomputed Gaussian
prediction done
debug: mirroring True mirror_axes (0, 1, 2)
step_size: 0.5
do mirror: True
data shape: (1, 182, 286, 286)
patch size: [ 96 128 192]
steps (x, y, and z): [[0, 43, 86], [0, 53, 105, 158], [0, 94]]
number of tiles: 24
using precomputed Gaussian
prediction done
debug: mirroring True mirror_axes (0, 1, 2)
step_size: 0.5
do mirror: True
data shape: (1, 182, 286, 286)
patch size: [ 96 128 192]
steps (x, y, and z): [[0, 43, 86], [0, 53, 105, 158], [0, 94]]
number of tiles: 24
using precomputed Gaussian
prediction done
debug: mirroring True mirror_axes (0, 1, 2)
step_size: 0.5
do mirror: True
data shape: (1, 182, 286, 286)
patch size: [ 96 128 192]
steps (x, y, and z): [[0, 43, 86], [0, 53, 105, 158], [0, 94]]
number of tiles: 24
using precomputed Gaussian
prediction done
debug: mirroring True mirror_axes (0, 1, 2)
step_size: 0.5
do mirror: True
data shape: (1, 182, 286, 286)
patch size: [ 96 128 192]
steps (x, y, and z): [[0, 43, 86], [0, 53, 105, 158], [0, 94]]
number of tiles: 24
using precomputed Gaussian
prediction done
predicting /exports/lkeb-hpc/smaijer/output/600/3d_fullres/501/imagesTr/panc_0027.nii.gz
debug: mirroring True mirror_axes (0, 1, 2)
step_size: 0.5
do mirror: True
data shape: (1, 120, 354, 354)
patch size: [ 96 128 192]
steps (x, y, and z): [[0, 24], [0, 56, 113, 170, 226], [0, 81, 162]]
number of tiles: 30
using precomputed Gaussian
prediction done
debug: mirroring True mirror_axes (0, 1, 2)
step_size: 0.5
do mirror: True
data shape: (1, 120, 354, 354)
patch size: [ 96 128 192]
steps (x, y, and z): [[0, 24], [0, 56, 113, 170, 226], [0, 81, 162]]
number of tiles: 30
using precomputed Gaussian
prediction done
debug: mirroring True mirror_axes (0, 1, 2)
step_size: 0.5
do mirror: True
data shape: (1, 120, 354, 354)
patch size: [ 96 128 192]
steps (x, y, and z): [[0, 24], [0, 56, 113, 170, 226], [0, 81, 162]]
number of tiles: 30
using precomputed Gaussian
prediction done
debug: mirroring True mirror_axes (0, 1, 2)
step_size: 0.5
do mirror: True
data shape: (1, 120, 354, 354)
patch size: [ 96 128 192]
steps (x, y, and z): [[0, 24], [0, 56, 113, 170, 226], [0, 81, 162]]
number of tiles: 30
using precomputed Gaussian
prediction done
debug: mirroring True mirror_axes (0, 1, 2)
step_size: 0.5
do mirror: True
data shape: (1, 120, 354, 354)
patch size: [ 96 128 192]
steps (x, y, and z): [[0, 24], [0, 56, 113, 170, 226], [0, 81, 162]]
number of tiles: 30
using precomputed Gaussian
prediction done
predicting /exports/lkeb-hpc/smaijer/output/600/3d_fullres/501/imagesTr/panc_0029.nii.gz
debug: mirroring True mirror_axes (0, 1, 2)
step_size: 0.5
do mirror: True
data shape: (1, 117, 337, 337)
patch size: [ 96 128 192]
steps (x, y, and z): [[0, 21], [0, 52, 104, 157, 209], [0, 72, 145]]
number of tiles: 30
using precomputed Gaussian
prediction done
debug: mirroring True mirror_axes (0, 1, 2)
step_size: 0.5
do mirror: True
data shape: (1, 117, 337, 337)
patch size: [ 96 128 192]
steps (x, y, and z): [[0, 21], [0, 52, 104, 157, 209], [0, 72, 145]]
number of tiles: 30
using precomputed Gaussian
prediction done
debug: mirroring True mirror_axes (0, 1, 2)
step_size: 0.5
do mirror: True
data shape: (1, 117, 337, 337)
patch size: [ 96 128 192]
steps (x, y, and z): [[0, 21], [0, 52, 104, 157, 209], [0, 72, 145]]
number of tiles: 30
using precomputed Gaussian
prediction done
debug: mirroring True mirror_axes (0, 1, 2)
step_size: 0.5
do mirror: True
data shape: (1, 117, 337, 337)
patch size: [ 96 128 192]
steps (x, y, and z): [[0, 21], [0, 52, 104, 157, 209], [0, 72, 145]]
number of tiles: 30
using precomputed Gaussian
prediction done
debug: mirroring True mirror_axes (0, 1, 2)
step_size: 0.5
do mirror: True
data shape: (1, 117, 337, 337)
patch size: [ 96 128 192]
steps (x, y, and z): [[0, 21], [0, 52, 104, 157, 209], [0, 72, 145]]
number of tiles: 30
using precomputed Gaussian
prediction done
predicting /exports/lkeb-hpc/smaijer/output/600/3d_fullres/501/imagesTr/panc_0024.nii.gz
debug: mirroring True mirror_axes (0, 1, 2)
step_size: 0.5
do mirror: True
data shape: (1, 182, 303, 303)
patch size: [ 96 128 192]
steps (x, y, and z): [[0, 43, 86], [0, 58, 117, 175], [0, 56, 111]]
number of tiles: 36
using precomputed Gaussian
prediction done
debug: mirroring True mirror_axes (0, 1, 2)
step_size: 0.5
do mirror: True
data shape: (1, 182, 303, 303)
patch size: [ 96 128 192]
steps (x, y, and z): [[0, 43, 86], [0, 58, 117, 175], [0, 56, 111]]
number of tiles: 36
using precomputed Gaussian
prediction done
debug: mirroring True mirror_axes (0, 1, 2)
step_size: 0.5
do mirror: True
data shape: (1, 182, 303, 303)
patch size: [ 96 128 192]
steps (x, y, and z): [[0, 43, 86], [0, 58, 117, 175], [0, 56, 111]]
number of tiles: 36
using precomputed Gaussian
prediction done
debug: mirroring True mirror_axes (0, 1, 2)
step_size: 0.5
do mirror: True
data shape: (1, 182, 303, 303)
patch size: [ 96 128 192]
steps (x, y, and z): [[0, 43, 86], [0, 58, 117, 175], [0, 56, 111]]
number of tiles: 36
using precomputed Gaussian
prediction done
debug: mirroring True mirror_axes (0, 1, 2)
