
Currently Loaded Modules:
  1) tools/miniconda/python3.8/4.9.2

 

WARNING: overwriting environment variables set in the machine
overwriting variable nnUNet_raw_data_base nnUNet_preprocessed RESULTS_FOLDER OUTPUT
/var/spool/slurmd/job10556380/slurm_script: /exports/lkeb-hpc/smaijer/envs/nn/bin/pip: /home/smaijer/.conda/envs/nn/bin/python: bad interpreter: No such file or directory
/var/spool/slurmd/job10556380/slurm_script: /exports/lkeb-hpc/smaijer/envs/nn/bin/pip: /home/smaijer/.conda/envs/nn/bin/python: bad interpreter: No such file or directory
/var/spool/slurmd/job10556380/slurm_script: line 42: [: ==: unary operator expected
/var/spool/slurmd/job10556380/slurm_script: /exports/lkeb-hpc/smaijer/envs/nn/bin/nnUNet_train: /home/smaijer/.conda/envs/nn/bin/python: bad interpreter: No such file or directory
/var/spool/slurmd/job10556380/slurm_script: /exports/lkeb-hpc/smaijer/envs/nn/bin/nnUNet_train: /home/smaijer/.conda/envs/nn/bin/python: bad interpreter: No such file or directory
/var/spool/slurmd/job10556380/slurm_script: /exports/lkeb-hpc/smaijer/envs/nn/bin/nnUNet_train: /home/smaijer/.conda/envs/nn/bin/python: bad interpreter: No such file or directory
/var/spool/slurmd/job10556380/slurm_script: /exports/lkeb-hpc/smaijer/envs/nn/bin/nnUNet_train: /home/smaijer/.conda/envs/nn/bin/python: bad interpreter: No such file or directory
/var/spool/slurmd/job10556380/slurm_script: /exports/lkeb-hpc/smaijer/envs/nn/bin/nnUNet_train: /home/smaijer/.conda/envs/nn/bin/python: bad interpreter: No such file or directory
/var/spool/slurmd/job10556380/slurm_script: /exports/lkeb-hpc/smaijer/envs/nn/bin/nnUNet_train: /home/smaijer/.conda/envs/nn/bin/python: bad interpreter: No such file or directory
/var/spool/slurmd/job10556380/slurm_script: /exports/lkeb-hpc/smaijer/envs/nn/bin/nnUNet_train: /home/smaijer/.conda/envs/nn/bin/python: bad interpreter: No such file or directory
/var/spool/slurmd/job10556380/slurm_script: /exports/lkeb-hpc/smaijer/envs/nn/bin/nnUNet_train: /home/smaijer/.conda/envs/nn/bin/python: bad interpreter: No such file or directory
/var/spool/slurmd/job10556380/slurm_script: /exports/lkeb-hpc/smaijer/envs/nn/bin/nnUNet_train: /home/smaijer/.conda/envs/nn/bin/python: bad interpreter: No such file or directory
/var/spool/slurmd/job10556380/slurm_script: /exports/lkeb-hpc/smaijer/envs/nn/bin/nnUNet_train: /home/smaijer/.conda/envs/nn/bin/python: bad interpreter: No such file or directory
/var/spool/slurmd/job10556380/slurm_script: /exports/lkeb-hpc/smaijer/envs/nn/bin/nnUNet_determine_postprocessing: /home/smaijer/.conda/envs/nn/bin/python: bad interpreter: No such file or directory
/var/spool/slurmd/job10556380/slurm_script: /exports/lkeb-hpc/smaijer/envs/nn/bin/nnUNet_predict: /home/smaijer/.conda/envs/nn/bin/python: bad interpreter: No such file or directory
/var/spool/slurmd/job10556380/slurm_script: /exports/lkeb-hpc/smaijer/envs/nn/bin/nnUNet_predict: /home/smaijer/.conda/envs/nn/bin/python: bad interpreter: No such file or directory
/var/spool/slurmd/job10556380/slurm_script: /exports/lkeb-hpc/smaijer/envs/nn/bin/nnUNet_evaluate_folder: /home/smaijer/.conda/envs/nn/bin/python: bad interpreter: No such file or directory
/var/spool/slurmd/job10556380/slurm_script: /exports/lkeb-hpc/smaijer/envs/nn/bin/nnUNet_evaluate_folder: /home/smaijer/.conda/envs/nn/bin/python: bad interpreter: No such file or directory
