Starting at Fri Jun 24 15:19:45 CEST 2022
Running on hosts: res-hpc-exe040
Running on 1 nodes.
Running 1 tasks.
CPUs on node: 8.
Account: div2-lkeb
Job ID: 10556384
Job name: PancreasAll
Node running script: res-hpc-exe040
Submit host: res-hpc-lo02.researchlumc.nl
GPUS:  or 
NVIDIA-SMI has failed because it couldn't communicate with the NVIDIA driver. Make sure that the latest NVIDIA driver is installed and running.

Current working directory is /home/smaijer
Load all modules..
Done with loading all modules. Modules:
Activate conda env nnunet..
Verifying environment variables:
nnUNet_raw_data_base = /exports/lkeb-hpc/smaijer/data/nnUNet_raw_data_base
nnUNet_preprocessed = /exports/lkeb-hpc/smaijer/data/nnUNet_preprocessed
RESULTS_FOLDER = /exports/lkeb-hpc/smaijer/results
OUTPUT = /exports/lkeb-hpc/smaijer/output
Installing hidden layer and nnUnet..
Collecting hiddenlayer
  Cloning https://github.com/FabianIsensee/hiddenlayer.git (to revision more_plotted_details) to /tmp/pip-install-zv1xv_tt/hiddenlayer_fca293bd7dc144a796ff6dc6ed131fe1
  Resolved https://github.com/FabianIsensee/hiddenlayer.git to commit 4b98f9e5cccebac67368f02b95f4700b522345b1
Building wheels for collected packages: hiddenlayer
  Building wheel for hiddenlayer (setup.py): started
  Building wheel for hiddenlayer (setup.py): finished with status 'done'
  Created wheel for hiddenlayer: filename=hiddenlayer-0.2-py3-none-any.whl size=19816 sha256=b80655db214929a46bedd1bc1016a41621e84464494fb8ee681cb429ff71626a
  Stored in directory: /tmp/pip-ephem-wheel-cache-kjjqa_t4/wheels/e8/74/05/c6527f5ffdb22e1fc41a970a8ae3b62a1412a71b445ce477a2
Successfully built hiddenlayer
Installing collected packages: hiddenlayer
Successfully installed hiddenlayer-0.2
Obtaining file:///home/smaijer/nnUNet
Collecting torch>1.10.0
  Downloading torch-1.11.0-cp39-cp39-manylinux1_x86_64.whl (750.6 MB)
Collecting tqdm
  Using cached tqdm-4.64.0-py2.py3-none-any.whl (78 kB)
Collecting dicom2nifti
  Downloading dicom2nifti-2.3.4.tar.gz (35 kB)
Collecting scikit-image>=0.14
  Downloading scikit_image-0.19.3-cp39-cp39-manylinux_2_17_x86_64.manylinux2014_x86_64.whl (14.0 MB)
Collecting medpy
  Using cached MedPy-0.4.0-py3-none-any.whl
Collecting scipy
  Downloading scipy-1.8.1-cp39-cp39-manylinux_2_17_x86_64.manylinux2014_x86_64.whl (42.2 MB)
Collecting batchgenerators>=0.23
  Downloading batchgenerators-0.24.tar.gz (61 kB)
Collecting numpy
  Downloading numpy-1.23.0-cp39-cp39-manylinux_2_17_x86_64.manylinux2014_x86_64.whl (17.1 MB)
Collecting sklearn
  Using cached sklearn-0.0-py2.py3-none-any.whl
Collecting SimpleITK
  Downloading SimpleITK-2.1.1.2-cp39-cp39-manylinux_2_12_x86_64.manylinux2010_x86_64.whl (48.4 MB)
Collecting pandas
  Downloading pandas-1.4.3-cp39-cp39-manylinux_2_17_x86_64.manylinux2014_x86_64.whl (11.7 MB)
Collecting requests
  Downloading requests-2.28.0-py3-none-any.whl (62 kB)
Collecting nibabel
  Downloading nibabel-4.0.1-py3-none-any.whl (3.3 MB)
Collecting tifffile
  Downloading tifffile-2022.5.4-py3-none-any.whl (195 kB)
Collecting matplotlib
  Downloading matplotlib-3.5.2-cp39-cp39-manylinux_2_5_x86_64.manylinux1_x86_64.whl (11.2 MB)
Collecting monai
  Using cached monai-0.9.0-202206131636-py3-none-any.whl (939 kB)
Collecting einops
  Using cached einops-0.4.1-py3-none-any.whl (28 kB)
Collecting pillow>=7.1.2
  Downloading Pillow-9.1.1-cp39-cp39-manylinux_2_17_x86_64.manylinux2014_x86_64.whl (3.1 MB)
Collecting scikit-learn
  Downloading scikit_learn-1.1.1-cp39-cp39-manylinux_2_17_x86_64.manylinux2014_x86_64.whl (30.8 MB)
Collecting future
  Using cached future-0.18.2-py3-none-any.whl
Collecting unittest2
  Using cached unittest2-1.1.0-py2.py3-none-any.whl (96 kB)
Collecting threadpoolctl
  Using cached threadpoolctl-3.1.0-py3-none-any.whl (14 kB)
Collecting networkx>=2.2
  Downloading networkx-2.8.4-py3-none-any.whl (2.0 MB)
Collecting PyWavelets>=1.1.1
  Using cached PyWavelets-1.3.0-cp39-cp39-manylinux_2_17_x86_64.manylinux2014_x86_64.whl (6.9 MB)
Collecting imageio>=2.4.1
  Downloading imageio-2.19.3-py3-none-any.whl (3.4 MB)
Collecting packaging>=20.0
  Using cached packaging-21.3-py3-none-any.whl (40 kB)
Collecting pyparsing!=3.0.5,>=2.0.2
  Downloading pyparsing-3.0.9-py3-none-any.whl (98 kB)
Collecting typing-extensions
  Downloading typing_extensions-4.2.0-py3-none-any.whl (24 kB)
Collecting pydicom>=1.3.0
  Using cached pydicom-2.3.0-py3-none-any.whl (2.0 MB)
Collecting cycler>=0.10
  Using cached cycler-0.11.0-py3-none-any.whl (6.4 kB)
Collecting kiwisolver>=1.0.1
  Downloading kiwisolver-1.4.3-cp39-cp39-manylinux_2_12_x86_64.manylinux2010_x86_64.whl (1.6 MB)
Collecting fonttools>=4.22.0
  Downloading fonttools-4.33.3-py3-none-any.whl (930 kB)
Collecting python-dateutil>=2.7
  Using cached python_dateutil-2.8.2-py2.py3-none-any.whl (247 kB)
Collecting six>=1.5
  Downloading six-1.16.0-py2.py3-none-any.whl (11 kB)
Collecting setuptools
  Downloading setuptools-62.6.0-py3-none-any.whl (1.2 MB)
Collecting pytz>=2020.1
  Using cached pytz-2022.1-py2.py3-none-any.whl (503 kB)
Collecting charset-normalizer~=2.0.0
  Downloading charset_normalizer-2.0.12-py3-none-any.whl (39 kB)
Collecting certifi>=2017.4.17
  Downloading certifi-2022.6.15-py3-none-any.whl (160 kB)
Collecting idna<4,>=2.5
  Downloading idna-3.3-py3-none-any.whl (61 kB)
Collecting urllib3<1.27,>=1.21.1
  Downloading urllib3-1.26.9-py2.py3-none-any.whl (138 kB)
Collecting joblib>=1.0.0
  Using cached joblib-1.1.0-py2.py3-none-any.whl (306 kB)
Collecting traceback2
  Using cached traceback2-1.4.0-py2.py3-none-any.whl (16 kB)
Collecting argparse
  Using cached argparse-1.4.0-py2.py3-none-any.whl (23 kB)
Collecting linecache2
  Using cached linecache2-1.0.0-py2.py3-none-any.whl (12 kB)
Building wheels for collected packages: batchgenerators, dicom2nifti
  Building wheel for batchgenerators (setup.py): started
  Building wheel for batchgenerators (setup.py): finished with status 'done'
  Created wheel for batchgenerators: filename=batchgenerators-0.24-py3-none-any.whl size=89210 sha256=59e6f4f0d9d42b178e4ee4e5ba5cd1bf6e5df35db6436e80163ff94c6d3a4f46
  Stored in directory: /home/smaijer/.cache/pip/wheels/27/88/c0/74bd66a27b972b25164ec003c73809cb7fd5f233a01be0d767
  Building wheel for dicom2nifti (setup.py): started
  Building wheel for dicom2nifti (setup.py): finished with status 'done'
  Created wheel for dicom2nifti: filename=dicom2nifti-2.3.4-py3-none-any.whl size=44529 sha256=a2dcbfa7585b8b6f3405b08822f9bb9043d90b56df6de220d9480aa0ab7ed8e5
  Stored in directory: /home/smaijer/.cache/pip/wheels/66/49/38/5089737ab33c8f46cbe1e8606271766a471939872b3b345c5c
Successfully built batchgenerators dicom2nifti
Installing collected packages: pyparsing, pillow, numpy, linecache2, typing-extensions, traceback2, tifffile, threadpoolctl, six, setuptools, scipy, PyWavelets, packaging, networkx, joblib, imageio, argparse, urllib3, unittest2, torch, SimpleITK, scikit-learn, scikit-image, pytz, python-dateutil, pydicom, nibabel, kiwisolver, idna, future, fonttools, cycler, charset-normalizer, certifi, tqdm, sklearn, requests, pandas, monai, medpy, matplotlib, einops, dicom2nifti, batchgenerators, nnunet
  Running setup.py develop for nnunet
Successfully installed PyWavelets-1.3.0 SimpleITK-2.1.1.2 argparse-1.4.0 batchgenerators-0.24 certifi-2022.6.15 charset-normalizer-2.0.12 cycler-0.11.0 dicom2nifti-2.3.4 einops-0.4.1 fonttools-4.33.3 future-0.18.2 idna-3.3 imageio-2.19.3 joblib-1.1.0 kiwisolver-1.4.3 linecache2-1.0.0 matplotlib-3.5.2 medpy-0.4.0 monai-0.9.0 networkx-2.8.4 nibabel-4.0.1 nnunet numpy-1.23.0 packaging-21.3 pandas-1.4.3 pillow-9.1.1 pydicom-2.3.0 pyparsing-3.0.9 python-dateutil-2.8.2 pytz-2022.1 requests-2.28.0 scikit-image-0.19.3 scikit-learn-1.1.1 scipy-1.8.1 setuptools-62.6.0 six-1.16.0 sklearn-0.0 threadpoolctl-3.1.0 tifffile-2022.5.4 torch-1.11.0 tqdm-4.64.0 traceback2-1.4.0 typing-extensions-4.2.0 unittest2-1.1.0 urllib3-1.26.9
Start preprocessing..
Done preprocessing! Start training all the folds..
Done training all the folds! Now start the same command but with continue option, to generate log files
Start postprocessing..
Done postprocessing! Now start inferencing its own train and test files.
Done inferencing! Now start the evaluation.
Program finished with exit code 0 at: Fri Jun 24 15:19:45 CEST 2022
