
Currently Loaded Modules:
  1) tools/miniconda/python3.8/4.9.2

 

WARNING: overwriting environment variables set in the machine
overwriting variable nnUNet_raw_data_base nnUNet_preprocessed RESULTS_FOLDER OUTPUT
  Running command git clone -q https://github.com/FabianIsensee/hiddenlayer.git /tmp/pip-install-l7k758hw/hiddenlayer_8f050fcf4e784d40845581660e4e70ea
  Running command git checkout -b more_plotted_details --track origin/more_plotted_details
  Switched to a new branch 'more_plotted_details'
  Branch 'more_plotted_details' set up to track remote branch 'more_plotted_details' from 'origin'.
WARNING: Target directory /exports/lkeb-hpc/smaijer/envs/nn/lib/python3.9/site-packages/torch already exists. Specify --upgrade to force replacement.
WARNING: Target directory /exports/lkeb-hpc/smaijer/envs/nn/lib/python3.9/site-packages/urllib3-1.26.9.dist-info already exists. Specify --upgrade to force replacement.
WARNING: Target directory /exports/lkeb-hpc/smaijer/envs/nn/lib/python3.9/site-packages/Pillow-9.1.1.dist-info already exists. Specify --upgrade to force replacement.
WARNING: Target directory /exports/lkeb-hpc/smaijer/envs/nn/lib/python3.9/site-packages/packaging-21.3.dist-info already exists. Specify --upgrade to force replacement.
WARNING: Target directory /exports/lkeb-hpc/smaijer/envs/nn/lib/python3.9/site-packages/pydicom-2.3.0.dist-info already exists. Specify --upgrade to force replacement.
WARNING: Target directory /exports/lkeb-hpc/smaijer/envs/nn/lib/python3.9/site-packages/scikit_learn.libs already exists. Specify --upgrade to force replacement.
WARNING: Target directory /exports/lkeb-hpc/smaijer/envs/nn/lib/python3.9/site-packages/matplotlib-3.5.2.dist-info already exists. Specify --upgrade to force replacement.
WARNING: Target directory /exports/lkeb-hpc/smaijer/envs/nn/lib/python3.9/site-packages/idna already exists. Specify --upgrade to force replacement.
WARNING: Target directory /exports/lkeb-hpc/smaijer/envs/nn/lib/python3.9/site-packages/certifi already exists. Specify --upgrade to force replacement.
WARNING: Target directory /exports/lkeb-hpc/smaijer/envs/nn/lib/python3.9/site-packages/pandas-1.4.3.dist-info already exists. Specify --upgrade to force replacement.
WARNING: Target directory /exports/lkeb-hpc/smaijer/envs/nn/lib/python3.9/site-packages/einops already exists. Specify --upgrade to force replacement.
WARNING: Target directory /exports/lkeb-hpc/smaijer/envs/nn/lib/python3.9/site-packages/nibabel already exists. Specify --upgrade to force replacement.
WARNING: Target directory /exports/lkeb-hpc/smaijer/envs/nn/lib/python3.9/site-packages/matplotlib already exists. Specify --upgrade to force replacement.
WARNING: Target directory /exports/lkeb-hpc/smaijer/envs/nn/lib/python3.9/site-packages/traceback2-1.4.0.dist-info already exists. Specify --upgrade to force replacement.
WARNING: Target directory /exports/lkeb-hpc/smaijer/envs/nn/lib/python3.9/site-packages/MedPy-0.4.0.dist-info already exists. Specify --upgrade to force replacement.
WARNING: Target directory /exports/lkeb-hpc/smaijer/envs/nn/lib/python3.9/site-packages/argparse-1.4.0.dist-info already exists. Specify --upgrade to force replacement.
WARNING: Target directory /exports/lkeb-hpc/smaijer/envs/nn/lib/python3.9/site-packages/kiwisolver already exists. Specify --upgrade to force replacement.
WARNING: Target directory /exports/lkeb-hpc/smaijer/envs/nn/lib/python3.9/site-packages/six-1.16.0.dist-info already exists. Specify --upgrade to force replacement.
WARNING: Target directory /exports/lkeb-hpc/smaijer/envs/nn/lib/python3.9/site-packages/libpasteurize already exists. Specify --upgrade to force replacement.
WARNING: Target directory /exports/lkeb-hpc/smaijer/envs/nn/lib/python3.9/site-packages/python_dateutil-2.8.2.dist-info already exists. Specify --upgrade to force replacement.
WARNING: Target directory /exports/lkeb-hpc/smaijer/envs/nn/lib/python3.9/site-packages/Pillow.libs already exists. Specify --upgrade to force replacement.
WARNING: Target directory /exports/lkeb-hpc/smaijer/envs/nn/lib/python3.9/site-packages/pandas already exists. Specify --upgrade to force replacement.
WARNING: Target directory /exports/lkeb-hpc/smaijer/envs/nn/lib/python3.9/site-packages/past already exists. Specify --upgrade to force replacement.
WARNING: Target directory /exports/lkeb-hpc/smaijer/envs/nn/lib/python3.9/site-packages/batchgenerators already exists. Specify --upgrade to force replacement.
WARNING: Target directory /exports/lkeb-hpc/smaijer/envs/nn/lib/python3.9/site-packages/nibabel-4.0.1.dist-info already exists. Specify --upgrade to force replacement.
WARNING: Target directory /exports/lkeb-hpc/smaijer/envs/nn/lib/python3.9/site-packages/cycler-0.11.0.dist-info already exists. Specify --upgrade to force replacement.
WARNING: Target directory /exports/lkeb-hpc/smaijer/envs/nn/lib/python3.9/site-packages/traceback2 already exists. Specify --upgrade to force replacement.
WARNING: Target directory /exports/lkeb-hpc/smaijer/envs/nn/lib/python3.9/site-packages/batchgenerators-0.24.dist-info already exists. Specify --upgrade to force replacement.
WARNING: Target directory /exports/lkeb-hpc/smaijer/envs/nn/lib/python3.9/site-packages/scikit_learn-1.1.1.dist-info already exists. Specify --upgrade to force replacement.
WARNING: Target directory /exports/lkeb-hpc/smaijer/envs/nn/lib/python3.9/site-packages/packaging already exists. Specify --upgrade to force replacement.
WARNING: Target directory /exports/lkeb-hpc/smaijer/envs/nn/lib/python3.9/site-packages/distutils-precedence.pth already exists. Specify --upgrade to force replacement.
WARNING: Target directory /exports/lkeb-hpc/smaijer/envs/nn/lib/python3.9/site-packages/six.py already exists. Specify --upgrade to force replacement.
WARNING: Target directory /exports/lkeb-hpc/smaijer/envs/nn/lib/python3.9/site-packages/tqdm-4.64.0.dist-info already exists. Specify --upgrade to force replacement.
WARNING: Target directory /exports/lkeb-hpc/smaijer/envs/nn/lib/python3.9/site-packages/pytz-2022.1.dist-info already exists. Specify --upgrade to force replacement.
WARNING: Target directory /exports/lkeb-hpc/smaijer/envs/nn/lib/python3.9/site-packages/__pycache__ already exists. Specify --upgrade to force replacement.
WARNING: Target directory /exports/lkeb-hpc/smaijer/envs/nn/lib/python3.9/site-packages/sklearn already exists. Specify --upgrade to force replacement.
WARNING: Target directory /exports/lkeb-hpc/smaijer/envs/nn/lib/python3.9/site-packages/scipy already exists. Specify --upgrade to force replacement.
WARNING: Target directory /exports/lkeb-hpc/smaijer/envs/nn/lib/python3.9/site-packages/PyWavelets-1.3.0.dist-info already exists. Specify --upgrade to force replacement.
WARNING: Target directory /exports/lkeb-hpc/smaijer/envs/nn/lib/python3.9/site-packages/tifffile already exists. Specify --upgrade to force replacement.
WARNING: Target directory /exports/lkeb-hpc/smaijer/envs/nn/lib/python3.9/site-packages/imageio-2.19.3.dist-info already exists. Specify --upgrade to force replacement.
WARNING: Target directory /exports/lkeb-hpc/smaijer/envs/nn/lib/python3.9/site-packages/libfuturize already exists. Specify --upgrade to force replacement.
WARNING: Target directory /exports/lkeb-hpc/smaijer/envs/nn/lib/python3.9/site-packages/medpy already exists. Specify --upgrade to force replacement.
WARNING: Target directory /exports/lkeb-hpc/smaijer/envs/nn/lib/python3.9/site-packages/pyparsing-3.0.9.dist-info already exists. Specify --upgrade to force replacement.
WARNING: Target directory /exports/lkeb-hpc/smaijer/envs/nn/lib/python3.9/site-packages/requests already exists. Specify --upgrade to force replacement.
WARNING: Target directory /exports/lkeb-hpc/smaijer/envs/nn/lib/python3.9/site-packages/tqdm already exists. Specify --upgrade to force replacement.
WARNING: Target directory /exports/lkeb-hpc/smaijer/envs/nn/lib/python3.9/site-packages/monai already exists. Specify --upgrade to force replacement.
WARNING: Target directory /exports/lkeb-hpc/smaijer/envs/nn/lib/python3.9/site-packages/scikit_image-0.19.3.dist-info already exists. Specify --upgrade to force replacement.
WARNING: Target directory /exports/lkeb-hpc/smaijer/envs/nn/lib/python3.9/site-packages/monai-0.9.0.dist-info already exists. Specify --upgrade to force replacement.
WARNING: Target directory /exports/lkeb-hpc/smaijer/envs/nn/lib/python3.9/site-packages/scikit_image.libs already exists. Specify --upgrade to force replacement.
WARNING: Target directory /exports/lkeb-hpc/smaijer/envs/nn/lib/python3.9/site-packages/unittest2 already exists. Specify --upgrade to force replacement.
WARNING: Target directory /exports/lkeb-hpc/smaijer/envs/nn/lib/python3.9/site-packages/scipy.libs already exists. Specify --upgrade to force replacement.
WARNING: Target directory /exports/lkeb-hpc/smaijer/envs/nn/lib/python3.9/site-packages/charset_normalizer-2.0.12.dist-info already exists. Specify --upgrade to force replacement.
WARNING: Target directory /exports/lkeb-hpc/smaijer/envs/nn/lib/python3.9/site-packages/pydicom already exists. Specify --upgrade to force replacement.
WARNING: Target directory /exports/lkeb-hpc/smaijer/envs/nn/lib/python3.9/site-packages/typing_extensions.py already exists. Specify --upgrade to force replacement.
WARNING: Target directory /exports/lkeb-hpc/smaijer/envs/nn/lib/python3.9/site-packages/networkx-2.8.4.dist-info already exists. Specify --upgrade to force replacement.
WARNING: Target directory /exports/lkeb-hpc/smaijer/envs/nn/lib/python3.9/site-packages/scipy-1.8.1.dist-info already exists. Specify --upgrade to force replacement.
WARNING: Target directory /exports/lkeb-hpc/smaijer/envs/nn/lib/python3.9/site-packages/threadpoolctl.py already exists. Specify --upgrade to force replacement.
WARNING: Target directory /exports/lkeb-hpc/smaijer/envs/nn/lib/python3.9/site-packages/_distutils_hack already exists. Specify --upgrade to force replacement.
WARNING: Target directory /exports/lkeb-hpc/smaijer/envs/nn/lib/python3.9/site-packages/linecache2 already exists. Specify --upgrade to force replacement.
WARNING: Target directory /exports/lkeb-hpc/smaijer/envs/nn/lib/python3.9/site-packages/setuptools-62.6.0.dist-info already exists. Specify --upgrade to force replacement.
WARNING: Target directory /exports/lkeb-hpc/smaijer/envs/nn/lib/python3.9/site-packages/nisext already exists. Specify --upgrade to force replacement.
WARNING: Target directory /exports/lkeb-hpc/smaijer/envs/nn/lib/python3.9/site-packages/pytz already exists. Specify --upgrade to force replacement.
WARNING: Target directory /exports/lkeb-hpc/smaijer/envs/nn/lib/python3.9/site-packages/dateutil already exists. Specify --upgrade to force replacement.
WARNING: Target directory /exports/lkeb-hpc/smaijer/envs/nn/lib/python3.9/site-packages/unittest2-1.1.0.dist-info already exists. Specify --upgrade to force replacement.
WARNING: Target directory /exports/lkeb-hpc/smaijer/envs/nn/lib/python3.9/site-packages/einops-0.4.1.dist-info already exists. Specify --upgrade to force replacement.
WARNING: Target directory /exports/lkeb-hpc/smaijer/envs/nn/lib/python3.9/site-packages/fonttools-4.33.3.dist-info already exists. Specify --upgrade to force replacement.
WARNING: Target directory /exports/lkeb-hpc/smaijer/envs/nn/lib/python3.9/site-packages/linecache2-1.0.0.dist-info already exists. Specify --upgrade to force replacement.
WARNING: Target directory /exports/lkeb-hpc/smaijer/envs/nn/lib/python3.9/site-packages/kiwisolver-1.4.3.dist-info already exists. Specify --upgrade to force replacement.
WARNING: Target directory /exports/lkeb-hpc/smaijer/envs/nn/lib/python3.9/site-packages/future already exists. Specify --upgrade to force replacement.
WARNING: Target directory /exports/lkeb-hpc/smaijer/envs/nn/lib/python3.9/site-packages/joblib-1.1.0.dist-info already exists. Specify --upgrade to force replacement.
WARNING: Target directory /exports/lkeb-hpc/smaijer/envs/nn/lib/python3.9/site-packages/charset_normalizer already exists. Specify --upgrade to force replacement.
WARNING: Target directory /exports/lkeb-hpc/smaijer/envs/nn/lib/python3.9/site-packages/PIL already exists. Specify --upgrade to force replacement.
WARNING: Target directory /exports/lkeb-hpc/smaijer/envs/nn/lib/python3.9/site-packages/threadpoolctl-3.1.0.dist-info already exists. Specify --upgrade to force replacement.
WARNING: Target directory /exports/lkeb-hpc/smaijer/envs/nn/lib/python3.9/site-packages/mpl_toolkits already exists. Specify --upgrade to force replacement.
WARNING: Target directory /exports/lkeb-hpc/smaijer/envs/nn/lib/python3.9/site-packages/dicom2nifti-2.3.4.dist-info already exists. Specify --upgrade to force replacement.
WARNING: Target directory /exports/lkeb-hpc/smaijer/envs/nn/lib/python3.9/site-packages/numpy-1.23.0.dist-info already exists. Specify --upgrade to force replacement.
WARNING: Target directory /exports/lkeb-hpc/smaijer/envs/nn/lib/python3.9/site-packages/argparse.py already exists. Specify --upgrade to force replacement.
WARNING: Target directory /exports/lkeb-hpc/smaijer/envs/nn/lib/python3.9/site-packages/joblib already exists. Specify --upgrade to force replacement.
WARNING: Target directory /exports/lkeb-hpc/smaijer/envs/nn/lib/python3.9/site-packages/SimpleITK-2.1.1.2.dist-info already exists. Specify --upgrade to force replacement.
WARNING: Target directory /exports/lkeb-hpc/smaijer/envs/nn/lib/python3.9/site-packages/SimpleITK already exists. Specify --upgrade to force replacement.
WARNING: Target directory /exports/lkeb-hpc/smaijer/envs/nn/lib/python3.9/site-packages/future-0.18.2.dist-info already exists. Specify --upgrade to force replacement.
WARNING: Target directory /exports/lkeb-hpc/smaijer/envs/nn/lib/python3.9/site-packages/cycler.py already exists. Specify --upgrade to force replacement.
WARNING: Target directory /exports/lkeb-hpc/smaijer/envs/nn/lib/python3.9/site-packages/imageio already exists. Specify --upgrade to force replacement.
WARNING: Target directory /exports/lkeb-hpc/smaijer/envs/nn/lib/python3.9/site-packages/fontTools already exists. Specify --upgrade to force replacement.
WARNING: Target directory /exports/lkeb-hpc/smaijer/envs/nn/lib/python3.9/site-packages/tifffile-2022.5.4.dist-info already exists. Specify --upgrade to force replacement.
WARNING: Target directory /exports/lkeb-hpc/smaijer/envs/nn/lib/python3.9/site-packages/pkg_resources already exists. Specify --upgrade to force replacement.
WARNING: Target directory /exports/lkeb-hpc/smaijer/envs/nn/lib/python3.9/site-packages/certifi-2022.6.15.dist-info already exists. Specify --upgrade to force replacement.
WARNING: Target directory /exports/lkeb-hpc/smaijer/envs/nn/lib/python3.9/site-packages/torch-1.11.0.dist-info already exists. Specify --upgrade to force replacement.
WARNING: Target directory /exports/lkeb-hpc/smaijer/envs/nn/lib/python3.9/site-packages/dicom2nifti already exists. Specify --upgrade to force replacement.
WARNING: Target directory /exports/lkeb-hpc/smaijer/envs/nn/lib/python3.9/site-packages/pyparsing already exists. Specify --upgrade to force replacement.
WARNING: Target directory /exports/lkeb-hpc/smaijer/envs/nn/lib/python3.9/site-packages/sklearn-0.0.dist-info already exists. Specify --upgrade to force replacement.
WARNING: Target directory /exports/lkeb-hpc/smaijer/envs/nn/lib/python3.9/site-packages/typing_extensions-4.2.0.dist-info already exists. Specify --upgrade to force replacement.
WARNING: Target directory /exports/lkeb-hpc/smaijer/envs/nn/lib/python3.9/site-packages/numpy.libs already exists. Specify --upgrade to force replacement.
WARNING: Target directory /exports/lkeb-hpc/smaijer/envs/nn/lib/python3.9/site-packages/pylab.py already exists. Specify --upgrade to force replacement.
WARNING: Target directory /exports/lkeb-hpc/smaijer/envs/nn/lib/python3.9/site-packages/skimage already exists. Specify --upgrade to force replacement.
WARNING: Target directory /exports/lkeb-hpc/smaijer/envs/nn/lib/python3.9/site-packages/urllib3 already exists. Specify --upgrade to force replacement.
WARNING: Target directory /exports/lkeb-hpc/smaijer/envs/nn/lib/python3.9/site-packages/requests-2.28.0.dist-info already exists. Specify --upgrade to force replacement.
WARNING: Target directory /exports/lkeb-hpc/smaijer/envs/nn/lib/python3.9/site-packages/numpy already exists. Specify --upgrade to force replacement.
WARNING: Target directory /exports/lkeb-hpc/smaijer/envs/nn/lib/python3.9/site-packages/setuptools already exists. Specify --upgrade to force replacement.
WARNING: Target directory /exports/lkeb-hpc/smaijer/envs/nn/lib/python3.9/site-packages/matplotlib-3.5.2-py3.9-nspkg.pth already exists. Specify --upgrade to force replacement.
WARNING: Target directory /exports/lkeb-hpc/smaijer/envs/nn/lib/python3.9/site-packages/doc already exists. Specify --upgrade to force replacement.
WARNING: Target directory /exports/lkeb-hpc/smaijer/envs/nn/lib/python3.9/site-packages/idna-3.3.dist-info already exists. Specify --upgrade to force replacement.
WARNING: Target directory /exports/lkeb-hpc/smaijer/envs/nn/lib/python3.9/site-packages/networkx already exists. Specify --upgrade to force replacement.
WARNING: Target directory /exports/lkeb-hpc/smaijer/envs/nn/lib/python3.9/site-packages/caffe2 already exists. Specify --upgrade to force replacement.
WARNING: Target directory /exports/lkeb-hpc/smaijer/envs/nn/lib/python3.9/site-packages/pywt already exists. Specify --upgrade to force replacement.
WARNING: Target directory /exports/lkeb-hpc/smaijer/envs/nn/lib/python3.9/site-packages/nnUNet_evaluate_folder already exists. Specify --upgrade to force replacement.
WARNING: Target directory /exports/lkeb-hpc/smaijer/envs/nn/lib/python3.9/site-packages/nnUNet_train already exists. Specify --upgrade to force replacement.
WARNING: Target directory /exports/lkeb-hpc/smaijer/envs/nn/lib/python3.9/site-packages/nnUNet_change_trainer_class already exists. Specify --upgrade to force replacement.
WARNING: Target directory /exports/lkeb-hpc/smaijer/envs/nn/lib/python3.9/site-packages/bin already exists. Specify --upgrade to force replacement.
WARNING: Target directory /exports/lkeb-hpc/smaijer/envs/nn/lib/python3.9/site-packages/nnUNet_find_best_configuration already exists. Specify --upgrade to force replacement.
WARNING: Target directory /exports/lkeb-hpc/smaijer/envs/nn/lib/python3.9/site-packages/nnUNet_download_pretrained_model_by_url already exists. Specify --upgrade to force replacement.
WARNING: Target directory /exports/lkeb-hpc/smaijer/envs/nn/lib/python3.9/site-packages/nnunet.egg-link already exists. Specify --upgrade to force replacement.
WARNING: Target directory /exports/lkeb-hpc/smaijer/envs/nn/lib/python3.9/site-packages/nnUNet_determine_postprocessing already exists. Specify --upgrade to force replacement.
WARNING: Target directory /exports/lkeb-hpc/smaijer/envs/nn/lib/python3.9/site-packages/nnUNet_download_pretrained_model already exists. Specify --upgrade to force replacement.
WARNING: Target directory /exports/lkeb-hpc/smaijer/envs/nn/lib/python3.9/site-packages/nnUNet_install_pretrained_model_from_zip already exists. Specify --upgrade to force replacement.
WARNING: Target directory /exports/lkeb-hpc/smaijer/envs/nn/lib/python3.9/site-packages/nnUNet_train_DP already exists. Specify --upgrade to force replacement.
WARNING: Target directory /exports/lkeb-hpc/smaijer/envs/nn/lib/python3.9/site-packages/nnUNet_print_pretrained_model_info already exists. Specify --upgrade to force replacement.
WARNING: Target directory /exports/lkeb-hpc/smaijer/envs/nn/lib/python3.9/site-packages/nnUNet_print_available_pretrained_models already exists. Specify --upgrade to force replacement.
WARNING: Target directory /exports/lkeb-hpc/smaijer/envs/nn/lib/python3.9/site-packages/nnUNet_predict already exists. Specify --upgrade to force replacement.
WARNING: Target directory /exports/lkeb-hpc/smaijer/envs/nn/lib/python3.9/site-packages/nnUNet_train_DDP already exists. Specify --upgrade to force replacement.
WARNING: Target directory /exports/lkeb-hpc/smaijer/envs/nn/lib/python3.9/site-packages/nnUNet_plot_task_pngs already exists. Specify --upgrade to force replacement.
WARNING: Target directory /exports/lkeb-hpc/smaijer/envs/nn/lib/python3.9/site-packages/nnUNet_ensemble already exists. Specify --upgrade to force replacement.
WARNING: Target directory /exports/lkeb-hpc/smaijer/envs/nn/lib/python3.9/site-packages/nnUNet_export_model_to_zip already exists. Specify --upgrade to force replacement.
WARNING: Target directory /exports/lkeb-hpc/smaijer/envs/nn/lib/python3.9/site-packages/share already exists. Specify --upgrade to force replacement.
WARNING: Target directory /exports/lkeb-hpc/smaijer/envs/nn/lib/python3.9/site-packages/nnUNet_plan_and_preprocess already exists. Specify --upgrade to force replacement.
WARNING: Target directory /exports/lkeb-hpc/smaijer/envs/nn/lib/python3.9/site-packages/nnUNet_convert_decathlon_task already exists. Specify --upgrade to force replacement.
/var/spool/slurmd/job10568742/slurm_script: line 44: [: ==: unary operator expected
/var/spool/slurmd/job10568742/slurm_script: line 50: 3302574 Killed                  nnUNet_train 3d_fullres nnUNetTrainerV2 700 0 -c
/var/spool/slurmd/job10568742/slurm_script: line 51: 185636 Killed                  nnUNet_train 3d_fullres nnUNetTrainerV2 700 1
slurmstepd: error: *** JOB 10568742 ON res-hpc-gpu01 CANCELLED AT 2022-06-27T09:31:58 ***
slurmstepd: error: Detected 159 oom-kill event(s) in StepId=10568742.batch cgroup. Some of your processes may have been killed by the cgroup out-of-memory handler.
