Starting at Tue May 24 15:27:56 CEST 2022
Running on hosts: res-hpc-lkeb05
Running on 1 nodes.
Running 1 tasks.
CPUs on node: 8.
Account: div2-lkeb
Job ID: 10335036
Job name: PancreasTrain
Node running script: res-hpc-lkeb05
Submit host: res-hpc-lo02.researchlumc.nl
GPUS: 0 or 
Tue May 24 15:27:58 2022       
+-----------------------------------------------------------------------------+
| NVIDIA-SMI 495.29.05    Driver Version: 495.29.05    CUDA Version: 11.5     |
|-------------------------------+----------------------+----------------------+
| GPU  Name        Persistence-M| Bus-Id        Disp.A | Volatile Uncorr. ECC |
| Fan  Temp  Perf  Pwr:Usage/Cap|         Memory-Usage | GPU-Util  Compute M. |
|                               |                      |               MIG M. |
|===============================+======================+======================|
|   0  Quadro RTX 6000     Off  | 00000000:3B:00.0 Off |                  Off |
| 33%   37C    P0    66W / 260W |      0MiB / 24220MiB |      0%      Default |
|                               |                      |                  N/A |
+-------------------------------+----------------------+----------------------+
                                                                               
+-----------------------------------------------------------------------------+
| Processes:                                                                  |
|  GPU   GI   CI        PID   Type   Process name                  GPU Memory |
|        ID   ID                                                   Usage      |
|=============================================================================|
|  No running processes found                                                 |
+-----------------------------------------------------------------------------+
Current working directory is /home/smaijer
Load all modules..
Done with loading all modules. Modules:
Activate conda env nnunet..
Verifying environment variables:
nnUNet_raw_data_base = /exports/lkeb-hpc/smaijer/data/nnUNet_raw_data_base
nnUNet_preprocessed = /exports/lkeb-hpc/smaijer/data/nnUNet_preprocessed
RESULTS_FOLDER = /exports/lkeb-hpc/smaijer/results
OUTPUT = /exports/lkeb-hpc/smaijer/output
Installing nnU-net..
Obtaining file:///home/smaijer/code/nnUNet
Requirement already satisfied: torch>1.10.0 in ./.conda/envs/nn/lib/python3.9/site-packages (from nnunet==1.7.0) (1.11.0)
Requirement already satisfied: tqdm in ./.conda/envs/nn/lib/python3.9/site-packages (from nnunet==1.7.0) (4.64.0)
Requirement already satisfied: dicom2nifti in ./.conda/envs/nn/lib/python3.9/site-packages (from nnunet==1.7.0) (2.3.2)
Requirement already satisfied: scikit-image>=0.14 in ./.conda/envs/nn/lib/python3.9/site-packages (from nnunet==1.7.0) (0.19.2)
Requirement already satisfied: medpy in ./.conda/envs/nn/lib/python3.9/site-packages (from nnunet==1.7.0) (0.4.0)
Requirement already satisfied: scipy in ./.conda/envs/nn/lib/python3.9/site-packages (from nnunet==1.7.0) (1.8.0)
Requirement already satisfied: batchgenerators>=0.23 in ./.conda/envs/nn/lib/python3.9/site-packages (from nnunet==1.7.0) (0.23)
Requirement already satisfied: numpy in ./.conda/envs/nn/lib/python3.9/site-packages (from nnunet==1.7.0) (1.21.2)
Requirement already satisfied: sklearn in ./.conda/envs/nn/lib/python3.9/site-packages (from nnunet==1.7.0) (0.0)
Requirement already satisfied: SimpleITK in ./.conda/envs/nn/lib/python3.9/site-packages (from nnunet==1.7.0) (2.1.1)
Requirement already satisfied: pandas in ./.conda/envs/nn/lib/python3.9/site-packages (from nnunet==1.7.0) (1.4.2)
Requirement already satisfied: requests in ./.conda/envs/nn/lib/python3.9/site-packages (from nnunet==1.7.0) (2.27.1)
Requirement already satisfied: nibabel in ./.conda/envs/nn/lib/python3.9/site-packages (from nnunet==1.7.0) (3.2.2)
Requirement already satisfied: tifffile in ./.conda/envs/nn/lib/python3.9/site-packages (from nnunet==1.7.0) (2022.4.8)
Requirement already satisfied: matplotlib in ./.conda/envs/nn/lib/python3.9/site-packages (from nnunet==1.7.0) (3.5.1)
Requirement already satisfied: unittest2 in ./.conda/envs/nn/lib/python3.9/site-packages (from batchgenerators>=0.23->nnunet==1.7.0) (1.1.0)
Requirement already satisfied: future in ./.conda/envs/nn/lib/python3.9/site-packages (from batchgenerators>=0.23->nnunet==1.7.0) (0.18.2)
Requirement already satisfied: threadpoolctl in ./.conda/envs/nn/lib/python3.9/site-packages (from batchgenerators>=0.23->nnunet==1.7.0) (3.1.0)
Requirement already satisfied: scikit-learn in ./.conda/envs/nn/lib/python3.9/site-packages (from batchgenerators>=0.23->nnunet==1.7.0) (1.0.2)
Requirement already satisfied: pillow>=7.1.2 in ./.conda/envs/nn/lib/python3.9/site-packages (from batchgenerators>=0.23->nnunet==1.7.0) (9.0.1)
Requirement already satisfied: imageio>=2.4.1 in ./.conda/envs/nn/lib/python3.9/site-packages (from scikit-image>=0.14->nnunet==1.7.0) (2.16.2)
Requirement already satisfied: PyWavelets>=1.1.1 in ./.conda/envs/nn/lib/python3.9/site-packages (from scikit-image>=0.14->nnunet==1.7.0) (1.3.0)
Requirement already satisfied: packaging>=20.0 in ./.conda/envs/nn/lib/python3.9/site-packages (from scikit-image>=0.14->nnunet==1.7.0) (21.3)
Requirement already satisfied: networkx>=2.2 in ./.conda/envs/nn/lib/python3.9/site-packages (from scikit-image>=0.14->nnunet==1.7.0) (2.8)
Requirement already satisfied: pyparsing!=3.0.5,>=2.0.2 in ./.conda/envs/nn/lib/python3.9/site-packages (from packaging>=20.0->scikit-image>=0.14->nnunet==1.7.0) (3.0.8)
Requirement already satisfied: typing_extensions in ./.conda/envs/nn/lib/python3.9/site-packages (from torch>1.10.0->nnunet==1.7.0) (4.1.1)
Requirement already satisfied: pydicom>=1.3.0 in ./.conda/envs/nn/lib/python3.9/site-packages (from dicom2nifti->nnunet==1.7.0) (2.3.0)
Requirement already satisfied: kiwisolver>=1.0.1 in ./.conda/envs/nn/lib/python3.9/site-packages (from matplotlib->nnunet==1.7.0) (1.4.2)
Requirement already satisfied: cycler>=0.10 in ./.conda/envs/nn/lib/python3.9/site-packages (from matplotlib->nnunet==1.7.0) (0.11.0)
Requirement already satisfied: python-dateutil>=2.7 in ./.conda/envs/nn/lib/python3.9/site-packages (from matplotlib->nnunet==1.7.0) (2.8.2)
Requirement already satisfied: fonttools>=4.22.0 in ./.conda/envs/nn/lib/python3.9/site-packages (from matplotlib->nnunet==1.7.0) (4.32.0)
Requirement already satisfied: six>=1.5 in ./.conda/envs/nn/lib/python3.9/site-packages (from python-dateutil>=2.7->matplotlib->nnunet==1.7.0) (1.16.0)
Requirement already satisfied: setuptools in ./.conda/envs/nn/lib/python3.9/site-packages (from nibabel->nnunet==1.7.0) (58.0.4)
Requirement already satisfied: pytz>=2020.1 in ./.conda/envs/nn/lib/python3.9/site-packages (from pandas->nnunet==1.7.0) (2022.1)
Requirement already satisfied: charset-normalizer~=2.0.0 in ./.conda/envs/nn/lib/python3.9/site-packages (from requests->nnunet==1.7.0) (2.0.4)
Requirement already satisfied: certifi>=2017.4.17 in ./.conda/envs/nn/lib/python3.9/site-packages (from requests->nnunet==1.7.0) (2021.10.8)
Requirement already satisfied: urllib3<1.27,>=1.21.1 in ./.conda/envs/nn/lib/python3.9/site-packages (from requests->nnunet==1.7.0) (1.26.8)
Requirement already satisfied: idna<4,>=2.5 in ./.conda/envs/nn/lib/python3.9/site-packages (from requests->nnunet==1.7.0) (3.3)
Requirement already satisfied: joblib>=0.11 in ./.conda/envs/nn/lib/python3.9/site-packages (from scikit-learn->batchgenerators>=0.23->nnunet==1.7.0) (1.1.0)
Collecting argparse
  Using cached argparse-1.4.0-py2.py3-none-any.whl (23 kB)
Requirement already satisfied: traceback2 in ./.conda/envs/nn/lib/python3.9/site-packages (from unittest2->batchgenerators>=0.23->nnunet==1.7.0) (1.4.0)
Requirement already satisfied: linecache2 in ./.conda/envs/nn/lib/python3.9/site-packages (from traceback2->unittest2->batchgenerators>=0.23->nnunet==1.7.0) (1.0.0)
Installing collected packages: argparse, nnunet
  Attempting uninstall: nnunet
    Found existing installation: nnunet 1.7.0
    Uninstalling nnunet-1.7.0:
      Successfully uninstalled nnunet-1.7.0
  Running setup.py develop for nnunet
Successfully installed argparse-1.4.0 nnunet-1.7.0


Please cite the following paper when using nnUNet:

Isensee, F., Jaeger, P.F., Kohl, S.A.A. et al. "nnU-Net: a self-configuring method for deep learning-based biomedical image segmentation." Nat Methods (2020). https://doi.org/10.1038/s41592-020-01008-z


If you have questions or suggestions, feel free to open an issue at https://github.com/MIC-DKFZ/nnUNet

###############################################
I am running the following nnUNet: 3d_cascade_fullres
My trainer class is:  <class 'nnunet.training.network_training.nnUNetTrainerV2_CascadeFullRes.nnUNetTrainerV2CascadeFullRes'>
For that I will be using the following configuration:
num_classes:  1
modalities:  {0: 'CT'}
use_mask_for_norm OrderedDict([(0, False)])
keep_only_largest_region None
min_region_size_per_class None
min_size_per_class None
normalization_schemes OrderedDict([(0, 'CT')])
stages...

stage:  0
{'batch_size': 2, 'num_pool_per_axis': [4, 5, 5], 'patch_size': array([ 80, 192, 160]), 'median_patient_size_in_voxels': array([120, 285, 285]), 'current_spacing': array([1.7987096 , 1.54576606, 1.54576606]), 'original_spacing': array([1.      , 0.859375, 0.859375]), 'do_dummy_2D_data_aug': False, 'pool_op_kernel_sizes': [[2, 2, 2], [2, 2, 2], [2, 2, 2], [2, 2, 2], [1, 2, 2]], 'conv_kernel_sizes': [[3, 3, 3], [3, 3, 3], [3, 3, 3], [3, 3, 3], [3, 3, 3], [3, 3, 3]]}

stage:  1
{'batch_size': 2, 'num_pool_per_axis': [4, 5, 5], 'patch_size': array([ 80, 192, 160]), 'median_patient_size_in_voxels': array([216, 512, 512]), 'current_spacing': array([1.      , 0.859375, 0.859375]), 'original_spacing': array([1.      , 0.859375, 0.859375]), 'do_dummy_2D_data_aug': False, 'pool_op_kernel_sizes': [[2, 2, 2], [2, 2, 2], [2, 2, 2], [2, 2, 2], [1, 2, 2]], 'conv_kernel_sizes': [[3, 3, 3], [3, 3, 3], [3, 3, 3], [3, 3, 3], [3, 3, 3], [3, 3, 3]]}

I am using stage 1 from these plans
I am using batch dice + CE loss

I am using data from this folder:  /exports/lkeb-hpc/smaijer/data/nnUNet_preprocessed/Task501/nnUNetData_plans_v2.1
###############################################
loading dataset
loading all case properties
2022-05-24 15:28:15.418515: Using splits from existing split file: /exports/lkeb-hpc/smaijer/data/nnUNet_preprocessed/Task501/splits_final.pkl
2022-05-24 15:28:15.428851: The split file contains 5 splits.
2022-05-24 15:28:15.431193: Desired fold for training: 1
2022-05-24 15:28:15.433215: This split has 54 training and 14 validation cases.
unpacking dataset
done
2022-05-24 15:28:19.091192: loading checkpoint /exports/lkeb-hpc/smaijer/results/nnUNet/3d_cascade_fullres/Task501/nnUNetTrainerV2CascadeFullRes__nnUNetPlansv2.1/fold_1/model_final_checkpoint.model train= True
2022-05-24 15:28:31.437341: lr: 0.0
using pin_memory on device 0
using pin_memory on device 0
2022-05-24 15:28:50.694431: Unable to plot network architecture:
2022-05-24 15:28:50.697667: No module named 'hiddenlayer'
2022-05-24 15:28:50.699958: 
printing the network instead:

2022-05-24 15:28:50.702261: Generic_UNet(
  (conv_blocks_localization): ModuleList(
    (0): Sequential(
      (0): StackedConvLayers(
        (blocks): Sequential(
          (0): ConvDropoutNormNonlin(
            (conv): Conv3d(640, 320, kernel_size=(3, 3, 3), stride=(1, 1, 1), padding=(1, 1, 1))
            (instnorm): InstanceNorm3d(320, eps=1e-05, momentum=0.1, affine=True, track_running_stats=False)
            (lrelu): LeakyReLU(negative_slope=0.01, inplace=True)
          )
        )
      )
      (1): StackedConvLayers(
        (blocks): Sequential(
          (0): ConvDropoutNormNonlin(
            (conv): Conv3d(320, 320, kernel_size=(3, 3, 3), stride=(1, 1, 1), padding=(1, 1, 1))
            (instnorm): InstanceNorm3d(320, eps=1e-05, momentum=0.1, affine=True, track_running_stats=False)
            (lrelu): LeakyReLU(negative_slope=0.01, inplace=True)
          )
        )
      )
    )
    (1): Sequential(
      (0): StackedConvLayers(
        (blocks): Sequential(
          (0): ConvDropoutNormNonlin(
            (conv): Conv3d(512, 256, kernel_size=(3, 3, 3), stride=(1, 1, 1), padding=(1, 1, 1))
            (instnorm): InstanceNorm3d(256, eps=1e-05, momentum=0.1, affine=True, track_running_stats=False)
            (lrelu): LeakyReLU(negative_slope=0.01, inplace=True)
          )
        )
      )
      (1): StackedConvLayers(
        (blocks): Sequential(
          (0): ConvDropoutNormNonlin(
            (conv): Conv3d(256, 256, kernel_size=(3, 3, 3), stride=(1, 1, 1), padding=(1, 1, 1))
            (instnorm): InstanceNorm3d(256, eps=1e-05, momentum=0.1, affine=True, track_running_stats=False)
            (lrelu): LeakyReLU(negative_slope=0.01, inplace=True)
          )
        )
      )
    )
    (2): Sequential(
      (0): StackedConvLayers(
        (blocks): Sequential(
          (0): ConvDropoutNormNonlin(
            (conv): Conv3d(256, 128, kernel_size=(3, 3, 3), stride=(1, 1, 1), padding=(1, 1, 1))
            (instnorm): InstanceNorm3d(128, eps=1e-05, momentum=0.1, affine=True, track_running_stats=False)
            (lrelu): LeakyReLU(negative_slope=0.01, inplace=True)
          )
        )
      )
      (1): StackedConvLayers(
        (blocks): Sequential(
          (0): ConvDropoutNormNonlin(
            (conv): Conv3d(128, 128, kernel_size=(3, 3, 3), stride=(1, 1, 1), padding=(1, 1, 1))
            (instnorm): InstanceNorm3d(128, eps=1e-05, momentum=0.1, affine=True, track_running_stats=False)
            (lrelu): LeakyReLU(negative_slope=0.01, inplace=True)
          )
        )
      )
    )
    (3): Sequential(
      (0): StackedConvLayers(
        (blocks): Sequential(
          (0): ConvDropoutNormNonlin(
            (conv): Conv3d(128, 64, kernel_size=(3, 3, 3), stride=(1, 1, 1), padding=(1, 1, 1))
            (instnorm): InstanceNorm3d(64, eps=1e-05, momentum=0.1, affine=True, track_running_stats=False)
            (lrelu): LeakyReLU(negative_slope=0.01, inplace=True)
          )
        )
      )
      (1): StackedConvLayers(
        (blocks): Sequential(
          (0): ConvDropoutNormNonlin(
            (conv): Conv3d(64, 64, kernel_size=(3, 3, 3), stride=(1, 1, 1), padding=(1, 1, 1))
            (instnorm): InstanceNorm3d(64, eps=1e-05, momentum=0.1, affine=True, track_running_stats=False)
            (lrelu): LeakyReLU(negative_slope=0.01, inplace=True)
          )
        )
      )
    )
    (4): Sequential(
      (0): StackedConvLayers(
        (blocks): Sequential(
          (0): ConvDropoutNormNonlin(
            (conv): Conv3d(64, 32, kernel_size=(3, 3, 3), stride=(1, 1, 1), padding=(1, 1, 1))
            (instnorm): InstanceNorm3d(32, eps=1e-05, momentum=0.1, affine=True, track_running_stats=False)
            (lrelu): LeakyReLU(negative_slope=0.01, inplace=True)
          )
        )
      )
      (1): StackedConvLayers(
        (blocks): Sequential(
          (0): ConvDropoutNormNonlin(
            (conv): Conv3d(32, 32, kernel_size=(3, 3, 3), stride=(1, 1, 1), padding=(1, 1, 1))
            (instnorm): InstanceNorm3d(32, eps=1e-05, momentum=0.1, affine=True, track_running_stats=False)
            (lrelu): LeakyReLU(negative_slope=0.01, inplace=True)
          )
        )
      )
    )
  )
  (conv_blocks_context): ModuleList(
    (0): StackedConvLayers(
      (blocks): Sequential(
        (0): ConvDropoutNormNonlin(
          (conv): Conv3d(2, 32, kernel_size=(3, 3, 3), stride=(1, 1, 1), padding=(1, 1, 1))
          (instnorm): InstanceNorm3d(32, eps=1e-05, momentum=0.1, affine=True, track_running_stats=False)
          (lrelu): LeakyReLU(negative_slope=0.01, inplace=True)
        )
        (1): ConvDropoutNormNonlin(
          (conv): Conv3d(32, 32, kernel_size=(3, 3, 3), stride=(1, 1, 1), padding=(1, 1, 1))
          (instnorm): InstanceNorm3d(32, eps=1e-05, momentum=0.1, affine=True, track_running_stats=False)
          (lrelu): LeakyReLU(negative_slope=0.01, inplace=True)
        )
      )
    )
    (1): StackedConvLayers(
      (blocks): Sequential(
        (0): ConvDropoutNormNonlin(
          (conv): Conv3d(32, 64, kernel_size=(3, 3, 3), stride=(2, 2, 2), padding=(1, 1, 1))
          (instnorm): InstanceNorm3d(64, eps=1e-05, momentum=0.1, affine=True, track_running_stats=False)
          (lrelu): LeakyReLU(negative_slope=0.01, inplace=True)
        )
        (1): ConvDropoutNormNonlin(
          (conv): Conv3d(64, 64, kernel_size=(3, 3, 3), stride=(1, 1, 1), padding=(1, 1, 1))
          (instnorm): InstanceNorm3d(64, eps=1e-05, momentum=0.1, affine=True, track_running_stats=False)
          (lrelu): LeakyReLU(negative_slope=0.01, inplace=True)
        )
      )
    )
    (2): StackedConvLayers(
      (blocks): Sequential(
        (0): ConvDropoutNormNonlin(
          (conv): Conv3d(64, 128, kernel_size=(3, 3, 3), stride=(2, 2, 2), padding=(1, 1, 1))
          (instnorm): InstanceNorm3d(128, eps=1e-05, momentum=0.1, affine=True, track_running_stats=False)
          (lrelu): LeakyReLU(negative_slope=0.01, inplace=True)
        )
        (1): ConvDropoutNormNonlin(
          (conv): Conv3d(128, 128, kernel_size=(3, 3, 3), stride=(1, 1, 1), padding=(1, 1, 1))
          (instnorm): InstanceNorm3d(128, eps=1e-05, momentum=0.1, affine=True, track_running_stats=False)
          (lrelu): LeakyReLU(negative_slope=0.01, inplace=True)
        )
      )
    )
    (3): StackedConvLayers(
      (blocks): Sequential(
        (0): ConvDropoutNormNonlin(
          (conv): Conv3d(128, 256, kernel_size=(3, 3, 3), stride=(2, 2, 2), padding=(1, 1, 1))
          (instnorm): InstanceNorm3d(256, eps=1e-05, momentum=0.1, affine=True, track_running_stats=False)
          (lrelu): LeakyReLU(negative_slope=0.01, inplace=True)
        )
        (1): ConvDropoutNormNonlin(
          (conv): Conv3d(256, 256, kernel_size=(3, 3, 3), stride=(1, 1, 1), padding=(1, 1, 1))
          (instnorm): InstanceNorm3d(256, eps=1e-05, momentum=0.1, affine=True, track_running_stats=False)
          (lrelu): LeakyReLU(negative_slope=0.01, inplace=True)
        )
      )
    )
    (4): StackedConvLayers(
      (blocks): Sequential(
        (0): ConvDropoutNormNonlin(
          (conv): Conv3d(256, 320, kernel_size=(3, 3, 3), stride=(2, 2, 2), padding=(1, 1, 1))
          (instnorm): InstanceNorm3d(320, eps=1e-05, momentum=0.1, affine=True, track_running_stats=False)
          (lrelu): LeakyReLU(negative_slope=0.01, inplace=True)
        )
        (1): ConvDropoutNormNonlin(
          (conv): Conv3d(320, 320, kernel_size=(3, 3, 3), stride=(1, 1, 1), padding=(1, 1, 1))
          (instnorm): InstanceNorm3d(320, eps=1e-05, momentum=0.1, affine=True, track_running_stats=False)
          (lrelu): LeakyReLU(negative_slope=0.01, inplace=True)
        )
      )
    )
    (5): Sequential(
      (0): StackedConvLayers(
        (blocks): Sequential(
          (0): ConvDropoutNormNonlin(
            (conv): Conv3d(320, 320, kernel_size=(3, 3, 3), stride=(1, 2, 2), padding=(1, 1, 1))
            (instnorm): InstanceNorm3d(320, eps=1e-05, momentum=0.1, affine=True, track_running_stats=False)
            (lrelu): LeakyReLU(negative_slope=0.01, inplace=True)
          )
        )
      )
      (1): StackedConvLayers(
        (blocks): Sequential(
          (0): ConvDropoutNormNonlin(
            (conv): Conv3d(320, 320, kernel_size=(3, 3, 3), stride=(1, 1, 1), padding=(1, 1, 1))
            (instnorm): InstanceNorm3d(320, eps=1e-05, momentum=0.1, affine=True, track_running_stats=False)
            (lrelu): LeakyReLU(negative_slope=0.01, inplace=True)
          )
        )
      )
    )
  )
  (td): ModuleList()
  (tu): ModuleList(
    (0): ConvTranspose3d(320, 320, kernel_size=(1, 2, 2), stride=(1, 2, 2), bias=False)
    (1): ConvTranspose3d(320, 256, kernel_size=(2, 2, 2), stride=(2, 2, 2), bias=False)
    (2): ConvTranspose3d(256, 128, kernel_size=(2, 2, 2), stride=(2, 2, 2), bias=False)
    (3): ConvTranspose3d(128, 64, kernel_size=(2, 2, 2), stride=(2, 2, 2), bias=False)
    (4): ConvTranspose3d(64, 32, kernel_size=(2, 2, 2), stride=(2, 2, 2), bias=False)
  )
  (seg_outputs): ModuleList(
    (0): Conv3d(320, 2, kernel_size=(1, 1, 1), stride=(1, 1, 1), bias=False)
    (1): Conv3d(256, 2, kernel_size=(1, 1, 1), stride=(1, 1, 1), bias=False)
    (2): Conv3d(128, 2, kernel_size=(1, 1, 1), stride=(1, 1, 1), bias=False)
    (3): Conv3d(64, 2, kernel_size=(1, 1, 1), stride=(1, 1, 1), bias=False)
    (4): Conv3d(32, 2, kernel_size=(1, 1, 1), stride=(1, 1, 1), bias=False)
  )
)
2022-05-24 15:28:50.706672: 

2022-05-24 15:28:50.809474: saving checkpoint...
2022-05-24 15:28:52.171329: done, saving took 1.46 seconds
panc_0004 (2, 221, 535, 535)
debug: mirroring True mirror_axes (0, 1, 2)
step_size: 0.5
do mirror: True
data shape: (2, 221, 535, 535)
patch size: [ 80 192 160]
steps (x, y, and z): [[0, 35, 70, 106, 141], [0, 86, 172, 257, 343], [0, 75, 150, 225, 300, 375]]
number of tiles: 150
computing Gaussian
done
prediction done
panc_0011 (2, 221, 538, 538)
debug: mirroring True mirror_axes (0, 1, 2)
step_size: 0.5
do mirror: True
data shape: (2, 221, 538, 538)
patch size: [ 80 192 160]
steps (x, y, and z): [[0, 35, 70, 106, 141], [0, 86, 173, 260, 346], [0, 76, 151, 227, 302, 378]]
number of tiles: 150
using precomputed Gaussian
prediction done
panc_0015 (2, 247, 465, 465)
debug: mirroring True mirror_axes (0, 1, 2)
step_size: 0.5
do mirror: True
data shape: (2, 247, 465, 465)
patch size: [ 80 192 160]
steps (x, y, and z): [[0, 33, 67, 100, 134, 167], [0, 91, 182, 273], [0, 76, 152, 229, 305]]
number of tiles: 120
using precomputed Gaussian
prediction done
panc_0024 (2, 310, 419, 419)
debug: mirroring True mirror_axes (0, 1, 2)
step_size: 0.5
do mirror: True
data shape: (2, 310, 419, 419)
patch size: [ 80 192 160]
steps (x, y, and z): [[0, 38, 77, 115, 153, 192, 230], [0, 76, 151, 227], [0, 65, 130, 194, 259]]
number of tiles: 140
using precomputed Gaussian
prediction done
panc_0027 (2, 205, 489, 489)
debug: mirroring True mirror_axes (0, 1, 2)
step_size: 0.5
do mirror: True
data shape: (2, 205, 489, 489)
patch size: [ 80 192 160]
steps (x, y, and z): [[0, 31, 62, 94, 125], [0, 74, 148, 223, 297], [0, 66, 132, 197, 263, 329]]
number of tiles: 150
using precomputed Gaussian
prediction done
panc_0030 (2, 310, 547, 547)
debug: mirroring True mirror_axes (0, 1, 2)
step_size: 0.5
do mirror: True
data shape: (2, 310, 547, 547)
patch size: [ 80 192 160]
steps (x, y, and z): [[0, 38, 77, 115, 153, 192, 230], [0, 89, 178, 266, 355], [0, 77, 155, 232, 310, 387]]
number of tiles: 210
using precomputed Gaussian
prediction done
panc_0031 (2, 310, 465, 465)
debug: mirroring True mirror_axes (0, 1, 2)
step_size: 0.5
do mirror: True
data shape: (2, 310, 465, 465)
patch size: [ 80 192 160]
steps (x, y, and z): [[0, 38, 77, 115, 153, 192, 230], [0, 91, 182, 273], [0, 76, 152, 229, 305]]
number of tiles: 140
using precomputed Gaussian
prediction done
panc_0032 (2, 233, 582, 582)
debug: mirroring True mirror_axes (0, 1, 2)
step_size: 0.5
do mirror: True
data shape: (2, 233, 582, 582)
patch size: [ 80 192 160]
steps (x, y, and z): [[0, 38, 76, 115, 153], [0, 78, 156, 234, 312, 390], [0, 70, 141, 211, 281, 352, 422]]
number of tiles: 210
using precomputed Gaussian
prediction done
panc_0035 (2, 227, 512, 512)
debug: mirroring True mirror_axes (0, 1, 2)
step_size: 0.5
do mirror: True
data shape: (2, 227, 512, 512)
patch size: [ 80 192 160]
steps (x, y, and z): [[0, 37, 74, 110, 147], [0, 80, 160, 240, 320], [0, 70, 141, 211, 282, 352]]
number of tiles: 150
using precomputed Gaussian
prediction done
panc_0037 (2, 198, 442, 442)
debug: mirroring True mirror_axes (0, 1, 2)
step_size: 0.5
do mirror: True
data shape: (2, 198, 442, 442)
patch size: [ 80 192 160]
steps (x, y, and z): [[0, 39, 79, 118], [0, 83, 167, 250], [0, 70, 141, 212, 282]]
number of tiles: 80
using precomputed Gaussian
prediction done
panc_0048 (2, 206, 559, 559)
debug: mirroring True mirror_axes (0, 1, 2)
step_size: 0.5
do mirror: True
data shape: (2, 206, 559, 559)
patch size: [ 80 192 160]
steps (x, y, and z): [[0, 32, 63, 94, 126], [0, 92, 184, 275, 367], [0, 80, 160, 239, 319, 399]]
number of tiles: 150
using precomputed Gaussian
prediction done
panc_0053 (2, 310, 442, 442)
debug: mirroring True mirror_axes (0, 1, 2)
step_size: 0.5
do mirror: True
data shape: (2, 310, 442, 442)
patch size: [ 80 192 160]
steps (x, y, and z): [[0, 38, 77, 115, 153, 192, 230], [0, 83, 167, 250], [0, 70, 141, 212, 282]]
number of tiles: 140
using precomputed Gaussian
prediction done
panc_0054 (2, 218, 512, 512)
debug: mirroring True mirror_axes (0, 1, 2)
step_size: 0.5
do mirror: True
data shape: (2, 218, 512, 512)
patch size: [ 80 192 160]
steps (x, y, and z): [[0, 34, 69, 104, 138], [0, 80, 160, 240, 320], [0, 70, 141, 211, 282, 352]]
number of tiles: 150
using precomputed Gaussian
prediction done
panc_0055 (2, 193, 407, 407)
debug: mirroring True mirror_axes (0, 1, 2)
step_size: 0.5
do mirror: True
data shape: (2, 193, 407, 407)
patch size: [ 80 192 160]
steps (x, y, and z): [[0, 38, 75, 113], [0, 72, 143, 215], [0, 62, 124, 185, 247]]
number of tiles: 80
using precomputed Gaussian
prediction done
2022-05-24 15:45:35.020632: finished prediction
2022-05-24 15:45:35.023515: evaluation of raw predictions
2022-05-24 15:45:41.197497: determining postprocessing
Foreground vs background
before: 0.8512612301658111
after:  0.8512679302416519
Removing all but the largest foreground region improved results!
for_which_classes [1]
min_valid_object_sizes None
Only one class present, no need to do each class separately as this is covered in fg vs bg
done
for which classes:
[[1]]
min_object_sizes
None
force_separate_z: None interpolation order: 1
separate z: False lowres axis None
no separate z, order 1
force_separate_z: None interpolation order: 1
separate z: False lowres axis None
no separate z, order 1
force_separate_z: None interpolation order: 1
separate z: False lowres axis None
no separate z, order 1
force_separate_z: None interpolation order: 1
no resampling necessary
force_separate_z: None interpolation order: 1
separate z: False lowres axis None
no separate z, order 1
force_separate_z: None interpolation order: 1
separate z: False lowres axis None
no separate z, order 1
force_separate_z: None interpolation order: 1
separate z: False lowres axis None
no separate z, order 1
force_separate_z: None interpolation order: 1
separate z: False lowres axis None
no separate z, order 1
force_separate_z: None interpolation order: 1
separate z: False lowres axis None
no separate z, order 1
force_separate_z: None interpolation order: 1
separate z: False lowres axis None
no separate z, order 1
force_separate_z: None interpolation order: 1
separate z: False lowres axis None
no separate z, order 1
force_separate_z: None interpolation order: 1
no resampling necessary
force_separate_z: None interpolation order: 1
separate z: False lowres axis None
no separate z, order 1
force_separate_z: None interpolation order: 1
separate z: False lowres axis None
no separate z, order 1
done
Program finished with exit code 0 at: Tue May 24 15:27:56 CEST 2022
