
Currently Loaded Modules:
  1) tools/miniconda/python3.8/4.9.2

 

WARNING: overwriting environment variables set in the machine
overwriting variable nnUNet_raw_data_base nnUNet_preprocessed RESULTS_FOLDER OUTPUT
Traceback (most recent call last):
  File "/home/smaijer/.conda/envs/nn/bin/nnUNet_train", line 33, in <module>
    sys.exit(load_entry_point('nnunet', 'console_scripts', 'nnUNet_train')())
  File "/home/smaijer/code/nnUNet/nnunet/run/run_training.py", line 143, in main
    assert issubclass(trainer_class, (nnUNetTrainerCascadeFullRes, nnUNetTrainerV2CascadeFullRes)), \
AssertionError: If running 3d_cascade_fullres then your trainer class must be derived from nnUNetTrainerCascadeFullRes
Traceback (most recent call last):
  File "/home/smaijer/.conda/envs/nn/bin/nnUNet_train", line 33, in <module>
    sys.exit(load_entry_point('nnunet', 'console_scripts', 'nnUNet_train')())
  File "/home/smaijer/code/nnUNet/nnunet/run/run_training.py", line 143, in main
    assert issubclass(trainer_class, (nnUNetTrainerCascadeFullRes, nnUNetTrainerV2CascadeFullRes)), \
AssertionError: If running 3d_cascade_fullres then your trainer class must be derived from nnUNetTrainerCascadeFullRes
Traceback (most recent call last):
  File "/home/smaijer/.conda/envs/nn/bin/nnUNet_train", line 33, in <module>
    sys.exit(load_entry_point('nnunet', 'console_scripts', 'nnUNet_train')())
  File "/home/smaijer/code/nnUNet/nnunet/run/run_training.py", line 143, in main
    assert issubclass(trainer_class, (nnUNetTrainerCascadeFullRes, nnUNetTrainerV2CascadeFullRes)), \
AssertionError: If running 3d_cascade_fullres then your trainer class must be derived from nnUNetTrainerCascadeFullRes
Traceback (most recent call last):
  File "/home/smaijer/.conda/envs/nn/bin/nnUNet_train", line 33, in <module>
    sys.exit(load_entry_point('nnunet', 'console_scripts', 'nnUNet_train')())
  File "/home/smaijer/code/nnUNet/nnunet/run/run_training.py", line 143, in main
    assert issubclass(trainer_class, (nnUNetTrainerCascadeFullRes, nnUNetTrainerV2CascadeFullRes)), \
AssertionError: If running 3d_cascade_fullres then your trainer class must be derived from nnUNetTrainerCascadeFullRes
Traceback (most recent call last):
  File "/home/smaijer/.conda/envs/nn/bin/nnUNet_train", line 33, in <module>
    sys.exit(load_entry_point('nnunet', 'console_scripts', 'nnUNet_train')())
  File "/home/smaijer/code/nnUNet/nnunet/run/run_training.py", line 143, in main
    assert issubclass(trainer_class, (nnUNetTrainerCascadeFullRes, nnUNetTrainerV2CascadeFullRes)), \
AssertionError: If running 3d_cascade_fullres then your trainer class must be derived from nnUNetTrainerCascadeFullRes
Traceback (most recent call last):
  File "/home/smaijer/.conda/envs/nn/bin/nnUNet_train", line 33, in <module>
    sys.exit(load_entry_point('nnunet', 'console_scripts', 'nnUNet_train')())
  File "/home/smaijer/code/nnUNet/nnunet/run/run_training.py", line 143, in main
    assert issubclass(trainer_class, (nnUNetTrainerCascadeFullRes, nnUNetTrainerV2CascadeFullRes)), \
AssertionError: If running 3d_cascade_fullres then your trainer class must be derived from nnUNetTrainerCascadeFullRes
Traceback (most recent call last):
  File "/home/smaijer/.conda/envs/nn/bin/nnUNet_train", line 33, in <module>
    sys.exit(load_entry_point('nnunet', 'console_scripts', 'nnUNet_train')())
  File "/home/smaijer/code/nnUNet/nnunet/run/run_training.py", line 143, in main
    assert issubclass(trainer_class, (nnUNetTrainerCascadeFullRes, nnUNetTrainerV2CascadeFullRes)), \
AssertionError: If running 3d_cascade_fullres then your trainer class must be derived from nnUNetTrainerCascadeFullRes
Traceback (most recent call last):
  File "/home/smaijer/.conda/envs/nn/bin/nnUNet_train", line 33, in <module>
    sys.exit(load_entry_point('nnunet', 'console_scripts', 'nnUNet_train')())
  File "/home/smaijer/code/nnUNet/nnunet/run/run_training.py", line 143, in main
    assert issubclass(trainer_class, (nnUNetTrainerCascadeFullRes, nnUNetTrainerV2CascadeFullRes)), \
AssertionError: If running 3d_cascade_fullres then your trainer class must be derived from nnUNetTrainerCascadeFullRes
Traceback (most recent call last):
  File "/home/smaijer/.conda/envs/nn/bin/nnUNet_train", line 33, in <module>
    sys.exit(load_entry_point('nnunet', 'console_scripts', 'nnUNet_train')())
  File "/home/smaijer/code/nnUNet/nnunet/run/run_training.py", line 143, in main
    assert issubclass(trainer_class, (nnUNetTrainerCascadeFullRes, nnUNetTrainerV2CascadeFullRes)), \
AssertionError: If running 3d_cascade_fullres then your trainer class must be derived from nnUNetTrainerCascadeFullRes
Traceback (most recent call last):
  File "/home/smaijer/.conda/envs/nn/bin/nnUNet_train", line 33, in <module>
    sys.exit(load_entry_point('nnunet', 'console_scripts', 'nnUNet_train')())
  File "/home/smaijer/code/nnUNet/nnunet/run/run_training.py", line 143, in main
    assert issubclass(trainer_class, (nnUNetTrainerCascadeFullRes, nnUNetTrainerV2CascadeFullRes)), \
AssertionError: If running 3d_cascade_fullres then your trainer class must be derived from nnUNetTrainerCascadeFullRes
