
Currently Loaded Modules:
  1) system/python/3.10.2

 

/var/spool/slurmd/job11069440/slurm_script: line 37: conda: command not found
  Running command git clone -q https://github.com/FabianIsensee/hiddenlayer.git /tmp/pip-install-1e1oigmu/hiddenlayer_13857b15a1994942ab307a7b7ce22164
  Running command git checkout -b more_plotted_details --track origin/more_plotted_details
  Switched to a new branch 'more_plotted_details'
  Branch 'more_plotted_details' set up to track remote branch 'more_plotted_details' from 'origin'.
ERROR: Exception:
Traceback (most recent call last):
  File "/exports/lkeb-hpc/smaijer/venv_environments/pancreasThesis/lib/python3.10/site-packages/pip/_internal/cli/base_command.py", line 173, in _main
    status = self.run(options, args)
  File "/exports/lkeb-hpc/smaijer/venv_environments/pancreasThesis/lib/python3.10/site-packages/pip/_internal/cli/req_command.py", line 203, in wrapper
    return func(self, options, args)
  File "/exports/lkeb-hpc/smaijer/venv_environments/pancreasThesis/lib/python3.10/site-packages/pip/_internal/commands/install.py", line 446, in run
    self._handle_target_dir(
  File "/exports/lkeb-hpc/smaijer/venv_environments/pancreasThesis/lib/python3.10/site-packages/pip/_internal/commands/install.py", line 501, in _handle_target_dir
    shutil.rmtree(target_item_dir)
  File "/share/software/system/python/3.10.2/lib/python3.10/shutil.py", line 721, in rmtree
    onerror(os.rmdir, path, sys.exc_info())
  File "/share/software/system/python/3.10.2/lib/python3.10/shutil.py", line 719, in rmtree
    os.rmdir(path)
OSError: [Errno 39] Directory not empty: '/exports/lkeb-hpc/smaijer/venv_environments/pancreasThesis/target/hiddenlayer-0.2-py3.10.egg-info'
WARNING: You are using pip version 21.2.4; however, version 22.2 is available.
You should consider upgrading via the '/exports/lkeb-hpc/smaijer/venv_environments/pancreasThesis/bin/python -m pip install --upgrade pip' command.
ERROR: ditable is not a valid editable requirement. It should either be a path to a local project or a VCS URL (beginning with bzr+http, bzr+https, bzr+ssh, bzr+sftp, bzr+ftp, bzr+lp, bzr+file, git+http, git+https, git+ssh, git+git, git+file, hg+file, hg+http, hg+https, hg+ssh, hg+static-http, svn+ssh, svn+http, svn+https, svn+svn, svn+file).
WARNING: You are using pip version 21.2.4; however, version 22.2 is available.
You should consider upgrading via the '/exports/lkeb-hpc/smaijer/venv_environments/pancreasThesis/bin/python -m pip install --upgrade pip' command.
usage: Evaluates the segmentations located in the folder pred. Output of this script is a json file. At the very bottom of the json file is going to be a 'mean' entry with averages metrics across all cases
       [-h] -ref REF -pred PRED -l L [L ...]
Evaluates the segmentations located in the folder pred. Output of this script is a json file. At the very bottom of the json file is going to be a 'mean' entry with averages metrics across all cases: error: argument -l: expected at least one argument
