Starting at Tue Jul 19 11:35:56 CEST 2022
Running on hosts: res-hpc-lkeb09
Running on 1 nodes.
Running 1 tasks.
CPUs on node: 6.
Account: div2-lkeb
Job ID: 10817886
Job name: PancreasTrain
Node running script: res-hpc-lkeb09
Submit host: res-hpc-lo02.researchlumc.nl
GPUS: 0 or 
Tue Jul 19 11:35:57 2022       
+-----------------------------------------------------------------------------+
| NVIDIA-SMI 470.103.01   Driver Version: 470.103.01   CUDA Version: 11.4     |
|-------------------------------+----------------------+----------------------+
| GPU  Name        Persistence-M| Bus-Id        Disp.A | Volatile Uncorr. ECC |
| Fan  Temp  Perf  Pwr:Usage/Cap|         Memory-Usage | GPU-Util  Compute M. |
|                               |                      |               MIG M. |
|===============================+======================+======================|
|   0  NVIDIA RTX A6000    On   | 00000000:3B:00.0 Off |                  Off |
| 30%   26C    P8    26W / 300W |      0MiB / 48685MiB |      0%      Default |
|                               |                      |                  N/A |
+-------------------------------+----------------------+----------------------+
                                                                               
+-----------------------------------------------------------------------------+
| Processes:                                                                  |
|  GPU   GI   CI        PID   Type   Process name                  GPU Memory |
|        ID   ID                                                   Usage      |
|=============================================================================|
|  No running processes found                                                 |
+-----------------------------------------------------------------------------+
Current working directory is /home/smaijer
Load all modules..
Done with loading all modules. Modules:
Activate conda env nnunet..
Verifying environment variables:
Installing hidden layer and nnUnet..
Collecting hiddenlayer
  Cloning https://github.com/FabianIsensee/hiddenlayer.git (to revision more_plotted_details) to /tmp/pip-install-cjbdrang/hiddenlayer_4f8c25d0ff83474aad5c4833db9eccc0
  Resolved https://github.com/FabianIsensee/hiddenlayer.git to commit 4b98f9e5cccebac67368f02b95f4700b522345b1
Using legacy 'setup.py install' for hiddenlayer, since package 'wheel' is not installed.
Installing collected packages: hiddenlayer
    Running setup.py install for hiddenlayer: started
    Running setup.py install for hiddenlayer: finished with status 'done'
Successfully installed hiddenlayer-0.2
Obtaining file:///home/smaijer/code/nnUNet
Collecting torch>1.10.0
  Using cached torch-1.12.0-cp310-cp310-manylinux1_x86_64.whl (776.3 MB)
Collecting tqdm
  Using cached tqdm-4.64.0-py2.py3-none-any.whl (78 kB)
Collecting dicom2nifti
  Using cached dicom2nifti-2.4.2-py3-none-any.whl (43 kB)
Collecting scikit-image>=0.14
  Using cached scikit_image-0.19.3-cp310-cp310-manylinux_2_17_x86_64.manylinux2014_x86_64.whl (13.9 MB)
Collecting medpy
  Using cached MedPy-0.4.0-py3-none-any.whl
Collecting scipy
  Using cached scipy-1.8.1-cp310-cp310-manylinux_2_17_x86_64.manylinux2014_x86_64.whl (42.2 MB)
Collecting batchgenerators>=0.23
  Using cached batchgenerators-0.24-py3-none-any.whl
Collecting numpy
  Using cached numpy-1.23.1-cp310-cp310-manylinux_2_17_x86_64.manylinux2014_x86_64.whl (17.0 MB)
Collecting sklearn
  Using cached sklearn-0.0-py2.py3-none-any.whl
Collecting SimpleITK
  Using cached SimpleITK-2.1.1.2-cp310-cp310-manylinux_2_12_x86_64.manylinux2010_x86_64.whl (48.4 MB)
Collecting pandas
  Using cached pandas-1.4.3-cp310-cp310-manylinux_2_17_x86_64.manylinux2014_x86_64.whl (11.6 MB)
Collecting requests
  Using cached requests-2.28.1-py3-none-any.whl (62 kB)
Collecting nibabel
  Using cached nibabel-4.0.1-py3-none-any.whl (3.3 MB)
Collecting tifffile
  Using cached tifffile-2022.5.4-py3-none-any.whl (195 kB)
Collecting matplotlib
  Using cached matplotlib-3.5.2-cp310-cp310-manylinux_2_17_x86_64.manylinux2014_x86_64.whl (11.9 MB)
Collecting monai
  Using cached monai-0.9.0-202206131636-py3-none-any.whl (939 kB)
Collecting einops
  Using cached einops-0.4.1-py3-none-any.whl (28 kB)
Collecting ipython
  Using cached ipython-8.4.0-py3-none-any.whl (750 kB)
Collecting graphviz
  Using cached graphviz-0.20-py3-none-any.whl (46 kB)
Collecting scikit-learn
  Using cached scikit_learn-1.1.1-cp310-cp310-manylinux_2_17_x86_64.manylinux2014_x86_64.whl (30.4 MB)
Collecting threadpoolctl
  Using cached threadpoolctl-3.1.0-py3-none-any.whl (14 kB)
Collecting future
  Using cached future-0.18.2-py3-none-any.whl
Collecting unittest2
  Using cached unittest2-1.1.0-py2.py3-none-any.whl (96 kB)
Collecting pillow>=7.1.2
  Using cached Pillow-9.2.0-cp310-cp310-manylinux_2_28_x86_64.whl (3.2 MB)
Collecting imageio>=2.4.1
  Using cached imageio-2.19.5-py3-none-any.whl (3.4 MB)
Collecting PyWavelets>=1.1.1
  Using cached PyWavelets-1.3.0-cp310-cp310-manylinux_2_17_x86_64.manylinux2014_x86_64.whl (6.9 MB)
Collecting networkx>=2.2
  Using cached networkx-2.8.5-py3-none-any.whl (2.0 MB)
Collecting packaging>=20.0
  Using cached packaging-21.3-py3-none-any.whl (40 kB)
Collecting pyparsing!=3.0.5,>=2.0.2
  Using cached pyparsing-3.0.9-py3-none-any.whl (98 kB)
Collecting typing-extensions
  Using cached typing_extensions-4.3.0-py3-none-any.whl (25 kB)
Collecting python-gdcm
  Using cached python_gdcm-3.0.14-cp310-cp310-manylinux_2_17_x86_64.manylinux2014_x86_64.whl (12.8 MB)
Collecting pydicom>=2.2.0
  Using cached pydicom-2.3.0-py3-none-any.whl (2.0 MB)
Collecting pygments>=2.4.0
  Using cached Pygments-2.12.0-py3-none-any.whl (1.1 MB)
Collecting stack-data
  Using cached stack_data-0.3.0-py3-none-any.whl (23 kB)
Collecting setuptools>=18.5
  Using cached setuptools-63.2.0-py3-none-any.whl (1.2 MB)
Collecting backcall
  Using cached backcall-0.2.0-py2.py3-none-any.whl (11 kB)
Collecting decorator
  Using cached decorator-5.1.1-py3-none-any.whl (9.1 kB)
Collecting prompt-toolkit!=3.0.0,!=3.0.1,<3.1.0,>=2.0.0
  Using cached prompt_toolkit-3.0.30-py3-none-any.whl (381 kB)
Collecting pickleshare
  Using cached pickleshare-0.7.5-py2.py3-none-any.whl (6.9 kB)
Collecting matplotlib-inline
  Using cached matplotlib_inline-0.1.3-py3-none-any.whl (8.2 kB)
Collecting pexpect>4.3
  Using cached pexpect-4.8.0-py2.py3-none-any.whl (59 kB)
Collecting jedi>=0.16
  Using cached jedi-0.18.1-py2.py3-none-any.whl (1.6 MB)
Collecting traitlets>=5
  Using cached traitlets-5.3.0-py3-none-any.whl (106 kB)
Collecting parso<0.9.0,>=0.8.0
  Using cached parso-0.8.3-py2.py3-none-any.whl (100 kB)
Collecting ptyprocess>=0.5
  Using cached ptyprocess-0.7.0-py2.py3-none-any.whl (13 kB)
Collecting wcwidth
  Using cached wcwidth-0.2.5-py2.py3-none-any.whl (30 kB)
Collecting kiwisolver>=1.0.1
  Using cached kiwisolver-1.4.4-cp310-cp310-manylinux_2_12_x86_64.manylinux2010_x86_64.whl (1.6 MB)
Collecting python-dateutil>=2.7
  Using cached python_dateutil-2.8.2-py2.py3-none-any.whl (247 kB)
Collecting fonttools>=4.22.0
  Using cached fonttools-4.34.4-py3-none-any.whl (944 kB)
Collecting cycler>=0.10
  Using cached cycler-0.11.0-py3-none-any.whl (6.4 kB)
Collecting six>=1.5
  Using cached six-1.16.0-py2.py3-none-any.whl (11 kB)
Collecting pytz>=2020.1
  Using cached pytz-2022.1-py2.py3-none-any.whl (503 kB)
Collecting urllib3<1.27,>=1.21.1
  Using cached urllib3-1.26.10-py2.py3-none-any.whl (139 kB)
Collecting certifi>=2017.4.17
  Using cached certifi-2022.6.15-py3-none-any.whl (160 kB)
Collecting idna<4,>=2.5
  Using cached idna-3.3-py3-none-any.whl (61 kB)
Collecting charset-normalizer<3,>=2
  Using cached charset_normalizer-2.1.0-py3-none-any.whl (39 kB)
Collecting joblib>=1.0.0
  Using cached joblib-1.1.0-py2.py3-none-any.whl (306 kB)
Collecting pure-eval
  Using cached pure_eval-0.2.2-py3-none-any.whl (11 kB)
Collecting asttokens
  Using cached asttokens-2.0.5-py2.py3-none-any.whl (20 kB)
Collecting executing
  Using cached executing-0.8.3-py2.py3-none-any.whl (16 kB)
Collecting argparse
  Using cached argparse-1.4.0-py2.py3-none-any.whl (23 kB)
Collecting traceback2
  Using cached traceback2-1.4.0-py2.py3-none-any.whl (16 kB)
Collecting linecache2
  Using cached linecache2-1.0.0-py2.py3-none-any.whl (12 kB)
Installing collected packages: six, pyparsing, pillow, numpy, linecache2, wcwidth, typing-extensions, traitlets, traceback2, tifffile, threadpoolctl, setuptools, scipy, PyWavelets, pure-eval, ptyprocess, parso, packaging, networkx, joblib, imageio, executing, asttokens, argparse, urllib3, unittest2, torch, stack-data, SimpleITK, scikit-learn, scikit-image, pytz, python-gdcm, python-dateutil, pygments, pydicom, prompt-toolkit, pickleshare, pexpect, nibabel, matplotlib-inline, kiwisolver, jedi, idna, future, fonttools, decorator, cycler, charset-normalizer, certifi, backcall, tqdm, sklearn, requests, pandas, monai, medpy, matplotlib, ipython, graphviz, einops, dicom2nifti, batchgenerators, nnunet
