
Currently Loaded Modules:
  1) system/python/3.10.2

 

/var/spool/slurmd/job11578282/slurm_script: line 38: conda: command not found
  Running command git clone -q https://github.com/FabianIsensee/hiddenlayer.git /tmp/pip-install-2nslbeuh/hiddenlayer_c7cdad2849bc48dfa0af710ec328764c
  Running command git checkout -b more_plotted_details --track origin/more_plotted_details
  Switched to a new branch 'more_plotted_details'
  Branch 'more_plotted_details' set up to track remote branch 'more_plotted_details' from 'origin'.
WARNING: You are using pip version 21.2.4; however, version 22.2.2 is available.
You should consider upgrading via the '/exports/lkeb-hpc/smaijer/venv_environments/pancreasThesis/bin/python -m pip install --upgrade pip' command.
ERROR: ditable is not a valid editable requirement. It should either be a path to a local project or a VCS URL (beginning with bzr+http, bzr+https, bzr+ssh, bzr+sftp, bzr+ftp, bzr+lp, bzr+file, git+http, git+https, git+ssh, git+git, git+file, hg+file, hg+http, hg+https, hg+ssh, hg+static-http, svn+ssh, svn+http, svn+https, svn+svn, svn+file).
WARNING: You are using pip version 21.2.4; however, version 22.2.2 is available.
You should consider upgrading via the '/exports/lkeb-hpc/smaijer/venv_environments/pancreasThesis/bin/python -m pip install --upgrade pip' command.
/var/spool/slurmd/job11578282/slurm_script: line 45: [: ==: unary operator expected
Exception in thread Thread-5 (results_loop):
Traceback (most recent call last):
  File "/share/software/system/python/3.10.2/lib/python3.10/threading.py", line 1009, in _bootstrap_inner
Exception in thread Thread-4 (results_loop):
Traceback (most recent call last):
  File "/share/software/system/python/3.10.2/lib/python3.10/threading.py", line 1009, in _bootstrap_inner
    self.run()
    self.run()
  File "/share/software/system/python/3.10.2/lib/python3.10/threading.py", line 946, in run
  File "/share/software/system/python/3.10.2/lib/python3.10/threading.py", line 946, in run
    self._target(*self._args, **self._kwargs)
  File "/exports/lkeb-hpc/smaijer/venv_environments/pancreasThesis/lib/python3.10/site-packages/batchgenerators/dataloading/multi_threaded_augmenter.py", line 92, in results_loop
    self._target(*self._args, **self._kwargs)
  File "/exports/lkeb-hpc/smaijer/venv_environments/pancreasThesis/lib/python3.10/site-packages/batchgenerators/dataloading/multi_threaded_augmenter.py", line 92, in results_loop
    raise RuntimeError("Abort event was set. So someone died and we should end this madness. \nIMPORTANT: "
RuntimeError: Abort event was set. So someone died and we should end this madness. 
IMPORTANT: This is not the actual error message! Look further up to see what caused the error. Please also check whether your RAM was full
/home/smaijer/code/nnUNet/nnunet/evaluation/evaluator.py:381: RuntimeWarning: Mean of empty slice
  all_scores["mean"][label][score] = float(np.nanmean(all_scores["mean"][label][score]))
Exception in thread Thread-5 (results_loop):
Traceback (most recent call last):
  File "/share/software/system/python/3.10.2/lib/python3.10/threading.py", line 1009, in _bootstrap_inner
    self.run()
  File "/share/software/system/python/3.10.2/lib/python3.10/threading.py", line 946, in run
    self._target(*self._args, **self._kwargs)
  File "/exports/lkeb-hpc/smaijer/venv_environments/pancreasThesis/lib/python3.10/site-packages/batchgenerators/dataloading/multi_threaded_augmenter.py", line 92, in results_loop
    raise RuntimeError("Abort event was set. So someone died and we should end this madness. \nIMPORTANT: "
RuntimeError: Abort event was set. So someone died and we should end this madness. 
IMPORTANT: This is not the actual error message! Look further up to see what caused the error. Please also check whether your RAM was full
Exception in thread Thread-4 (results_loop):
Traceback (most recent call last):
  File "/share/software/system/python/3.10.2/lib/python3.10/threading.py", line 1009, in _bootstrap_inner
    self.run()
  File "/share/software/system/python/3.10.2/lib/python3.10/threading.py", line 946, in run
    self._target(*self._args, **self._kwargs)
  File "/exports/lkeb-hpc/smaijer/venv_environments/pancreasThesis/lib/python3.10/site-packages/batchgenerators/dataloading/multi_threaded_augmenter.py", line 92, in results_loop
    raise RuntimeError("Abort event was set. So someone died and we should end this madness. \nIMPORTANT: "
RuntimeError: Abort event was set. So someone died and we should end this madness. 
IMPORTANT: This is not the actual error message! Look further up to see what caused the error. Please also check whether your RAM was full
Exception in thread Thread-4 (results_loop):
Traceback (most recent call last):
  File "/share/software/system/python/3.10.2/lib/python3.10/threading.py", line 1009, in _bootstrap_inner
    self.run()
Exception in thread Thread-5 (results_loop):
  File "/share/software/system/python/3.10.2/lib/python3.10/threading.py", line 946, in run
Traceback (most recent call last):
  File "/share/software/system/python/3.10.2/lib/python3.10/threading.py", line 1009, in _bootstrap_inner
    self._target(*self._args, **self._kwargs)
  File "/exports/lkeb-hpc/smaijer/venv_environments/pancreasThesis/lib/python3.10/site-packages/batchgenerators/dataloading/multi_threaded_augmenter.py", line 92, in results_loop
    self.run()
  File "/share/software/system/python/3.10.2/lib/python3.10/threading.py", line 946, in run
    self._target(*self._args, **self._kwargs)
  File "/exports/lkeb-hpc/smaijer/venv_environments/pancreasThesis/lib/python3.10/site-packages/batchgenerators/dataloading/multi_threaded_augmenter.py", line 92, in results_loop
    raise RuntimeError("Abort event was set. So someone died and we should end this madness. \nIMPORTANT: "
RuntimeError: Abort event was set. So someone died and we should end this madness. 
IMPORTANT: This is not the actual error message! Look further up to see what caused the error. Please also check whether your RAM was full
    raise RuntimeError("Abort event was set. So someone died and we should end this madness. \nIMPORTANT: "
RuntimeError: Abort event was set. So someone died and we should end this madness. 
IMPORTANT: This is not the actual error message! Look further up to see what caused the error. Please also check whether your RAM was full
Exception in thread Thread-5 (results_loop):
Traceback (most recent call last):
  File "/share/software/system/python/3.10.2/lib/python3.10/threading.py", line 1009, in _bootstrap_inner
Exception in thread Thread-4 (results_loop):
Traceback (most recent call last):
  File "/share/software/system/python/3.10.2/lib/python3.10/threading.py", line 1009, in _bootstrap_inner
    self.run()
  File "/share/software/system/python/3.10.2/lib/python3.10/threading.py", line 946, in run
    self.run()
    self._target(*self._args, **self._kwargs)
  File "/share/software/system/python/3.10.2/lib/python3.10/threading.py", line 946, in run
  File "/exports/lkeb-hpc/smaijer/venv_environments/pancreasThesis/lib/python3.10/site-packages/batchgenerators/dataloading/multi_threaded_augmenter.py", line 92, in results_loop
    self._target(*self._args, **self._kwargs)
  File "/exports/lkeb-hpc/smaijer/venv_environments/pancreasThesis/lib/python3.10/site-packages/batchgenerators/dataloading/multi_threaded_augmenter.py", line 92, in results_loop
    raise RuntimeError("Abort event was set. So someone died and we should end this madness. \nIMPORTANT: "
RuntimeError: Abort event was set. So someone died and we should end this madness. 
IMPORTANT: This is not the actual error message! Look further up to see what caused the error. Please also check whether your RAM was full
    raise RuntimeError("Abort event was set. So someone died and we should end this madness. \nIMPORTANT: "
RuntimeError: Abort event was set. So someone died and we should end this madness. 
IMPORTANT: This is not the actual error message! Look further up to see what caused the error. Please also check whether your RAM was full
Exception in thread Thread-4 (results_loop):
Traceback (most recent call last):
  File "/share/software/system/python/3.10.2/lib/python3.10/threading.py", line 1009, in _bootstrap_inner
Exception in thread Thread-5 (results_loop):
Traceback (most recent call last):
  File "/share/software/system/python/3.10.2/lib/python3.10/threading.py", line 1009, in _bootstrap_inner
    self.run()
  File "/share/software/system/python/3.10.2/lib/python3.10/threading.py", line 946, in run
    self.run()
  File "/share/software/system/python/3.10.2/lib/python3.10/threading.py", line 946, in run
    self._target(*self._args, **self._kwargs)
    self._target(*self._args, **self._kwargs)
  File "/exports/lkeb-hpc/smaijer/venv_environments/pancreasThesis/lib/python3.10/site-packages/batchgenerators/dataloading/multi_threaded_augmenter.py", line 92, in results_loop
  File "/exports/lkeb-hpc/smaijer/venv_environments/pancreasThesis/lib/python3.10/site-packages/batchgenerators/dataloading/multi_threaded_augmenter.py", line 92, in results_loop
    raise RuntimeError("Abort event was set. So someone died and we should end this madness. \nIMPORTANT: "
RuntimeError: Abort event was set. So someone died and we should end this madness. 
IMPORTANT: This is not the actual error message! Look further up to see what caused the error. Please also check whether your RAM was full
    raise RuntimeError("Abort event was set. So someone died and we should end this madness. \nIMPORTANT: "
RuntimeError: Abort event was set. So someone died and we should end this madness. 
IMPORTANT: This is not the actual error message! Look further up to see what caused the error. Please also check whether your RAM was full
Exception in thread Thread-5 (results_loop):
Traceback (most recent call last):
  File "/share/software/system/python/3.10.2/lib/python3.10/threading.py", line 1009, in _bootstrap_inner
    self.run()
  File "/share/software/system/python/3.10.2/lib/python3.10/threading.py", line 946, in run
Exception in thread Thread-4 (results_loop):
Traceback (most recent call last):
  File "/share/software/system/python/3.10.2/lib/python3.10/threading.py", line 1009, in _bootstrap_inner
    self._target(*self._args, **self._kwargs)
  File "/exports/lkeb-hpc/smaijer/venv_environments/pancreasThesis/lib/python3.10/site-packages/batchgenerators/dataloading/multi_threaded_augmenter.py", line 92, in results_loop
    self.run()
  File "/share/software/system/python/3.10.2/lib/python3.10/threading.py", line 946, in run
    self._target(*self._args, **self._kwargs)
  File "/exports/lkeb-hpc/smaijer/venv_environments/pancreasThesis/lib/python3.10/site-packages/batchgenerators/dataloading/multi_threaded_augmenter.py", line 92, in results_loop
    raise RuntimeError("Abort event was set. So someone died and we should end this madness. \nIMPORTANT: "
RuntimeError: Abort event was set. So someone died and we should end this madness. 
IMPORTANT: This is not the actual error message! Look further up to see what caused the error. Please also check whether your RAM was full
    raise RuntimeError("Abort event was set. So someone died and we should end this madness. \nIMPORTANT: "
RuntimeError: Abort event was set. So someone died and we should end this madness. 
IMPORTANT: This is not the actual error message! Look further up to see what caused the error. Please also check whether your RAM was full
/home/smaijer/code/nnUNet/nnunet/evaluation/evaluator.py:381: RuntimeWarning: Mean of empty slice
  all_scores["mean"][label][score] = float(np.nanmean(all_scores["mean"][label][score]))
Exception in thread Thread-5 (results_loop):
Traceback (most recent call last):
  File "/share/software/system/python/3.10.2/lib/python3.10/threading.py", line 1009, in _bootstrap_inner
Exception in thread Thread-4 (results_loop):
Traceback (most recent call last):
  File "/share/software/system/python/3.10.2/lib/python3.10/threading.py", line 1009, in _bootstrap_inner
    self.run()
  File "/share/software/system/python/3.10.2/lib/python3.10/threading.py", line 946, in run
    self.run()
  File "/share/software/system/python/3.10.2/lib/python3.10/threading.py", line 946, in run
    self._target(*self._args, **self._kwargs)
  File "/exports/lkeb-hpc/smaijer/venv_environments/pancreasThesis/lib/python3.10/site-packages/batchgenerators/dataloading/multi_threaded_augmenter.py", line 92, in results_loop
    self._target(*self._args, **self._kwargs)
  File "/exports/lkeb-hpc/smaijer/venv_environments/pancreasThesis/lib/python3.10/site-packages/batchgenerators/dataloading/multi_threaded_augmenter.py", line 92, in results_loop
    raise RuntimeError("Abort event was set. So someone died and we should end this madness. \nIMPORTANT: "
RuntimeError: Abort event was set. So someone died and we should end this madness. 
IMPORTANT: This is not the actual error message! Look further up to see what caused the error. Please also check whether your RAM was full
    raise RuntimeError("Abort event was set. So someone died and we should end this madness. \nIMPORTANT: "
RuntimeError: Abort event was set. So someone died and we should end this madness. 
IMPORTANT: This is not the actual error message! Look further up to see what caused the error. Please also check whether your RAM was full
Exception in thread Thread-4 (results_loop):
Traceback (most recent call last):
  File "/share/software/system/python/3.10.2/lib/python3.10/threading.py", line 1009, in _bootstrap_inner
Exception in thread Thread-5 (results_loop):
Traceback (most recent call last):
  File "/share/software/system/python/3.10.2/lib/python3.10/threading.py", line 1009, in _bootstrap_inner
    self.run()
  File "/share/software/system/python/3.10.2/lib/python3.10/threading.py", line 946, in run
    self.run()
  File "/share/software/system/python/3.10.2/lib/python3.10/threading.py", line 946, in run
    self._target(*self._args, **self._kwargs)
  File "/exports/lkeb-hpc/smaijer/venv_environments/pancreasThesis/lib/python3.10/site-packages/batchgenerators/dataloading/multi_threaded_augmenter.py", line 92, in results_loop
    self._target(*self._args, **self._kwargs)
  File "/exports/lkeb-hpc/smaijer/venv_environments/pancreasThesis/lib/python3.10/site-packages/batchgenerators/dataloading/multi_threaded_augmenter.py", line 92, in results_loop
    raise RuntimeError("Abort event was set. So someone died and we should end this madness. \nIMPORTANT: "
RuntimeError: Abort event was set. So someone died and we should end this madness. 
IMPORTANT: This is not the actual error message! Look further up to see what caused the error. Please also check whether your RAM was full
    raise RuntimeError("Abort event was set. So someone died and we should end this madness. \nIMPORTANT: "
RuntimeError: Abort event was set. So someone died and we should end this madness. 
IMPORTANT: This is not the actual error message! Look further up to see what caused the error. Please also check whether your RAM was full
Exception in thread Thread-4 (results_loop):
Traceback (most recent call last):
  File "/share/software/system/python/3.10.2/lib/python3.10/threading.py", line 1009, in _bootstrap_inner
    self.run()
  File "/share/software/system/python/3.10.2/lib/python3.10/threading.py", line 946, in run
    self._target(*self._args, **self._kwargs)
  File "/exports/lkeb-hpc/smaijer/venv_environments/pancreasThesis/lib/python3.10/site-packages/batchgenerators/dataloading/multi_threaded_augmenter.py", line 92, in results_loop
Exception in thread Thread-5 (results_loop):
Traceback (most recent call last):
  File "/share/software/system/python/3.10.2/lib/python3.10/threading.py", line 1009, in _bootstrap_inner
    self.run()
  File "/share/software/system/python/3.10.2/lib/python3.10/threading.py", line 946, in run
    self._target(*self._args, **self._kwargs)
  File "/exports/lkeb-hpc/smaijer/venv_environments/pancreasThesis/lib/python3.10/site-packages/batchgenerators/dataloading/multi_threaded_augmenter.py", line 92, in results_loop
    raise RuntimeError("Abort event was set. So someone died and we should end this madness. \nIMPORTANT: "
RuntimeError: Abort event was set. So someone died and we should end this madness. 
IMPORTANT: This is not the actual error message! Look further up to see what caused the error. Please also check whether your RAM was full
    raise RuntimeError("Abort event was set. So someone died and we should end this madness. \nIMPORTANT: "
RuntimeError: Abort event was set. So someone died and we should end this madness. 
IMPORTANT: This is not the actual error message! Look further up to see what caused the error. Please also check whether your RAM was full
Exception in thread Thread-5 (results_loop):
Traceback (most recent call last):
  File "/share/software/system/python/3.10.2/lib/python3.10/threading.py", line 1009, in _bootstrap_inner
Exception in thread Thread-4 (results_loop):
Traceback (most recent call last):
  File "/share/software/system/python/3.10.2/lib/python3.10/threading.py", line 1009, in _bootstrap_inner
    self.run()
  File "/share/software/system/python/3.10.2/lib/python3.10/threading.py", line 946, in run
    self.run()
  File "/share/software/system/python/3.10.2/lib/python3.10/threading.py", line 946, in run
    self._target(*self._args, **self._kwargs)
  File "/exports/lkeb-hpc/smaijer/venv_environments/pancreasThesis/lib/python3.10/site-packages/batchgenerators/dataloading/multi_threaded_augmenter.py", line 92, in results_loop
    self._target(*self._args, **self._kwargs)
  File "/exports/lkeb-hpc/smaijer/venv_environments/pancreasThesis/lib/python3.10/site-packages/batchgenerators/dataloading/multi_threaded_augmenter.py", line 92, in results_loop
    raise RuntimeError("Abort event was set. So someone died and we should end this madness. \nIMPORTANT: "
RuntimeError: Abort event was set. So someone died and we should end this madness. 
IMPORTANT: This is not the actual error message! Look further up to see what caused the error. Please also check whether your RAM was full
    raise RuntimeError("Abort event was set. So someone died and we should end this madness. \nIMPORTANT: "
RuntimeError: Abort event was set. So someone died and we should end this madness. 
IMPORTANT: This is not the actual error message! Look further up to see what caused the error. Please also check whether your RAM was full
OrderedDict([('all', [OrderedDict([('1', OrderedDict([('Accuracy', 0.9997140274566858), ('Dice', 0.9368227942441094), ('False Discovery Rate', 0.09461121638243408), ('False Negative Rate', 0.029481986529986792), ('False Omission Rate', 6.455988664303546e-05), ('False Positive Rate', 0.00022204895110478073), ('Jaccard', 0.881153949851712), ('Negative Predictive Value', 0.999935440113357), ('Precision', 0.9053887836175659), ('Recall', 0.9705180134700132), ('Total Positives Reference', 84187), ('Total Positives Test', 90243), ('True Negative Rate', 0.9997779510488952)])), ('test', '/exports/lkeb-hpc/smaijer/output/526/3d_fullres/nnUNetTrainerV2_Loss_DC_CE_weight01/526/imagesTr/panc_0001.nii.gz'), ('reference', '/exports/lkeb-hpc/smaijer/data/nnUNet_raw_data_base/nnUNet_raw_data/Task526/labelsTr/panc_0001.nii.gz')]), OrderedDict([('1', OrderedDict([('Accuracy', 0.9998638509846419), ('Dice', 0.9384697433862106), ('False Discovery Rate', 0.08759194501386713), ('False Negative Rate', 0.03393595832694962), ('False Omission Rate', 3.6514448855332476e-05), ('False Positive Rate', 9.978336131133414e-05), ('Jaccard', 0.8840725335327382), ('Negative Predictive Value', 0.9999634855511447), ('Precision', 0.9124080549861329), ('Recall', 0.9660640416730504), ('Total Positives Reference', 39162), ('Total Positives Test', 41465), ('True Negative Rate', 0.9999002166386887)])), ('test', '/exports/lkeb-hpc/smaijer/output/526/3d_fullres/nnUNetTrainerV2_Loss_DC_CE_weight01/526/imagesTr/panc_0002.nii.gz'), ('reference', '/exports/lkeb-hpc/smaijer/data/nnUNet_raw_data_base/nnUNet_raw_data/Task526/labelsTr/panc_0002.nii.gz')]), OrderedDict([('1', OrderedDict([('Accuracy', 0.9998901829575048), ('Dice', 0.9229854618170027), ('False Discovery Rate', 0.11807689328410231), ('False Negative Rate', 0.03194172831108466), ('False Omission Rate', 2.1729161979488482e-05), ('False Positive Rate', 8.81640249559279e-05), ('Jaccard', 0.856985146527499), ('Negative Predictive Value', 0.9999782708380205), ('Precision', 0.8819231067158977), ('Recall', 0.9680582716889153), ('Total Positives Reference', 35283), ('Total Positives Test', 38729), ('True Negative Rate', 0.9999118359750441)])), ('test', '/exports/lkeb-hpc/smaijer/output/526/3d_fullres/nnUNetTrainerV2_Loss_DC_CE_weight01/526/imagesTr/panc_0003.nii.gz'), ('reference', '/exports/lkeb-hpc/smaijer/data/nnUNet_raw_data_base/nnUNet_raw_data/Task526/labelsTr/panc_0003.nii.gz')]), OrderedDict([('1', OrderedDict([('Accuracy', 0.9997592108590262), ('Dice', 0.9319199094011694), ('False Discovery Rate', 0.10227981120313479), ('False Negative Rate', 0.031171410722580895), ('False Omission Rate', 5.31218127935997e-05), ('False Positive Rate', 0.00018808479160459246), ('Jaccard', 0.8725187536064628), ('Negative Predictive Value', 0.9999468781872064), ('Precision', 0.8977201887968652), ('Recall', 0.9688285892774191), ('Total Positives Reference', 62429), ('Total Positives Test', 67374), ('True Negative Rate', 0.9998119152083954)])), ('test', '/exports/lkeb-hpc/smaijer/output/526/3d_fullres/nnUNetTrainerV2_Loss_DC_CE_weight01/526/imagesTr/panc_0004.nii.gz'), ('reference', '/exports/lkeb-hpc/smaijer/data/nnUNet_raw_data_base/nnUNet_raw_data/Task526/labelsTr/panc_0004.nii.gz')]), OrderedDict([('1', OrderedDict([('Accuracy', 0.9997202555338541), ('Dice', 0.9136838292992093), ('False Discovery Rate', 0.12667794915189046), ('False Negative Rate', 0.042042865580963595), ('False Omission Rate', 6.509062228006603e-05), ('False Positive Rate', 0.00021509664295105146), ('Jaccard', 0.8410846252153137), ('Negative Predictive Value', 0.9999349093777199), ('Precision', 0.8733220508481095), ('Recall', 0.9579571344190364), ('Total Positives Reference', 47404), ('Total Positives Test', 51998), ('True Negative Rate', 0.999784903357049)])), ('test', '/exports/lkeb-hpc/smaijer/output/526/3d_fullres/nnUNetTrainerV2_Loss_DC_CE_weight01/526/imagesTr/panc_0005.nii.gz'), ('reference', '/exports/lkeb-hpc/smaijer/data/nnUNet_raw_data_base/nnUNet_raw_data/Task526/labelsTr/panc_0005.nii.gz')]), OrderedDict([('1', OrderedDict([('Accuracy', 0.9998973308165381), ('Dice', 0.9150184995060341), ('False Discovery Rate', 0.12011027494225468), ('False Negative Rate', 0.04693111658125182), ('False Omission Rate', 2.7234856494787322e-05), ('False Positive Rate', 7.549521901473177e-05), ('Jaccard', 0.8433494018925192), ('Negative Predictive Value', 0.9999727651435052), ('Precision', 0.8798897250577453), ('Recall', 0.9530688834187482), ('Total Positives Reference', 24781), ('Total Positives Test', 26842), ('True Negative Rate', 0.9999245047809853)])), ('test', '/exports/lkeb-hpc/smaijer/output/526/3d_fullres/nnUNetTrainerV2_Loss_DC_CE_weight01/526/imagesTr/panc_0007.nii.gz'), ('reference', '/exports/lkeb-hpc/smaijer/data/nnUNet_raw_data_base/nnUNet_raw_data/Task526/labelsTr/panc_0007.nii.gz')]), OrderedDict([('1', OrderedDict([('Accuracy', 0.9998052456234926), ('Dice', 0.902398029227986), ('False Discovery Rate', 0.14641487450847124), ('False Negative Rate', 0.04286764105495222), ('False Omission Rate', 4.036571801847227e-05), ('False Positive Rate', 0.00015457663568518853), ('Jaccard', 0.8221541626727141), ('Negative Predictive Value', 0.9999596342819815), ('Precision', 0.8535851254915288), ('Recall', 0.9571323589450478), ('Total Positives Reference', 36741), ('Total Positives Test', 41198), ('True Negative Rate', 0.9998454233643148)])), ('test', '/exports/lkeb-hpc/smaijer/output/526/3d_fullres/nnUNetTrainerV2_Loss_DC_CE_weight01/526/imagesTr/panc_0009.nii.gz'), ('reference', '/exports/lkeb-hpc/smaijer/data/nnUNet_raw_data_base/nnUNet_raw_data/Task526/labelsTr/panc_0009.nii.gz')]), OrderedDict([('1', OrderedDict([('Accuracy', 0.9997809899819864), ('Dice', 0.8996966227143414), ('False Discovery Rate', 0.14960278496831203), ('False Negative Rate', 0.044936217137415135), ('False Omission Rate', 4.626798271079285e-05), ('False Positive Rate', 0.00017297337017685432), ('Jaccard', 0.8176805063834353), ('Negative Predictive Value', 0.9999537320172892), ('Precision', 0.850397215031688), ('Recall', 0.9550637828625849), ('Total Positives Reference', 39901), ('Total Positives Test', 44812), ('True Negative Rate', 0.9998270266298231)])), ('test', '/exports/lkeb-hpc/smaijer/output/526/3d_fullres/nnUNetTrainerV2_Loss_DC_CE_weight01/526/imagesTr/panc_0010.nii.gz'), ('reference', '/exports/lkeb-hpc/smaijer/data/nnUNet_raw_data_base/nnUNet_raw_data/Task526/labelsTr/panc_0010.nii.gz')]), OrderedDict([('1', OrderedDict([('Accuracy', 0.9997797079019614), ('Dice', 0.9138517390306495), ('False Discovery Rate', 0.13231244676003884), ('False Negative Rate', 0.03479583067057446), ('False Omission Rate', 4.217852425010043e-05), ('False Positive Rate', 0.000178386314567347), ('Jaccard', 0.8413692419993085), ('Negative Predictive Value', 0.9999578214757499), ('Precision', 0.8676875532399612), ('Recall', 0.9652041693294255), ('Total Positives Reference', 45379), ('Total Positives Test', 50479), ('True Negative Rate', 0.9998216136854327)])), ('test', '/exports/lkeb-hpc/smaijer/output/526/3d_fullres/nnUNetTrainerV2_Loss_DC_CE_weight01/526/imagesTr/panc_0021.nii.gz'), ('reference', '/exports/lkeb-hpc/smaijer/data/nnUNet_raw_data_base/nnUNet_raw_data/Task526/labelsTr/panc_0021.nii.gz')]), OrderedDict([('1', OrderedDict([('Accuracy', 0.9998536270655943), ('Dice', 0.9463766978095313), ('False Discovery Rate', 0.08565446932459497), ('False Negative Rate', 0.019266443193282745), ('False Omission Rate', 2.541006130263134e-05), ('False Positive Rate', 0.00012115833548964616), ('Jaccard', 0.8982116244411327), ('Negative Predictive Value', 0.9999745899386974), ('Precision', 0.914345530675405), ('Recall', 0.9807335568067173), ('Total Positives Reference', 30727), ('Total Positives Test', 32958), ('True Negative Rate', 0.9998788416645104)])), ('test', '/exports/lkeb-hpc/smaijer/output/526/3d_fullres/nnUNetTrainerV2_Loss_DC_CE_weight01/526/imagesTr/panc_0022.nii.gz'), ('reference', '/exports/lkeb-hpc/smaijer/data/nnUNet_raw_data_base/nnUNet_raw_data/Task526/labelsTr/panc_0022.nii.gz')]), OrderedDict([('1', OrderedDict([('Accuracy', 0.9998457431793213), ('Dice', 0.9174744897959184), ('False Discovery Rate', 0.12886036090589803), ('False Negative Rate', 0.030984777044321676), ('False Omission Rate', 2.7445151163716173e-05), ('False Positive Rate', 0.00012695102184234752), ('Jaccard', 0.8475315187934488), ('Negative Predictive Value', 0.9999725548488363), ('Precision', 0.871139639094102), ('Recall', 0.9690152229556783), ('Total Positives Reference', 22269), ('Total Positives Test', 24771), ('True Negative Rate', 0.9998730489781577)])), ('test', '/exports/lkeb-hpc/smaijer/output/526/3d_fullres/nnUNetTrainerV2_Loss_DC_CE_weight01/526/imagesTr/panc_0023.nii.gz'), ('reference', '/exports/lkeb-hpc/smaijer/data/nnUNet_raw_data_base/nnUNet_raw_data/Task526/labelsTr/panc_0023.nii.gz')]), OrderedDict([('1', OrderedDict([('Accuracy', 0.9998209861017042), ('Dice', 0.9398111275457959), ('False Discovery Rate', 0.08676074458247895), ('False Negative Rate', 0.03202437517311918), ('False Omission Rate', 4.630869195353356e-05), ('False Positive Rate', 0.00013296805935303357), ('Jaccard', 0.8864563210989482), ('Negative Predictive Value', 0.9999536913080465), ('Precision', 0.913239255417521), ('Recall', 0.9679756248268808), ('Total Positives Reference', 46933), ('Total Positives Test', 49746), ('True Negative Rate', 0.999867031940647)])), ('test', '/exports/lkeb-hpc/smaijer/output/526/3d_fullres/nnUNetTrainerV2_Loss_DC_CE_weight01/526/imagesTr/panc_0024.nii.gz'), ('reference', '/exports/lkeb-hpc/smaijer/data/nnUNet_raw_data_base/nnUNet_raw_data/Task526/labelsTr/panc_0024.nii.gz')]), OrderedDict([('1', OrderedDict([('Accuracy', 0.9998449437758502), ('Dice', 0.929545871653174), ('False Discovery Rate', 0.10703651465287567), ('False Negative Rate', 0.0307463321284287), ('False Omission Rate', 3.2484576790214694e-05), ('False Positive Rate', 0.00012273838685727956), ('Jaccard', 0.8683659084847792), ('Negative Predictive Value', 0.9999675154232098), ('Precision', 0.8929634853471243), ('Recall', 0.9692536678715713), ('Total Positives Reference', 23515), ('Total Positives Test', 25524), ('True Negative Rate', 0.9998772616131427)])), ('test', '/exports/lkeb-hpc/smaijer/output/526/3d_fullres/nnUNetTrainerV2_Loss_DC_CE_weight01/526/imagesTr/panc_0025.nii.gz'), ('reference', '/exports/lkeb-hpc/smaijer/data/nnUNet_raw_data_base/nnUNet_raw_data/Task526/labelsTr/panc_0025.nii.gz')]), OrderedDict([('1', OrderedDict([('Accuracy', 0.9998696596567868), ('Dice', 0.9081921483365467), ('False Discovery Rate', 0.1386608567093336), ('False Negative Rate', 0.03956444405882609), ('False Omission Rate', 2.6577173862013938e-05), ('False Positive Rate', 0.0001038527717369675), ('Jaccard', 0.8318241593086605), ('Negative Predictive Value', 0.999973422826138), ('Precision', 0.8613391432906664), ('Recall', 0.9604355559411739), ('Total Positives Reference', 23051), ('Total Positives Test', 25703), ('True Negative Rate', 0.999896147228263)])), ('test', '/exports/lkeb-hpc/smaijer/output/526/3d_fullres/nnUNetTrainerV2_Loss_DC_CE_weight01/526/imagesTr/panc_0026.nii.gz'), ('reference', '/exports/lkeb-hpc/smaijer/data/nnUNet_raw_data_base/nnUNet_raw_data/Task526/labelsTr/panc_0026.nii.gz')]), OrderedDict([('1', OrderedDict([('Accuracy', 0.99981858513572), ('Dice', 0.9186952382802634), ('False Discovery Rate', 0.11956805064233844), ('False Negative Rate', 0.039564546266959155), ('False Omission Rate', 4.227097194635302e-05), ('False Positive Rate', 0.00013934180157715303), ('Jaccard', 0.8496173056883107), ('Negative Predictive Value', 0.9999577290280537), ('Precision', 0.8804319493576616), ('Recall', 0.9604354537330408), ('Total Positives Reference', 24618), ('Total Positives Test', 26855), ('True Negative Rate', 0.9998606581984228)])), ('test', '/exports/lkeb-hpc/smaijer/output/526/3d_fullres/nnUNetTrainerV2_Loss_DC_CE_weight01/526/imagesTr/panc_0027.nii.gz'), ('reference', '/exports/lkeb-hpc/smaijer/data/nnUNet_raw_data_base/nnUNet_raw_data/Task526/labelsTr/panc_0027.nii.gz')]), OrderedDict([('1', OrderedDict([('Accuracy', 0.9998857305290993), ('Dice', 0.9326257265605257), ('False Discovery Rate', 0.10717569071466593), ('False Negative Rate', 0.023858646775644088), ('False Omission Rate', 1.9347795674750943e-05), ('False Positive Rate', 9.501579728787846e-05), ('Jaccard', 0.873756984562932), ('Negative Predictive Value', 0.9999806522043253), ('Precision', 0.8928243092853341), ('Recall', 0.9761413532243559), ('Total Positives Reference', 18903), ('Total Positives Test', 20667), ('True Negative Rate', 0.9999049842027121)])), ('test', '/exports/lkeb-hpc/smaijer/output/526/3d_fullres/nnUNetTrainerV2_Loss_DC_CE_weight01/526/imagesTr/panc_0028.nii.gz'), ('reference', '/exports/lkeb-hpc/smaijer/data/nnUNet_raw_data_base/nnUNet_raw_data/Task526/labelsTr/panc_0028.nii.gz')]), OrderedDict([('1', OrderedDict([('Accuracy', 0.9997739791870117), ('Dice', 0.9353229486185856), ('False Discovery Rate', 0.09407709712207402), ('False Negative Rate', 0.033304752019495454), ('False Omission Rate', 5.6406689787549706e-05), ('False Positive Rate', 0.0001700032884879299), ('Jaccard', 0.8785039063301002), ('Negative Predictive Value', 0.9999435933102124), ('Precision', 0.905922902877926), ('Recall', 0.9666952479805045), ('Total Positives Reference', 44318), ('Total Positives Test', 47291), ('True Negative Rate', 0.9998299967115121)])), ('test', '/exports/lkeb-hpc/smaijer/output/526/3d_fullres/nnUNetTrainerV2_Loss_DC_CE_weight01/526/imagesTr/panc_0029.nii.gz'), ('reference', '/exports/lkeb-hpc/smaijer/data/nnUNet_raw_data_base/nnUNet_raw_data/Task526/labelsTr/panc_0029.nii.gz')]), OrderedDict([('1', OrderedDict([('Accuracy', 0.999826069750817), ('Dice', 0.9351745158532506), ('False Discovery Rate', 0.09843761198308609), ('False Negative Rate', 0.028610038610038635), ('False Omission Rate', 3.700169428810688e-05), ('False Positive Rate', 0.00013715718443008118), ('Jaccard', 0.8782420497783363), ('Negative Predictive Value', 0.9999629983057119), ('Precision', 0.9015623880169139), ('Recall', 0.9713899613899614), ('Total Positives Reference', 51800), ('Total Positives Test', 55812), ('True Negative Rate', 0.9998628428155699)])), ('test', '/exports/lkeb-hpc/smaijer/output/526/3d_fullres/nnUNetTrainerV2_Loss_DC_CE_weight01/526/imagesTr/panc_0030.nii.gz'), ('reference', '/exports/lkeb-hpc/smaijer/data/nnUNet_raw_data_base/nnUNet_raw_data/Task526/labelsTr/panc_0030.nii.gz')]), OrderedDict([('1', OrderedDict([('Accuracy', 0.9997818649456065), ('Dice', 0.9298527937529679), ('False Discovery Rate', 0.10615474348895593), ('False Negative Rate', 0.031116853129552813), ('False Omission Rate', 4.650788442166234e-05), ('False Positive Rate', 0.00017195899291511108), ('Jaccard', 0.8689017626032294), ('Negative Predictive Value', 0.9999534921155784), ('Precision', 0.8938452565110441), ('Recall', 0.9688831468704472), ('Total Positives Reference', 36379), ('Total Positives Test', 39433), ('True Negative Rate', 0.9998280410070849)])), ('test', '/exports/lkeb-hpc/smaijer/output/526/3d_fullres/nnUNetTrainerV2_Loss_DC_CE_weight01/526/imagesTr/panc_0031.nii.gz'), ('reference', '/exports/lkeb-hpc/smaijer/data/nnUNet_raw_data_base/nnUNet_raw_data/Task526/labelsTr/panc_0031.nii.gz')]), OrderedDict([('1', OrderedDict([('Accuracy', 0.9997836483849419), ('Dice', 0.9270901218586797), ('False Discovery Rate', 0.10909028516523112), ('False Negative Rate', 0.03366646195075651), ('False Omission Rate', 4.799623798641428e-05), ('False Positive Rate', 0.00016866957140182492), ('Jaccard', 0.8640894643124595), ('Negative Predictive Value', 0.9999520037620135), ('Precision', 0.8909097148347689), ('Recall', 0.9663335380492435), ('Total Positives Reference', 53733), ('Total Positives Test', 58282), ('True Negative Rate', 0.9998313304285982)])), ('test', '/exports/lkeb-hpc/smaijer/output/526/3d_fullres/nnUNetTrainerV2_Loss_DC_CE_weight01/526/imagesTr/panc_0032.nii.gz'), ('reference', '/exports/lkeb-hpc/smaijer/data/nnUNet_raw_data_base/nnUNet_raw_data/Task526/labelsTr/panc_0032.nii.gz')]), OrderedDict([('1', OrderedDict([('Accuracy', 0.9998164176940918), ('Dice', 0.9310197499896633), ('False Discovery Rate', 0.10043412256638351), ('False Negative Rate', 0.03524707226506707), ('False Omission Rate', 4.532527292774707e-05), ('False Positive Rate', 0.0001384973082455554), ('Jaccard', 0.8709419561125293), ('Negative Predictive Value', 0.9999546747270722), ('Precision', 0.8995658774336165), ('Recall', 0.9647529277349329), ('Total Positives Reference', 35010), ('Total Positives Test', 37547), ('True Negative Rate', 0.9998615026917544)])), ('test', '/exports/lkeb-hpc/smaijer/output/526/3d_fullres/nnUNetTrainerV2_Loss_DC_CE_weight01/526/imagesTr/panc_0033.nii.gz'), ('reference', '/exports/lkeb-hpc/smaijer/data/nnUNet_raw_data_base/nnUNet_raw_data/Task526/labelsTr/panc_0033.nii.gz')]), OrderedDict([('1', OrderedDict([('Accuracy', 0.9998010129344707), ('Dice', 0.9393032699294721), ('False Discovery Rate', 0.10397553516819569), ('False Negative Rate', 0.01302492701549518), ('False Omission Rate', 2.0354077504661843e-05), ('False Positive Rate', 0.00017894712424371129), ('Jaccard', 0.8855530928873665), ('Negative Predictive Value', 0.9999796459224953), ('Precision', 0.8960244648318043), ('Recall', 0.9869750729845048), ('Total Positives Reference', 40077), ('Total Positives Test', 44145), ('True Negative Rate', 0.9998210528757563)])), ('test', '/exports/lkeb-hpc/smaijer/output/526/3d_fullres/nnUNetTrainerV2_Loss_DC_CE_weight01/526/imagesTr/panc_0034.nii.gz'), ('reference', '/exports/lkeb-hpc/smaijer/data/nnUNet_raw_data_base/nnUNet_raw_data/Task526/labelsTr/panc_0034.nii.gz')]), OrderedDict([('1', OrderedDict([('Accuracy', 0.9998947226482889), ('Dice', 0.9157849348237089), ('False Discovery Rate', 0.12532471646708487), ('False Negative Rate', 0.03905053598774888), ('False Omission Rate', 2.3276593352312815e-05), ('False Positive Rate', 8.206487506345894e-05), ('Jaccard', 0.844652471855115), ('Negative Predictive Value', 0.9999767234066477), ('Precision', 0.8746752835329151), ('Recall', 0.9609494640122511), ('Total Positives Reference', 28732), ('Total Positives Test', 31566), ('True Negative Rate', 0.9999179351249365)])), ('test', '/exports/lkeb-hpc/smaijer/output/526/3d_fullres/nnUNetTrainerV2_Loss_DC_CE_weight01/526/imagesTr/panc_0036.nii.gz'), ('reference', '/exports/lkeb-hpc/smaijer/data/nnUNet_raw_data_base/nnUNet_raw_data/Task526/labelsTr/panc_0036.nii.gz')]), OrderedDict([('1', OrderedDict([('Accuracy', 0.999838857939749), ('Dice', 0.9561442144340275), ('False Discovery Rate', 0.07067577209254916), ('False Negative Rate', 0.01544176403256814), ('False Omission Rate', 2.760276616005875e-05), ('False Positive Rate', 0.0001338302435737182), ('Jaccard', 0.9159734779987945), ('Negative Predictive Value', 0.9999723972338399), ('Precision', 0.9293242279074508), ('Recall', 0.9845582359674319), ('Total Positives Reference', 46303), ('Total Positives Test', 49055), ('True Negative Rate', 0.9998661697564263)])), ('test', '/exports/lkeb-hpc/smaijer/output/526/3d_fullres/nnUNetTrainerV2_Loss_DC_CE_weight01/526/imagesTr/panc_0037.nii.gz'), ('reference', '/exports/lkeb-hpc/smaijer/data/nnUNet_raw_data_base/nnUNet_raw_data/Task526/labelsTr/panc_0037.nii.gz')]), OrderedDict([('1', OrderedDict([('Accuracy', 0.9998266983032227), ('Dice', 0.9242669245003085), ('False Discovery Rate', 0.111929779600205), ('False Negative Rate', 0.03646032463244242), ('False Omission Rate', 4.006388222303292e-05), ('False Positive Rate', 0.00013343196758797138), ('Jaccard', 0.8591972725863939), ('Negative Predictive Value', 0.999959936117777), ('Precision', 0.888070220399795), ('Recall', 0.9635396753675576), ('Total Positives Reference', 28771), ('Total Positives Test', 31216), ('True Negative Rate', 0.999866568032412)])), ('test', '/exports/lkeb-hpc/smaijer/output/526/3d_fullres/nnUNetTrainerV2_Loss_DC_CE_weight01/526/imagesTr/panc_0038.nii.gz'), ('reference', '/exports/lkeb-hpc/smaijer/data/nnUNet_raw_data_base/nnUNet_raw_data/Task526/labelsTr/panc_0038.nii.gz')]), OrderedDict([('1', OrderedDict([('Accuracy', 0.9998856568947817), ('Dice', 0.9469663288359812), ('False Discovery Rate', 0.07998801149486079), ('False Negative Rate', 0.024452254542735363), ('False Omission Rate', 2.561623947376724e-05), ('False Positive Rate', 8.884826408472879e-05), ('Jaccard', 0.8992745006806941), ('Negative Predictive Value', 0.9999743837605263), ('Precision', 0.9200119885051392), ('Recall', 0.9755477454572646), ('Total Positives Reference', 53492), ('Total Positives Test', 56721), ('True Negative Rate', 0.9999111517359153)])), ('test', '/exports/lkeb-hpc/smaijer/output/526/3d_fullres/nnUNetTrainerV2_Loss_DC_CE_weight01/526/imagesTr/panc_0040.nii.gz'), ('reference', '/exports/lkeb-hpc/smaijer/data/nnUNet_raw_data_base/nnUNet_raw_data/Task526/labelsTr/panc_0040.nii.gz')])]), ('mean', OrderedDict([('1', OrderedDict([('Accuracy', 0.999822269470875), ('Dice', 0.9272497588925043), ('False Discovery Rate', 0.10967240611135834), ('False Negative Rate', 0.03248035783624005), ('False Omission Rate', 3.796379903246933e-05), ('False Positive Rate', 0.00014000170405962327), ('Jaccard', 0.8646716192001895), ('Negative Predictive Value', 0.9999620362009676), ('Precision', 0.8903275938886416), ('Recall', 0.96751964216376), ('Total Positives Reference', 39380.692307692305), ('Total Positives Test', 42708.92307692308), ('True Negative Rate', 0.9998599982959404)]))]))])
OrderedDict([('all', [OrderedDict([('1', OrderedDict([('Accuracy', 0.999468271968929), ('Dice', 0.7853936017676233), ('False Discovery Rate', 0.28635198633062797), ('False Negative Rate', 0.12682276694715933), ('False Omission Rate', 0.00014151145312579641), ('False Positive Rate', 0.0003908450316212342), ('Jaccard', 0.6466239622239854), ('Negative Predictive Value', 0.9998584885468742), ('Precision', 0.713648013669372), ('Recall', 0.8731772330528407), ('Total Positives Reference', 38266), ('Total Positives Test', 46820), ('True Negative Rate', 0.9996091549683788)])), ('test', '/exports/lkeb-hpc/smaijer/output/526/3d_fullres/nnUNetTrainerV2_Loss_DC_CE_weight01/526/imagesTs/panc_0006.nii.gz'), ('reference', '/exports/lkeb-hpc/smaijer/data/nnUNet_raw_data_base/nnUNet_raw_data/Task526/labelsTs/panc_0006.nii.gz')]), OrderedDict([('1', OrderedDict([('Accuracy', 0.9997138719300966), ('Dice', 0.898823357850509), ('False Discovery Rate', 0.12206890412178406), ('False Negative Rate', 0.07926578780296523), ('False Omission Rate', 0.00010957342073532309), ('False Positive Rate', 0.0001769575372632115), ('Jaccard', 0.816239033272637), ('Negative Predictive Value', 0.9998904265792646), ('Precision', 0.8779310958782159), ('Recall', 0.9207342121970348), ('Total Positives Reference', 53554), ('Total Positives Test', 56165), ('True Negative Rate', 0.9998230424627368)])), ('test', '/exports/lkeb-hpc/smaijer/output/526/3d_fullres/nnUNetTrainerV2_Loss_DC_CE_weight01/526/imagesTs/panc_0008.nii.gz'), ('reference', '/exports/lkeb-hpc/smaijer/data/nnUNet_raw_data_base/nnUNet_raw_data/Task526/labelsTs/panc_0008.nii.gz')]), OrderedDict([('1', OrderedDict([('Accuracy', 0.9997607292012965), ('Dice', 0.8566147859922179), ('False Discovery Rate', 0.16101371951219512), ('False Negative Rate', 0.125), ('False Omission Rate', 0.00010219108074947491), ('False Positive Rate', 0.00013727890785120156), ('Jaccard', 0.7491917645057002), ('Negative Predictive Value', 0.9998978089192505), ('Precision', 0.8389862804878049), ('Recall', 0.875), ('Total Positives Reference', 20128), ('Total Positives Test', 20992), ('True Negative Rate', 0.9998627210921488)])), ('test', '/exports/lkeb-hpc/smaijer/output/526/3d_fullres/nnUNetTrainerV2_Loss_DC_CE_weight01/526/imagesTs/panc_0035.nii.gz'), ('reference', '/exports/lkeb-hpc/smaijer/data/nnUNet_raw_data_base/nnUNet_raw_data/Task526/labelsTs/panc_0035.nii.gz')]), OrderedDict([('1', OrderedDict([('Accuracy', 0.9997846815321181), ('Dice', 0.872323313561878), ('False Discovery Rate', 0.09774357907871478), ('False Negative Rate', 0.15568745742921086), ('False Omission Rate', 0.00013574434520872942), ('False Positive Rate', 7.975426861395185e-05), ('Jaccard', 0.7735579923330659), ('Negative Predictive Value', 0.9998642556547913), ('Precision', 0.9022564209212852), ('Recall', 0.8443125425707891), ('Total Positives Reference', 20554), ('Total Positives Test', 19234), ('True Negative Rate', 0.999920245731386)])), ('test', '/exports/lkeb-hpc/smaijer/output/526/3d_fullres/nnUNetTrainerV2_Loss_DC_CE_weight01/526/imagesTs/panc_0039.nii.gz'), ('reference', '/exports/lkeb-hpc/smaijer/data/nnUNet_raw_data_base/nnUNet_raw_data/Task526/labelsTs/panc_0039.nii.gz')])]), ('mean', OrderedDict([('1', OrderedDict([('Accuracy', 0.99968188865811), ('Dice', 0.853288764793057), ('False Discovery Rate', 0.16679454726083048), ('False Negative Rate', 0.12169400304483385), ('False Omission Rate', 0.00012225507495483096), ('False Positive Rate', 0.00019620893633739978), ('Jaccard', 0.7464031880838471), ('Negative Predictive Value', 0.9998777449250451), ('Precision', 0.8332054527391696), ('Recall', 0.8783059969551662), ('Total Positives Reference', 33125.5), ('Total Positives Test', 35802.75), ('True Negative Rate', 0.9998037910636626)]))]))])
