
Currently Loaded Modules:
  1) system/python/3.10.2

 

/var/spool/slurmd/job11062598/slurm_script: line 39: conda: command not found
  Running command git clone -q https://github.com/FabianIsensee/hiddenlayer.git /tmp/pip-install-4irxtx_w/hiddenlayer_75dbcc6134fd4c5f8a25eec0e0237a19
  Running command git checkout -b more_plotted_details --track origin/more_plotted_details
  Switched to a new branch 'more_plotted_details'
  Branch 'more_plotted_details' set up to track remote branch 'more_plotted_details' from 'origin'.
WARNING: You are using pip version 21.2.4; however, version 22.2 is available.
You should consider upgrading via the '/exports/lkeb-hpc/smaijer/venv_environments/pancreasThesis/bin/python -m pip install --upgrade pip' command.
WARNING: Target directory /exports/lkeb-hpc/smaijer/venv_environments/pancreasThesis/target/Pillow-9.2.0.dist-info already exists. Specify --upgrade to force replacement.
WARNING: Target directory /exports/lkeb-hpc/smaijer/venv_environments/pancreasThesis/target/scipy already exists. Specify --upgrade to force replacement.
WARNING: Target directory /exports/lkeb-hpc/smaijer/venv_environments/pancreasThesis/target/cycler.py already exists. Specify --upgrade to force replacement.
WARNING: Target directory /exports/lkeb-hpc/smaijer/venv_environments/pancreasThesis/target/dicom2nifti-2.4.3.dist-info already exists. Specify --upgrade to force replacement.
WARNING: Target directory /exports/lkeb-hpc/smaijer/venv_environments/pancreasThesis/target/backcall already exists. Specify --upgrade to force replacement.
WARNING: Target directory /exports/lkeb-hpc/smaijer/venv_environments/pancreasThesis/target/tifffile already exists. Specify --upgrade to force replacement.
WARNING: Target directory /exports/lkeb-hpc/smaijer/venv_environments/pancreasThesis/target/executing already exists. Specify --upgrade to force replacement.
WARNING: Target directory /exports/lkeb-hpc/smaijer/venv_environments/pancreasThesis/target/networkx already exists. Specify --upgrade to force replacement.
WARNING: Target directory /exports/lkeb-hpc/smaijer/venv_environments/pancreasThesis/target/argparse.py already exists. Specify --upgrade to force replacement.
WARNING: Target directory /exports/lkeb-hpc/smaijer/venv_environments/pancreasThesis/target/six.py already exists. Specify --upgrade to force replacement.
WARNING: Target directory /exports/lkeb-hpc/smaijer/venv_environments/pancreasThesis/target/nibabel-4.0.1.dist-info already exists. Specify --upgrade to force replacement.
WARNING: Target directory /exports/lkeb-hpc/smaijer/venv_environments/pancreasThesis/target/charset_normalizer already exists. Specify --upgrade to force replacement.
WARNING: Target directory /exports/lkeb-hpc/smaijer/venv_environments/pancreasThesis/target/unittest2 already exists. Specify --upgrade to force replacement.
WARNING: Target directory /exports/lkeb-hpc/smaijer/venv_environments/pancreasThesis/target/decorator.py already exists. Specify --upgrade to force replacement.
WARNING: Target directory /exports/lkeb-hpc/smaijer/venv_environments/pancreasThesis/target/joblib-1.1.0.dist-info already exists. Specify --upgrade to force replacement.
WARNING: Target directory /exports/lkeb-hpc/smaijer/venv_environments/pancreasThesis/target/kiwisolver-1.4.4.dist-info already exists. Specify --upgrade to force replacement.
WARNING: Target directory /exports/lkeb-hpc/smaijer/venv_environments/pancreasThesis/target/setuptools already exists. Specify --upgrade to force replacement.
WARNING: Target directory /exports/lkeb-hpc/smaijer/venv_environments/pancreasThesis/target/future-0.18.2.dist-info already exists. Specify --upgrade to force replacement.
WARNING: Target directory /exports/lkeb-hpc/smaijer/venv_environments/pancreasThesis/target/caffe2 already exists. Specify --upgrade to force replacement.
WARNING: Target directory /exports/lkeb-hpc/smaijer/venv_environments/pancreasThesis/target/pylab.py already exists. Specify --upgrade to force replacement.
WARNING: Target directory /exports/lkeb-hpc/smaijer/venv_environments/pancreasThesis/target/kiwisolver already exists. Specify --upgrade to force replacement.
WARNING: Target directory /exports/lkeb-hpc/smaijer/venv_environments/pancreasThesis/target/jedi-0.18.1.dist-info already exists. Specify --upgrade to force replacement.
WARNING: Target directory /exports/lkeb-hpc/smaijer/venv_environments/pancreasThesis/target/requests already exists. Specify --upgrade to force replacement.
WARNING: Target directory /exports/lkeb-hpc/smaijer/venv_environments/pancreasThesis/target/SimpleITK already exists. Specify --upgrade to force replacement.
WARNING: Target directory /exports/lkeb-hpc/smaijer/venv_environments/pancreasThesis/target/tqdm already exists. Specify --upgrade to force replacement.
WARNING: Target directory /exports/lkeb-hpc/smaijer/venv_environments/pancreasThesis/target/stack_data-0.3.0.dist-info already exists. Specify --upgrade to force replacement.
WARNING: Target directory /exports/lkeb-hpc/smaijer/venv_environments/pancreasThesis/target/pure_eval-0.2.2.dist-info already exists. Specify --upgrade to force replacement.
WARNING: Target directory /exports/lkeb-hpc/smaijer/venv_environments/pancreasThesis/target/packaging already exists. Specify --upgrade to force replacement.
WARNING: Target directory /exports/lkeb-hpc/smaijer/venv_environments/pancreasThesis/target/matplotlib-3.5.2.dist-info already exists. Specify --upgrade to force replacement.
WARNING: Target directory /exports/lkeb-hpc/smaijer/venv_environments/pancreasThesis/target/einops-0.4.1.dist-info already exists. Specify --upgrade to force replacement.
WARNING: Target directory /exports/lkeb-hpc/smaijer/venv_environments/pancreasThesis/target/libpasteurize already exists. Specify --upgrade to force replacement.
WARNING: Target directory /exports/lkeb-hpc/smaijer/venv_environments/pancreasThesis/target/nibabel already exists. Specify --upgrade to force replacement.
WARNING: Target directory /exports/lkeb-hpc/smaijer/venv_environments/pancreasThesis/target/torchgen already exists. Specify --upgrade to force replacement.
WARNING: Target directory /exports/lkeb-hpc/smaijer/venv_environments/pancreasThesis/target/pexpect-4.8.0.dist-info already exists. Specify --upgrade to force replacement.
WARNING: Target directory /exports/lkeb-hpc/smaijer/venv_environments/pancreasThesis/target/sklearn already exists. Specify --upgrade to force replacement.
WARNING: Target directory /exports/lkeb-hpc/smaijer/venv_environments/pancreasThesis/target/joblib already exists. Specify --upgrade to force replacement.
WARNING: Target directory /exports/lkeb-hpc/smaijer/venv_environments/pancreasThesis/target/urllib3 already exists. Specify --upgrade to force replacement.
WARNING: Target directory /exports/lkeb-hpc/smaijer/venv_environments/pancreasThesis/target/idna already exists. Specify --upgrade to force replacement.
WARNING: Target directory /exports/lkeb-hpc/smaijer/venv_environments/pancreasThesis/target/traceback2-1.4.0.dist-info already exists. Specify --upgrade to force replacement.
WARNING: Target directory /exports/lkeb-hpc/smaijer/venv_environments/pancreasThesis/target/scipy-1.9.0.dist-info already exists. Specify --upgrade to force replacement.
WARNING: Target directory /exports/lkeb-hpc/smaijer/venv_environments/pancreasThesis/target/python_gdcm.libs already exists. Specify --upgrade to force replacement.
WARNING: Target directory /exports/lkeb-hpc/smaijer/venv_environments/pancreasThesis/target/setuptools-63.3.0.dist-info already exists. Specify --upgrade to force replacement.
WARNING: Target directory /exports/lkeb-hpc/smaijer/venv_environments/pancreasThesis/target/MedPy-0.4.0.dist-info already exists. Specify --upgrade to force replacement.
WARNING: Target directory /exports/lkeb-hpc/smaijer/venv_environments/pancreasThesis/target/wcwidth already exists. Specify --upgrade to force replacement.
WARNING: Target directory /exports/lkeb-hpc/smaijer/venv_environments/pancreasThesis/target/pytz-2022.1.dist-info already exists. Specify --upgrade to force replacement.
WARNING: Target directory /exports/lkeb-hpc/smaijer/venv_environments/pancreasThesis/target/nisext already exists. Specify --upgrade to force replacement.
WARNING: Target directory /exports/lkeb-hpc/smaijer/venv_environments/pancreasThesis/target/imageio already exists. Specify --upgrade to force replacement.
WARNING: Target directory /exports/lkeb-hpc/smaijer/venv_environments/pancreasThesis/target/PIL already exists. Specify --upgrade to force replacement.
WARNING: Target directory /exports/lkeb-hpc/smaijer/venv_environments/pancreasThesis/target/__pycache__ already exists. Specify --upgrade to force replacement.
WARNING: Target directory /exports/lkeb-hpc/smaijer/venv_environments/pancreasThesis/target/pyparsing already exists. Specify --upgrade to force replacement.
WARNING: Target directory /exports/lkeb-hpc/smaijer/venv_environments/pancreasThesis/target/traceback2 already exists. Specify --upgrade to force replacement.
WARNING: Target directory /exports/lkeb-hpc/smaijer/venv_environments/pancreasThesis/target/distutils-precedence.pth already exists. Specify --upgrade to force replacement.
WARNING: Target directory /exports/lkeb-hpc/smaijer/venv_environments/pancreasThesis/target/scikit_image.libs already exists. Specify --upgrade to force replacement.
WARNING: Target directory /exports/lkeb-hpc/smaijer/venv_environments/pancreasThesis/target/dicom2nifti already exists. Specify --upgrade to force replacement.
WARNING: Target directory /exports/lkeb-hpc/smaijer/venv_environments/pancreasThesis/target/certifi-2022.6.15.dist-info already exists. Specify --upgrade to force replacement.
WARNING: Target directory /exports/lkeb-hpc/smaijer/venv_environments/pancreasThesis/target/executing-0.9.1.dist-info already exists. Specify --upgrade to force replacement.
WARNING: Target directory /exports/lkeb-hpc/smaijer/venv_environments/pancreasThesis/target/linecache2 already exists. Specify --upgrade to force replacement.
WARNING: Target directory /exports/lkeb-hpc/smaijer/venv_environments/pancreasThesis/target/urllib3-1.26.11.dist-info already exists. Specify --upgrade to force replacement.
WARNING: Target directory /exports/lkeb-hpc/smaijer/venv_environments/pancreasThesis/target/ptyprocess-0.7.0.dist-info already exists. Specify --upgrade to force replacement.
WARNING: Target directory /exports/lkeb-hpc/smaijer/venv_environments/pancreasThesis/target/pydicom-2.3.0.dist-info already exists. Specify --upgrade to force replacement.
WARNING: Target directory /exports/lkeb-hpc/smaijer/venv_environments/pancreasThesis/target/pexpect already exists. Specify --upgrade to force replacement.
WARNING: Target directory /exports/lkeb-hpc/smaijer/venv_environments/pancreasThesis/target/numpy.libs already exists. Specify --upgrade to force replacement.
WARNING: Target directory /exports/lkeb-hpc/smaijer/venv_environments/pancreasThesis/target/asttokens already exists. Specify --upgrade to force replacement.
WARNING: Target directory /exports/lkeb-hpc/smaijer/venv_environments/pancreasThesis/target/_gdcm already exists. Specify --upgrade to force replacement.
WARNING: Target directory /exports/lkeb-hpc/smaijer/venv_environments/pancreasThesis/target/python_dateutil-2.8.2.dist-info already exists. Specify --upgrade to force replacement.
WARNING: Target directory /exports/lkeb-hpc/smaijer/venv_environments/pancreasThesis/target/decorator-5.1.1.dist-info already exists. Specify --upgrade to force replacement.
WARNING: Target directory /exports/lkeb-hpc/smaijer/venv_environments/pancreasThesis/target/past already exists. Specify --upgrade to force replacement.
WARNING: Target directory /exports/lkeb-hpc/smaijer/venv_environments/pancreasThesis/target/ipython-8.4.0.dist-info already exists. Specify --upgrade to force replacement.
WARNING: Target directory /exports/lkeb-hpc/smaijer/venv_environments/pancreasThesis/target/dateutil already exists. Specify --upgrade to force replacement.
WARNING: Target directory /exports/lkeb-hpc/smaijer/venv_environments/pancreasThesis/target/numpy-1.23.1.dist-info already exists. Specify --upgrade to force replacement.
WARNING: Target directory /exports/lkeb-hpc/smaijer/venv_environments/pancreasThesis/target/tifffile-2022.7.31.dist-info already exists. Specify --upgrade to force replacement.
WARNING: Target directory /exports/lkeb-hpc/smaijer/venv_environments/pancreasThesis/target/pywt already exists. Specify --upgrade to force replacement.
WARNING: Target directory /exports/lkeb-hpc/smaijer/venv_environments/pancreasThesis/target/pandas-1.4.3.dist-info already exists. Specify --upgrade to force replacement.
WARNING: Target directory /exports/lkeb-hpc/smaijer/venv_environments/pancreasThesis/target/Pygments-2.12.0.dist-info already exists. Specify --upgrade to force replacement.
WARNING: Target directory /exports/lkeb-hpc/smaijer/venv_environments/pancreasThesis/target/matplotlib already exists. Specify --upgrade to force replacement.
WARNING: Target directory /exports/lkeb-hpc/smaijer/venv_environments/pancreasThesis/target/prompt_toolkit-3.0.30.dist-info already exists. Specify --upgrade to force replacement.
WARNING: Target directory /exports/lkeb-hpc/smaijer/venv_environments/pancreasThesis/target/scikit_learn-1.1.1.dist-info already exists. Specify --upgrade to force replacement.
WARNING: Target directory /exports/lkeb-hpc/smaijer/venv_environments/pancreasThesis/target/pyparsing-3.0.9.dist-info already exists. Specify --upgrade to force replacement.
WARNING: Target directory /exports/lkeb-hpc/smaijer/venv_environments/pancreasThesis/target/ptyprocess already exists. Specify --upgrade to force replacement.
WARNING: Target directory /exports/lkeb-hpc/smaijer/venv_environments/pancreasThesis/target/pygments already exists. Specify --upgrade to force replacement.
WARNING: Target directory /exports/lkeb-hpc/smaijer/venv_environments/pancreasThesis/target/pickleshare-0.7.5.dist-info already exists. Specify --upgrade to force replacement.
WARNING: Target directory /exports/lkeb-hpc/smaijer/venv_environments/pancreasThesis/target/numpy already exists. Specify --upgrade to force replacement.
WARNING: Target directory /exports/lkeb-hpc/smaijer/venv_environments/pancreasThesis/target/traitlets-5.3.0.dist-info already exists. Specify --upgrade to force replacement.
WARNING: Target directory /exports/lkeb-hpc/smaijer/venv_environments/pancreasThesis/target/monai already exists. Specify --upgrade to force replacement.
WARNING: Target directory /exports/lkeb-hpc/smaijer/venv_environments/pancreasThesis/target/requests-2.28.1.dist-info already exists. Specify --upgrade to force replacement.
WARNING: Target directory /exports/lkeb-hpc/smaijer/venv_environments/pancreasThesis/target/_distutils_hack already exists. Specify --upgrade to force replacement.
WARNING: Target directory /exports/lkeb-hpc/smaijer/venv_environments/pancreasThesis/target/typing_extensions.py already exists. Specify --upgrade to force replacement.
WARNING: Target directory /exports/lkeb-hpc/smaijer/venv_environments/pancreasThesis/target/batchgenerators already exists. Specify --upgrade to force replacement.
WARNING: Target directory /exports/lkeb-hpc/smaijer/venv_environments/pancreasThesis/target/asttokens-2.0.5.dist-info already exists. Specify --upgrade to force replacement.
WARNING: Target directory /exports/lkeb-hpc/smaijer/venv_environments/pancreasThesis/target/linecache2-1.0.0.dist-info already exists. Specify --upgrade to force replacement.
WARNING: Target directory /exports/lkeb-hpc/smaijer/venv_environments/pancreasThesis/target/Pillow.libs already exists. Specify --upgrade to force replacement.
WARNING: Target directory /exports/lkeb-hpc/smaijer/venv_environments/pancreasThesis/target/six-1.16.0.dist-info already exists. Specify --upgrade to force replacement.
WARNING: Target directory /exports/lkeb-hpc/smaijer/venv_environments/pancreasThesis/target/libfuturize already exists. Specify --upgrade to force replacement.
WARNING: Target directory /exports/lkeb-hpc/smaijer/venv_environments/pancreasThesis/target/mpl_toolkits already exists. Specify --upgrade to force replacement.
WARNING: Target directory /exports/lkeb-hpc/smaijer/venv_environments/pancreasThesis/target/fontTools already exists. Specify --upgrade to force replacement.
WARNING: Target directory /exports/lkeb-hpc/smaijer/venv_environments/pancreasThesis/target/scikit_learn.libs already exists. Specify --upgrade to force replacement.
WARNING: Target directory /exports/lkeb-hpc/smaijer/venv_environments/pancreasThesis/target/python_gdcm-3.0.14.dist-info already exists. Specify --upgrade to force replacement.
WARNING: Target directory /exports/lkeb-hpc/smaijer/venv_environments/pancreasThesis/target/typing_extensions-4.3.0.dist-info already exists. Specify --upgrade to force replacement.
WARNING: Target directory /exports/lkeb-hpc/smaijer/venv_environments/pancreasThesis/target/matplotlib_inline already exists. Specify --upgrade to force replacement.
WARNING: Target directory /exports/lkeb-hpc/smaijer/venv_environments/pancreasThesis/target/imageio-2.21.0.dist-info already exists. Specify --upgrade to force replacement.
WARNING: Target directory /exports/lkeb-hpc/smaijer/venv_environments/pancreasThesis/target/scikit_image-0.19.3.dist-info already exists. Specify --upgrade to force replacement.
WARNING: Target directory /exports/lkeb-hpc/smaijer/venv_environments/pancreasThesis/target/unittest2-1.1.0.dist-info already exists. Specify --upgrade to force replacement.
WARNING: Target directory /exports/lkeb-hpc/smaijer/venv_environments/pancreasThesis/target/fonttools-4.34.4.dist-info already exists. Specify --upgrade to force replacement.
WARNING: Target directory /exports/lkeb-hpc/smaijer/venv_environments/pancreasThesis/target/doc already exists. Specify --upgrade to force replacement.
WARNING: Target directory /exports/lkeb-hpc/smaijer/venv_environments/pancreasThesis/target/IPython already exists. Specify --upgrade to force replacement.
WARNING: Target directory /exports/lkeb-hpc/smaijer/venv_environments/pancreasThesis/target/argparse-1.4.0.dist-info already exists. Specify --upgrade to force replacement.
WARNING: Target directory /exports/lkeb-hpc/smaijer/venv_environments/pancreasThesis/target/stack_data already exists. Specify --upgrade to force replacement.
WARNING: Target directory /exports/lkeb-hpc/smaijer/venv_environments/pancreasThesis/target/monai-0.9.1.dist-info already exists. Specify --upgrade to force replacement.
WARNING: Target directory /exports/lkeb-hpc/smaijer/venv_environments/pancreasThesis/target/pytz already exists. Specify --upgrade to force replacement.
WARNING: Target directory /exports/lkeb-hpc/smaijer/venv_environments/pancreasThesis/target/tqdm-4.64.0.dist-info already exists. Specify --upgrade to force replacement.
WARNING: Target directory /exports/lkeb-hpc/smaijer/venv_environments/pancreasThesis/target/medpy already exists. Specify --upgrade to force replacement.
WARNING: Target directory /exports/lkeb-hpc/smaijer/venv_environments/pancreasThesis/target/graphviz already exists. Specify --upgrade to force replacement.
WARNING: Target directory /exports/lkeb-hpc/smaijer/venv_environments/pancreasThesis/target/threadpoolctl.py already exists. Specify --upgrade to force replacement.
WARNING: Target directory /exports/lkeb-hpc/smaijer/venv_environments/pancreasThesis/target/prompt_toolkit already exists. Specify --upgrade to force replacement.
WARNING: Target directory /exports/lkeb-hpc/smaijer/venv_environments/pancreasThesis/target/threadpoolctl-3.1.0.dist-info already exists. Specify --upgrade to force replacement.
WARNING: Target directory /exports/lkeb-hpc/smaijer/venv_environments/pancreasThesis/target/pandas already exists. Specify --upgrade to force replacement.
WARNING: Target directory /exports/lkeb-hpc/smaijer/venv_environments/pancreasThesis/target/idna-3.3.dist-info already exists. Specify --upgrade to force replacement.
WARNING: Target directory /exports/lkeb-hpc/smaijer/venv_environments/pancreasThesis/target/parso already exists. Specify --upgrade to force replacement.
WARNING: Target directory /exports/lkeb-hpc/smaijer/venv_environments/pancreasThesis/target/backcall-0.2.0.dist-info already exists. Specify --upgrade to force replacement.
WARNING: Target directory /exports/lkeb-hpc/smaijer/venv_environments/pancreasThesis/target/torch already exists. Specify --upgrade to force replacement.
WARNING: Target directory /exports/lkeb-hpc/smaijer/venv_environments/pancreasThesis/target/certifi already exists. Specify --upgrade to force replacement.
WARNING: Target directory /exports/lkeb-hpc/smaijer/venv_environments/pancreasThesis/target/scipy.libs already exists. Specify --upgrade to force replacement.
WARNING: Target directory /exports/lkeb-hpc/smaijer/venv_environments/pancreasThesis/target/graphviz-0.20.1.dist-info already exists. Specify --upgrade to force replacement.
WARNING: Target directory /exports/lkeb-hpc/smaijer/venv_environments/pancreasThesis/target/jedi already exists. Specify --upgrade to force replacement.
WARNING: Target directory /exports/lkeb-hpc/smaijer/venv_environments/pancreasThesis/target/pickleshare.py already exists. Specify --upgrade to force replacement.
WARNING: Target directory /exports/lkeb-hpc/smaijer/venv_environments/pancreasThesis/target/torch-1.12.0.dist-info already exists. Specify --upgrade to force replacement.
WARNING: Target directory /exports/lkeb-hpc/smaijer/venv_environments/pancreasThesis/target/parso-0.8.3.dist-info already exists. Specify --upgrade to force replacement.
WARNING: Target directory /exports/lkeb-hpc/smaijer/venv_environments/pancreasThesis/target/charset_normalizer-2.1.0.dist-info already exists. Specify --upgrade to force replacement.
WARNING: Target directory /exports/lkeb-hpc/smaijer/venv_environments/pancreasThesis/target/gdcm.py already exists. Specify --upgrade to force replacement.
WARNING: Target directory /exports/lkeb-hpc/smaijer/venv_environments/pancreasThesis/target/pure_eval already exists. Specify --upgrade to force replacement.
WARNING: Target directory /exports/lkeb-hpc/smaijer/venv_environments/pancreasThesis/target/traitlets already exists. Specify --upgrade to force replacement.
WARNING: Target directory /exports/lkeb-hpc/smaijer/venv_environments/pancreasThesis/target/sklearn-0.0.dist-info already exists. Specify --upgrade to force replacement.
WARNING: Target directory /exports/lkeb-hpc/smaijer/venv_environments/pancreasThesis/target/networkx-2.8.5.dist-info already exists. Specify --upgrade to force replacement.
WARNING: Target directory /exports/lkeb-hpc/smaijer/venv_environments/pancreasThesis/target/matplotlib_inline-0.1.3.dist-info already exists. Specify --upgrade to force replacement.
WARNING: Target directory /exports/lkeb-hpc/smaijer/venv_environments/pancreasThesis/target/batchgenerators-0.24.dist-info already exists. Specify --upgrade to force replacement.
WARNING: Target directory /exports/lkeb-hpc/smaijer/venv_environments/pancreasThesis/target/einops already exists. Specify --upgrade to force replacement.
WARNING: Target directory /exports/lkeb-hpc/smaijer/venv_environments/pancreasThesis/target/pydicom already exists. Specify --upgrade to force replacement.
WARNING: Target directory /exports/lkeb-hpc/smaijer/venv_environments/pancreasThesis/target/SimpleITK-2.1.1.2.dist-info already exists. Specify --upgrade to force replacement.
WARNING: Target directory /exports/lkeb-hpc/smaijer/venv_environments/pancreasThesis/target/future already exists. Specify --upgrade to force replacement.
WARNING: Target directory /exports/lkeb-hpc/smaijer/venv_environments/pancreasThesis/target/packaging-21.3.dist-info already exists. Specify --upgrade to force replacement.
WARNING: Target directory /exports/lkeb-hpc/smaijer/venv_environments/pancreasThesis/target/PyWavelets-1.3.0.dist-info already exists. Specify --upgrade to force replacement.
WARNING: Target directory /exports/lkeb-hpc/smaijer/venv_environments/pancreasThesis/target/wcwidth-0.2.5.dist-info already exists. Specify --upgrade to force replacement.
WARNING: Target directory /exports/lkeb-hpc/smaijer/venv_environments/pancreasThesis/target/skimage already exists. Specify --upgrade to force replacement.
WARNING: Target directory /exports/lkeb-hpc/smaijer/venv_environments/pancreasThesis/target/cycler-0.11.0.dist-info already exists. Specify --upgrade to force replacement.
WARNING: Target directory /exports/lkeb-hpc/smaijer/venv_environments/pancreasThesis/target/matplotlib-3.5.2-py3.10-nspkg.pth already exists. Specify --upgrade to force replacement.
WARNING: Target directory /exports/lkeb-hpc/smaijer/venv_environments/pancreasThesis/target/pkg_resources already exists. Specify --upgrade to force replacement.
WARNING: Target directory /exports/lkeb-hpc/smaijer/venv_environments/pancreasThesis/target/nnUNet_evaluate_folder already exists. Specify --upgrade to force replacement.
WARNING: Target directory /exports/lkeb-hpc/smaijer/venv_environments/pancreasThesis/target/nnUNet_install_pretrained_model_from_zip already exists. Specify --upgrade to force replacement.
WARNING: Target directory /exports/lkeb-hpc/smaijer/venv_environments/pancreasThesis/target/nnUNet_convert_decathlon_task already exists. Specify --upgrade to force replacement.
WARNING: Target directory /exports/lkeb-hpc/smaijer/venv_environments/pancreasThesis/target/nnUNet_download_pretrained_model already exists. Specify --upgrade to force replacement.
WARNING: Target directory /exports/lkeb-hpc/smaijer/venv_environments/pancreasThesis/target/nnUNet_download_pretrained_model_by_url already exists. Specify --upgrade to force replacement.
WARNING: Target directory /exports/lkeb-hpc/smaijer/venv_environments/pancreasThesis/target/nnUNet_train_DDP already exists. Specify --upgrade to force replacement.
WARNING: Target directory /exports/lkeb-hpc/smaijer/venv_environments/pancreasThesis/target/nnUNet_predict already exists. Specify --upgrade to force replacement.
WARNING: Target directory /exports/lkeb-hpc/smaijer/venv_environments/pancreasThesis/target/nnUNet_find_best_configuration already exists. Specify --upgrade to force replacement.
WARNING: Target directory /exports/lkeb-hpc/smaijer/venv_environments/pancreasThesis/target/share already exists. Specify --upgrade to force replacement.
WARNING: Target directory /exports/lkeb-hpc/smaijer/venv_environments/pancreasThesis/target/nnUNet_ensemble already exists. Specify --upgrade to force replacement.
WARNING: Target directory /exports/lkeb-hpc/smaijer/venv_environments/pancreasThesis/target/nnUNet_train already exists. Specify --upgrade to force replacement.
WARNING: Target directory /exports/lkeb-hpc/smaijer/venv_environments/pancreasThesis/target/nnUNet_print_pretrained_model_info already exists. Specify --upgrade to force replacement.
WARNING: Target directory /exports/lkeb-hpc/smaijer/venv_environments/pancreasThesis/target/nnUNet_plot_task_pngs already exists. Specify --upgrade to force replacement.
WARNING: Target directory /exports/lkeb-hpc/smaijer/venv_environments/pancreasThesis/target/nnUNet_train_DP already exists. Specify --upgrade to force replacement.
WARNING: Target directory /exports/lkeb-hpc/smaijer/venv_environments/pancreasThesis/target/nnunet.egg-link already exists. Specify --upgrade to force replacement.
WARNING: Target directory /exports/lkeb-hpc/smaijer/venv_environments/pancreasThesis/target/nnUNet_export_model_to_zip already exists. Specify --upgrade to force replacement.
WARNING: Target directory /exports/lkeb-hpc/smaijer/venv_environments/pancreasThesis/target/nnUNet_change_trainer_class already exists. Specify --upgrade to force replacement.
WARNING: Target directory /exports/lkeb-hpc/smaijer/venv_environments/pancreasThesis/target/nnUNet_plan_and_preprocess already exists. Specify --upgrade to force replacement.
WARNING: Target directory /exports/lkeb-hpc/smaijer/venv_environments/pancreasThesis/target/nnUNet_determine_postprocessing already exists. Specify --upgrade to force replacement.
WARNING: Target directory /exports/lkeb-hpc/smaijer/venv_environments/pancreasThesis/target/nnUNet_print_available_pretrained_models already exists. Specify --upgrade to force replacement.
WARNING: Target directory /exports/lkeb-hpc/smaijer/venv_environments/pancreasThesis/target/bin already exists. Specify --upgrade to force replacement.
WARNING: You are using pip version 21.2.4; however, version 22.2 is available.
You should consider upgrading via the '/exports/lkeb-hpc/smaijer/venv_environments/pancreasThesis/bin/python -m pip install --upgrade pip' command.
/home/smaijer/code/nnUNet/nnunet/evaluation/evaluator.py:381: RuntimeWarning: Mean of empty slice
  all_scores["mean"][label][score] = float(np.nanmean(all_scores["mean"][label][score]))
OrderedDict([('all', [OrderedDict([('11', OrderedDict([('Accuracy', 0.9987336158752441), ('Dice', 0.0), ('False Discovery Rate', 1.0), ('False Negative Rate', nan), ('False Omission Rate', 0.0), ('False Positive Rate', 0.0012663841247558816), ('Jaccard', 0.0), ('Negative Predictive Value', 1.0), ('Precision', 0.0), ('Recall', nan), ('Total Positives Reference', 0), ('Total Positives Test', 79674), ('True Negative Rate', 0.9987336158752441)])), ('test', '/exports/lkeb-hpc/smaijer/output/522/3d_fullres/nnUNetTrainerV2/501/imagesTs/panc_0001.nii.gz'), ('reference', '/exports/lkeb-hpc/smaijer/data/nnUNet_raw_data_base/nnUNet_raw_data/Task501/labelsTs/panc_0001.nii.gz')]), OrderedDict([('11', OrderedDict([('Accuracy', 0.9984585509008291), ('Dice', 0.0), ('False Discovery Rate', 1.0), ('False Negative Rate', nan), ('False Omission Rate', 0.0), ('False Positive Rate', 0.0015414490991708663), ('Jaccard', 0.0), ('Negative Predictive Value', 1.0), ('Precision', 0.0), ('Recall', nan), ('Total Positives Reference', 0), ('Total Positives Test', 79200), ('True Negative Rate', 0.9984585509008291)])), ('test', '/exports/lkeb-hpc/smaijer/output/522/3d_fullres/nnUNetTrainerV2/501/imagesTs/panc_0009.nii.gz'), ('reference', '/exports/lkeb-hpc/smaijer/data/nnUNet_raw_data_base/nnUNet_raw_data/Task501/labelsTs/panc_0009.nii.gz')]), OrderedDict([('11', OrderedDict([('Accuracy', 0.9984535094230406), ('Dice', 0.0), ('False Discovery Rate', 1.0), ('False Negative Rate', nan), ('False Omission Rate', 0.0), ('False Positive Rate', 0.0015464905769594361), ('Jaccard', 0.0), ('Negative Predictive Value', 1.0), ('Precision', 0.0), ('Recall', nan), ('Total Positives Reference', 0), ('Total Positives Test', 125675), ('True Negative Rate', 0.9984535094230406)])), ('test', '/exports/lkeb-hpc/smaijer/output/522/3d_fullres/nnUNetTrainerV2/501/imagesTs/panc_0017.nii.gz'), ('reference', '/exports/lkeb-hpc/smaijer/data/nnUNet_raw_data_base/nnUNet_raw_data/Task501/labelsTs/panc_0017.nii.gz')]), OrderedDict([('11', OrderedDict([('Accuracy', 0.9981006745369204), ('Dice', 0.0), ('False Discovery Rate', 1.0), ('False Negative Rate', nan), ('False Omission Rate', 0.0), ('False Positive Rate', 0.001899325463079582), ('Jaccard', 0.0), ('Negative Predictive Value', 1.0), ('Precision', 0.0), ('Recall', nan), ('Total Positives Reference', 0), ('Total Positives Test', 154348), ('True Negative Rate', 0.9981006745369204)])), ('test', '/exports/lkeb-hpc/smaijer/output/522/3d_fullres/nnUNetTrainerV2/501/imagesTs/panc_0026.nii.gz'), ('reference', '/exports/lkeb-hpc/smaijer/data/nnUNet_raw_data_base/nnUNet_raw_data/Task501/labelsTs/panc_0026.nii.gz')]), OrderedDict([('11', OrderedDict([('Accuracy', 0.9987012678577054), ('Dice', 0.0), ('False Discovery Rate', 1.0), ('False Negative Rate', nan), ('False Omission Rate', 0.0), ('False Positive Rate', 0.0012987321422945897), ('Jaccard', 0.0), ('Negative Predictive Value', 1.0), ('Precision', 0.0), ('Recall', nan), ('Total Positives Reference', 0), ('Total Positives Test', 105541), ('True Negative Rate', 0.9987012678577054)])), ('test', '/exports/lkeb-hpc/smaijer/output/522/3d_fullres/nnUNetTrainerV2/501/imagesTs/panc_0033.nii.gz'), ('reference', '/exports/lkeb-hpc/smaijer/data/nnUNet_raw_data_base/nnUNet_raw_data/Task501/labelsTs/panc_0033.nii.gz')]), OrderedDict([('11', OrderedDict([('Accuracy', 0.9984381953372231), ('Dice', 0.0), ('False Discovery Rate', 1.0), ('False Negative Rate', nan), ('False Omission Rate', 0.0), ('False Positive Rate', 0.001561804662776889), ('Jaccard', 0.0), ('Negative Predictive Value', 1.0), ('Precision', 0.0), ('Recall', nan), ('Total Positives Reference', 0), ('Total Positives Test', 97032), ('True Negative Rate', 0.9984381953372231)])), ('test', '/exports/lkeb-hpc/smaijer/output/522/3d_fullres/nnUNetTrainerV2/501/imagesTs/panc_0041.nii.gz'), ('reference', '/exports/lkeb-hpc/smaijer/data/nnUNet_raw_data_base/nnUNet_raw_data/Task501/labelsTs/panc_0041.nii.gz')]), OrderedDict([('11', OrderedDict([('Accuracy', 0.998130076640361), ('Dice', 0.0), ('False Discovery Rate', 1.0), ('False Negative Rate', nan), ('False Omission Rate', 0.0), ('False Positive Rate', 0.0018699233596389808), ('Jaccard', 0.0), ('Negative Predictive Value', 1.0), ('Precision', 0.0), ('Recall', nan), ('Total Positives Reference', 0), ('Total Positives Test', 108822), ('True Negative Rate', 0.998130076640361)])), ('test', '/exports/lkeb-hpc/smaijer/output/522/3d_fullres/nnUNetTrainerV2/501/imagesTs/panc_0049.nii.gz'), ('reference', '/exports/lkeb-hpc/smaijer/data/nnUNet_raw_data_base/nnUNet_raw_data/Task501/labelsTs/panc_0049.nii.gz')]), OrderedDict([('11', OrderedDict([('Accuracy', 0.9982791699861225), ('Dice', 0.0), ('False Discovery Rate', 1.0), ('False Negative Rate', nan), ('False Omission Rate', 0.0), ('False Positive Rate', 0.0017208300138774613), ('Jaccard', 0.0), ('Negative Predictive Value', 1.0), ('Precision', 0.0), ('Recall', nan), ('Total Positives Reference', 0), ('Total Positives Test', 102852), ('True Negative Rate', 0.9982791699861225)])), ('test', '/exports/lkeb-hpc/smaijer/output/522/3d_fullres/nnUNetTrainerV2/501/imagesTs/panc_0057.nii.gz'), ('reference', '/exports/lkeb-hpc/smaijer/data/nnUNet_raw_data_base/nnUNet_raw_data/Task501/labelsTs/panc_0057.nii.gz')]), OrderedDict([('11', OrderedDict([('Accuracy', 0.9985328250461154), ('Dice', 0.0), ('False Discovery Rate', 1.0), ('False Negative Rate', nan), ('False Omission Rate', 0.0), ('False Positive Rate', 0.001467174953884598), ('Jaccard', 0.0), ('Negative Predictive Value', 1.0), ('Precision', 0.0), ('Recall', nan), ('Total Positives Reference', 0), ('Total Positives Test', 83076), ('True Negative Rate', 0.9985328250461154)])), ('test', '/exports/lkeb-hpc/smaijer/output/522/3d_fullres/nnUNetTrainerV2/501/imagesTs/panc_0065.nii.gz'), ('reference', '/exports/lkeb-hpc/smaijer/data/nnUNet_raw_data_base/nnUNet_raw_data/Task501/labelsTs/panc_0065.nii.gz')]), OrderedDict([('11', OrderedDict([('Accuracy', 0.9980440816571635), ('Dice', 0.0), ('False Discovery Rate', 1.0), ('False Negative Rate', nan), ('False Omission Rate', 0.0), ('False Positive Rate', 0.0019559183428364824), ('Jaccard', 0.0), ('Negative Predictive Value', 1.0), ('Precision', 0.0), ('Recall', nan), ('Total Positives Reference', 0), ('Total Positives Test', 158947), ('True Negative Rate', 0.9980440816571635)])), ('test', '/exports/lkeb-hpc/smaijer/output/522/3d_fullres/nnUNetTrainerV2/501/imagesTs/panc_0073.nii.gz'), ('reference', '/exports/lkeb-hpc/smaijer/data/nnUNet_raw_data_base/nnUNet_raw_data/Task501/labelsTs/panc_0073.nii.gz')]), OrderedDict([('11', OrderedDict([('Accuracy', 0.9987882586757532), ('Dice', 0.0), ('False Discovery Rate', 1.0), ('False Negative Rate', nan), ('False Omission Rate', 0.0), ('False Positive Rate', 0.00121174132424684), ('Jaccard', 0.0), ('Negative Predictive Value', 1.0), ('Precision', 0.0), ('Recall', nan), ('Total Positives Reference', 0), ('Total Positives Test', 66389), ('True Negative Rate', 0.9987882586757532)])), ('test', '/exports/lkeb-hpc/smaijer/output/522/3d_fullres/nnUNetTrainerV2/501/imagesTs/panc_0081.nii.gz'), ('reference', '/exports/lkeb-hpc/smaijer/data/nnUNet_raw_data_base/nnUNet_raw_data/Task501/labelsTs/panc_0081.nii.gz')]), OrderedDict([('11', OrderedDict([('Accuracy', 0.998364305074236), ('Dice', 0.0), ('False Discovery Rate', 1.0), ('False Negative Rate', nan), ('False Omission Rate', 0.0), ('False Positive Rate', 0.0016356949257639863), ('Jaccard', 0.0), ('Negative Predictive Value', 1.0), ('Precision', 0.0), ('Recall', nan), ('Total Positives Reference', 0), ('Total Positives Test', 96906), ('True Negative Rate', 0.998364305074236)])), ('test', '/exports/lkeb-hpc/smaijer/output/522/3d_fullres/nnUNetTrainerV2/501/imagesTs/panc_0082.nii.gz'), ('reference', '/exports/lkeb-hpc/smaijer/data/nnUNet_raw_data_base/nnUNet_raw_data/Task501/labelsTs/panc_0082.nii.gz')])]), ('mean', OrderedDict([('11', OrderedDict([('Accuracy', 0.9984187109175596), ('Dice', 0.0), ('False Discovery Rate', 1.0), ('False Negative Rate', nan), ('False Omission Rate', 0.0), ('False Positive Rate', 0.0015812890824404662), ('Jaccard', 0.0), ('Negative Predictive Value', 1.0), ('Precision', 0.0), ('Recall', nan), ('Total Positives Reference', 0.0), ('Total Positives Test', 104871.83333333333), ('True Negative Rate', 0.9984187109175596)]))]))])
