Starting at Tue Aug  2 18:28:38 CEST 2022
Running on hosts: res-hpc-lkeb05
Running on 1 nodes.
Running 1 tasks.
CPUs on node: 6.
Account: div2-lkeb
Job ID: 11069867
Job name: PancreasInferenceEval
Node running script: res-hpc-lkeb05
Submit host: res-hpc-lo02.researchlumc.nl
GPUS: 0 or 
Tue Aug  2 21:51:40 2022       
+-----------------------------------------------------------------------------+
| NVIDIA-SMI 470.82.01    Driver Version: 470.82.01    CUDA Version: 11.4     |
|-------------------------------+----------------------+----------------------+
| GPU  Name        Persistence-M| Bus-Id        Disp.A | Volatile Uncorr. ECC |
| Fan  Temp  Perf  Pwr:Usage/Cap|         Memory-Usage | GPU-Util  Compute M. |
|                               |                      |               MIG M. |
|===============================+======================+======================|
|   0  Quadro RTX 6000     On   | 00000000:AF:00.0 Off |                  Off |
| 34%   29C    P8    16W / 260W |      0MiB / 24220MiB |      0%      Default |
|                               |                      |                  N/A |
+-------------------------------+----------------------+----------------------+
                                                                               
+-----------------------------------------------------------------------------+
| Processes:                                                                  |
|  GPU   GI   CI        PID   Type   Process name                  GPU Memory |
|        ID   ID                                                   Usage      |
|=============================================================================|
|  No running processes found                                                 |
+-----------------------------------------------------------------------------+
Current working directory is /home/smaijer
Load all modules..
Done with loading all modules. Modules:
Activate conda env nnunet..
Verifying environment variables:
Installing hidden layer and nnUnet..
Collecting hiddenlayer
  Cloning https://github.com/FabianIsensee/hiddenlayer.git (to revision more_plotted_details) to /tmp/pip-install-emplutya/hiddenlayer_063c0b53a8cc4fae83c0c49a7c11f0dc
  Resolved https://github.com/FabianIsensee/hiddenlayer.git to commit 4b98f9e5cccebac67368f02b95f4700b522345b1
Using legacy 'setup.py install' for hiddenlayer, since package 'wheel' is not installed.
Installing collected packages: hiddenlayer
    Running setup.py install for hiddenlayer: started
    Running setup.py install for hiddenlayer: finished with status 'done'
Successfully installed hiddenlayer-0.2
Obtaining file:///home/smaijer/code/nnUNet
Collecting torch==1.12.0
  Using cached torch-1.12.0-cp310-cp310-manylinux1_x86_64.whl (776.3 MB)
Collecting tqdm
  Using cached tqdm-4.64.0-py2.py3-none-any.whl (78 kB)
Collecting dicom2nifti
  Using cached dicom2nifti-2.4.3-py3-none-any.whl (43 kB)
Collecting scikit-image>=0.14
  Using cached scikit_image-0.19.3-cp310-cp310-manylinux_2_17_x86_64.manylinux2014_x86_64.whl (13.9 MB)
Collecting medpy
  Using cached MedPy-0.4.0-py3-none-any.whl
Collecting scipy
  Using cached scipy-1.9.0-cp310-cp310-manylinux_2_17_x86_64.manylinux2014_x86_64.whl (43.9 MB)
Collecting batchgenerators>=0.23
  Using cached batchgenerators-0.24-py3-none-any.whl
Collecting numpy
  Using cached numpy-1.23.1-cp310-cp310-manylinux_2_17_x86_64.manylinux2014_x86_64.whl (17.0 MB)
Collecting sklearn
  Using cached sklearn-0.0-py2.py3-none-any.whl
Collecting SimpleITK
  Using cached SimpleITK-2.1.1.2-cp310-cp310-manylinux_2_12_x86_64.manylinux2010_x86_64.whl (48.4 MB)
Collecting pandas
  Using cached pandas-1.4.3-cp310-cp310-manylinux_2_17_x86_64.manylinux2014_x86_64.whl (11.6 MB)
Collecting requests
  Using cached requests-2.28.1-py3-none-any.whl (62 kB)
Collecting nibabel
  Using cached nibabel-4.0.1-py3-none-any.whl (3.3 MB)
Collecting tifffile
  Using cached tifffile-2022.7.31-py3-none-any.whl (207 kB)
Collecting matplotlib
  Using cached matplotlib-3.5.2-cp310-cp310-manylinux_2_17_x86_64.manylinux2014_x86_64.whl (11.9 MB)
Collecting monai
  Using cached monai-0.9.1-202207251608-py3-none-any.whl (990 kB)
Collecting einops
  Using cached einops-0.4.1-py3-none-any.whl (28 kB)
Collecting ipython
  Using cached ipython-8.4.0-py3-none-any.whl (750 kB)
Collecting graphviz
  Using cached graphviz-0.20.1-py3-none-any.whl (47 kB)
Collecting typing-extensions
  Using cached typing_extensions-4.3.0-py3-none-any.whl (25 kB)
Collecting unittest2
  Using cached unittest2-1.1.0-py2.py3-none-any.whl (96 kB)
Collecting pillow>=7.1.2
  Using cached Pillow-9.2.0-cp310-cp310-manylinux_2_28_x86_64.whl (3.2 MB)
Collecting threadpoolctl
  Using cached threadpoolctl-3.1.0-py3-none-any.whl (14 kB)
Collecting scikit-learn
  Using cached scikit_learn-1.1.1-cp310-cp310-manylinux_2_17_x86_64.manylinux2014_x86_64.whl (30.4 MB)
Collecting future
  Using cached future-0.18.2-py3-none-any.whl
Collecting imageio>=2.4.1
  Using cached imageio-2.21.0-py3-none-any.whl (3.4 MB)
Collecting PyWavelets>=1.1.1
  Using cached PyWavelets-1.3.0-cp310-cp310-manylinux_2_17_x86_64.manylinux2014_x86_64.whl (6.9 MB)
Collecting packaging>=20.0
  Using cached packaging-21.3-py3-none-any.whl (40 kB)
Collecting networkx>=2.2
  Using cached networkx-2.8.5-py3-none-any.whl (2.0 MB)
Collecting pyparsing!=3.0.5,>=2.0.2
  Using cached pyparsing-3.0.9-py3-none-any.whl (98 kB)
Collecting python-gdcm
  Using cached python_gdcm-3.0.14-cp310-cp310-manylinux_2_17_x86_64.manylinux2014_x86_64.whl (12.8 MB)
Collecting pydicom>=2.2.0
  Using cached pydicom-2.3.0-py3-none-any.whl (2.0 MB)
Collecting stack-data
  Using cached stack_data-0.3.0-py3-none-any.whl (23 kB)
Collecting traitlets>=5
  Using cached traitlets-5.3.0-py3-none-any.whl (106 kB)
Collecting pygments>=2.4.0
  Using cached Pygments-2.12.0-py3-none-any.whl (1.1 MB)
Collecting decorator
  Using cached decorator-5.1.1-py3-none-any.whl (9.1 kB)
Collecting prompt-toolkit!=3.0.0,!=3.0.1,<3.1.0,>=2.0.0
  Using cached prompt_toolkit-3.0.30-py3-none-any.whl (381 kB)
Collecting pickleshare
  Using cached pickleshare-0.7.5-py2.py3-none-any.whl (6.9 kB)
Collecting backcall
  Using cached backcall-0.2.0-py2.py3-none-any.whl (11 kB)
Collecting pexpect>4.3
  Using cached pexpect-4.8.0-py2.py3-none-any.whl (59 kB)
Collecting matplotlib-inline
  Using cached matplotlib_inline-0.1.3-py3-none-any.whl (8.2 kB)
Collecting setuptools>=18.5
  Using cached setuptools-63.3.0-py3-none-any.whl (1.2 MB)
Collecting jedi>=0.16
  Using cached jedi-0.18.1-py2.py3-none-any.whl (1.6 MB)
Collecting parso<0.9.0,>=0.8.0
  Using cached parso-0.8.3-py2.py3-none-any.whl (100 kB)
Collecting ptyprocess>=0.5
  Using cached ptyprocess-0.7.0-py2.py3-none-any.whl (13 kB)
Collecting wcwidth
  Using cached wcwidth-0.2.5-py2.py3-none-any.whl (30 kB)
Collecting python-dateutil>=2.7
  Using cached python_dateutil-2.8.2-py2.py3-none-any.whl (247 kB)
Collecting fonttools>=4.22.0
  Using cached fonttools-4.34.4-py3-none-any.whl (944 kB)
Collecting kiwisolver>=1.0.1
  Using cached kiwisolver-1.4.4-cp310-cp310-manylinux_2_12_x86_64.manylinux2010_x86_64.whl (1.6 MB)
Collecting cycler>=0.10
  Using cached cycler-0.11.0-py3-none-any.whl (6.4 kB)
Collecting six>=1.5
  Using cached six-1.16.0-py2.py3-none-any.whl (11 kB)
Collecting pytz>=2020.1
  Using cached pytz-2022.1-py2.py3-none-any.whl (503 kB)
Collecting urllib3<1.27,>=1.21.1
  Using cached urllib3-1.26.11-py2.py3-none-any.whl (139 kB)
Collecting idna<4,>=2.5
  Using cached idna-3.3-py3-none-any.whl (61 kB)
Collecting certifi>=2017.4.17
  Using cached certifi-2022.6.15-py3-none-any.whl (160 kB)
Collecting charset-normalizer<3,>=2
  Using cached charset_normalizer-2.1.0-py3-none-any.whl (39 kB)
Collecting joblib>=1.0.0
  Using cached joblib-1.1.0-py2.py3-none-any.whl (306 kB)
Collecting pure-eval
  Using cached pure_eval-0.2.2-py3-none-any.whl (11 kB)
Collecting executing
  Using cached executing-0.9.1-py2.py3-none-any.whl (16 kB)
Collecting asttokens
  Using cached asttokens-2.0.5-py2.py3-none-any.whl (20 kB)
Collecting traceback2
  Using cached traceback2-1.4.0-py2.py3-none-any.whl (16 kB)
Collecting argparse
  Using cached argparse-1.4.0-py2.py3-none-any.whl (23 kB)
Collecting linecache2
  Using cached linecache2-1.0.0-py2.py3-none-any.whl (12 kB)
Installing collected packages: six, pyparsing, pillow, numpy, linecache2, wcwidth, typing-extensions, traitlets, traceback2, tifffile, threadpoolctl, setuptools, scipy, PyWavelets, pure-eval, ptyprocess, parso, packaging, networkx, joblib, imageio, executing, asttokens, argparse, urllib3, unittest2, torch, stack-data, SimpleITK, scikit-learn, scikit-image, pytz, python-gdcm, python-dateutil, pygments, pydicom, prompt-toolkit, pickleshare, pexpect, nibabel, matplotlib-inline, kiwisolver, jedi, idna, future, fonttools, decorator, cycler, charset-normalizer, certifi, backcall, tqdm, sklearn, requests, pandas, monai, medpy, matplotlib, ipython, graphviz, einops, dicom2nifti, batchgenerators, nnunet
  Running setup.py develop for nnunet
Successfully installed PyWavelets-1.3.0 SimpleITK-2.1.1.2 argparse-1.4.0 asttokens-2.0.5 backcall-0.2.0 batchgenerators-0.24 certifi-2022.6.15 charset-normalizer-2.1.0 cycler-0.11.0 decorator-5.1.1 dicom2nifti-2.4.3 einops-0.4.1 executing-0.9.1 fonttools-4.34.4 future-0.18.2 graphviz-0.20.1 idna-3.3 imageio-2.21.0 ipython-8.4.0 jedi-0.18.1 joblib-1.1.0 kiwisolver-1.4.4 linecache2-1.0.0 matplotlib-3.5.2 matplotlib-inline-0.1.3 medpy-0.4.0 monai-0.9.1 networkx-2.8.5 nibabel-4.0.1 nnunet numpy-1.23.1 packaging-21.3 pandas-1.4.3 parso-0.8.3 pexpect-4.8.0 pickleshare-0.7.5 pillow-9.2.0 prompt-toolkit-3.0.30 ptyprocess-0.7.0 pure-eval-0.2.2 pydicom-2.3.0 pygments-2.12.0 pyparsing-3.0.9 python-dateutil-2.8.2 python-gdcm-3.0.14 pytz-2022.1 requests-2.28.1 scikit-image-0.19.3 scikit-learn-1.1.1 scipy-1.9.0 setuptools-63.3.0 six-1.16.0 sklearn-0.0 stack-data-0.3.0 threadpoolctl-3.1.0 tifffile-2022.7.31 torch-1.12.0 tqdm-4.64.0 traceback2-1.4.0 traitlets-5.3.0 typing-extensions-4.3.0 unittest2-1.1.0 urllib3-1.26.11 wcwidth-0.2.5


Please cite the following paper when using nnUNet:

Isensee, F., Jaeger, P.F., Kohl, S.A.A. et al. "nnU-Net: a self-configuring method for deep learning-based biomedical image segmentation." Nat Methods (2020). https://doi.org/10.1038/s41592-020-01008-z


If you have questions or suggestions, feel free to open an issue at https://github.com/MIC-DKFZ/nnUNet

using model stored in  /exports/lkeb-hpc/smaijer/results/nnUNet/3d_fullres/Task522/nnUNetTrainerV2__nnUNetPlansv2.1
This model expects 1 input modalities for each image
Found 20 unique case ids, here are some examples: ['img_0068' 'img_0066' 'img_0072' 'img_0071' 'img_0076' 'img_0072'
 'img_0068' 'img_0079' 'img_0080' 'img_0070']
If they don't look right, make sure to double check your filenames. They must end with _0000.nii.gz etc
number of cases: 20
number of cases that still need to be predicted: 20
emptying cuda cache
loading parameters for folds, [0, 1, 2, 3, 4]
Suus1 - Initialise de NetworkTrainer
Suus2 - Initialise de nnUNetTrainer
Suus3 - Initialise de nnUNetTrainerV2
Suus5 - zet de plans properties
Suus4 - Initialise de trainer echt
Suus5 - zet de plans properties
Suus6 - Zet de data augmentation params
2022-08-02 21:53:12.221056: Using dummy2d data augmentation
Suus7 - zet deep supervision weights die de meerdere outputs prioriteit geven
Suus8 - Maak network aan (BELANGRIJK!)
SuusB - first stride 
Suus10 - StackedConvLayers, input: 1 en output: 32, first_stride: None, num_convs: 2, conv_kwargs: {'stride': 1, 'dilation': 1, 'bias': True, 'kernel_size': [1, 3, 3], 'padding': [0, 1, 1]}
SuusA - first_stride [1, 2, 2]
Suus10 - StackedConvLayers, input: 32 en output: 64, first_stride: [1, 2, 2], num_convs: 2, conv_kwargs: {'stride': 1, 'dilation': 1, 'bias': True, 'kernel_size': [3, 3, 3], 'padding': [1, 1, 1]}
SuusA - first_stride [2, 2, 2]
Suus10 - StackedConvLayers, input: 64 en output: 128, first_stride: [2, 2, 2], num_convs: 2, conv_kwargs: {'stride': 1, 'dilation': 1, 'bias': True, 'kernel_size': [3, 3, 3], 'padding': [1, 1, 1]}
SuusA - first_stride [2, 2, 2]
Suus10 - StackedConvLayers, input: 128 en output: 256, first_stride: [2, 2, 2], num_convs: 2, conv_kwargs: {'stride': 1, 'dilation': 1, 'bias': True, 'kernel_size': [3, 3, 3], 'padding': [1, 1, 1]}
SuusA - first_stride [2, 2, 2]
Suus10 - StackedConvLayers, input: 256 en output: 320, first_stride: [2, 2, 2], num_convs: 2, conv_kwargs: {'stride': 1, 'dilation': 1, 'bias': True, 'kernel_size': [3, 3, 3], 'padding': [1, 1, 1]}
Suus10 - StackedConvLayers, input: 320 en output: 320, first_stride: [1, 2, 2], num_convs: 1, conv_kwargs: {'stride': 1, 'dilation': 1, 'bias': True, 'kernel_size': [3, 3, 3], 'padding': [1, 1, 1]}
Suus10 - StackedConvLayers, input: 320 en output: 320, first_stride: None, num_convs: 1, conv_kwargs: {'stride': 1, 'dilation': 1, 'bias': True, 'kernel_size': [3, 3, 3], 'padding': [1, 1, 1]}
Suus10 - StackedConvLayers, input: 640 en output: 320, first_stride: None, num_convs: 1, conv_kwargs: {'stride': 1, 'dilation': 1, 'bias': True, 'kernel_size': [3, 3, 3], 'padding': [1, 1, 1]}
Suus10 - StackedConvLayers, input: 320 en output: 320, first_stride: None, num_convs: 1, conv_kwargs: {'stride': 1, 'dilation': 1, 'bias': True, 'kernel_size': [3, 3, 3], 'padding': [1, 1, 1]}
Suus10 - StackedConvLayers, input: 512 en output: 256, first_stride: None, num_convs: 1, conv_kwargs: {'stride': 1, 'dilation': 1, 'bias': True, 'kernel_size': [3, 3, 3], 'padding': [1, 1, 1]}
Suus10 - StackedConvLayers, input: 256 en output: 256, first_stride: None, num_convs: 1, conv_kwargs: {'stride': 1, 'dilation': 1, 'bias': True, 'kernel_size': [3, 3, 3], 'padding': [1, 1, 1]}
Suus10 - StackedConvLayers, input: 256 en output: 128, first_stride: None, num_convs: 1, conv_kwargs: {'stride': 1, 'dilation': 1, 'bias': True, 'kernel_size': [3, 3, 3], 'padding': [1, 1, 1]}
Suus10 - StackedConvLayers, input: 128 en output: 128, first_stride: None, num_convs: 1, conv_kwargs: {'stride': 1, 'dilation': 1, 'bias': True, 'kernel_size': [3, 3, 3], 'padding': [1, 1, 1]}
Suus10 - StackedConvLayers, input: 128 en output: 64, first_stride: None, num_convs: 1, conv_kwargs: {'stride': 1, 'dilation': 1, 'bias': True, 'kernel_size': [3, 3, 3], 'padding': [1, 1, 1]}
Suus10 - StackedConvLayers, input: 64 en output: 64, first_stride: None, num_convs: 1, conv_kwargs: {'stride': 1, 'dilation': 1, 'bias': True, 'kernel_size': [3, 3, 3], 'padding': [1, 1, 1]}
Suus10 - StackedConvLayers, input: 64 en output: 32, first_stride: None, num_convs: 1, conv_kwargs: {'stride': 1, 'dilation': 1, 'bias': True, 'kernel_size': [3, 3, 3], 'padding': [1, 1, 1]}
Suus10 - StackedConvLayers, input: 32 en output: 32, first_stride: None, num_convs: 1, conv_kwargs: {'stride': 1, 'dilation': 1, 'bias': True, 'kernel_size': [3, 3, 3], 'padding': [1, 1, 1]}
Generic_UNet(
  (encoder): Generic_UNETEncoder()
  (decoder): Generic_UNETDecoder()
  (conv_blocks_localization): ModuleList(
    (0): Sequential(
      (0): StackedConvLayers(
        (blocks): Sequential(
          (0): ConvDropoutNormNonlin(
            (conv): Conv3d(640, 320, kernel_size=(3, 3, 3), stride=(1, 1, 1), padding=(1, 1, 1))
            (instnorm): InstanceNorm3d(320, eps=1e-05, momentum=0.1, affine=True, track_running_stats=False)
            (lrelu): LeakyReLU(negative_slope=0.01, inplace=True)
          )
        )
      )
      (1): StackedConvLayers(
        (blocks): Sequential(
          (0): ConvDropoutNormNonlin(
            (conv): Conv3d(320, 320, kernel_size=(3, 3, 3), stride=(1, 1, 1), padding=(1, 1, 1))
            (instnorm): InstanceNorm3d(320, eps=1e-05, momentum=0.1, affine=True, track_running_stats=False)
            (lrelu): LeakyReLU(negative_slope=0.01, inplace=True)
          )
        )
      )
    )
    (1): Sequential(
      (0): StackedConvLayers(
        (blocks): Sequential(
          (0): ConvDropoutNormNonlin(
            (conv): Conv3d(512, 256, kernel_size=(3, 3, 3), stride=(1, 1, 1), padding=(1, 1, 1))
            (instnorm): InstanceNorm3d(256, eps=1e-05, momentum=0.1, affine=True, track_running_stats=False)
            (lrelu): LeakyReLU(negative_slope=0.01, inplace=True)
          )
        )
      )
      (1): StackedConvLayers(
        (blocks): Sequential(
          (0): ConvDropoutNormNonlin(
            (conv): Conv3d(256, 256, kernel_size=(3, 3, 3), stride=(1, 1, 1), padding=(1, 1, 1))
            (instnorm): InstanceNorm3d(256, eps=1e-05, momentum=0.1, affine=True, track_running_stats=False)
            (lrelu): LeakyReLU(negative_slope=0.01, inplace=True)
          )
        )
      )
    )
    (2): Sequential(
      (0): StackedConvLayers(
        (blocks): Sequential(
          (0): ConvDropoutNormNonlin(
            (conv): Conv3d(256, 128, kernel_size=(3, 3, 3), stride=(1, 1, 1), padding=(1, 1, 1))
            (instnorm): InstanceNorm3d(128, eps=1e-05, momentum=0.1, affine=True, track_running_stats=False)
            (lrelu): LeakyReLU(negative_slope=0.01, inplace=True)
          )
        )
      )
      (1): StackedConvLayers(
        (blocks): Sequential(
          (0): ConvDropoutNormNonlin(
            (conv): Conv3d(128, 128, kernel_size=(3, 3, 3), stride=(1, 1, 1), padding=(1, 1, 1))
            (instnorm): InstanceNorm3d(128, eps=1e-05, momentum=0.1, affine=True, track_running_stats=False)
            (lrelu): LeakyReLU(negative_slope=0.01, inplace=True)
          )
        )
      )
    )
    (3): Sequential(
      (0): StackedConvLayers(
        (blocks): Sequential(
          (0): ConvDropoutNormNonlin(
            (conv): Conv3d(128, 64, kernel_size=(3, 3, 3), stride=(1, 1, 1), padding=(1, 1, 1))
            (instnorm): InstanceNorm3d(64, eps=1e-05, momentum=0.1, affine=True, track_running_stats=False)
            (lrelu): LeakyReLU(negative_slope=0.01, inplace=True)
          )
        )
      )
      (1): StackedConvLayers(
        (blocks): Sequential(
          (0): ConvDropoutNormNonlin(
            (conv): Conv3d(64, 64, kernel_size=(3, 3, 3), stride=(1, 1, 1), padding=(1, 1, 1))
            (instnorm): InstanceNorm3d(64, eps=1e-05, momentum=0.1, affine=True, track_running_stats=False)
            (lrelu): LeakyReLU(negative_slope=0.01, inplace=True)
          )
        )
      )
    )
    (4): Sequential(
      (0): StackedConvLayers(
        (blocks): Sequential(
          (0): ConvDropoutNormNonlin(
            (conv): Conv3d(64, 32, kernel_size=(3, 3, 3), stride=(1, 1, 1), padding=(1, 1, 1))
            (instnorm): InstanceNorm3d(32, eps=1e-05, momentum=0.1, affine=True, track_running_stats=False)
            (lrelu): LeakyReLU(negative_slope=0.01, inplace=True)
          )
        )
      )
      (1): StackedConvLayers(
        (blocks): Sequential(
          (0): ConvDropoutNormNonlin(
            (conv): Conv3d(32, 32, kernel_size=(3, 3, 3), stride=(1, 1, 1), padding=(1, 1, 1))
            (instnorm): InstanceNorm3d(32, eps=1e-05, momentum=0.1, affine=True, track_running_stats=False)
            (lrelu): LeakyReLU(negative_slope=0.01, inplace=True)
          )
        )
      )
    )
  )
  (conv_blocks_context): ModuleList(
    (0): StackedConvLayers(
      (blocks): Sequential(
        (0): ConvDropoutNormNonlin(
          (conv): Conv3d(1, 32, kernel_size=(1, 3, 3), stride=(1, 1, 1), padding=(0, 1, 1))
          (instnorm): InstanceNorm3d(32, eps=1e-05, momentum=0.1, affine=True, track_running_stats=False)
          (lrelu): LeakyReLU(negative_slope=0.01, inplace=True)
        )
        (1): ConvDropoutNormNonlin(
          (conv): Conv3d(32, 32, kernel_size=(1, 3, 3), stride=(1, 1, 1), padding=(0, 1, 1))
          (instnorm): InstanceNorm3d(32, eps=1e-05, momentum=0.1, affine=True, track_running_stats=False)
          (lrelu): LeakyReLU(negative_slope=0.01, inplace=True)
        )
      )
    )
    (1): StackedConvLayers(
      (blocks): Sequential(
        (0): ConvDropoutNormNonlin(
          (conv): Conv3d(32, 64, kernel_size=(3, 3, 3), stride=(1, 2, 2), padding=(1, 1, 1))
          (instnorm): InstanceNorm3d(64, eps=1e-05, momentum=0.1, affine=True, track_running_stats=False)
          (lrelu): LeakyReLU(negative_slope=0.01, inplace=True)
        )
        (1): ConvDropoutNormNonlin(
          (conv): Conv3d(64, 64, kernel_size=(3, 3, 3), stride=(1, 1, 1), padding=(1, 1, 1))
          (instnorm): InstanceNorm3d(64, eps=1e-05, momentum=0.1, affine=True, track_running_stats=False)
          (lrelu): LeakyReLU(negative_slope=0.01, inplace=True)
        )
      )
    )
    (2): StackedConvLayers(
      (blocks): Sequential(
        (0): ConvDropoutNormNonlin(
          (conv): Conv3d(64, 128, kernel_size=(3, 3, 3), stride=(2, 2, 2), padding=(1, 1, 1))
          (instnorm): InstanceNorm3d(128, eps=1e-05, momentum=0.1, affine=True, track_running_stats=False)
          (lrelu): LeakyReLU(negative_slope=0.01, inplace=True)
        )
        (1): ConvDropoutNormNonlin(
          (conv): Conv3d(128, 128, kernel_size=(3, 3, 3), stride=(1, 1, 1), padding=(1, 1, 1))
          (instnorm): InstanceNorm3d(128, eps=1e-05, momentum=0.1, affine=True, track_running_stats=False)
          (lrelu): LeakyReLU(negative_slope=0.01, inplace=True)
        )
      )
    )
    (3): StackedConvLayers(
      (blocks): Sequential(
        (0): ConvDropoutNormNonlin(
          (conv): Conv3d(128, 256, kernel_size=(3, 3, 3), stride=(2, 2, 2), padding=(1, 1, 1))
          (instnorm): InstanceNorm3d(256, eps=1e-05, momentum=0.1, affine=True, track_running_stats=False)
          (lrelu): LeakyReLU(negative_slope=0.01, inplace=True)
        )
        (1): ConvDropoutNormNonlin(
          (conv): Conv3d(256, 256, kernel_size=(3, 3, 3), stride=(1, 1, 1), padding=(1, 1, 1))
          (instnorm): InstanceNorm3d(256, eps=1e-05, momentum=0.1, affine=True, track_running_stats=False)
          (lrelu): LeakyReLU(negative_slope=0.01, inplace=True)
        )
      )
    )
    (4): StackedConvLayers(
      (blocks): Sequential(
        (0): ConvDropoutNormNonlin(
          (conv): Conv3d(256, 320, kernel_size=(3, 3, 3), stride=(2, 2, 2), padding=(1, 1, 1))
          (instnorm): InstanceNorm3d(320, eps=1e-05, momentum=0.1, affine=True, track_running_stats=False)
          (lrelu): LeakyReLU(negative_slope=0.01, inplace=True)
        )
        (1): ConvDropoutNormNonlin(
          (conv): Conv3d(320, 320, kernel_size=(3, 3, 3), stride=(1, 1, 1), padding=(1, 1, 1))
          (instnorm): InstanceNorm3d(320, eps=1e-05, momentum=0.1, affine=True, track_running_stats=False)
          (lrelu): LeakyReLU(negative_slope=0.01, inplace=True)
        )
      )
    )
    (5): Sequential(
      (0): StackedConvLayers(
        (blocks): Sequential(
          (0): ConvDropoutNormNonlin(
            (conv): Conv3d(320, 320, kernel_size=(3, 3, 3), stride=(1, 2, 2), padding=(1, 1, 1))
            (instnorm): InstanceNorm3d(320, eps=1e-05, momentum=0.1, affine=True, track_running_stats=False)
            (lrelu): LeakyReLU(negative_slope=0.01, inplace=True)
          )
        )
      )
      (1): StackedConvLayers(
        (blocks): Sequential(
          (0): ConvDropoutNormNonlin(
            (conv): Conv3d(320, 320, kernel_size=(3, 3, 3), stride=(1, 1, 1), padding=(1, 1, 1))
            (instnorm): InstanceNorm3d(320, eps=1e-05, momentum=0.1, affine=True, track_running_stats=False)
            (lrelu): LeakyReLU(negative_slope=0.01, inplace=True)
          )
        )
      )
    )
  )
  (td): ModuleList()
  (tu): ModuleList(
    (0): ConvTranspose3d(320, 320, kernel_size=(1, 2, 2), stride=(1, 2, 2), bias=False)
    (1): ConvTranspose3d(320, 256, kernel_size=(2, 2, 2), stride=(2, 2, 2), bias=False)
    (2): ConvTranspose3d(256, 128, kernel_size=(2, 2, 2), stride=(2, 2, 2), bias=False)
    (3): ConvTranspose3d(128, 64, kernel_size=(2, 2, 2), stride=(2, 2, 2), bias=False)
    (4): ConvTranspose3d(64, 32, kernel_size=(1, 2, 2), stride=(1, 2, 2), bias=False)
  )
  (seg_outputs): ModuleList(
    (0): Conv3d(320, 14, kernel_size=(1, 1, 1), stride=(1, 1, 1), bias=False)
    (1): Conv3d(256, 14, kernel_size=(1, 1, 1), stride=(1, 1, 1), bias=False)
    (2): Conv3d(128, 14, kernel_size=(1, 1, 1), stride=(1, 1, 1), bias=False)
    (3): Conv3d(64, 14, kernel_size=(1, 1, 1), stride=(1, 1, 1), bias=False)
    (4): Conv3d(32, 14, kernel_size=(1, 1, 1), stride=(1, 1, 1), bias=False)
  )
)
using the following model files:  ['/exports/lkeb-hpc/smaijer/results/nnUNet/3d_fullres/Task522/nnUNetTrainerV2__nnUNetPlansv2.1/fold_0/model_final_checkpoint.model', '/exports/lkeb-hpc/smaijer/results/nnUNet/3d_fullres/Task522/nnUNetTrainerV2__nnUNetPlansv2.1/fold_1/model_final_checkpoint.model', '/exports/lkeb-hpc/smaijer/results/nnUNet/3d_fullres/Task522/nnUNetTrainerV2__nnUNetPlansv2.1/fold_2/model_final_checkpoint.model', '/exports/lkeb-hpc/smaijer/results/nnUNet/3d_fullres/Task522/nnUNetTrainerV2__nnUNetPlansv2.1/fold_3/model_final_checkpoint.model', '/exports/lkeb-hpc/smaijer/results/nnUNet/3d_fullres/Task522/nnUNetTrainerV2__nnUNetPlansv2.1/fold_4/model_final_checkpoint.model']
starting preprocessing generator
starting prediction...
preprocessing /exports/lkeb-hpc/smaijer/output/522/3d_fullres/nnUNetTrainerV2/BCV_test/imagesTs/img_0065.nii.gz
using preprocessor GenericPreprocessor
before crop: (1, 152, 512, 512) after crop: (1, 152, 512, 512) spacing: [3.         0.73046875 0.73046875] 

separate z, order in z is 0 order inplane is 3
separate z, order in z is 0 order inplane is 1
before: {'spacing': array([3.        , 0.73046875, 0.73046875]), 'spacing_transposed': array([3.        , 0.73046875, 0.73046875]), 'data.shape (data is transposed)': (1, 152, 512, 512)} 
after:  {'spacing': array([3.        , 0.75781244, 0.75781244]), 'data.shape (data is resampled)': (1, 152, 494, 494)} 

(1, 152, 494, 494)
preprocessing /exports/lkeb-hpc/smaijer/output/522/3d_fullres/nnUNetTrainerV2/BCV_test/imagesTs/img_0071.nii.gz
using preprocessor GenericPreprocessor
before crop: (1, 110, 512, 512) after crop: (1, 110, 512, 512) spacing: [5.         0.88085938 0.88085938] 

separate z, order in z is 0 order inplane is 3
separate z, order in z is 0 order inplane is 1
before: {'spacing': array([5.        , 0.88085938, 0.88085938]), 'spacing_transposed': array([5.        , 0.88085938, 0.88085938]), 'data.shape (data is transposed)': (1, 110, 512, 512)} 
after:  {'spacing': array([3.        , 0.75781244, 0.75781244]), 'data.shape (data is resampled)': (1, 183, 595, 595)} 

(1, 183, 595, 595)
preprocessing /exports/lkeb-hpc/smaijer/output/522/3d_fullres/nnUNetTrainerV2/BCV_test/imagesTs/img_0077.nii.gz
using preprocessor GenericPreprocessor
before crop: (1, 151, 512, 512) after crop: (1, 151, 512, 512) spacing: [3.         0.78515625 0.78515625] 

separate z, order in z is 0 order inplane is 3
separate z, order in z is 0 order inplane is 1
before: {'spacing': array([3.        , 0.78515625, 0.78515625]), 'spacing_transposed': array([3.        , 0.78515625, 0.78515625]), 'data.shape (data is transposed)': (1, 151, 512, 512)} 
after:  {'spacing': array([3.        , 0.75781244, 0.75781244]), 'data.shape (data is resampled)': (1, 151, 530, 530)} 

(1, 151, 530, 530)
This worker has ended successfully, no errors to report
preprocessing /exports/lkeb-hpc/smaijer/output/522/3d_fullres/nnUNetTrainerV2/BCV_test/imagesTs/img_0064.nii.gz
using preprocessor GenericPreprocessor
before crop: (1, 159, 512, 512) after crop: (1, 159, 512, 512) spacing: [3.         0.77734375 0.77734375] 

separate z, order in z is 0 order inplane is 3
separate z, order in z is 0 order inplane is 1
before: {'spacing': array([3.        , 0.77734375, 0.77734375]), 'spacing_transposed': array([3.        , 0.77734375, 0.77734375]), 'data.shape (data is transposed)': (1, 159, 512, 512)} 
after:  {'spacing': array([3.        , 0.75781244, 0.75781244]), 'data.shape (data is resampled)': (1, 159, 525, 525)} 

(1, 159, 525, 525)
preprocessing /exports/lkeb-hpc/smaijer/output/522/3d_fullres/nnUNetTrainerV2/BCV_test/imagesTs/img_0070.nii.gz
using preprocessor GenericPreprocessor
before crop: (1, 120, 512, 512) after crop: (1, 120, 512, 512) spacing: [3.         0.72851562 0.72851562] 

separate z, order in z is 0 order inplane is 3
separate z, order in z is 0 order inplane is 1
before: {'spacing': array([3.        , 0.72851562, 0.72851562]), 'spacing_transposed': array([3.        , 0.72851562, 0.72851562]), 'data.shape (data is transposed)': (1, 120, 512, 512)} 
after:  {'spacing': array([3.        , 0.75781244, 0.75781244]), 'data.shape (data is resampled)': (1, 120, 492, 492)} 

(1, 120, 492, 492)
preprocessing /exports/lkeb-hpc/smaijer/output/522/3d_fullres/nnUNetTrainerV2/BCV_test/imagesTs/img_0076.nii.gz
using preprocessor GenericPreprocessor
before crop: (1, 113, 512, 512) after crop: (1, 113, 512, 512) spacing: [3.      0.78125 0.78125] 

separate z, order in z is 0 order inplane is 3
separate z, order in z is 0 order inplane is 1
before: {'spacing': array([3.     , 0.78125, 0.78125]), 'spacing_transposed': array([3.     , 0.78125, 0.78125]), 'data.shape (data is transposed)': (1, 113, 512, 512)} 
after:  {'spacing': array([3.        , 0.75781244, 0.75781244]), 'data.shape (data is resampled)': (1, 113, 528, 528)} 

(1, 113, 528, 528)
This worker has ended successfully, no errors to report
preprocessing /exports/lkeb-hpc/smaijer/output/522/3d_fullres/nnUNetTrainerV2/BCV_test/imagesTs/img_0063.nii.gz
using preprocessor GenericPreprocessor
before crop: (1, 95, 512, 512) after crop: (1, 95, 512, 512) spacing: [5.         0.79492199 0.79492199] 

separate z, order in z is 0 order inplane is 3
separate z, order in z is 0 order inplane is 1
before: {'spacing': array([5.        , 0.79492199, 0.79492199]), 'spacing_transposed': array([5.        , 0.79492199, 0.79492199]), 'data.shape (data is transposed)': (1, 95, 512, 512)} 
after:  {'spacing': array([3.        , 0.75781244, 0.75781244]), 'data.shape (data is resampled)': (1, 158, 537, 537)} 

(1, 158, 537, 537)
preprocessing /exports/lkeb-hpc/smaijer/output/522/3d_fullres/nnUNetTrainerV2/BCV_test/imagesTs/img_0069.nii.gz
using preprocessor GenericPreprocessor
before crop: (1, 97, 512, 512) after crop: (1, 97, 512, 512) spacing: [5.         0.78899997 0.78899997] 

separate z, order in z is 0 order inplane is 3
separate z, order in z is 0 order inplane is 1
before: {'spacing': array([5.        , 0.78899997, 0.78899997]), 'spacing_transposed': array([5.        , 0.78899997, 0.78899997]), 'data.shape (data is transposed)': (1, 97, 512, 512)} 
after:  {'spacing': array([3.        , 0.75781244, 0.75781244]), 'data.shape (data is resampled)': (1, 162, 533, 533)} 

(1, 162, 533, 533)
preprocessing /exports/lkeb-hpc/smaijer/output/522/3d_fullres/nnUNetTrainerV2/BCV_test/imagesTs/img_0075.nii.gz
using preprocessor GenericPreprocessor
before crop: (1, 93, 512, 512) after crop: (1, 93, 512, 512) spacing: [5.         0.97656202 0.97656202] 

separate z, order in z is 0 order inplane is 3
separate z, order in z is 0 order inplane is 1
before: {'spacing': array([5.        , 0.97656202, 0.97656202]), 'spacing_transposed': array([5.        , 0.97656202, 0.97656202]), 'data.shape (data is transposed)': (1, 93, 512, 512)} 
after:  {'spacing': array([3.        , 0.75781244, 0.75781244]), 'data.shape (data is resampled)': (1, 155, 660, 660)} 

(1, 155, 660, 660)
This worker has ended successfully, no errors to report
preprocessing /exports/lkeb-hpc/smaijer/output/522/3d_fullres/nnUNetTrainerV2/BCV_test/imagesTs/img_0066.nii.gz
using preprocessor GenericPreprocessor
before crop: (1, 171, 512, 512) after crop: (1, 171, 512, 512) spacing: [3.         0.83789062 0.83789062] 

separate z, order in z is 0 order inplane is 3
separate z, order in z is 0 order inplane is 1
before: {'spacing': array([3.        , 0.83789062, 0.83789062]), 'spacing_transposed': array([3.        , 0.83789062, 0.83789062]), 'data.shape (data is transposed)': (1, 171, 512, 512)} 
after:  {'spacing': array([3.        , 0.75781244, 0.75781244]), 'data.shape (data is resampled)': (1, 171, 566, 566)} 

(1, 171, 566, 566)
preprocessing /exports/lkeb-hpc/smaijer/output/522/3d_fullres/nnUNetTrainerV2/BCV_test/imagesTs/img_0072.nii.gz
using preprocessor GenericPreprocessor
before crop: (1, 152, 512, 512) after crop: (1, 152, 512, 512) spacing: [3.      0.71875 0.71875] 

separate z, order in z is 0 order inplane is 3
separate z, order in z is 0 order inplane is 1
before: {'spacing': array([3.     , 0.71875, 0.71875]), 'spacing_transposed': array([3.     , 0.71875, 0.71875]), 'data.shape (data is transposed)': (1, 152, 512, 512)} 
after:  {'spacing': array([3.        , 0.75781244, 0.75781244]), 'data.shape (data is resampled)': (1, 152, 486, 486)} 

(1, 152, 486, 486)
preprocessing /exports/lkeb-hpc/smaijer/output/522/3d_fullres/nnUNetTrainerV2/BCV_test/imagesTs/img_0078.nii.gz
using preprocessor GenericPreprocessor
before crop: (1, 89, 512, 512) after crop: (1, 89, 512, 512) spacing: [5.         0.86523402 0.86523402] 

separate z, order in z is 0 order inplane is 3
separate z, order in z is 0 order inplane is 1
before: {'spacing': array([5.        , 0.86523402, 0.86523402]), 'spacing_transposed': array([5.        , 0.86523402, 0.86523402]), 'data.shape (data is transposed)': (1, 89, 512, 512)} 
after:  {'spacing': array([3.        , 0.75781244, 0.75781244]), 'data.shape (data is resampled)': (1, 148, 585, 585)} 

(1, 148, 585, 585)
This worker has ended successfully, no errors to report
preprocessing /exports/lkeb-hpc/smaijer/output/522/3d_fullres/nnUNetTrainerV2/BCV_test/imagesTs/img_0061.nii.gz
using preprocessor GenericPreprocessor
before crop: (1, 138, 512, 512) after crop: (1, 138, 512, 512) spacing: [3.         0.68359375 0.68359375] 

separate z, order in z is 0 order inplane is 3
separate z, order in z is 0 order inplane is 1
before: {'spacing': array([3.        , 0.68359375, 0.68359375]), 'spacing_transposed': array([3.        , 0.68359375, 0.68359375]), 'data.shape (data is transposed)': (1, 138, 512, 512)} 
after:  {'spacing': array([3.        , 0.75781244, 0.75781244]), 'data.shape (data is resampled)': (1, 138, 462, 462)} 

(1, 138, 462, 462)
preprocessing /exports/lkeb-hpc/smaijer/output/522/3d_fullres/nnUNetTrainerV2/BCV_test/imagesTs/img_0067.nii.gz
using preprocessor GenericPreprocessor
before crop: (1, 173, 512, 512) after crop: (1, 173, 512, 512) spacing: [3.        0.8359375 0.8359375] 

separate z, order in z is 0 order inplane is 3
separate z, order in z is 0 order inplane is 1
before: {'spacing': array([3.       , 0.8359375, 0.8359375]), 'spacing_transposed': array([3.       , 0.8359375, 0.8359375]), 'data.shape (data is transposed)': (1, 173, 512, 512)} 
after:  {'spacing': array([3.        , 0.75781244, 0.75781244]), 'data.shape (data is resampled)': (1, 173, 565, 565)} 

(1, 173, 565, 565)
preprocessing /exports/lkeb-hpc/smaijer/output/522/3d_fullres/nnUNetTrainerV2/BCV_test/imagesTs/img_0073.nii.gz
using preprocessor GenericPreprocessor
before crop: (1, 130, 512, 512) after crop: (1, 130, 512, 512) spacing: [3.         0.54492188 0.54492188] 

separate z, order in z is 0 order inplane is 3
separate z, order in z is 0 order inplane is 1
before: {'spacing': array([3.        , 0.54492188, 0.54492188]), 'spacing_transposed': array([3.        , 0.54492188, 0.54492188]), 'data.shape (data is transposed)': (1, 130, 512, 512)} 
after:  {'spacing': array([3.        , 0.75781244, 0.75781244]), 'data.shape (data is resampled)': (1, 130, 368, 368)} 

(1, 130, 368, 368)
preprocessing /exports/lkeb-hpc/smaijer/output/522/3d_fullres/nnUNetTrainerV2/BCV_test/imagesTs/img_0079.nii.gz
using preprocessor GenericPreprocessor
before crop: (1, 87, 512, 512) after crop: (1, 87, 512, 512) spacing: [5.        0.9765625 0.9765625] 

separate z, order in z is 0 order inplane is 3
separate z, order in z is 0 order inplane is 1
before: {'spacing': array([5.       , 0.9765625, 0.9765625]), 'spacing_transposed': array([5.       , 0.9765625, 0.9765625]), 'data.shape (data is transposed)': (1, 87, 512, 512)} 
after:  {'spacing': array([3.        , 0.75781244, 0.75781244]), 'data.shape (data is resampled)': (1, 145, 660, 660)} 

(1, 145, 660, 660)
This worker has ended successfully, no errors to report
force_separate_z: None interpolation order: 1
separate z: True lowres axis [0]
separate z, order in z is 0 order inplane is 1
suus we gaan schrijven naar /exports/lkeb-hpc/smaijer/output/522/3d_fullres/nnUNetTrainerV2/BCV_test/imagesTs/img_0065.nii.gz
force_separate_z: None interpolation order: 1
separate z: True lowres axis [0]
separate z, order in z is 0 order inplane is 1
suus we gaan schrijven naar /exports/lkeb-hpc/smaijer/output/522/3d_fullres/nnUNetTrainerV2/BCV_test/imagesTs/img_0063.nii.gz
force_separate_z: None interpolation order: 1
separate z: True lowres axis [0]
separate z, order in z is 0 order inplane is 1
suus we gaan schrijven naar /exports/lkeb-hpc/smaijer/output/522/3d_fullres/nnUNetTrainerV2/BCV_test/imagesTs/img_0062.nii.gz
force_separate_z: None interpolation order: 1
separate z: True lowres axis [0]
separate z, order in z is 0 order inplane is 1
suus we gaan schrijven naar /exports/lkeb-hpc/smaijer/output/522/3d_fullres/nnUNetTrainerV2/BCV_test/imagesTs/img_0071.nii.gz
force_separate_z: None interpolation order: 1
separate z: True lowres axis [0]
separate z, order in z is 0 order inplane is 1
suus we gaan schrijven naar /exports/lkeb-hpc/smaijer/output/522/3d_fullres/nnUNetTrainerV2/BCV_test/imagesTs/img_0069.nii.gz
force_separate_z: None interpolation order: 1
separate z: True lowres axis [0]
separate z, order in z is 0 order inplane is 1
suus we gaan schrijven naar /exports/lkeb-hpc/smaijer/output/522/3d_fullres/nnUNetTrainerV2/BCV_test/imagesTs/img_0068.nii.gz
force_separate_z: None interpolation order: 1
separate z: True lowres axis [0]
separate z, order in z is 0 order inplane is 1
suus we gaan schrijven naar /exports/lkeb-hpc/smaijer/output/522/3d_fullres/nnUNetTrainerV2/BCV_test/imagesTs/img_0077.nii.gz
force_separate_z: None interpolation order: 1
separate z: True lowres axis [0]
separate z, order in z is 0 order inplane is 1
suus we gaan schrijven naar /exports/lkeb-hpc/smaijer/output/522/3d_fullres/nnUNetTrainerV2/BCV_test/imagesTs/img_0075.nii.gz
force_separate_z: None interpolation order: 1
separate z: True lowres axis [0]
separate z, order in z is 0 order inplane is 1
suus we gaan schrijven naar /exports/lkeb-hpc/smaijer/output/522/3d_fullres/nnUNetTrainerV2/BCV_test/imagesTs/img_0074.nii.gz
force_separate_z: None interpolation order: 1
separate z: True lowres axis [0]
separate z, order in z is 0 order inplane is 1
suus we gaan schrijven naar /exports/lkeb-hpc/smaijer/output/522/3d_fullres/nnUNetTrainerV2/BCV_test/imagesTs/img_0080.nii.gz
force_separate_z: None interpolation order: 1
separate z: True lowres axis [0]
separate z, order in z is 0 order inplane is 1
suus we gaan schrijven naar /exports/lkeb-hpc/smaijer/output/522/3d_fullres/nnUNetTrainerV2/BCV_test/imagesTs/img_0061.nii.gz
force_separate_z: None interpolation order: 1
separate z: True lowres axis [0]
separate z, order in z is 0 order inplane is 1
suus we gaan schrijven naar /exports/lkeb-hpc/smaijer/output/522/3d_fullres/nnUNetTrainerV2/BCV_test/imagesTs/img_0064.nii.gz
force_separate_z: None interpolation order: 1
separate z: True lowres axis [0]
separate z, order in z is 0 order inplane is 1
suus we gaan schrijven naar /exports/lkeb-hpc/smaijer/output/522/3d_fullres/nnUNetTrainerV2/BCV_test/imagesTs/img_0066.nii.gz
force_separate_z: None interpolation order: 1
separate z: True lowres axis [0]
separate z, order in z is 0 order inplane is 1
suus we gaan schrijven naar /exports/lkeb-hpc/smaijer/output/522/3d_fullres/nnUNetTrainerV2/BCV_test/imagesTs/img_0067.nii.gz
force_separate_z: None interpolation order: 1
separate z: True lowres axis [0]
separate z, order in z is 0 order inplane is 1
suus we gaan schrijven naar /exports/lkeb-hpc/smaijer/output/522/3d_fullres/nnUNetTrainerV2/BCV_test/imagesTs/img_0070.nii.gz
force_separate_z: None interpolation order: 1
separate z: True lowres axis [0]
separate z, order in z is 0 order inplane is 1
suus we gaan schrijven naar /exports/lkeb-hpc/smaijer/output/522/3d_fullres/nnUNetTrainerV2/BCV_test/imagesTs/img_0072.nii.gz
force_separate_z: None interpolation order: 1
separate z: True lowres axis [0]
separate z, order in z is 0 order inplane is 1
suus we gaan schrijven naar /exports/lkeb-hpc/smaijer/output/522/3d_fullres/nnUNetTrainerV2/BCV_test/imagesTs/img_0073.nii.gz
force_separate_z: None interpolation order: 1
separate z: True lowres axis [0]
separate z, order in z is 0 order inplane is 1
suus we gaan schrijven naar /exports/lkeb-hpc/smaijer/output/522/3d_fullres/nnUNetTrainerV2/BCV_test/imagesTs/img_0076.nii.gz
force_separate_z: None interpolation order: 1
separate z: True lowres axis [0]
separate z, order in z is 0 order inplane is 1
suus we gaan schrijven naar /exports/lkeb-hpc/smaijer/output/522/3d_fullres/nnUNetTrainerV2/BCV_test/imagesTs/img_0078.nii.gz
force_separate_z: None interpolation order: 1
separate z: True lowres axis [0]
separate z, order in z is 0 order inplane is 1
suus we gaan schrijven naar /exports/lkeb-hpc/smaijer/output/522/3d_fullres/nnUNetTrainerV2/BCV_test/imagesTs/img_0079.nii.gz
predicting /exports/lkeb-hpc/smaijer/output/522/3d_fullres/nnUNetTrainerV2/BCV_test/imagesTs/img_0061.nii.gz
debug: mirroring True mirror_axes (0, 1, 2)
step_size: 0.5
do mirror: True
data shape: (1, 138, 462, 462)
patch size: [ 48 192 192]
steps (x, y, and z): [[0, 22, 45, 68, 90], [0, 90, 180, 270], [0, 90, 180, 270]]
number of tiles: 80
computing Gaussian
done
prediction done
debug: mirroring True mirror_axes (0, 1, 2)
step_size: 0.5
do mirror: True
data shape: (1, 138, 462, 462)
patch size: [ 48 192 192]
steps (x, y, and z): [[0, 22, 45, 68, 90], [0, 90, 180, 270], [0, 90, 180, 270]]
number of tiles: 80
using precomputed Gaussian
prediction done
debug: mirroring True mirror_axes (0, 1, 2)
step_size: 0.5
do mirror: True
data shape: (1, 138, 462, 462)
patch size: [ 48 192 192]
steps (x, y, and z): [[0, 22, 45, 68, 90], [0, 90, 180, 270], [0, 90, 180, 270]]
number of tiles: 80
using precomputed Gaussian
prediction done
debug: mirroring True mirror_axes (0, 1, 2)
step_size: 0.5
do mirror: True
data shape: (1, 138, 462, 462)
patch size: [ 48 192 192]
steps (x, y, and z): [[0, 22, 45, 68, 90], [0, 90, 180, 270], [0, 90, 180, 270]]
number of tiles: 80
using precomputed Gaussian
prediction done
debug: mirroring True mirror_axes (0, 1, 2)
step_size: 0.5
do mirror: True
data shape: (1, 138, 462, 462)
patch size: [ 48 192 192]
steps (x, y, and z): [[0, 22, 45, 68, 90], [0, 90, 180, 270], [0, 90, 180, 270]]
number of tiles: 80
using precomputed Gaussian
prediction done
predicting /exports/lkeb-hpc/smaijer/output/522/3d_fullres/nnUNetTrainerV2/BCV_test/imagesTs/img_0065.nii.gz
debug: mirroring True mirror_axes (0, 1, 2)
step_size: 0.5
do mirror: True
data shape: (1, 152, 494, 494)
patch size: [ 48 192 192]
steps (x, y, and z): [[0, 21, 42, 62, 83, 104], [0, 76, 151, 226, 302], [0, 76, 151, 226, 302]]
number of tiles: 150
using precomputed Gaussian
prediction done
debug: mirroring True mirror_axes (0, 1, 2)
step_size: 0.5
do mirror: True
data shape: (1, 152, 494, 494)
patch size: [ 48 192 192]
steps (x, y, and z): [[0, 21, 42, 62, 83, 104], [0, 76, 151, 226, 302], [0, 76, 151, 226, 302]]
number of tiles: 150
using precomputed Gaussian
prediction done
debug: mirroring True mirror_axes (0, 1, 2)
step_size: 0.5
do mirror: True
data shape: (1, 152, 494, 494)
patch size: [ 48 192 192]
steps (x, y, and z): [[0, 21, 42, 62, 83, 104], [0, 76, 151, 226, 302], [0, 76, 151, 226, 302]]
number of tiles: 150
using precomputed Gaussian
prediction done
debug: mirroring True mirror_axes (0, 1, 2)
step_size: 0.5
do mirror: True
data shape: (1, 152, 494, 494)
patch size: [ 48 192 192]
steps (x, y, and z): [[0, 21, 42, 62, 83, 104], [0, 76, 151, 226, 302], [0, 76, 151, 226, 302]]
number of tiles: 150
using precomputed Gaussian
prediction done
debug: mirroring True mirror_axes (0, 1, 2)
step_size: 0.5
do mirror: True
data shape: (1, 152, 494, 494)
patch size: [ 48 192 192]
steps (x, y, and z): [[0, 21, 42, 62, 83, 104], [0, 76, 151, 226, 302], [0, 76, 151, 226, 302]]
number of tiles: 150
using precomputed Gaussian
prediction done
This output is too large for python process-process communication. Saving output temporarily to disk
predicting /exports/lkeb-hpc/smaijer/output/522/3d_fullres/nnUNetTrainerV2/BCV_test/imagesTs/img_0064.nii.gz
debug: mirroring True mirror_axes (0, 1, 2)
step_size: 0.5
do mirror: True
data shape: (1, 159, 525, 525)
patch size: [ 48 192 192]
steps (x, y, and z): [[0, 22, 44, 67, 89, 111], [0, 83, 166, 250, 333], [0, 83, 166, 250, 333]]
number of tiles: 150
using precomputed Gaussian
prediction done
debug: mirroring True mirror_axes (0, 1, 2)
step_size: 0.5
do mirror: True
data shape: (1, 159, 525, 525)
patch size: [ 48 192 192]
steps (x, y, and z): [[0, 22, 44, 67, 89, 111], [0, 83, 166, 250, 333], [0, 83, 166, 250, 333]]
number of tiles: 150
using precomputed Gaussian
prediction done
debug: mirroring True mirror_axes (0, 1, 2)
step_size: 0.5
do mirror: True
data shape: (1, 159, 525, 525)
patch size: [ 48 192 192]
steps (x, y, and z): [[0, 22, 44, 67, 89, 111], [0, 83, 166, 250, 333], [0, 83, 166, 250, 333]]
number of tiles: 150
using precomputed Gaussian
prediction done
debug: mirroring True mirror_axes (0, 1, 2)
step_size: 0.5
do mirror: True
data shape: (1, 159, 525, 525)
patch size: [ 48 192 192]
steps (x, y, and z): [[0, 22, 44, 67, 89, 111], [0, 83, 166, 250, 333], [0, 83, 166, 250, 333]]
number of tiles: 150
using precomputed Gaussian
prediction done
debug: mirroring True mirror_axes (0, 1, 2)
step_size: 0.5
do mirror: True
data shape: (1, 159, 525, 525)
patch size: [ 48 192 192]
steps (x, y, and z): [[0, 22, 44, 67, 89, 111], [0, 83, 166, 250, 333], [0, 83, 166, 250, 333]]
number of tiles: 150
using precomputed Gaussian
prediction done
This output is too large for python process-process communication. Saving output temporarily to disk
predicting /exports/lkeb-hpc/smaijer/output/522/3d_fullres/nnUNetTrainerV2/BCV_test/imagesTs/img_0063.nii.gz
debug: mirroring True mirror_axes (0, 1, 2)
step_size: 0.5
do mirror: True
data shape: (1, 158, 537, 537)
patch size: [ 48 192 192]
steps (x, y, and z): [[0, 22, 44, 66, 88, 110], [0, 86, 172, 259, 345], [0, 86, 172, 259, 345]]
number of tiles: 150
using precomputed Gaussian
prediction done
debug: mirroring True mirror_axes (0, 1, 2)
step_size: 0.5
do mirror: True
data shape: (1, 158, 537, 537)
patch size: [ 48 192 192]
steps (x, y, and z): [[0, 22, 44, 66, 88, 110], [0, 86, 172, 259, 345], [0, 86, 172, 259, 345]]
number of tiles: 150
using precomputed Gaussian
prediction done
debug: mirroring True mirror_axes (0, 1, 2)
step_size: 0.5
do mirror: True
data shape: (1, 158, 537, 537)
patch size: [ 48 192 192]
steps (x, y, and z): [[0, 22, 44, 66, 88, 110], [0, 86, 172, 259, 345], [0, 86, 172, 259, 345]]
number of tiles: 150
using precomputed Gaussian
prediction done
debug: mirroring True mirror_axes (0, 1, 2)
step_size: 0.5
do mirror: True
data shape: (1, 158, 537, 537)
patch size: [ 48 192 192]
steps (x, y, and z): [[0, 22, 44, 66, 88, 110], [0, 86, 172, 259, 345], [0, 86, 172, 259, 345]]
number of tiles: 150
using precomputed Gaussian
prediction done
debug: mirroring True mirror_axes (0, 1, 2)
step_size: 0.5
do mirror: True
data shape: (1, 158, 537, 537)
patch size: [ 48 192 192]
steps (x, y, and z): [[0, 22, 44, 66, 88, 110], [0, 86, 172, 259, 345], [0, 86, 172, 259, 345]]
number of tiles: 150
using precomputed Gaussian
prediction done
This output is too large for python process-process communication. Saving output temporarily to disk
predicting /exports/lkeb-hpc/smaijer/output/522/3d_fullres/nnUNetTrainerV2/BCV_test/imagesTs/img_0066.nii.gz
debug: mirroring True mirror_axes (0, 1, 2)
step_size: 0.5
do mirror: True
data shape: (1, 171, 566, 566)
patch size: [ 48 192 192]
steps (x, y, and z): [[0, 20, 41, 62, 82, 102, 123], [0, 94, 187, 280, 374], [0, 94, 187, 280, 374]]
number of tiles: 175
using precomputed Gaussian
prediction done
debug: mirroring True mirror_axes (0, 1, 2)
step_size: 0.5
do mirror: True
data shape: (1, 171, 566, 566)
patch size: [ 48 192 192]
steps (x, y, and z): [[0, 20, 41, 62, 82, 102, 123], [0, 94, 187, 280, 374], [0, 94, 187, 280, 374]]
number of tiles: 175
using precomputed Gaussian
prediction done
debug: mirroring True mirror_axes (0, 1, 2)
step_size: 0.5
do mirror: True
data shape: (1, 171, 566, 566)
patch size: [ 48 192 192]
steps (x, y, and z): [[0, 20, 41, 62, 82, 102, 123], [0, 94, 187, 280, 374], [0, 94, 187, 280, 374]]
number of tiles: 175
using precomputed Gaussian
prediction done
debug: mirroring True mirror_axes (0, 1, 2)
step_size: 0.5
do mirror: True
data shape: (1, 171, 566, 566)
patch size: [ 48 192 192]
steps (x, y, and z): [[0, 20, 41, 62, 82, 102, 123], [0, 94, 187, 280, 374], [0, 94, 187, 280, 374]]
number of tiles: 175
using precomputed Gaussian
prediction done
debug: mirroring True mirror_axes (0, 1, 2)
step_size: 0.5
do mirror: True
data shape: (1, 171, 566, 566)
patch size: [ 48 192 192]
steps (x, y, and z): [[0, 20, 41, 62, 82, 102, 123], [0, 94, 187, 280, 374], [0, 94, 187, 280, 374]]
number of tiles: 175
using precomputed Gaussian
prediction done
This output is too large for python process-process communication. Saving output temporarily to disk
predicting /exports/lkeb-hpc/smaijer/output/522/3d_fullres/nnUNetTrainerV2/BCV_test/imagesTs/img_0062.nii.gz
debug: mirroring True mirror_axes (0, 1, 2)
step_size: 0.5
do mirror: True
data shape: (1, 150, 639, 639)
patch size: [ 48 192 192]
steps (x, y, and z): [[0, 20, 41, 61, 82, 102], [0, 89, 179, 268, 358, 447], [0, 89, 179, 268, 358, 447]]
number of tiles: 216
using precomputed Gaussian
prediction done
debug: mirroring True mirror_axes (0, 1, 2)
step_size: 0.5
do mirror: True
data shape: (1, 150, 639, 639)
patch size: [ 48 192 192]
steps (x, y, and z): [[0, 20, 41, 61, 82, 102], [0, 89, 179, 268, 358, 447], [0, 89, 179, 268, 358, 447]]
number of tiles: 216
using precomputed Gaussian
prediction done
debug: mirroring True mirror_axes (0, 1, 2)
step_size: 0.5
do mirror: True
data shape: (1, 150, 639, 639)
patch size: [ 48 192 192]
steps (x, y, and z): [[0, 20, 41, 61, 82, 102], [0, 89, 179, 268, 358, 447], [0, 89, 179, 268, 358, 447]]
number of tiles: 216
using precomputed Gaussian
prediction done
debug: mirroring True mirror_axes (0, 1, 2)
step_size: 0.5
do mirror: True
data shape: (1, 150, 639, 639)
patch size: [ 48 192 192]
steps (x, y, and z): [[0, 20, 41, 61, 82, 102], [0, 89, 179, 268, 358, 447], [0, 89, 179, 268, 358, 447]]
number of tiles: 216
using precomputed Gaussian
prediction done
debug: mirroring True mirror_axes (0, 1, 2)
step_size: 0.5
do mirror: True
data shape: (1, 150, 639, 639)
patch size: [ 48 192 192]
steps (x, y, and z): [[0, 20, 41, 61, 82, 102], [0, 89, 179, 268, 358, 447], [0, 89, 179, 268, 358, 447]]
number of tiles: 216
using precomputed Gaussian
prediction done
This output is too large for python process-process communication. Saving output temporarily to disk
predicting /exports/lkeb-hpc/smaijer/output/522/3d_fullres/nnUNetTrainerV2/BCV_test/imagesTs/img_0067.nii.gz
debug: mirroring True mirror_axes (0, 1, 2)
step_size: 0.5
do mirror: True
data shape: (1, 173, 565, 565)
patch size: [ 48 192 192]
steps (x, y, and z): [[0, 21, 42, 62, 83, 104, 125], [0, 93, 186, 280, 373], [0, 93, 186, 280, 373]]
number of tiles: 175
using precomputed Gaussian
prediction done
debug: mirroring True mirror_axes (0, 1, 2)
step_size: 0.5
do mirror: True
data shape: (1, 173, 565, 565)
patch size: [ 48 192 192]
steps (x, y, and z): [[0, 21, 42, 62, 83, 104, 125], [0, 93, 186, 280, 373], [0, 93, 186, 280, 373]]
number of tiles: 175
using precomputed Gaussian
prediction done
debug: mirroring True mirror_axes (0, 1, 2)
step_size: 0.5
do mirror: True
data shape: (1, 173, 565, 565)
patch size: [ 48 192 192]
steps (x, y, and z): [[0, 21, 42, 62, 83, 104, 125], [0, 93, 186, 280, 373], [0, 93, 186, 280, 373]]
number of tiles: 175
using precomputed Gaussian
prediction done
debug: mirroring True mirror_axes (0, 1, 2)
step_size: 0.5
do mirror: True
data shape: (1, 173, 565, 565)
patch size: [ 48 192 192]
steps (x, y, and z): [[0, 21, 42, 62, 83, 104, 125], [0, 93, 186, 280, 373], [0, 93, 186, 280, 373]]
number of tiles: 175
using precomputed Gaussian
prediction done
debug: mirroring True mirror_axes (0, 1, 2)
step_size: 0.5
do mirror: True
data shape: (1, 173, 565, 565)
patch size: [ 48 192 192]
steps (x, y, and z): [[0, 21, 42, 62, 83, 104, 125], [0, 93, 186, 280, 373], [0, 93, 186, 280, 373]]
number of tiles: 175
using precomputed Gaussian
prediction done
This output is too large for python process-process communication. Saving output temporarily to disk
predicting /exports/lkeb-hpc/smaijer/output/522/3d_fullres/nnUNetTrainerV2/BCV_test/imagesTs/img_0071.nii.gz
debug: mirroring True mirror_axes (0, 1, 2)
step_size: 0.5
do mirror: True
data shape: (1, 183, 595, 595)
patch size: [ 48 192 192]
steps (x, y, and z): [[0, 22, 45, 68, 90, 112, 135], [0, 81, 161, 242, 322, 403], [0, 81, 161, 242, 322, 403]]
number of tiles: 252
using precomputed Gaussian
prediction done
debug: mirroring True mirror_axes (0, 1, 2)
step_size: 0.5
do mirror: True
data shape: (1, 183, 595, 595)
patch size: [ 48 192 192]
steps (x, y, and z): [[0, 22, 45, 68, 90, 112, 135], [0, 81, 161, 242, 322, 403], [0, 81, 161, 242, 322, 403]]
number of tiles: 252
using precomputed Gaussian
prediction done
debug: mirroring True mirror_axes (0, 1, 2)
step_size: 0.5
do mirror: True
data shape: (1, 183, 595, 595)
patch size: [ 48 192 192]
steps (x, y, and z): [[0, 22, 45, 68, 90, 112, 135], [0, 81, 161, 242, 322, 403], [0, 81, 161, 242, 322, 403]]
number of tiles: 252
using precomputed Gaussian
prediction done
debug: mirroring True mirror_axes (0, 1, 2)
step_size: 0.5
do mirror: True
data shape: (1, 183, 595, 595)
patch size: [ 48 192 192]
steps (x, y, and z): [[0, 22, 45, 68, 90, 112, 135], [0, 81, 161, 242, 322, 403], [0, 81, 161, 242, 322, 403]]
number of tiles: 252
using precomputed Gaussian
prediction done
debug: mirroring True mirror_axes (0, 1, 2)
step_size: 0.5
do mirror: True
data shape: (1, 183, 595, 595)
patch size: [ 48 192 192]
steps (x, y, and z): [[0, 22, 45, 68, 90, 112, 135], [0, 81, 161, 242, 322, 403], [0, 81, 161, 242, 322, 403]]
number of tiles: 252
using precomputed Gaussian
prediction done
This output is too large for python process-process communication. Saving output temporarily to disk
predicting /exports/lkeb-hpc/smaijer/output/522/3d_fullres/nnUNetTrainerV2/BCV_test/imagesTs/img_0070.nii.gz
debug: mirroring True mirror_axes (0, 1, 2)
step_size: 0.5
do mirror: True
data shape: (1, 120, 492, 492)
patch size: [ 48 192 192]
steps (x, y, and z): [[0, 24, 48, 72], [0, 75, 150, 225, 300], [0, 75, 150, 225, 300]]
number of tiles: 100
using precomputed Gaussian
prediction done
debug: mirroring True mirror_axes (0, 1, 2)
step_size: 0.5
do mirror: True
data shape: (1, 120, 492, 492)
patch size: [ 48 192 192]
steps (x, y, and z): [[0, 24, 48, 72], [0, 75, 150, 225, 300], [0, 75, 150, 225, 300]]
number of tiles: 100
using precomputed Gaussian
prediction done
debug: mirroring True mirror_axes (0, 1, 2)
step_size: 0.5
do mirror: True
data shape: (1, 120, 492, 492)
patch size: [ 48 192 192]
steps (x, y, and z): [[0, 24, 48, 72], [0, 75, 150, 225, 300], [0, 75, 150, 225, 300]]
number of tiles: 100
using precomputed Gaussian
prediction done
debug: mirroring True mirror_axes (0, 1, 2)
step_size: 0.5
do mirror: True
data shape: (1, 120, 492, 492)
patch size: [ 48 192 192]
steps (x, y, and z): [[0, 24, 48, 72], [0, 75, 150, 225, 300], [0, 75, 150, 225, 300]]
number of tiles: 100
using precomputed Gaussian
prediction done
debug: mirroring True mirror_axes (0, 1, 2)
step_size: 0.5
do mirror: True
data shape: (1, 120, 492, 492)
patch size: [ 48 192 192]
steps (x, y, and z): [[0, 24, 48, 72], [0, 75, 150, 225, 300], [0, 75, 150, 225, 300]]
number of tiles: 100
using precomputed Gaussian
prediction done
predicting /exports/lkeb-hpc/smaijer/output/522/3d_fullres/nnUNetTrainerV2/BCV_test/imagesTs/img_0069.nii.gz
debug: mirroring True mirror_axes (0, 1, 2)
step_size: 0.5
do mirror: True
data shape: (1, 162, 533, 533)
patch size: [ 48 192 192]
steps (x, y, and z): [[0, 23, 46, 68, 91, 114], [0, 85, 170, 256, 341], [0, 85, 170, 256, 341]]
number of tiles: 150
using precomputed Gaussian
prediction done
debug: mirroring True mirror_axes (0, 1, 2)
step_size: 0.5
do mirror: True
data shape: (1, 162, 533, 533)
patch size: [ 48 192 192]
steps (x, y, and z): [[0, 23, 46, 68, 91, 114], [0, 85, 170, 256, 341], [0, 85, 170, 256, 341]]
number of tiles: 150
using precomputed Gaussian
prediction done
debug: mirroring True mirror_axes (0, 1, 2)
step_size: 0.5
do mirror: True
data shape: (1, 162, 533, 533)
patch size: [ 48 192 192]
steps (x, y, and z): [[0, 23, 46, 68, 91, 114], [0, 85, 170, 256, 341], [0, 85, 170, 256, 341]]
number of tiles: 150
using precomputed Gaussian
prediction done
debug: mirroring True mirror_axes (0, 1, 2)
step_size: 0.5
do mirror: True
data shape: (1, 162, 533, 533)
patch size: [ 48 192 192]
steps (x, y, and z): [[0, 23, 46, 68, 91, 114], [0, 85, 170, 256, 341], [0, 85, 170, 256, 341]]
number of tiles: 150
using precomputed Gaussian
prediction done
debug: mirroring True mirror_axes (0, 1, 2)
step_size: 0.5
do mirror: True
data shape: (1, 162, 533, 533)
patch size: [ 48 192 192]
steps (x, y, and z): [[0, 23, 46, 68, 91, 114], [0, 85, 170, 256, 341], [0, 85, 170, 256, 341]]
number of tiles: 150
using precomputed Gaussian
prediction done
This output is too large for python process-process communication. Saving output temporarily to disk
predicting /exports/lkeb-hpc/smaijer/output/522/3d_fullres/nnUNetTrainerV2/BCV_test/imagesTs/img_0072.nii.gz
debug: mirroring True mirror_axes (0, 1, 2)
step_size: 0.5
do mirror: True
data shape: (1, 152, 486, 486)
patch size: [ 48 192 192]
steps (x, y, and z): [[0, 21, 42, 62, 83, 104], [0, 74, 147, 220, 294], [0, 74, 147, 220, 294]]
number of tiles: 150
using precomputed Gaussian
prediction done
debug: mirroring True mirror_axes (0, 1, 2)
step_size: 0.5
do mirror: True
data shape: (1, 152, 486, 486)
patch size: [ 48 192 192]
steps (x, y, and z): [[0, 21, 42, 62, 83, 104], [0, 74, 147, 220, 294], [0, 74, 147, 220, 294]]
number of tiles: 150
using precomputed Gaussian
prediction done
debug: mirroring True mirror_axes (0, 1, 2)
step_size: 0.5
do mirror: True
data shape: (1, 152, 486, 486)
patch size: [ 48 192 192]
steps (x, y, and z): [[0, 21, 42, 62, 83, 104], [0, 74, 147, 220, 294], [0, 74, 147, 220, 294]]
number of tiles: 150
using precomputed Gaussian
prediction done
debug: mirroring True mirror_axes (0, 1, 2)
step_size: 0.5
do mirror: True
data shape: (1, 152, 486, 486)
patch size: [ 48 192 192]
steps (x, y, and z): [[0, 21, 42, 62, 83, 104], [0, 74, 147, 220, 294], [0, 74, 147, 220, 294]]
number of tiles: 150
using precomputed Gaussian
prediction done
debug: mirroring True mirror_axes (0, 1, 2)
step_size: 0.5
do mirror: True
data shape: (1, 152, 486, 486)
patch size: [ 48 192 192]
steps (x, y, and z): [[0, 21, 42, 62, 83, 104], [0, 74, 147, 220, 294], [0, 74, 147, 220, 294]]
number of tiles: 150
using precomputed Gaussian
prediction done
This output is too large for python process-process communication. Saving output temporarily to disk
predicting /exports/lkeb-hpc/smaijer/output/522/3d_fullres/nnUNetTrainerV2/BCV_test/imagesTs/img_0068.nii.gz
debug: mirroring True mirror_axes (0, 1, 2)
step_size: 0.5
do mirror: True
data shape: (1, 143, 475, 475)
patch size: [ 48 192 192]
steps (x, y, and z): [[0, 24, 48, 71, 95], [0, 94, 189, 283], [0, 94, 189, 283]]
number of tiles: 80
using precomputed Gaussian
prediction done
debug: mirroring True mirror_axes (0, 1, 2)
step_size: 0.5
do mirror: True
data shape: (1, 143, 475, 475)
patch size: [ 48 192 192]
steps (x, y, and z): [[0, 24, 48, 71, 95], [0, 94, 189, 283], [0, 94, 189, 283]]
number of tiles: 80
using precomputed Gaussian
prediction done
debug: mirroring True mirror_axes (0, 1, 2)
step_size: 0.5
do mirror: True
data shape: (1, 143, 475, 475)
patch size: [ 48 192 192]
steps (x, y, and z): [[0, 24, 48, 71, 95], [0, 94, 189, 283], [0, 94, 189, 283]]
number of tiles: 80
using precomputed Gaussian
prediction done
debug: mirroring True mirror_axes (0, 1, 2)
step_size: 0.5
do mirror: True
data shape: (1, 143, 475, 475)
patch size: [ 48 192 192]
steps (x, y, and z): [[0, 24, 48, 71, 95], [0, 94, 189, 283], [0, 94, 189, 283]]
number of tiles: 80
using precomputed Gaussian
prediction done
debug: mirroring True mirror_axes (0, 1, 2)
step_size: 0.5
do mirror: True
data shape: (1, 143, 475, 475)
patch size: [ 48 192 192]
steps (x, y, and z): [[0, 24, 48, 71, 95], [0, 94, 189, 283], [0, 94, 189, 283]]
number of tiles: 80
using precomputed Gaussian
prediction done
This output is too large for python process-process communication. Saving output temporarily to disk
predicting /exports/lkeb-hpc/smaijer/output/522/3d_fullres/nnUNetTrainerV2/BCV_test/imagesTs/img_0073.nii.gz
debug: mirroring True mirror_axes (0, 1, 2)
step_size: 0.5
do mirror: True
data shape: (1, 130, 368, 368)
patch size: [ 48 192 192]
steps (x, y, and z): [[0, 20, 41, 62, 82], [0, 88, 176], [0, 88, 176]]
number of tiles: 45
using precomputed Gaussian
prediction done
debug: mirroring True mirror_axes (0, 1, 2)
step_size: 0.5
do mirror: True
data shape: (1, 130, 368, 368)
patch size: [ 48 192 192]
steps (x, y, and z): [[0, 20, 41, 62, 82], [0, 88, 176], [0, 88, 176]]
number of tiles: 45
using precomputed Gaussian
prediction done
debug: mirroring True mirror_axes (0, 1, 2)
step_size: 0.5
do mirror: True
data shape: (1, 130, 368, 368)
patch size: [ 48 192 192]
steps (x, y, and z): [[0, 20, 41, 62, 82], [0, 88, 176], [0, 88, 176]]
number of tiles: 45
using precomputed Gaussian
prediction done
debug: mirroring True mirror_axes (0, 1, 2)
step_size: 0.5
do mirror: True
data shape: (1, 130, 368, 368)
patch size: [ 48 192 192]
steps (x, y, and z): [[0, 20, 41, 62, 82], [0, 88, 176], [0, 88, 176]]
number of tiles: 45
using precomputed Gaussian
prediction done
debug: mirroring True mirror_axes (0, 1, 2)
step_size: 0.5
do mirror: True
data shape: (1, 130, 368, 368)
patch size: [ 48 192 192]
steps (x, y, and z): [[0, 20, 41, 62, 82], [0, 88, 176], [0, 88, 176]]
number of tiles: 45
using precomputed Gaussian
prediction done
predicting /exports/lkeb-hpc/smaijer/output/522/3d_fullres/nnUNetTrainerV2/BCV_test/imagesTs/img_0077.nii.gz
debug: mirroring True mirror_axes (0, 1, 2)
step_size: 0.5
do mirror: True
data shape: (1, 151, 530, 530)
patch size: [ 48 192 192]
steps (x, y, and z): [[0, 21, 41, 62, 82, 103], [0, 84, 169, 254, 338], [0, 84, 169, 254, 338]]
number of tiles: 150
using precomputed Gaussian
prediction done
debug: mirroring True mirror_axes (0, 1, 2)
step_size: 0.5
do mirror: True
data shape: (1, 151, 530, 530)
patch size: [ 48 192 192]
steps (x, y, and z): [[0, 21, 41, 62, 82, 103], [0, 84, 169, 254, 338], [0, 84, 169, 254, 338]]
number of tiles: 150
using precomputed Gaussian
prediction done
debug: mirroring True mirror_axes (0, 1, 2)
step_size: 0.5
do mirror: True
data shape: (1, 151, 530, 530)
patch size: [ 48 192 192]
steps (x, y, and z): [[0, 21, 41, 62, 82, 103], [0, 84, 169, 254, 338], [0, 84, 169, 254, 338]]
number of tiles: 150
using precomputed Gaussian
prediction done
debug: mirroring True mirror_axes (0, 1, 2)
step_size: 0.5
do mirror: True
data shape: (1, 151, 530, 530)
patch size: [ 48 192 192]
steps (x, y, and z): [[0, 21, 41, 62, 82, 103], [0, 84, 169, 254, 338], [0, 84, 169, 254, 338]]
number of tiles: 150
using precomputed Gaussian
prediction done
debug: mirroring True mirror_axes (0, 1, 2)
step_size: 0.5
do mirror: True
data shape: (1, 151, 530, 530)
patch size: [ 48 192 192]
steps (x, y, and z): [[0, 21, 41, 62, 82, 103], [0, 84, 169, 254, 338], [0, 84, 169, 254, 338]]
number of tiles: 150
using precomputed Gaussian
prediction done
This output is too large for python process-process communication. Saving output temporarily to disk
predicting /exports/lkeb-hpc/smaijer/output/522/3d_fullres/nnUNetTrainerV2/BCV_test/imagesTs/img_0076.nii.gz
debug: mirroring True mirror_axes (0, 1, 2)
step_size: 0.5
do mirror: True
data shape: (1, 113, 528, 528)
patch size: [ 48 192 192]
steps (x, y, and z): [[0, 22, 43, 65], [0, 84, 168, 252, 336], [0, 84, 168, 252, 336]]
number of tiles: 100
using precomputed Gaussian
prediction done
debug: mirroring True mirror_axes (0, 1, 2)
step_size: 0.5
do mirror: True
data shape: (1, 113, 528, 528)
patch size: [ 48 192 192]
steps (x, y, and z): [[0, 22, 43, 65], [0, 84, 168, 252, 336], [0, 84, 168, 252, 336]]
number of tiles: 100
using precomputed Gaussian
prediction done
debug: mirroring True mirror_axes (0, 1, 2)
step_size: 0.5
do mirror: True
data shape: (1, 113, 528, 528)
patch size: [ 48 192 192]
steps (x, y, and z): [[0, 22, 43, 65], [0, 84, 168, 252, 336], [0, 84, 168, 252, 336]]
number of tiles: 100
using precomputed Gaussian
prediction done
debug: mirroring True mirror_axes (0, 1, 2)
step_size: 0.5
do mirror: True
data shape: (1, 113, 528, 528)
patch size: [ 48 192 192]
steps (x, y, and z): [[0, 22, 43, 65], [0, 84, 168, 252, 336], [0, 84, 168, 252, 336]]
number of tiles: 100
using precomputed Gaussian
prediction done
debug: mirroring True mirror_axes (0, 1, 2)
step_size: 0.5
do mirror: True
data shape: (1, 113, 528, 528)
patch size: [ 48 192 192]
steps (x, y, and z): [[0, 22, 43, 65], [0, 84, 168, 252, 336], [0, 84, 168, 252, 336]]
number of tiles: 100
using precomputed Gaussian
prediction done
This output is too large for python process-process communication. Saving output temporarily to disk
predicting /exports/lkeb-hpc/smaijer/output/522/3d_fullres/nnUNetTrainerV2/BCV_test/imagesTs/img_0075.nii.gz
debug: mirroring True mirror_axes (0, 1, 2)
step_size: 0.5
do mirror: True
data shape: (1, 155, 660, 660)
patch size: [ 48 192 192]
steps (x, y, and z): [[0, 21, 43, 64, 86, 107], [0, 94, 187, 281, 374, 468], [0, 94, 187, 281, 374, 468]]
number of tiles: 216
using precomputed Gaussian
prediction done
debug: mirroring True mirror_axes (0, 1, 2)
step_size: 0.5
do mirror: True
data shape: (1, 155, 660, 660)
patch size: [ 48 192 192]
steps (x, y, and z): [[0, 21, 43, 64, 86, 107], [0, 94, 187, 281, 374, 468], [0, 94, 187, 281, 374, 468]]
number of tiles: 216
using precomputed Gaussian
prediction done
debug: mirroring True mirror_axes (0, 1, 2)
step_size: 0.5
do mirror: True
data shape: (1, 155, 660, 660)
patch size: [ 48 192 192]
steps (x, y, and z): [[0, 21, 43, 64, 86, 107], [0, 94, 187, 281, 374, 468], [0, 94, 187, 281, 374, 468]]
number of tiles: 216
using precomputed Gaussian
prediction done
debug: mirroring True mirror_axes (0, 1, 2)
step_size: 0.5
do mirror: True
data shape: (1, 155, 660, 660)
patch size: [ 48 192 192]
steps (x, y, and z): [[0, 21, 43, 64, 86, 107], [0, 94, 187, 281, 374, 468], [0, 94, 187, 281, 374, 468]]
number of tiles: 216
using precomputed Gaussian
prediction done
debug: mirroring True mirror_axes (0, 1, 2)
step_size: 0.5
do mirror: True
data shape: (1, 155, 660, 660)
patch size: [ 48 192 192]
steps (x, y, and z): [[0, 21, 43, 64, 86, 107], [0, 94, 187, 281, 374, 468], [0, 94, 187, 281, 374, 468]]
number of tiles: 216
using precomputed Gaussian
prediction done
This output is too large for python process-process communication. Saving output temporarily to disk
predicting /exports/lkeb-hpc/smaijer/output/522/3d_fullres/nnUNetTrainerV2/BCV_test/imagesTs/img_0078.nii.gz
debug: mirroring True mirror_axes (0, 1, 2)
step_size: 0.5
do mirror: True
data shape: (1, 148, 585, 585)
patch size: [ 48 192 192]
steps (x, y, and z): [[0, 20, 40, 60, 80, 100], [0, 79, 157, 236, 314, 393], [0, 79, 157, 236, 314, 393]]
number of tiles: 216
using precomputed Gaussian
prediction done
debug: mirroring True mirror_axes (0, 1, 2)
step_size: 0.5
do mirror: True
data shape: (1, 148, 585, 585)
patch size: [ 48 192 192]
steps (x, y, and z): [[0, 20, 40, 60, 80, 100], [0, 79, 157, 236, 314, 393], [0, 79, 157, 236, 314, 393]]
number of tiles: 216
using precomputed Gaussian
prediction done
debug: mirroring True mirror_axes (0, 1, 2)
step_size: 0.5
do mirror: True
data shape: (1, 148, 585, 585)
patch size: [ 48 192 192]
steps (x, y, and z): [[0, 20, 40, 60, 80, 100], [0, 79, 157, 236, 314, 393], [0, 79, 157, 236, 314, 393]]
number of tiles: 216
using precomputed Gaussian
prediction done
debug: mirroring True mirror_axes (0, 1, 2)
step_size: 0.5
do mirror: True
data shape: (1, 148, 585, 585)
patch size: [ 48 192 192]
steps (x, y, and z): [[0, 20, 40, 60, 80, 100], [0, 79, 157, 236, 314, 393], [0, 79, 157, 236, 314, 393]]
number of tiles: 216
using precomputed Gaussian
prediction done
debug: mirroring True mirror_axes (0, 1, 2)
step_size: 0.5
do mirror: True
data shape: (1, 148, 585, 585)
patch size: [ 48 192 192]
steps (x, y, and z): [[0, 20, 40, 60, 80, 100], [0, 79, 157, 236, 314, 393], [0, 79, 157, 236, 314, 393]]
number of tiles: 216
using precomputed Gaussian
prediction done
This output is too large for python process-process communication. Saving output temporarily to disk
predicting /exports/lkeb-hpc/smaijer/output/522/3d_fullres/nnUNetTrainerV2/BCV_test/imagesTs/img_0074.nii.gz
debug: mirroring True mirror_axes (0, 1, 2)
step_size: 0.5
do mirror: True
data shape: (1, 143, 528, 528)
patch size: [ 48 192 192]
steps (x, y, and z): [[0, 24, 48, 71, 95], [0, 84, 168, 252, 336], [0, 84, 168, 252, 336]]
number of tiles: 125
using precomputed Gaussian
prediction done
debug: mirroring True mirror_axes (0, 1, 2)
step_size: 0.5
do mirror: True
data shape: (1, 143, 528, 528)
patch size: [ 48 192 192]
steps (x, y, and z): [[0, 24, 48, 71, 95], [0, 84, 168, 252, 336], [0, 84, 168, 252, 336]]
number of tiles: 125
using precomputed Gaussian
prediction done
debug: mirroring True mirror_axes (0, 1, 2)
step_size: 0.5
do mirror: True
data shape: (1, 143, 528, 528)
patch size: [ 48 192 192]
steps (x, y, and z): [[0, 24, 48, 71, 95], [0, 84, 168, 252, 336], [0, 84, 168, 252, 336]]
number of tiles: 125
using precomputed Gaussian
prediction done
debug: mirroring True mirror_axes (0, 1, 2)
step_size: 0.5
do mirror: True
data shape: (1, 143, 528, 528)
patch size: [ 48 192 192]
steps (x, y, and z): [[0, 24, 48, 71, 95], [0, 84, 168, 252, 336], [0, 84, 168, 252, 336]]
number of tiles: 125
using precomputed Gaussian
prediction done
debug: mirroring True mirror_axes (0, 1, 2)
step_size: 0.5
do mirror: True
data shape: (1, 143, 528, 528)
patch size: [ 48 192 192]
steps (x, y, and z): [[0, 24, 48, 71, 95], [0, 84, 168, 252, 336], [0, 84, 168, 252, 336]]
number of tiles: 125
using precomputed Gaussian
prediction done
This output is too large for python process-process communication. Saving output temporarily to disk
predicting /exports/lkeb-hpc/smaijer/output/522/3d_fullres/nnUNetTrainerV2/BCV_test/imagesTs/img_0079.nii.gz
debug: mirroring True mirror_axes (0, 1, 2)
step_size: 0.5
do mirror: True
data shape: (1, 145, 660, 660)
patch size: [ 48 192 192]
steps (x, y, and z): [[0, 19, 39, 58, 78, 97], [0, 94, 187, 281, 374, 468], [0, 94, 187, 281, 374, 468]]
number of tiles: 216
using precomputed Gaussian
prediction done
debug: mirroring True mirror_axes (0, 1, 2)
step_size: 0.5
do mirror: True
data shape: (1, 145, 660, 660)
patch size: [ 48 192 192]
steps (x, y, and z): [[0, 19, 39, 58, 78, 97], [0, 94, 187, 281, 374, 468], [0, 94, 187, 281, 374, 468]]
number of tiles: 216
using precomputed Gaussian
prediction done
debug: mirroring True mirror_axes (0, 1, 2)
step_size: 0.5
do mirror: True
data shape: (1, 145, 660, 660)
patch size: [ 48 192 192]
steps (x, y, and z): [[0, 19, 39, 58, 78, 97], [0, 94, 187, 281, 374, 468], [0, 94, 187, 281, 374, 468]]
number of tiles: 216
using precomputed Gaussian
prediction done
debug: mirroring True mirror_axes (0, 1, 2)
step_size: 0.5
do mirror: True
data shape: (1, 145, 660, 660)
patch size: [ 48 192 192]
steps (x, y, and z): [[0, 19, 39, 58, 78, 97], [0, 94, 187, 281, 374, 468], [0, 94, 187, 281, 374, 468]]
number of tiles: 216
using precomputed Gaussian
prediction done
debug: mirroring True mirror_axes (0, 1, 2)
step_size: 0.5
do mirror: True
data shape: (1, 145, 660, 660)
patch size: [ 48 192 192]
steps (x, y, and z): [[0, 19, 39, 58, 78, 97], [0, 94, 187, 281, 374, 468], [0, 94, 187, 281, 374, 468]]
number of tiles: 216
using precomputed Gaussian
prediction done
This output is too large for python process-process communication. Saving output temporarily to disk
predicting /exports/lkeb-hpc/smaijer/output/522/3d_fullres/nnUNetTrainerV2/BCV_test/imagesTs/img_0080.nii.gz
debug: mirroring True mirror_axes (0, 1, 2)
step_size: 0.5
do mirror: True
data shape: (1, 158, 528, 528)
patch size: [ 48 192 192]
steps (x, y, and z): [[0, 22, 44, 66, 88, 110], [0, 84, 168, 252, 336], [0, 84, 168, 252, 336]]
number of tiles: 150
using precomputed Gaussian
prediction done
debug: mirroring True mirror_axes (0, 1, 2)
step_size: 0.5
do mirror: True
data shape: (1, 158, 528, 528)
patch size: [ 48 192 192]
steps (x, y, and z): [[0, 22, 44, 66, 88, 110], [0, 84, 168, 252, 336], [0, 84, 168, 252, 336]]
number of tiles: 150
using precomputed Gaussian
prediction done
debug: mirroring True mirror_axes (0, 1, 2)
step_size: 0.5
do mirror: True
data shape: (1, 158, 528, 528)
patch size: [ 48 192 192]
steps (x, y, and z): [[0, 22, 44, 66, 88, 110], [0, 84, 168, 252, 336], [0, 84, 168, 252, 336]]
number of tiles: 150
using precomputed Gaussian
prediction done
debug: mirroring True mirror_axes (0, 1, 2)
step_size: 0.5
do mirror: True
data shape: (1, 158, 528, 528)
patch size: [ 48 192 192]
steps (x, y, and z): [[0, 22, 44, 66, 88, 110], [0, 84, 168, 252, 336], [0, 84, 168, 252, 336]]
number of tiles: 150
using precomputed Gaussian
prediction done
debug: mirroring True mirror_axes (0, 1, 2)
step_size: 0.5
do mirror: True
data shape: (1, 158, 528, 528)
patch size: [ 48 192 192]
steps (x, y, and z): [[0, 22, 44, 66, 88, 110], [0, 84, 168, 252, 336], [0, 84, 168, 252, 336]]
number of tiles: 150
using precomputed Gaussian
prediction done
This output is too large for python process-process communication. Saving output temporarily to disk
inference done. Now waiting for the segmentation export to finish...
postprocessing...


Please cite the following paper when using nnUNet:

Isensee, F., Jaeger, P.F., Kohl, S.A.A. et al. "nnU-Net: a self-configuring method for deep learning-based biomedical image segmentation." Nat Methods (2020). https://doi.org/10.1038/s41592-020-01008-z


If you have questions or suggestions, feel free to open an issue at https://github.com/MIC-DKFZ/nnUNet

Program finished with exit code 0 at: Tue Aug  2 18:28:38 CEST 2022
