Starting at Sat Jun 18 17:37:25 CEST 2022
Running on hosts: res-hpc-lkeb04
Running on 1 nodes.
Running 1 tasks.
CPUs on node: 1.
Account: div2-lkeb
Job ID: 10579836
Job name: Init
Node running script: res-hpc-lkeb04
Submit host: res-hpc-lo02.researchlumc.nl
GPUS:  or 
No devices were found
Current working directory is /home/smaijer
Load all modules..
Collecting torch
  Using cached torch-1.11.0-cp310-cp310-manylinux1_x86_64.whl (750.6 MB)
Collecting torchvision
  Using cached torchvision-0.12.0-cp310-cp310-manylinux1_x86_64.whl (21.0 MB)
Collecting torchaudio
  Using cached torchaudio-0.11.0-cp310-cp310-manylinux1_x86_64.whl (2.9 MB)
Collecting typing-extensions
  Using cached typing_extensions-4.2.0-py3-none-any.whl (24 kB)
Collecting requests
  Using cached requests-2.28.0-py3-none-any.whl (62 kB)
Collecting numpy
  Using cached numpy-1.23.0-cp310-cp310-manylinux_2_17_x86_64.manylinux2014_x86_64.whl (17.0 MB)
Collecting pillow!=8.3.*,>=5.3.0
  Using cached Pillow-9.1.1-cp310-cp310-manylinux_2_17_x86_64.manylinux2014_x86_64.whl (3.1 MB)
Collecting charset-normalizer~=2.0.0
  Using cached charset_normalizer-2.0.12-py3-none-any.whl (39 kB)
Collecting urllib3<1.27,>=1.21.1
  Using cached urllib3-1.26.9-py2.py3-none-any.whl (138 kB)
Collecting idna<4,>=2.5
  Using cached idna-3.3-py3-none-any.whl (61 kB)
Collecting certifi>=2017.4.17
  Using cached certifi-2022.6.15-py3-none-any.whl (160 kB)
Installing collected packages: urllib3, typing-extensions, idna, charset-normalizer, certifi, torch, requests, pillow, numpy, torchvision, torchaudio
Successfully installed certifi-2022.6.15 charset-normalizer-2.0.12 idna-3.3 numpy-1.23.0 pillow-9.1.1 requests-2.28.0 torch-1.11.0 torchaudio-0.11.0 torchvision-0.12.0 typing-extensions-4.2.0 urllib3-1.26.9
7605
1.11.0+cu102
Obtaining file:///home/smaijer/nnUNet
Requirement already satisfied: torch>1.10.0 in /exports/lkeb-hpc/smaijer/venv_environments/pancreas/lib/python3.10/site-packages (from nnunet==1.7.0) (1.11.0)
Collecting tqdm
  Using cached tqdm-4.64.0-py2.py3-none-any.whl (78 kB)
Collecting dicom2nifti
  Using cached dicom2nifti-2.3.4-py3-none-any.whl
Collecting scikit-image>=0.14
  Using cached scikit_image-0.19.3-cp310-cp310-manylinux_2_17_x86_64.manylinux2014_x86_64.whl (13.9 MB)
Collecting medpy
  Using cached MedPy-0.4.0-py3-none-any.whl
Collecting scipy
  Using cached scipy-1.8.1-cp310-cp310-manylinux_2_17_x86_64.manylinux2014_x86_64.whl (42.2 MB)
Collecting batchgenerators>=0.23
  Using cached batchgenerators-0.24-py3-none-any.whl
Requirement already satisfied: numpy in /exports/lkeb-hpc/smaijer/venv_environments/pancreas/lib/python3.10/site-packages (from nnunet==1.7.0) (1.23.0)
Collecting sklearn
  Using cached sklearn-0.0-py2.py3-none-any.whl
Collecting SimpleITK
  Using cached SimpleITK-2.1.1.2-cp310-cp310-manylinux_2_12_x86_64.manylinux2010_x86_64.whl (48.4 MB)
Collecting pandas
  Using cached pandas-1.4.3-cp310-cp310-manylinux_2_17_x86_64.manylinux2014_x86_64.whl (11.6 MB)
Requirement already satisfied: requests in /exports/lkeb-hpc/smaijer/venv_environments/pancreas/lib/python3.10/site-packages (from nnunet==1.7.0) (2.28.0)
Collecting nibabel
  Using cached nibabel-4.0.1-py3-none-any.whl (3.3 MB)
Collecting tifffile
  Using cached tifffile-2022.5.4-py3-none-any.whl (195 kB)
Collecting matplotlib
  Using cached matplotlib-3.5.2-cp310-cp310-manylinux_2_17_x86_64.manylinux2014_x86_64.whl (11.9 MB)
Requirement already satisfied: pillow>=7.1.2 in /exports/lkeb-hpc/smaijer/venv_environments/pancreas/lib/python3.10/site-packages (from batchgenerators>=0.23->nnunet==1.7.0) (9.1.1)
Collecting future
  Using cached future-0.18.2-py3-none-any.whl
Collecting scikit-learn
  Using cached scikit_learn-1.1.1-cp310-cp310-manylinux_2_17_x86_64.manylinux2014_x86_64.whl (30.4 MB)
Collecting threadpoolctl
  Using cached threadpoolctl-3.1.0-py3-none-any.whl (14 kB)
Collecting unittest2
  Using cached unittest2-1.1.0-py2.py3-none-any.whl (96 kB)
Collecting imageio>=2.4.1
  Using cached imageio-2.19.3-py3-none-any.whl (3.4 MB)
Collecting PyWavelets>=1.1.1
  Using cached PyWavelets-1.3.0-cp310-cp310-manylinux_2_17_x86_64.manylinux2014_x86_64.whl (6.9 MB)
Collecting packaging>=20.0
  Using cached packaging-21.3-py3-none-any.whl (40 kB)
Collecting networkx>=2.2
  Using cached networkx-2.8.4-py3-none-any.whl (2.0 MB)
Collecting pyparsing!=3.0.5,>=2.0.2
  Using cached pyparsing-3.0.9-py3-none-any.whl (98 kB)
Requirement already satisfied: typing-extensions in /exports/lkeb-hpc/smaijer/venv_environments/pancreas/lib/python3.10/site-packages (from torch>1.10.0->nnunet==1.7.0) (4.2.0)
Collecting pydicom>=1.3.0
  Using cached pydicom-2.3.0-py3-none-any.whl (2.0 MB)
Collecting fonttools>=4.22.0
  Using cached fonttools-4.33.3-py3-none-any.whl (930 kB)
Collecting kiwisolver>=1.0.1
  Using cached kiwisolver-1.4.3-cp310-cp310-manylinux_2_12_x86_64.manylinux2010_x86_64.whl (1.6 MB)
Collecting python-dateutil>=2.7
  Using cached python_dateutil-2.8.2-py2.py3-none-any.whl (247 kB)
Collecting cycler>=0.10
  Using cached cycler-0.11.0-py3-none-any.whl (6.4 kB)
Collecting six>=1.5
  Using cached six-1.16.0-py2.py3-none-any.whl (11 kB)
Requirement already satisfied: setuptools in /exports/lkeb-hpc/smaijer/venv_environments/pancreas/lib/python3.10/site-packages (from nibabel->nnunet==1.7.0) (58.1.0)
Collecting pytz>=2020.1
  Using cached pytz-2022.1-py2.py3-none-any.whl (503 kB)
Requirement already satisfied: urllib3<1.27,>=1.21.1 in /exports/lkeb-hpc/smaijer/venv_environments/pancreas/lib/python3.10/site-packages (from requests->nnunet==1.7.0) (1.26.9)
Requirement already satisfied: charset-normalizer~=2.0.0 in /exports/lkeb-hpc/smaijer/venv_environments/pancreas/lib/python3.10/site-packages (from requests->nnunet==1.7.0) (2.0.12)
Requirement already satisfied: idna<4,>=2.5 in /exports/lkeb-hpc/smaijer/venv_environments/pancreas/lib/python3.10/site-packages (from requests->nnunet==1.7.0) (3.3)
Requirement already satisfied: certifi>=2017.4.17 in /exports/lkeb-hpc/smaijer/venv_environments/pancreas/lib/python3.10/site-packages (from requests->nnunet==1.7.0) (2022.6.15)
Collecting joblib>=1.0.0
  Using cached joblib-1.1.0-py2.py3-none-any.whl (306 kB)
Collecting argparse
  Using cached argparse-1.4.0-py2.py3-none-any.whl (23 kB)
Collecting traceback2
  Using cached traceback2-1.4.0-py2.py3-none-any.whl (16 kB)
Collecting linecache2
  Using cached linecache2-1.0.0-py2.py3-none-any.whl (12 kB)
Installing collected packages: pyparsing, linecache2, traceback2, tifffile, threadpoolctl, six, scipy, PyWavelets, packaging, networkx, joblib, imageio, argparse, unittest2, SimpleITK, scikit-learn, scikit-image, pytz, python-dateutil, pydicom, nibabel, kiwisolver, future, fonttools, cycler, tqdm, sklearn, pandas, medpy, matplotlib, dicom2nifti, batchgenerators, nnunet
  Running setup.py develop for nnunet
Successfully installed PyWavelets-1.3.0 SimpleITK-2.1.1.2 argparse-1.4.0 batchgenerators-0.24 cycler-0.11.0 dicom2nifti-2.3.4 fonttools-4.33.3 future-0.18.2 imageio-2.19.3 joblib-1.1.0 kiwisolver-1.4.3 linecache2-1.0.0 matplotlib-3.5.2 medpy-0.4.0 networkx-2.8.4 nibabel-4.0.1 nnunet-1.7.0 packaging-21.3 pandas-1.4.3 pydicom-2.3.0 pyparsing-3.0.9 python-dateutil-2.8.2 pytz-2022.1 scikit-image-0.19.3 scikit-learn-1.1.1 scipy-1.8.1 six-1.16.0 sklearn-0.0 threadpoolctl-3.1.0 tifffile-2022.5.4 tqdm-4.64.0 traceback2-1.4.0 unittest2-1.1.0
