WARNING: Target directory /exports/lkeb-hpc/smaijer/envs/nn/lib/python3.9/site-packages/urllib3 already exists. Specify --upgrade to force replacement.
WARNING: Target directory /exports/lkeb-hpc/smaijer/envs/nn/lib/python3.9/site-packages/urllib3-1.26.9.dist-info already exists. Specify --upgrade to force replacement.
WARNING: Target directory /exports/lkeb-hpc/smaijer/envs/nn/lib/python3.9/site-packages/typing_extensions.py already exists. Specify --upgrade to force replacement.
WARNING: Target directory /exports/lkeb-hpc/smaijer/envs/nn/lib/python3.9/site-packages/typing_extensions-4.2.0.dist-info already exists. Specify --upgrade to force replacement.
WARNING: Target directory /exports/lkeb-hpc/smaijer/envs/nn/lib/python3.9/site-packages/__pycache__ already exists. Specify --upgrade to force replacement.
WARNING: Target directory /exports/lkeb-hpc/smaijer/envs/nn/lib/python3.9/site-packages/idna already exists. Specify --upgrade to force replacement.
WARNING: Target directory /exports/lkeb-hpc/smaijer/envs/nn/lib/python3.9/site-packages/idna-3.3.dist-info already exists. Specify --upgrade to force replacement.
WARNING: Target directory /exports/lkeb-hpc/smaijer/envs/nn/lib/python3.9/site-packages/charset_normalizer already exists. Specify --upgrade to force replacement.
WARNING: Target directory /exports/lkeb-hpc/smaijer/envs/nn/lib/python3.9/site-packages/charset_normalizer-2.0.12.dist-info already exists. Specify --upgrade to force replacement.
WARNING: Target directory /exports/lkeb-hpc/smaijer/envs/nn/lib/python3.9/site-packages/certifi already exists. Specify --upgrade to force replacement.
WARNING: Target directory /exports/lkeb-hpc/smaijer/envs/nn/lib/python3.9/site-packages/certifi-2022.6.15.dist-info already exists. Specify --upgrade to force replacement.
WARNING: Target directory /exports/lkeb-hpc/smaijer/envs/nn/lib/python3.9/site-packages/torch-1.11.0.dist-info already exists. Specify --upgrade to force replacement.
WARNING: Target directory /exports/lkeb-hpc/smaijer/envs/nn/lib/python3.9/site-packages/torch already exists. Specify --upgrade to force replacement.
WARNING: Target directory /exports/lkeb-hpc/smaijer/envs/nn/lib/python3.9/site-packages/caffe2 already exists. Specify --upgrade to force replacement.
WARNING: Target directory /exports/lkeb-hpc/smaijer/envs/nn/lib/python3.9/site-packages/requests already exists. Specify --upgrade to force replacement.
WARNING: Target directory /exports/lkeb-hpc/smaijer/envs/nn/lib/python3.9/site-packages/requests-2.28.0.dist-info already exists. Specify --upgrade to force replacement.
WARNING: Target directory /exports/lkeb-hpc/smaijer/envs/nn/lib/python3.9/site-packages/Pillow.libs already exists. Specify --upgrade to force replacement.
WARNING: Target directory /exports/lkeb-hpc/smaijer/envs/nn/lib/python3.9/site-packages/PIL already exists. Specify --upgrade to force replacement.
WARNING: Target directory /exports/lkeb-hpc/smaijer/envs/nn/lib/python3.9/site-packages/Pillow-9.1.1.dist-info already exists. Specify --upgrade to force replacement.
WARNING: Target directory /exports/lkeb-hpc/smaijer/envs/nn/lib/python3.9/site-packages/numpy.libs already exists. Specify --upgrade to force replacement.
WARNING: Target directory /exports/lkeb-hpc/smaijer/envs/nn/lib/python3.9/site-packages/numpy already exists. Specify --upgrade to force replacement.
WARNING: Target directory /exports/lkeb-hpc/smaijer/envs/nn/lib/python3.9/site-packages/numpy-1.23.0.dist-info already exists. Specify --upgrade to force replacement.
WARNING: Target directory /exports/lkeb-hpc/smaijer/envs/nn/lib/python3.9/site-packages/torchvision-0.12.0.dist-info already exists. Specify --upgrade to force replacement.
WARNING: Target directory /exports/lkeb-hpc/smaijer/envs/nn/lib/python3.9/site-packages/torchvision.libs already exists. Specify --upgrade to force replacement.
WARNING: Target directory /exports/lkeb-hpc/smaijer/envs/nn/lib/python3.9/site-packages/torchvision already exists. Specify --upgrade to force replacement.
WARNING: Target directory /exports/lkeb-hpc/smaijer/envs/nn/lib/python3.9/site-packages/torchaudio-0.11.0.dist-info already exists. Specify --upgrade to force replacement.
WARNING: Target directory /exports/lkeb-hpc/smaijer/envs/nn/lib/python3.9/site-packages/torchaudio already exists. Specify --upgrade to force replacement.
WARNING: Target directory /exports/lkeb-hpc/smaijer/envs/nn/lib/python3.9/site-packages/bin already exists. Specify --upgrade to force replacement.
WARNING: You are using pip version 21.2.4; however, version 22.1.2 is available.
You should consider upgrading via the '/exports/lkeb-hpc/smaijer/venv_environments/thesisSusy/bin/python3 -m pip install --upgrade pip' command.
Traceback (most recent call last):
  File "<string>", line 1, in <module>
ModuleNotFoundError: No module named 'torch'
Traceback (most recent call last):
  File "<string>", line 1, in <module>
ModuleNotFoundError: No module named 'torch'
ERROR: /home/smaijer/nnUnet is not a valid editable requirement. It should either be a path to a local project or a VCS URL (beginning with bzr+http, bzr+https, bzr+ssh, bzr+sftp, bzr+ftp, bzr+lp, bzr+file, git+http, git+https, git+ssh, git+git, git+file, hg+file, hg+http, hg+https, hg+ssh, hg+static-http, svn+ssh, svn+http, svn+https, svn+svn, svn+file).
WARNING: You are using pip version 21.2.4; however, version 22.1.2 is available.
You should consider upgrading via the '/exports/lkeb-hpc/smaijer/venv_environments/thesisSusy/bin/python3 -m pip install --upgrade pip' command.
