
Currently Loaded Modules:
  1) system/python/3.10.2

 

/var/spool/slurmd/job12318553/slurm_script: line 38: conda: command not found
  Running command git clone -q https://github.com/FabianIsensee/hiddenlayer.git /tmp/pip-install-59g3_m6x/hiddenlayer_e7e059c5a9474efd89cda62238ac5c13
  Running command git checkout -b more_plotted_details --track origin/more_plotted_details
  Switched to a new branch 'more_plotted_details'
  Branch 'more_plotted_details' set up to track remote branch 'more_plotted_details' from 'origin'.
WARNING: You are using pip version 21.2.4; however, version 22.2.2 is available.
You should consider upgrading via the '/exports/lkeb-hpc/smaijer/venv_environments/pancreasThesis/bin/python -m pip install --upgrade pip' command.
ERROR: ditable is not a valid editable requirement. It should either be a path to a local project or a VCS URL (beginning with bzr+http, bzr+https, bzr+ssh, bzr+sftp, bzr+ftp, bzr+lp, bzr+file, git+http, git+https, git+ssh, git+git, git+file, hg+file, hg+http, hg+https, hg+ssh, hg+static-http, svn+ssh, svn+http, svn+https, svn+svn, svn+file).
WARNING: You are using pip version 21.2.4; however, version 22.2.2 is available.
You should consider upgrading via the '/exports/lkeb-hpc/smaijer/venv_environments/pancreasThesis/bin/python -m pip install --upgrade pip' command.
/var/spool/slurmd/job12318553/slurm_script: line 45: [: ==: unary operator expected
usage: nnUNet_train [-h] [-val] [-c] [-p P] [--use_compressed_data]
                    [--deterministic] [--npz] [--find_lr] [--valbest] [--fp32]
                    [--val_folder VAL_FOLDER] [--disable_saving]
                    [--disable_postprocessing_on_folds]
                    [--val_disable_overwrite] [--disable_next_stage_pred]
                    [-pretrained_weights PRETRAINED_WEIGHTS]
                    network network_trainer task fold
nnUNet_train: error: the following arguments are required: task, fold
usage: nnUNet_train [-h] [-val] [-c] [-p P] [--use_compressed_data]
                    [--deterministic] [--npz] [--find_lr] [--valbest] [--fp32]
                    [--val_folder VAL_FOLDER] [--disable_saving]
                    [--disable_postprocessing_on_folds]
                    [--val_disable_overwrite] [--disable_next_stage_pred]
                    [-pretrained_weights PRETRAINED_WEIGHTS]
                    network network_trainer task fold
nnUNet_train: error: the following arguments are required: task, fold
usage: nnUNet_train [-h] [-val] [-c] [-p P] [--use_compressed_data]
                    [--deterministic] [--npz] [--find_lr] [--valbest] [--fp32]
                    [--val_folder VAL_FOLDER] [--disable_saving]
                    [--disable_postprocessing_on_folds]
                    [--val_disable_overwrite] [--disable_next_stage_pred]
                    [-pretrained_weights PRETRAINED_WEIGHTS]
                    network network_trainer task fold
nnUNet_train: error: the following arguments are required: task, fold
usage: nnUNet_train [-h] [-val] [-c] [-p P] [--use_compressed_data]
                    [--deterministic] [--npz] [--find_lr] [--valbest] [--fp32]
                    [--val_folder VAL_FOLDER] [--disable_saving]
                    [--disable_postprocessing_on_folds]
                    [--val_disable_overwrite] [--disable_next_stage_pred]
                    [-pretrained_weights PRETRAINED_WEIGHTS]
                    network network_trainer task fold
nnUNet_train: error: the following arguments are required: task, fold
usage: nnUNet_train [-h] [-val] [-c] [-p P] [--use_compressed_data]
                    [--deterministic] [--npz] [--find_lr] [--valbest] [--fp32]
                    [--val_folder VAL_FOLDER] [--disable_saving]
                    [--disable_postprocessing_on_folds]
                    [--val_disable_overwrite] [--disable_next_stage_pred]
                    [-pretrained_weights PRETRAINED_WEIGHTS]
                    network network_trainer task fold
nnUNet_train: error: the following arguments are required: task, fold
usage: nnUNet_train [-h] [-val] [-c] [-p P] [--use_compressed_data]
                    [--deterministic] [--npz] [--find_lr] [--valbest] [--fp32]
                    [--val_folder VAL_FOLDER] [--disable_saving]
                    [--disable_postprocessing_on_folds]
                    [--val_disable_overwrite] [--disable_next_stage_pred]
                    [-pretrained_weights PRETRAINED_WEIGHTS]
                    network network_trainer task fold
nnUNet_train: error: the following arguments are required: task, fold
usage: nnUNet_train [-h] [-val] [-c] [-p P] [--use_compressed_data]
                    [--deterministic] [--npz] [--find_lr] [--valbest] [--fp32]
                    [--val_folder VAL_FOLDER] [--disable_saving]
                    [--disable_postprocessing_on_folds]
                    [--val_disable_overwrite] [--disable_next_stage_pred]
                    [-pretrained_weights PRETRAINED_WEIGHTS]
                    network network_trainer task fold
nnUNet_train: error: the following arguments are required: task, fold
usage: nnUNet_train [-h] [-val] [-c] [-p P] [--use_compressed_data]
                    [--deterministic] [--npz] [--find_lr] [--valbest] [--fp32]
                    [--val_folder VAL_FOLDER] [--disable_saving]
                    [--disable_postprocessing_on_folds]
                    [--val_disable_overwrite] [--disable_next_stage_pred]
                    [-pretrained_weights PRETRAINED_WEIGHTS]
                    network network_trainer task fold
nnUNet_train: error: the following arguments are required: task, fold
usage: nnUNet_train [-h] [-val] [-c] [-p P] [--use_compressed_data]
                    [--deterministic] [--npz] [--find_lr] [--valbest] [--fp32]
                    [--val_folder VAL_FOLDER] [--disable_saving]
                    [--disable_postprocessing_on_folds]
                    [--val_disable_overwrite] [--disable_next_stage_pred]
                    [-pretrained_weights PRETRAINED_WEIGHTS]
                    network network_trainer task fold
nnUNet_train: error: the following arguments are required: task, fold
usage: nnUNet_train [-h] [-val] [-c] [-p P] [--use_compressed_data]
                    [--deterministic] [--npz] [--find_lr] [--valbest] [--fp32]
                    [--val_folder VAL_FOLDER] [--disable_saving]
                    [--disable_postprocessing_on_folds]
                    [--val_disable_overwrite] [--disable_next_stage_pred]
                    [-pretrained_weights PRETRAINED_WEIGHTS]
                    network network_trainer task fold
nnUNet_train: error: the following arguments are required: task, fold
usage: Used to determine the postprocessing for a trained model. Useful for when the best configuration (2d, 3d_fullres etc) as selected manually.
nnUNet_determine_postprocessing: error: argument -m: expected one argument
usage: nnUNet_predict [-h] -i INPUT_FOLDER -o OUTPUT_FOLDER -t TASK_NAME
                      [-tr TRAINER_CLASS_NAME]
                      [-ctr CASCADE_TRAINER_CLASS_NAME] [-m MODEL]
                      [-p PLANS_IDENTIFIER] [-f FOLDS [FOLDS ...]] [-z]
                      [-l LOWRES_SEGMENTATIONS] [--part_id PART_ID]
                      [--num_parts NUM_PARTS]
                      [--num_threads_preprocessing NUM_THREADS_PREPROCESSING]
                      [--num_threads_nifti_save NUM_THREADS_NIFTI_SAVE]
                      [--disable_tta] [--overwrite_existing] [--mode MODE]
                      [--all_in_gpu ALL_IN_GPU] [--step_size STEP_SIZE]
                      [-chk CHK] [--disable_mixed_precision]
nnUNet_predict: error: argument -m/--model: expected one argument
usage: nnUNet_predict [-h] -i INPUT_FOLDER -o OUTPUT_FOLDER -t TASK_NAME
                      [-tr TRAINER_CLASS_NAME]
                      [-ctr CASCADE_TRAINER_CLASS_NAME] [-m MODEL]
                      [-p PLANS_IDENTIFIER] [-f FOLDS [FOLDS ...]] [-z]
                      [-l LOWRES_SEGMENTATIONS] [--part_id PART_ID]
                      [--num_parts NUM_PARTS]
                      [--num_threads_preprocessing NUM_THREADS_PREPROCESSING]
                      [--num_threads_nifti_save NUM_THREADS_NIFTI_SAVE]
                      [--disable_tta] [--overwrite_existing] [--mode MODE]
                      [--all_in_gpu ALL_IN_GPU] [--step_size STEP_SIZE]
                      [-chk CHK] [--disable_mixed_precision]
nnUNet_predict: error: argument -m/--model: expected one argument
Traceback (most recent call last):
  File "/exports/lkeb-hpc/smaijer/venv_environments/pancreasThesis/bin/nnUNet_evaluate_folder", line 33, in <module>
    sys.exit(load_entry_point('nnunet', 'console_scripts', 'nnUNet_evaluate_folder')())
  File "/home/smaijer/code/nnUNet/nnunet/evaluation/evaluator.py", line 483, in nnunet_evaluate_folder
    return evaluate_folder(args.ref, args.pred, args.l)
  File "/home/smaijer/code/nnUNet/nnunet/evaluation/evaluator.py", line 456, in evaluate_folder
    assert all([i in files_pred for i in files_gt]), "files missing in folder_with_predictions"
AssertionError: files missing in folder_with_predictions
Traceback (most recent call last):
  File "/exports/lkeb-hpc/smaijer/venv_environments/pancreasThesis/bin/nnUNet_evaluate_folder", line 33, in <module>
    sys.exit(load_entry_point('nnunet', 'console_scripts', 'nnUNet_evaluate_folder')())
  File "/home/smaijer/code/nnUNet/nnunet/evaluation/evaluator.py", line 483, in nnunet_evaluate_folder
    return evaluate_folder(args.ref, args.pred, args.l)
  File "/home/smaijer/code/nnUNet/nnunet/evaluation/evaluator.py", line 456, in evaluate_folder
    assert all([i in files_pred for i in files_gt]), "files missing in folder_with_predictions"
AssertionError: files missing in folder_with_predictions
