Starting at Thu Oct  6 21:35:50 CEST 2022
Running on hosts: res-hpc-lkeb05
Running on 1 nodes.
Running 1 tasks.
CPUs on node: 8.
Account: div2-lkeb
Job ID: 12605330
Job name: PancreasAll
Node running script: res-hpc-lkeb05
Submit host: res-hpc-lo02.researchlumc.nl
GPUS: 0 or 
Tue Oct 18 13:40:38 2022       
+-----------------------------------------------------------------------------+
| NVIDIA-SMI 470.141.03   Driver Version: 470.141.03   CUDA Version: 11.4     |
|-------------------------------+----------------------+----------------------+
| GPU  Name        Persistence-M| Bus-Id        Disp.A | Volatile Uncorr. ECC |
| Fan  Temp  Perf  Pwr:Usage/Cap|         Memory-Usage | GPU-Util  Compute M. |
|                               |                      |               MIG M. |
|===============================+======================+======================|
|   0  Quadro RTX 6000     Off  | 00000000:3B:00.0 Off |                  Off |
| 33%   37C    P0    72W / 260W |      0MiB / 24220MiB |      3%      Default |
|                               |                      |                  N/A |
+-------------------------------+----------------------+----------------------+
                                                                               
+-----------------------------------------------------------------------------+
| Processes:                                                                  |
|  GPU   GI   CI        PID   Type   Process name                  GPU Memory |
|        ID   ID                                                   Usage      |
|=============================================================================|
|  No running processes found                                                 |
+-----------------------------------------------------------------------------+
Current working directory is /home/smaijer
Load all modules..
Done with loading all modules. Modules:
Activate conda env nnunet..
Verifying environment variables:
Installing hidden layer and nnUnet..
Collecting hiddenlayer
  Cloning https://github.com/FabianIsensee/hiddenlayer.git (to revision more_plotted_details) to /tmp/pip-install-1i5rlzti/hiddenlayer_84e07eeae3a3449f864502fea1730d2a
  Resolved https://github.com/FabianIsensee/hiddenlayer.git to commit 4b98f9e5cccebac67368f02b95f4700b522345b1
Using legacy 'setup.py install' for hiddenlayer, since package 'wheel' is not installed.
Installing collected packages: hiddenlayer
    Running setup.py install for hiddenlayer: started
    Running setup.py install for hiddenlayer: finished with status 'done'
Successfully installed hiddenlayer-0.2
Done training all the folds! Now start the same command but with continue option, to generate log files


Please cite the following paper when using nnUNet:

Isensee, F., Jaeger, P.F., Kohl, S.A.A. et al. "nnU-Net: a self-configuring method for deep learning-based biomedical image segmentation." Nat Methods (2020). https://doi.org/10.1038/s41592-020-01008-z


If you have questions or suggestions, feel free to open an issue at https://github.com/MIC-DKFZ/nnUNet

Suus0 - run_training. Args:
Namespace(network='3d_fullres', network_trainer='nnUNetTrainerV2', task='601', fold='0', validation_only=False, continue_training=True, p='AMOS', use_compressed_data=False, deterministic=False, npz=False, find_lr=False, valbest=False, fp32=False, val_folder='validation_raw', disable_saving=False, disable_postprocessing_on_folds=False, val_disable_overwrite=False, disable_next_stage_pred=False, pretrained_weights='/exports/lkeb-hpc/smaijer/results/nnUNet/3d_fullres/Task511/nnUNetTrainerV2__AMOS/fold_0/model_best.model')


Please cite the following paper when using nnUNet:

Isensee, F., Jaeger, P.F., Kohl, S.A.A. et al. "nnU-Net: a self-configuring method for deep learning-based biomedical image segmentation." Nat Methods (2020). https://doi.org/10.1038/s41592-020-01008-z


If you have questions or suggestions, feel free to open an issue at https://github.com/MIC-DKFZ/nnUNet

Suus0 - run_training. Args:
Namespace(network='3d_fullres', network_trainer='nnUNetTrainerV2', task='601', fold='1', validation_only=False, continue_training=True, p='AMOS', use_compressed_data=False, deterministic=False, npz=False, find_lr=False, valbest=False, fp32=False, val_folder='validation_raw', disable_saving=False, disable_postprocessing_on_folds=False, val_disable_overwrite=False, disable_next_stage_pred=False, pretrained_weights='/exports/lkeb-hpc/smaijer/results/nnUNet/3d_fullres/Task511/nnUNetTrainerV2__AMOS/fold_1/model_best.model')


Please cite the following paper when using nnUNet:

Isensee, F., Jaeger, P.F., Kohl, S.A.A. et al. "nnU-Net: a self-configuring method for deep learning-based biomedical image segmentation." Nat Methods (2020). https://doi.org/10.1038/s41592-020-01008-z


If you have questions or suggestions, feel free to open an issue at https://github.com/MIC-DKFZ/nnUNet

Suus0 - run_training. Args:
Namespace(network='3d_fullres', network_trainer='nnUNetTrainerV2', task='601', fold='2', validation_only=False, continue_training=True, p='AMOS', use_compressed_data=False, deterministic=False, npz=False, find_lr=False, valbest=False, fp32=False, val_folder='validation_raw', disable_saving=False, disable_postprocessing_on_folds=False, val_disable_overwrite=False, disable_next_stage_pred=False, pretrained_weights='/exports/lkeb-hpc/smaijer/results/nnUNet/3d_fullres/Task511/nnUNetTrainerV2__AMOS/fold_2/model_best.model')


Please cite the following paper when using nnUNet:

Isensee, F., Jaeger, P.F., Kohl, S.A.A. et al. "nnU-Net: a self-configuring method for deep learning-based biomedical image segmentation." Nat Methods (2020). https://doi.org/10.1038/s41592-020-01008-z


If you have questions or suggestions, feel free to open an issue at https://github.com/MIC-DKFZ/nnUNet

Suus0 - run_training. Args:
Namespace(network='3d_fullres', network_trainer='nnUNetTrainerV2', task='601', fold='3', validation_only=False, continue_training=True, p='AMOS', use_compressed_data=False, deterministic=False, npz=False, find_lr=False, valbest=False, fp32=False, val_folder='validation_raw', disable_saving=False, disable_postprocessing_on_folds=False, val_disable_overwrite=False, disable_next_stage_pred=False, pretrained_weights='/exports/lkeb-hpc/smaijer/results/nnUNet/3d_fullres/Task511/nnUNetTrainerV2__AMOS/fold_3/model_best.model')


Please cite the following paper when using nnUNet:

Isensee, F., Jaeger, P.F., Kohl, S.A.A. et al. "nnU-Net: a self-configuring method for deep learning-based biomedical image segmentation." Nat Methods (2020). https://doi.org/10.1038/s41592-020-01008-z


If you have questions or suggestions, feel free to open an issue at https://github.com/MIC-DKFZ/nnUNet

Suus0 - run_training. Args:
Namespace(network='3d_fullres', network_trainer='nnUNetTrainerV2', task='601', fold='4', validation_only=False, continue_training=True, p='AMOS', use_compressed_data=False, deterministic=False, npz=False, find_lr=False, valbest=False, fp32=False, val_folder='validation_raw', disable_saving=False, disable_postprocessing_on_folds=False, val_disable_overwrite=False, disable_next_stage_pred=False, pretrained_weights='/exports/lkeb-hpc/smaijer/results/nnUNet/3d_fullres/Task511/nnUNetTrainerV2__AMOS/fold_4/model_best.model')
Start postprocessing..


Please cite the following paper when using nnUNet:

Isensee, F., Jaeger, P.F., Kohl, S.A.A. et al. "nnU-Net: a self-configuring method for deep learning-based biomedical image segmentation." Nat Methods (2020). https://doi.org/10.1038/s41592-020-01008-z


If you have questions or suggestions, feel free to open an issue at https://github.com/MIC-DKFZ/nnUNet

Done postprocessing! Now start inferencing its own train and test files.


Please cite the following paper when using nnUNet:

Isensee, F., Jaeger, P.F., Kohl, S.A.A. et al. "nnU-Net: a self-configuring method for deep learning-based biomedical image segmentation." Nat Methods (2020). https://doi.org/10.1038/s41592-020-01008-z


If you have questions or suggestions, feel free to open an issue at https://github.com/MIC-DKFZ/nnUNet

using model stored in  /exports/lkeb-hpc/smaijer/results/nnUNet/3d_fullres/Task601/nnUNetTrainerV2__nnUNetPlansv2.1
This model expects 1 input modalities for each image
Found 34 unique case ids, here are some examples: ['panc_0518' 'panc_0594' 'panc_0587' 'panc_0514' 'panc_0551' 'panc_0555'
 'panc_0532' 'panc_0554' 'panc_0592' 'panc_0593']
If they don't look right, make sure to double check your filenames. They must end with _0000.nii.gz etc
number of cases: 34
number of cases that still need to be predicted: 34
emptying cuda cache
loading parameters for folds, None
folds is None so we will automatically look for output folders (not using 'all'!)
found the following folds:  ['/exports/lkeb-hpc/smaijer/results/nnUNet/3d_fullres/Task601/nnUNetTrainerV2__nnUNetPlansv2.1/fold_0', '/exports/lkeb-hpc/smaijer/results/nnUNet/3d_fullres/Task601/nnUNetTrainerV2__nnUNetPlansv2.1/fold_1', '/exports/lkeb-hpc/smaijer/results/nnUNet/3d_fullres/Task601/nnUNetTrainerV2__nnUNetPlansv2.1/fold_2', '/exports/lkeb-hpc/smaijer/results/nnUNet/3d_fullres/Task601/nnUNetTrainerV2__nnUNetPlansv2.1/fold_3', '/exports/lkeb-hpc/smaijer/results/nnUNet/3d_fullres/Task601/nnUNetTrainerV2__nnUNetPlansv2.1/fold_4']


Please cite the following paper when using nnUNet:

Isensee, F., Jaeger, P.F., Kohl, S.A.A. et al. "nnU-Net: a self-configuring method for deep learning-based biomedical image segmentation." Nat Methods (2020). https://doi.org/10.1038/s41592-020-01008-z


If you have questions or suggestions, feel free to open an issue at https://github.com/MIC-DKFZ/nnUNet

using model stored in  /exports/lkeb-hpc/smaijer/results/nnUNet/3d_fullres/Task601/nnUNetTrainerV2__nnUNetPlansv2.1
This model expects 1 input modalities for each image
Found 6 unique case ids, here are some examples: ['panc_0582' 'panc_0591' 'panc_0583' 'panc_0583' 'panc_0582' 'panc_0584']
If they don't look right, make sure to double check your filenames. They must end with _0000.nii.gz etc
number of cases: 6
number of cases that still need to be predicted: 6
emptying cuda cache
loading parameters for folds, None
folds is None so we will automatically look for output folders (not using 'all'!)
found the following folds:  ['/exports/lkeb-hpc/smaijer/results/nnUNet/3d_fullres/Task601/nnUNetTrainerV2__nnUNetPlansv2.1/fold_0', '/exports/lkeb-hpc/smaijer/results/nnUNet/3d_fullres/Task601/nnUNetTrainerV2__nnUNetPlansv2.1/fold_1', '/exports/lkeb-hpc/smaijer/results/nnUNet/3d_fullres/Task601/nnUNetTrainerV2__nnUNetPlansv2.1/fold_2', '/exports/lkeb-hpc/smaijer/results/nnUNet/3d_fullres/Task601/nnUNetTrainerV2__nnUNetPlansv2.1/fold_3', '/exports/lkeb-hpc/smaijer/results/nnUNet/3d_fullres/Task601/nnUNetTrainerV2__nnUNetPlansv2.1/fold_4']
Done inferencing! Now start the evaluation.


Please cite the following paper when using nnUNet:

Isensee, F., Jaeger, P.F., Kohl, S.A.A. et al. "nnU-Net: a self-configuring method for deep learning-based biomedical image segmentation." Nat Methods (2020). https://doi.org/10.1038/s41592-020-01008-z


If you have questions or suggestions, feel free to open an issue at https://github.com/MIC-DKFZ/nnUNet



Please cite the following paper when using nnUNet:

Isensee, F., Jaeger, P.F., Kohl, S.A.A. et al. "nnU-Net: a self-configuring method for deep learning-based biomedical image segmentation." Nat Methods (2020). https://doi.org/10.1038/s41592-020-01008-z


If you have questions or suggestions, feel free to open an issue at https://github.com/MIC-DKFZ/nnUNet

Program finished with exit code 0 at: Thu Oct  6 21:35:50 CEST 2022
