Starting at Thu Oct  6 21:35:50 CEST 2022
Running on hosts: res-hpc-lkeb06
Running on 1 nodes.
Running 1 tasks.
CPUs on node: 8.
Account: div2-lkeb
Job ID: 12439815
Job name: PancreasAll
Node running script: res-hpc-lkeb06
Submit host: res-hpc-lo02.researchlumc.nl
GPUS: 0 or 
Thu Oct  6 21:35:51 2022       
+-----------------------------------------------------------------------------+
| NVIDIA-SMI 470.141.03   Driver Version: 470.141.03   CUDA Version: 11.4     |
|-------------------------------+----------------------+----------------------+
| GPU  Name        Persistence-M| Bus-Id        Disp.A | Volatile Uncorr. ECC |
| Fan  Temp  Perf  Pwr:Usage/Cap|         Memory-Usage | GPU-Util  Compute M. |
|                               |                      |               MIG M. |
|===============================+======================+======================|
|   0  Quadro RTX 6000     Off  | 00000000:3B:00.0 Off |                  Off |
| 31%   32C    P0    65W / 260W |      0MiB / 24220MiB |      3%      Default |
|                               |                      |                  N/A |
+-------------------------------+----------------------+----------------------+
                                                                               
+-----------------------------------------------------------------------------+
| Processes:                                                                  |
|  GPU   GI   CI        PID   Type   Process name                  GPU Memory |
|        ID   ID                                                   Usage      |
|=============================================================================|
|  No running processes found                                                 |
+-----------------------------------------------------------------------------+
Current working directory is /home/smaijer
Load all modules..
Done with loading all modules. Modules:
Activate conda env nnunet..
Verifying environment variables:
Installing hidden layer and nnUnet..
Collecting hiddenlayer
  Cloning https://github.com/FabianIsensee/hiddenlayer.git (to revision more_plotted_details) to /tmp/pip-install-cw11pr1t/hiddenlayer_236bc3f61b134d589c5daa8af7478f18
  Resolved https://github.com/FabianIsensee/hiddenlayer.git to commit 4b98f9e5cccebac67368f02b95f4700b522345b1
Using legacy 'setup.py install' for hiddenlayer, since package 'wheel' is not installed.
Installing collected packages: hiddenlayer
    Running setup.py install for hiddenlayer: started
    Running setup.py install for hiddenlayer: finished with status 'done'
Successfully installed hiddenlayer-0.2
Start preprocessing..
Done preprocessing! Start training all the folds..
Use pretrained!


Please cite the following paper when using nnUNet:

Isensee, F., Jaeger, P.F., Kohl, S.A.A. et al. "nnU-Net: a self-configuring method for deep learning-based biomedical image segmentation." Nat Methods (2020). https://doi.org/10.1038/s41592-020-01008-z


If you have questions or suggestions, feel free to open an issue at https://github.com/MIC-DKFZ/nnUNet

Suus0 - run_training. Args:
Namespace(network='3d_fullres', network_trainer='nnUNetTrainerV2', task='601', fold='0', validation_only=False, continue_training=False, p='AMOS', use_compressed_data=False, deterministic=False, npz=False, find_lr=False, valbest=False, fp32=False, val_folder='validation_raw', disable_saving=False, disable_postprocessing_on_folds=False, val_disable_overwrite=True, disable_next_stage_pred=False, pretrained_weights='/exports/lkeb-hpc/smaijer/results/nnUNet/3d_fullres/Task511/nnUNetTrainerV2__AMOS/fold_0/model_best.model')


Please cite the following paper when using nnUNet:

Isensee, F., Jaeger, P.F., Kohl, S.A.A. et al. "nnU-Net: a self-configuring method for deep learning-based biomedical image segmentation." Nat Methods (2020). https://doi.org/10.1038/s41592-020-01008-z


If you have questions or suggestions, feel free to open an issue at https://github.com/MIC-DKFZ/nnUNet

Suus0 - run_training. Args:
Namespace(network='3d_fullres', network_trainer='nnUNetTrainerV2', task='601', fold='1', validation_only=False, continue_training=False, p='AMOS', use_compressed_data=False, deterministic=False, npz=False, find_lr=False, valbest=False, fp32=False, val_folder='validation_raw', disable_saving=False, disable_postprocessing_on_folds=False, val_disable_overwrite=True, disable_next_stage_pred=False, pretrained_weights='/exports/lkeb-hpc/smaijer/results/nnUNet/3d_fullres/Task511/nnUNetTrainerV2__AMOS/fold_1/model_best.model')


Please cite the following paper when using nnUNet:

Isensee, F., Jaeger, P.F., Kohl, S.A.A. et al. "nnU-Net: a self-configuring method for deep learning-based biomedical image segmentation." Nat Methods (2020). https://doi.org/10.1038/s41592-020-01008-z


If you have questions or suggestions, feel free to open an issue at https://github.com/MIC-DKFZ/nnUNet

Suus0 - run_training. Args:
Namespace(network='3d_fullres', network_trainer='nnUNetTrainerV2', task='601', fold='2', validation_only=False, continue_training=False, p='AMOS', use_compressed_data=False, deterministic=False, npz=False, find_lr=False, valbest=False, fp32=False, val_folder='validation_raw', disable_saving=False, disable_postprocessing_on_folds=False, val_disable_overwrite=True, disable_next_stage_pred=False, pretrained_weights='/exports/lkeb-hpc/smaijer/results/nnUNet/3d_fullres/Task511/nnUNetTrainerV2__AMOS/fold_2/model_best.model')


Please cite the following paper when using nnUNet:

Isensee, F., Jaeger, P.F., Kohl, S.A.A. et al. "nnU-Net: a self-configuring method for deep learning-based biomedical image segmentation." Nat Methods (2020). https://doi.org/10.1038/s41592-020-01008-z


If you have questions or suggestions, feel free to open an issue at https://github.com/MIC-DKFZ/nnUNet

Suus0 - run_training. Args:
Namespace(network='3d_fullres', network_trainer='nnUNetTrainerV2', task='601', fold='3', validation_only=False, continue_training=False, p='AMOS', use_compressed_data=False, deterministic=False, npz=False, find_lr=False, valbest=False, fp32=False, val_folder='validation_raw', disable_saving=False, disable_postprocessing_on_folds=False, val_disable_overwrite=True, disable_next_stage_pred=False, pretrained_weights='/exports/lkeb-hpc/smaijer/results/nnUNet/3d_fullres/Task511/nnUNetTrainerV2__AMOS/fold_3/model_best.model')


Please cite the following paper when using nnUNet:

Isensee, F., Jaeger, P.F., Kohl, S.A.A. et al. "nnU-Net: a self-configuring method for deep learning-based biomedical image segmentation." Nat Methods (2020). https://doi.org/10.1038/s41592-020-01008-z


If you have questions or suggestions, feel free to open an issue at https://github.com/MIC-DKFZ/nnUNet

Suus0 - run_training. Args:
Namespace(network='3d_fullres', network_trainer='nnUNetTrainerV2', task='601', fold='4', validation_only=False, continue_training=False, p='AMOS', use_compressed_data=False, deterministic=False, npz=False, find_lr=False, valbest=False, fp32=False, val_folder='validation_raw', disable_saving=False, disable_postprocessing_on_folds=False, val_disable_overwrite=True, disable_next_stage_pred=False, pretrained_weights='/exports/lkeb-hpc/smaijer/results/nnUNet/3d_fullres/Task511/nnUNetTrainerV2__AMOS/fold_4/model_best.model')
Done training all the folds! Now start the same command but with continue option, to generate log files


Please cite the following paper when using nnUNet:

Isensee, F., Jaeger, P.F., Kohl, S.A.A. et al. "nnU-Net: a self-configuring method for deep learning-based biomedical image segmentation." Nat Methods (2020). https://doi.org/10.1038/s41592-020-01008-z


If you have questions or suggestions, feel free to open an issue at https://github.com/MIC-DKFZ/nnUNet

Suus0 - run_training. Args:
Namespace(network='3d_fullres', network_trainer='nnUNetTrainerV2', task='601', fold='0', validation_only=False, continue_training=True, p='AMOS', use_compressed_data=False, deterministic=False, npz=False, find_lr=False, valbest=False, fp32=False, val_folder='validation_raw', disable_saving=False, disable_postprocessing_on_folds=False, val_disable_overwrite=False, disable_next_stage_pred=False, pretrained_weights='/exports/lkeb-hpc/smaijer/results/nnUNet/3d_fullres/Task511/nnUNetTrainerV2__AMOS/fold_0/model_best.model')
