environment: line 17: /usr/share/lmod/lmod/libexec/lmod: No such file or directory
environment: line 17: /usr/share/lmod/lmod/libexec/lmod: No such file or directory
environment: line 17: /usr/share/lmod/lmod/libexec/lmod: No such file or directory
/var/spool/slurmd/job12730115/slurm_script: line 38: conda: command not found
  Running command git clone -q https://github.com/FabianIsensee/hiddenlayer.git /tmp/pip-install-amfm0jd_/hiddenlayer_23fbf6b074cd4bf28d48a51296ff0e96
  Running command git checkout -b more_plotted_details --track origin/more_plotted_details
  Switched to a new branch 'more_plotted_details'
  Branch 'more_plotted_details' set up to track remote branch 'more_plotted_details' from 'origin'.
WARNING: You are using pip version 21.2.4; however, version 22.3 is available.
You should consider upgrading via the '/exports/lkeb-hpc/smaijer/venv_environments/pancreasThesis/bin/python -m pip install --upgrade pip' command.
ERROR: ditable is not a valid editable requirement. It should either be a path to a local project or a VCS URL (beginning with bzr+http, bzr+https, bzr+ssh, bzr+sftp, bzr+ftp, bzr+lp, bzr+file, git+http, git+https, git+ssh, git+git, git+file, hg+file, hg+http, hg+https, hg+ssh, hg+static-http, svn+ssh, svn+http, svn+https, svn+svn, svn+file).
WARNING: You are using pip version 21.2.4; however, version 22.3 is available.
You should consider upgrading via the '/exports/lkeb-hpc/smaijer/venv_environments/pancreasThesis/bin/python -m pip install --upgrade pip' command.
/var/spool/slurmd/job12730115/slurm_script: line 45: [: ==: unary operator expected
Traceback (most recent call last):
  File "/exports/lkeb-hpc/smaijer/venv_environments/pancreasThesis/bin/nnUNet_train", line 33, in <module>
    sys.exit(load_entry_point('nnunet', 'console_scripts', 'nnUNet_train')())
  File "/home/smaijer/code/nnUNet/nnunet/run/run_training.py", line 138, in main
    trainer_class = get_default_configuration(network, task, network_trainer, plans_identifier)
  File "/home/smaijer/code/nnUNet/nnunet/run/default_configuration.py", line 47, in get_default_configuration
    plans = load_pickle(plans_file)
  File "/exports/lkeb-hpc/smaijer/venv_environments/pancreasThesis/lib/python3.10/site-packages/batchgenerators/utilities/file_and_folder_operations.py", line 57, in load_pickle
    with open(file, mode) as f:
FileNotFoundError: [Errno 2] No such file or directory: '/exports/lkeb-hpc/smaijer/data/nnUNet_preprocessed/Task610/nnUNetPlans_pretrained_p16_plans_3D.pkl'
Traceback (most recent call last):
  File "/exports/lkeb-hpc/smaijer/venv_environments/pancreasThesis/bin/nnUNet_train", line 33, in <module>
    sys.exit(load_entry_point('nnunet', 'console_scripts', 'nnUNet_train')())
  File "/home/smaijer/code/nnUNet/nnunet/run/run_training.py", line 138, in main
    trainer_class = get_default_configuration(network, task, network_trainer, plans_identifier)
  File "/home/smaijer/code/nnUNet/nnunet/run/default_configuration.py", line 47, in get_default_configuration
    plans = load_pickle(plans_file)
  File "/exports/lkeb-hpc/smaijer/venv_environments/pancreasThesis/lib/python3.10/site-packages/batchgenerators/utilities/file_and_folder_operations.py", line 57, in load_pickle
    with open(file, mode) as f:
FileNotFoundError: [Errno 2] No such file or directory: '/exports/lkeb-hpc/smaijer/data/nnUNet_preprocessed/Task610/nnUNetPlans_pretrained_p16_plans_3D.pkl'
Traceback (most recent call last):
  File "/exports/lkeb-hpc/smaijer/venv_environments/pancreasThesis/bin/nnUNet_train", line 33, in <module>
    sys.exit(load_entry_point('nnunet', 'console_scripts', 'nnUNet_train')())
  File "/home/smaijer/code/nnUNet/nnunet/run/run_training.py", line 138, in main
    trainer_class = get_default_configuration(network, task, network_trainer, plans_identifier)
  File "/home/smaijer/code/nnUNet/nnunet/run/default_configuration.py", line 47, in get_default_configuration
    plans = load_pickle(plans_file)
  File "/exports/lkeb-hpc/smaijer/venv_environments/pancreasThesis/lib/python3.10/site-packages/batchgenerators/utilities/file_and_folder_operations.py", line 57, in load_pickle
    with open(file, mode) as f:
FileNotFoundError: [Errno 2] No such file or directory: '/exports/lkeb-hpc/smaijer/data/nnUNet_preprocessed/Task610/nnUNetPlans_pretrained_p16_plans_3D.pkl'
Traceback (most recent call last):
  File "/exports/lkeb-hpc/smaijer/venv_environments/pancreasThesis/bin/nnUNet_train", line 33, in <module>
    sys.exit(load_entry_point('nnunet', 'console_scripts', 'nnUNet_train')())
  File "/home/smaijer/code/nnUNet/nnunet/run/run_training.py", line 138, in main
    trainer_class = get_default_configuration(network, task, network_trainer, plans_identifier)
  File "/home/smaijer/code/nnUNet/nnunet/run/default_configuration.py", line 47, in get_default_configuration
    plans = load_pickle(plans_file)
  File "/exports/lkeb-hpc/smaijer/venv_environments/pancreasThesis/lib/python3.10/site-packages/batchgenerators/utilities/file_and_folder_operations.py", line 57, in load_pickle
    with open(file, mode) as f:
FileNotFoundError: [Errno 2] No such file or directory: '/exports/lkeb-hpc/smaijer/data/nnUNet_preprocessed/Task610/nnUNetPlans_pretrained_p16_plans_3D.pkl'
Traceback (most recent call last):
  File "/exports/lkeb-hpc/smaijer/venv_environments/pancreasThesis/bin/nnUNet_train", line 33, in <module>
    sys.exit(load_entry_point('nnunet', 'console_scripts', 'nnUNet_train')())
  File "/home/smaijer/code/nnUNet/nnunet/run/run_training.py", line 138, in main
    trainer_class = get_default_configuration(network, task, network_trainer, plans_identifier)
  File "/home/smaijer/code/nnUNet/nnunet/run/default_configuration.py", line 47, in get_default_configuration
    plans = load_pickle(plans_file)
  File "/exports/lkeb-hpc/smaijer/venv_environments/pancreasThesis/lib/python3.10/site-packages/batchgenerators/utilities/file_and_folder_operations.py", line 57, in load_pickle
    with open(file, mode) as f:
FileNotFoundError: [Errno 2] No such file or directory: '/exports/lkeb-hpc/smaijer/data/nnUNet_preprocessed/Task610/nnUNetPlans_pretrained_p16_plans_3D.pkl'
Traceback (most recent call last):
  File "/exports/lkeb-hpc/smaijer/venv_environments/pancreasThesis/bin/nnUNet_train", line 33, in <module>
    sys.exit(load_entry_point('nnunet', 'console_scripts', 'nnUNet_train')())
  File "/home/smaijer/code/nnUNet/nnunet/run/run_training.py", line 138, in main
    trainer_class = get_default_configuration(network, task, network_trainer, plans_identifier)
  File "/home/smaijer/code/nnUNet/nnunet/run/default_configuration.py", line 47, in get_default_configuration
    plans = load_pickle(plans_file)
  File "/exports/lkeb-hpc/smaijer/venv_environments/pancreasThesis/lib/python3.10/site-packages/batchgenerators/utilities/file_and_folder_operations.py", line 57, in load_pickle
    with open(file, mode) as f:
FileNotFoundError: [Errno 2] No such file or directory: '/exports/lkeb-hpc/smaijer/data/nnUNet_preprocessed/Task610/nnUNetPlans_pretrained_p16_plans_3D.pkl'
Traceback (most recent call last):
  File "/exports/lkeb-hpc/smaijer/venv_environments/pancreasThesis/bin/nnUNet_train", line 33, in <module>
    sys.exit(load_entry_point('nnunet', 'console_scripts', 'nnUNet_train')())
  File "/home/smaijer/code/nnUNet/nnunet/run/run_training.py", line 138, in main
    trainer_class = get_default_configuration(network, task, network_trainer, plans_identifier)
  File "/home/smaijer/code/nnUNet/nnunet/run/default_configuration.py", line 47, in get_default_configuration
    plans = load_pickle(plans_file)
  File "/exports/lkeb-hpc/smaijer/venv_environments/pancreasThesis/lib/python3.10/site-packages/batchgenerators/utilities/file_and_folder_operations.py", line 57, in load_pickle
    with open(file, mode) as f:
FileNotFoundError: [Errno 2] No such file or directory: '/exports/lkeb-hpc/smaijer/data/nnUNet_preprocessed/Task610/nnUNetPlans_pretrained_p16_plans_3D.pkl'
Traceback (most recent call last):
  File "/exports/lkeb-hpc/smaijer/venv_environments/pancreasThesis/bin/nnUNet_train", line 33, in <module>
    sys.exit(load_entry_point('nnunet', 'console_scripts', 'nnUNet_train')())
  File "/home/smaijer/code/nnUNet/nnunet/run/run_training.py", line 138, in main
    trainer_class = get_default_configuration(network, task, network_trainer, plans_identifier)
  File "/home/smaijer/code/nnUNet/nnunet/run/default_configuration.py", line 47, in get_default_configuration
    plans = load_pickle(plans_file)
  File "/exports/lkeb-hpc/smaijer/venv_environments/pancreasThesis/lib/python3.10/site-packages/batchgenerators/utilities/file_and_folder_operations.py", line 57, in load_pickle
    with open(file, mode) as f:
FileNotFoundError: [Errno 2] No such file or directory: '/exports/lkeb-hpc/smaijer/data/nnUNet_preprocessed/Task610/nnUNetPlans_pretrained_p16_plans_3D.pkl'
Traceback (most recent call last):
  File "/exports/lkeb-hpc/smaijer/venv_environments/pancreasThesis/bin/nnUNet_train", line 33, in <module>
    sys.exit(load_entry_point('nnunet', 'console_scripts', 'nnUNet_train')())
  File "/home/smaijer/code/nnUNet/nnunet/run/run_training.py", line 138, in main
    trainer_class = get_default_configuration(network, task, network_trainer, plans_identifier)
  File "/home/smaijer/code/nnUNet/nnunet/run/default_configuration.py", line 47, in get_default_configuration
    plans = load_pickle(plans_file)
  File "/exports/lkeb-hpc/smaijer/venv_environments/pancreasThesis/lib/python3.10/site-packages/batchgenerators/utilities/file_and_folder_operations.py", line 57, in load_pickle
    with open(file, mode) as f:
FileNotFoundError: [Errno 2] No such file or directory: '/exports/lkeb-hpc/smaijer/data/nnUNet_preprocessed/Task610/nnUNetPlans_pretrained_p16_plans_3D.pkl'
Traceback (most recent call last):
  File "/exports/lkeb-hpc/smaijer/venv_environments/pancreasThesis/bin/nnUNet_train", line 33, in <module>
    sys.exit(load_entry_point('nnunet', 'console_scripts', 'nnUNet_train')())
  File "/home/smaijer/code/nnUNet/nnunet/run/run_training.py", line 138, in main
    trainer_class = get_default_configuration(network, task, network_trainer, plans_identifier)
  File "/home/smaijer/code/nnUNet/nnunet/run/default_configuration.py", line 47, in get_default_configuration
    plans = load_pickle(plans_file)
  File "/exports/lkeb-hpc/smaijer/venv_environments/pancreasThesis/lib/python3.10/site-packages/batchgenerators/utilities/file_and_folder_operations.py", line 57, in load_pickle
    with open(file, mode) as f:
FileNotFoundError: [Errno 2] No such file or directory: '/exports/lkeb-hpc/smaijer/data/nnUNet_preprocessed/Task610/nnUNetPlans_pretrained_p16_plans_3D.pkl'
Traceback (most recent call last):
  File "/exports/lkeb-hpc/smaijer/venv_environments/pancreasThesis/bin/nnUNet_determine_postprocessing", line 33, in <module>
    sys.exit(load_entry_point('nnunet', 'console_scripts', 'nnUNet_determine_postprocessing')())
  File "/home/smaijer/code/nnUNet/nnunet/postprocessing/consolidate_postprocessing_simple.py", line 58, in main
    consolidate_folds(folder, val, folds=folds)
  File "/home/smaijer/code/nnUNet/nnunet/postprocessing/consolidate_postprocessing.py", line 61, in consolidate_folds
    collect_cv_niftis(output_folder_base, output_folder_raw, validation_folder_name,
  File "/home/smaijer/code/nnUNet/nnunet/postprocessing/consolidate_postprocessing.py", line 31, in collect_cv_niftis
    raise RuntimeError("some folds are missing. Please run the full 5-fold cross-validation. "
RuntimeError: some folds are missing. Please run the full 5-fold cross-validation. The following folds seem to be missing: [0, 1, 2, 3, 4]
Traceback (most recent call last):
  File "/exports/lkeb-hpc/smaijer/venv_environments/pancreasThesis/bin/nnUNet_predict", line 33, in <module>
    sys.exit(load_entry_point('nnunet', 'console_scripts', 'nnUNet_predict')())
  File "/home/smaijer/code/nnUNet/nnunet/inference/predict_simple.py", line 217, in main
    predict_from_folder(model_folder_name, input_folder, output_folder, folds, save_npz, num_threads_preprocessing,
  File "/home/smaijer/code/nnUNet/nnunet/inference/predict.py", line 656, in predict_from_folder
    case_ids = check_input_folder_and_return_caseIDs(input_folder, expected_num_modalities)
  File "/home/smaijer/code/nnUNet/nnunet/inference/predict.py", line 597, in check_input_folder_and_return_caseIDs
    assert len(files) > 0, "input folder did not contain any images (expected to find .nii.gz file endings)"
AssertionError: input folder did not contain any images (expected to find .nii.gz file endings)
OrderedDict([('all', [OrderedDict([('1', OrderedDict([('Accuracy', 0.99999169921875), ('Dice', 0.9989068930041153), ('False Discovery Rate', 0.0008361204013378476), ('False Negative Rate', 0.001349961429673474), ('False Omission Rate', 5.146488673313642e-06), ('False Positive Rate', 3.1859278059043206e-06), ('Jaccard', 0.997816173164622), ('Negative Predictive Value', 0.9999948535113267), ('Precision', 0.9991638795986622), ('Recall', 0.9986500385703265), ('Total Positives Reference', 15556), ('Total Positives Test', 15548), ('True Negative Rate', 0.9999968140721941)])), ('test', '/exports/lkeb-hpc/smaijer/output/610/3d_fullres/nnUNetTrainerV2/p16/610/imagesTr/panc_00000.nii.gz'), ('reference', '/exports/lkeb-hpc/smaijer/data/nnUNet_raw_data_base/nnUNet_raw_data/Task610/labelsTr/panc_00000.nii.gz')]), OrderedDict([('1', OrderedDict([('Accuracy', 0.99998876953125), ('Dice', 0.9986320109439124), ('False Discovery Rate', 0.0006547229331587134), ('False Negative Rate', 0.002080237741456159), ('False Omission Rate', 8.580115851175684e-06), ('False Positive Rate', 2.6966237045567e-06), ('Jaccard', 0.9972677595628415), ('Negative Predictive Value', 0.9999914198841489), ('Precision', 0.9993452770668413), ('Recall', 0.9979197622585438), ('Total Positives Reference', 16825), ('Total Positives Test', 16801), ('True Negative Rate', 0.9999973033762954)])), ('test', '/exports/lkeb-hpc/smaijer/output/610/3d_fullres/nnUNetTrainerV2/p16/610/imagesTr/panc_00001.nii.gz'), ('reference', '/exports/lkeb-hpc/smaijer/data/nnUNet_raw_data_base/nnUNet_raw_data/Task610/labelsTr/panc_00001.nii.gz')]), OrderedDict([('1', OrderedDict([('Accuracy', 0.999822021484375), ('Dice', 0.9937002566562103), ('False Discovery Rate', 0.005552096305521004), ('False Negative Rate', 0.007046267032796205), ('False Omission Rate', 0.00010103551497405764), ('False Positive Rate', 7.949288984387959e-05), ('Jaccard', 0.9874793899422918), ('Negative Predictive Value', 0.9998989644850259), ('Precision', 0.994447903694479), ('Recall', 0.9929537329672038), ('Total Positives Reference', 57903), ('Total Positives Test', 57816), ('True Negative Rate', 0.9999205071101561)])), ('test', '/exports/lkeb-hpc/smaijer/output/610/3d_fullres/nnUNetTrainerV2/p16/610/imagesTr/panc_00002.nii.gz'), ('reference', '/exports/lkeb-hpc/smaijer/data/nnUNet_raw_data_base/nnUNet_raw_data/Task610/labelsTr/panc_00002.nii.gz')]), OrderedDict([('1', OrderedDict([('Accuracy', 0.999781005859375), ('Dice', 0.9912655676407295), ('False Discovery Rate', 0.01036299651974415), ('False Negative Rate', 0.007100499375780278), ('False Omission Rate', 8.999727288483539e-05), ('False Positive Rate', 0.0001317762148135282), ('Jaccard', 0.9826823947332857), ('Negative Predictive Value', 0.9999100027271152), ('Precision', 0.9896370034802559), ('Recall', 0.9928995006242197), ('Total Positives Reference', 51264), ('Total Positives Test', 51433), ('True Negative Rate', 0.9998682237851865)])), ('test', '/exports/lkeb-hpc/smaijer/output/610/3d_fullres/nnUNetTrainerV2/p16/610/imagesTr/panc_00003.nii.gz'), ('reference', '/exports/lkeb-hpc/smaijer/data/nnUNet_raw_data_base/nnUNet_raw_data/Task610/labelsTr/panc_00003.nii.gz')]), OrderedDict([('1', OrderedDict([('Accuracy', 0.9998897007533483), ('Dice', 0.9873657927590512), ('False Discovery Rate', 0.010583731578552302), ('False Negative Rate', 0.014676201629581609), ('False Omission Rate', 6.447676991743799e-05), ('False Positive Rate', 4.630589014209541e-05), ('Jaccard', 0.9750468488016569), ('Negative Predictive Value', 0.9999355232300826), ('Precision', 0.9894162684214477), ('Recall', 0.9853237983704184), ('Total Positives Reference', 40133), ('Total Positives Test', 39967), ('True Negative Rate', 0.9999536941098579)])), ('test', '/exports/lkeb-hpc/smaijer/output/610/3d_fullres/nnUNetTrainerV2/p16/610/imagesTr/panc_00004.nii.gz'), ('reference', '/exports/lkeb-hpc/smaijer/data/nnUNet_raw_data_base/nnUNet_raw_data/Task610/labelsTr/panc_00004.nii.gz')]), OrderedDict([('1', OrderedDict([('Accuracy', 0.9993880208333333), ('Dice', 0.9851485707192109), ('False Discovery Rate', 0.014462156791907543), ('False Negative Rate', 0.015240394377636912), ('False Omission Rate', 0.0003207331803816701), ('False Positive Rate', 0.0003041199348361445), ('Jaccard', 0.9707318158061539), ('Negative Predictive Value', 0.9996792668196184), ('Precision', 0.9855378432080925), ('Recall', 0.9847596056223631), ('Total Positives Reference', 88646), ('Total Positives Test', 88576), ('True Negative Rate', 0.9996958800651639)])), ('test', '/exports/lkeb-hpc/smaijer/output/610/3d_fullres/nnUNetTrainerV2/p16/610/imagesTr/panc_00005.nii.gz'), ('reference', '/exports/lkeb-hpc/smaijer/data/nnUNet_raw_data_base/nnUNet_raw_data/Task610/labelsTr/panc_00005.nii.gz')]), OrderedDict([('1', OrderedDict([('Accuracy', 0.9995984468005953), ('Dice', 0.9846175771125224), ('False Discovery Rate', 0.015373652801282667), ('False Negative Rate', 0.015391192817443389), ('False Omission Rate', 0.00020354963230313818), ('False Positive Rate', 0.00020331409034968217), ('Jaccard', 0.9697012228284707), ('Negative Predictive Value', 0.9997964503676968), ('Precision', 0.9846263471987173), ('Recall', 0.9846088071825566), ('Total Positives Reference', 56136), ('Total Positives Test', 56135), ('True Negative Rate', 0.9997966859096503)])), ('test', '/exports/lkeb-hpc/smaijer/output/610/3d_fullres/nnUNetTrainerV2/p16/610/imagesTr/panc_00006.nii.gz'), ('reference', '/exports/lkeb-hpc/smaijer/data/nnUNet_raw_data_base/nnUNet_raw_data/Task610/labelsTr/panc_00006.nii.gz')]), OrderedDict([('1', OrderedDict([('Accuracy', 0.9995684523809524), ('Dice', 0.9852845567131281), ('False Discovery Rate', 0.010021668472372736), ('False Negative Rate', 0.01936491903664661), ('False Omission Rate', 0.0002895209007191067), ('False Positive Rate', 0.0001484387500182427), ('Jaccard', 0.970995921301433), ('Negative Predictive Value', 0.9997104790992809), ('Precision', 0.9899783315276273), ('Recall', 0.9806350809633534), ('Total Positives Reference', 63362), ('Total Positives Test', 62764), ('True Negative Rate', 0.9998515612499818)])), ('test', '/exports/lkeb-hpc/smaijer/output/610/3d_fullres/nnUNetTrainerV2/p16/610/imagesTr/panc_00007.nii.gz'), ('reference', '/exports/lkeb-hpc/smaijer/data/nnUNet_raw_data_base/nnUNet_raw_data/Task610/labelsTr/panc_00007.nii.gz')])]), ('mean', OrderedDict([('1', OrderedDict([('Accuracy', 0.9997535146077474), ('Dice', 0.99061515319361), ('False Discovery Rate', 0.00848089322548462), ('False Negative Rate', 0.01028120918012683), ('False Omission Rate', 0.00013537998446309192), ('False Positive Rate', 0.0001149162901892542), ('Jaccard', 0.9814651907675944), ('Negative Predictive Value', 0.9998646200155369), ('Precision', 0.9915191067745155), ('Recall', 0.9897187908198732), ('Total Positives Reference', 48728.125), ('Total Positives Test', 48630.0), ('True Negative Rate', 0.9998850837098108)]))]))])
OrderedDict([('all', []), ('mean', OrderedDict())])
