Starting at Tue Sep 27 23:49:17 CEST 2022
Running on hosts: res-hpc-gpu01
Running on 1 nodes.
Running 1 tasks.
CPUs on node: 8.
Account: div2-lkeb
Job ID: 12458311
Job name: PancreasPreprocess
Node running script: res-hpc-gpu01
Submit host: res-hpc-lo02.researchlumc.nl
GPUS: 0 or 
Sat Oct  8 21:03:11 2022       
+-----------------------------------------------------------------------------+
| NVIDIA-SMI 470.141.03   Driver Version: 470.141.03   CUDA Version: 11.4     |
|-------------------------------+----------------------+----------------------+
| GPU  Name        Persistence-M| Bus-Id        Disp.A | Volatile Uncorr. ECC |
| Fan  Temp  Perf  Pwr:Usage/Cap|         Memory-Usage | GPU-Util  Compute M. |
|                               |                      |               MIG M. |
|===============================+======================+======================|
|   0  NVIDIA TITAN Xp     Off  | 00000000:AF:00.0 Off |                  N/A |
| 18%   32C    P0    58W / 250W |      0MiB / 12196MiB |      1%      Default |
|                               |                      |                  N/A |
+-------------------------------+----------------------+----------------------+
                                                                               
+-----------------------------------------------------------------------------+
| Processes:                                                                  |
|  GPU   GI   CI        PID   Type   Process name                  GPU Memory |
|        ID   ID                                                   Usage      |
|=============================================================================|
|  No running processes found                                                 |
+-----------------------------------------------------------------------------+
Current working directory is /home/smaijer
Load all modules..
Done with loading all modules. Modules:
Activate conda env nnunet..
Verifying environment variables:
Installing hidden layer and nnUnet..
Collecting hiddenlayer
  Cloning https://github.com/FabianIsensee/hiddenlayer.git (to revision more_plotted_details) to /tmp/pip-install-7pqeq7aw/hiddenlayer_90e8ebfe072349b8b680049967b55c6d
  Resolved https://github.com/FabianIsensee/hiddenlayer.git to commit 4b98f9e5cccebac67368f02b95f4700b522345b1
Using legacy 'setup.py install' for hiddenlayer, since package 'wheel' is not installed.
Installing collected packages: hiddenlayer
    Running setup.py install for hiddenlayer: started
    Running setup.py install for hiddenlayer: finished with status 'done'
Successfully installed hiddenlayer-0.2
Obtaining file:///home/smaijer/code/nnUNet
Collecting torch==1.12.0
  Using cached torch-1.12.0-cp310-cp310-manylinux1_x86_64.whl (776.3 MB)
Collecting tqdm
  Using cached tqdm-4.64.1-py2.py3-none-any.whl (78 kB)
Collecting dicom2nifti
  Using cached dicom2nifti-2.4.3-py3-none-any.whl (43 kB)
Collecting scikit-image>=0.14
  Using cached scikit_image-0.19.3-cp310-cp310-manylinux_2_17_x86_64.manylinux2014_x86_64.whl (13.9 MB)
Collecting medpy
  Using cached MedPy-0.4.0.tar.gz (151 kB)
Collecting scipy
  Using cached scipy-1.9.1-cp310-cp310-manylinux_2_17_x86_64.manylinux2014_x86_64.whl (43.9 MB)
Collecting batchgenerators>=0.23
  Using cached batchgenerators-0.24.tar.gz (61 kB)
Collecting numpy
  Using cached numpy-1.23.3-cp310-cp310-manylinux_2_17_x86_64.manylinux2014_x86_64.whl (17.1 MB)
Collecting sklearn
  Using cached sklearn-0.0.tar.gz (1.1 kB)
Collecting SimpleITK
  Using cached SimpleITK-2.2.0-cp310-cp310-manylinux_2_17_x86_64.manylinux2014_x86_64.whl (52.8 MB)
Collecting pandas
  Using cached pandas-1.5.0-cp310-cp310-manylinux_2_17_x86_64.manylinux2014_x86_64.whl (12.1 MB)
Collecting requests
  Using cached requests-2.28.1-py3-none-any.whl (62 kB)
Collecting nibabel
  Using cached nibabel-4.0.2-py3-none-any.whl (3.3 MB)
Collecting tifffile
  Using cached tifffile-2022.8.12-py3-none-any.whl (208 kB)
Collecting matplotlib
  Downloading matplotlib-3.6.1-cp310-cp310-manylinux_2_17_x86_64.manylinux2014_x86_64.whl (11.8 MB)
Collecting monai
  Using cached monai-1.0.0-202209161346-py3-none-any.whl (1.1 MB)
Collecting einops
  Using cached einops-0.5.0-py3-none-any.whl (36 kB)
Collecting ipython
  Using cached ipython-8.5.0-py3-none-any.whl (752 kB)
Collecting graphviz
  Using cached graphviz-0.20.1-py3-none-any.whl (47 kB)
Collecting typing-extensions
  Downloading typing_extensions-4.4.0-py3-none-any.whl (26 kB)
Collecting pillow>=7.1.2
  Using cached Pillow-9.2.0-cp310-cp310-manylinux_2_28_x86_64.whl (3.2 MB)
Collecting scikit-learn
  Using cached scikit_learn-1.1.2-cp310-cp310-manylinux_2_17_x86_64.manylinux2014_x86_64.whl (30.5 MB)
Collecting future
  Using cached future-0.18.2.tar.gz (829 kB)
Collecting unittest2
  Using cached unittest2-1.1.0-py2.py3-none-any.whl (96 kB)
Collecting threadpoolctl
  Using cached threadpoolctl-3.1.0-py3-none-any.whl (14 kB)
Collecting imageio>=2.4.1
  Using cached imageio-2.22.1-py3-none-any.whl (3.4 MB)
Collecting PyWavelets>=1.1.1
  Using cached PyWavelets-1.4.1-cp310-cp310-manylinux_2_17_x86_64.manylinux2014_x86_64.whl (6.8 MB)
Collecting packaging>=20.0
  Using cached packaging-21.3-py3-none-any.whl (40 kB)
Collecting networkx>=2.2
  Using cached networkx-2.8.7-py3-none-any.whl (2.0 MB)
Collecting pyparsing!=3.0.5,>=2.0.2
  Using cached pyparsing-3.0.9-py3-none-any.whl (98 kB)
Collecting python-gdcm
  Using cached python_gdcm-3.0.19-cp310-cp310-manylinux_2_17_x86_64.manylinux2014_x86_64.whl (13.0 MB)
Collecting pydicom>=2.2.0
  Using cached pydicom-2.3.0-py3-none-any.whl (2.0 MB)
Collecting pexpect>4.3
  Using cached pexpect-4.8.0-py2.py3-none-any.whl (59 kB)
Collecting stack-data
  Using cached stack_data-0.5.1-py3-none-any.whl (24 kB)
Collecting matplotlib-inline
  Using cached matplotlib_inline-0.1.6-py3-none-any.whl (9.4 kB)
Collecting decorator
  Using cached decorator-5.1.1-py3-none-any.whl (9.1 kB)
Collecting backcall
  Using cached backcall-0.2.0-py2.py3-none-any.whl (11 kB)
Collecting prompt-toolkit<3.1.0,>3.0.1
  Using cached prompt_toolkit-3.0.31-py3-none-any.whl (382 kB)
Collecting pygments>=2.4.0
  Using cached Pygments-2.13.0-py3-none-any.whl (1.1 MB)
Collecting pickleshare
  Using cached pickleshare-0.7.5-py2.py3-none-any.whl (6.9 kB)
Collecting traitlets>=5
  Using cached traitlets-5.4.0-py3-none-any.whl (107 kB)
Collecting jedi>=0.16
  Using cached jedi-0.18.1-py2.py3-none-any.whl (1.6 MB)
Collecting parso<0.9.0,>=0.8.0
  Using cached parso-0.8.3-py2.py3-none-any.whl (100 kB)
Collecting ptyprocess>=0.5
  Using cached ptyprocess-0.7.0-py2.py3-none-any.whl (13 kB)
Collecting wcwidth
  Using cached wcwidth-0.2.5-py2.py3-none-any.whl (30 kB)
Collecting contourpy>=1.0.1
  Using cached contourpy-1.0.5-cp310-cp310-manylinux_2_17_x86_64.manylinux2014_x86_64.whl (295 kB)
Collecting kiwisolver>=1.0.1
  Using cached kiwisolver-1.4.4-cp310-cp310-manylinux_2_12_x86_64.manylinux2010_x86_64.whl (1.6 MB)
Collecting fonttools>=4.22.0
  Using cached fonttools-4.37.4-py3-none-any.whl (960 kB)
Collecting cycler>=0.10
  Using cached cycler-0.11.0-py3-none-any.whl (6.4 kB)
Collecting python-dateutil>=2.7
  Using cached python_dateutil-2.8.2-py2.py3-none-any.whl (247 kB)
Collecting six>=1.5
  Using cached six-1.16.0-py2.py3-none-any.whl (11 kB)
Collecting setuptools
  Using cached setuptools-65.4.1-py3-none-any.whl (1.2 MB)
Collecting pytz>=2020.1
  Using cached pytz-2022.4-py2.py3-none-any.whl (500 kB)
Collecting charset-normalizer<3,>=2
  Using cached charset_normalizer-2.1.1-py3-none-any.whl (39 kB)
Collecting idna<4,>=2.5
  Using cached idna-3.4-py3-none-any.whl (61 kB)
Collecting urllib3<1.27,>=1.21.1
  Using cached urllib3-1.26.12-py2.py3-none-any.whl (140 kB)
Collecting certifi>=2017.4.17
  Using cached certifi-2022.9.24-py3-none-any.whl (161 kB)
Collecting joblib>=1.0.0
  Using cached joblib-1.2.0-py3-none-any.whl (297 kB)
Collecting executing
  Downloading executing-1.1.1-py2.py3-none-any.whl (22 kB)
Collecting asttokens
  Using cached asttokens-2.0.8-py2.py3-none-any.whl (23 kB)
Collecting pure-eval
  Using cached pure_eval-0.2.2-py3-none-any.whl (11 kB)
Collecting argparse
  Using cached argparse-1.4.0-py2.py3-none-any.whl (23 kB)
Collecting traceback2
  Using cached traceback2-1.4.0-py2.py3-none-any.whl (16 kB)
Collecting linecache2
  Using cached linecache2-1.0.0-py2.py3-none-any.whl (12 kB)
Using legacy 'setup.py install' for batchgenerators, since package 'wheel' is not installed.
Using legacy 'setup.py install' for future, since package 'wheel' is not installed.
Using legacy 'setup.py install' for medpy, since package 'wheel' is not installed.
Using legacy 'setup.py install' for sklearn, since package 'wheel' is not installed.
Installing collected packages: six, pyparsing, pillow, numpy, linecache2, wcwidth, typing-extensions, traitlets, traceback2, tifffile, threadpoolctl, setuptools, scipy, PyWavelets, pure-eval, ptyprocess, parso, packaging, networkx, joblib, imageio, executing, asttokens, argparse, urllib3, unittest2, torch, stack-data, SimpleITK, scikit-learn, scikit-image, pytz, python-gdcm, python-dateutil, pygments, pydicom, prompt-toolkit, pickleshare, pexpect, nibabel, matplotlib-inline, kiwisolver, jedi, idna, future, fonttools, decorator, cycler, contourpy, charset-normalizer, certifi, backcall, tqdm, sklearn, requests, pandas, monai, medpy, matplotlib, ipython, graphviz, einops, dicom2nifti, batchgenerators, nnunet
    Running setup.py install for future: started
    Running setup.py install for future: finished with status 'done'
    Running setup.py install for sklearn: started
    Running setup.py install for sklearn: finished with status 'done'
    Running setup.py install for medpy: started
    Running setup.py install for medpy: finished with status 'done'
    Running setup.py install for batchgenerators: started
    Running setup.py install for batchgenerators: finished with status 'done'
  Running setup.py develop for nnunet
Successfully installed PyWavelets-1.4.1 SimpleITK-2.2.0 argparse-1.4.0 asttokens-2.0.8 backcall-0.2.0 batchgenerators-0.24 certifi-2022.9.24 charset-normalizer-2.1.1 contourpy-1.0.5 cycler-0.11.0 decorator-5.1.1 dicom2nifti-2.4.3 einops-0.5.0 executing-1.1.1 fonttools-4.37.4 future-0.18.2 graphviz-0.20.1 idna-3.4 imageio-2.22.1 ipython-8.5.0 jedi-0.18.1 joblib-1.2.0 kiwisolver-1.4.4 linecache2-1.0.0 matplotlib-3.6.1 matplotlib-inline-0.1.6 medpy-0.4.0 monai-1.0.0 networkx-2.8.7 nibabel-4.0.2 nnunet numpy-1.23.3 packaging-21.3 pandas-1.5.0 parso-0.8.3 pexpect-4.8.0 pickleshare-0.7.5 pillow-9.2.0 prompt-toolkit-3.0.31 ptyprocess-0.7.0 pure-eval-0.2.2 pydicom-2.3.0 pygments-2.13.0 pyparsing-3.0.9 python-dateutil-2.8.2 python-gdcm-3.0.19 pytz-2022.4 requests-2.28.1 scikit-image-0.19.3 scikit-learn-1.1.2 scipy-1.9.1 setuptools-65.4.1 six-1.16.0 sklearn-0.0 stack-data-0.5.1 threadpoolctl-3.1.0 tifffile-2022.8.12 torch-1.12.0 tqdm-4.64.1 traceback2-1.4.0 traitlets-5.4.0 typing-extensions-4.4.0 unittest2-1.1.0 urllib3-1.26.12 wcwidth-0.2.5


Please cite the following paper when using nnUNet:

Isensee, F., Jaeger, P.F., Kohl, S.A.A. et al. "nnU-Net: a self-configuring method for deep learning-based biomedical image segmentation." Nat Methods (2020). https://doi.org/10.1038/s41592-020-01008-z


If you have questions or suggestions, feel free to open an issue at https://github.com/MIC-DKFZ/nnUNet

Verifying training set
checking case panc_0507
checking case panc_0508
checking case panc_0510
checking case panc_0514
checking case panc_0518
checking case panc_0530
checking case panc_0532
checking case panc_0538
checking case panc_0540
checking case panc_0541
checking case panc_0548
checking case panc_0551
checking case panc_0554
checking case panc_0555
checking case panc_0557
checking case panc_0558
checking case panc_0570
checking case panc_0571
checking case panc_0578
checking case panc_0580
checking case panc_0585
checking case panc_0586
checking case panc_0587
checking case panc_0588
checking case panc_0589
checking case panc_0590
checking case panc_0592
checking case panc_0593
checking case panc_0594
checking case panc_0595
checking case panc_0596
checking case panc_0597
checking case panc_0599
checking case panc_0600
Verifying label values
Expected label values are [0, 1]
Labels OK
Verifying test set
Dataset OK
panc_0507
[Timing] Loading took 0.3190624713897705 seconds
before crop: (1, 72, 290, 320) after crop: (1, 72, 289, 319) spacing: [2.5    1.1875 1.1875] 

panc_0508
[Timing] Loading took 0.17770814895629883 seconds
before crop: (1, 320, 80, 260) after crop: (1, 319, 80, 259) spacing: [1.40625 1.5     1.40625] 

panc_0570
[Timing] Loading took 0.1470785140991211 seconds
before crop: (1, 72, 260, 320) after crop: (1, 72, 258, 318) spacing: [3.     1.1875 1.1875] 

panc_0571
[Timing] Loading took 0.14103198051452637 seconds
before crop: (1, 72, 258, 320) after crop: (1, 72, 256, 319) spacing: [3.   1.25 1.25] 

panc_0589
[Timing] Loading took 0.16372203826904297 seconds
before crop: (1, 320, 60, 320) after crop: (1, 319, 60, 319) spacing: [1.1875 3.     1.1875] 

panc_0590
[Timing] Loading took 0.9624254703521729 seconds
before crop: (1, 512, 168, 512) after crop: (1, 497, 168, 510) spacing: [0.82029998 1.10000002 0.82029998] 

panc_0510
[Timing] Loading took 0.3462073802947998 seconds
before crop: (1, 320, 104, 260) after crop: (1, 319, 104, 259) spacing: [1.40625 1.5     1.40625] 

panc_0514
[Timing] Loading took 0.2311382293701172 seconds
before crop: (1, 320, 112, 260) after crop: (1, 319, 112, 259) spacing: [1.40625 1.5     1.40625] 

panc_0587
[Timing] Loading took 0.1773529052734375 seconds
before crop: (1, 72, 260, 320) after crop: (1, 72, 259, 319) spacing: [3.     1.1875 1.1875] 

panc_0588
[Timing] Loading took 0.9785101413726807 seconds
before crop: (1, 512, 168, 512) after crop: (1, 496, 168, 512) spacing: [0.82029998 1.10000002 0.82029998] 

panc_0599
[Timing] Loading took 0.14765119552612305 seconds
before crop: (1, 72, 260, 320) after crop: (1, 72, 258, 319) spacing: [3.     1.1875 1.1875] 

panc_0600
[Timing] Loading took 0.13402295112609863 seconds
before crop: (1, 72, 260, 320) after crop: (1, 72, 258, 319) spacing: [3.     1.1875 1.1875] 

panc_0532
[Timing] Loading took 0.30944228172302246 seconds
before crop: (1, 72, 260, 320) after crop: (1, 72, 255, 319) spacing: [3.     1.3125 1.3125] 

panc_0538
[Timing] Loading took 0.12858033180236816 seconds
before crop: (1, 64, 260, 320) after crop: (1, 64, 258, 319) spacing: [3.     1.3125 1.3125] 

panc_0557
[Timing] Loading took 0.8414232730865479 seconds
before crop: (1, 512, 152, 512) after crop: (1, 449, 152, 510) spacing: [0.82029998 1.10000002 0.82029998] 

panc_0558
[Timing] Loading took 0.9442412853240967 seconds
before crop: (1, 512, 168, 512) after crop: (1, 472, 168, 512) spacing: [0.82029998 1.10000002 0.82029998] 

panc_0540
[Timing] Loading took 0.26839423179626465 seconds
before crop: (1, 100, 192, 192) after crop: (1, 100, 152, 192) spacing: [2.       1.953125 1.953125] 

panc_0541
[Timing] Loading took 0.15482449531555176 seconds
before crop: (1, 72, 290, 320) after crop: (1, 72, 289, 319) spacing: [3.     1.1875 1.1875] 

panc_0554
[Timing] Loading took 0.8962619304656982 seconds
before crop: (1, 512, 168, 512) after crop: (1, 432, 168, 512) spacing: [0.82029998 1.10000002 0.82029998] 

panc_0555
[Timing] Loading took 0.12245368957519531 seconds
before crop: (1, 72, 232, 288) after crop: (1, 72, 230, 286) spacing: [3.         1.38888884 1.38888884] 

panc_0594
[Timing] Loading took 0.9091753959655762 seconds
before crop: (1, 512, 168, 512) after crop: (1, 488, 168, 512) spacing: [0.82029998 1.10000002 0.82029998] 

panc_0595
[Timing] Loading took 0.1360619068145752 seconds
before crop: (1, 72, 260, 320) after crop: (1, 72, 258, 319) spacing: [3.     1.1875 1.1875] 

panc_0548
[Timing] Loading took 0.30677270889282227 seconds
before crop: (1, 72, 260, 320) after crop: (1, 72, 258, 318) spacing: [3.     1.1875 1.1875] 

panc_0551
[Timing] Loading took 0.38021421432495117 seconds
before crop: (1, 72, 468, 576) after crop: (1, 72, 466, 574) spacing: [3.         0.69444442 0.69444442] 

panc_0585
[Timing] Loading took 0.18399977684020996 seconds
before crop: (1, 72, 260, 320) after crop: (1, 72, 258, 319) spacing: [3.     1.1875 1.1875] 

panc_0586
[Timing] Loading took 0.3030245304107666 seconds
before crop: (1, 320, 144, 260) after crop: (1, 319, 144, 259) spacing: [1.40629995 1.5        1.40629995] 

panc_0592
[Timing] Loading took 0.9256103038787842 seconds
before crop: (1, 512, 168, 512) after crop: (1, 472, 168, 510) spacing: [0.82029998 1.10000002 0.82029998] 

panc_0593
[Timing] Loading took 0.3885047435760498 seconds
before crop: (1, 72, 468, 576) after crop: (1, 72, 466, 575) spacing: [3.         0.69444442 0.69444442] 

panc_0518
[Timing] Loading took 0.6019129753112793 seconds
before crop: (1, 400, 120, 400) after crop: (1, 400, 120, 352) spacing: [1. 2. 1.] 

panc_0530
[Timing] Loading took 0.14424824714660645 seconds
before crop: (1, 64, 290, 320) after crop: (1, 64, 288, 319) spacing: [3.     1.1875 1.1875] 

panc_0578
[Timing] Loading took 0.9055051803588867 seconds
before crop: (1, 512, 168, 512) after crop: (1, 456, 168, 512) spacing: [0.82029998 1.10000002 0.82029998] 

panc_0580
[Timing] Loading took 0.16163206100463867 seconds
before crop: (1, 320, 60, 320) after crop: (1, 319, 60, 319) spacing: [1.1875 3.     1.1875] 

panc_0596
[Timing] Loading took 0.8850448131561279 seconds
before crop: (1, 512, 168, 512) after crop: (1, 432, 168, 508) spacing: [0.82029998 1.10000002 0.82029998] 

panc_0597
[Timing] Loading took 0.1623060703277588 seconds
before crop: (1, 320, 60, 320) after crop: (1, 319, 60, 319) spacing: [1.1875 3.     1.1875] 




 Task601
number of threads:  (6, 6) 

not using nonzero mask for normalization
Are we using the nonzero mask for normalization? OrderedDict([(0, False)])
the median shape of the dataset is  [167.44549842 226.05263158 319.        ]
the max shape in the dataset is  [263.39998849 289.         353.67881373]
the min shape in the dataset is  [105.68652362 101.05263158 296.42105263]
we don't want feature maps smaller than  4  in the bottleneck
the transposed median shape of the dataset is  [167.44549842 226.05263158 319.        ]
generating configuration for 3d_fullres
generating configuration for 3d_lowres
{0: {'batch_size': 2, 'num_pool_per_axis': [4, 5, 5], 'patch_size': array([ 96, 128, 192]), 'median_patient_size_in_voxels': array([167, 226, 319]), 'current_spacing': array([1.70314997, 1.1875    , 1.1875    ]), 'original_spacing': array([1.70314997, 1.1875    , 1.1875    ]), 'do_dummy_2D_data_aug': False, 'pool_op_kernel_sizes': [[2, 2, 2], [2, 2, 2], [2, 2, 2], [2, 2, 2], [1, 2, 2]], 'conv_kernel_sizes': [[3, 3, 3], [3, 3, 3], [3, 3, 3], [3, 3, 3], [3, 3, 3], [3, 3, 3]]}}
transpose forward [0, 1, 2]
transpose backward [0, 1, 2]
Initializing to run preprocessing
npz folder: /exports/lkeb-hpc/smaijer/data/nnUNet_raw_data_base/nnUNet_cropped_data/Task601
output_folder: /exports/lkeb-hpc/smaijer/data/nnUNet_preprocessed/Task601
no separate z, order 3
no separate z, order 1
before: {'spacing': array([1., 2., 1.]), 'spacing_transposed': array([1., 2., 1.]), 'data.shape (data is transposed)': (1, 400, 120, 352)} 
after:  {'spacing': array([1.70314997, 1.1875    , 1.1875    ]), 'data.shape (data is resampled)': (1, 235, 202, 296)} 

1 10000
saving:  /exports/lkeb-hpc/smaijer/data/nnUNet_preprocessed/Task601/nnUNetData_plans_v2.1_stage0/panc_0518.npz
no separate z, order 3
no separate z, order 1
before: {'spacing': array([3.    , 1.1875, 1.1875]), 'spacing_transposed': array([3.    , 1.1875, 1.1875]), 'data.shape (data is transposed)': (1, 64, 288, 319)} 
after:  {'spacing': array([1.70314997, 1.1875    , 1.1875    ]), 'data.shape (data is resampled)': (1, 113, 288, 319)} 

1 10000
saving:  /exports/lkeb-hpc/smaijer/data/nnUNet_preprocessed/Task601/nnUNetData_plans_v2.1_stage0/panc_0530.npz
no separate z, order 3
no separate z, order 1
before: {'spacing': array([3.    , 1.1875, 1.1875]), 'spacing_transposed': array([3.    , 1.1875, 1.1875]), 'data.shape (data is transposed)': (1, 72, 259, 319)} 
after:  {'spacing': array([1.70314997, 1.1875    , 1.1875    ]), 'data.shape (data is resampled)': (1, 127, 259, 319)} 

1 10000
saving:  /exports/lkeb-hpc/smaijer/data/nnUNet_preprocessed/Task601/nnUNetData_plans_v2.1_stage0/panc_0587.npz
no separate z, order 3
no separate z, order 1
before: {'spacing': array([0.82029998, 1.10000002, 0.82029998]), 'spacing_transposed': array([0.82029998, 1.10000002, 0.82029998]), 'data.shape (data is transposed)': (1, 496, 168, 512)} 
after:  {'spacing': array([1.70314997, 1.1875    , 1.1875    ]), 'data.shape (data is resampled)': (1, 239, 156, 354)} 

1 10000
saving:  /exports/lkeb-hpc/smaijer/data/nnUNet_preprocessed/Task601/nnUNetData_plans_v2.1_stage0/panc_0588.npz
no separate z, order 3
no separate z, order 1
before: {'spacing': array([2.      , 1.953125, 1.953125]), 'spacing_transposed': array([2.      , 1.953125, 1.953125]), 'data.shape (data is transposed)': (1, 100, 152, 192)} 
after:  {'spacing': array([1.70314997, 1.1875    , 1.1875    ]), 'data.shape (data is resampled)': (1, 117, 250, 316)} 

1 10000
saving:  /exports/lkeb-hpc/smaijer/data/nnUNet_preprocessed/Task601/nnUNetData_plans_v2.1_stage0/panc_0540.npz
no separate z, order 3
no separate z, order 1
before: {'spacing': array([3.    , 1.1875, 1.1875]), 'spacing_transposed': array([3.    , 1.1875, 1.1875]), 'data.shape (data is transposed)': (1, 72, 289, 319)} 
after:  {'spacing': array([1.70314997, 1.1875    , 1.1875    ]), 'data.shape (data is resampled)': (1, 127, 289, 319)} 

1 10000
saving:  /exports/lkeb-hpc/smaijer/data/nnUNet_preprocessed/Task601/nnUNetData_plans_v2.1_stage0/panc_0541.npz
no separate z, order 3
no separate z, order 1
before: {'spacing': array([3.    , 1.1875, 1.1875]), 'spacing_transposed': array([3.    , 1.1875, 1.1875]), 'data.shape (data is transposed)': (1, 72, 258, 318)} 
after:  {'spacing': array([1.70314997, 1.1875    , 1.1875    ]), 'data.shape (data is resampled)': (1, 127, 258, 318)} 

1 10000
saving:  /exports/lkeb-hpc/smaijer/data/nnUNet_preprocessed/Task601/nnUNetData_plans_v2.1_stage0/panc_0570.npz
no separate z, order 3
no separate z, order 1
before: {'spacing': array([3.  , 1.25, 1.25]), 'spacing_transposed': array([3.  , 1.25, 1.25]), 'data.shape (data is transposed)': (1, 72, 256, 319)} 
after:  {'spacing': array([1.70314997, 1.1875    , 1.1875    ]), 'data.shape (data is resampled)': (1, 127, 269, 336)} 

1 10000
saving:  /exports/lkeb-hpc/smaijer/data/nnUNet_preprocessed/Task601/nnUNetData_plans_v2.1_stage0/panc_0571.npz
no separate z, order 3
no separate z, order 1
before: {'spacing': array([1.1875, 3.    , 1.1875]), 'spacing_transposed': array([1.1875, 3.    , 1.1875]), 'data.shape (data is transposed)': (1, 319, 60, 319)} 
after:  {'spacing': array([1.70314997, 1.1875    , 1.1875    ]), 'data.shape (data is resampled)': (1, 222, 152, 319)} 

1 10000
saving:  /exports/lkeb-hpc/smaijer/data/nnUNet_preprocessed/Task601/nnUNetData_plans_v2.1_stage0/panc_0589.npz
no separate z, order 3
no separate z, order 1
before: {'spacing': array([0.82029998, 1.10000002, 0.82029998]), 'spacing_transposed': array([0.82029998, 1.10000002, 0.82029998]), 'data.shape (data is transposed)': (1, 497, 168, 510)} 
after:  {'spacing': array([1.70314997, 1.1875    , 1.1875    ]), 'data.shape (data is resampled)': (1, 239, 156, 352)} 

1 10000
saving:  /exports/lkeb-hpc/smaijer/data/nnUNet_preprocessed/Task601/nnUNetData_plans_v2.1_stage0/panc_0590.npz
no separate z, order 3
no separate z, order 1
before: {'spacing': array([2.5   , 1.1875, 1.1875]), 'spacing_transposed': array([2.5   , 1.1875, 1.1875]), 'data.shape (data is transposed)': (1, 72, 289, 319)} 
after:  {'spacing': array([1.70314997, 1.1875    , 1.1875    ]), 'data.shape (data is resampled)': (1, 106, 289, 319)} 

1 10000
saving:  /exports/lkeb-hpc/smaijer/data/nnUNet_preprocessed/Task601/nnUNetData_plans_v2.1_stage0/panc_0507.npz
no separate z, order 3
no separate z, order 1
before: {'spacing': array([1.40625, 1.5    , 1.40625]), 'spacing_transposed': array([1.40625, 1.5    , 1.40625]), 'data.shape (data is transposed)': (1, 319, 80, 259)} 
after:  {'spacing': array([1.70314997, 1.1875    , 1.1875    ]), 'data.shape (data is resampled)': (1, 263, 101, 307)} 

1 10000
saving:  /exports/lkeb-hpc/smaijer/data/nnUNet_preprocessed/Task601/nnUNetData_plans_v2.1_stage0/panc_0508.npz
no separate z, order 3
no separate z, order 1
before: {'spacing': array([0.82029998, 1.10000002, 0.82029998]), 'spacing_transposed': array([0.82029998, 1.10000002, 0.82029998]), 'data.shape (data is transposed)': (1, 432, 168, 512)} 
after:  {'spacing': array([1.70314997, 1.1875    , 1.1875    ]), 'data.shape (data is resampled)': (1, 208, 156, 354)} 

1 10000
saving:  /exports/lkeb-hpc/smaijer/data/nnUNet_preprocessed/Task601/nnUNetData_plans_v2.1_stage0/panc_0554.npz
no separate z, order 3
no separate z, order 1
before: {'spacing': array([3.        , 1.38888884, 1.38888884]), 'spacing_transposed': array([3.        , 1.38888884, 1.38888884]), 'data.shape (data is transposed)': (1, 72, 230, 286)} 
after:  {'spacing': array([1.70314997, 1.1875    , 1.1875    ]), 'data.shape (data is resampled)': (1, 127, 269, 335)} 

1 10000
saving:  /exports/lkeb-hpc/smaijer/data/nnUNet_preprocessed/Task601/nnUNetData_plans_v2.1_stage0/panc_0555.npz
no separate z, order 3
no separate z, order 1
before: {'spacing': array([0.82029998, 1.10000002, 0.82029998]), 'spacing_transposed': array([0.82029998, 1.10000002, 0.82029998]), 'data.shape (data is transposed)': (1, 472, 168, 510)} 
after:  {'spacing': array([1.70314997, 1.1875    , 1.1875    ]), 'data.shape (data is resampled)': (1, 227, 156, 352)} 

1 10000
saving:  /exports/lkeb-hpc/smaijer/data/nnUNet_preprocessed/Task601/nnUNetData_plans_v2.1_stage0/panc_0592.npz
separate z, order in z is 0 order inplane is 3
separate z, order in z is 0 order inplane is 1
before: {'spacing': array([3.        , 0.69444442, 0.69444442]), 'spacing_transposed': array([3.        , 0.69444442, 0.69444442]), 'data.shape (data is transposed)': (1, 72, 466, 575)} 
after:  {'spacing': array([1.70314997, 1.1875    , 1.1875    ]), 'data.shape (data is resampled)': (1, 127, 273, 336)} 

1 10000
saving:  /exports/lkeb-hpc/smaijer/data/nnUNet_preprocessed/Task601/nnUNetData_plans_v2.1_stage0/panc_0593.npz
no separate z, order 3
no separate z, order 1
before: {'spacing': array([3.    , 1.1875, 1.1875]), 'spacing_transposed': array([3.    , 1.1875, 1.1875]), 'data.shape (data is transposed)': (1, 72, 258, 318)} 
after:  {'spacing': array([1.70314997, 1.1875    , 1.1875    ]), 'data.shape (data is resampled)': (1, 127, 258, 318)} 

1 10000
saving:  /exports/lkeb-hpc/smaijer/data/nnUNet_preprocessed/Task601/nnUNetData_plans_v2.1_stage0/panc_0548.npz
separate z, order in z is 0 order inplane is 3
separate z, order in z is 0 order inplane is 1
before: {'spacing': array([3.        , 0.69444442, 0.69444442]), 'spacing_transposed': array([3.        , 0.69444442, 0.69444442]), 'data.shape (data is transposed)': (1, 72, 466, 574)} 
after:  {'spacing': array([1.70314997, 1.1875    , 1.1875    ]), 'data.shape (data is resampled)': (1, 127, 273, 336)} 

1 10000
saving:  /exports/lkeb-hpc/smaijer/data/nnUNet_preprocessed/Task601/nnUNetData_plans_v2.1_stage0/panc_0551.npz
no separate z, order 3
no separate z, order 1
before: {'spacing': array([0.82029998, 1.10000002, 0.82029998]), 'spacing_transposed': array([0.82029998, 1.10000002, 0.82029998]), 'data.shape (data is transposed)': (1, 449, 152, 510)} 
after:  {'spacing': array([1.70314997, 1.1875    , 1.1875    ]), 'data.shape (data is resampled)': (1, 216, 141, 352)} 

1 10000
saving:  /exports/lkeb-hpc/smaijer/data/nnUNet_preprocessed/Task601/nnUNetData_plans_v2.1_stage0/panc_0557.npz
no separate z, order 3
no separate z, order 1
before: {'spacing': array([0.82029998, 1.10000002, 0.82029998]), 'spacing_transposed': array([0.82029998, 1.10000002, 0.82029998]), 'data.shape (data is transposed)': (1, 472, 168, 512)} 
after:  {'spacing': array([1.70314997, 1.1875    , 1.1875    ]), 'data.shape (data is resampled)': (1, 227, 156, 354)} 

1 10000
saving:  /exports/lkeb-hpc/smaijer/data/nnUNet_preprocessed/Task601/nnUNetData_plans_v2.1_stage0/panc_0558.npz
no separate z, order 3
no separate z, order 1
before: {'spacing': array([3.    , 1.1875, 1.1875]), 'spacing_transposed': array([3.    , 1.1875, 1.1875]), 'data.shape (data is transposed)': (1, 72, 258, 319)} 
after:  {'spacing': array([1.70314997, 1.1875    , 1.1875    ]), 'data.shape (data is resampled)': (1, 127, 258, 319)} 

1 10000
saving:  /exports/lkeb-hpc/smaijer/data/nnUNet_preprocessed/Task601/nnUNetData_plans_v2.1_stage0/panc_0599.npz
no separate z, order 3
no separate z, order 1
before: {'spacing': array([3.    , 1.1875, 1.1875]), 'spacing_transposed': array([3.    , 1.1875, 1.1875]), 'data.shape (data is transposed)': (1, 72, 258, 319)} 
after:  {'spacing': array([1.70314997, 1.1875    , 1.1875    ]), 'data.shape (data is resampled)': (1, 127, 258, 319)} 

1 10000
saving:  /exports/lkeb-hpc/smaijer/data/nnUNet_preprocessed/Task601/nnUNetData_plans_v2.1_stage0/panc_0600.npz
no separate z, order 3
no separate z, order 1
before: {'spacing': array([1.40625, 1.5    , 1.40625]), 'spacing_transposed': array([1.40625, 1.5    , 1.40625]), 'data.shape (data is transposed)': (1, 319, 104, 259)} 
after:  {'spacing': array([1.70314997, 1.1875    , 1.1875    ]), 'data.shape (data is resampled)': (1, 263, 131, 307)} 

1 10000
saving:  /exports/lkeb-hpc/smaijer/data/nnUNet_preprocessed/Task601/nnUNetData_plans_v2.1_stage0/panc_0510.npz
no separate z, order 3
no separate z, order 1
before: {'spacing': array([1.40625, 1.5    , 1.40625]), 'spacing_transposed': array([1.40625, 1.5    , 1.40625]), 'data.shape (data is transposed)': (1, 319, 112, 259)} 
after:  {'spacing': array([1.70314997, 1.1875    , 1.1875    ]), 'data.shape (data is resampled)': (1, 263, 141, 307)} 

1 10000
saving:  /exports/lkeb-hpc/smaijer/data/nnUNet_preprocessed/Task601/nnUNetData_plans_v2.1_stage0/panc_0514.npz
no separate z, order 3
no separate z, order 1
before: {'spacing': array([0.82029998, 1.10000002, 0.82029998]), 'spacing_transposed': array([0.82029998, 1.10000002, 0.82029998]), 'data.shape (data is transposed)': (1, 456, 168, 512)} 
after:  {'spacing': array([1.70314997, 1.1875    , 1.1875    ]), 'data.shape (data is resampled)': (1, 220, 156, 354)} 

1 10000
saving:  /exports/lkeb-hpc/smaijer/data/nnUNet_preprocessed/Task601/nnUNetData_plans_v2.1_stage0/panc_0578.npz
no separate z, order 3
no separate z, order 1
before: {'spacing': array([1.1875, 3.    , 1.1875]), 'spacing_transposed': array([1.1875, 3.    , 1.1875]), 'data.shape (data is transposed)': (1, 319, 60, 319)} 
after:  {'spacing': array([1.70314997, 1.1875    , 1.1875    ]), 'data.shape (data is resampled)': (1, 222, 152, 319)} 

1 10000
saving:  /exports/lkeb-hpc/smaijer/data/nnUNet_preprocessed/Task601/nnUNetData_plans_v2.1_stage0/panc_0580.npz
no separate z, order 3
no separate z, order 1
before: {'spacing': array([0.82029998, 1.10000002, 0.82029998]), 'spacing_transposed': array([0.82029998, 1.10000002, 0.82029998]), 'data.shape (data is transposed)': (1, 432, 168, 508)} 
after:  {'spacing': array([1.70314997, 1.1875    , 1.1875    ]), 'data.shape (data is resampled)': (1, 208, 156, 351)} 

1 10000
saving:  /exports/lkeb-hpc/smaijer/data/nnUNet_preprocessed/Task601/nnUNetData_plans_v2.1_stage0/panc_0596.npz
no separate z, order 3
no separate z, order 1
before: {'spacing': array([1.1875, 3.    , 1.1875]), 'spacing_transposed': array([1.1875, 3.    , 1.1875]), 'data.shape (data is transposed)': (1, 319, 60, 319)} 
after:  {'spacing': array([1.70314997, 1.1875    , 1.1875    ]), 'data.shape (data is resampled)': (1, 222, 152, 319)} 

1 10000
saving:  /exports/lkeb-hpc/smaijer/data/nnUNet_preprocessed/Task601/nnUNetData_plans_v2.1_stage0/panc_0597.npz
no separate z, order 3
no separate z, order 1
before: {'spacing': array([3.    , 1.3125, 1.3125]), 'spacing_transposed': array([3.    , 1.3125, 1.3125]), 'data.shape (data is transposed)': (1, 72, 255, 319)} 
after:  {'spacing': array([1.70314997, 1.1875    , 1.1875    ]), 'data.shape (data is resampled)': (1, 127, 282, 353)} 

1 10000
saving:  /exports/lkeb-hpc/smaijer/data/nnUNet_preprocessed/Task601/nnUNetData_plans_v2.1_stage0/panc_0532.npz
no separate z, order 3
no separate z, order 1
before: {'spacing': array([3.    , 1.3125, 1.3125]), 'spacing_transposed': array([3.    , 1.3125, 1.3125]), 'data.shape (data is transposed)': (1, 64, 258, 319)} 
after:  {'spacing': array([1.70314997, 1.1875    , 1.1875    ]), 'data.shape (data is resampled)': (1, 113, 285, 353)} 

1 10000
saving:  /exports/lkeb-hpc/smaijer/data/nnUNet_preprocessed/Task601/nnUNetData_plans_v2.1_stage0/panc_0538.npz
no separate z, order 3
no separate z, order 1
before: {'spacing': array([3.    , 1.1875, 1.1875]), 'spacing_transposed': array([3.    , 1.1875, 1.1875]), 'data.shape (data is transposed)': (1, 72, 258, 319)} 
after:  {'spacing': array([1.70314997, 1.1875    , 1.1875    ]), 'data.shape (data is resampled)': (1, 127, 258, 319)} 

1 10000
saving:  /exports/lkeb-hpc/smaijer/data/nnUNet_preprocessed/Task601/nnUNetData_plans_v2.1_stage0/panc_0585.npz
no separate z, order 3
no separate z, order 1
before: {'spacing': array([1.40629995, 1.5       , 1.40629995]), 'spacing_transposed': array([1.40629995, 1.5       , 1.40629995]), 'data.shape (data is transposed)': (1, 319, 144, 259)} 
after:  {'spacing': array([1.70314997, 1.1875    , 1.1875    ]), 'data.shape (data is resampled)': (1, 263, 182, 307)} 

1 10000
saving:  /exports/lkeb-hpc/smaijer/data/nnUNet_preprocessed/Task601/nnUNetData_plans_v2.1_stage0/panc_0586.npz
no separate z, order 3
no separate z, order 1
before: {'spacing': array([0.82029998, 1.10000002, 0.82029998]), 'spacing_transposed': array([0.82029998, 1.10000002, 0.82029998]), 'data.shape (data is transposed)': (1, 488, 168, 512)} 
after:  {'spacing': array([1.70314997, 1.1875    , 1.1875    ]), 'data.shape (data is resampled)': (1, 235, 156, 354)} 

1 10000
saving:  /exports/lkeb-hpc/smaijer/data/nnUNet_preprocessed/Task601/nnUNetData_plans_v2.1_stage0/panc_0594.npz
no separate z, order 3
no separate z, order 1
before: {'spacing': array([3.    , 1.1875, 1.1875]), 'spacing_transposed': array([3.    , 1.1875, 1.1875]), 'data.shape (data is transposed)': (1, 72, 258, 319)} 
after:  {'spacing': array([1.70314997, 1.1875    , 1.1875    ]), 'data.shape (data is resampled)': (1, 127, 258, 319)} 

1 10000
saving:  /exports/lkeb-hpc/smaijer/data/nnUNet_preprocessed/Task601/nnUNetData_plans_v2.1_stage0/panc_0595.npz
not using nonzero mask for normalization
Are we using the nonzero mask for normalization? OrderedDict([(0, False)])
the median shape of the dataset is  [167.44549842 226.05263158 319.        ]
the max shape in the dataset is  [263.39998849 289.         353.67881373]
the min shape in the dataset is  [105.68652362 101.05263158 296.42105263]
we don't want feature maps smaller than  4  in the bottleneck
the transposed median shape of the dataset is  [167.44549842 226.05263158 319.        ]
[{'batch_size': 40, 'num_pool_per_axis': [6, 6], 'patch_size': array([256, 320]), 'median_patient_size_in_voxels': array([167, 226, 319]), 'current_spacing': array([1.70314997, 1.1875    , 1.1875    ]), 'original_spacing': array([1.70314997, 1.1875    , 1.1875    ]), 'pool_op_kernel_sizes': [[2, 2], [2, 2], [2, 2], [2, 2], [2, 2], [2, 2]], 'conv_kernel_sizes': [[3, 3], [3, 3], [3, 3], [3, 3], [3, 3], [3, 3], [3, 3]], 'do_dummy_2D_data_aug': False}]
Initializing to run preprocessing
npz folder: /exports/lkeb-hpc/smaijer/data/nnUNet_raw_data_base/nnUNet_cropped_data/Task601
output_folder: /exports/lkeb-hpc/smaijer/data/nnUNet_preprocessed/Task601
no separate z, order 3
no separate z, order 1
before: {'spacing': array([1., 2., 1.]), 'spacing_transposed': array([1., 2., 1.]), 'data.shape (data is transposed)': (1, 400, 120, 352)} 
after:  {'spacing': array([1.    , 1.1875, 1.1875]), 'data.shape (data is resampled)': (1, 400, 202, 296)} 

normalization...
normalization done
1 10000
saving:  /exports/lkeb-hpc/smaijer/data/nnUNet_preprocessed/Task601/nnUNetData_plans_v2.1_2D_stage0/panc_0518.npz
no resampling necessary
no resampling necessary
before: {'spacing': array([3.    , 1.1875, 1.1875]), 'spacing_transposed': array([3.    , 1.1875, 1.1875]), 'data.shape (data is transposed)': (1, 64, 288, 319)} 
after:  {'spacing': array([3.    , 1.1875, 1.1875]), 'data.shape (data is resampled)': (1, 64, 288, 319)} 

normalization...
normalization done
1 10000
saving:  /exports/lkeb-hpc/smaijer/data/nnUNet_preprocessed/Task601/nnUNetData_plans_v2.1_2D_stage0/panc_0530.npz
no resampling necessary
no resampling necessary
before: {'spacing': array([3.    , 1.1875, 1.1875]), 'spacing_transposed': array([3.    , 1.1875, 1.1875]), 'data.shape (data is transposed)': (1, 72, 259, 319)} 
after:  {'spacing': array([3.    , 1.1875, 1.1875]), 'data.shape (data is resampled)': (1, 72, 259, 319)} 

normalization...
normalization done
1 10000
saving:  /exports/lkeb-hpc/smaijer/data/nnUNet_preprocessed/Task601/nnUNetData_plans_v2.1_2D_stage0/panc_0587.npz
no separate z, order 3
no separate z, order 1
before: {'spacing': array([0.82029998, 1.10000002, 0.82029998]), 'spacing_transposed': array([0.82029998, 1.10000002, 0.82029998]), 'data.shape (data is transposed)': (1, 496, 168, 512)} 
after:  {'spacing': array([0.82029998, 1.1875    , 1.1875    ]), 'data.shape (data is resampled)': (1, 496, 156, 354)} 

normalization...
normalization done
1 10000
saving:  /exports/lkeb-hpc/smaijer/data/nnUNet_preprocessed/Task601/nnUNetData_plans_v2.1_2D_stage0/panc_0588.npz
no resampling necessary
no resampling necessary
before: {'spacing': array([3.    , 1.1875, 1.1875]), 'spacing_transposed': array([3.    , 1.1875, 1.1875]), 'data.shape (data is transposed)': (1, 72, 258, 319)} 
after:  {'spacing': array([3.    , 1.1875, 1.1875]), 'data.shape (data is resampled)': (1, 72, 258, 319)} 

normalization...
normalization done
1 10000
saving:  /exports/lkeb-hpc/smaijer/data/nnUNet_preprocessed/Task601/nnUNetData_plans_v2.1_2D_stage0/panc_0599.npz
no resampling necessary
no resampling necessary
before: {'spacing': array([3.    , 1.1875, 1.1875]), 'spacing_transposed': array([3.    , 1.1875, 1.1875]), 'data.shape (data is transposed)': (1, 72, 258, 319)} 
after:  {'spacing': array([3.    , 1.1875, 1.1875]), 'data.shape (data is resampled)': (1, 72, 258, 319)} 

normalization...
normalization done
1 10000
saving:  /exports/lkeb-hpc/smaijer/data/nnUNet_preprocessed/Task601/nnUNetData_plans_v2.1_2D_stage0/panc_0600.npz
no separate z, order 3
no separate z, order 1
before: {'spacing': array([2.      , 1.953125, 1.953125]), 'spacing_transposed': array([2.      , 1.953125, 1.953125]), 'data.shape (data is transposed)': (1, 100, 152, 192)} 
after:  {'spacing': array([2.    , 1.1875, 1.1875]), 'data.shape (data is resampled)': (1, 100, 250, 316)} 

normalization...
normalization done
1 10000
saving:  /exports/lkeb-hpc/smaijer/data/nnUNet_preprocessed/Task601/nnUNetData_plans_v2.1_2D_stage0/panc_0540.npz
no resampling necessary
no resampling necessary
before: {'spacing': array([3.    , 1.1875, 1.1875]), 'spacing_transposed': array([3.    , 1.1875, 1.1875]), 'data.shape (data is transposed)': (1, 72, 289, 319)} 
after:  {'spacing': array([3.    , 1.1875, 1.1875]), 'data.shape (data is resampled)': (1, 72, 289, 319)} 

normalization...
normalization done
1 7600
saving:  /exports/lkeb-hpc/smaijer/data/nnUNet_preprocessed/Task601/nnUNetData_plans_v2.1_2D_stage0/panc_0541.npz
no separate z, order 3
no separate z, order 1
before: {'spacing': array([0.82029998, 1.10000002, 0.82029998]), 'spacing_transposed': array([0.82029998, 1.10000002, 0.82029998]), 'data.shape (data is transposed)': (1, 449, 152, 510)} 
after:  {'spacing': array([0.82029998, 1.1875    , 1.1875    ]), 'data.shape (data is resampled)': (1, 449, 141, 352)} 

normalization...
normalization done
1 10000
saving:  /exports/lkeb-hpc/smaijer/data/nnUNet_preprocessed/Task601/nnUNetData_plans_v2.1_2D_stage0/panc_0557.npz
no separate z, order 3
no separate z, order 1
before: {'spacing': array([0.82029998, 1.10000002, 0.82029998]), 'spacing_transposed': array([0.82029998, 1.10000002, 0.82029998]), 'data.shape (data is transposed)': (1, 472, 168, 512)} 
after:  {'spacing': array([0.82029998, 1.1875    , 1.1875    ]), 'data.shape (data is resampled)': (1, 472, 156, 354)} 

normalization...
normalization done
1 10000
saving:  /exports/lkeb-hpc/smaijer/data/nnUNet_preprocessed/Task601/nnUNetData_plans_v2.1_2D_stage0/panc_0558.npz
no separate z, order 3
no separate z, order 1
before: {'spacing': array([1.40625, 1.5    , 1.40625]), 'spacing_transposed': array([1.40625, 1.5    , 1.40625]), 'data.shape (data is transposed)': (1, 319, 104, 259)} 
after:  {'spacing': array([1.40625, 1.1875 , 1.1875 ]), 'data.shape (data is resampled)': (1, 319, 131, 307)} 

normalization...
normalization done
1 10000
saving:  /exports/lkeb-hpc/smaijer/data/nnUNet_preprocessed/Task601/nnUNetData_plans_v2.1_2D_stage0/panc_0510.npz
no separate z, order 3
no separate z, order 1
before: {'spacing': array([1.40625, 1.5    , 1.40625]), 'spacing_transposed': array([1.40625, 1.5    , 1.40625]), 'data.shape (data is transposed)': (1, 319, 112, 259)} 
after:  {'spacing': array([1.40625, 1.1875 , 1.1875 ]), 'data.shape (data is resampled)': (1, 319, 141, 307)} 

normalization...
normalization done
1 10000
saving:  /exports/lkeb-hpc/smaijer/data/nnUNet_preprocessed/Task601/nnUNetData_plans_v2.1_2D_stage0/panc_0514.npz
no separate z, order 3
no separate z, order 1
before: {'spacing': array([1.1875, 3.    , 1.1875]), 'spacing_transposed': array([1.1875, 3.    , 1.1875]), 'data.shape (data is transposed)': (1, 319, 60, 319)} 
after:  {'spacing': array([1.1875, 1.1875, 1.1875]), 'data.shape (data is resampled)': (1, 319, 152, 319)} 

normalization...
normalization done
1 10000
saving:  /exports/lkeb-hpc/smaijer/data/nnUNet_preprocessed/Task601/nnUNetData_plans_v2.1_2D_stage0/panc_0589.npz
no separate z, order 3
no separate z, order 1
before: {'spacing': array([0.82029998, 1.10000002, 0.82029998]), 'spacing_transposed': array([0.82029998, 1.10000002, 0.82029998]), 'data.shape (data is transposed)': (1, 497, 168, 510)} 
after:  {'spacing': array([0.82029998, 1.1875    , 1.1875    ]), 'data.shape (data is resampled)': (1, 497, 156, 352)} 

normalization...
normalization done
1 10000
saving:  /exports/lkeb-hpc/smaijer/data/nnUNet_preprocessed/Task601/nnUNetData_plans_v2.1_2D_stage0/panc_0590.npz
no resampling necessary
no resampling necessary
before: {'spacing': array([3.    , 1.1875, 1.1875]), 'spacing_transposed': array([3.    , 1.1875, 1.1875]), 'data.shape (data is transposed)': (1, 72, 258, 318)} 
after:  {'spacing': array([3.    , 1.1875, 1.1875]), 'data.shape (data is resampled)': (1, 72, 258, 318)} 

normalization...
normalization done
1 10000
saving:  /exports/lkeb-hpc/smaijer/data/nnUNet_preprocessed/Task601/nnUNetData_plans_v2.1_2D_stage0/panc_0548.npz
separate z, order in z is 0 order inplane is 3
separate z, order in z is 0 order inplane is 1
before: {'spacing': array([3.        , 0.69444442, 0.69444442]), 'spacing_transposed': array([3.        , 0.69444442, 0.69444442]), 'data.shape (data is transposed)': (1, 72, 466, 574)} 
after:  {'spacing': array([3.    , 1.1875, 1.1875]), 'data.shape (data is resampled)': (1, 72, 273, 336)} 

normalization...
normalization done
1 10000
saving:  /exports/lkeb-hpc/smaijer/data/nnUNet_preprocessed/Task601/nnUNetData_plans_v2.1_2D_stage0/panc_0551.npz
no separate z, order 3
no separate z, order 1
before: {'spacing': array([0.82029998, 1.10000002, 0.82029998]), 'spacing_transposed': array([0.82029998, 1.10000002, 0.82029998]), 'data.shape (data is transposed)': (1, 432, 168, 512)} 
after:  {'spacing': array([0.82029998, 1.1875    , 1.1875    ]), 'data.shape (data is resampled)': (1, 432, 156, 354)} 

normalization...
normalization done
1 10000
saving:  /exports/lkeb-hpc/smaijer/data/nnUNet_preprocessed/Task601/nnUNetData_plans_v2.1_2D_stage0/panc_0554.npz
no separate z, order 3
no separate z, order 1
before: {'spacing': array([3.        , 1.38888884, 1.38888884]), 'spacing_transposed': array([3.        , 1.38888884, 1.38888884]), 'data.shape (data is transposed)': (1, 72, 230, 286)} 
after:  {'spacing': array([3.    , 1.1875, 1.1875]), 'data.shape (data is resampled)': (1, 72, 269, 335)} 

normalization...
normalization done
1 10000
saving:  /exports/lkeb-hpc/smaijer/data/nnUNet_preprocessed/Task601/nnUNetData_plans_v2.1_2D_stage0/panc_0555.npz
no separate z, order 3
no separate z, order 1
before: {'spacing': array([0.82029998, 1.10000002, 0.82029998]), 'spacing_transposed': array([0.82029998, 1.10000002, 0.82029998]), 'data.shape (data is transposed)': (1, 488, 168, 512)} 
after:  {'spacing': array([0.82029998, 1.1875    , 1.1875    ]), 'data.shape (data is resampled)': (1, 488, 156, 354)} 

normalization...
normalization done
1 10000
saving:  /exports/lkeb-hpc/smaijer/data/nnUNet_preprocessed/Task601/nnUNetData_plans_v2.1_2D_stage0/panc_0594.npz
no resampling necessary
no resampling necessary
before: {'spacing': array([3.    , 1.1875, 1.1875]), 'spacing_transposed': array([3.    , 1.1875, 1.1875]), 'data.shape (data is transposed)': (1, 72, 258, 319)} 
after:  {'spacing': array([3.    , 1.1875, 1.1875]), 'data.shape (data is resampled)': (1, 72, 258, 319)} 

normalization...
normalization done
1 7808
saving:  /exports/lkeb-hpc/smaijer/data/nnUNet_preprocessed/Task601/nnUNetData_plans_v2.1_2D_stage0/panc_0595.npz
no resampling necessary
no resampling necessary
before: {'spacing': array([2.5   , 1.1875, 1.1875]), 'spacing_transposed': array([2.5   , 1.1875, 1.1875]), 'data.shape (data is transposed)': (1, 72, 289, 319)} 
after:  {'spacing': array([2.5   , 1.1875, 1.1875]), 'data.shape (data is resampled)': (1, 72, 289, 319)} 

normalization...
normalization done
1 10000
saving:  /exports/lkeb-hpc/smaijer/data/nnUNet_preprocessed/Task601/nnUNetData_plans_v2.1_2D_stage0/panc_0507.npz
no separate z, order 3
no separate z, order 1
before: {'spacing': array([1.40625, 1.5    , 1.40625]), 'spacing_transposed': array([1.40625, 1.5    , 1.40625]), 'data.shape (data is transposed)': (1, 319, 80, 259)} 
after:  {'spacing': array([1.40625, 1.1875 , 1.1875 ]), 'data.shape (data is resampled)': (1, 319, 101, 307)} 

normalization...
normalization done
1 10000
saving:  /exports/lkeb-hpc/smaijer/data/nnUNet_preprocessed/Task601/nnUNetData_plans_v2.1_2D_stage0/panc_0508.npz
no resampling necessary
no resampling necessary
before: {'spacing': array([3.    , 1.1875, 1.1875]), 'spacing_transposed': array([3.    , 1.1875, 1.1875]), 'data.shape (data is transposed)': (1, 72, 258, 318)} 
after:  {'spacing': array([3.    , 1.1875, 1.1875]), 'data.shape (data is resampled)': (1, 72, 258, 318)} 

normalization...
normalization done
1 10000
saving:  /exports/lkeb-hpc/smaijer/data/nnUNet_preprocessed/Task601/nnUNetData_plans_v2.1_2D_stage0/panc_0570.npz
no separate z, order 3
no separate z, order 1
before: {'spacing': array([3.  , 1.25, 1.25]), 'spacing_transposed': array([3.  , 1.25, 1.25]), 'data.shape (data is transposed)': (1, 72, 256, 319)} 
after:  {'spacing': array([3.    , 1.1875, 1.1875]), 'data.shape (data is resampled)': (1, 72, 269, 336)} 

normalization...
normalization done
1 10000
saving:  /exports/lkeb-hpc/smaijer/data/nnUNet_preprocessed/Task601/nnUNetData_plans_v2.1_2D_stage0/panc_0571.npz
no resampling necessary
no resampling necessary
before: {'spacing': array([3.    , 1.1875, 1.1875]), 'spacing_transposed': array([3.    , 1.1875, 1.1875]), 'data.shape (data is transposed)': (1, 72, 258, 319)} 
after:  {'spacing': array([3.    , 1.1875, 1.1875]), 'data.shape (data is resampled)': (1, 72, 258, 319)} 

normalization...
normalization done
1 10000
saving:  /exports/lkeb-hpc/smaijer/data/nnUNet_preprocessed/Task601/nnUNetData_plans_v2.1_2D_stage0/panc_0585.npz
no separate z, order 3
no separate z, order 1
before: {'spacing': array([1.40629995, 1.5       , 1.40629995]), 'spacing_transposed': array([1.40629995, 1.5       , 1.40629995]), 'data.shape (data is transposed)': (1, 319, 144, 259)} 
after:  {'spacing': array([1.40629995, 1.1875    , 1.1875    ]), 'data.shape (data is resampled)': (1, 319, 182, 307)} 

normalization...
normalization done
1 10000
saving:  /exports/lkeb-hpc/smaijer/data/nnUNet_preprocessed/Task601/nnUNetData_plans_v2.1_2D_stage0/panc_0586.npz
no separate z, order 3
no separate z, order 1
before: {'spacing': array([0.82029998, 1.10000002, 0.82029998]), 'spacing_transposed': array([0.82029998, 1.10000002, 0.82029998]), 'data.shape (data is transposed)': (1, 472, 168, 510)} 
after:  {'spacing': array([0.82029998, 1.1875    , 1.1875    ]), 'data.shape (data is resampled)': (1, 472, 156, 352)} 

normalization...
normalization done
1 10000
saving:  /exports/lkeb-hpc/smaijer/data/nnUNet_preprocessed/Task601/nnUNetData_plans_v2.1_2D_stage0/panc_0592.npz
separate z, order in z is 0 order inplane is 3
separate z, order in z is 0 order inplane is 1
before: {'spacing': array([3.        , 0.69444442, 0.69444442]), 'spacing_transposed': array([3.        , 0.69444442, 0.69444442]), 'data.shape (data is transposed)': (1, 72, 466, 575)} 
after:  {'spacing': array([3.    , 1.1875, 1.1875]), 'data.shape (data is resampled)': (1, 72, 273, 336)} 

normalization...
normalization done
1 10000
saving:  /exports/lkeb-hpc/smaijer/data/nnUNet_preprocessed/Task601/nnUNetData_plans_v2.1_2D_stage0/panc_0593.npz
no separate z, order 3
no separate z, order 1
before: {'spacing': array([3.    , 1.3125, 1.3125]), 'spacing_transposed': array([3.    , 1.3125, 1.3125]), 'data.shape (data is transposed)': (1, 72, 255, 319)} 
after:  {'spacing': array([3.    , 1.1875, 1.1875]), 'data.shape (data is resampled)': (1, 72, 282, 353)} 

normalization...
normalization done
1 10000
saving:  /exports/lkeb-hpc/smaijer/data/nnUNet_preprocessed/Task601/nnUNetData_plans_v2.1_2D_stage0/panc_0532.npz
no separate z, order 3
no separate z, order 1
before: {'spacing': array([3.    , 1.3125, 1.3125]), 'spacing_transposed': array([3.    , 1.3125, 1.3125]), 'data.shape (data is transposed)': (1, 64, 258, 319)} 
after:  {'spacing': array([3.    , 1.1875, 1.1875]), 'data.shape (data is resampled)': (1, 64, 285, 353)} 

normalization...
normalization done
1 10000
saving:  /exports/lkeb-hpc/smaijer/data/nnUNet_preprocessed/Task601/nnUNetData_plans_v2.1_2D_stage0/panc_0538.npz
no separate z, order 3
no separate z, order 1
before: {'spacing': array([0.82029998, 1.10000002, 0.82029998]), 'spacing_transposed': array([0.82029998, 1.10000002, 0.82029998]), 'data.shape (data is transposed)': (1, 456, 168, 512)} 
after:  {'spacing': array([0.82029998, 1.1875    , 1.1875    ]), 'data.shape (data is resampled)': (1, 456, 156, 354)} 

normalization...
normalization done
1 10000
saving:  /exports/lkeb-hpc/smaijer/data/nnUNet_preprocessed/Task601/nnUNetData_plans_v2.1_2D_stage0/panc_0578.npz
no separate z, order 3
no separate z, order 1
before: {'spacing': array([1.1875, 3.    , 1.1875]), 'spacing_transposed': array([1.1875, 3.    , 1.1875]), 'data.shape (data is transposed)': (1, 319, 60, 319)} 
after:  {'spacing': array([1.1875, 1.1875, 1.1875]), 'data.shape (data is resampled)': (1, 319, 152, 319)} 

normalization...
normalization done
1 10000
saving:  /exports/lkeb-hpc/smaijer/data/nnUNet_preprocessed/Task601/nnUNetData_plans_v2.1_2D_stage0/panc_0580.npz
no separate z, order 3
no separate z, order 1
before: {'spacing': array([0.82029998, 1.10000002, 0.82029998]), 'spacing_transposed': array([0.82029998, 1.10000002, 0.82029998]), 'data.shape (data is transposed)': (1, 432, 168, 508)} 
after:  {'spacing': array([0.82029998, 1.1875    , 1.1875    ]), 'data.shape (data is resampled)': (1, 432, 156, 351)} 

normalization...
normalization done
1 10000
saving:  /exports/lkeb-hpc/smaijer/data/nnUNet_preprocessed/Task601/nnUNetData_plans_v2.1_2D_stage0/panc_0596.npz
no separate z, order 3
no separate z, order 1
before: {'spacing': array([1.1875, 3.    , 1.1875]), 'spacing_transposed': array([1.1875, 3.    , 1.1875]), 'data.shape (data is transposed)': (1, 319, 60, 319)} 
after:  {'spacing': array([1.1875, 1.1875, 1.1875]), 'data.shape (data is resampled)': (1, 319, 152, 319)} 

normalization...
normalization done
1 10000
saving:  /exports/lkeb-hpc/smaijer/data/nnUNet_preprocessed/Task601/nnUNetData_plans_v2.1_2D_stage0/panc_0597.npz
Program finished with exit code 0 at: Tue Sep 27 23:49:17 CEST 2022
