Starting at Tue Apr 26 11:54:15 CEST 2022
Running on hosts: res-hpc-lkeb06
Running on 1 nodes.
Running 1 tasks.
CPUs on node: 8.
Account: div2-lkeb
Job ID: 10037020
Job name: NIHPancreasTrain
Node running script: res-hpc-lkeb06
Submit host: res-hpc-lo02.researchlumc.nl
GPUS: 0 or 
Tue Apr 26 11:54:15 2022       
+-----------------------------------------------------------------------------+
| NVIDIA-SMI 495.29.05    Driver Version: 495.29.05    CUDA Version: 11.5     |
|-------------------------------+----------------------+----------------------+
| GPU  Name        Persistence-M| Bus-Id        Disp.A | Volatile Uncorr. ECC |
| Fan  Temp  Perf  Pwr:Usage/Cap|         Memory-Usage | GPU-Util  Compute M. |
|                               |                      |               MIG M. |
|===============================+======================+======================|
|   0  Quadro RTX 6000     Off  | 00000000:3B:00.0 Off |                  Off |
| 31%   38C    P0    59W / 260W |      0MiB / 24220MiB |      0%      Default |
|                               |                      |                  N/A |
+-------------------------------+----------------------+----------------------+
                                                                               
+-----------------------------------------------------------------------------+
| Processes:                                                                  |
|  GPU   GI   CI        PID   Type   Process name                  GPU Memory |
|        ID   ID                                                   Usage      |
|=============================================================================|
|  No running processes found                                                 |
+-----------------------------------------------------------------------------+
Current working directory is /home/smaijer/slurm
Creating /tmp/NIHPancreasTrain
Load all modules..
Done with loading all modules. Modules:
Activate conda env nnunet..
Verifying environment variables:
nnUNet_raw_data_base = /exports/lkeb-hpc/smaijer/data/nnUNet_raw_data_base
nnUNet_preprocessed = /tmp/NIHPancreasTrainTEST
RESULTS_FOLDER = /exports/lkeb-hpc/smaijer/results
Overwrite preprocessed variable..
To make your changes take effect please reactivate your environment
nnUNet_raw_data_base = /exports/lkeb-hpc/smaijer/data/nnUNet_raw_data_base
nnUNet_preprocessed = /tmp/NIHPancreasTrain
RESULTS_FOLDER = /exports/lkeb-hpc/smaijer/results
Move preprocessed data to new temporary dir..
