
Currently Loaded Modules:
  1) system/python/3.10.2

 

/var/spool/slurmd/job10582261/slurm_script: line 39: conda: command not found
  Running command git clone -q https://github.com/FabianIsensee/hiddenlayer.git /tmp/pip-install-s93ez1y7/hiddenlayer_2114e5baa35c423dbeb7c0f390e08228
  Running command git checkout -b more_plotted_details --track origin/more_plotted_details
  Switched to a new branch 'more_plotted_details'
  Branch 'more_plotted_details' set up to track remote branch 'more_plotted_details' from 'origin'.
WARNING: You are using pip version 21.2.4; however, version 22.1.2 is available.
You should consider upgrading via the '/exports/lkeb-hpc/smaijer/venv_environments/pancreasThesis/bin/python -m pip install --upgrade pip' command.
WARNING: You are using pip version 21.2.4; however, version 22.1.2 is available.
You should consider upgrading via the '/exports/lkeb-hpc/smaijer/venv_environments/pancreasThesis/bin/python -m pip install --upgrade pip' command.
Exception in thread Thread-4 (results_loop):
Traceback (most recent call last):
  File "/share/software/system/python/3.10.2/lib/python3.10/threading.py", line 1009, in _bootstrap_inner
Exception in thread Thread-5 (results_loop):
Traceback (most recent call last):
  File "/share/software/system/python/3.10.2/lib/python3.10/threading.py", line 1009, in _bootstrap_inner
    self.run()
  File "/share/software/system/python/3.10.2/lib/python3.10/threading.py", line 946, in run
    self.run()
  File "/share/software/system/python/3.10.2/lib/python3.10/threading.py", line 946, in run
    self._target(*self._args, **self._kwargs)
  File "/exports/lkeb-hpc/smaijer/venv_environments/pancreasThesis/lib/python3.10/site-packages/batchgenerators/dataloading/multi_threaded_augmenter.py", line 92, in results_loop
    self._target(*self._args, **self._kwargs)
  File "/exports/lkeb-hpc/smaijer/venv_environments/pancreasThesis/lib/python3.10/site-packages/batchgenerators/dataloading/multi_threaded_augmenter.py", line 92, in results_loop
    raise RuntimeError("Abort event was set. So someone died and we should end this madness. \nIMPORTANT: "
RuntimeError: Abort event was set. So someone died and we should end this madness. 
IMPORTANT: This is not the actual error message! Look further up to see what caused the error. Please also check whether your RAM was full
    raise RuntimeError("Abort event was set. So someone died and we should end this madness. \nIMPORTANT: "
RuntimeError: Abort event was set. So someone died and we should end this madness. 
IMPORTANT: This is not the actual error message! Look further up to see what caused the error. Please also check whether your RAM was full
