Starting at Fri Jul  1 00:17:32 CEST 2022
Running on hosts: res-hpc-lkeb05
Running on 1 nodes.
Running 1 tasks.
CPUs on node: 6.
Account: div2-lkeb
Job ID: 10616534
Job name: 535_hybr
Node running script: res-hpc-lkeb05
Submit host: res-hpc-lo02.researchlumc.nl
GPUS: 0 or 
Tue Jul  5 10:30:17 2022       
+-----------------------------------------------------------------------------+
| NVIDIA-SMI 495.29.05    Driver Version: 495.29.05    CUDA Version: 11.5     |
|-------------------------------+----------------------+----------------------+
| GPU  Name        Persistence-M| Bus-Id        Disp.A | Volatile Uncorr. ECC |
| Fan  Temp  Perf  Pwr:Usage/Cap|         Memory-Usage | GPU-Util  Compute M. |
|                               |                      |               MIG M. |
|===============================+======================+======================|
|   0  Quadro RTX 6000     Off  | 00000000:3B:00.0 Off |                  Off |
| 33%   40C    P0    67W / 260W |      0MiB / 24220MiB |      0%      Default |
|                               |                      |                  N/A |
+-------------------------------+----------------------+----------------------+
                                                                               
+-----------------------------------------------------------------------------+
| Processes:                                                                  |
|  GPU   GI   CI        PID   Type   Process name                  GPU Memory |
|        ID   ID                                                   Usage      |
|=============================================================================|
|  No running processes found                                                 |
+-----------------------------------------------------------------------------+
Current working directory is /home/smaijer
Load all modules..
Done with loading all modules. Modules:
Activate conda env nnunet..
Verifying environment variables:
Installing hidden layer and nnUnet..
Collecting hiddenlayer
  Cloning https://github.com/FabianIsensee/hiddenlayer.git (to revision more_plotted_details) to /tmp/pip-install-idnoas3v/hiddenlayer_b21c5bb959e04faab4d0e9cb961265c1
  Resolved https://github.com/FabianIsensee/hiddenlayer.git to commit 4b98f9e5cccebac67368f02b95f4700b522345b1
Obtaining file:///home/smaijer/code/nnUNet
Requirement already satisfied: torch>1.10.0 in /exports/lkeb-hpc/smaijer/venv_environments/pancreasThesis/lib/python3.10/site-packages (from nnunet==1.7.0) (1.12.0)
Requirement already satisfied: tqdm in /exports/lkeb-hpc/smaijer/venv_environments/pancreasThesis/lib/python3.10/site-packages (from nnunet==1.7.0) (4.64.0)
Requirement already satisfied: dicom2nifti in /exports/lkeb-hpc/smaijer/venv_environments/pancreasThesis/lib/python3.10/site-packages (from nnunet==1.7.0) (2.4.2)
Requirement already satisfied: scikit-image>=0.14 in /exports/lkeb-hpc/smaijer/venv_environments/pancreasThesis/lib/python3.10/site-packages (from nnunet==1.7.0) (0.19.3)
Requirement already satisfied: medpy in /exports/lkeb-hpc/smaijer/venv_environments/pancreasThesis/lib/python3.10/site-packages (from nnunet==1.7.0) (0.4.0)
Requirement already satisfied: scipy in /exports/lkeb-hpc/smaijer/venv_environments/pancreasThesis/lib/python3.10/site-packages (from nnunet==1.7.0) (1.8.1)
Requirement already satisfied: batchgenerators>=0.23 in /exports/lkeb-hpc/smaijer/venv_environments/pancreasThesis/lib/python3.10/site-packages (from nnunet==1.7.0) (0.24)
Requirement already satisfied: numpy in /exports/lkeb-hpc/smaijer/venv_environments/pancreasThesis/lib/python3.10/site-packages (from nnunet==1.7.0) (1.23.0)
Requirement already satisfied: sklearn in /exports/lkeb-hpc/smaijer/venv_environments/pancreasThesis/lib/python3.10/site-packages (from nnunet==1.7.0) (0.0)
Requirement already satisfied: SimpleITK in /exports/lkeb-hpc/smaijer/venv_environments/pancreasThesis/lib/python3.10/site-packages (from nnunet==1.7.0) (2.1.1.2)
Requirement already satisfied: pandas in /exports/lkeb-hpc/smaijer/venv_environments/pancreasThesis/lib/python3.10/site-packages (from nnunet==1.7.0) (1.4.3)
Requirement already satisfied: requests in /exports/lkeb-hpc/smaijer/venv_environments/pancreasThesis/lib/python3.10/site-packages (from nnunet==1.7.0) (2.28.0)
Requirement already satisfied: nibabel in /exports/lkeb-hpc/smaijer/venv_environments/pancreasThesis/lib/python3.10/site-packages (from nnunet==1.7.0) (4.0.1)
Requirement already satisfied: tifffile in /exports/lkeb-hpc/smaijer/venv_environments/pancreasThesis/lib/python3.10/site-packages (from nnunet==1.7.0) (2022.5.4)
Requirement already satisfied: matplotlib in /exports/lkeb-hpc/smaijer/venv_environments/pancreasThesis/lib/python3.10/site-packages (from nnunet==1.7.0) (3.5.2)
Requirement already satisfied: monai in /exports/lkeb-hpc/smaijer/venv_environments/pancreasThesis/lib/python3.10/site-packages (from nnunet==1.7.0) (0.9.0)
Requirement already satisfied: einops in /exports/lkeb-hpc/smaijer/venv_environments/pancreasThesis/lib/python3.10/site-packages (from nnunet==1.7.0) (0.4.1)
Requirement already satisfied: ipython in /exports/lkeb-hpc/smaijer/venv_environments/pancreasThesis/lib/python3.10/site-packages (from nnunet==1.7.0) (8.4.0)
Requirement already satisfied: graphviz in /exports/lkeb-hpc/smaijer/venv_environments/pancreasThesis/lib/python3.10/site-packages (from nnunet==1.7.0) (0.20)
Requirement already satisfied: threadpoolctl in /exports/lkeb-hpc/smaijer/venv_environments/pancreasThesis/lib/python3.10/site-packages (from batchgenerators>=0.23->nnunet==1.7.0) (3.1.0)
Requirement already satisfied: scikit-learn in /exports/lkeb-hpc/smaijer/venv_environments/pancreasThesis/lib/python3.10/site-packages (from batchgenerators>=0.23->nnunet==1.7.0) (1.1.1)
Requirement already satisfied: pillow>=7.1.2 in /exports/lkeb-hpc/smaijer/venv_environments/pancreasThesis/lib/python3.10/site-packages (from batchgenerators>=0.23->nnunet==1.7.0) (9.1.1)
Requirement already satisfied: unittest2 in /exports/lkeb-hpc/smaijer/venv_environments/pancreasThesis/lib/python3.10/site-packages (from batchgenerators>=0.23->nnunet==1.7.0) (1.1.0)
Requirement already satisfied: future in /exports/lkeb-hpc/smaijer/venv_environments/pancreasThesis/lib/python3.10/site-packages (from batchgenerators>=0.23->nnunet==1.7.0) (0.18.2)
Requirement already satisfied: imageio>=2.4.1 in /exports/lkeb-hpc/smaijer/venv_environments/pancreasThesis/lib/python3.10/site-packages (from scikit-image>=0.14->nnunet==1.7.0) (2.19.3)
Requirement already satisfied: packaging>=20.0 in /exports/lkeb-hpc/smaijer/venv_environments/pancreasThesis/lib/python3.10/site-packages (from scikit-image>=0.14->nnunet==1.7.0) (21.3)
Requirement already satisfied: PyWavelets>=1.1.1 in /exports/lkeb-hpc/smaijer/venv_environments/pancreasThesis/lib/python3.10/site-packages (from scikit-image>=0.14->nnunet==1.7.0) (1.3.0)
Requirement already satisfied: networkx>=2.2 in /exports/lkeb-hpc/smaijer/venv_environments/pancreasThesis/lib/python3.10/site-packages (from scikit-image>=0.14->nnunet==1.7.0) (2.8.4)
Requirement already satisfied: pyparsing!=3.0.5,>=2.0.2 in /exports/lkeb-hpc/smaijer/venv_environments/pancreasThesis/lib/python3.10/site-packages (from packaging>=20.0->scikit-image>=0.14->nnunet==1.7.0) (3.0.9)
Requirement already satisfied: typing-extensions in /exports/lkeb-hpc/smaijer/venv_environments/pancreasThesis/lib/python3.10/site-packages (from torch>1.10.0->nnunet==1.7.0) (4.2.0)
Requirement already satisfied: pydicom>=2.2.0 in /exports/lkeb-hpc/smaijer/venv_environments/pancreasThesis/lib/python3.10/site-packages (from dicom2nifti->nnunet==1.7.0) (2.3.0)
Requirement already satisfied: python-gdcm in /exports/lkeb-hpc/smaijer/venv_environments/pancreasThesis/lib/python3.10/site-packages (from dicom2nifti->nnunet==1.7.0) (3.0.14)
Requirement already satisfied: matplotlib-inline in /exports/lkeb-hpc/smaijer/venv_environments/pancreasThesis/lib/python3.10/site-packages (from ipython->nnunet==1.7.0) (0.1.3)
Requirement already satisfied: pexpect>4.3 in /exports/lkeb-hpc/smaijer/venv_environments/pancreasThesis/lib/python3.10/site-packages (from ipython->nnunet==1.7.0) (4.8.0)
Requirement already satisfied: traitlets>=5 in /exports/lkeb-hpc/smaijer/venv_environments/pancreasThesis/lib/python3.10/site-packages (from ipython->nnunet==1.7.0) (5.3.0)
Requirement already satisfied: stack-data in /exports/lkeb-hpc/smaijer/venv_environments/pancreasThesis/lib/python3.10/site-packages (from ipython->nnunet==1.7.0) (0.3.0)
Requirement already satisfied: setuptools>=18.5 in /exports/lkeb-hpc/smaijer/venv_environments/pancreasThesis/lib/python3.10/site-packages (from ipython->nnunet==1.7.0) (58.1.0)
Requirement already satisfied: backcall in /exports/lkeb-hpc/smaijer/venv_environments/pancreasThesis/lib/python3.10/site-packages (from ipython->nnunet==1.7.0) (0.2.0)
Requirement already satisfied: jedi>=0.16 in /exports/lkeb-hpc/smaijer/venv_environments/pancreasThesis/lib/python3.10/site-packages (from ipython->nnunet==1.7.0) (0.18.1)
Requirement already satisfied: pygments>=2.4.0 in /exports/lkeb-hpc/smaijer/venv_environments/pancreasThesis/lib/python3.10/site-packages (from ipython->nnunet==1.7.0) (2.12.0)
Requirement already satisfied: prompt-toolkit!=3.0.0,!=3.0.1,<3.1.0,>=2.0.0 in /exports/lkeb-hpc/smaijer/venv_environments/pancreasThesis/lib/python3.10/site-packages (from ipython->nnunet==1.7.0) (3.0.30)
Requirement already satisfied: pickleshare in /exports/lkeb-hpc/smaijer/venv_environments/pancreasThesis/lib/python3.10/site-packages (from ipython->nnunet==1.7.0) (0.7.5)
Requirement already satisfied: decorator in /exports/lkeb-hpc/smaijer/venv_environments/pancreasThesis/lib/python3.10/site-packages (from ipython->nnunet==1.7.0) (5.1.1)
Requirement already satisfied: parso<0.9.0,>=0.8.0 in /exports/lkeb-hpc/smaijer/venv_environments/pancreasThesis/lib/python3.10/site-packages (from jedi>=0.16->ipython->nnunet==1.7.0) (0.8.3)
Requirement already satisfied: ptyprocess>=0.5 in /exports/lkeb-hpc/smaijer/venv_environments/pancreasThesis/lib/python3.10/site-packages (from pexpect>4.3->ipython->nnunet==1.7.0) (0.7.0)
Requirement already satisfied: wcwidth in /exports/lkeb-hpc/smaijer/venv_environments/pancreasThesis/lib/python3.10/site-packages (from prompt-toolkit!=3.0.0,!=3.0.1,<3.1.0,>=2.0.0->ipython->nnunet==1.7.0) (0.2.5)
Requirement already satisfied: kiwisolver>=1.0.1 in /exports/lkeb-hpc/smaijer/venv_environments/pancreasThesis/lib/python3.10/site-packages (from matplotlib->nnunet==1.7.0) (1.4.3)
Requirement already satisfied: fonttools>=4.22.0 in /exports/lkeb-hpc/smaijer/venv_environments/pancreasThesis/lib/python3.10/site-packages (from matplotlib->nnunet==1.7.0) (4.33.3)
Requirement already satisfied: cycler>=0.10 in /exports/lkeb-hpc/smaijer/venv_environments/pancreasThesis/lib/python3.10/site-packages (from matplotlib->nnunet==1.7.0) (0.11.0)
Requirement already satisfied: python-dateutil>=2.7 in /exports/lkeb-hpc/smaijer/venv_environments/pancreasThesis/lib/python3.10/site-packages (from matplotlib->nnunet==1.7.0) (2.8.2)
Requirement already satisfied: six>=1.5 in /exports/lkeb-hpc/smaijer/venv_environments/pancreasThesis/lib/python3.10/site-packages (from python-dateutil>=2.7->matplotlib->nnunet==1.7.0) (1.16.0)
Requirement already satisfied: pytz>=2020.1 in /exports/lkeb-hpc/smaijer/venv_environments/pancreasThesis/lib/python3.10/site-packages (from pandas->nnunet==1.7.0) (2022.1)
Requirement already satisfied: certifi>=2017.4.17 in /exports/lkeb-hpc/smaijer/venv_environments/pancreasThesis/lib/python3.10/site-packages (from requests->nnunet==1.7.0) (2022.6.15)
Requirement already satisfied: idna<4,>=2.5 in /exports/lkeb-hpc/smaijer/venv_environments/pancreasThesis/lib/python3.10/site-packages (from requests->nnunet==1.7.0) (3.3)
Requirement already satisfied: charset-normalizer~=2.0.0 in /exports/lkeb-hpc/smaijer/venv_environments/pancreasThesis/lib/python3.10/site-packages (from requests->nnunet==1.7.0) (2.0.12)
Requirement already satisfied: urllib3<1.27,>=1.21.1 in /exports/lkeb-hpc/smaijer/venv_environments/pancreasThesis/lib/python3.10/site-packages (from requests->nnunet==1.7.0) (1.26.9)
Requirement already satisfied: joblib>=1.0.0 in /exports/lkeb-hpc/smaijer/venv_environments/pancreasThesis/lib/python3.10/site-packages (from scikit-learn->batchgenerators>=0.23->nnunet==1.7.0) (1.1.0)
Requirement already satisfied: asttokens in /exports/lkeb-hpc/smaijer/venv_environments/pancreasThesis/lib/python3.10/site-packages (from stack-data->ipython->nnunet==1.7.0) (2.0.5)
Requirement already satisfied: pure-eval in /exports/lkeb-hpc/smaijer/venv_environments/pancreasThesis/lib/python3.10/site-packages (from stack-data->ipython->nnunet==1.7.0) (0.2.2)
Requirement already satisfied: executing in /exports/lkeb-hpc/smaijer/venv_environments/pancreasThesis/lib/python3.10/site-packages (from stack-data->ipython->nnunet==1.7.0) (0.8.3)
Requirement already satisfied: traceback2 in /exports/lkeb-hpc/smaijer/venv_environments/pancreasThesis/lib/python3.10/site-packages (from unittest2->batchgenerators>=0.23->nnunet==1.7.0) (1.4.0)
Collecting argparse
  Using cached argparse-1.4.0-py2.py3-none-any.whl (23 kB)
Requirement already satisfied: linecache2 in /exports/lkeb-hpc/smaijer/venv_environments/pancreasThesis/lib/python3.10/site-packages (from traceback2->unittest2->batchgenerators>=0.23->nnunet==1.7.0) (1.0.0)
Installing collected packages: argparse, nnunet
  Attempting uninstall: nnunet
    Found existing installation: nnunet 1.7.0
    Uninstalling nnunet-1.7.0:
      Successfully uninstalled nnunet-1.7.0
  Running setup.py develop for nnunet
Successfully installed argparse-1.4.0 nnunet-1.7.0


Please cite the following paper when using nnUNet:

Isensee, F., Jaeger, P.F., Kohl, S.A.A. et al. "nnU-Net: a self-configuring method for deep learning-based biomedical image segmentation." Nat Methods (2020). https://doi.org/10.1038/s41592-020-01008-z


If you have questions or suggestions, feel free to open an issue at https://github.com/MIC-DKFZ/nnUNet

Suus0 - run_training. Args:
Namespace(network='3d_fullres', network_trainer='nnUNetTrainerV2_Hybrid', task='535', fold='2', validation_only=False, continue_training=True, p='nnUNetPlansv2.1', use_compressed_data=False, deterministic=False, npz=False, find_lr=False, valbest=False, fp32=False, val_folder='validation_raw', disable_saving=False, disable_postprocessing_on_folds=False, val_disable_overwrite=False, disable_next_stage_pred=False, pretrained_weights=None)
###############################################
I am running the following nnUNet: 3d_fullres
My trainer class is:  <class 'nnunet.training.network_training.nnUNetTrainerV2_Hybrid.nnUNetTrainerV2_Hybrid'>
For that I will be using the following configuration:
num_classes:  15
modalities:  {0: 'CT'}
use_mask_for_norm OrderedDict([(0, False)])
keep_only_largest_region None
min_region_size_per_class None
min_size_per_class None
normalization_schemes OrderedDict([(0, 'CT')])
stages...

stage:  0
{'batch_size': 2, 'num_pool_per_axis': [4, 5, 5], 'patch_size': array([ 80, 160, 160]), 'median_patient_size_in_voxels': array([141, 240, 240]), 'current_spacing': array([3.32215628, 1.6685856 , 1.6685856 ]), 'original_spacing': array([2.        , 0.68825001, 0.68825001]), 'do_dummy_2D_data_aug': False, 'pool_op_kernel_sizes': [[2, 2, 2], [2, 2, 2], [2, 2, 2], [2, 2, 2], [1, 2, 2]], 'conv_kernel_sizes': [[3, 3, 3], [3, 3, 3], [3, 3, 3], [3, 3, 3], [3, 3, 3], [3, 3, 3]]}

stage:  1
{'batch_size': 2, 'num_pool_per_axis': [4, 5, 5], 'patch_size': array([ 64, 160, 160]), 'median_patient_size_in_voxels': array([235, 582, 582]), 'current_spacing': array([2.        , 0.68825001, 0.68825001]), 'original_spacing': array([2.        , 0.68825001, 0.68825001]), 'do_dummy_2D_data_aug': False, 'pool_op_kernel_sizes': [[1, 2, 2], [2, 2, 2], [2, 2, 2], [2, 2, 2], [2, 2, 2]], 'conv_kernel_sizes': [[1, 3, 3], [3, 3, 3], [3, 3, 3], [3, 3, 3], [3, 3, 3], [3, 3, 3]]}

I am using stage 1 from these plans
I am using batch dice + CE loss

I am using data from this folder:  /exports/lkeb-hpc/smaijer/data/nnUNet_preprocessed/Task535/nnUNetData_plans_v2.1
###############################################
Suus1 - Initialise de NetworkTrainer
Suus2 - Initialise de nnUNetTrainer
Suus3 - Initialise de nnUNetTrainerV2
Suus4 - Initialise de trainer echt
Suus5 - zet de plans properties
Suus6 - Zet de data augmentation params
Suus7 - zet deep supervision weights die de meerdere outputs prioriteit geven
loading dataset
loading all case properties
2022-07-05 10:31:55.354148: Using splits from existing split file: /exports/lkeb-hpc/smaijer/data/nnUNet_preprocessed/Task535/splits_final.pkl
2022-07-05 10:31:55.370446: The split file contains 5 splits.
2022-07-05 10:31:55.372617: Desired fold for training: 2
2022-07-05 10:31:55.374464: This split has 160 training and 40 validation cases.
unpacking dataset
done
Img size: [ 64 160 160]
Patch size: (8, 16, 16)
Feature size: (8, 10, 10)
Suus10 - StackedConvLayers, input: 512 en output: 256, first_stride: None, num_convs: 1, conv_kwargs: {'stride': 1, 'dilation': 1, 'bias': True, 'kernel_size': [3, 3, 3], 'padding': [1, 1, 1]}
Suus10 - StackedConvLayers, input: 256 en output: 256, first_stride: None, num_convs: 1, conv_kwargs: {'stride': 1, 'dilation': 1, 'bias': True, 'kernel_size': [3, 3, 3], 'padding': [1, 1, 1]}
Suus10 - StackedConvLayers, input: 256 en output: 128, first_stride: None, num_convs: 1, conv_kwargs: {'stride': 1, 'dilation': 1, 'bias': True, 'kernel_size': [3, 3, 3], 'padding': [1, 1, 1]}
Suus10 - StackedConvLayers, input: 128 en output: 128, first_stride: None, num_convs: 1, conv_kwargs: {'stride': 1, 'dilation': 1, 'bias': True, 'kernel_size': [3, 3, 3], 'padding': [1, 1, 1]}
Suus10 - StackedConvLayers, input: 128 en output: 64, first_stride: None, num_convs: 1, conv_kwargs: {'stride': 1, 'dilation': 1, 'bias': True, 'kernel_size': [3, 3, 3], 'padding': [1, 1, 1]}
Suus10 - StackedConvLayers, input: 64 en output: 64, first_stride: None, num_convs: 1, conv_kwargs: {'stride': 1, 'dilation': 1, 'bias': True, 'kernel_size': [3, 3, 3], 'padding': [1, 1, 1]}
Suus10 - StackedConvLayers, input: 64 en output: 32, first_stride: None, num_convs: 1, conv_kwargs: {'stride': 1, 'dilation': 1, 'bias': True, 'kernel_size': [3, 3, 3], 'padding': [1, 1, 1]}
Suus10 - StackedConvLayers, input: 32 en output: 32, first_stride: None, num_convs: 1, conv_kwargs: {'stride': 1, 'dilation': 1, 'bias': True, 'kernel_size': [3, 3, 3], 'padding': [1, 1, 1]}
Hybrid(
  (encoder): UNETREncoder(
    (vit): ViT(
      (patch_embedding): PatchEmbeddingBlock(
        (patch_embeddings): Sequential(
          (0): Rearrange('b c (h p1) (w p2) (d p3) -> b (h w d) (p1 p2 p3 c)', p1=8, p2=16, p3=16)
          (1): Linear(in_features=2048, out_features=768, bias=True)
        )
        (dropout): Dropout(p=0.0, inplace=False)
      )
      (blocks): ModuleList(
        (0): TransformerBlock(
          (mlp): MLPBlock(
            (linear1): Linear(in_features=768, out_features=3072, bias=True)
            (linear2): Linear(in_features=3072, out_features=768, bias=True)
            (fn): GELU(approximate=none)
            (drop1): Dropout(p=0.0, inplace=False)
            (drop2): Dropout(p=0.0, inplace=False)
          )
          (norm1): LayerNorm((768,), eps=1e-05, elementwise_affine=True)
          (attn): SABlock(
            (out_proj): Linear(in_features=768, out_features=768, bias=True)
            (qkv): Linear(in_features=768, out_features=2304, bias=False)
            (input_rearrange): Rearrange('b h (qkv l d) -> qkv b l h d', qkv=3, l=12)
            (out_rearrange): Rearrange('b h l d -> b l (h d)')
            (drop_output): Dropout(p=0.0, inplace=False)
            (drop_weights): Dropout(p=0.0, inplace=False)
          )
          (norm2): LayerNorm((768,), eps=1e-05, elementwise_affine=True)
        )
        (1): TransformerBlock(
          (mlp): MLPBlock(
            (linear1): Linear(in_features=768, out_features=3072, bias=True)
            (linear2): Linear(in_features=3072, out_features=768, bias=True)
            (fn): GELU(approximate=none)
            (drop1): Dropout(p=0.0, inplace=False)
            (drop2): Dropout(p=0.0, inplace=False)
          )
          (norm1): LayerNorm((768,), eps=1e-05, elementwise_affine=True)
          (attn): SABlock(
            (out_proj): Linear(in_features=768, out_features=768, bias=True)
            (qkv): Linear(in_features=768, out_features=2304, bias=False)
            (input_rearrange): Rearrange('b h (qkv l d) -> qkv b l h d', qkv=3, l=12)
            (out_rearrange): Rearrange('b h l d -> b l (h d)')
            (drop_output): Dropout(p=0.0, inplace=False)
            (drop_weights): Dropout(p=0.0, inplace=False)
          )
          (norm2): LayerNorm((768,), eps=1e-05, elementwise_affine=True)
        )
        (2): TransformerBlock(
          (mlp): MLPBlock(
            (linear1): Linear(in_features=768, out_features=3072, bias=True)
            (linear2): Linear(in_features=3072, out_features=768, bias=True)
            (fn): GELU(approximate=none)
            (drop1): Dropout(p=0.0, inplace=False)
            (drop2): Dropout(p=0.0, inplace=False)
          )
          (norm1): LayerNorm((768,), eps=1e-05, elementwise_affine=True)
          (attn): SABlock(
            (out_proj): Linear(in_features=768, out_features=768, bias=True)
            (qkv): Linear(in_features=768, out_features=2304, bias=False)
            (input_rearrange): Rearrange('b h (qkv l d) -> qkv b l h d', qkv=3, l=12)
            (out_rearrange): Rearrange('b h l d -> b l (h d)')
            (drop_output): Dropout(p=0.0, inplace=False)
            (drop_weights): Dropout(p=0.0, inplace=False)
          )
          (norm2): LayerNorm((768,), eps=1e-05, elementwise_affine=True)
        )
        (3): TransformerBlock(
          (mlp): MLPBlock(
            (linear1): Linear(in_features=768, out_features=3072, bias=True)
            (linear2): Linear(in_features=3072, out_features=768, bias=True)
            (fn): GELU(approximate=none)
            (drop1): Dropout(p=0.0, inplace=False)
            (drop2): Dropout(p=0.0, inplace=False)
          )
          (norm1): LayerNorm((768,), eps=1e-05, elementwise_affine=True)
          (attn): SABlock(
            (out_proj): Linear(in_features=768, out_features=768, bias=True)
            (qkv): Linear(in_features=768, out_features=2304, bias=False)
            (input_rearrange): Rearrange('b h (qkv l d) -> qkv b l h d', qkv=3, l=12)
            (out_rearrange): Rearrange('b h l d -> b l (h d)')
            (drop_output): Dropout(p=0.0, inplace=False)
            (drop_weights): Dropout(p=0.0, inplace=False)
          )
          (norm2): LayerNorm((768,), eps=1e-05, elementwise_affine=True)
        )
        (4): TransformerBlock(
          (mlp): MLPBlock(
            (linear1): Linear(in_features=768, out_features=3072, bias=True)
            (linear2): Linear(in_features=3072, out_features=768, bias=True)
            (fn): GELU(approximate=none)
            (drop1): Dropout(p=0.0, inplace=False)
            (drop2): Dropout(p=0.0, inplace=False)
          )
          (norm1): LayerNorm((768,), eps=1e-05, elementwise_affine=True)
          (attn): SABlock(
            (out_proj): Linear(in_features=768, out_features=768, bias=True)
            (qkv): Linear(in_features=768, out_features=2304, bias=False)
            (input_rearrange): Rearrange('b h (qkv l d) -> qkv b l h d', qkv=3, l=12)
            (out_rearrange): Rearrange('b h l d -> b l (h d)')
            (drop_output): Dropout(p=0.0, inplace=False)
            (drop_weights): Dropout(p=0.0, inplace=False)
          )
          (norm2): LayerNorm((768,), eps=1e-05, elementwise_affine=True)
        )
        (5): TransformerBlock(
          (mlp): MLPBlock(
            (linear1): Linear(in_features=768, out_features=3072, bias=True)
            (linear2): Linear(in_features=3072, out_features=768, bias=True)
            (fn): GELU(approximate=none)
            (drop1): Dropout(p=0.0, inplace=False)
            (drop2): Dropout(p=0.0, inplace=False)
          )
          (norm1): LayerNorm((768,), eps=1e-05, elementwise_affine=True)
          (attn): SABlock(
            (out_proj): Linear(in_features=768, out_features=768, bias=True)
            (qkv): Linear(in_features=768, out_features=2304, bias=False)
            (input_rearrange): Rearrange('b h (qkv l d) -> qkv b l h d', qkv=3, l=12)
            (out_rearrange): Rearrange('b h l d -> b l (h d)')
            (drop_output): Dropout(p=0.0, inplace=False)
            (drop_weights): Dropout(p=0.0, inplace=False)
          )
          (norm2): LayerNorm((768,), eps=1e-05, elementwise_affine=True)
        )
        (6): TransformerBlock(
          (mlp): MLPBlock(
            (linear1): Linear(in_features=768, out_features=3072, bias=True)
            (linear2): Linear(in_features=3072, out_features=768, bias=True)
            (fn): GELU(approximate=none)
            (drop1): Dropout(p=0.0, inplace=False)
            (drop2): Dropout(p=0.0, inplace=False)
          )
          (norm1): LayerNorm((768,), eps=1e-05, elementwise_affine=True)
          (attn): SABlock(
            (out_proj): Linear(in_features=768, out_features=768, bias=True)
            (qkv): Linear(in_features=768, out_features=2304, bias=False)
            (input_rearrange): Rearrange('b h (qkv l d) -> qkv b l h d', qkv=3, l=12)
            (out_rearrange): Rearrange('b h l d -> b l (h d)')
            (drop_output): Dropout(p=0.0, inplace=False)
            (drop_weights): Dropout(p=0.0, inplace=False)
          )
          (norm2): LayerNorm((768,), eps=1e-05, elementwise_affine=True)
        )
        (7): TransformerBlock(
          (mlp): MLPBlock(
            (linear1): Linear(in_features=768, out_features=3072, bias=True)
            (linear2): Linear(in_features=3072, out_features=768, bias=True)
            (fn): GELU(approximate=none)
            (drop1): Dropout(p=0.0, inplace=False)
            (drop2): Dropout(p=0.0, inplace=False)
          )
          (norm1): LayerNorm((768,), eps=1e-05, elementwise_affine=True)
          (attn): SABlock(
            (out_proj): Linear(in_features=768, out_features=768, bias=True)
            (qkv): Linear(in_features=768, out_features=2304, bias=False)
            (input_rearrange): Rearrange('b h (qkv l d) -> qkv b l h d', qkv=3, l=12)
            (out_rearrange): Rearrange('b h l d -> b l (h d)')
            (drop_output): Dropout(p=0.0, inplace=False)
            (drop_weights): Dropout(p=0.0, inplace=False)
          )
          (norm2): LayerNorm((768,), eps=1e-05, elementwise_affine=True)
        )
        (8): TransformerBlock(
          (mlp): MLPBlock(
            (linear1): Linear(in_features=768, out_features=3072, bias=True)
            (linear2): Linear(in_features=3072, out_features=768, bias=True)
            (fn): GELU(approximate=none)
            (drop1): Dropout(p=0.0, inplace=False)
            (drop2): Dropout(p=0.0, inplace=False)
          )
          (norm1): LayerNorm((768,), eps=1e-05, elementwise_affine=True)
          (attn): SABlock(
            (out_proj): Linear(in_features=768, out_features=768, bias=True)
            (qkv): Linear(in_features=768, out_features=2304, bias=False)
            (input_rearrange): Rearrange('b h (qkv l d) -> qkv b l h d', qkv=3, l=12)
            (out_rearrange): Rearrange('b h l d -> b l (h d)')
            (drop_output): Dropout(p=0.0, inplace=False)
            (drop_weights): Dropout(p=0.0, inplace=False)
          )
          (norm2): LayerNorm((768,), eps=1e-05, elementwise_affine=True)
        )
        (9): TransformerBlock(
          (mlp): MLPBlock(
            (linear1): Linear(in_features=768, out_features=3072, bias=True)
            (linear2): Linear(in_features=3072, out_features=768, bias=True)
            (fn): GELU(approximate=none)
            (drop1): Dropout(p=0.0, inplace=False)
            (drop2): Dropout(p=0.0, inplace=False)
          )
          (norm1): LayerNorm((768,), eps=1e-05, elementwise_affine=True)
          (attn): SABlock(
            (out_proj): Linear(in_features=768, out_features=768, bias=True)
            (qkv): Linear(in_features=768, out_features=2304, bias=False)
            (input_rearrange): Rearrange('b h (qkv l d) -> qkv b l h d', qkv=3, l=12)
            (out_rearrange): Rearrange('b h l d -> b l (h d)')
            (drop_output): Dropout(p=0.0, inplace=False)
            (drop_weights): Dropout(p=0.0, inplace=False)
          )
          (norm2): LayerNorm((768,), eps=1e-05, elementwise_affine=True)
        )
        (10): TransformerBlock(
          (mlp): MLPBlock(
            (linear1): Linear(in_features=768, out_features=3072, bias=True)
            (linear2): Linear(in_features=3072, out_features=768, bias=True)
            (fn): GELU(approximate=none)
            (drop1): Dropout(p=0.0, inplace=False)
            (drop2): Dropout(p=0.0, inplace=False)
          )
          (norm1): LayerNorm((768,), eps=1e-05, elementwise_affine=True)
          (attn): SABlock(
            (out_proj): Linear(in_features=768, out_features=768, bias=True)
            (qkv): Linear(in_features=768, out_features=2304, bias=False)
            (input_rearrange): Rearrange('b h (qkv l d) -> qkv b l h d', qkv=3, l=12)
            (out_rearrange): Rearrange('b h l d -> b l (h d)')
            (drop_output): Dropout(p=0.0, inplace=False)
            (drop_weights): Dropout(p=0.0, inplace=False)
          )
          (norm2): LayerNorm((768,), eps=1e-05, elementwise_affine=True)
        )
        (11): TransformerBlock(
          (mlp): MLPBlock(
            (linear1): Linear(in_features=768, out_features=3072, bias=True)
            (linear2): Linear(in_features=3072, out_features=768, bias=True)
            (fn): GELU(approximate=none)
            (drop1): Dropout(p=0.0, inplace=False)
            (drop2): Dropout(p=0.0, inplace=False)
          )
          (norm1): LayerNorm((768,), eps=1e-05, elementwise_affine=True)
          (attn): SABlock(
            (out_proj): Linear(in_features=768, out_features=768, bias=True)
            (qkv): Linear(in_features=768, out_features=2304, bias=False)
            (input_rearrange): Rearrange('b h (qkv l d) -> qkv b l h d', qkv=3, l=12)
            (out_rearrange): Rearrange('b h l d -> b l (h d)')
            (drop_output): Dropout(p=0.0, inplace=False)
            (drop_weights): Dropout(p=0.0, inplace=False)
          )
          (norm2): LayerNorm((768,), eps=1e-05, elementwise_affine=True)
        )
      )
      (norm): LayerNorm((768,), eps=1e-05, elementwise_affine=True)
    )
    (encoder1): UnetrBasicBlock(
      (layer): UnetResBlock(
        (conv1): Convolution(
          (conv): Conv3d(1, 32, kernel_size=(3, 3, 3), stride=(1, 1, 1), padding=(1, 1, 1), bias=False)
        )
        (conv2): Convolution(
          (conv): Conv3d(32, 32, kernel_size=(3, 3, 3), stride=(1, 1, 1), padding=(1, 1, 1), bias=False)
        )
        (lrelu): LeakyReLU(negative_slope=0.01, inplace=True)
        (norm1): InstanceNorm3d(32, eps=1e-05, momentum=0.1, affine=False, track_running_stats=False)
        (norm2): InstanceNorm3d(32, eps=1e-05, momentum=0.1, affine=False, track_running_stats=False)
        (conv3): Convolution(
          (conv): Conv3d(1, 32, kernel_size=(1, 1, 1), stride=(1, 1, 1), bias=False)
        )
        (norm3): InstanceNorm3d(32, eps=1e-05, momentum=0.1, affine=False, track_running_stats=False)
      )
    )
    (encoder2): UnetrPrUpBlock(
      (transp_conv_init): Convolution(
        (conv): ConvTranspose3d(768, 64, kernel_size=(2, 2, 2), stride=(2, 2, 2), bias=False)
      )
      (blocks): ModuleList(
        (0): Convolution(
          (conv): ConvTranspose3d(64, 64, kernel_size=(2, 2, 2), stride=(2, 2, 2), bias=False)
        )
        (1): Convolution(
          (conv): ConvTranspose3d(64, 64, kernel_size=(2, 2, 2), stride=(2, 2, 2), bias=False)
        )
      )
    )
    (encoder3): UnetrPrUpBlock(
      (transp_conv_init): Convolution(
        (conv): ConvTranspose3d(768, 128, kernel_size=(2, 2, 2), stride=(2, 2, 2), bias=False)
      )
      (blocks): ModuleList(
        (0): Convolution(
          (conv): ConvTranspose3d(128, 128, kernel_size=(2, 2, 2), stride=(2, 2, 2), bias=False)
        )
      )
    )
    (encoder4): UnetrPrUpBlock(
      (transp_conv_init): Convolution(
        (conv): ConvTranspose3d(768, 256, kernel_size=(2, 2, 2), stride=(2, 2, 2), bias=False)
      )
      (blocks): ModuleList()
    )
  )
  (decoder): Generic_UNETDecoder()
  (conv_blocks_localization): ModuleList(
    (0): Sequential(
      (0): StackedConvLayers(
        (blocks): Sequential(
          (0): ConvDropoutNormNonlin(
            (conv): Conv3d(512, 256, kernel_size=(3, 3, 3), stride=(1, 1, 1), padding=(1, 1, 1))
            (instnorm): InstanceNorm3d(256, eps=1e-05, momentum=0.1, affine=True, track_running_stats=False)
            (lrelu): LeakyReLU(negative_slope=0.01, inplace=True)
          )
        )
      )
      (1): StackedConvLayers(
        (blocks): Sequential(
          (0): ConvDropoutNormNonlin(
            (conv): Conv3d(256, 256, kernel_size=(3, 3, 3), stride=(1, 1, 1), padding=(1, 1, 1))
            (instnorm): InstanceNorm3d(256, eps=1e-05, momentum=0.1, affine=True, track_running_stats=False)
            (lrelu): LeakyReLU(negative_slope=0.01, inplace=True)
          )
        )
      )
    )
    (1): Sequential(
      (0): StackedConvLayers(
        (blocks): Sequential(
          (0): ConvDropoutNormNonlin(
            (conv): Conv3d(256, 128, kernel_size=(3, 3, 3), stride=(1, 1, 1), padding=(1, 1, 1))
            (instnorm): InstanceNorm3d(128, eps=1e-05, momentum=0.1, affine=True, track_running_stats=False)
            (lrelu): LeakyReLU(negative_slope=0.01, inplace=True)
          )
        )
      )
      (1): StackedConvLayers(
        (blocks): Sequential(
          (0): ConvDropoutNormNonlin(
            (conv): Conv3d(128, 128, kernel_size=(3, 3, 3), stride=(1, 1, 1), padding=(1, 1, 1))
            (instnorm): InstanceNorm3d(128, eps=1e-05, momentum=0.1, affine=True, track_running_stats=False)
            (lrelu): LeakyReLU(negative_slope=0.01, inplace=True)
          )
        )
      )
    )
    (2): Sequential(
      (0): StackedConvLayers(
        (blocks): Sequential(
          (0): ConvDropoutNormNonlin(
            (conv): Conv3d(128, 64, kernel_size=(3, 3, 3), stride=(1, 1, 1), padding=(1, 1, 1))
            (instnorm): InstanceNorm3d(64, eps=1e-05, momentum=0.1, affine=True, track_running_stats=False)
            (lrelu): LeakyReLU(negative_slope=0.01, inplace=True)
          )
        )
      )
      (1): StackedConvLayers(
        (blocks): Sequential(
          (0): ConvDropoutNormNonlin(
            (conv): Conv3d(64, 64, kernel_size=(3, 3, 3), stride=(1, 1, 1), padding=(1, 1, 1))
            (instnorm): InstanceNorm3d(64, eps=1e-05, momentum=0.1, affine=True, track_running_stats=False)
            (lrelu): LeakyReLU(negative_slope=0.01, inplace=True)
          )
        )
      )
    )
    (3): Sequential(
      (0): StackedConvLayers(
        (blocks): Sequential(
          (0): ConvDropoutNormNonlin(
            (conv): Conv3d(64, 32, kernel_size=(3, 3, 3), stride=(1, 1, 1), padding=(1, 1, 1))
            (instnorm): InstanceNorm3d(32, eps=1e-05, momentum=0.1, affine=True, track_running_stats=False)
            (lrelu): LeakyReLU(negative_slope=0.01, inplace=True)
          )
        )
      )
      (1): StackedConvLayers(
        (blocks): Sequential(
          (0): ConvDropoutNormNonlin(
            (conv): Conv3d(32, 32, kernel_size=(3, 3, 3), stride=(1, 1, 1), padding=(1, 1, 1))
            (instnorm): InstanceNorm3d(32, eps=1e-05, momentum=0.1, affine=True, track_running_stats=False)
            (lrelu): LeakyReLU(negative_slope=0.01, inplace=True)
          )
        )
      )
    )
  )
  (tu): ModuleList(
    (0): ConvTranspose3d(768, 256, kernel_size=(2, 2, 2), stride=(2, 2, 2), bias=False)
    (1): ConvTranspose3d(256, 128, kernel_size=(2, 2, 2), stride=(2, 2, 2), bias=False)
    (2): ConvTranspose3d(128, 64, kernel_size=(2, 2, 2), stride=(2, 2, 2), bias=False)
    (3): ConvTranspose3d(64, 32, kernel_size=(1, 2, 2), stride=(1, 2, 2), bias=False)
  )
  (seg_outputs): ModuleList(
    (0): Conv3d(256, 16, kernel_size=(1, 1, 1), stride=(1, 1, 1), bias=False)
    (1): Conv3d(128, 16, kernel_size=(1, 1, 1), stride=(1, 1, 1), bias=False)
    (2): Conv3d(64, 16, kernel_size=(1, 1, 1), stride=(1, 1, 1), bias=False)
    (3): Conv3d(32, 16, kernel_size=(1, 1, 1), stride=(1, 1, 1), bias=False)
  )
)
SuusA - Load checkpoint (final, latest, best)
2022-07-05 10:32:32.316000: loading checkpoint /exports/lkeb-hpc/smaijer/results/nnUNet/3d_fullres/Task535/nnUNetTrainerV2_Hybrid__nnUNetPlansv2.1/fold_2/model_final_checkpoint.model train= True
SuusB run_training - zet learning rate als  
2022-07-05 10:32:57.524909: Suus1 maybe_update_lr lr: 0.0
SuusC - run_training!
using pin_memory on device 0
using pin_memory on device 0
Suus for now disable cause it breaks the logs
2022-07-05 10:33:48.870968: Unable to plot network architecture:
2022-07-05 10:33:48.874941: local variable 'g' referenced before assignment
2022-07-05 10:33:48.877552: 
printing the network instead:

2022-07-05 10:33:48.880186: Hybrid(
  (encoder): UNETREncoder(
    (vit): ViT(
      (patch_embedding): PatchEmbeddingBlock(
        (patch_embeddings): Sequential(
          (0): Rearrange('b c (h p1) (w p2) (d p3) -> b (h w d) (p1 p2 p3 c)', p1=8, p2=16, p3=16)
          (1): Linear(in_features=2048, out_features=768, bias=True)
        )
        (dropout): Dropout(p=0.0, inplace=False)
      )
      (blocks): ModuleList(
        (0): TransformerBlock(
          (mlp): MLPBlock(
            (linear1): Linear(in_features=768, out_features=3072, bias=True)
            (linear2): Linear(in_features=3072, out_features=768, bias=True)
            (fn): GELU(approximate=none)
            (drop1): Dropout(p=0.0, inplace=False)
            (drop2): Dropout(p=0.0, inplace=False)
          )
          (norm1): LayerNorm((768,), eps=1e-05, elementwise_affine=True)
          (attn): SABlock(
            (out_proj): Linear(in_features=768, out_features=768, bias=True)
            (qkv): Linear(in_features=768, out_features=2304, bias=False)
            (input_rearrange): Rearrange('b h (qkv l d) -> qkv b l h d', qkv=3, l=12)
            (out_rearrange): Rearrange('b h l d -> b l (h d)')
            (drop_output): Dropout(p=0.0, inplace=False)
            (drop_weights): Dropout(p=0.0, inplace=False)
          )
          (norm2): LayerNorm((768,), eps=1e-05, elementwise_affine=True)
        )
        (1): TransformerBlock(
          (mlp): MLPBlock(
            (linear1): Linear(in_features=768, out_features=3072, bias=True)
            (linear2): Linear(in_features=3072, out_features=768, bias=True)
            (fn): GELU(approximate=none)
            (drop1): Dropout(p=0.0, inplace=False)
            (drop2): Dropout(p=0.0, inplace=False)
          )
          (norm1): LayerNorm((768,), eps=1e-05, elementwise_affine=True)
          (attn): SABlock(
            (out_proj): Linear(in_features=768, out_features=768, bias=True)
            (qkv): Linear(in_features=768, out_features=2304, bias=False)
            (input_rearrange): Rearrange('b h (qkv l d) -> qkv b l h d', qkv=3, l=12)
            (out_rearrange): Rearrange('b h l d -> b l (h d)')
            (drop_output): Dropout(p=0.0, inplace=False)
            (drop_weights): Dropout(p=0.0, inplace=False)
          )
          (norm2): LayerNorm((768,), eps=1e-05, elementwise_affine=True)
        )
        (2): TransformerBlock(
          (mlp): MLPBlock(
            (linear1): Linear(in_features=768, out_features=3072, bias=True)
            (linear2): Linear(in_features=3072, out_features=768, bias=True)
            (fn): GELU(approximate=none)
            (drop1): Dropout(p=0.0, inplace=False)
            (drop2): Dropout(p=0.0, inplace=False)
          )
          (norm1): LayerNorm((768,), eps=1e-05, elementwise_affine=True)
          (attn): SABlock(
            (out_proj): Linear(in_features=768, out_features=768, bias=True)
            (qkv): Linear(in_features=768, out_features=2304, bias=False)
            (input_rearrange): Rearrange('b h (qkv l d) -> qkv b l h d', qkv=3, l=12)
            (out_rearrange): Rearrange('b h l d -> b l (h d)')
            (drop_output): Dropout(p=0.0, inplace=False)
            (drop_weights): Dropout(p=0.0, inplace=False)
          )
          (norm2): LayerNorm((768,), eps=1e-05, elementwise_affine=True)
        )
        (3): TransformerBlock(
          (mlp): MLPBlock(
            (linear1): Linear(in_features=768, out_features=3072, bias=True)
            (linear2): Linear(in_features=3072, out_features=768, bias=True)
            (fn): GELU(approximate=none)
            (drop1): Dropout(p=0.0, inplace=False)
            (drop2): Dropout(p=0.0, inplace=False)
          )
          (norm1): LayerNorm((768,), eps=1e-05, elementwise_affine=True)
          (attn): SABlock(
            (out_proj): Linear(in_features=768, out_features=768, bias=True)
            (qkv): Linear(in_features=768, out_features=2304, bias=False)
            (input_rearrange): Rearrange('b h (qkv l d) -> qkv b l h d', qkv=3, l=12)
            (out_rearrange): Rearrange('b h l d -> b l (h d)')
            (drop_output): Dropout(p=0.0, inplace=False)
            (drop_weights): Dropout(p=0.0, inplace=False)
          )
          (norm2): LayerNorm((768,), eps=1e-05, elementwise_affine=True)
        )
        (4): TransformerBlock(
          (mlp): MLPBlock(
            (linear1): Linear(in_features=768, out_features=3072, bias=True)
            (linear2): Linear(in_features=3072, out_features=768, bias=True)
            (fn): GELU(approximate=none)
            (drop1): Dropout(p=0.0, inplace=False)
            (drop2): Dropout(p=0.0, inplace=False)
          )
          (norm1): LayerNorm((768,), eps=1e-05, elementwise_affine=True)
          (attn): SABlock(
            (out_proj): Linear(in_features=768, out_features=768, bias=True)
            (qkv): Linear(in_features=768, out_features=2304, bias=False)
            (input_rearrange): Rearrange('b h (qkv l d) -> qkv b l h d', qkv=3, l=12)
            (out_rearrange): Rearrange('b h l d -> b l (h d)')
            (drop_output): Dropout(p=0.0, inplace=False)
            (drop_weights): Dropout(p=0.0, inplace=False)
          )
          (norm2): LayerNorm((768,), eps=1e-05, elementwise_affine=True)
        )
        (5): TransformerBlock(
          (mlp): MLPBlock(
            (linear1): Linear(in_features=768, out_features=3072, bias=True)
            (linear2): Linear(in_features=3072, out_features=768, bias=True)
            (fn): GELU(approximate=none)
            (drop1): Dropout(p=0.0, inplace=False)
            (drop2): Dropout(p=0.0, inplace=False)
          )
          (norm1): LayerNorm((768,), eps=1e-05, elementwise_affine=True)
          (attn): SABlock(
            (out_proj): Linear(in_features=768, out_features=768, bias=True)
            (qkv): Linear(in_features=768, out_features=2304, bias=False)
            (input_rearrange): Rearrange('b h (qkv l d) -> qkv b l h d', qkv=3, l=12)
            (out_rearrange): Rearrange('b h l d -> b l (h d)')
            (drop_output): Dropout(p=0.0, inplace=False)
            (drop_weights): Dropout(p=0.0, inplace=False)
          )
          (norm2): LayerNorm((768,), eps=1e-05, elementwise_affine=True)
        )
        (6): TransformerBlock(
          (mlp): MLPBlock(
            (linear1): Linear(in_features=768, out_features=3072, bias=True)
            (linear2): Linear(in_features=3072, out_features=768, bias=True)
            (fn): GELU(approximate=none)
            (drop1): Dropout(p=0.0, inplace=False)
            (drop2): Dropout(p=0.0, inplace=False)
          )
          (norm1): LayerNorm((768,), eps=1e-05, elementwise_affine=True)
          (attn): SABlock(
            (out_proj): Linear(in_features=768, out_features=768, bias=True)
            (qkv): Linear(in_features=768, out_features=2304, bias=False)
            (input_rearrange): Rearrange('b h (qkv l d) -> qkv b l h d', qkv=3, l=12)
            (out_rearrange): Rearrange('b h l d -> b l (h d)')
            (drop_output): Dropout(p=0.0, inplace=False)
            (drop_weights): Dropout(p=0.0, inplace=False)
          )
          (norm2): LayerNorm((768,), eps=1e-05, elementwise_affine=True)
        )
        (7): TransformerBlock(
          (mlp): MLPBlock(
            (linear1): Linear(in_features=768, out_features=3072, bias=True)
            (linear2): Linear(in_features=3072, out_features=768, bias=True)
            (fn): GELU(approximate=none)
            (drop1): Dropout(p=0.0, inplace=False)
            (drop2): Dropout(p=0.0, inplace=False)
          )
          (norm1): LayerNorm((768,), eps=1e-05, elementwise_affine=True)
          (attn): SABlock(
            (out_proj): Linear(in_features=768, out_features=768, bias=True)
            (qkv): Linear(in_features=768, out_features=2304, bias=False)
            (input_rearrange): Rearrange('b h (qkv l d) -> qkv b l h d', qkv=3, l=12)
            (out_rearrange): Rearrange('b h l d -> b l (h d)')
            (drop_output): Dropout(p=0.0, inplace=False)
            (drop_weights): Dropout(p=0.0, inplace=False)
          )
          (norm2): LayerNorm((768,), eps=1e-05, elementwise_affine=True)
        )
        (8): TransformerBlock(
          (mlp): MLPBlock(
            (linear1): Linear(in_features=768, out_features=3072, bias=True)
            (linear2): Linear(in_features=3072, out_features=768, bias=True)
            (fn): GELU(approximate=none)
            (drop1): Dropout(p=0.0, inplace=False)
            (drop2): Dropout(p=0.0, inplace=False)
          )
          (norm1): LayerNorm((768,), eps=1e-05, elementwise_affine=True)
          (attn): SABlock(
            (out_proj): Linear(in_features=768, out_features=768, bias=True)
            (qkv): Linear(in_features=768, out_features=2304, bias=False)
            (input_rearrange): Rearrange('b h (qkv l d) -> qkv b l h d', qkv=3, l=12)
            (out_rearrange): Rearrange('b h l d -> b l (h d)')
            (drop_output): Dropout(p=0.0, inplace=False)
            (drop_weights): Dropout(p=0.0, inplace=False)
          )
          (norm2): LayerNorm((768,), eps=1e-05, elementwise_affine=True)
        )
        (9): TransformerBlock(
          (mlp): MLPBlock(
            (linear1): Linear(in_features=768, out_features=3072, bias=True)
            (linear2): Linear(in_features=3072, out_features=768, bias=True)
            (fn): GELU(approximate=none)
            (drop1): Dropout(p=0.0, inplace=False)
            (drop2): Dropout(p=0.0, inplace=False)
          )
          (norm1): LayerNorm((768,), eps=1e-05, elementwise_affine=True)
          (attn): SABlock(
            (out_proj): Linear(in_features=768, out_features=768, bias=True)
            (qkv): Linear(in_features=768, out_features=2304, bias=False)
            (input_rearrange): Rearrange('b h (qkv l d) -> qkv b l h d', qkv=3, l=12)
            (out_rearrange): Rearrange('b h l d -> b l (h d)')
            (drop_output): Dropout(p=0.0, inplace=False)
            (drop_weights): Dropout(p=0.0, inplace=False)
          )
          (norm2): LayerNorm((768,), eps=1e-05, elementwise_affine=True)
        )
        (10): TransformerBlock(
          (mlp): MLPBlock(
            (linear1): Linear(in_features=768, out_features=3072, bias=True)
            (linear2): Linear(in_features=3072, out_features=768, bias=True)
            (fn): GELU(approximate=none)
            (drop1): Dropout(p=0.0, inplace=False)
            (drop2): Dropout(p=0.0, inplace=False)
          )
          (norm1): LayerNorm((768,), eps=1e-05, elementwise_affine=True)
          (attn): SABlock(
            (out_proj): Linear(in_features=768, out_features=768, bias=True)
            (qkv): Linear(in_features=768, out_features=2304, bias=False)
            (input_rearrange): Rearrange('b h (qkv l d) -> qkv b l h d', qkv=3, l=12)
            (out_rearrange): Rearrange('b h l d -> b l (h d)')
            (drop_output): Dropout(p=0.0, inplace=False)
            (drop_weights): Dropout(p=0.0, inplace=False)
          )
          (norm2): LayerNorm((768,), eps=1e-05, elementwise_affine=True)
        )
        (11): TransformerBlock(
          (mlp): MLPBlock(
            (linear1): Linear(in_features=768, out_features=3072, bias=True)
            (linear2): Linear(in_features=3072, out_features=768, bias=True)
            (fn): GELU(approximate=none)
            (drop1): Dropout(p=0.0, inplace=False)
            (drop2): Dropout(p=0.0, inplace=False)
          )
          (norm1): LayerNorm((768,), eps=1e-05, elementwise_affine=True)
          (attn): SABlock(
            (out_proj): Linear(in_features=768, out_features=768, bias=True)
            (qkv): Linear(in_features=768, out_features=2304, bias=False)
            (input_rearrange): Rearrange('b h (qkv l d) -> qkv b l h d', qkv=3, l=12)
            (out_rearrange): Rearrange('b h l d -> b l (h d)')
            (drop_output): Dropout(p=0.0, inplace=False)
            (drop_weights): Dropout(p=0.0, inplace=False)
          )
          (norm2): LayerNorm((768,), eps=1e-05, elementwise_affine=True)
        )
      )
      (norm): LayerNorm((768,), eps=1e-05, elementwise_affine=True)
    )
    (encoder1): UnetrBasicBlock(
      (layer): UnetResBlock(
        (conv1): Convolution(
          (conv): Conv3d(1, 32, kernel_size=(3, 3, 3), stride=(1, 1, 1), padding=(1, 1, 1), bias=False)
        )
        (conv2): Convolution(
          (conv): Conv3d(32, 32, kernel_size=(3, 3, 3), stride=(1, 1, 1), padding=(1, 1, 1), bias=False)
        )
        (lrelu): LeakyReLU(negative_slope=0.01, inplace=True)
        (norm1): InstanceNorm3d(32, eps=1e-05, momentum=0.1, affine=False, track_running_stats=False)
        (norm2): InstanceNorm3d(32, eps=1e-05, momentum=0.1, affine=False, track_running_stats=False)
        (conv3): Convolution(
          (conv): Conv3d(1, 32, kernel_size=(1, 1, 1), stride=(1, 1, 1), bias=False)
        )
        (norm3): InstanceNorm3d(32, eps=1e-05, momentum=0.1, affine=False, track_running_stats=False)
      )
    )
    (encoder2): UnetrPrUpBlock(
      (transp_conv_init): Convolution(
        (conv): ConvTranspose3d(768, 64, kernel_size=(2, 2, 2), stride=(2, 2, 2), bias=False)
      )
      (blocks): ModuleList(
        (0): Convolution(
          (conv): ConvTranspose3d(64, 64, kernel_size=(2, 2, 2), stride=(2, 2, 2), bias=False)
        )
        (1): Convolution(
          (conv): ConvTranspose3d(64, 64, kernel_size=(2, 2, 2), stride=(2, 2, 2), bias=False)
        )
      )
    )
    (encoder3): UnetrPrUpBlock(
      (transp_conv_init): Convolution(
        (conv): ConvTranspose3d(768, 128, kernel_size=(2, 2, 2), stride=(2, 2, 2), bias=False)
      )
      (blocks): ModuleList(
        (0): Convolution(
          (conv): ConvTranspose3d(128, 128, kernel_size=(2, 2, 2), stride=(2, 2, 2), bias=False)
        )
      )
    )
    (encoder4): UnetrPrUpBlock(
      (transp_conv_init): Convolution(
        (conv): ConvTranspose3d(768, 256, kernel_size=(2, 2, 2), stride=(2, 2, 2), bias=False)
      )
      (blocks): ModuleList()
    )
  )
  (decoder): Generic_UNETDecoder()
  (conv_blocks_localization): ModuleList(
    (0): Sequential(
      (0): StackedConvLayers(
        (blocks): Sequential(
          (0): ConvDropoutNormNonlin(
            (conv): Conv3d(512, 256, kernel_size=(3, 3, 3), stride=(1, 1, 1), padding=(1, 1, 1))
            (instnorm): InstanceNorm3d(256, eps=1e-05, momentum=0.1, affine=True, track_running_stats=False)
            (lrelu): LeakyReLU(negative_slope=0.01, inplace=True)
          )
        )
      )
      (1): StackedConvLayers(
        (blocks): Sequential(
          (0): ConvDropoutNormNonlin(
            (conv): Conv3d(256, 256, kernel_size=(3, 3, 3), stride=(1, 1, 1), padding=(1, 1, 1))
            (instnorm): InstanceNorm3d(256, eps=1e-05, momentum=0.1, affine=True, track_running_stats=False)
            (lrelu): LeakyReLU(negative_slope=0.01, inplace=True)
          )
        )
      )
    )
    (1): Sequential(
      (0): StackedConvLayers(
        (blocks): Sequential(
          (0): ConvDropoutNormNonlin(
            (conv): Conv3d(256, 128, kernel_size=(3, 3, 3), stride=(1, 1, 1), padding=(1, 1, 1))
            (instnorm): InstanceNorm3d(128, eps=1e-05, momentum=0.1, affine=True, track_running_stats=False)
            (lrelu): LeakyReLU(negative_slope=0.01, inplace=True)
          )
        )
      )
      (1): StackedConvLayers(
        (blocks): Sequential(
          (0): ConvDropoutNormNonlin(
            (conv): Conv3d(128, 128, kernel_size=(3, 3, 3), stride=(1, 1, 1), padding=(1, 1, 1))
            (instnorm): InstanceNorm3d(128, eps=1e-05, momentum=0.1, affine=True, track_running_stats=False)
            (lrelu): LeakyReLU(negative_slope=0.01, inplace=True)
          )
        )
      )
    )
    (2): Sequential(
      (0): StackedConvLayers(
        (blocks): Sequential(
          (0): ConvDropoutNormNonlin(
            (conv): Conv3d(128, 64, kernel_size=(3, 3, 3), stride=(1, 1, 1), padding=(1, 1, 1))
            (instnorm): InstanceNorm3d(64, eps=1e-05, momentum=0.1, affine=True, track_running_stats=False)
            (lrelu): LeakyReLU(negative_slope=0.01, inplace=True)
          )
        )
      )
      (1): StackedConvLayers(
        (blocks): Sequential(
          (0): ConvDropoutNormNonlin(
            (conv): Conv3d(64, 64, kernel_size=(3, 3, 3), stride=(1, 1, 1), padding=(1, 1, 1))
            (instnorm): InstanceNorm3d(64, eps=1e-05, momentum=0.1, affine=True, track_running_stats=False)
            (lrelu): LeakyReLU(negative_slope=0.01, inplace=True)
          )
        )
      )
    )
    (3): Sequential(
      (0): StackedConvLayers(
        (blocks): Sequential(
          (0): ConvDropoutNormNonlin(
            (conv): Conv3d(64, 32, kernel_size=(3, 3, 3), stride=(1, 1, 1), padding=(1, 1, 1))
            (instnorm): InstanceNorm3d(32, eps=1e-05, momentum=0.1, affine=True, track_running_stats=False)
            (lrelu): LeakyReLU(negative_slope=0.01, inplace=True)
          )
        )
      )
      (1): StackedConvLayers(
        (blocks): Sequential(
          (0): ConvDropoutNormNonlin(
            (conv): Conv3d(32, 32, kernel_size=(3, 3, 3), stride=(1, 1, 1), padding=(1, 1, 1))
            (instnorm): InstanceNorm3d(32, eps=1e-05, momentum=0.1, affine=True, track_running_stats=False)
            (lrelu): LeakyReLU(negative_slope=0.01, inplace=True)
          )
        )
      )
    )
  )
  (tu): ModuleList(
    (0): ConvTranspose3d(768, 256, kernel_size=(2, 2, 2), stride=(2, 2, 2), bias=False)
    (1): ConvTranspose3d(256, 128, kernel_size=(2, 2, 2), stride=(2, 2, 2), bias=False)
    (2): ConvTranspose3d(128, 64, kernel_size=(2, 2, 2), stride=(2, 2, 2), bias=False)
    (3): ConvTranspose3d(64, 32, kernel_size=(1, 2, 2), stride=(1, 2, 2), bias=False)
  )
  (seg_outputs): ModuleList(
    (0): Conv3d(256, 16, kernel_size=(1, 1, 1), stride=(1, 1, 1), bias=False)
    (1): Conv3d(128, 16, kernel_size=(1, 1, 1), stride=(1, 1, 1), bias=False)
    (2): Conv3d(64, 16, kernel_size=(1, 1, 1), stride=(1, 1, 1), bias=False)
    (3): Conv3d(32, 16, kernel_size=(1, 1, 1), stride=(1, 1, 1), bias=False)
  )
)
2022-07-05 10:33:48.886580: 

2022-07-05 10:33:49.230459: saving checkpoint...
2022-07-05 10:33:55.541673: done, saving took 6.65 seconds
suus panc_0006 voeg toe aan pred_gt tuples voor later
suus panc_0010 voeg toe aan pred_gt tuples voor later
suus panc_0014 voeg toe aan pred_gt tuples voor later
suus panc_0015 voeg toe aan pred_gt tuples voor later
suus panc_0024 voeg toe aan pred_gt tuples voor later
suus panc_0030 voeg toe aan pred_gt tuples voor later
suus panc_0036 voeg toe aan pred_gt tuples voor later
suus panc_0044 voeg toe aan pred_gt tuples voor later
suus panc_0054 voeg toe aan pred_gt tuples voor later
suus panc_0064 voeg toe aan pred_gt tuples voor later
panc_0077 (2, 255, 726, 726)
debug: mirroring True mirror_axes (0, 1, 2)
step_size: 0.5
do mirror: True
data shape: (1, 255, 726, 726)
patch size: [ 64 160 160]
steps (x, y, and z): [[0, 32, 64, 96, 127, 159, 191], [0, 71, 142, 212, 283, 354, 424, 495, 566], [0, 71, 142, 212, 283, 354, 424, 495, 566]]
number of tiles: 567
computing Gaussian
done
prediction done
suus panc_0077 transposed
suus panc_0077 not saving softmax
suus panc_0077 we moeten gekke ding doen met groot commentaar
suus panc_0077 voeg toe aan pred_gt tuples voor later
panc_0083 (2, 250, 582, 582)
debug: mirroring True mirror_axes (0, 1, 2)
step_size: 0.5
do mirror: True
data shape: (1, 250, 582, 582)
patch size: [ 64 160 160]
steps (x, y, and z): [[0, 31, 62, 93, 124, 155, 186], [0, 70, 141, 211, 281, 352, 422], [0, 70, 141, 211, 281, 352, 422]]
number of tiles: 343
using precomputed Gaussian
prediction done
suus panc_0083 transposed
suus panc_0083 not saving softmax
suus panc_0083 we moeten gekke ding doen met groot commentaar
suus panc_0083 voeg toe aan pred_gt tuples voor later
panc_0103 (2, 202, 602, 602)
debug: mirroring True mirror_axes (0, 1, 2)
step_size: 0.5
do mirror: True
data shape: (1, 202, 602, 602)
patch size: [ 64 160 160]
steps (x, y, and z): [[0, 28, 55, 83, 110, 138], [0, 74, 147, 221, 295, 368, 442], [0, 74, 147, 221, 295, 368, 442]]
number of tiles: 294
using precomputed Gaussian
prediction done
suus panc_0103 transposed
suus panc_0103 not saving softmax
suus panc_0103 we moeten gekke ding doen met groot commentaar
suus panc_0103 voeg toe aan pred_gt tuples voor later
panc_0111 (2, 268, 582, 582)
debug: mirroring True mirror_axes (0, 1, 2)
step_size: 0.5
do mirror: True
data shape: (1, 268, 582, 582)
patch size: [ 64 160 160]
steps (x, y, and z): [[0, 29, 58, 87, 117, 146, 175, 204], [0, 70, 141, 211, 281, 352, 422], [0, 70, 141, 211, 281, 352, 422]]
number of tiles: 392
using precomputed Gaussian
prediction done
suus panc_0111 transposed
suus panc_0111 not saving softmax
suus panc_0111 we moeten gekke ding doen met groot commentaar
suus panc_0111 voeg toe aan pred_gt tuples voor later
panc_0113 (2, 228, 722, 722)
debug: mirroring True mirror_axes (0, 1, 2)
step_size: 0.5
do mirror: True
data shape: (1, 228, 722, 722)
patch size: [ 64 160 160]
steps (x, y, and z): [[0, 27, 55, 82, 109, 137, 164], [0, 70, 140, 211, 281, 351, 422, 492, 562], [0, 70, 140, 211, 281, 351, 422, 492, 562]]
number of tiles: 567
using precomputed Gaussian
prediction done
suus panc_0113 transposed
suus panc_0113 not saving softmax
suus panc_0113 we moeten gekke ding doen met groot commentaar
suus panc_0113 voeg toe aan pred_gt tuples voor later
panc_0118 (2, 210, 635, 635)
debug: mirroring True mirror_axes (0, 1, 2)
step_size: 0.5
do mirror: True
data shape: (1, 210, 635, 635)
patch size: [ 64 160 160]
steps (x, y, and z): [[0, 29, 58, 88, 117, 146], [0, 79, 158, 238, 317, 396, 475], [0, 79, 158, 238, 317, 396, 475]]
number of tiles: 294
using precomputed Gaussian
prediction done
suus panc_0118 transposed
suus panc_0118 not saving softmax
suus panc_0118 we moeten gekke ding doen met groot commentaar
suus panc_0118 voeg toe aan pred_gt tuples voor later
panc_0121 (2, 300, 704, 704)
debug: mirroring True mirror_axes (0, 1, 2)
step_size: 0.5
do mirror: True
data shape: (1, 300, 704, 704)
patch size: [ 64 160 160]
steps (x, y, and z): [[0, 30, 59, 88, 118, 148, 177, 206, 236], [0, 78, 155, 233, 311, 389, 466, 544], [0, 78, 155, 233, 311, 389, 466, 544]]
number of tiles: 576
using precomputed Gaussian
prediction done
suus panc_0121 transposed
suus panc_0121 not saving softmax
suus panc_0121 we moeten gekke ding doen met groot commentaar
suus panc_0121 voeg toe aan pred_gt tuples voor later
panc_0142 (2, 235, 679, 679)
debug: mirroring True mirror_axes (0, 1, 2)
step_size: 0.5
do mirror: True
data shape: (1, 235, 679, 679)
patch size: [ 64 160 160]
steps (x, y, and z): [[0, 28, 57, 86, 114, 142, 171], [0, 74, 148, 222, 297, 371, 445, 519], [0, 74, 148, 222, 297, 371, 445, 519]]
number of tiles: 448
using precomputed Gaussian
prediction done
suus panc_0142 transposed
suus panc_0142 not saving softmax
suus panc_0142 we moeten gekke ding doen met groot commentaar
suus panc_0142 voeg toe aan pred_gt tuples voor later
panc_0147 (2, 238, 579, 579)
debug: mirroring True mirror_axes (0, 1, 2)
step_size: 0.5
do mirror: True
data shape: (1, 238, 579, 579)
patch size: [ 64 160 160]
steps (x, y, and z): [[0, 29, 58, 87, 116, 145, 174], [0, 70, 140, 210, 279, 349, 419], [0, 70, 140, 210, 279, 349, 419]]
number of tiles: 343
using precomputed Gaussian
prediction done
suus panc_0147 transposed
suus panc_0147 not saving softmax
suus panc_0147 we moeten gekke ding doen met groot commentaar
suus panc_0147 voeg toe aan pred_gt tuples voor later
panc_0160 (2, 212, 646, 646)
debug: mirroring True mirror_axes (0, 1, 2)
step_size: 0.5
do mirror: True
data shape: (1, 212, 646, 646)
patch size: [ 64 160 160]
steps (x, y, and z): [[0, 30, 59, 89, 118, 148], [0, 69, 139, 208, 278, 347, 417, 486], [0, 69, 139, 208, 278, 347, 417, 486]]
number of tiles: 384
using precomputed Gaussian
prediction done
suus panc_0160 transposed
suus panc_0160 not saving softmax
suus panc_0160 we moeten gekke ding doen met groot commentaar
suus panc_0160 voeg toe aan pred_gt tuples voor later
panc_0162 (2, 195, 582, 582)
debug: mirroring True mirror_axes (0, 1, 2)
step_size: 0.5
do mirror: True
data shape: (1, 195, 582, 582)
patch size: [ 64 160 160]
steps (x, y, and z): [[0, 26, 52, 79, 105, 131], [0, 70, 141, 211, 281, 352, 422], [0, 70, 141, 211, 281, 352, 422]]
number of tiles: 294
using precomputed Gaussian
prediction done
suus panc_0162 transposed
suus panc_0162 not saving softmax
suus panc_0162 we moeten gekke ding doen met groot commentaar
suus panc_0162 voeg toe aan pred_gt tuples voor later
panc_0171 (2, 242, 726, 726)
debug: mirroring True mirror_axes (0, 1, 2)
step_size: 0.5
do mirror: True
data shape: (1, 242, 726, 726)
patch size: [ 64 160 160]
steps (x, y, and z): [[0, 30, 59, 89, 119, 148, 178], [0, 71, 142, 212, 283, 354, 424, 495, 566], [0, 71, 142, 212, 283, 354, 424, 495, 566]]
number of tiles: 567
using precomputed Gaussian
prediction done
suus panc_0171 transposed
suus panc_0171 not saving softmax
suus panc_0171 we moeten gekke ding doen met groot commentaar
suus panc_0171 voeg toe aan pred_gt tuples voor later
panc_0177 (2, 335, 582, 582)
debug: mirroring True mirror_axes (0, 1, 2)
step_size: 0.5
do mirror: True
data shape: (1, 335, 582, 582)
patch size: [ 64 160 160]
steps (x, y, and z): [[0, 30, 60, 90, 120, 151, 181, 211, 241, 271], [0, 70, 141, 211, 281, 352, 422], [0, 70, 141, 211, 281, 352, 422]]
number of tiles: 490
using precomputed Gaussian
prediction done
suus panc_0177 transposed
suus panc_0177 not saving softmax
suus panc_0177 we moeten gekke ding doen met groot commentaar
suus panc_0177 voeg toe aan pred_gt tuples voor later
panc_0186 (2, 212, 520, 520)
debug: mirroring True mirror_axes (0, 1, 2)
step_size: 0.5
do mirror: True
data shape: (1, 212, 520, 520)
patch size: [ 64 160 160]
steps (x, y, and z): [[0, 30, 59, 89, 118, 148], [0, 72, 144, 216, 288, 360], [0, 72, 144, 216, 288, 360]]
number of tiles: 216
using precomputed Gaussian
prediction done
suus panc_0186 transposed
suus panc_0186 not saving softmax
suus panc_0186 we moeten gekke ding doen met groot commentaar
suus panc_0186 voeg toe aan pred_gt tuples voor later
panc_0188 (2, 308, 582, 582)
debug: mirroring True mirror_axes (0, 1, 2)
step_size: 0.5
do mirror: True
data shape: (1, 308, 582, 582)
patch size: [ 64 160 160]
steps (x, y, and z): [[0, 30, 61, 92, 122, 152, 183, 214, 244], [0, 70, 141, 211, 281, 352, 422], [0, 70, 141, 211, 281, 352, 422]]
number of tiles: 441
using precomputed Gaussian
prediction done
suus panc_0188 transposed
suus panc_0188 not saving softmax
suus panc_0188 we moeten gekke ding doen met groot commentaar
suus panc_0188 voeg toe aan pred_gt tuples voor later
panc_0190 (2, 332, 590, 590)
debug: mirroring True mirror_axes (0, 1, 2)
step_size: 0.5
do mirror: True
data shape: (1, 332, 590, 590)
patch size: [ 64 160 160]
steps (x, y, and z): [[0, 30, 60, 89, 119, 149, 179, 208, 238, 268], [0, 72, 143, 215, 287, 358, 430], [0, 72, 143, 215, 287, 358, 430]]
number of tiles: 490
using precomputed Gaussian
prediction done
suus panc_0190 transposed
suus panc_0190 not saving softmax
suus panc_0190 we moeten gekke ding doen met groot commentaar
suus panc_0190 voeg toe aan pred_gt tuples voor later
panc_0192 (2, 308, 582, 582)
debug: mirroring True mirror_axes (0, 1, 2)
step_size: 0.5
do mirror: True
data shape: (1, 308, 582, 582)
patch size: [ 64 160 160]
steps (x, y, and z): [[0, 30, 61, 92, 122, 152, 183, 214, 244], [0, 70, 141, 211, 281, 352, 422], [0, 70, 141, 211, 281, 352, 422]]
number of tiles: 441
using precomputed Gaussian
prediction done
suus panc_0192 transposed
suus panc_0192 not saving softmax
suus panc_0192 we moeten gekke ding doen met groot commentaar
suus panc_0192 voeg toe aan pred_gt tuples voor later
panc_0197 (2, 345, 499, 499)
debug: mirroring True mirror_axes (0, 1, 2)
step_size: 0.5
do mirror: True
data shape: (1, 345, 499, 499)
patch size: [ 64 160 160]
steps (x, y, and z): [[0, 31, 62, 94, 125, 156, 187, 219, 250, 281], [0, 68, 136, 203, 271, 339], [0, 68, 136, 203, 271, 339]]
number of tiles: 360
using precomputed Gaussian
prediction done
suus panc_0197 transposed
suus panc_0197 not saving softmax
suus panc_0197 we moeten gekke ding doen met groot commentaar
suus panc_0197 voeg toe aan pred_gt tuples voor later
panc_0215 (2, 222, 514, 514)
debug: mirroring True mirror_axes (0, 1, 2)
step_size: 0.5
do mirror: True
data shape: (1, 222, 514, 514)
patch size: [ 64 160 160]
steps (x, y, and z): [[0, 32, 63, 95, 126, 158], [0, 71, 142, 212, 283, 354], [0, 71, 142, 212, 283, 354]]
number of tiles: 216
using precomputed Gaussian
prediction done
suus panc_0215 transposed
suus panc_0215 not saving softmax
suus panc_0215 we moeten gekke ding doen met groot commentaar
suus panc_0215 voeg toe aan pred_gt tuples voor later
panc_0249 (2, 298, 471, 471)
debug: mirroring True mirror_axes (0, 1, 2)
step_size: 0.5
do mirror: True
data shape: (1, 298, 471, 471)
patch size: [ 64 160 160]
steps (x, y, and z): [[0, 29, 58, 88, 117, 146, 176, 205, 234], [0, 78, 156, 233, 311], [0, 78, 156, 233, 311]]
number of tiles: 225
using precomputed Gaussian
prediction done
suus panc_0249 transposed
suus panc_0249 not saving softmax
suus panc_0249 we moeten gekke ding doen met groot commentaar
suus panc_0249 voeg toe aan pred_gt tuples voor later
panc_0263 (2, 305, 503, 503)
debug: mirroring True mirror_axes (0, 1, 2)
step_size: 0.5
do mirror: True
data shape: (1, 305, 503, 503)
patch size: [ 64 160 160]
steps (x, y, and z): [[0, 30, 60, 90, 120, 151, 181, 211, 241], [0, 69, 137, 206, 274, 343], [0, 69, 137, 206, 274, 343]]
number of tiles: 324
using precomputed Gaussian
prediction done
suus panc_0263 transposed
suus panc_0263 not saving softmax
suus panc_0263 we moeten gekke ding doen met groot commentaar
suus panc_0263 voeg toe aan pred_gt tuples voor later
panc_0282 (2, 265, 586, 586)
debug: mirroring True mirror_axes (0, 1, 2)
step_size: 0.5
do mirror: True
data shape: (1, 265, 586, 586)
patch size: [ 64 160 160]
steps (x, y, and z): [[0, 29, 57, 86, 115, 144, 172, 201], [0, 71, 142, 213, 284, 355, 426], [0, 71, 142, 213, 284, 355, 426]]
number of tiles: 392
using precomputed Gaussian
prediction done
suus panc_0282 transposed
suus panc_0282 not saving softmax
suus panc_0282 we moeten gekke ding doen met groot commentaar
suus panc_0282 voeg toe aan pred_gt tuples voor later
panc_0294 (2, 239, 504, 504)
debug: mirroring True mirror_axes (0, 1, 2)
step_size: 0.5
do mirror: True
data shape: (1, 239, 504, 504)
patch size: [ 64 160 160]
steps (x, y, and z): [[0, 29, 58, 88, 117, 146, 175], [0, 69, 138, 206, 275, 344], [0, 69, 138, 206, 275, 344]]
number of tiles: 252
using precomputed Gaussian
prediction done
suus panc_0294 transposed
suus panc_0294 not saving softmax
suus panc_0294 we moeten gekke ding doen met groot commentaar
suus panc_0294 voeg toe aan pred_gt tuples voor later
panc_0299 (2, 204, 580, 580)
debug: mirroring True mirror_axes (0, 1, 2)
step_size: 0.5
do mirror: True
data shape: (1, 204, 580, 580)
patch size: [ 64 160 160]
steps (x, y, and z): [[0, 28, 56, 84, 112, 140], [0, 70, 140, 210, 280, 350, 420], [0, 70, 140, 210, 280, 350, 420]]
number of tiles: 294
using precomputed Gaussian
prediction done
suus panc_0299 transposed
suus panc_0299 not saving softmax
suus panc_0299 we moeten gekke ding doen met groot commentaar
suus panc_0299 voeg toe aan pred_gt tuples voor later
panc_0302 (2, 215, 459, 459)
debug: mirroring True mirror_axes (0, 1, 2)
step_size: 0.5
do mirror: True
data shape: (1, 215, 459, 459)
patch size: [ 64 160 160]
steps (x, y, and z): [[0, 30, 60, 91, 121, 151], [0, 75, 150, 224, 299], [0, 75, 150, 224, 299]]
number of tiles: 150
using precomputed Gaussian
prediction done
suus panc_0302 transposed
suus panc_0302 not saving softmax
suus panc_0302 we moeten gekke ding doen met groot commentaar
suus panc_0302 voeg toe aan pred_gt tuples voor later
panc_0341 (2, 302, 453, 453)
debug: mirroring True mirror_axes (0, 1, 2)
step_size: 0.5
do mirror: True
data shape: (1, 302, 453, 453)
patch size: [ 64 160 160]
steps (x, y, and z): [[0, 30, 60, 89, 119, 149, 178, 208, 238], [0, 73, 146, 220, 293], [0, 73, 146, 220, 293]]
number of tiles: 225
using precomputed Gaussian
prediction done
suus panc_0341 transposed
suus panc_0341 not saving softmax
suus panc_0341 we moeten gekke ding doen met groot commentaar
suus panc_0341 voeg toe aan pred_gt tuples voor later
panc_0358 (2, 201, 461, 461)
debug: mirroring True mirror_axes (0, 1, 2)
step_size: 0.5
do mirror: True
data shape: (1, 201, 461, 461)
patch size: [ 64 160 160]
steps (x, y, and z): [[0, 27, 55, 82, 110, 137], [0, 75, 150, 226, 301], [0, 75, 150, 226, 301]]
number of tiles: 150
using precomputed Gaussian
prediction done
suus panc_0358 transposed
suus panc_0358 not saving softmax
suus panc_0358 we moeten gekke ding doen met groot commentaar
suus panc_0358 voeg toe aan pred_gt tuples voor later
panc_0367 (2, 228, 726, 726)
debug: mirroring True mirror_axes (0, 1, 2)
step_size: 0.5
do mirror: True
data shape: (1, 228, 726, 726)
patch size: [ 64 160 160]
steps (x, y, and z): [[0, 27, 55, 82, 109, 137, 164], [0, 71, 142, 212, 283, 354, 424, 495, 566], [0, 71, 142, 212, 283, 354, 424, 495, 566]]
number of tiles: 567
using precomputed Gaussian
prediction done
suus panc_0367 transposed
suus panc_0367 not saving softmax
suus panc_0367 we moeten gekke ding doen met groot commentaar
suus panc_0367 voeg toe aan pred_gt tuples voor later
panc_0383 (2, 242, 676, 676)
debug: mirroring True mirror_axes (0, 1, 2)
step_size: 0.5
do mirror: True
data shape: (1, 242, 676, 676)
patch size: [ 64 160 160]
steps (x, y, and z): [[0, 30, 59, 89, 119, 148, 178], [0, 74, 147, 221, 295, 369, 442, 516], [0, 74, 147, 221, 295, 369, 442, 516]]
number of tiles: 448
using precomputed Gaussian
prediction done
suus panc_0383 transposed
suus panc_0383 not saving softmax
suus panc_0383 we moeten gekke ding doen met groot commentaar
suus panc_0383 voeg toe aan pred_gt tuples voor later
panc_0391 (2, 208, 724, 724)
debug: mirroring True mirror_axes (0, 1, 2)
step_size: 0.5
do mirror: True
data shape: (1, 208, 724, 724)
patch size: [ 64 160 160]
steps (x, y, and z): [[0, 29, 58, 86, 115, 144], [0, 70, 141, 212, 282, 352, 423, 494, 564], [0, 70, 141, 212, 282, 352, 423, 494, 564]]
number of tiles: 486
using precomputed Gaussian
prediction done
suus panc_0391 transposed
suus panc_0391 not saving softmax
suus panc_0391 we moeten gekke ding doen met groot commentaar
suus panc_0391 voeg toe aan pred_gt tuples voor later
2022-07-05 15:38:29.587187: finished prediction
2022-07-05 15:38:29.591497: evaluation of raw predictions
2022-07-05 15:40:07.288465: determining postprocessing
Foreground vs background
before: 0.7916333785054057
after:  0.6503242946302097
1
before: 0.931582339112699
after:  0.9386910525033423
Removing all but the largest region for class 1 improved results!
min_valid_object_sizes None
10
before: 0.7235070568753756
after:  0.716994027676973
11
before: 0.7023944127029
after:  0.7078492730696542
Removing all but the largest region for class 11 improved results!
min_valid_object_sizes None
12
before: 0.6933920098966867
after:  0.7043170529655818
Removing all but the largest region for class 12 improved results!
min_valid_object_sizes None
13
before: 0.6347132393477561
after:  0.6367874433303624
Removing all but the largest region for class 13 improved results!
min_valid_object_sizes None
14
before: 0.7518996088270989
after:  0.7593952010052497
Removing all but the largest region for class 14 improved results!
min_valid_object_sizes None
15
before: 0.7111154277623681
after:  0.735225999222864
Removing all but the largest region for class 15 improved results!
min_valid_object_sizes None
2
before: 0.909481651893534
after:  0.9237472608605234
Removing all but the largest region for class 2 improved results!
min_valid_object_sizes None
3
before: 0.8944655266235746
after:  0.9138685208310754
Removing all but the largest region for class 3 improved results!
min_valid_object_sizes None
4
before: 0.6951400253634238
after:  0.6869779939176472
5
before: 0.7374524647645796
after:  0.7298514939802806
6
before: 0.9574219980660542
after:  0.9606088813960147
Removing all but the largest region for class 6 improved results!
min_valid_object_sizes None
7
before: 0.7691738548291863
after:  0.7874485592550914
Removing all but the largest region for class 7 improved results!
min_valid_object_sizes None
8
before: 0.9228840585886792
after:  0.9234133156229991
Removing all but the largest region for class 8 improved results!
min_valid_object_sizes None
9
before: 0.8398770029271703
after:  0.8387006368577321
done
for which classes:
[1, 11, 12, 13, 14, 15, 2, 3, 6, 7, 8]
min_object_sizes
None
force_separate_z: None interpolation order: 1
separate z: True lowres axis [0]
separate z, order in z is 0 order inplane is 1
suus we gaan schrijven naar /exports/lkeb-hpc/smaijer/results/nnUNet/3d_fullres/Task535/nnUNetTrainerV2_Hybrid__nnUNetPlansv2.1/fold_2/validation_raw/panc_0121.nii.gz
force_separate_z: None interpolation order: 1
separate z: True lowres axis [0]
separate z, order in z is 0 order inplane is 1
suus we gaan schrijven naar /exports/lkeb-hpc/smaijer/results/nnUNet/3d_fullres/Task535/nnUNetTrainerV2_Hybrid__nnUNetPlansv2.1/fold_2/validation_raw/panc_0188.nii.gz
force_separate_z: None interpolation order: 1
separate z: False lowres axis None
no separate z, order 1
suus we gaan schrijven naar /exports/lkeb-hpc/smaijer/results/nnUNet/3d_fullres/Task535/nnUNetTrainerV2_Hybrid__nnUNetPlansv2.1/fold_2/validation_raw/panc_0294.nii.gz
force_separate_z: None interpolation order: 1
separate z: True lowres axis [0]
separate z, order in z is 0 order inplane is 1
suus we gaan schrijven naar /exports/lkeb-hpc/smaijer/results/nnUNet/3d_fullres/Task535/nnUNetTrainerV2_Hybrid__nnUNetPlansv2.1/fold_2/validation_raw/panc_0142.nii.gz
force_separate_z: None interpolation order: 1
separate z: True lowres axis [0]
separate z, order in z is 0 order inplane is 1
suus we gaan schrijven naar /exports/lkeb-hpc/smaijer/results/nnUNet/3d_fullres/Task535/nnUNetTrainerV2_Hybrid__nnUNetPlansv2.1/fold_2/validation_raw/panc_0190.nii.gz
force_separate_z: None interpolation order: 1
separate z: True lowres axis [0]
separate z, order in z is 0 order inplane is 1
suus we gaan schrijven naar /exports/lkeb-hpc/smaijer/results/nnUNet/3d_fullres/Task535/nnUNetTrainerV2_Hybrid__nnUNetPlansv2.1/fold_2/validation_raw/panc_0299.nii.gz
force_separate_z: None interpolation order: 1
separate z: True lowres axis [0]
separate z, order in z is 0 order inplane is 1
suus we gaan schrijven naar /exports/lkeb-hpc/smaijer/results/nnUNet/3d_fullres/Task535/nnUNetTrainerV2_Hybrid__nnUNetPlansv2.1/fold_2/validation_raw/panc_0077.nii.gz
force_separate_z: None interpolation order: 1
separate z: True lowres axis [0]
separate z, order in z is 0 order inplane is 1
suus we gaan schrijven naar /exports/lkeb-hpc/smaijer/results/nnUNet/3d_fullres/Task535/nnUNetTrainerV2_Hybrid__nnUNetPlansv2.1/fold_2/validation_raw/panc_0147.nii.gz
force_separate_z: None interpolation order: 1
separate z: True lowres axis [0]
separate z, order in z is 0 order inplane is 1
suus we gaan schrijven naar /exports/lkeb-hpc/smaijer/results/nnUNet/3d_fullres/Task535/nnUNetTrainerV2_Hybrid__nnUNetPlansv2.1/fold_2/validation_raw/panc_0192.nii.gz
force_separate_z: None interpolation order: 1
separate z: True lowres axis [0]
separate z, order in z is 0 order inplane is 1
suus we gaan schrijven naar /exports/lkeb-hpc/smaijer/results/nnUNet/3d_fullres/Task535/nnUNetTrainerV2_Hybrid__nnUNetPlansv2.1/fold_2/validation_raw/panc_0302.nii.gz
force_separate_z: None interpolation order: 1
separate z: True lowres axis [0]
separate z, order in z is 0 order inplane is 1
suus we gaan schrijven naar /exports/lkeb-hpc/smaijer/results/nnUNet/3d_fullres/Task535/nnUNetTrainerV2_Hybrid__nnUNetPlansv2.1/fold_2/validation_raw/panc_0083.nii.gz
force_separate_z: None interpolation order: 1
separate z: True lowres axis [0]
separate z, order in z is 0 order inplane is 1
suus we gaan schrijven naar /exports/lkeb-hpc/smaijer/results/nnUNet/3d_fullres/Task535/nnUNetTrainerV2_Hybrid__nnUNetPlansv2.1/fold_2/validation_raw/panc_0160.nii.gz
force_separate_z: None interpolation order: 1
separate z: True lowres axis [0]
separate z, order in z is 0 order inplane is 1
suus we gaan schrijven naar /exports/lkeb-hpc/smaijer/results/nnUNet/3d_fullres/Task535/nnUNetTrainerV2_Hybrid__nnUNetPlansv2.1/fold_2/validation_raw/panc_0197.nii.gz
force_separate_z: None interpolation order: 1
separate z: True lowres axis [0]
separate z, order in z is 0 order inplane is 1
suus we gaan schrijven naar /exports/lkeb-hpc/smaijer/results/nnUNet/3d_fullres/Task535/nnUNetTrainerV2_Hybrid__nnUNetPlansv2.1/fold_2/validation_raw/panc_0341.nii.gz
force_separate_z: None interpolation order: 1
separate z: True lowres axis [0]
separate z, order in z is 0 order inplane is 1
suus we gaan schrijven naar /exports/lkeb-hpc/smaijer/results/nnUNet/3d_fullres/Task535/nnUNetTrainerV2_Hybrid__nnUNetPlansv2.1/fold_2/validation_raw/panc_0103.nii.gz
force_separate_z: None interpolation order: 1
separate z: True lowres axis [0]
separate z, order in z is 0 order inplane is 1
suus we gaan schrijven naar /exports/lkeb-hpc/smaijer/results/nnUNet/3d_fullres/Task535/nnUNetTrainerV2_Hybrid__nnUNetPlansv2.1/fold_2/validation_raw/panc_0162.nii.gz
force_separate_z: None interpolation order: 1
separate z: False lowres axis None
no separate z, order 1
suus we gaan schrijven naar /exports/lkeb-hpc/smaijer/results/nnUNet/3d_fullres/Task535/nnUNetTrainerV2_Hybrid__nnUNetPlansv2.1/fold_2/validation_raw/panc_0215.nii.gz
force_separate_z: None interpolation order: 1
separate z: False lowres axis None
no separate z, order 1
suus we gaan schrijven naar /exports/lkeb-hpc/smaijer/results/nnUNet/3d_fullres/Task535/nnUNetTrainerV2_Hybrid__nnUNetPlansv2.1/fold_2/validation_raw/panc_0358.nii.gz
force_separate_z: None interpolation order: 1
separate z: True lowres axis [0]
separate z, order in z is 0 order inplane is 1
suus we gaan schrijven naar /exports/lkeb-hpc/smaijer/results/nnUNet/3d_fullres/Task535/nnUNetTrainerV2_Hybrid__nnUNetPlansv2.1/fold_2/validation_raw/panc_0111.nii.gz
force_separate_z: None interpolation order: 1
separate z: True lowres axis [0]
separate z, order in z is 0 order inplane is 1
suus we gaan schrijven naar /exports/lkeb-hpc/smaijer/results/nnUNet/3d_fullres/Task535/nnUNetTrainerV2_Hybrid__nnUNetPlansv2.1/fold_2/validation_raw/panc_0171.nii.gz
force_separate_z: None interpolation order: 1
separate z: True lowres axis [0]
separate z, order in z is 0 order inplane is 1
suus we gaan schrijven naar /exports/lkeb-hpc/smaijer/results/nnUNet/3d_fullres/Task535/nnUNetTrainerV2_Hybrid__nnUNetPlansv2.1/fold_2/validation_raw/panc_0249.nii.gz
force_separate_z: None interpolation order: 1
separate z: True lowres axis [0]
separate z, order in z is 0 order inplane is 1
suus we gaan schrijven naar /exports/lkeb-hpc/smaijer/results/nnUNet/3d_fullres/Task535/nnUNetTrainerV2_Hybrid__nnUNetPlansv2.1/fold_2/validation_raw/panc_0367.nii.gz
force_separate_z: None interpolation order: 1
separate z: True lowres axis [0]
separate z, order in z is 0 order inplane is 1
suus we gaan schrijven naar /exports/lkeb-hpc/smaijer/results/nnUNet/3d_fullres/Task535/nnUNetTrainerV2_Hybrid__nnUNetPlansv2.1/fold_2/validation_raw/panc_0113.nii.gz
force_separate_z: None interpolation order: 1
separate z: True lowres axis [0]
separate z, order in z is 0 order inplane is 1
suus we gaan schrijven naar /exports/lkeb-hpc/smaijer/results/nnUNet/3d_fullres/Task535/nnUNetTrainerV2_Hybrid__nnUNetPlansv2.1/fold_2/validation_raw/panc_0177.nii.gz
force_separate_z: None interpolation order: 1
separate z: True lowres axis [0]
separate z, order in z is 0 order inplane is 1
suus we gaan schrijven naar /exports/lkeb-hpc/smaijer/results/nnUNet/3d_fullres/Task535/nnUNetTrainerV2_Hybrid__nnUNetPlansv2.1/fold_2/validation_raw/panc_0263.nii.gz
force_separate_z: None interpolation order: 1
separate z: True lowres axis [0]
separate z, order in z is 0 order inplane is 1
suus we gaan schrijven naar /exports/lkeb-hpc/smaijer/results/nnUNet/3d_fullres/Task535/nnUNetTrainerV2_Hybrid__nnUNetPlansv2.1/fold_2/validation_raw/panc_0383.nii.gz
force_separate_z: None interpolation order: 1
separate z: True lowres axis [0]
separate z, order in z is 0 order inplane is 1
suus we gaan schrijven naar /exports/lkeb-hpc/smaijer/results/nnUNet/3d_fullres/Task535/nnUNetTrainerV2_Hybrid__nnUNetPlansv2.1/fold_2/validation_raw/panc_0118.nii.gz
force_separate_z: None interpolation order: 1
separate z: True lowres axis [0]
separate z, order in z is 0 order inplane is 1
suus we gaan schrijven naar /exports/lkeb-hpc/smaijer/results/nnUNet/3d_fullres/Task535/nnUNetTrainerV2_Hybrid__nnUNetPlansv2.1/fold_2/validation_raw/panc_0186.nii.gz
force_separate_z: None interpolation order: 1
separate z: False lowres axis None
no separate z, order 1
suus we gaan schrijven naar /exports/lkeb-hpc/smaijer/results/nnUNet/3d_fullres/Task535/nnUNetTrainerV2_Hybrid__nnUNetPlansv2.1/fold_2/validation_raw/panc_0282.nii.gz
force_separate_z: None interpolation order: 1
separate z: True lowres axis [0]
separate z, order in z is 0 order inplane is 1
suus we gaan schrijven naar /exports/lkeb-hpc/smaijer/results/nnUNet/3d_fullres/Task535/nnUNetTrainerV2_Hybrid__nnUNetPlansv2.1/fold_2/validation_raw/panc_0391.nii.gz
done
Program finished with exit code 0 at: Fri Jul  1 00:17:32 CEST 2022
