Starting at Tue Jun 28 18:10:07 CEST 2022
Running on hosts: res-hpc-lkeb05
Running on 1 nodes.
Running 1 tasks.
CPUs on node: 6.
Account: div2-lkeb
Job ID: 10581948
Job name: PancreasTrain
Node running script: res-hpc-lkeb05
Submit host: res-hpc-lo02.researchlumc.nl
GPUS: 0 or 
Tue Jun 28 18:10:14 2022       
+-----------------------------------------------------------------------------+
| NVIDIA-SMI 495.29.05    Driver Version: 495.29.05    CUDA Version: 11.5     |
|-------------------------------+----------------------+----------------------+
| GPU  Name        Persistence-M| Bus-Id        Disp.A | Volatile Uncorr. ECC |
| Fan  Temp  Perf  Pwr:Usage/Cap|         Memory-Usage | GPU-Util  Compute M. |
|                               |                      |               MIG M. |
|===============================+======================+======================|
|   0  Quadro RTX 6000     Off  | 00000000:AF:00.0 Off |                  Off |
| 34%   34C    P0    61W / 260W |      0MiB / 24220MiB |      0%      Default |
|                               |                      |                  N/A |
+-------------------------------+----------------------+----------------------+
                                                                               
+-----------------------------------------------------------------------------+
| Processes:                                                                  |
|  GPU   GI   CI        PID   Type   Process name                  GPU Memory |
|        ID   ID                                                   Usage      |
|=============================================================================|
|  No running processes found                                                 |
+-----------------------------------------------------------------------------+
Current working directory is /home/smaijer
Load all modules..
Done with loading all modules. Modules:
Activate conda env nnunet..
Verifying environment variables:
Installing hidden layer and nnUnet..
Collecting hiddenlayer
  Cloning https://github.com/FabianIsensee/hiddenlayer.git (to revision more_plotted_details) to /tmp/pip-install-5o0gslbj/hiddenlayer_d1130304bab84436b7df26d19355d27e
  Resolved https://github.com/FabianIsensee/hiddenlayer.git to commit 4b98f9e5cccebac67368f02b95f4700b522345b1
Obtaining file:///home/smaijer/code/nnUNet
Requirement already satisfied: torch>1.10.0 in /exports/lkeb-hpc/smaijer/venv_environments/pancreas/lib/python3.10/site-packages (from nnunet==1.7.0) (1.11.0)
Requirement already satisfied: tqdm in /exports/lkeb-hpc/smaijer/venv_environments/pancreas/lib/python3.10/site-packages (from nnunet==1.7.0) (4.64.0)
Requirement already satisfied: dicom2nifti in /exports/lkeb-hpc/smaijer/venv_environments/pancreas/lib/python3.10/site-packages (from nnunet==1.7.0) (2.3.4)
Requirement already satisfied: scikit-image>=0.14 in /exports/lkeb-hpc/smaijer/venv_environments/pancreas/lib/python3.10/site-packages (from nnunet==1.7.0) (0.19.3)
Requirement already satisfied: medpy in /exports/lkeb-hpc/smaijer/venv_environments/pancreas/lib/python3.10/site-packages (from nnunet==1.7.0) (0.4.0)
Requirement already satisfied: scipy in /exports/lkeb-hpc/smaijer/venv_environments/pancreas/lib/python3.10/site-packages (from nnunet==1.7.0) (1.8.1)
Requirement already satisfied: batchgenerators>=0.23 in /exports/lkeb-hpc/smaijer/venv_environments/pancreas/lib/python3.10/site-packages (from nnunet==1.7.0) (0.24)
Requirement already satisfied: numpy in /exports/lkeb-hpc/smaijer/venv_environments/pancreas/lib/python3.10/site-packages (from nnunet==1.7.0) (1.23.0)
Requirement already satisfied: sklearn in /exports/lkeb-hpc/smaijer/venv_environments/pancreas/lib/python3.10/site-packages (from nnunet==1.7.0) (0.0)
Requirement already satisfied: SimpleITK in /exports/lkeb-hpc/smaijer/venv_environments/pancreas/lib/python3.10/site-packages (from nnunet==1.7.0) (2.1.1.2)
Requirement already satisfied: pandas in /exports/lkeb-hpc/smaijer/venv_environments/pancreas/lib/python3.10/site-packages (from nnunet==1.7.0) (1.4.3)
Requirement already satisfied: requests in /exports/lkeb-hpc/smaijer/venv_environments/pancreas/lib/python3.10/site-packages (from nnunet==1.7.0) (2.28.0)
Requirement already satisfied: nibabel in /exports/lkeb-hpc/smaijer/venv_environments/pancreas/lib/python3.10/site-packages (from nnunet==1.7.0) (4.0.1)
Requirement already satisfied: tifffile in /exports/lkeb-hpc/smaijer/venv_environments/pancreas/lib/python3.10/site-packages (from nnunet==1.7.0) (2022.5.4)
Requirement already satisfied: matplotlib in /exports/lkeb-hpc/smaijer/venv_environments/pancreas/lib/python3.10/site-packages (from nnunet==1.7.0) (3.5.2)
Requirement already satisfied: monai in /exports/lkeb-hpc/smaijer/venv_environments/pancreas/lib/python3.10/site-packages (from nnunet==1.7.0) (0.9.0)
Requirement already satisfied: einops in /exports/lkeb-hpc/smaijer/venv_environments/pancreas/lib/python3.10/site-packages (from nnunet==1.7.0) (0.4.1)
Requirement already satisfied: future in /exports/lkeb-hpc/smaijer/venv_environments/pancreas/lib/python3.10/site-packages (from batchgenerators>=0.23->nnunet==1.7.0) (0.18.2)
Requirement already satisfied: unittest2 in /exports/lkeb-hpc/smaijer/venv_environments/pancreas/lib/python3.10/site-packages (from batchgenerators>=0.23->nnunet==1.7.0) (1.1.0)
Requirement already satisfied: threadpoolctl in /exports/lkeb-hpc/smaijer/venv_environments/pancreas/lib/python3.10/site-packages (from batchgenerators>=0.23->nnunet==1.7.0) (3.1.0)
Requirement already satisfied: scikit-learn in /exports/lkeb-hpc/smaijer/venv_environments/pancreas/lib/python3.10/site-packages (from batchgenerators>=0.23->nnunet==1.7.0) (1.1.1)
Requirement already satisfied: pillow>=7.1.2 in /exports/lkeb-hpc/smaijer/venv_environments/pancreas/lib/python3.10/site-packages (from batchgenerators>=0.23->nnunet==1.7.0) (9.1.1)
Requirement already satisfied: packaging>=20.0 in /exports/lkeb-hpc/smaijer/venv_environments/pancreas/lib/python3.10/site-packages (from scikit-image>=0.14->nnunet==1.7.0) (21.3)
Requirement already satisfied: networkx>=2.2 in /exports/lkeb-hpc/smaijer/venv_environments/pancreas/lib/python3.10/site-packages (from scikit-image>=0.14->nnunet==1.7.0) (2.8.4)
Requirement already satisfied: imageio>=2.4.1 in /exports/lkeb-hpc/smaijer/venv_environments/pancreas/lib/python3.10/site-packages (from scikit-image>=0.14->nnunet==1.7.0) (2.19.3)
Requirement already satisfied: PyWavelets>=1.1.1 in /exports/lkeb-hpc/smaijer/venv_environments/pancreas/lib/python3.10/site-packages (from scikit-image>=0.14->nnunet==1.7.0) (1.3.0)
Requirement already satisfied: pyparsing!=3.0.5,>=2.0.2 in /exports/lkeb-hpc/smaijer/venv_environments/pancreas/lib/python3.10/site-packages (from packaging>=20.0->scikit-image>=0.14->nnunet==1.7.0) (3.0.9)
Requirement already satisfied: typing-extensions in /exports/lkeb-hpc/smaijer/venv_environments/pancreas/lib/python3.10/site-packages (from torch>1.10.0->nnunet==1.7.0) (4.2.0)
Requirement already satisfied: pydicom>=1.3.0 in /exports/lkeb-hpc/smaijer/venv_environments/pancreas/lib/python3.10/site-packages (from dicom2nifti->nnunet==1.7.0) (2.3.0)
Requirement already satisfied: fonttools>=4.22.0 in /exports/lkeb-hpc/smaijer/venv_environments/pancreas/lib/python3.10/site-packages (from matplotlib->nnunet==1.7.0) (4.33.3)
Requirement already satisfied: kiwisolver>=1.0.1 in /exports/lkeb-hpc/smaijer/venv_environments/pancreas/lib/python3.10/site-packages (from matplotlib->nnunet==1.7.0) (1.4.3)
Requirement already satisfied: python-dateutil>=2.7 in /exports/lkeb-hpc/smaijer/venv_environments/pancreas/lib/python3.10/site-packages (from matplotlib->nnunet==1.7.0) (2.8.2)
Requirement already satisfied: cycler>=0.10 in /exports/lkeb-hpc/smaijer/venv_environments/pancreas/lib/python3.10/site-packages (from matplotlib->nnunet==1.7.0) (0.11.0)
Requirement already satisfied: six>=1.5 in /exports/lkeb-hpc/smaijer/venv_environments/pancreas/lib/python3.10/site-packages (from python-dateutil>=2.7->matplotlib->nnunet==1.7.0) (1.16.0)
Requirement already satisfied: setuptools in /exports/lkeb-hpc/smaijer/venv_environments/pancreas/lib/python3.10/site-packages (from nibabel->nnunet==1.7.0) (58.1.0)
Requirement already satisfied: pytz>=2020.1 in /exports/lkeb-hpc/smaijer/venv_environments/pancreas/lib/python3.10/site-packages (from pandas->nnunet==1.7.0) (2022.1)
Requirement already satisfied: idna<4,>=2.5 in /exports/lkeb-hpc/smaijer/venv_environments/pancreas/lib/python3.10/site-packages (from requests->nnunet==1.7.0) (3.3)
Requirement already satisfied: urllib3<1.27,>=1.21.1 in /exports/lkeb-hpc/smaijer/venv_environments/pancreas/lib/python3.10/site-packages (from requests->nnunet==1.7.0) (1.26.9)
Requirement already satisfied: charset-normalizer~=2.0.0 in /exports/lkeb-hpc/smaijer/venv_environments/pancreas/lib/python3.10/site-packages (from requests->nnunet==1.7.0) (2.0.12)
Requirement already satisfied: certifi>=2017.4.17 in /exports/lkeb-hpc/smaijer/venv_environments/pancreas/lib/python3.10/site-packages (from requests->nnunet==1.7.0) (2022.6.15)
Requirement already satisfied: joblib>=1.0.0 in /exports/lkeb-hpc/smaijer/venv_environments/pancreas/lib/python3.10/site-packages (from scikit-learn->batchgenerators>=0.23->nnunet==1.7.0) (1.1.0)
Requirement already satisfied: traceback2 in /exports/lkeb-hpc/smaijer/venv_environments/pancreas/lib/python3.10/site-packages (from unittest2->batchgenerators>=0.23->nnunet==1.7.0) (1.4.0)
Collecting argparse
  Using cached argparse-1.4.0-py2.py3-none-any.whl (23 kB)
Requirement already satisfied: linecache2 in /exports/lkeb-hpc/smaijer/venv_environments/pancreas/lib/python3.10/site-packages (from traceback2->unittest2->batchgenerators>=0.23->nnunet==1.7.0) (1.0.0)
Installing collected packages: argparse, nnunet
  Attempting uninstall: nnunet
    Found existing installation: nnunet 1.7.0
    Uninstalling nnunet-1.7.0:
      Successfully uninstalled nnunet-1.7.0
  Running setup.py develop for nnunet
Successfully installed argparse-1.4.0 nnunet-1.7.0


Please cite the following paper when using nnUNet:

Isensee, F., Jaeger, P.F., Kohl, S.A.A. et al. "nnU-Net: a self-configuring method for deep learning-based biomedical image segmentation." Nat Methods (2020). https://doi.org/10.1038/s41592-020-01008-z


If you have questions or suggestions, feel free to open an issue at https://github.com/MIC-DKFZ/nnUNet

Suus0 - run_training. Args:
Namespace(network='3d_fullres', network_trainer='nnUNetTrainerV2', task='535', fold='0', validation_only=False, continue_training=True, p='nnUNetPlansv2.1', use_compressed_data=False, deterministic=False, npz=False, find_lr=False, valbest=False, fp32=False, val_folder='validation_raw', disable_saving=False, disable_postprocessing_on_folds=False, val_disable_overwrite=True, disable_next_stage_pred=False, pretrained_weights=None)
###############################################
I am running the following nnUNet: 3d_fullres
My trainer class is:  <class 'nnunet.training.network_training.nnUNetTrainerV2.nnUNetTrainerV2'>
For that I will be using the following configuration:
num_classes:  15
modalities:  {0: 'CT'}
use_mask_for_norm OrderedDict([(0, False)])
keep_only_largest_region None
min_region_size_per_class None
min_size_per_class None
normalization_schemes OrderedDict([(0, 'CT')])
stages...

stage:  0
{'batch_size': 2, 'num_pool_per_axis': [4, 5, 5], 'patch_size': array([ 80, 160, 160]), 'median_patient_size_in_voxels': array([141, 240, 240]), 'current_spacing': array([3.32215628, 1.6685856 , 1.6685856 ]), 'original_spacing': array([2.        , 0.68825001, 0.68825001]), 'do_dummy_2D_data_aug': False, 'pool_op_kernel_sizes': [[2, 2, 2], [2, 2, 2], [2, 2, 2], [2, 2, 2], [1, 2, 2]], 'conv_kernel_sizes': [[3, 3, 3], [3, 3, 3], [3, 3, 3], [3, 3, 3], [3, 3, 3], [3, 3, 3]]}

stage:  1
{'batch_size': 2, 'num_pool_per_axis': [4, 5, 5], 'patch_size': array([ 64, 160, 160]), 'median_patient_size_in_voxels': array([235, 582, 582]), 'current_spacing': array([2.        , 0.68825001, 0.68825001]), 'original_spacing': array([2.        , 0.68825001, 0.68825001]), 'do_dummy_2D_data_aug': False, 'pool_op_kernel_sizes': [[1, 2, 2], [2, 2, 2], [2, 2, 2], [2, 2, 2], [2, 2, 2]], 'conv_kernel_sizes': [[1, 3, 3], [3, 3, 3], [3, 3, 3], [3, 3, 3], [3, 3, 3], [3, 3, 3]]}

I am using stage 1 from these plans
I am using batch dice + CE loss

I am using data from this folder:  /exports/lkeb-hpc/smaijer/data/nnUNet_preprocessed/Task535/nnUNetData_plans_v2.1
###############################################
Suus1 - Initialise de NetworkTrainer
Suus2 - Initialise de nnUNetTrainer
Suus3 - Initialise de nnUNetTrainerV2
Suus4 - Initialise de trainer echt
Suus5 - zet de plans properties
Suus6 - Zet de data augmentation params
Suus7 - zet deep supervision weights die de meerdere outputs prioriteit geven
loading dataset
loading all case properties
2022-06-28 18:11:16.114162: Using splits from existing split file: /exports/lkeb-hpc/smaijer/data/nnUNet_preprocessed/Task535/splits_final.pkl
2022-06-28 18:11:16.138347: The split file contains 5 splits.
2022-06-28 18:11:16.140759: Desired fold for training: 0
2022-06-28 18:11:16.142938: This split has 160 training and 40 validation cases.
unpacking dataset
done
Suus8 - Maak network aan (BELANGRIJK!)
SuusB - first stride 
Suus10 - StackedConvLayers, input: 1 en output: 32, first_stride: None, num_convs: 2, conv_kwargs: {'stride': 1, 'dilation': 1, 'bias': True, 'kernel_size': [1, 3, 3], 'padding': [0, 1, 1]}
SuusA - first_stride [1, 2, 2]
Suus10 - StackedConvLayers, input: 32 en output: 64, first_stride: [1, 2, 2], num_convs: 2, conv_kwargs: {'stride': 1, 'dilation': 1, 'bias': True, 'kernel_size': [3, 3, 3], 'padding': [1, 1, 1]}
SuusA - first_stride [2, 2, 2]
Suus10 - StackedConvLayers, input: 64 en output: 128, first_stride: [2, 2, 2], num_convs: 2, conv_kwargs: {'stride': 1, 'dilation': 1, 'bias': True, 'kernel_size': [3, 3, 3], 'padding': [1, 1, 1]}
SuusA - first_stride [2, 2, 2]
Suus10 - StackedConvLayers, input: 128 en output: 256, first_stride: [2, 2, 2], num_convs: 2, conv_kwargs: {'stride': 1, 'dilation': 1, 'bias': True, 'kernel_size': [3, 3, 3], 'padding': [1, 1, 1]}
SuusA - first_stride [2, 2, 2]
Suus10 - StackedConvLayers, input: 256 en output: 320, first_stride: [2, 2, 2], num_convs: 2, conv_kwargs: {'stride': 1, 'dilation': 1, 'bias': True, 'kernel_size': [3, 3, 3], 'padding': [1, 1, 1]}
Suus10 - StackedConvLayers, input: 320 en output: 320, first_stride: [2, 2, 2], num_convs: 1, conv_kwargs: {'stride': 1, 'dilation': 1, 'bias': True, 'kernel_size': [3, 3, 3], 'padding': [1, 1, 1]}
Suus10 - StackedConvLayers, input: 320 en output: 320, first_stride: None, num_convs: 1, conv_kwargs: {'stride': 1, 'dilation': 1, 'bias': True, 'kernel_size': [3, 3, 3], 'padding': [1, 1, 1]}
Suus10 - StackedConvLayers, input: 640 en output: 320, first_stride: None, num_convs: 1, conv_kwargs: {'stride': 1, 'dilation': 1, 'bias': True, 'kernel_size': [3, 3, 3], 'padding': [1, 1, 1]}
Suus10 - StackedConvLayers, input: 320 en output: 320, first_stride: None, num_convs: 1, conv_kwargs: {'stride': 1, 'dilation': 1, 'bias': True, 'kernel_size': [3, 3, 3], 'padding': [1, 1, 1]}
Suus10 - StackedConvLayers, input: 512 en output: 256, first_stride: None, num_convs: 1, conv_kwargs: {'stride': 1, 'dilation': 1, 'bias': True, 'kernel_size': [3, 3, 3], 'padding': [1, 1, 1]}
Suus10 - StackedConvLayers, input: 256 en output: 256, first_stride: None, num_convs: 1, conv_kwargs: {'stride': 1, 'dilation': 1, 'bias': True, 'kernel_size': [3, 3, 3], 'padding': [1, 1, 1]}
Suus10 - StackedConvLayers, input: 256 en output: 128, first_stride: None, num_convs: 1, conv_kwargs: {'stride': 1, 'dilation': 1, 'bias': True, 'kernel_size': [3, 3, 3], 'padding': [1, 1, 1]}
Suus10 - StackedConvLayers, input: 128 en output: 128, first_stride: None, num_convs: 1, conv_kwargs: {'stride': 1, 'dilation': 1, 'bias': True, 'kernel_size': [3, 3, 3], 'padding': [1, 1, 1]}
Suus10 - StackedConvLayers, input: 128 en output: 64, first_stride: None, num_convs: 1, conv_kwargs: {'stride': 1, 'dilation': 1, 'bias': True, 'kernel_size': [3, 3, 3], 'padding': [1, 1, 1]}
Suus10 - StackedConvLayers, input: 64 en output: 64, first_stride: None, num_convs: 1, conv_kwargs: {'stride': 1, 'dilation': 1, 'bias': True, 'kernel_size': [3, 3, 3], 'padding': [1, 1, 1]}
Suus10 - StackedConvLayers, input: 64 en output: 32, first_stride: None, num_convs: 1, conv_kwargs: {'stride': 1, 'dilation': 1, 'bias': True, 'kernel_size': [3, 3, 3], 'padding': [1, 1, 1]}
Suus10 - StackedConvLayers, input: 32 en output: 32, first_stride: None, num_convs: 1, conv_kwargs: {'stride': 1, 'dilation': 1, 'bias': True, 'kernel_size': [3, 3, 3], 'padding': [1, 1, 1]}
Generic_UNet(
  (encoder): Generic_UNETEncoder()
  (decoder): Generic_UNETDecoder()
  (conv_blocks_localization): ModuleList(
    (0): Sequential(
      (0): StackedConvLayers(
        (blocks): Sequential(
          (0): ConvDropoutNormNonlin(
            (conv): Conv3d(640, 320, kernel_size=(3, 3, 3), stride=(1, 1, 1), padding=(1, 1, 1))
            (instnorm): InstanceNorm3d(320, eps=1e-05, momentum=0.1, affine=True, track_running_stats=False)
            (lrelu): LeakyReLU(negative_slope=0.01, inplace=True)
          )
        )
      )
      (1): StackedConvLayers(
        (blocks): Sequential(
          (0): ConvDropoutNormNonlin(
            (conv): Conv3d(320, 320, kernel_size=(3, 3, 3), stride=(1, 1, 1), padding=(1, 1, 1))
            (instnorm): InstanceNorm3d(320, eps=1e-05, momentum=0.1, affine=True, track_running_stats=False)
            (lrelu): LeakyReLU(negative_slope=0.01, inplace=True)
          )
        )
      )
    )
    (1): Sequential(
      (0): StackedConvLayers(
        (blocks): Sequential(
          (0): ConvDropoutNormNonlin(
            (conv): Conv3d(512, 256, kernel_size=(3, 3, 3), stride=(1, 1, 1), padding=(1, 1, 1))
            (instnorm): InstanceNorm3d(256, eps=1e-05, momentum=0.1, affine=True, track_running_stats=False)
            (lrelu): LeakyReLU(negative_slope=0.01, inplace=True)
          )
        )
      )
      (1): StackedConvLayers(
        (blocks): Sequential(
          (0): ConvDropoutNormNonlin(
            (conv): Conv3d(256, 256, kernel_size=(3, 3, 3), stride=(1, 1, 1), padding=(1, 1, 1))
            (instnorm): InstanceNorm3d(256, eps=1e-05, momentum=0.1, affine=True, track_running_stats=False)
            (lrelu): LeakyReLU(negative_slope=0.01, inplace=True)
          )
        )
      )
    )
    (2): Sequential(
      (0): StackedConvLayers(
        (blocks): Sequential(
          (0): ConvDropoutNormNonlin(
            (conv): Conv3d(256, 128, kernel_size=(3, 3, 3), stride=(1, 1, 1), padding=(1, 1, 1))
            (instnorm): InstanceNorm3d(128, eps=1e-05, momentum=0.1, affine=True, track_running_stats=False)
            (lrelu): LeakyReLU(negative_slope=0.01, inplace=True)
          )
        )
      )
      (1): StackedConvLayers(
        (blocks): Sequential(
          (0): ConvDropoutNormNonlin(
            (conv): Conv3d(128, 128, kernel_size=(3, 3, 3), stride=(1, 1, 1), padding=(1, 1, 1))
            (instnorm): InstanceNorm3d(128, eps=1e-05, momentum=0.1, affine=True, track_running_stats=False)
            (lrelu): LeakyReLU(negative_slope=0.01, inplace=True)
          )
        )
      )
    )
    (3): Sequential(
      (0): StackedConvLayers(
        (blocks): Sequential(
          (0): ConvDropoutNormNonlin(
            (conv): Conv3d(128, 64, kernel_size=(3, 3, 3), stride=(1, 1, 1), padding=(1, 1, 1))
            (instnorm): InstanceNorm3d(64, eps=1e-05, momentum=0.1, affine=True, track_running_stats=False)
            (lrelu): LeakyReLU(negative_slope=0.01, inplace=True)
          )
        )
      )
      (1): StackedConvLayers(
        (blocks): Sequential(
          (0): ConvDropoutNormNonlin(
            (conv): Conv3d(64, 64, kernel_size=(3, 3, 3), stride=(1, 1, 1), padding=(1, 1, 1))
            (instnorm): InstanceNorm3d(64, eps=1e-05, momentum=0.1, affine=True, track_running_stats=False)
            (lrelu): LeakyReLU(negative_slope=0.01, inplace=True)
          )
        )
      )
    )
    (4): Sequential(
      (0): StackedConvLayers(
        (blocks): Sequential(
          (0): ConvDropoutNormNonlin(
            (conv): Conv3d(64, 32, kernel_size=(3, 3, 3), stride=(1, 1, 1), padding=(1, 1, 1))
            (instnorm): InstanceNorm3d(32, eps=1e-05, momentum=0.1, affine=True, track_running_stats=False)
            (lrelu): LeakyReLU(negative_slope=0.01, inplace=True)
          )
        )
      )
      (1): StackedConvLayers(
        (blocks): Sequential(
          (0): ConvDropoutNormNonlin(
            (conv): Conv3d(32, 32, kernel_size=(3, 3, 3), stride=(1, 1, 1), padding=(1, 1, 1))
            (instnorm): InstanceNorm3d(32, eps=1e-05, momentum=0.1, affine=True, track_running_stats=False)
            (lrelu): LeakyReLU(negative_slope=0.01, inplace=True)
          )
        )
      )
    )
  )
  (conv_blocks_context): ModuleList(
    (0): StackedConvLayers(
      (blocks): Sequential(
        (0): ConvDropoutNormNonlin(
          (conv): Conv3d(1, 32, kernel_size=(1, 3, 3), stride=(1, 1, 1), padding=(0, 1, 1))
          (instnorm): InstanceNorm3d(32, eps=1e-05, momentum=0.1, affine=True, track_running_stats=False)
          (lrelu): LeakyReLU(negative_slope=0.01, inplace=True)
        )
        (1): ConvDropoutNormNonlin(
          (conv): Conv3d(32, 32, kernel_size=(1, 3, 3), stride=(1, 1, 1), padding=(0, 1, 1))
          (instnorm): InstanceNorm3d(32, eps=1e-05, momentum=0.1, affine=True, track_running_stats=False)
          (lrelu): LeakyReLU(negative_slope=0.01, inplace=True)
        )
      )
    )
    (1): StackedConvLayers(
      (blocks): Sequential(
        (0): ConvDropoutNormNonlin(
          (conv): Conv3d(32, 64, kernel_size=(3, 3, 3), stride=(1, 2, 2), padding=(1, 1, 1))
          (instnorm): InstanceNorm3d(64, eps=1e-05, momentum=0.1, affine=True, track_running_stats=False)
          (lrelu): LeakyReLU(negative_slope=0.01, inplace=True)
        )
        (1): ConvDropoutNormNonlin(
          (conv): Conv3d(64, 64, kernel_size=(3, 3, 3), stride=(1, 1, 1), padding=(1, 1, 1))
          (instnorm): InstanceNorm3d(64, eps=1e-05, momentum=0.1, affine=True, track_running_stats=False)
          (lrelu): LeakyReLU(negative_slope=0.01, inplace=True)
        )
      )
    )
    (2): StackedConvLayers(
      (blocks): Sequential(
        (0): ConvDropoutNormNonlin(
          (conv): Conv3d(64, 128, kernel_size=(3, 3, 3), stride=(2, 2, 2), padding=(1, 1, 1))
          (instnorm): InstanceNorm3d(128, eps=1e-05, momentum=0.1, affine=True, track_running_stats=False)
          (lrelu): LeakyReLU(negative_slope=0.01, inplace=True)
        )
        (1): ConvDropoutNormNonlin(
          (conv): Conv3d(128, 128, kernel_size=(3, 3, 3), stride=(1, 1, 1), padding=(1, 1, 1))
          (instnorm): InstanceNorm3d(128, eps=1e-05, momentum=0.1, affine=True, track_running_stats=False)
          (lrelu): LeakyReLU(negative_slope=0.01, inplace=True)
        )
      )
    )
    (3): StackedConvLayers(
      (blocks): Sequential(
        (0): ConvDropoutNormNonlin(
          (conv): Conv3d(128, 256, kernel_size=(3, 3, 3), stride=(2, 2, 2), padding=(1, 1, 1))
          (instnorm): InstanceNorm3d(256, eps=1e-05, momentum=0.1, affine=True, track_running_stats=False)
          (lrelu): LeakyReLU(negative_slope=0.01, inplace=True)
        )
        (1): ConvDropoutNormNonlin(
          (conv): Conv3d(256, 256, kernel_size=(3, 3, 3), stride=(1, 1, 1), padding=(1, 1, 1))
          (instnorm): InstanceNorm3d(256, eps=1e-05, momentum=0.1, affine=True, track_running_stats=False)
          (lrelu): LeakyReLU(negative_slope=0.01, inplace=True)
        )
      )
    )
    (4): StackedConvLayers(
      (blocks): Sequential(
        (0): ConvDropoutNormNonlin(
          (conv): Conv3d(256, 320, kernel_size=(3, 3, 3), stride=(2, 2, 2), padding=(1, 1, 1))
          (instnorm): InstanceNorm3d(320, eps=1e-05, momentum=0.1, affine=True, track_running_stats=False)
          (lrelu): LeakyReLU(negative_slope=0.01, inplace=True)
        )
        (1): ConvDropoutNormNonlin(
          (conv): Conv3d(320, 320, kernel_size=(3, 3, 3), stride=(1, 1, 1), padding=(1, 1, 1))
          (instnorm): InstanceNorm3d(320, eps=1e-05, momentum=0.1, affine=True, track_running_stats=False)
          (lrelu): LeakyReLU(negative_slope=0.01, inplace=True)
        )
      )
    )
    (5): Sequential(
      (0): StackedConvLayers(
        (blocks): Sequential(
          (0): ConvDropoutNormNonlin(
            (conv): Conv3d(320, 320, kernel_size=(3, 3, 3), stride=(2, 2, 2), padding=(1, 1, 1))
            (instnorm): InstanceNorm3d(320, eps=1e-05, momentum=0.1, affine=True, track_running_stats=False)
            (lrelu): LeakyReLU(negative_slope=0.01, inplace=True)
          )
        )
      )
      (1): StackedConvLayers(
        (blocks): Sequential(
          (0): ConvDropoutNormNonlin(
            (conv): Conv3d(320, 320, kernel_size=(3, 3, 3), stride=(1, 1, 1), padding=(1, 1, 1))
            (instnorm): InstanceNorm3d(320, eps=1e-05, momentum=0.1, affine=True, track_running_stats=False)
            (lrelu): LeakyReLU(negative_slope=0.01, inplace=True)
          )
        )
      )
    )
  )
  (td): ModuleList()
  (tu): ModuleList(
    (0): ConvTranspose3d(320, 320, kernel_size=(2, 2, 2), stride=(2, 2, 2), bias=False)
    (1): ConvTranspose3d(320, 256, kernel_size=(2, 2, 2), stride=(2, 2, 2), bias=False)
    (2): ConvTranspose3d(256, 128, kernel_size=(2, 2, 2), stride=(2, 2, 2), bias=False)
    (3): ConvTranspose3d(128, 64, kernel_size=(2, 2, 2), stride=(2, 2, 2), bias=False)
    (4): ConvTranspose3d(64, 32, kernel_size=(1, 2, 2), stride=(1, 2, 2), bias=False)
  )
  (seg_outputs): ModuleList(
    (0): Conv3d(320, 16, kernel_size=(1, 1, 1), stride=(1, 1, 1), bias=False)
    (1): Conv3d(256, 16, kernel_size=(1, 1, 1), stride=(1, 1, 1), bias=False)
    (2): Conv3d(128, 16, kernel_size=(1, 1, 1), stride=(1, 1, 1), bias=False)
    (3): Conv3d(64, 16, kernel_size=(1, 1, 1), stride=(1, 1, 1), bias=False)
    (4): Conv3d(32, 16, kernel_size=(1, 1, 1), stride=(1, 1, 1), bias=False)
  )
)
SuusA - Load checkpoint (final, latest, best)
2022-06-28 18:11:41.147480: loading checkpoint /exports/lkeb-hpc/smaijer/results/nnUNet/3d_fullres/Task535/nnUNetTrainerV2__nnUNetPlansv2.1/fold_0/model_final_checkpoint.model train= True
SuusB run_training - zet learning rate als  
2022-06-28 18:11:49.867022: Suus1 maybe_update_lr lr: 0.0
SuusC - run_training!
using pin_memory on device 0
using pin_memory on device 0
2022-06-28 18:12:03.754260: Unable to plot network architecture:
2022-06-28 18:12:03.773567: No module named 'IPython'
2022-06-28 18:12:03.784102: 
printing the network instead:

2022-06-28 18:12:03.796772: Generic_UNet(
  (encoder): Generic_UNETEncoder()
  (decoder): Generic_UNETDecoder()
  (conv_blocks_localization): ModuleList(
    (0): Sequential(
      (0): StackedConvLayers(
        (blocks): Sequential(
          (0): ConvDropoutNormNonlin(
            (conv): Conv3d(640, 320, kernel_size=(3, 3, 3), stride=(1, 1, 1), padding=(1, 1, 1))
            (instnorm): InstanceNorm3d(320, eps=1e-05, momentum=0.1, affine=True, track_running_stats=False)
            (lrelu): LeakyReLU(negative_slope=0.01, inplace=True)
          )
        )
      )
      (1): StackedConvLayers(
        (blocks): Sequential(
          (0): ConvDropoutNormNonlin(
            (conv): Conv3d(320, 320, kernel_size=(3, 3, 3), stride=(1, 1, 1), padding=(1, 1, 1))
            (instnorm): InstanceNorm3d(320, eps=1e-05, momentum=0.1, affine=True, track_running_stats=False)
            (lrelu): LeakyReLU(negative_slope=0.01, inplace=True)
          )
        )
      )
    )
    (1): Sequential(
      (0): StackedConvLayers(
        (blocks): Sequential(
          (0): ConvDropoutNormNonlin(
            (conv): Conv3d(512, 256, kernel_size=(3, 3, 3), stride=(1, 1, 1), padding=(1, 1, 1))
            (instnorm): InstanceNorm3d(256, eps=1e-05, momentum=0.1, affine=True, track_running_stats=False)
            (lrelu): LeakyReLU(negative_slope=0.01, inplace=True)
          )
        )
      )
      (1): StackedConvLayers(
        (blocks): Sequential(
          (0): ConvDropoutNormNonlin(
            (conv): Conv3d(256, 256, kernel_size=(3, 3, 3), stride=(1, 1, 1), padding=(1, 1, 1))
            (instnorm): InstanceNorm3d(256, eps=1e-05, momentum=0.1, affine=True, track_running_stats=False)
            (lrelu): LeakyReLU(negative_slope=0.01, inplace=True)
          )
        )
      )
    )
    (2): Sequential(
      (0): StackedConvLayers(
        (blocks): Sequential(
          (0): ConvDropoutNormNonlin(
            (conv): Conv3d(256, 128, kernel_size=(3, 3, 3), stride=(1, 1, 1), padding=(1, 1, 1))
            (instnorm): InstanceNorm3d(128, eps=1e-05, momentum=0.1, affine=True, track_running_stats=False)
            (lrelu): LeakyReLU(negative_slope=0.01, inplace=True)
          )
        )
      )
      (1): StackedConvLayers(
        (blocks): Sequential(
          (0): ConvDropoutNormNonlin(
            (conv): Conv3d(128, 128, kernel_size=(3, 3, 3), stride=(1, 1, 1), padding=(1, 1, 1))
            (instnorm): InstanceNorm3d(128, eps=1e-05, momentum=0.1, affine=True, track_running_stats=False)
            (lrelu): LeakyReLU(negative_slope=0.01, inplace=True)
          )
        )
      )
    )
    (3): Sequential(
      (0): StackedConvLayers(
        (blocks): Sequential(
          (0): ConvDropoutNormNonlin(
            (conv): Conv3d(128, 64, kernel_size=(3, 3, 3), stride=(1, 1, 1), padding=(1, 1, 1))
            (instnorm): InstanceNorm3d(64, eps=1e-05, momentum=0.1, affine=True, track_running_stats=False)
            (lrelu): LeakyReLU(negative_slope=0.01, inplace=True)
          )
        )
      )
      (1): StackedConvLayers(
        (blocks): Sequential(
          (0): ConvDropoutNormNonlin(
            (conv): Conv3d(64, 64, kernel_size=(3, 3, 3), stride=(1, 1, 1), padding=(1, 1, 1))
            (instnorm): InstanceNorm3d(64, eps=1e-05, momentum=0.1, affine=True, track_running_stats=False)
            (lrelu): LeakyReLU(negative_slope=0.01, inplace=True)
          )
        )
      )
    )
    (4): Sequential(
      (0): StackedConvLayers(
        (blocks): Sequential(
          (0): ConvDropoutNormNonlin(
            (conv): Conv3d(64, 32, kernel_size=(3, 3, 3), stride=(1, 1, 1), padding=(1, 1, 1))
            (instnorm): InstanceNorm3d(32, eps=1e-05, momentum=0.1, affine=True, track_running_stats=False)
            (lrelu): LeakyReLU(negative_slope=0.01, inplace=True)
          )
        )
      )
      (1): StackedConvLayers(
        (blocks): Sequential(
          (0): ConvDropoutNormNonlin(
            (conv): Conv3d(32, 32, kernel_size=(3, 3, 3), stride=(1, 1, 1), padding=(1, 1, 1))
            (instnorm): InstanceNorm3d(32, eps=1e-05, momentum=0.1, affine=True, track_running_stats=False)
            (lrelu): LeakyReLU(negative_slope=0.01, inplace=True)
          )
        )
      )
    )
  )
  (conv_blocks_context): ModuleList(
    (0): StackedConvLayers(
      (blocks): Sequential(
        (0): ConvDropoutNormNonlin(
          (conv): Conv3d(1, 32, kernel_size=(1, 3, 3), stride=(1, 1, 1), padding=(0, 1, 1))
          (instnorm): InstanceNorm3d(32, eps=1e-05, momentum=0.1, affine=True, track_running_stats=False)
          (lrelu): LeakyReLU(negative_slope=0.01, inplace=True)
        )
        (1): ConvDropoutNormNonlin(
          (conv): Conv3d(32, 32, kernel_size=(1, 3, 3), stride=(1, 1, 1), padding=(0, 1, 1))
          (instnorm): InstanceNorm3d(32, eps=1e-05, momentum=0.1, affine=True, track_running_stats=False)
          (lrelu): LeakyReLU(negative_slope=0.01, inplace=True)
        )
      )
    )
    (1): StackedConvLayers(
      (blocks): Sequential(
        (0): ConvDropoutNormNonlin(
          (conv): Conv3d(32, 64, kernel_size=(3, 3, 3), stride=(1, 2, 2), padding=(1, 1, 1))
          (instnorm): InstanceNorm3d(64, eps=1e-05, momentum=0.1, affine=True, track_running_stats=False)
          (lrelu): LeakyReLU(negative_slope=0.01, inplace=True)
        )
        (1): ConvDropoutNormNonlin(
          (conv): Conv3d(64, 64, kernel_size=(3, 3, 3), stride=(1, 1, 1), padding=(1, 1, 1))
          (instnorm): InstanceNorm3d(64, eps=1e-05, momentum=0.1, affine=True, track_running_stats=False)
          (lrelu): LeakyReLU(negative_slope=0.01, inplace=True)
        )
      )
    )
    (2): StackedConvLayers(
      (blocks): Sequential(
        (0): ConvDropoutNormNonlin(
          (conv): Conv3d(64, 128, kernel_size=(3, 3, 3), stride=(2, 2, 2), padding=(1, 1, 1))
          (instnorm): InstanceNorm3d(128, eps=1e-05, momentum=0.1, affine=True, track_running_stats=False)
          (lrelu): LeakyReLU(negative_slope=0.01, inplace=True)
        )
        (1): ConvDropoutNormNonlin(
          (conv): Conv3d(128, 128, kernel_size=(3, 3, 3), stride=(1, 1, 1), padding=(1, 1, 1))
          (instnorm): InstanceNorm3d(128, eps=1e-05, momentum=0.1, affine=True, track_running_stats=False)
          (lrelu): LeakyReLU(negative_slope=0.01, inplace=True)
        )
      )
    )
    (3): StackedConvLayers(
      (blocks): Sequential(
        (0): ConvDropoutNormNonlin(
          (conv): Conv3d(128, 256, kernel_size=(3, 3, 3), stride=(2, 2, 2), padding=(1, 1, 1))
          (instnorm): InstanceNorm3d(256, eps=1e-05, momentum=0.1, affine=True, track_running_stats=False)
          (lrelu): LeakyReLU(negative_slope=0.01, inplace=True)
        )
        (1): ConvDropoutNormNonlin(
          (conv): Conv3d(256, 256, kernel_size=(3, 3, 3), stride=(1, 1, 1), padding=(1, 1, 1))
          (instnorm): InstanceNorm3d(256, eps=1e-05, momentum=0.1, affine=True, track_running_stats=False)
          (lrelu): LeakyReLU(negative_slope=0.01, inplace=True)
        )
      )
    )
    (4): StackedConvLayers(
      (blocks): Sequential(
        (0): ConvDropoutNormNonlin(
          (conv): Conv3d(256, 320, kernel_size=(3, 3, 3), stride=(2, 2, 2), padding=(1, 1, 1))
          (instnorm): InstanceNorm3d(320, eps=1e-05, momentum=0.1, affine=True, track_running_stats=False)
          (lrelu): LeakyReLU(negative_slope=0.01, inplace=True)
        )
        (1): ConvDropoutNormNonlin(
          (conv): Conv3d(320, 320, kernel_size=(3, 3, 3), stride=(1, 1, 1), padding=(1, 1, 1))
          (instnorm): InstanceNorm3d(320, eps=1e-05, momentum=0.1, affine=True, track_running_stats=False)
          (lrelu): LeakyReLU(negative_slope=0.01, inplace=True)
        )
      )
    )
    (5): Sequential(
      (0): StackedConvLayers(
        (blocks): Sequential(
          (0): ConvDropoutNormNonlin(
            (conv): Conv3d(320, 320, kernel_size=(3, 3, 3), stride=(2, 2, 2), padding=(1, 1, 1))
            (instnorm): InstanceNorm3d(320, eps=1e-05, momentum=0.1, affine=True, track_running_stats=False)
            (lrelu): LeakyReLU(negative_slope=0.01, inplace=True)
          )
        )
      )
      (1): StackedConvLayers(
        (blocks): Sequential(
          (0): ConvDropoutNormNonlin(
            (conv): Conv3d(320, 320, kernel_size=(3, 3, 3), stride=(1, 1, 1), padding=(1, 1, 1))
            (instnorm): InstanceNorm3d(320, eps=1e-05, momentum=0.1, affine=True, track_running_stats=False)
            (lrelu): LeakyReLU(negative_slope=0.01, inplace=True)
          )
        )
      )
    )
  )
  (td): ModuleList()
  (tu): ModuleList(
    (0): ConvTranspose3d(320, 320, kernel_size=(2, 2, 2), stride=(2, 2, 2), bias=False)
    (1): ConvTranspose3d(320, 256, kernel_size=(2, 2, 2), stride=(2, 2, 2), bias=False)
    (2): ConvTranspose3d(256, 128, kernel_size=(2, 2, 2), stride=(2, 2, 2), bias=False)
    (3): ConvTranspose3d(128, 64, kernel_size=(2, 2, 2), stride=(2, 2, 2), bias=False)
    (4): ConvTranspose3d(64, 32, kernel_size=(1, 2, 2), stride=(1, 2, 2), bias=False)
  )
  (seg_outputs): ModuleList(
    (0): Conv3d(320, 16, kernel_size=(1, 1, 1), stride=(1, 1, 1), bias=False)
    (1): Conv3d(256, 16, kernel_size=(1, 1, 1), stride=(1, 1, 1), bias=False)
    (2): Conv3d(128, 16, kernel_size=(1, 1, 1), stride=(1, 1, 1), bias=False)
    (3): Conv3d(64, 16, kernel_size=(1, 1, 1), stride=(1, 1, 1), bias=False)
    (4): Conv3d(32, 16, kernel_size=(1, 1, 1), stride=(1, 1, 1), bias=False)
  )
)
2022-06-28 18:12:03.811547: 

2022-06-28 18:12:03.938629: saving checkpoint...
2022-06-28 18:12:06.499851: done, saving took 2.68 seconds
panc_0016 (2, 228, 582, 582)
debug: mirroring True mirror_axes (0, 1, 2)
step_size: 0.5
do mirror: True
data shape: (1, 228, 582, 582)
patch size: [ 64 160 160]
steps (x, y, and z): [[0, 27, 55, 82, 109, 137, 164], [0, 70, 141, 211, 281, 352, 422], [0, 70, 141, 211, 281, 352, 422]]
number of tiles: 343
computing Gaussian
done
prediction done
panc_0025 (2, 202, 582, 582)
debug: mirroring True mirror_axes (0, 1, 2)
step_size: 0.5
do mirror: True
data shape: (1, 202, 582, 582)
patch size: [ 64 160 160]
steps (x, y, and z): [[0, 28, 55, 83, 110, 138], [0, 70, 141, 211, 281, 352, 422], [0, 70, 141, 211, 281, 352, 422]]
number of tiles: 294
using precomputed Gaussian
prediction done
panc_0027 (2, 310, 582, 582)
debug: mirroring True mirror_axes (0, 1, 2)
step_size: 0.5
do mirror: True
data shape: (1, 310, 582, 582)
patch size: [ 64 160 160]
steps (x, y, and z): [[0, 31, 62, 92, 123, 154, 184, 215, 246], [0, 70, 141, 211, 281, 352, 422], [0, 70, 141, 211, 281, 352, 422]]
number of tiles: 441
using precomputed Gaussian
prediction done
panc_0035 (2, 232, 715, 715)
debug: mirroring True mirror_axes (0, 1, 2)
step_size: 0.5
do mirror: True
data shape: (1, 232, 715, 715)
patch size: [ 64 160 160]
steps (x, y, and z): [[0, 28, 56, 84, 112, 140, 168], [0, 79, 159, 238, 317, 396, 476, 555], [0, 79, 159, 238, 317, 396, 476, 555]]
number of tiles: 448
using precomputed Gaussian
prediction done
panc_0047 (2, 245, 657, 657)
debug: mirroring True mirror_axes (0, 1, 2)
step_size: 0.5
do mirror: True
data shape: (1, 245, 657, 657)
patch size: [ 64 160 160]
steps (x, y, and z): [[0, 30, 60, 90, 121, 151, 181], [0, 71, 142, 213, 284, 355, 426, 497], [0, 71, 142, 213, 284, 355, 426, 497]]
number of tiles: 448
using precomputed Gaussian
prediction done
panc_0084 (2, 210, 582, 582)
debug: mirroring True mirror_axes (0, 1, 2)
step_size: 0.5
do mirror: True
data shape: (1, 210, 582, 582)
patch size: [ 64 160 160]
steps (x, y, and z): [[0, 29, 58, 88, 117, 146], [0, 70, 141, 211, 281, 352, 422], [0, 70, 141, 211, 281, 352, 422]]
number of tiles: 294
using precomputed Gaussian
prediction done
panc_0088 (2, 170, 556, 556)
debug: mirroring True mirror_axes (0, 1, 2)
step_size: 0.5
do mirror: True
data shape: (1, 170, 556, 556)
patch size: [ 64 160 160]
steps (x, y, and z): [[0, 26, 53, 80, 106], [0, 79, 158, 238, 317, 396], [0, 79, 158, 238, 317, 396]]
number of tiles: 180
using precomputed Gaussian
prediction done
Program finished with exit code 0 at: Tue Jun 28 18:10:07 CEST 2022
