
Currently Loaded Modules:
  1) tools/miniconda/python3.8/4.9.2

 

WARNING: overwriting environment variables set in the machine
overwriting variable nnUNet_raw_data_base nnUNet_preprocessed RESULTS_FOLDER OUTPUT
  Running command git clone -q https://github.com/FabianIsensee/hiddenlayer.git /tmp/pip-install-uro66nfw/hiddenlayer_8f2f20bede494630bbf0ca5c7841e579
  Running command git checkout -b more_plotted_details --track origin/more_plotted_details
  Switched to a new branch 'more_plotted_details'
  Branch 'more_plotted_details' set up to track remote branch 'more_plotted_details' from 'origin'.
Traceback (most recent call last):
  File "/home/smaijer/.conda/envs/nn/bin/nnUNet_train", line 33, in <module>
    sys.exit(load_entry_point('nnunet', 'console_scripts', 'nnUNet_train')())
  File "/home/smaijer/nnUNet/nnunet/run/run_training.py", line 164, in main
    trainer.initialize(not validation_only)
  File "/home/smaijer/nnUNet/nnunet/training/network_training/nnUNetTrainerV2.py", line 124, in initialize
    self.initialize_network()
  File "/home/smaijer/nnUNet/nnunet/training/network_training/nnUNetTrainerV2_Hybrid.py", line 43, in initialize_network
    self.network = Hybrid(self.num_input_channels, 
  File "/home/smaijer/nnUNet/nnunet/network_architecture/susy/hybrid.py", line 83, in __init__
    self.encoder = UNETREncoder(in_channels, img_size, num_pool_per_axis, feature_size, hidden_size, mlp_dim, num_heads, 
  File "/home/smaijer/nnUNet/nnunet/network_architecture/susy/unetr.py", line 83, in __init__
    if hidden_size % num_heads != 0:
TypeError: unsupported operand type(s) for %: 'int' and 'list'
