
Currently Loaded Modules:
  1) system/python/3.10.2

 

/var/spool/slurmd/job10997932/slurm_script: line 38: conda: command not found
  Running command git clone -q https://github.com/FabianIsensee/hiddenlayer.git /tmp/pip-install-ptxr5evt/hiddenlayer_5a2e9e8c79f44b60bc8033a6578179eb
  Running command git checkout -b more_plotted_details --track origin/more_plotted_details
  Switched to a new branch 'more_plotted_details'
  Branch 'more_plotted_details' set up to track remote branch 'more_plotted_details' from 'origin'.
WARNING: You are using pip version 21.2.4; however, version 22.2 is available.
You should consider upgrading via the '/exports/lkeb-hpc/smaijer/venv_environments/pancreasThesis/bin/python -m pip install --upgrade pip' command.
ERROR: ditable is not a valid editable requirement. It should either be a path to a local project or a VCS URL (beginning with bzr+http, bzr+https, bzr+ssh, bzr+sftp, bzr+ftp, bzr+lp, bzr+file, git+http, git+https, git+ssh, git+git, git+file, hg+file, hg+http, hg+https, hg+ssh, hg+static-http, svn+ssh, svn+http, svn+https, svn+svn, svn+file).
WARNING: You are using pip version 21.2.4; however, version 22.2 is available.
You should consider upgrading via the '/exports/lkeb-hpc/smaijer/venv_environments/pancreasThesis/bin/python -m pip install --upgrade pip' command.
/var/spool/slurmd/job10997932/slurm_script: line 45: [: ==: unary operator expected
/exports/lkeb-hpc/smaijer/venv_environments/pancreasThesis/lib/python3.10/site-packages/torch/optim/lr_scheduler.py:131: UserWarning: Detected call of `lr_scheduler.step()` before `optimizer.step()`. In PyTorch 1.1.0 and later, you should call them in the opposite order: `optimizer.step()` before `lr_scheduler.step()`.  Failure to do this will result in PyTorch skipping the first value of the learning rate schedule. See more details at https://pytorch.org/docs/stable/optim.html#how-to-adjust-learning-rate
  warnings.warn("Detected call of `lr_scheduler.step()` before `optimizer.step()`. "
/exports/lkeb-hpc/smaijer/venv_environments/pancreasThesis/lib/python3.10/site-packages/torch/optim/lr_scheduler.py:156: UserWarning: The epoch parameter in `scheduler.step()` was not necessary and is being deprecated where possible. Please use `scheduler.step()` to step the scheduler. During the deprecation, if epoch is different from None, the closed form is used instead of the new chainable form, where available. Please open an issue if you are unable to replicate your use case: https://github.com/pytorch/pytorch/issues/new/choose.
  warnings.warn(EPOCH_DEPRECATION_WARNING, UserWarning)
Exception in thread Thread-5 (results_loop):
Traceback (most recent call last):
  File "/share/software/system/python/3.10.2/lib/python3.10/threading.py", line 1009, in _bootstrap_inner
    self.run()
  File "/share/software/system/python/3.10.2/lib/python3.10/threading.py", line 946, in run
    self._target(*self._args, **self._kwargs)
  File "/exports/lkeb-hpc/smaijer/venv_environments/pancreasThesis/lib/python3.10/site-packages/batchgenerators/dataloading/multi_threaded_augmenter.py", line 92, in results_loop
Exception in thread Thread-4 (results_loop):
Traceback (most recent call last):
  File "/share/software/system/python/3.10.2/lib/python3.10/threading.py", line 1009, in _bootstrap_inner
    raise RuntimeError("Abort event was set. So someone died and we should end this madness. \nIMPORTANT: "
RuntimeError: Abort event was set. So someone died and we should end this madness. 
IMPORTANT: This is not the actual error message! Look further up to see what caused the error. Please also check whether your RAM was full
    self.run()
  File "/share/software/system/python/3.10.2/lib/python3.10/threading.py", line 946, in run
    self._target(*self._args, **self._kwargs)
  File "/exports/lkeb-hpc/smaijer/venv_environments/pancreasThesis/lib/python3.10/site-packages/batchgenerators/dataloading/multi_threaded_augmenter.py", line 92, in results_loop
    raise RuntimeError("Abort event was set. So someone died and we should end this madness. \nIMPORTANT: "
RuntimeError: Abort event was set. So someone died and we should end this madness. 
IMPORTANT: This is not the actual error message! Look further up to see what caused the error. Please also check whether your RAM was full
/exports/lkeb-hpc/smaijer/venv_environments/pancreasThesis/lib/python3.10/site-packages/torch/optim/lr_scheduler.py:131: UserWarning: Detected call of `lr_scheduler.step()` before `optimizer.step()`. In PyTorch 1.1.0 and later, you should call them in the opposite order: `optimizer.step()` before `lr_scheduler.step()`.  Failure to do this will result in PyTorch skipping the first value of the learning rate schedule. See more details at https://pytorch.org/docs/stable/optim.html#how-to-adjust-learning-rate
  warnings.warn("Detected call of `lr_scheduler.step()` before `optimizer.step()`. "
/exports/lkeb-hpc/smaijer/venv_environments/pancreasThesis/lib/python3.10/site-packages/torch/optim/lr_scheduler.py:156: UserWarning: The epoch parameter in `scheduler.step()` was not necessary and is being deprecated where possible. Please use `scheduler.step()` to step the scheduler. During the deprecation, if epoch is different from None, the closed form is used instead of the new chainable form, where available. Please open an issue if you are unable to replicate your use case: https://github.com/pytorch/pytorch/issues/new/choose.
  warnings.warn(EPOCH_DEPRECATION_WARNING, UserWarning)
Exception in thread Thread-4 (results_loop):
Traceback (most recent call last):
  File "/share/software/system/python/3.10.2/lib/python3.10/threading.py", line 1009, in _bootstrap_inner
    self.run()
  File "/share/software/system/python/3.10.2/lib/python3.10/threading.py", line 946, in run
Exception in thread Thread-5 (results_loop):
Traceback (most recent call last):
  File "/share/software/system/python/3.10.2/lib/python3.10/threading.py", line 1009, in _bootstrap_inner
    self.run()
  File "/share/software/system/python/3.10.2/lib/python3.10/threading.py", line 946, in run
    self._target(*self._args, **self._kwargs)
  File "/exports/lkeb-hpc/smaijer/venv_environments/pancreasThesis/lib/python3.10/site-packages/batchgenerators/dataloading/multi_threaded_augmenter.py", line 92, in results_loop
    raise RuntimeError("Abort event was set. So someone died and we should end this madness. \nIMPORTANT: "
RuntimeError: Abort event was set. So someone died and we should end this madness. 
IMPORTANT: This is not the actual error message! Look further up to see what caused the error. Please also check whether your RAM was full
    self._target(*self._args, **self._kwargs)
  File "/exports/lkeb-hpc/smaijer/venv_environments/pancreasThesis/lib/python3.10/site-packages/batchgenerators/dataloading/multi_threaded_augmenter.py", line 92, in results_loop
    raise RuntimeError("Abort event was set. So someone died and we should end this madness. \nIMPORTANT: "
RuntimeError: Abort event was set. So someone died and we should end this madness. 
IMPORTANT: This is not the actual error message! Look further up to see what caused the error. Please also check whether your RAM was full
/exports/lkeb-hpc/smaijer/venv_environments/pancreasThesis/lib/python3.10/site-packages/torch/optim/lr_scheduler.py:131: UserWarning: Detected call of `lr_scheduler.step()` before `optimizer.step()`. In PyTorch 1.1.0 and later, you should call them in the opposite order: `optimizer.step()` before `lr_scheduler.step()`.  Failure to do this will result in PyTorch skipping the first value of the learning rate schedule. See more details at https://pytorch.org/docs/stable/optim.html#how-to-adjust-learning-rate
  warnings.warn("Detected call of `lr_scheduler.step()` before `optimizer.step()`. "
/exports/lkeb-hpc/smaijer/venv_environments/pancreasThesis/lib/python3.10/site-packages/torch/optim/lr_scheduler.py:156: UserWarning: The epoch parameter in `scheduler.step()` was not necessary and is being deprecated where possible. Please use `scheduler.step()` to step the scheduler. During the deprecation, if epoch is different from None, the closed form is used instead of the new chainable form, where available. Please open an issue if you are unable to replicate your use case: https://github.com/pytorch/pytorch/issues/new/choose.
  warnings.warn(EPOCH_DEPRECATION_WARNING, UserWarning)
Exception in thread Thread-5 (results_loop):
Traceback (most recent call last):
  File "/share/software/system/python/3.10.2/lib/python3.10/threading.py", line 1009, in _bootstrap_inner
    self.run()
  File "/share/software/system/python/3.10.2/lib/python3.10/threading.py", line 946, in run
    self._target(*self._args, **self._kwargs)
  File "/exports/lkeb-hpc/smaijer/venv_environments/pancreasThesis/lib/python3.10/site-packages/batchgenerators/dataloading/multi_threaded_augmenter.py", line 92, in results_loop
    raise RuntimeError("Abort event was set. So someone died and we should end this madness. \nIMPORTANT: "
RuntimeError: Abort event was set. So someone died and we should end this madness. 
IMPORTANT: This is not the actual error message! Look further up to see what caused the error. Please also check whether your RAM was full
Exception in thread Thread-4 (results_loop):
Traceback (most recent call last):
  File "/share/software/system/python/3.10.2/lib/python3.10/threading.py", line 1009, in _bootstrap_inner
    self.run()
  File "/share/software/system/python/3.10.2/lib/python3.10/threading.py", line 946, in run
    self._target(*self._args, **self._kwargs)
  File "/exports/lkeb-hpc/smaijer/venv_environments/pancreasThesis/lib/python3.10/site-packages/batchgenerators/dataloading/multi_threaded_augmenter.py", line 92, in results_loop
    raise RuntimeError("Abort event was set. So someone died and we should end this madness. \nIMPORTANT: "
RuntimeError: Abort event was set. So someone died and we should end this madness. 
IMPORTANT: This is not the actual error message! Look further up to see what caused the error. Please also check whether your RAM was full
/exports/lkeb-hpc/smaijer/venv_environments/pancreasThesis/lib/python3.10/site-packages/torch/optim/lr_scheduler.py:131: UserWarning: Detected call of `lr_scheduler.step()` before `optimizer.step()`. In PyTorch 1.1.0 and later, you should call them in the opposite order: `optimizer.step()` before `lr_scheduler.step()`.  Failure to do this will result in PyTorch skipping the first value of the learning rate schedule. See more details at https://pytorch.org/docs/stable/optim.html#how-to-adjust-learning-rate
  warnings.warn("Detected call of `lr_scheduler.step()` before `optimizer.step()`. "
/exports/lkeb-hpc/smaijer/venv_environments/pancreasThesis/lib/python3.10/site-packages/torch/optim/lr_scheduler.py:156: UserWarning: The epoch parameter in `scheduler.step()` was not necessary and is being deprecated where possible. Please use `scheduler.step()` to step the scheduler. During the deprecation, if epoch is different from None, the closed form is used instead of the new chainable form, where available. Please open an issue if you are unable to replicate your use case: https://github.com/pytorch/pytorch/issues/new/choose.
  warnings.warn(EPOCH_DEPRECATION_WARNING, UserWarning)
Exception in thread Thread-5 (results_loop):
Traceback (most recent call last):
  File "/share/software/system/python/3.10.2/lib/python3.10/threading.py", line 1009, in _bootstrap_inner
Exception in thread Thread-4 (results_loop):
Traceback (most recent call last):
  File "/share/software/system/python/3.10.2/lib/python3.10/threading.py", line 1009, in _bootstrap_inner
    self.run()
  File "/share/software/system/python/3.10.2/lib/python3.10/threading.py", line 946, in run
    self._target(*self._args, **self._kwargs)
  File "/exports/lkeb-hpc/smaijer/venv_environments/pancreasThesis/lib/python3.10/site-packages/batchgenerators/dataloading/multi_threaded_augmenter.py", line 92, in results_loop
    self.run()
  File "/share/software/system/python/3.10.2/lib/python3.10/threading.py", line 946, in run
    raise RuntimeError("Abort event was set. So someone died and we should end this madness. \nIMPORTANT: "
RuntimeError: Abort event was set. So someone died and we should end this madness. 
IMPORTANT: This is not the actual error message! Look further up to see what caused the error. Please also check whether your RAM was full
    self._target(*self._args, **self._kwargs)
  File "/exports/lkeb-hpc/smaijer/venv_environments/pancreasThesis/lib/python3.10/site-packages/batchgenerators/dataloading/multi_threaded_augmenter.py", line 92, in results_loop
    raise RuntimeError("Abort event was set. So someone died and we should end this madness. \nIMPORTANT: "
RuntimeError: Abort event was set. So someone died and we should end this madness. 
IMPORTANT: This is not the actual error message! Look further up to see what caused the error. Please also check whether your RAM was full
/exports/lkeb-hpc/smaijer/venv_environments/pancreasThesis/lib/python3.10/site-packages/torch/optim/lr_scheduler.py:131: UserWarning: Detected call of `lr_scheduler.step()` before `optimizer.step()`. In PyTorch 1.1.0 and later, you should call them in the opposite order: `optimizer.step()` before `lr_scheduler.step()`.  Failure to do this will result in PyTorch skipping the first value of the learning rate schedule. See more details at https://pytorch.org/docs/stable/optim.html#how-to-adjust-learning-rate
  warnings.warn("Detected call of `lr_scheduler.step()` before `optimizer.step()`. "
/exports/lkeb-hpc/smaijer/venv_environments/pancreasThesis/lib/python3.10/site-packages/torch/optim/lr_scheduler.py:156: UserWarning: The epoch parameter in `scheduler.step()` was not necessary and is being deprecated where possible. Please use `scheduler.step()` to step the scheduler. During the deprecation, if epoch is different from None, the closed form is used instead of the new chainable form, where available. Please open an issue if you are unable to replicate your use case: https://github.com/pytorch/pytorch/issues/new/choose.
  warnings.warn(EPOCH_DEPRECATION_WARNING, UserWarning)
Exception in thread Thread-4 (results_loop):
Traceback (most recent call last):
  File "/share/software/system/python/3.10.2/lib/python3.10/threading.py", line 1009, in _bootstrap_inner
    self.run()
  File "/share/software/system/python/3.10.2/lib/python3.10/threading.py", line 946, in run
    self._target(*self._args, **self._kwargs)
  File "/exports/lkeb-hpc/smaijer/venv_environments/pancreasThesis/lib/python3.10/site-packages/batchgenerators/dataloading/multi_threaded_augmenter.py", line 92, in results_loop
    raise RuntimeError("Abort event was set. So someone died and we should end this madness. \nIMPORTANT: "
RuntimeError: Abort event was set. So someone died and we should end this madness. 
IMPORTANT: This is not the actual error message! Look further up to see what caused the error. Please also check whether your RAM was full
Exception in thread Thread-5 (results_loop):
Traceback (most recent call last):
  File "/share/software/system/python/3.10.2/lib/python3.10/threading.py", line 1009, in _bootstrap_inner
    self.run()
  File "/share/software/system/python/3.10.2/lib/python3.10/threading.py", line 946, in run
    self._target(*self._args, **self._kwargs)
  File "/exports/lkeb-hpc/smaijer/venv_environments/pancreasThesis/lib/python3.10/site-packages/batchgenerators/dataloading/multi_threaded_augmenter.py", line 92, in results_loop
    raise RuntimeError("Abort event was set. So someone died and we should end this madness. \nIMPORTANT: "
RuntimeError: Abort event was set. So someone died and we should end this madness. 
IMPORTANT: This is not the actual error message! Look further up to see what caused the error. Please also check whether your RAM was full
/exports/lkeb-hpc/smaijer/venv_environments/pancreasThesis/lib/python3.10/site-packages/torch/optim/lr_scheduler.py:156: UserWarning: The epoch parameter in `scheduler.step()` was not necessary and is being deprecated where possible. Please use `scheduler.step()` to step the scheduler. During the deprecation, if epoch is different from None, the closed form is used instead of the new chainable form, where available. Please open an issue if you are unable to replicate your use case: https://github.com/pytorch/pytorch/issues/new/choose.
  warnings.warn(EPOCH_DEPRECATION_WARNING, UserWarning)
Exception in thread Thread-4 (results_loop):
Traceback (most recent call last):
  File "/share/software/system/python/3.10.2/lib/python3.10/threading.py", line 1009, in _bootstrap_inner
    self.run()
  File "/share/software/system/python/3.10.2/lib/python3.10/threading.py", line 946, in run
    self._target(*self._args, **self._kwargs)
  File "/exports/lkeb-hpc/smaijer/venv_environments/pancreasThesis/lib/python3.10/site-packages/batchgenerators/dataloading/multi_threaded_augmenter.py", line 92, in results_loop
Exception in thread Thread-5 (results_loop):
Traceback (most recent call last):
  File "/share/software/system/python/3.10.2/lib/python3.10/threading.py", line 1009, in _bootstrap_inner
    raise RuntimeError("Abort event was set. So someone died and we should end this madness. \nIMPORTANT: "
RuntimeError: Abort event was set. So someone died and we should end this madness. 
IMPORTANT: This is not the actual error message! Look further up to see what caused the error. Please also check whether your RAM was full
    self.run()
  File "/share/software/system/python/3.10.2/lib/python3.10/threading.py", line 946, in run
    self._target(*self._args, **self._kwargs)
  File "/exports/lkeb-hpc/smaijer/venv_environments/pancreasThesis/lib/python3.10/site-packages/batchgenerators/dataloading/multi_threaded_augmenter.py", line 92, in results_loop
    raise RuntimeError("Abort event was set. So someone died and we should end this madness. \nIMPORTANT: "
RuntimeError: Abort event was set. So someone died and we should end this madness. 
IMPORTANT: This is not the actual error message! Look further up to see what caused the error. Please also check whether your RAM was full
OrderedDict([('all', [OrderedDict([('1', OrderedDict([('Accuracy', 0.9918400511449698), ('Dice', 0.0), ('False Discovery Rate', 1.0), ('False Negative Rate', 1.0), ('False Omission Rate', 0.0021978122386921155), ('False Positive Rate', 0.005988351766629818), ('Jaccard', 0.0), ('Negative Predictive Value', 0.9978021877613079), ('Precision', 0.0), ('Recall', 0.0), ('Total Positives Reference', 84187), ('Total Positives Test', 230258), ('True Negative Rate', 0.9940116482333702)])), ('test', '/exports/lkeb-hpc/smaijer/output/521/3d_fullres/nnUNetTrainerV2_Hybrid2LR/521/imagesTr/panc_0001.nii.gz'), ('reference', '/exports/lkeb-hpc/smaijer/data/nnUNet_raw_data_base/nnUNet_raw_data/Task521/labelsTr/panc_0001.nii.gz')]), OrderedDict([('1', OrderedDict([('Accuracy', 0.9998086339278187), ('Dice', 0.9083500913476072), ('False Discovery Rate', 0.06408277132255358), ('False Negative Rate', 0.11763954854195391), ('False Omission Rate', 0.00012656212677118642), ('False Positive Rate', 6.500204649295682e-05), ('Jaccard', 0.8320891928337507), ('Negative Predictive Value', 0.9998734378732288), ('Precision', 0.9359172286774464), ('Recall', 0.8823604514580461), ('Total Positives Reference', 39162), ('Total Positives Test', 36921), ('True Negative Rate', 0.999934997953507)])), ('test', '/exports/lkeb-hpc/smaijer/output/521/3d_fullres/nnUNetTrainerV2_Hybrid2LR/521/imagesTr/panc_0002.nii.gz'), ('reference', '/exports/lkeb-hpc/smaijer/data/nnUNet_raw_data_base/nnUNet_raw_data/Task521/labelsTr/panc_0002.nii.gz')]), OrderedDict([('1', OrderedDict([('Accuracy', 0.9969665064956202), ('Dice', 0.0), ('False Discovery Rate', 1.0), ('False Negative Rate', 1.0), ('False Omission Rate', 0.0006813712542902896), ('False Positive Rate', 0.002355327086122627), ('Jaccard', 0.0), ('Negative Predictive Value', 0.9993186287457098), ('Precision', 0.0), ('Recall', 0.0), ('Total Positives Reference', 35283), ('Total Positives Test', 122169), ('True Negative Rate', 0.9976446729138774)])), ('test', '/exports/lkeb-hpc/smaijer/output/521/3d_fullres/nnUNetTrainerV2_Hybrid2LR/521/imagesTr/panc_0003.nii.gz'), ('reference', '/exports/lkeb-hpc/smaijer/data/nnUNet_raw_data_base/nnUNet_raw_data/Task521/labelsTr/panc_0003.nii.gz')]), OrderedDict([('1', OrderedDict([('Accuracy', 0.9996494020734514), ('Dice', 0.8946390114884174), ('False Discovery Rate', 0.08486615070191306), ('False Negative Rate', 0.12495795223373751), ('False Omission Rate', 0.00021290668082660303), ('False Positive Rate', 0.0001382727549367191), ('Jaccard', 0.8093636565671531), ('Negative Predictive Value', 0.9997870933191734), ('Precision', 0.9151338492980869), ('Recall', 0.8750420477662625), ('Total Positives Reference', 62429), ('Total Positives Test', 59694), ('True Negative Rate', 0.9998617272450633)])), ('test', '/exports/lkeb-hpc/smaijer/output/521/3d_fullres/nnUNetTrainerV2_Hybrid2LR/521/imagesTr/panc_0004.nii.gz'), ('reference', '/exports/lkeb-hpc/smaijer/data/nnUNet_raw_data_base/nnUNet_raw_data/Task521/labelsTr/panc_0004.nii.gz')]), OrderedDict([('1', OrderedDict([('Accuracy', 0.9934061490572416), ('Dice', 0.0), ('False Discovery Rate', 1.0), ('False Negative Rate', 1.0), ('False Omission Rate', 0.0015534139404122026), ('False Positive Rate', 0.005056093625524283), ('Jaccard', 0.0), ('Negative Predictive Value', 0.9984465860595878), ('Precision', 0.0), ('Recall', 0.0), ('Total Positives Reference', 47404), ('Total Positives Test', 154835), ('True Negative Rate', 0.9949439063744757)])), ('test', '/exports/lkeb-hpc/smaijer/output/521/3d_fullres/nnUNetTrainerV2_Hybrid2LR/521/imagesTr/panc_0005.nii.gz'), ('reference', '/exports/lkeb-hpc/smaijer/data/nnUNet_raw_data_base/nnUNet_raw_data/Task521/labelsTr/panc_0005.nii.gz')]), OrderedDict([('1', OrderedDict([('Accuracy', 0.993921361817904), ('Dice', 0.0), ('False Discovery Rate', 1.0), ('False Negative Rate', 1.0), ('False Omission Rate', 0.0005831576008537196), ('False Positive Rate', 0.005501878002114546), ('Jaccard', 0.0), ('Negative Predictive Value', 0.9994168423991463), ('Precision', 0.0), ('Recall', 0.0), ('Total Positives Reference', 24781), ('Total Positives Test', 234956), ('True Negative Rate', 0.9944981219978855)])), ('test', '/exports/lkeb-hpc/smaijer/output/521/3d_fullres/nnUNetTrainerV2_Hybrid2LR/521/imagesTr/panc_0007.nii.gz'), ('reference', '/exports/lkeb-hpc/smaijer/data/nnUNet_raw_data_base/nnUNet_raw_data/Task521/labelsTr/panc_0007.nii.gz')]), OrderedDict([('1', OrderedDict([('Accuracy', 0.9658015718396078), ('Dice', 0.0), ('False Discovery Rate', 1.0), ('False Negative Rate', 1.0), ('False Omission Rate', 0.0009730028197511019), ('False Positive Rate', 0.033289098413577856), ('Jaccard', 0.0), ('Negative Predictive Value', 0.9990269971802489), ('Precision', 0.0), ('Recall', 0.0), ('Total Positives Reference', 36741), ('Total Positives Test', 1299031), ('True Negative Rate', 0.9667109015864221)])), ('test', '/exports/lkeb-hpc/smaijer/output/521/3d_fullres/nnUNetTrainerV2_Hybrid2LR/521/imagesTr/panc_0009.nii.gz'), ('reference', '/exports/lkeb-hpc/smaijer/data/nnUNet_raw_data_base/nnUNet_raw_data/Task521/labelsTr/panc_0009.nii.gz')]), OrderedDict([('1', OrderedDict([('Accuracy', 0.9976850200343776), ('Dice', 0.0), ('False Discovery Rate', 1.0), ('False Negative Rate', 1.0), ('False Omission Rate', 0.0010297723733603997), ('False Positive Rate', 0.0012878569210931223), ('Jaccard', 0.0), ('Negative Predictive Value', 0.9989702276266396), ('Precision', 0.0), ('Recall', 0.0), ('Total Positives Reference', 39901), ('Total Positives Test', 49914), ('True Negative Rate', 0.9987121430789069)])), ('test', '/exports/lkeb-hpc/smaijer/output/521/3d_fullres/nnUNetTrainerV2_Hybrid2LR/521/imagesTr/panc_0010.nii.gz'), ('reference', '/exports/lkeb-hpc/smaijer/data/nnUNet_raw_data_base/nnUNet_raw_data/Task521/labelsTr/panc_0010.nii.gz')]), OrderedDict([('1', OrderedDict([('Accuracy', 0.9973639108084299), ('Dice', 0.0), ('False Discovery Rate', 1.0), ('False Negative Rate', 1.0), ('False Omission Rate', 0.001212267638796016), ('False Positive Rate', 0.0014272774762933427), ('Jaccard', 0.0), ('Negative Predictive Value', 0.998787732361204), ('Precision', 0.0), ('Recall', 0.0), ('Total Positives Reference', 45379), ('Total Positives Test', 53439), ('True Negative Rate', 0.9985727225237067)])), ('test', '/exports/lkeb-hpc/smaijer/output/521/3d_fullres/nnUNetTrainerV2_Hybrid2LR/521/imagesTr/panc_0021.nii.gz'), ('reference', '/exports/lkeb-hpc/smaijer/data/nnUNet_raw_data_base/nnUNet_raw_data/Task521/labelsTr/panc_0021.nii.gz')]), OrderedDict([('1', OrderedDict([('Accuracy', 0.9935467752178063), ('Dice', 0.0), ('False Discovery Rate', 1.0), ('False Negative Rate', 1.0), ('False Omission Rate', 0.0013238128982381789), ('False Positive Rate', 0.005142984646968496), ('Jaccard', 0.0), ('Negative Predictive Value', 0.9986761871017619), ('Precision', 0.0), ('Recall', 0.0), ('Total Positives Reference', 30727), ('Total Positives Test', 119832), ('True Negative Rate', 0.9948570153530315)])), ('test', '/exports/lkeb-hpc/smaijer/output/521/3d_fullres/nnUNetTrainerV2_Hybrid2LR/521/imagesTr/panc_0022.nii.gz'), ('reference', '/exports/lkeb-hpc/smaijer/data/nnUNet_raw_data_base/nnUNet_raw_data/Task521/labelsTr/panc_0022.nii.gz')]), OrderedDict([('1', OrderedDict([('Accuracy', 0.9959391355514526), ('Dice', 0.0), ('False Discovery Rate', 1.0), ('False Negative Rate', 1.0), ('False Omission Rate', 0.0008877098998010755), ('False Positive Rate', 0.0031787867706057904), ('Jaccard', 0.0), ('Negative Predictive Value', 0.999112290100199), ('Precision', 0.0), ('Recall', 0.0), ('Total Positives Reference', 22269), ('Total Positives Test', 79926), ('True Negative Rate', 0.9968212132293942)])), ('test', '/exports/lkeb-hpc/smaijer/output/521/3d_fullres/nnUNetTrainerV2_Hybrid2LR/521/imagesTr/panc_0023.nii.gz'), ('reference', '/exports/lkeb-hpc/smaijer/data/nnUNet_raw_data_base/nnUNet_raw_data/Task521/labelsTr/panc_0023.nii.gz')]), OrderedDict([('1', OrderedDict([('Accuracy', 0.9940166165751796), ('Dice', 0.0002261757282601432), ('False Discovery Rate', 0.9998509545682425), ('False Negative Rate', 0.999531246670786), ('False Omission Rate', 0.0014497384747321007), ('False Positive Rate', 0.004546792880342987), ('Jaccard', 0.00011310065444151411), ('Negative Predictive Value', 0.9985502615252679), ('Precision', 0.00014904543175751664), ('Recall', 0.0004687533292139859), ('Total Positives Reference', 46933), ('Total Positives Test', 147606), ('True Negative Rate', 0.995453207119657)])), ('test', '/exports/lkeb-hpc/smaijer/output/521/3d_fullres/nnUNetTrainerV2_Hybrid2LR/521/imagesTr/panc_0024.nii.gz'), ('reference', '/exports/lkeb-hpc/smaijer/data/nnUNet_raw_data_base/nnUNet_raw_data/Task521/labelsTr/panc_0024.nii.gz')]), OrderedDict([('1', OrderedDict([('Accuracy', 0.9997427996467142), ('Dice', 0.8735799527937705), ('False Discovery Rate', 0.09244660372169766), ('False Negative Rate', 0.15794173931533062), ('False Omission Rate', 0.00016684319821070776), ('False Positive Rate', 9.061615164385195e-05), ('Jaccard', 0.7755365815447282), ('Negative Predictive Value', 0.9998331568017893), ('Precision', 0.9075533962783023), ('Recall', 0.8420582606846694), ('Total Positives Reference', 23515), ('Total Positives Test', 21818), ('True Negative Rate', 0.9999093838483561)])), ('test', '/exports/lkeb-hpc/smaijer/output/521/3d_fullres/nnUNetTrainerV2_Hybrid2LR/521/imagesTr/panc_0025.nii.gz'), ('reference', '/exports/lkeb-hpc/smaijer/data/nnUNet_raw_data_base/nnUNet_raw_data/Task521/labelsTr/panc_0025.nii.gz')]), OrderedDict([('1', OrderedDict([('Accuracy', 0.9976834013261868), ('Dice', 0.0), ('False Discovery Rate', 1.0), ('False Negative Rate', 1.0), ('False Omission Rate', 0.0006723473714443737), ('False Positive Rate', 0.001646462727680209), ('Jaccard', 0.0), ('Negative Predictive Value', 0.9993276526285556), ('Precision', 0.0), ('Recall', 0.0), ('Total Positives Reference', 23051), ('Total Positives Test', 56503), ('True Negative Rate', 0.9983535372723198)])), ('test', '/exports/lkeb-hpc/smaijer/output/521/3d_fullres/nnUNetTrainerV2_Hybrid2LR/521/imagesTr/panc_0026.nii.gz'), ('reference', '/exports/lkeb-hpc/smaijer/data/nnUNet_raw_data_base/nnUNet_raw_data/Task521/labelsTr/panc_0026.nii.gz')]), OrderedDict([('1', OrderedDict([('Accuracy', 0.9956682378595526), ('Dice', 0.00034012924911466357), ('False Discovery Rate', 0.9997743682310469), ('False Negative Rate', 0.9993094483711106), ('False Omission Rate', 0.0010699190652175275), ('False Positive Rate', 0.0032688258758636346), ('Jaccard', 0.00017009355145329932), ('Negative Predictive Value', 0.9989300809347825), ('Precision', 0.0002256317689530686), ('Recall', 0.0006905516288894305), ('Total Positives Reference', 24618), ('Total Positives Test', 75344), ('True Negative Rate', 0.9967311741241364)])), ('test', '/exports/lkeb-hpc/smaijer/output/521/3d_fullres/nnUNetTrainerV2_Hybrid2LR/521/imagesTr/panc_0027.nii.gz'), ('reference', '/exports/lkeb-hpc/smaijer/data/nnUNet_raw_data_base/nnUNet_raw_data/Task521/labelsTr/panc_0027.nii.gz')]), OrderedDict([('1', OrderedDict([('Accuracy', 0.9971991549716906), ('Dice', 0.0), ('False Discovery Rate', 1.0), ('False Negative Rate', 1.0), ('False Omission Rate', 0.0008118320385951557), ('False Positive Rate', 0.0019922431934265017), ('Jaccard', 0.0), ('Negative Predictive Value', 0.9991881679614049), ('Precision', 0.0), ('Recall', 0.0), ('Total Positives Reference', 18903), ('Total Positives Test', 46443), ('True Negative Rate', 0.9980077568065735)])), ('test', '/exports/lkeb-hpc/smaijer/output/521/3d_fullres/nnUNetTrainerV2_Hybrid2LR/521/imagesTr/panc_0028.nii.gz'), ('reference', '/exports/lkeb-hpc/smaijer/data/nnUNet_raw_data_base/nnUNet_raw_data/Task521/labelsTr/panc_0028.nii.gz')]), OrderedDict([('1', OrderedDict([('Accuracy', 0.995477066040039), ('Dice', 0.0), ('False Discovery Rate', 1.0), ('False Negative Rate', 1.0), ('False Omission Rate', 0.0016953994758714486), ('False Positive Rate', 0.002837132875624926), ('Jaccard', 0.0), ('Negative Predictive Value', 0.9983046005241285), ('Precision', 0.0), ('Recall', 0.0), ('Total Positives Reference', 44318), ('Total Positives Test', 74248), ('True Negative Rate', 0.9971628671243751)])), ('test', '/exports/lkeb-hpc/smaijer/output/521/3d_fullres/nnUNetTrainerV2_Hybrid2LR/521/imagesTr/panc_0029.nii.gz'), ('reference', '/exports/lkeb-hpc/smaijer/data/nnUNet_raw_data_base/nnUNet_raw_data/Task521/labelsTr/panc_0029.nii.gz')]), OrderedDict([('1', OrderedDict([('Accuracy', 0.9922824435763888), ('Dice', 0.00015504677244302032), ('False Discovery Rate', 0.9999068987989945), ('False Negative Rate', 0.9995366795366796), ('False Omission Rate', 0.0012992641852567642), ('False Positive Rate', 0.006434953742029403), ('Jaccard', 7.752939656286342e-05), ('Negative Predictive Value', 0.9987007358147433), ('Precision', 9.310120100549297e-05), ('Recall', 0.0004633204633204633), ('Total Positives Reference', 51800), ('Total Positives Test', 257784), ('True Negative Rate', 0.9935650462579706)])), ('test', '/exports/lkeb-hpc/smaijer/output/521/3d_fullres/nnUNetTrainerV2_Hybrid2LR/521/imagesTr/panc_0030.nii.gz'), ('reference', '/exports/lkeb-hpc/smaijer/data/nnUNet_raw_data_base/nnUNet_raw_data/Task521/labelsTr/panc_0030.nii.gz')]), OrderedDict([('1', OrderedDict([('Accuracy', 0.9929587661579091), ('Dice', 0.0), ('False Discovery Rate', 1.0), ('False Negative Rate', 1.0), ('False Omission Rate', 0.0015005294069363653), ('False Positive Rate', 0.005557323573708861), ('Jaccard', 0.0), ('Negative Predictive Value', 0.9984994705930637), ('Precision', 0.0), ('Recall', 0.0), ('Total Positives Reference', 36379), ('Total Positives Test', 135282), ('True Negative Rate', 0.9944426764262911)])), ('test', '/exports/lkeb-hpc/smaijer/output/521/3d_fullres/nnUNetTrainerV2_Hybrid2LR/521/imagesTr/panc_0031.nii.gz'), ('reference', '/exports/lkeb-hpc/smaijer/data/nnUNet_raw_data_base/nnUNet_raw_data/Task521/labelsTr/panc_0031.nii.gz')]), OrderedDict([('1', OrderedDict([('Accuracy', 0.996431032816569), ('Dice', 0.0), ('False Discovery Rate', 1.0), ('False Negative Rate', 1.0), ('False Omission Rate', 0.0014264989847414546), ('False Positive Rate', 0.0021485871748040397), ('Jaccard', 0.0), ('Negative Predictive Value', 0.9985735010152585), ('Precision', 0.0), ('Recall', 0.0), ('Total Positives Reference', 53733), ('Total Positives Test', 80991), ('True Negative Rate', 0.997851412825196)])), ('test', '/exports/lkeb-hpc/smaijer/output/521/3d_fullres/nnUNetTrainerV2_Hybrid2LR/521/imagesTr/panc_0032.nii.gz'), ('reference', '/exports/lkeb-hpc/smaijer/data/nnUNet_raw_data_base/nnUNet_raw_data/Task521/labelsTr/panc_0032.nii.gz')]), OrderedDict([('1', OrderedDict([('Accuracy', 0.9950810945951022), ('Dice', 0.0), ('False Discovery Rate', 1.0), ('False Negative Rate', 1.0), ('False Omission Rate', 0.0012888437668813317), ('False Positive Rate', 0.003639419852367931), ('Jaccard', 0.0), ('Negative Predictive Value', 0.9987111562331187), ('Precision', 0.0), ('Recall', 0.0), ('Total Positives Reference', 35010), ('Total Positives Test', 99094), ('True Negative Rate', 0.9963605801476321)])), ('test', '/exports/lkeb-hpc/smaijer/output/521/3d_fullres/nnUNetTrainerV2_Hybrid2LR/521/imagesTr/panc_0033.nii.gz'), ('reference', '/exports/lkeb-hpc/smaijer/data/nnUNet_raw_data_base/nnUNet_raw_data/Task521/labelsTr/panc_0033.nii.gz')]), OrderedDict([('1', OrderedDict([('Accuracy', 0.9932453778325295), ('Dice', 0.0), ('False Discovery Rate', 1.0), ('False Negative Rate', 1.0), ('False Omission Rate', 0.0015681625401627176), ('False Positive Rate', 0.005202721945603561), ('Jaccard', 0.0), ('Negative Predictive Value', 0.9984318374598373), ('Precision', 0.0), ('Recall', 0.0), ('Total Positives Reference', 40077), ('Total Positives Test', 133450), ('True Negative Rate', 0.9947972780543964)])), ('test', '/exports/lkeb-hpc/smaijer/output/521/3d_fullres/nnUNetTrainerV2_Hybrid2LR/521/imagesTr/panc_0034.nii.gz'), ('reference', '/exports/lkeb-hpc/smaijer/data/nnUNet_raw_data_base/nnUNet_raw_data/Task521/labelsTr/panc_0034.nii.gz')]), OrderedDict([('1', OrderedDict([('Accuracy', 0.9951356804889181), ('Dice', 0.0), ('False Discovery Rate', 1.0), ('False Negative Rate', 1.0), ('False Omission Rate', 0.0005982268898114873), ('False Positive Rate', 0.004271190474234521), ('Jaccard', 0.0), ('Negative Predictive Value', 0.9994017731101885), ('Precision', 0.0), ('Recall', 0.0), ('Total Positives Reference', 28732), ('Total Positives Test', 205896), ('True Negative Rate', 0.9957288095257655)])), ('test', '/exports/lkeb-hpc/smaijer/output/521/3d_fullres/nnUNetTrainerV2_Hybrid2LR/521/imagesTr/panc_0036.nii.gz'), ('reference', '/exports/lkeb-hpc/smaijer/data/nnUNet_raw_data_base/nnUNet_raw_data/Task521/labelsTr/panc_0036.nii.gz')]), OrderedDict([('1', OrderedDict([('Accuracy', 0.9947971382526436), ('Dice', 0.0), ('False Discovery Rate', 1.0), ('False Negative Rate', 1.0), ('False Omission Rate', 0.0017902813200346604), ('False Positive Rate', 0.0034248112779329265), ('Jaccard', 0.0), ('Negative Predictive Value', 0.9982097186799653), ('Precision', 0.0), ('Recall', 0.0), ('Total Positives Reference', 46303), ('Total Positives Test', 88723), ('True Negative Rate', 0.9965751887220671)])), ('test', '/exports/lkeb-hpc/smaijer/output/521/3d_fullres/nnUNetTrainerV2_Hybrid2LR/521/imagesTr/panc_0037.nii.gz'), ('reference', '/exports/lkeb-hpc/smaijer/data/nnUNet_raw_data_base/nnUNet_raw_data/Task521/labelsTr/panc_0037.nii.gz')]), OrderedDict([('1', OrderedDict([('Accuracy', 0.9955630493164063), ('Dice', 0.00037814981608168036), ('False Discovery Rate', 0.9997488154364331), ('False Negative Rate', 0.9992353411421223), ('False Omission Rate', 0.0011003637450642185), ('False Positive Rate', 0.0033439334224126815), ('Jaccard', 0.00018911066412226864), ('Negative Predictive Value', 0.9988996362549358), ('Precision', 0.0002511845635668208), ('Recall', 0.0007646588578777241), ('Total Positives Reference', 28771), ('Total Positives Test', 87585), ('True Negative Rate', 0.9966560665775873)])), ('test', '/exports/lkeb-hpc/smaijer/output/521/3d_fullres/nnUNetTrainerV2_Hybrid2LR/521/imagesTr/panc_0038.nii.gz'), ('reference', '/exports/lkeb-hpc/smaijer/data/nnUNet_raw_data_base/nnUNet_raw_data/Task521/labelsTr/panc_0038.nii.gz')]), OrderedDict([('1', OrderedDict([('Accuracy', 0.9973066085424178), ('Dice', 0.0), ('False Discovery Rate', 1.0), ('False Negative Rate', 1.0), ('False Omission Rate', 0.001048166207824522), ('False Positive Rate', 0.0016486767698977722), ('Jaccard', 0.0), ('Negative Predictive Value', 0.9989518337921754), ('Precision', 0.0), ('Recall', 0.0), ('Total Positives Reference', 53492), ('Total Positives Test', 84189), ('True Negative Rate', 0.9983513232301022)])), ('test', '/exports/lkeb-hpc/smaijer/output/521/3d_fullres/nnUNetTrainerV2_Hybrid2LR/521/imagesTr/panc_0040.nii.gz'), ('reference', '/exports/lkeb-hpc/smaijer/data/nnUNet_raw_data_base/nnUNet_raw_data/Task521/labelsTr/panc_0040.nii.gz')])]), ('mean', OrderedDict([('1', OrderedDict([('Accuracy', 0.9945583456141125), ('Dice', 0.10298725219983441), ('False Discovery Rate', 0.8938721754915725), ('False Negative Rate', 0.8999289213773738), ('False Omission Rate', 0.0010872386977914508), ('False Positive Rate', 0.004364793132612821), ('Jaccard', 0.09298227943123892), ('Negative Predictive Value', 0.9989127613022085), ('Precision', 0.10612782450842763), ('Recall', 0.10007107862262614), ('Total Positives Reference', 39380.692307692305), ('Total Positives Test', 155228.11538461538), ('True Negative Rate', 0.9956352068673873)]))]))])
OrderedDict([('all', [OrderedDict([('1', OrderedDict([('Accuracy', 0.9976398089459835), ('Dice', 0.0), ('False Discovery Rate', 1.0), ('False Negative Rate', 1.0), ('False Omission Rate', 0.0011156893072641182), ('False Positive Rate', 0.0012472816198936254), ('Jaccard', 0.0), ('Negative Predictive Value', 0.9988843106927359), ('Precision', 0.0), ('Recall', 0.0), ('Total Positives Reference', 38266), ('Total Positives Test', 42785), ('True Negative Rate', 0.9987527183801064)])), ('test', '/exports/lkeb-hpc/smaijer/output/521/3d_fullres/nnUNetTrainerV2_Hybrid2LR/521/imagesTs/panc_0006.nii.gz'), ('reference', '/exports/lkeb-hpc/smaijer/data/nnUNet_raw_data_base/nnUNet_raw_data/Task521/labelsTs/panc_0006.nii.gz')]), OrderedDict([('1', OrderedDict([('Accuracy', 0.9982929745235959), ('Dice', 0.0), ('False Discovery Rate', 1.0), ('False Negative Rate', 1.0), ('False Omission Rate', 0.001380804430867706), ('False Positive Rate', 0.0003271236620877582), ('Jaccard', 0.0), ('Negative Predictive Value', 0.9986191955691323), ('Precision', 0.0), ('Recall', 0.0), ('Total Positives Reference', 53554), ('Total Positives Test', 12674), ('True Negative Rate', 0.9996728763379122)])), ('test', '/exports/lkeb-hpc/smaijer/output/521/3d_fullres/nnUNetTrainerV2_Hybrid2LR/521/imagesTs/panc_0008.nii.gz'), ('reference', '/exports/lkeb-hpc/smaijer/data/nnUNet_raw_data_base/nnUNet_raw_data/Task521/labelsTs/panc_0008.nii.gz')]), OrderedDict([('1', OrderedDict([('Accuracy', 0.9961862361177485), ('Dice', 0.0032455479778963335), ('False Discovery Rate', 0.9979367540961499), ('False Negative Rate', 0.9923986486486487), ('False Omission Rate', 0.000813069980882374), ('False Positive Rate', 0.0030055957807124667), ('Jaccard', 0.0016254116647190055), ('Negative Predictive Value', 0.9991869300191176), ('Precision', 0.002063245903850044), ('Recall', 0.007601351351351352), ('Total Positives Reference', 20128), ('Total Positives Test', 74155), ('True Negative Rate', 0.9969944042192875)])), ('test', '/exports/lkeb-hpc/smaijer/output/521/3d_fullres/nnUNetTrainerV2_Hybrid2LR/521/imagesTs/panc_0035.nii.gz'), ('reference', '/exports/lkeb-hpc/smaijer/data/nnUNet_raw_data_base/nnUNet_raw_data/Task521/labelsTs/panc_0035.nii.gz')]), OrderedDict([('1', OrderedDict([('Accuracy', 0.9957148234049479), ('Dice', 0.0006326361156142502), ('False Discovery Rate', 0.999603026919737), ('False Negative Rate', 0.9984431254257079), ('False Omission Rate', 0.0008728179020812466), ('False Positive Rate', 0.0034183188597718406), ('Jaccard', 0.0003164181465807064), ('Negative Predictive Value', 0.9991271820979187), ('Precision', 0.00039697308026299466), ('Recall', 0.0015568745742921086), ('Total Positives Reference', 20554), ('Total Positives Test', 80610), ('True Negative Rate', 0.9965816811402282)])), ('test', '/exports/lkeb-hpc/smaijer/output/521/3d_fullres/nnUNetTrainerV2_Hybrid2LR/521/imagesTs/panc_0039.nii.gz'), ('reference', '/exports/lkeb-hpc/smaijer/data/nnUNet_raw_data_base/nnUNet_raw_data/Task521/labelsTs/panc_0039.nii.gz')])]), ('mean', OrderedDict([('1', OrderedDict([('Accuracy', 0.9969584607480689), ('Dice', 0.0009695460233776459), ('False Discovery Rate', 0.9993849452539718), ('False Negative Rate', 0.9977104435185892), ('False Omission Rate', 0.0010455954052738612), ('False Positive Rate', 0.0019995799806164227), ('Jaccard', 0.00048545745282492796), ('Negative Predictive Value', 0.9989544045947261), ('Precision', 0.0006150547460282596), ('Recall', 0.002289556481410865), ('Total Positives Reference', 33125.5), ('Total Positives Test', 52556.0), ('True Negative Rate', 0.9980004200193836)]))]))])
