Starting at Tue Jul  5 23:57:02 CEST 2022
Running on hosts: res-hpc-lkeb08
Running on 1 nodes.
Running 1 tasks.
CPUs on node: 8.
Account: div2-lkeb
Job ID: 10627491
Job name: PancreasInferenceEval
Node running script: res-hpc-lkeb08
Submit host: res-hpc-lo02.researchlumc.nl
GPUS: 0 or 
Tue Jul  5 23:57:02 2022       
+-----------------------------------------------------------------------------+
| NVIDIA-SMI 470.103.01   Driver Version: 470.103.01   CUDA Version: 11.4     |
|-------------------------------+----------------------+----------------------+
| GPU  Name        Persistence-M| Bus-Id        Disp.A | Volatile Uncorr. ECC |
| Fan  Temp  Perf  Pwr:Usage/Cap|         Memory-Usage | GPU-Util  Compute M. |
|                               |                      |               MIG M. |
|===============================+======================+======================|
|   0  NVIDIA RTX A6000    On   | 00000000:3B:00.0 Off |                  Off |
| 30%   28C    P8    16W / 300W |      0MiB / 48685MiB |      0%      Default |
|                               |                      |                  N/A |
+-------------------------------+----------------------+----------------------+
                                                                               
+-----------------------------------------------------------------------------+
| Processes:                                                                  |
|  GPU   GI   CI        PID   Type   Process name                  GPU Memory |
|        ID   ID                                                   Usage      |
|=============================================================================|
|  No running processes found                                                 |
+-----------------------------------------------------------------------------+
Current working directory is /home/smaijer
Load all modules..
Done with loading all modules. Modules:
Activate conda env nnunet..
Verifying environment variables:
Installing hidden layer and nnUnet..
Collecting hiddenlayer
  Cloning https://github.com/FabianIsensee/hiddenlayer.git (to revision more_plotted_details) to /tmp/pip-install-x6y2bjdz/hiddenlayer_223c0c2951c04daa9e9525c53cdd5461
  Resolved https://github.com/FabianIsensee/hiddenlayer.git to commit 4b98f9e5cccebac67368f02b95f4700b522345b1
Using legacy 'setup.py install' for hiddenlayer, since package 'wheel' is not installed.
Installing collected packages: hiddenlayer
    Running setup.py install for hiddenlayer: started
    Running setup.py install for hiddenlayer: finished with status 'done'
Successfully installed hiddenlayer-0.2
Obtaining file:///home/smaijer/code/nnUNet
Collecting torch>1.10.0
  Using cached torch-1.12.0-cp310-cp310-manylinux1_x86_64.whl (776.3 MB)
Collecting tqdm
  Using cached tqdm-4.64.0-py2.py3-none-any.whl (78 kB)
Collecting dicom2nifti
  Using cached dicom2nifti-2.4.2-py3-none-any.whl (43 kB)
Collecting scikit-image>=0.14
  Using cached scikit_image-0.19.3-cp310-cp310-manylinux_2_17_x86_64.manylinux2014_x86_64.whl (13.9 MB)
Collecting medpy
  Using cached MedPy-0.4.0-py3-none-any.whl
Collecting scipy
  Using cached scipy-1.8.1-cp310-cp310-manylinux_2_17_x86_64.manylinux2014_x86_64.whl (42.2 MB)
Collecting batchgenerators>=0.23
  Using cached batchgenerators-0.24-py3-none-any.whl
Collecting numpy
  Using cached numpy-1.23.0-cp310-cp310-manylinux_2_17_x86_64.manylinux2014_x86_64.whl (17.0 MB)
Collecting sklearn
  Using cached sklearn-0.0-py2.py3-none-any.whl
Collecting SimpleITK
  Using cached SimpleITK-2.1.1.2-cp310-cp310-manylinux_2_12_x86_64.manylinux2010_x86_64.whl (48.4 MB)
Collecting pandas
  Using cached pandas-1.4.3-cp310-cp310-manylinux_2_17_x86_64.manylinux2014_x86_64.whl (11.6 MB)
Collecting requests
  Using cached requests-2.28.1-py3-none-any.whl (62 kB)
Collecting nibabel
  Using cached nibabel-4.0.1-py3-none-any.whl (3.3 MB)
Collecting tifffile
  Using cached tifffile-2022.5.4-py3-none-any.whl (195 kB)
Collecting matplotlib
  Using cached matplotlib-3.5.2-cp310-cp310-manylinux_2_17_x86_64.manylinux2014_x86_64.whl (11.9 MB)
Collecting monai
  Using cached monai-0.9.0-202206131636-py3-none-any.whl (939 kB)
Collecting einops
  Using cached einops-0.4.1-py3-none-any.whl (28 kB)
Collecting ipython
  Using cached ipython-8.4.0-py3-none-any.whl (750 kB)
Collecting graphviz
  Using cached graphviz-0.20-py3-none-any.whl (46 kB)
Collecting pillow>=7.1.2
  Using cached Pillow-9.2.0-cp310-cp310-manylinux_2_28_x86_64.whl (3.2 MB)
Collecting future
  Using cached future-0.18.2-py3-none-any.whl
Collecting scikit-learn
  Using cached scikit_learn-1.1.1-cp310-cp310-manylinux_2_17_x86_64.manylinux2014_x86_64.whl (30.4 MB)
Collecting unittest2
  Using cached unittest2-1.1.0-py2.py3-none-any.whl (96 kB)
Collecting threadpoolctl
  Using cached threadpoolctl-3.1.0-py3-none-any.whl (14 kB)
Collecting PyWavelets>=1.1.1
  Using cached PyWavelets-1.3.0-cp310-cp310-manylinux_2_17_x86_64.manylinux2014_x86_64.whl (6.9 MB)
Collecting packaging>=20.0
  Using cached packaging-21.3-py3-none-any.whl (40 kB)
Collecting networkx>=2.2
  Using cached networkx-2.8.4-py3-none-any.whl (2.0 MB)
Collecting imageio>=2.4.1
  Using cached imageio-2.19.3-py3-none-any.whl (3.4 MB)
Collecting pyparsing!=3.0.5,>=2.0.2
  Using cached pyparsing-3.0.9-py3-none-any.whl (98 kB)
Collecting typing-extensions
  Using cached typing_extensions-4.3.0-py3-none-any.whl (25 kB)
Collecting python-gdcm
  Using cached python_gdcm-3.0.14-cp310-cp310-manylinux_2_17_x86_64.manylinux2014_x86_64.whl (12.8 MB)
Collecting pydicom>=2.2.0
  Using cached pydicom-2.3.0-py3-none-any.whl (2.0 MB)
Collecting pygments>=2.4.0
  Using cached Pygments-2.12.0-py3-none-any.whl (1.1 MB)
Collecting traitlets>=5
  Using cached traitlets-5.3.0-py3-none-any.whl (106 kB)
Collecting pexpect>4.3
  Using cached pexpect-4.8.0-py2.py3-none-any.whl (59 kB)
Collecting jedi>=0.16
  Using cached jedi-0.18.1-py2.py3-none-any.whl (1.6 MB)
Collecting pickleshare
  Using cached pickleshare-0.7.5-py2.py3-none-any.whl (6.9 kB)
Collecting stack-data
  Using cached stack_data-0.3.0-py3-none-any.whl (23 kB)
Collecting backcall
  Using cached backcall-0.2.0-py2.py3-none-any.whl (11 kB)
Collecting matplotlib-inline
  Using cached matplotlib_inline-0.1.3-py3-none-any.whl (8.2 kB)
Collecting decorator
  Using cached decorator-5.1.1-py3-none-any.whl (9.1 kB)
Collecting setuptools>=18.5
  Using cached setuptools-63.1.0-py3-none-any.whl (1.2 MB)
Collecting prompt-toolkit!=3.0.0,!=3.0.1,<3.1.0,>=2.0.0
  Using cached prompt_toolkit-3.0.30-py3-none-any.whl (381 kB)
Collecting parso<0.9.0,>=0.8.0
  Using cached parso-0.8.3-py2.py3-none-any.whl (100 kB)
Collecting ptyprocess>=0.5
  Using cached ptyprocess-0.7.0-py2.py3-none-any.whl (13 kB)
Collecting wcwidth
  Using cached wcwidth-0.2.5-py2.py3-none-any.whl (30 kB)
Collecting fonttools>=4.22.0
  Using cached fonttools-4.33.3-py3-none-any.whl (930 kB)
Collecting python-dateutil>=2.7
  Using cached python_dateutil-2.8.2-py2.py3-none-any.whl (247 kB)
Collecting kiwisolver>=1.0.1
  Using cached kiwisolver-1.4.3-cp310-cp310-manylinux_2_12_x86_64.manylinux2010_x86_64.whl (1.6 MB)
Collecting cycler>=0.10
  Using cached cycler-0.11.0-py3-none-any.whl (6.4 kB)
Collecting six>=1.5
  Using cached six-1.16.0-py2.py3-none-any.whl (11 kB)
Collecting pytz>=2020.1
  Using cached pytz-2022.1-py2.py3-none-any.whl (503 kB)
Collecting certifi>=2017.4.17
  Using cached certifi-2022.6.15-py3-none-any.whl (160 kB)
Collecting charset-normalizer<3,>=2
  Using cached charset_normalizer-2.1.0-py3-none-any.whl (39 kB)
Collecting idna<4,>=2.5
  Using cached idna-3.3-py3-none-any.whl (61 kB)
Collecting urllib3<1.27,>=1.21.1
  Using cached urllib3-1.26.9-py2.py3-none-any.whl (138 kB)
Collecting joblib>=1.0.0
  Using cached joblib-1.1.0-py2.py3-none-any.whl (306 kB)
Collecting pure-eval
  Using cached pure_eval-0.2.2-py3-none-any.whl (11 kB)
Collecting asttokens
  Using cached asttokens-2.0.5-py2.py3-none-any.whl (20 kB)
Collecting executing
  Using cached executing-0.8.3-py2.py3-none-any.whl (16 kB)
Collecting argparse
  Using cached argparse-1.4.0-py2.py3-none-any.whl (23 kB)
Collecting traceback2
  Using cached traceback2-1.4.0-py2.py3-none-any.whl (16 kB)
Collecting linecache2
  Using cached linecache2-1.0.0-py2.py3-none-any.whl (12 kB)
Installing collected packages: six, pyparsing, pillow, numpy, linecache2, wcwidth, typing-extensions, traitlets, traceback2, tifffile, threadpoolctl, setuptools, scipy, PyWavelets, pure-eval, ptyprocess, parso, packaging, networkx, joblib, imageio, executing, asttokens, argparse, urllib3, unittest2, torch, stack-data, SimpleITK, scikit-learn, scikit-image, pytz, python-gdcm, python-dateutil, pygments, pydicom, prompt-toolkit, pickleshare, pexpect, nibabel, matplotlib-inline, kiwisolver, jedi, idna, future, fonttools, decorator, cycler, charset-normalizer, certifi, backcall, tqdm, sklearn, requests, pandas, monai, medpy, matplotlib, ipython, graphviz, einops, dicom2nifti, batchgenerators, nnunet
  Running setup.py develop for nnunet
Successfully installed PyWavelets-1.3.0 SimpleITK-2.1.1.2 argparse-1.4.0 asttokens-2.0.5 backcall-0.2.0 batchgenerators-0.24 certifi-2022.6.15 charset-normalizer-2.1.0 cycler-0.11.0 decorator-5.1.1 dicom2nifti-2.4.2 einops-0.4.1 executing-0.8.3 fonttools-4.33.3 future-0.18.2 graphviz-0.20 idna-3.3 imageio-2.19.3 ipython-8.4.0 jedi-0.18.1 joblib-1.1.0 kiwisolver-1.4.3 linecache2-1.0.0 matplotlib-3.5.2 matplotlib-inline-0.1.3 medpy-0.4.0 monai-0.9.0 networkx-2.8.4 nibabel-4.0.1 nnunet numpy-1.23.0 packaging-21.3 pandas-1.4.3 parso-0.8.3 pexpect-4.8.0 pickleshare-0.7.5 pillow-9.2.0 prompt-toolkit-3.0.30 ptyprocess-0.7.0 pure-eval-0.2.2 pydicom-2.3.0 pygments-2.12.0 pyparsing-3.0.9 python-dateutil-2.8.2 python-gdcm-3.0.14 pytz-2022.1 requests-2.28.1 scikit-image-0.19.3 scikit-learn-1.1.1 scipy-1.8.1 setuptools-63.1.0 six-1.16.0 sklearn-0.0 stack-data-0.3.0 threadpoolctl-3.1.0 tifffile-2022.5.4 torch-1.12.0 tqdm-4.64.0 traceback2-1.4.0 traitlets-5.3.0 typing-extensions-4.3.0 unittest2-1.1.0 urllib3-1.26.9 wcwidth-0.2.5


Please cite the following paper when using nnUNet:

Isensee, F., Jaeger, P.F., Kohl, S.A.A. et al. "nnU-Net: a self-configuring method for deep learning-based biomedical image segmentation." Nat Methods (2020). https://doi.org/10.1038/s41592-020-01008-z


If you have questions or suggestions, feel free to open an issue at https://github.com/MIC-DKFZ/nnUNet

using model stored in  /exports/lkeb-hpc/smaijer/results/nnUNet/3d_fullres/Task535/nnUNetTrainerV2__nnUNetPlansv2.1
This model expects 1 input modalities for each image
Found 100 unique case ids, here are some examples: ['panc_0290' 'panc_0293' 'panc_0087' 'panc_0399' 'panc_0257' 'panc_0136'
 'panc_0228' 'panc_0132' 'panc_0250' 'panc_0328']
If they don't look right, make sure to double check your filenames. They must end with _0000.nii.gz etc
number of cases: 100
number of cases that still need to be predicted: 100
emptying cuda cache
loading parameters for folds, [0, 1, 2, 3]
Suus1 - Initialise de NetworkTrainer
Suus2 - Initialise de nnUNetTrainer
Suus3 - Initialise de nnUNetTrainerV2
Suus5 - zet de plans properties
Suus4 - Initialise de trainer echt
Suus5 - zet de plans properties
Suus6 - Zet de data augmentation params
Suus7 - zet deep supervision weights die de meerdere outputs prioriteit geven
Suus8 - Maak network aan (BELANGRIJK!)
SuusB - first stride 
Suus10 - StackedConvLayers, input: 1 en output: 32, first_stride: None, num_convs: 2, conv_kwargs: {'stride': 1, 'dilation': 1, 'bias': True, 'kernel_size': [1, 3, 3], 'padding': [0, 1, 1]}
SuusA - first_stride [1, 2, 2]
Suus10 - StackedConvLayers, input: 32 en output: 64, first_stride: [1, 2, 2], num_convs: 2, conv_kwargs: {'stride': 1, 'dilation': 1, 'bias': True, 'kernel_size': [3, 3, 3], 'padding': [1, 1, 1]}
SuusA - first_stride [2, 2, 2]
Suus10 - StackedConvLayers, input: 64 en output: 128, first_stride: [2, 2, 2], num_convs: 2, conv_kwargs: {'stride': 1, 'dilation': 1, 'bias': True, 'kernel_size': [3, 3, 3], 'padding': [1, 1, 1]}
SuusA - first_stride [2, 2, 2]
Suus10 - StackedConvLayers, input: 128 en output: 256, first_stride: [2, 2, 2], num_convs: 2, conv_kwargs: {'stride': 1, 'dilation': 1, 'bias': True, 'kernel_size': [3, 3, 3], 'padding': [1, 1, 1]}
SuusA - first_stride [2, 2, 2]
Suus10 - StackedConvLayers, input: 256 en output: 320, first_stride: [2, 2, 2], num_convs: 2, conv_kwargs: {'stride': 1, 'dilation': 1, 'bias': True, 'kernel_size': [3, 3, 3], 'padding': [1, 1, 1]}
Suus10 - StackedConvLayers, input: 320 en output: 320, first_stride: [2, 2, 2], num_convs: 1, conv_kwargs: {'stride': 1, 'dilation': 1, 'bias': True, 'kernel_size': [3, 3, 3], 'padding': [1, 1, 1]}
Suus10 - StackedConvLayers, input: 320 en output: 320, first_stride: None, num_convs: 1, conv_kwargs: {'stride': 1, 'dilation': 1, 'bias': True, 'kernel_size': [3, 3, 3], 'padding': [1, 1, 1]}
Suus10 - StackedConvLayers, input: 640 en output: 320, first_stride: None, num_convs: 1, conv_kwargs: {'stride': 1, 'dilation': 1, 'bias': True, 'kernel_size': [3, 3, 3], 'padding': [1, 1, 1]}
Suus10 - StackedConvLayers, input: 320 en output: 320, first_stride: None, num_convs: 1, conv_kwargs: {'stride': 1, 'dilation': 1, 'bias': True, 'kernel_size': [3, 3, 3], 'padding': [1, 1, 1]}
Suus10 - StackedConvLayers, input: 512 en output: 256, first_stride: None, num_convs: 1, conv_kwargs: {'stride': 1, 'dilation': 1, 'bias': True, 'kernel_size': [3, 3, 3], 'padding': [1, 1, 1]}
Suus10 - StackedConvLayers, input: 256 en output: 256, first_stride: None, num_convs: 1, conv_kwargs: {'stride': 1, 'dilation': 1, 'bias': True, 'kernel_size': [3, 3, 3], 'padding': [1, 1, 1]}
Suus10 - StackedConvLayers, input: 256 en output: 128, first_stride: None, num_convs: 1, conv_kwargs: {'stride': 1, 'dilation': 1, 'bias': True, 'kernel_size': [3, 3, 3], 'padding': [1, 1, 1]}
Suus10 - StackedConvLayers, input: 128 en output: 128, first_stride: None, num_convs: 1, conv_kwargs: {'stride': 1, 'dilation': 1, 'bias': True, 'kernel_size': [3, 3, 3], 'padding': [1, 1, 1]}
Suus10 - StackedConvLayers, input: 128 en output: 64, first_stride: None, num_convs: 1, conv_kwargs: {'stride': 1, 'dilation': 1, 'bias': True, 'kernel_size': [3, 3, 3], 'padding': [1, 1, 1]}
Suus10 - StackedConvLayers, input: 64 en output: 64, first_stride: None, num_convs: 1, conv_kwargs: {'stride': 1, 'dilation': 1, 'bias': True, 'kernel_size': [3, 3, 3], 'padding': [1, 1, 1]}
Suus10 - StackedConvLayers, input: 64 en output: 32, first_stride: None, num_convs: 1, conv_kwargs: {'stride': 1, 'dilation': 1, 'bias': True, 'kernel_size': [3, 3, 3], 'padding': [1, 1, 1]}
Suus10 - StackedConvLayers, input: 32 en output: 32, first_stride: None, num_convs: 1, conv_kwargs: {'stride': 1, 'dilation': 1, 'bias': True, 'kernel_size': [3, 3, 3], 'padding': [1, 1, 1]}
Generic_UNet(
  (encoder): Generic_UNETEncoder()
  (decoder): Generic_UNETDecoder()
  (conv_blocks_localization): ModuleList(
    (0): Sequential(
      (0): StackedConvLayers(
        (blocks): Sequential(
          (0): ConvDropoutNormNonlin(
            (conv): Conv3d(640, 320, kernel_size=(3, 3, 3), stride=(1, 1, 1), padding=(1, 1, 1))
            (instnorm): InstanceNorm3d(320, eps=1e-05, momentum=0.1, affine=True, track_running_stats=False)
            (lrelu): LeakyReLU(negative_slope=0.01, inplace=True)
          )
        )
      )
      (1): StackedConvLayers(
        (blocks): Sequential(
          (0): ConvDropoutNormNonlin(
            (conv): Conv3d(320, 320, kernel_size=(3, 3, 3), stride=(1, 1, 1), padding=(1, 1, 1))
            (instnorm): InstanceNorm3d(320, eps=1e-05, momentum=0.1, affine=True, track_running_stats=False)
            (lrelu): LeakyReLU(negative_slope=0.01, inplace=True)
          )
        )
      )
    )
    (1): Sequential(
      (0): StackedConvLayers(
        (blocks): Sequential(
          (0): ConvDropoutNormNonlin(
            (conv): Conv3d(512, 256, kernel_size=(3, 3, 3), stride=(1, 1, 1), padding=(1, 1, 1))
            (instnorm): InstanceNorm3d(256, eps=1e-05, momentum=0.1, affine=True, track_running_stats=False)
            (lrelu): LeakyReLU(negative_slope=0.01, inplace=True)
          )
        )
      )
      (1): StackedConvLayers(
        (blocks): Sequential(
          (0): ConvDropoutNormNonlin(
            (conv): Conv3d(256, 256, kernel_size=(3, 3, 3), stride=(1, 1, 1), padding=(1, 1, 1))
            (instnorm): InstanceNorm3d(256, eps=1e-05, momentum=0.1, affine=True, track_running_stats=False)
            (lrelu): LeakyReLU(negative_slope=0.01, inplace=True)
          )
        )
      )
    )
    (2): Sequential(
      (0): StackedConvLayers(
        (blocks): Sequential(
          (0): ConvDropoutNormNonlin(
            (conv): Conv3d(256, 128, kernel_size=(3, 3, 3), stride=(1, 1, 1), padding=(1, 1, 1))
            (instnorm): InstanceNorm3d(128, eps=1e-05, momentum=0.1, affine=True, track_running_stats=False)
            (lrelu): LeakyReLU(negative_slope=0.01, inplace=True)
          )
        )
      )
      (1): StackedConvLayers(
        (blocks): Sequential(
          (0): ConvDropoutNormNonlin(
            (conv): Conv3d(128, 128, kernel_size=(3, 3, 3), stride=(1, 1, 1), padding=(1, 1, 1))
            (instnorm): InstanceNorm3d(128, eps=1e-05, momentum=0.1, affine=True, track_running_stats=False)
            (lrelu): LeakyReLU(negative_slope=0.01, inplace=True)
          )
        )
      )
    )
    (3): Sequential(
      (0): StackedConvLayers(
        (blocks): Sequential(
          (0): ConvDropoutNormNonlin(
            (conv): Conv3d(128, 64, kernel_size=(3, 3, 3), stride=(1, 1, 1), padding=(1, 1, 1))
            (instnorm): InstanceNorm3d(64, eps=1e-05, momentum=0.1, affine=True, track_running_stats=False)
            (lrelu): LeakyReLU(negative_slope=0.01, inplace=True)
          )
        )
      )
      (1): StackedConvLayers(
        (blocks): Sequential(
          (0): ConvDropoutNormNonlin(
            (conv): Conv3d(64, 64, kernel_size=(3, 3, 3), stride=(1, 1, 1), padding=(1, 1, 1))
            (instnorm): InstanceNorm3d(64, eps=1e-05, momentum=0.1, affine=True, track_running_stats=False)
            (lrelu): LeakyReLU(negative_slope=0.01, inplace=True)
          )
        )
      )
    )
    (4): Sequential(
      (0): StackedConvLayers(
        (blocks): Sequential(
          (0): ConvDropoutNormNonlin(
            (conv): Conv3d(64, 32, kernel_size=(3, 3, 3), stride=(1, 1, 1), padding=(1, 1, 1))
            (instnorm): InstanceNorm3d(32, eps=1e-05, momentum=0.1, affine=True, track_running_stats=False)
            (lrelu): LeakyReLU(negative_slope=0.01, inplace=True)
          )
        )
      )
      (1): StackedConvLayers(
        (blocks): Sequential(
          (0): ConvDropoutNormNonlin(
            (conv): Conv3d(32, 32, kernel_size=(3, 3, 3), stride=(1, 1, 1), padding=(1, 1, 1))
            (instnorm): InstanceNorm3d(32, eps=1e-05, momentum=0.1, affine=True, track_running_stats=False)
            (lrelu): LeakyReLU(negative_slope=0.01, inplace=True)
          )
        )
      )
    )
  )
  (conv_blocks_context): ModuleList(
    (0): StackedConvLayers(
      (blocks): Sequential(
        (0): ConvDropoutNormNonlin(
          (conv): Conv3d(1, 32, kernel_size=(1, 3, 3), stride=(1, 1, 1), padding=(0, 1, 1))
          (instnorm): InstanceNorm3d(32, eps=1e-05, momentum=0.1, affine=True, track_running_stats=False)
          (lrelu): LeakyReLU(negative_slope=0.01, inplace=True)
        )
        (1): ConvDropoutNormNonlin(
          (conv): Conv3d(32, 32, kernel_size=(1, 3, 3), stride=(1, 1, 1), padding=(0, 1, 1))
          (instnorm): InstanceNorm3d(32, eps=1e-05, momentum=0.1, affine=True, track_running_stats=False)
          (lrelu): LeakyReLU(negative_slope=0.01, inplace=True)
        )
      )
    )
    (1): StackedConvLayers(
      (blocks): Sequential(
        (0): ConvDropoutNormNonlin(
          (conv): Conv3d(32, 64, kernel_size=(3, 3, 3), stride=(1, 2, 2), padding=(1, 1, 1))
          (instnorm): InstanceNorm3d(64, eps=1e-05, momentum=0.1, affine=True, track_running_stats=False)
          (lrelu): LeakyReLU(negative_slope=0.01, inplace=True)
        )
        (1): ConvDropoutNormNonlin(
          (conv): Conv3d(64, 64, kernel_size=(3, 3, 3), stride=(1, 1, 1), padding=(1, 1, 1))
          (instnorm): InstanceNorm3d(64, eps=1e-05, momentum=0.1, affine=True, track_running_stats=False)
          (lrelu): LeakyReLU(negative_slope=0.01, inplace=True)
        )
      )
    )
    (2): StackedConvLayers(
      (blocks): Sequential(
        (0): ConvDropoutNormNonlin(
          (conv): Conv3d(64, 128, kernel_size=(3, 3, 3), stride=(2, 2, 2), padding=(1, 1, 1))
          (instnorm): InstanceNorm3d(128, eps=1e-05, momentum=0.1, affine=True, track_running_stats=False)
          (lrelu): LeakyReLU(negative_slope=0.01, inplace=True)
        )
        (1): ConvDropoutNormNonlin(
          (conv): Conv3d(128, 128, kernel_size=(3, 3, 3), stride=(1, 1, 1), padding=(1, 1, 1))
          (instnorm): InstanceNorm3d(128, eps=1e-05, momentum=0.1, affine=True, track_running_stats=False)
          (lrelu): LeakyReLU(negative_slope=0.01, inplace=True)
        )
      )
    )
    (3): StackedConvLayers(
      (blocks): Sequential(
        (0): ConvDropoutNormNonlin(
          (conv): Conv3d(128, 256, kernel_size=(3, 3, 3), stride=(2, 2, 2), padding=(1, 1, 1))
          (instnorm): InstanceNorm3d(256, eps=1e-05, momentum=0.1, affine=True, track_running_stats=False)
          (lrelu): LeakyReLU(negative_slope=0.01, inplace=True)
        )
        (1): ConvDropoutNormNonlin(
          (conv): Conv3d(256, 256, kernel_size=(3, 3, 3), stride=(1, 1, 1), padding=(1, 1, 1))
          (instnorm): InstanceNorm3d(256, eps=1e-05, momentum=0.1, affine=True, track_running_stats=False)
          (lrelu): LeakyReLU(negative_slope=0.01, inplace=True)
        )
      )
    )
    (4): StackedConvLayers(
      (blocks): Sequential(
        (0): ConvDropoutNormNonlin(
          (conv): Conv3d(256, 320, kernel_size=(3, 3, 3), stride=(2, 2, 2), padding=(1, 1, 1))
          (instnorm): InstanceNorm3d(320, eps=1e-05, momentum=0.1, affine=True, track_running_stats=False)
          (lrelu): LeakyReLU(negative_slope=0.01, inplace=True)
        )
        (1): ConvDropoutNormNonlin(
          (conv): Conv3d(320, 320, kernel_size=(3, 3, 3), stride=(1, 1, 1), padding=(1, 1, 1))
          (instnorm): InstanceNorm3d(320, eps=1e-05, momentum=0.1, affine=True, track_running_stats=False)
          (lrelu): LeakyReLU(negative_slope=0.01, inplace=True)
        )
      )
    )
    (5): Sequential(
      (0): StackedConvLayers(
        (blocks): Sequential(
          (0): ConvDropoutNormNonlin(
            (conv): Conv3d(320, 320, kernel_size=(3, 3, 3), stride=(2, 2, 2), padding=(1, 1, 1))
            (instnorm): InstanceNorm3d(320, eps=1e-05, momentum=0.1, affine=True, track_running_stats=False)
            (lrelu): LeakyReLU(negative_slope=0.01, inplace=True)
          )
        )
      )
      (1): StackedConvLayers(
        (blocks): Sequential(
          (0): ConvDropoutNormNonlin(
            (conv): Conv3d(320, 320, kernel_size=(3, 3, 3), stride=(1, 1, 1), padding=(1, 1, 1))
            (instnorm): InstanceNorm3d(320, eps=1e-05, momentum=0.1, affine=True, track_running_stats=False)
            (lrelu): LeakyReLU(negative_slope=0.01, inplace=True)
          )
        )
      )
    )
  )
  (td): ModuleList()
  (tu): ModuleList(
    (0): ConvTranspose3d(320, 320, kernel_size=(2, 2, 2), stride=(2, 2, 2), bias=False)
    (1): ConvTranspose3d(320, 256, kernel_size=(2, 2, 2), stride=(2, 2, 2), bias=False)
    (2): ConvTranspose3d(256, 128, kernel_size=(2, 2, 2), stride=(2, 2, 2), bias=False)
    (3): ConvTranspose3d(128, 64, kernel_size=(2, 2, 2), stride=(2, 2, 2), bias=False)
    (4): ConvTranspose3d(64, 32, kernel_size=(1, 2, 2), stride=(1, 2, 2), bias=False)
  )
  (seg_outputs): ModuleList(
    (0): Conv3d(320, 16, kernel_size=(1, 1, 1), stride=(1, 1, 1), bias=False)
    (1): Conv3d(256, 16, kernel_size=(1, 1, 1), stride=(1, 1, 1), bias=False)
    (2): Conv3d(128, 16, kernel_size=(1, 1, 1), stride=(1, 1, 1), bias=False)
    (3): Conv3d(64, 16, kernel_size=(1, 1, 1), stride=(1, 1, 1), bias=False)
    (4): Conv3d(32, 16, kernel_size=(1, 1, 1), stride=(1, 1, 1), bias=False)
  )
)
using the following model files:  ['/exports/lkeb-hpc/smaijer/results/nnUNet/3d_fullres/Task535/nnUNetTrainerV2__nnUNetPlansv2.1/fold_0/model_final_checkpoint.model', '/exports/lkeb-hpc/smaijer/results/nnUNet/3d_fullres/Task535/nnUNetTrainerV2__nnUNetPlansv2.1/fold_1/model_final_checkpoint.model', '/exports/lkeb-hpc/smaijer/results/nnUNet/3d_fullres/Task535/nnUNetTrainerV2__nnUNetPlansv2.1/fold_2/model_final_checkpoint.model', '/exports/lkeb-hpc/smaijer/results/nnUNet/3d_fullres/Task535/nnUNetTrainerV2__nnUNetPlansv2.1/fold_3/model_final_checkpoint.model']
starting preprocessing generator
starting prediction...
predicting /exports/lkeb-hpc/smaijer/output/535/3d_fullres/nnUNetTrainerV2/535/imagesTs/panc_0013.nii.gz
debug: mirroring True mirror_axes (0, 1, 2)
step_size: 0.5
do mirror: True
data shape: (1, 205, 581, 581)
patch size: [ 64 160 160]
steps (x, y, and z): [[0, 28, 56, 85, 113, 141], [0, 70, 140, 210, 281, 351, 421], [0, 70, 140, 210, 281, 351, 421]]
number of tiles: 294
computing Gaussian
done
prediction done
debug: mirroring True mirror_axes (0, 1, 2)
step_size: 0.5
do mirror: True
data shape: (1, 205, 581, 581)
patch size: [ 64 160 160]
steps (x, y, and z): [[0, 28, 56, 85, 113, 141], [0, 70, 140, 210, 281, 351, 421], [0, 70, 140, 210, 281, 351, 421]]
number of tiles: 294
using precomputed Gaussian
prediction done
debug: mirroring True mirror_axes (0, 1, 2)
step_size: 0.5
do mirror: True
data shape: (1, 205, 581, 581)
patch size: [ 64 160 160]
steps (x, y, and z): [[0, 28, 56, 85, 113, 141], [0, 70, 140, 210, 281, 351, 421], [0, 70, 140, 210, 281, 351, 421]]
number of tiles: 294
using precomputed Gaussian
prediction done
debug: mirroring True mirror_axes (0, 1, 2)
step_size: 0.5
do mirror: True
data shape: (1, 205, 581, 581)
patch size: [ 64 160 160]
steps (x, y, and z): [[0, 28, 56, 85, 113, 141], [0, 70, 140, 210, 281, 351, 421], [0, 70, 140, 210, 281, 351, 421]]
number of tiles: 294
using precomputed Gaussian
prediction done
This output is too large for python process-process communication. Saving output temporarily to disk
predicting /exports/lkeb-hpc/smaijer/output/535/3d_fullres/nnUNetTrainerV2/535/imagesTs/panc_0018.nii.gz
debug: mirroring True mirror_axes (0, 1, 2)
step_size: 0.5
do mirror: True
data shape: (1, 260, 629, 629)
patch size: [ 64 160 160]
steps (x, y, and z): [[0, 28, 56, 84, 112, 140, 168, 196], [0, 78, 156, 234, 313, 391, 469], [0, 78, 156, 234, 313, 391, 469]]
number of tiles: 392
using precomputed Gaussian
prediction done
debug: mirroring True mirror_axes (0, 1, 2)
step_size: 0.5
do mirror: True
data shape: (1, 260, 629, 629)
patch size: [ 64 160 160]
steps (x, y, and z): [[0, 28, 56, 84, 112, 140, 168, 196], [0, 78, 156, 234, 313, 391, 469], [0, 78, 156, 234, 313, 391, 469]]
number of tiles: 392
using precomputed Gaussian
prediction done
debug: mirroring True mirror_axes (0, 1, 2)
step_size: 0.5
do mirror: True
data shape: (1, 260, 629, 629)
patch size: [ 64 160 160]
steps (x, y, and z): [[0, 28, 56, 84, 112, 140, 168, 196], [0, 78, 156, 234, 313, 391, 469], [0, 78, 156, 234, 313, 391, 469]]
number of tiles: 392
using precomputed Gaussian
prediction done
debug: mirroring True mirror_axes (0, 1, 2)
step_size: 0.5
do mirror: True
data shape: (1, 260, 629, 629)
patch size: [ 64 160 160]
steps (x, y, and z): [[0, 28, 56, 84, 112, 140, 168, 196], [0, 78, 156, 234, 313, 391, 469], [0, 78, 156, 234, 313, 391, 469]]
number of tiles: 392
using precomputed Gaussian
prediction done
This output is too large for python process-process communication. Saving output temporarily to disk
predicting /exports/lkeb-hpc/smaijer/output/535/3d_fullres/nnUNetTrainerV2/535/imagesTs/panc_0029.nii.gz
debug: mirroring True mirror_axes (0, 1, 2)
step_size: 0.5
do mirror: True
data shape: (1, 320, 582, 582)
patch size: [ 64 160 160]
steps (x, y, and z): [[0, 32, 64, 96, 128, 160, 192, 224, 256], [0, 70, 141, 211, 281, 352, 422], [0, 70, 141, 211, 281, 352, 422]]
number of tiles: 441
using precomputed Gaussian
prediction done
debug: mirroring True mirror_axes (0, 1, 2)
step_size: 0.5
do mirror: True
data shape: (1, 320, 582, 582)
patch size: [ 64 160 160]
steps (x, y, and z): [[0, 32, 64, 96, 128, 160, 192, 224, 256], [0, 70, 141, 211, 281, 352, 422], [0, 70, 141, 211, 281, 352, 422]]
number of tiles: 441
using precomputed Gaussian
prediction done
debug: mirroring True mirror_axes (0, 1, 2)
step_size: 0.5
do mirror: True
data shape: (1, 320, 582, 582)
patch size: [ 64 160 160]
steps (x, y, and z): [[0, 32, 64, 96, 128, 160, 192, 224, 256], [0, 70, 141, 211, 281, 352, 422], [0, 70, 141, 211, 281, 352, 422]]
number of tiles: 441
using precomputed Gaussian
prediction done
debug: mirroring True mirror_axes (0, 1, 2)
step_size: 0.5
do mirror: True
data shape: (1, 320, 582, 582)
patch size: [ 64 160 160]
steps (x, y, and z): [[0, 32, 64, 96, 128, 160, 192, 224, 256], [0, 70, 141, 211, 281, 352, 422], [0, 70, 141, 211, 281, 352, 422]]
number of tiles: 441
using precomputed Gaussian
prediction done
This output is too large for python process-process communication. Saving output temporarily to disk
predicting /exports/lkeb-hpc/smaijer/output/535/3d_fullres/nnUNetTrainerV2/535/imagesTs/panc_0022.nii.gz
debug: mirroring True mirror_axes (0, 1, 2)
step_size: 0.5
do mirror: True
data shape: (1, 260, 651, 651)
patch size: [ 64 160 160]
steps (x, y, and z): [[0, 28, 56, 84, 112, 140, 168, 196], [0, 70, 140, 210, 281, 351, 421, 491], [0, 70, 140, 210, 281, 351, 421, 491]]
number of tiles: 512
using precomputed Gaussian
prediction done
debug: mirroring True mirror_axes (0, 1, 2)
step_size: 0.5
do mirror: True
data shape: (1, 260, 651, 651)
patch size: [ 64 160 160]
steps (x, y, and z): [[0, 28, 56, 84, 112, 140, 168, 196], [0, 70, 140, 210, 281, 351, 421, 491], [0, 70, 140, 210, 281, 351, 421, 491]]
number of tiles: 512
using precomputed Gaussian
prediction done
debug: mirroring True mirror_axes (0, 1, 2)
step_size: 0.5
do mirror: True
data shape: (1, 260, 651, 651)
patch size: [ 64 160 160]
steps (x, y, and z): [[0, 28, 56, 84, 112, 140, 168, 196], [0, 70, 140, 210, 281, 351, 421, 491], [0, 70, 140, 210, 281, 351, 421, 491]]
number of tiles: 512
using precomputed Gaussian
prediction done
debug: mirroring True mirror_axes (0, 1, 2)
step_size: 0.5
do mirror: True
data shape: (1, 260, 651, 651)
patch size: [ 64 160 160]
steps (x, y, and z): [[0, 28, 56, 84, 112, 140, 168, 196], [0, 70, 140, 210, 281, 351, 421, 491], [0, 70, 140, 210, 281, 351, 421, 491]]
number of tiles: 512
using precomputed Gaussian
prediction done
This output is too large for python process-process communication. Saving output temporarily to disk
predicting /exports/lkeb-hpc/smaijer/output/535/3d_fullres/nnUNetTrainerV2/535/imagesTs/panc_0008.nii.gz
debug: mirroring True mirror_axes (0, 1, 2)
step_size: 0.5
do mirror: True
data shape: (1, 252, 687, 687)
patch size: [ 64 160 160]
steps (x, y, and z): [[0, 31, 63, 94, 125, 157, 188], [0, 75, 151, 226, 301, 376, 452, 527], [0, 75, 151, 226, 301, 376, 452, 527]]
number of tiles: 448
using precomputed Gaussian
prediction done
debug: mirroring True mirror_axes (0, 1, 2)
step_size: 0.5
do mirror: True
data shape: (1, 252, 687, 687)
patch size: [ 64 160 160]
steps (x, y, and z): [[0, 31, 63, 94, 125, 157, 188], [0, 75, 151, 226, 301, 376, 452, 527], [0, 75, 151, 226, 301, 376, 452, 527]]
number of tiles: 448
using precomputed Gaussian
prediction done
debug: mirroring True mirror_axes (0, 1, 2)
step_size: 0.5
do mirror: True
data shape: (1, 252, 687, 687)
patch size: [ 64 160 160]
steps (x, y, and z): [[0, 31, 63, 94, 125, 157, 188], [0, 75, 151, 226, 301, 376, 452, 527], [0, 75, 151, 226, 301, 376, 452, 527]]
number of tiles: 448
using precomputed Gaussian
prediction done
debug: mirroring True mirror_axes (0, 1, 2)
step_size: 0.5
do mirror: True
data shape: (1, 252, 687, 687)
patch size: [ 64 160 160]
steps (x, y, and z): [[0, 31, 63, 94, 125, 157, 188], [0, 75, 151, 226, 301, 376, 452, 527], [0, 75, 151, 226, 301, 376, 452, 527]]
number of tiles: 448
using precomputed Gaussian
prediction done
This output is too large for python process-process communication. Saving output temporarily to disk
predicting /exports/lkeb-hpc/smaijer/output/535/3d_fullres/nnUNetTrainerV2/535/imagesTs/panc_0032.nii.gz
debug: mirroring True mirror_axes (0, 1, 2)
step_size: 0.5
do mirror: True
data shape: (1, 288, 690, 690)
patch size: [ 64 160 160]
steps (x, y, and z): [[0, 32, 64, 96, 128, 160, 192, 224], [0, 76, 151, 227, 303, 379, 454, 530], [0, 76, 151, 227, 303, 379, 454, 530]]
number of tiles: 512
using precomputed Gaussian
prediction done
debug: mirroring True mirror_axes (0, 1, 2)
step_size: 0.5
do mirror: True
data shape: (1, 288, 690, 690)
patch size: [ 64 160 160]
steps (x, y, and z): [[0, 32, 64, 96, 128, 160, 192, 224], [0, 76, 151, 227, 303, 379, 454, 530], [0, 76, 151, 227, 303, 379, 454, 530]]
number of tiles: 512
using precomputed Gaussian
prediction done
debug: mirroring True mirror_axes (0, 1, 2)
step_size: 0.5
do mirror: True
data shape: (1, 288, 690, 690)
patch size: [ 64 160 160]
steps (x, y, and z): [[0, 32, 64, 96, 128, 160, 192, 224], [0, 76, 151, 227, 303, 379, 454, 530], [0, 76, 151, 227, 303, 379, 454, 530]]
number of tiles: 512
using precomputed Gaussian
prediction done
debug: mirroring True mirror_axes (0, 1, 2)
step_size: 0.5
do mirror: True
data shape: (1, 288, 690, 690)
patch size: [ 64 160 160]
steps (x, y, and z): [[0, 32, 64, 96, 128, 160, 192, 224], [0, 76, 151, 227, 303, 379, 454, 530], [0, 76, 151, 227, 303, 379, 454, 530]]
number of tiles: 512
using precomputed Gaussian
prediction done
This output is too large for python process-process communication. Saving output temporarily to disk
predicting /exports/lkeb-hpc/smaijer/output/535/3d_fullres/nnUNetTrainerV2/535/imagesTs/panc_0040.nii.gz
debug: mirroring True mirror_axes (0, 1, 2)
step_size: 0.5
do mirror: True
data shape: (1, 250, 582, 582)
patch size: [ 64 160 160]
steps (x, y, and z): [[0, 31, 62, 93, 124, 155, 186], [0, 70, 141, 211, 281, 352, 422], [0, 70, 141, 211, 281, 352, 422]]
number of tiles: 343
using precomputed Gaussian
prediction done
debug: mirroring True mirror_axes (0, 1, 2)
step_size: 0.5
do mirror: True
data shape: (1, 250, 582, 582)
patch size: [ 64 160 160]
steps (x, y, and z): [[0, 31, 62, 93, 124, 155, 186], [0, 70, 141, 211, 281, 352, 422], [0, 70, 141, 211, 281, 352, 422]]
number of tiles: 343
using precomputed Gaussian
prediction done
debug: mirroring True mirror_axes (0, 1, 2)
step_size: 0.5
do mirror: True
data shape: (1, 250, 582, 582)
patch size: [ 64 160 160]
steps (x, y, and z): [[0, 31, 62, 93, 124, 155, 186], [0, 70, 141, 211, 281, 352, 422], [0, 70, 141, 211, 281, 352, 422]]
number of tiles: 343
using precomputed Gaussian
prediction done
debug: mirroring True mirror_axes (0, 1, 2)
step_size: 0.5
do mirror: True
data shape: (1, 250, 582, 582)
patch size: [ 64 160 160]
steps (x, y, and z): [[0, 31, 62, 93, 124, 155, 186], [0, 70, 141, 211, 281, 352, 422], [0, 70, 141, 211, 281, 352, 422]]
number of tiles: 343
using precomputed Gaussian
prediction done
This output is too large for python process-process communication. Saving output temporarily to disk
predicting /exports/lkeb-hpc/smaijer/output/535/3d_fullres/nnUNetTrainerV2/535/imagesTs/panc_0041.nii.gz
debug: mirroring True mirror_axes (0, 1, 2)
step_size: 0.5
do mirror: True
data shape: (1, 205, 582, 582)
patch size: [ 64 160 160]
steps (x, y, and z): [[0, 28, 56, 85, 113, 141], [0, 70, 141, 211, 281, 352, 422], [0, 70, 141, 211, 281, 352, 422]]
number of tiles: 294
using precomputed Gaussian
prediction done
debug: mirroring True mirror_axes (0, 1, 2)
step_size: 0.5
do mirror: True
data shape: (1, 205, 582, 582)
patch size: [ 64 160 160]
steps (x, y, and z): [[0, 28, 56, 85, 113, 141], [0, 70, 141, 211, 281, 352, 422], [0, 70, 141, 211, 281, 352, 422]]
number of tiles: 294
using precomputed Gaussian
prediction done
debug: mirroring True mirror_axes (0, 1, 2)
step_size: 0.5
do mirror: True
data shape: (1, 205, 582, 582)
patch size: [ 64 160 160]
steps (x, y, and z): [[0, 28, 56, 85, 113, 141], [0, 70, 141, 211, 281, 352, 422], [0, 70, 141, 211, 281, 352, 422]]
number of tiles: 294
using precomputed Gaussian
prediction done
debug: mirroring True mirror_axes (0, 1, 2)
step_size: 0.5
do mirror: True
data shape: (1, 205, 582, 582)
patch size: [ 64 160 160]
steps (x, y, and z): [[0, 28, 56, 85, 113, 141], [0, 70, 141, 211, 281, 352, 422], [0, 70, 141, 211, 281, 352, 422]]
number of tiles: 294
using precomputed Gaussian
prediction done
This output is too large for python process-process communication. Saving output temporarily to disk
predicting /exports/lkeb-hpc/smaijer/output/535/3d_fullres/nnUNetTrainerV2/535/imagesTs/panc_0056.nii.gz
debug: mirroring True mirror_axes (0, 1, 2)
step_size: 0.5
do mirror: True
data shape: (1, 238, 647, 647)
patch size: [ 64 160 160]
steps (x, y, and z): [[0, 29, 58, 87, 116, 145, 174], [0, 70, 139, 209, 278, 348, 417, 487], [0, 70, 139, 209, 278, 348, 417, 487]]
number of tiles: 448
using precomputed Gaussian
prediction done
debug: mirroring True mirror_axes (0, 1, 2)
step_size: 0.5
do mirror: True
data shape: (1, 238, 647, 647)
patch size: [ 64 160 160]
steps (x, y, and z): [[0, 29, 58, 87, 116, 145, 174], [0, 70, 139, 209, 278, 348, 417, 487], [0, 70, 139, 209, 278, 348, 417, 487]]
number of tiles: 448
using precomputed Gaussian
prediction done
debug: mirroring True mirror_axes (0, 1, 2)
step_size: 0.5
do mirror: True
data shape: (1, 238, 647, 647)
patch size: [ 64 160 160]
steps (x, y, and z): [[0, 29, 58, 87, 116, 145, 174], [0, 70, 139, 209, 278, 348, 417, 487], [0, 70, 139, 209, 278, 348, 417, 487]]
number of tiles: 448
using precomputed Gaussian
prediction done
debug: mirroring True mirror_axes (0, 1, 2)
step_size: 0.5
do mirror: True
data shape: (1, 238, 647, 647)
patch size: [ 64 160 160]
steps (x, y, and z): [[0, 29, 58, 87, 116, 145, 174], [0, 70, 139, 209, 278, 348, 417, 487], [0, 70, 139, 209, 278, 348, 417, 487]]
number of tiles: 448
using precomputed Gaussian
prediction done
This output is too large for python process-process communication. Saving output temporarily to disk
predicting /exports/lkeb-hpc/smaijer/output/535/3d_fullres/nnUNetTrainerV2/535/imagesTs/panc_0051.nii.gz
debug: mirroring True mirror_axes (0, 1, 2)
step_size: 0.5
do mirror: True
data shape: (1, 225, 576, 576)
patch size: [ 64 160 160]
steps (x, y, and z): [[0, 27, 54, 80, 107, 134, 161], [0, 69, 139, 208, 277, 347, 416], [0, 69, 139, 208, 277, 347, 416]]
number of tiles: 343
using precomputed Gaussian
prediction done
debug: mirroring True mirror_axes (0, 1, 2)
step_size: 0.5
do mirror: True
data shape: (1, 225, 576, 576)
patch size: [ 64 160 160]
steps (x, y, and z): [[0, 27, 54, 80, 107, 134, 161], [0, 69, 139, 208, 277, 347, 416], [0, 69, 139, 208, 277, 347, 416]]
number of tiles: 343
using precomputed Gaussian
prediction done
debug: mirroring True mirror_axes (0, 1, 2)
step_size: 0.5
do mirror: True
data shape: (1, 225, 576, 576)
patch size: [ 64 160 160]
steps (x, y, and z): [[0, 27, 54, 80, 107, 134, 161], [0, 69, 139, 208, 277, 347, 416], [0, 69, 139, 208, 277, 347, 416]]
number of tiles: 343
using precomputed Gaussian
prediction done
debug: mirroring True mirror_axes (0, 1, 2)
step_size: 0.5
do mirror: True
data shape: (1, 225, 576, 576)
patch size: [ 64 160 160]
steps (x, y, and z): [[0, 27, 54, 80, 107, 134, 161], [0, 69, 139, 208, 277, 347, 416], [0, 69, 139, 208, 277, 347, 416]]
number of tiles: 343
using precomputed Gaussian
prediction done
This output is too large for python process-process communication. Saving output temporarily to disk
predicting /exports/lkeb-hpc/smaijer/output/535/3d_fullres/nnUNetTrainerV2/535/imagesTs/panc_0034.nii.gz
debug: mirroring True mirror_axes (0, 1, 2)
step_size: 0.5
do mirror: True
data shape: (1, 258, 582, 582)
patch size: [ 64 160 160]
steps (x, y, and z): [[0, 28, 55, 83, 111, 139, 166, 194], [0, 70, 141, 211, 281, 352, 422], [0, 70, 141, 211, 281, 352, 422]]
number of tiles: 392
using precomputed Gaussian
prediction done
debug: mirroring True mirror_axes (0, 1, 2)
step_size: 0.5
do mirror: True
data shape: (1, 258, 582, 582)
patch size: [ 64 160 160]
steps (x, y, and z): [[0, 28, 55, 83, 111, 139, 166, 194], [0, 70, 141, 211, 281, 352, 422], [0, 70, 141, 211, 281, 352, 422]]
number of tiles: 392
using precomputed Gaussian
prediction done
debug: mirroring True mirror_axes (0, 1, 2)
step_size: 0.5
do mirror: True
data shape: (1, 258, 582, 582)
patch size: [ 64 160 160]
steps (x, y, and z): [[0, 28, 55, 83, 111, 139, 166, 194], [0, 70, 141, 211, 281, 352, 422], [0, 70, 141, 211, 281, 352, 422]]
number of tiles: 392
using precomputed Gaussian
prediction done
debug: mirroring True mirror_axes (0, 1, 2)
step_size: 0.5
do mirror: True
data shape: (1, 258, 582, 582)
patch size: [ 64 160 160]
steps (x, y, and z): [[0, 28, 55, 83, 111, 139, 166, 194], [0, 70, 141, 211, 281, 352, 422], [0, 70, 141, 211, 281, 352, 422]]
number of tiles: 392
using precomputed Gaussian
prediction done
This output is too large for python process-process communication. Saving output temporarily to disk
predicting /exports/lkeb-hpc/smaijer/output/535/3d_fullres/nnUNetTrainerV2/535/imagesTs/panc_0061.nii.gz
debug: mirroring True mirror_axes (0, 1, 2)
step_size: 0.5
do mirror: True
data shape: (1, 195, 582, 582)
patch size: [ 64 160 160]
steps (x, y, and z): [[0, 26, 52, 79, 105, 131], [0, 70, 141, 211, 281, 352, 422], [0, 70, 141, 211, 281, 352, 422]]
number of tiles: 294
using precomputed Gaussian
prediction done
debug: mirroring True mirror_axes (0, 1, 2)
step_size: 0.5
do mirror: True
data shape: (1, 195, 582, 582)
patch size: [ 64 160 160]
steps (x, y, and z): [[0, 26, 52, 79, 105, 131], [0, 70, 141, 211, 281, 352, 422], [0, 70, 141, 211, 281, 352, 422]]
number of tiles: 294
using precomputed Gaussian
prediction done
debug: mirroring True mirror_axes (0, 1, 2)
step_size: 0.5
do mirror: True
data shape: (1, 195, 582, 582)
patch size: [ 64 160 160]
steps (x, y, and z): [[0, 26, 52, 79, 105, 131], [0, 70, 141, 211, 281, 352, 422], [0, 70, 141, 211, 281, 352, 422]]
number of tiles: 294
using precomputed Gaussian
prediction done
debug: mirroring True mirror_axes (0, 1, 2)
step_size: 0.5
do mirror: True
data shape: (1, 195, 582, 582)
patch size: [ 64 160 160]
steps (x, y, and z): [[0, 26, 52, 79, 105, 131], [0, 70, 141, 211, 281, 352, 422], [0, 70, 141, 211, 281, 352, 422]]
number of tiles: 294
using precomputed Gaussian
prediction done
This output is too large for python process-process communication. Saving output temporarily to disk
predicting /exports/lkeb-hpc/smaijer/output/535/3d_fullres/nnUNetTrainerV2/535/imagesTs/panc_0070.nii.gz
debug: mirroring True mirror_axes (0, 1, 2)
step_size: 0.5
do mirror: True
data shape: (1, 258, 584, 584)
patch size: [ 64 160 160]
steps (x, y, and z): [[0, 28, 55, 83, 111, 139, 166, 194], [0, 71, 141, 212, 283, 353, 424], [0, 71, 141, 212, 283, 353, 424]]
number of tiles: 392
using precomputed Gaussian
prediction done
debug: mirroring True mirror_axes (0, 1, 2)
step_size: 0.5
do mirror: True
data shape: (1, 258, 584, 584)
patch size: [ 64 160 160]
steps (x, y, and z): [[0, 28, 55, 83, 111, 139, 166, 194], [0, 71, 141, 212, 283, 353, 424], [0, 71, 141, 212, 283, 353, 424]]
number of tiles: 392
using precomputed Gaussian
prediction done
debug: mirroring True mirror_axes (0, 1, 2)
step_size: 0.5
do mirror: True
data shape: (1, 258, 584, 584)
patch size: [ 64 160 160]
steps (x, y, and z): [[0, 28, 55, 83, 111, 139, 166, 194], [0, 71, 141, 212, 283, 353, 424], [0, 71, 141, 212, 283, 353, 424]]
number of tiles: 392
using precomputed Gaussian
prediction done
debug: mirroring True mirror_axes (0, 1, 2)
step_size: 0.5
do mirror: True
data shape: (1, 258, 584, 584)
patch size: [ 64 160 160]
steps (x, y, and z): [[0, 28, 55, 83, 111, 139, 166, 194], [0, 71, 141, 212, 283, 353, 424], [0, 71, 141, 212, 283, 353, 424]]
number of tiles: 392
using precomputed Gaussian
prediction done
This output is too large for python process-process communication. Saving output temporarily to disk
predicting /exports/lkeb-hpc/smaijer/output/535/3d_fullres/nnUNetTrainerV2/535/imagesTs/panc_0073.nii.gz
debug: mirroring True mirror_axes (0, 1, 2)
step_size: 0.5
do mirror: True
data shape: (1, 228, 582, 582)
patch size: [ 64 160 160]
steps (x, y, and z): [[0, 27, 55, 82, 109, 137, 164], [0, 70, 141, 211, 281, 352, 422], [0, 70, 141, 211, 281, 352, 422]]
number of tiles: 343
using precomputed Gaussian
prediction done
debug: mirroring True mirror_axes (0, 1, 2)
step_size: 0.5
do mirror: True
data shape: (1, 228, 582, 582)
patch size: [ 64 160 160]
steps (x, y, and z): [[0, 27, 55, 82, 109, 137, 164], [0, 70, 141, 211, 281, 352, 422], [0, 70, 141, 211, 281, 352, 422]]
number of tiles: 343
using precomputed Gaussian
prediction done
debug: mirroring True mirror_axes (0, 1, 2)
step_size: 0.5
do mirror: True
data shape: (1, 228, 582, 582)
patch size: [ 64 160 160]
steps (x, y, and z): [[0, 27, 55, 82, 109, 137, 164], [0, 70, 141, 211, 281, 352, 422], [0, 70, 141, 211, 281, 352, 422]]
number of tiles: 343
using precomputed Gaussian
prediction done
debug: mirroring True mirror_axes (0, 1, 2)
step_size: 0.5
do mirror: True
data shape: (1, 228, 582, 582)
patch size: [ 64 160 160]
steps (x, y, and z): [[0, 27, 55, 82, 109, 137, 164], [0, 70, 141, 211, 281, 352, 422], [0, 70, 141, 211, 281, 352, 422]]
number of tiles: 343
using precomputed Gaussian
prediction done
This output is too large for python process-process communication. Saving output temporarily to disk
predicting /exports/lkeb-hpc/smaijer/output/535/3d_fullres/nnUNetTrainerV2/535/imagesTs/panc_0087.nii.gz
debug: mirroring True mirror_axes (0, 1, 2)
step_size: 0.5
do mirror: True
data shape: (1, 218, 582, 582)
patch size: [ 64 160 160]
steps (x, y, and z): [[0, 31, 62, 92, 123, 154], [0, 70, 141, 211, 281, 352, 422], [0, 70, 141, 211, 281, 352, 422]]
number of tiles: 294
using precomputed Gaussian
prediction done
debug: mirroring True mirror_axes (0, 1, 2)
step_size: 0.5
do mirror: True
data shape: (1, 218, 582, 582)
patch size: [ 64 160 160]
steps (x, y, and z): [[0, 31, 62, 92, 123, 154], [0, 70, 141, 211, 281, 352, 422], [0, 70, 141, 211, 281, 352, 422]]
number of tiles: 294
using precomputed Gaussian
prediction done
debug: mirroring True mirror_axes (0, 1, 2)
step_size: 0.5
do mirror: True
data shape: (1, 218, 582, 582)
patch size: [ 64 160 160]
steps (x, y, and z): [[0, 31, 62, 92, 123, 154], [0, 70, 141, 211, 281, 352, 422], [0, 70, 141, 211, 281, 352, 422]]
number of tiles: 294
using precomputed Gaussian
prediction done
debug: mirroring True mirror_axes (0, 1, 2)
step_size: 0.5
do mirror: True
data shape: (1, 218, 582, 582)
patch size: [ 64 160 160]
steps (x, y, and z): [[0, 31, 62, 92, 123, 154], [0, 70, 141, 211, 281, 352, 422], [0, 70, 141, 211, 281, 352, 422]]
number of tiles: 294
using precomputed Gaussian
prediction done
This output is too large for python process-process communication. Saving output temporarily to disk
predicting /exports/lkeb-hpc/smaijer/output/535/3d_fullres/nnUNetTrainerV2/535/imagesTs/panc_0085.nii.gz
debug: mirroring True mirror_axes (0, 1, 2)
step_size: 0.5
do mirror: True
data shape: (1, 310, 522, 522)
patch size: [ 64 160 160]
steps (x, y, and z): [[0, 31, 62, 92, 123, 154, 184, 215, 246], [0, 72, 145, 217, 290, 362], [0, 72, 145, 217, 290, 362]]
number of tiles: 324
using precomputed Gaussian
prediction done
debug: mirroring True mirror_axes (0, 1, 2)
step_size: 0.5
do mirror: True
data shape: (1, 310, 522, 522)
patch size: [ 64 160 160]
steps (x, y, and z): [[0, 31, 62, 92, 123, 154, 184, 215, 246], [0, 72, 145, 217, 290, 362], [0, 72, 145, 217, 290, 362]]
number of tiles: 324
using precomputed Gaussian
prediction done
debug: mirroring True mirror_axes (0, 1, 2)
step_size: 0.5
do mirror: True
data shape: (1, 310, 522, 522)
patch size: [ 64 160 160]
steps (x, y, and z): [[0, 31, 62, 92, 123, 154, 184, 215, 246], [0, 72, 145, 217, 290, 362], [0, 72, 145, 217, 290, 362]]
number of tiles: 324
using precomputed Gaussian
prediction done
debug: mirroring True mirror_axes (0, 1, 2)
step_size: 0.5
do mirror: True
data shape: (1, 310, 522, 522)
patch size: [ 64 160 160]
steps (x, y, and z): [[0, 31, 62, 92, 123, 154, 184, 215, 246], [0, 72, 145, 217, 290, 362], [0, 72, 145, 217, 290, 362]]
number of tiles: 324
using precomputed Gaussian
prediction done
This output is too large for python process-process communication. Saving output temporarily to disk
predicting /exports/lkeb-hpc/smaijer/output/535/3d_fullres/nnUNetTrainerV2/535/imagesTs/panc_0063.nii.gz
debug: mirroring True mirror_axes (0, 1, 2)
step_size: 0.5
do mirror: True
data shape: (1, 280, 582, 582)
patch size: [ 64 160 160]
steps (x, y, and z): [[0, 31, 62, 93, 123, 154, 185, 216], [0, 70, 141, 211, 281, 352, 422], [0, 70, 141, 211, 281, 352, 422]]
number of tiles: 392
using precomputed Gaussian
prediction done
debug: mirroring True mirror_axes (0, 1, 2)
step_size: 0.5
do mirror: True
data shape: (1, 280, 582, 582)
patch size: [ 64 160 160]
steps (x, y, and z): [[0, 31, 62, 93, 123, 154, 185, 216], [0, 70, 141, 211, 281, 352, 422], [0, 70, 141, 211, 281, 352, 422]]
number of tiles: 392
using precomputed Gaussian
prediction done
debug: mirroring True mirror_axes (0, 1, 2)
step_size: 0.5
do mirror: True
data shape: (1, 280, 582, 582)
patch size: [ 64 160 160]
steps (x, y, and z): [[0, 31, 62, 93, 123, 154, 185, 216], [0, 70, 141, 211, 281, 352, 422], [0, 70, 141, 211, 281, 352, 422]]
number of tiles: 392
using precomputed Gaussian
prediction done
debug: mirroring True mirror_axes (0, 1, 2)
step_size: 0.5
do mirror: True
data shape: (1, 280, 582, 582)
patch size: [ 64 160 160]
steps (x, y, and z): [[0, 31, 62, 93, 123, 154, 185, 216], [0, 70, 141, 211, 281, 352, 422], [0, 70, 141, 211, 281, 352, 422]]
number of tiles: 392
using precomputed Gaussian
prediction done
This output is too large for python process-process communication. Saving output temporarily to disk
predicting /exports/lkeb-hpc/smaijer/output/535/3d_fullres/nnUNetTrainerV2/535/imagesTs/panc_0090.nii.gz
debug: mirroring True mirror_axes (0, 1, 2)
step_size: 0.5
do mirror: True
data shape: (1, 240, 771, 771)
patch size: [ 64 160 160]
steps (x, y, and z): [[0, 29, 59, 88, 117, 147, 176], [0, 76, 153, 229, 306, 382, 458, 535, 611], [0, 76, 153, 229, 306, 382, 458, 535, 611]]
number of tiles: 567
using precomputed Gaussian
prediction done
debug: mirroring True mirror_axes (0, 1, 2)
step_size: 0.5
do mirror: True
data shape: (1, 240, 771, 771)
patch size: [ 64 160 160]
steps (x, y, and z): [[0, 29, 59, 88, 117, 147, 176], [0, 76, 153, 229, 306, 382, 458, 535, 611], [0, 76, 153, 229, 306, 382, 458, 535, 611]]
number of tiles: 567
using precomputed Gaussian
prediction done
debug: mirroring True mirror_axes (0, 1, 2)
step_size: 0.5
do mirror: True
data shape: (1, 240, 771, 771)
patch size: [ 64 160 160]
steps (x, y, and z): [[0, 29, 59, 88, 117, 147, 176], [0, 76, 153, 229, 306, 382, 458, 535, 611], [0, 76, 153, 229, 306, 382, 458, 535, 611]]
number of tiles: 567
using precomputed Gaussian
prediction done
debug: mirroring True mirror_axes (0, 1, 2)
step_size: 0.5
do mirror: True
data shape: (1, 240, 771, 771)
patch size: [ 64 160 160]
steps (x, y, and z): [[0, 29, 59, 88, 117, 147, 176], [0, 76, 153, 229, 306, 382, 458, 535, 611], [0, 76, 153, 229, 306, 382, 458, 535, 611]]
number of tiles: 567
using precomputed Gaussian
prediction done
This output is too large for python process-process communication. Saving output temporarily to disk
predicting /exports/lkeb-hpc/smaijer/output/535/3d_fullres/nnUNetTrainerV2/535/imagesTs/panc_0108.nii.gz
debug: mirroring True mirror_axes (0, 1, 2)
step_size: 0.5
do mirror: True
data shape: (1, 278, 582, 582)
patch size: [ 64 160 160]
steps (x, y, and z): [[0, 31, 61, 92, 122, 153, 183, 214], [0, 70, 141, 211, 281, 352, 422], [0, 70, 141, 211, 281, 352, 422]]
number of tiles: 392
using precomputed Gaussian
prediction done
debug: mirroring True mirror_axes (0, 1, 2)
step_size: 0.5
do mirror: True
data shape: (1, 278, 582, 582)
patch size: [ 64 160 160]
steps (x, y, and z): [[0, 31, 61, 92, 122, 153, 183, 214], [0, 70, 141, 211, 281, 352, 422], [0, 70, 141, 211, 281, 352, 422]]
number of tiles: 392
using precomputed Gaussian
prediction done
debug: mirroring True mirror_axes (0, 1, 2)
step_size: 0.5
do mirror: True
data shape: (1, 278, 582, 582)
patch size: [ 64 160 160]
steps (x, y, and z): [[0, 31, 61, 92, 122, 153, 183, 214], [0, 70, 141, 211, 281, 352, 422], [0, 70, 141, 211, 281, 352, 422]]
number of tiles: 392
using precomputed Gaussian
prediction done
debug: mirroring True mirror_axes (0, 1, 2)
step_size: 0.5
do mirror: True
data shape: (1, 278, 582, 582)
patch size: [ 64 160 160]
steps (x, y, and z): [[0, 31, 61, 92, 122, 153, 183, 214], [0, 70, 141, 211, 281, 352, 422], [0, 70, 141, 211, 281, 352, 422]]
number of tiles: 392
using precomputed Gaussian
prediction done
This output is too large for python process-process communication. Saving output temporarily to disk
predicting /exports/lkeb-hpc/smaijer/output/535/3d_fullres/nnUNetTrainerV2/535/imagesTs/panc_0112.nii.gz
debug: mirroring True mirror_axes (0, 1, 2)
step_size: 0.5
do mirror: True
data shape: (1, 250, 690, 690)
patch size: [ 64 160 160]
steps (x, y, and z): [[0, 31, 62, 93, 124, 155, 186], [0, 76, 151, 227, 303, 379, 454, 530], [0, 76, 151, 227, 303, 379, 454, 530]]
number of tiles: 448
using precomputed Gaussian
prediction done
debug: mirroring True mirror_axes (0, 1, 2)
step_size: 0.5
do mirror: True
data shape: (1, 250, 690, 690)
patch size: [ 64 160 160]
steps (x, y, and z): [[0, 31, 62, 93, 124, 155, 186], [0, 76, 151, 227, 303, 379, 454, 530], [0, 76, 151, 227, 303, 379, 454, 530]]
number of tiles: 448
using precomputed Gaussian
prediction done
debug: mirroring True mirror_axes (0, 1, 2)
step_size: 0.5
do mirror: True
data shape: (1, 250, 690, 690)
patch size: [ 64 160 160]
steps (x, y, and z): [[0, 31, 62, 93, 124, 155, 186], [0, 76, 151, 227, 303, 379, 454, 530], [0, 76, 151, 227, 303, 379, 454, 530]]
number of tiles: 448
using precomputed Gaussian
prediction done
debug: mirroring True mirror_axes (0, 1, 2)
step_size: 0.5
do mirror: True
data shape: (1, 250, 690, 690)
patch size: [ 64 160 160]
steps (x, y, and z): [[0, 31, 62, 93, 124, 155, 186], [0, 76, 151, 227, 303, 379, 454, 530], [0, 76, 151, 227, 303, 379, 454, 530]]
number of tiles: 448
using precomputed Gaussian
prediction done
This output is too large for python process-process communication. Saving output temporarily to disk
predicting /exports/lkeb-hpc/smaijer/output/535/3d_fullres/nnUNetTrainerV2/535/imagesTs/panc_0120.nii.gz
debug: mirroring True mirror_axes (0, 1, 2)
step_size: 0.5
do mirror: True
data shape: (1, 218, 582, 582)
patch size: [ 64 160 160]
steps (x, y, and z): [[0, 31, 62, 92, 123, 154], [0, 70, 141, 211, 281, 352, 422], [0, 70, 141, 211, 281, 352, 422]]
number of tiles: 294
using precomputed Gaussian
prediction done
debug: mirroring True mirror_axes (0, 1, 2)
step_size: 0.5
do mirror: True
data shape: (1, 218, 582, 582)
patch size: [ 64 160 160]
steps (x, y, and z): [[0, 31, 62, 92, 123, 154], [0, 70, 141, 211, 281, 352, 422], [0, 70, 141, 211, 281, 352, 422]]
number of tiles: 294
using precomputed Gaussian
prediction done
debug: mirroring True mirror_axes (0, 1, 2)
step_size: 0.5
do mirror: True
data shape: (1, 218, 582, 582)
patch size: [ 64 160 160]
steps (x, y, and z): [[0, 31, 62, 92, 123, 154], [0, 70, 141, 211, 281, 352, 422], [0, 70, 141, 211, 281, 352, 422]]
number of tiles: 294
using precomputed Gaussian
prediction done
debug: mirroring True mirror_axes (0, 1, 2)
step_size: 0.5
do mirror: True
data shape: (1, 218, 582, 582)
patch size: [ 64 160 160]
steps (x, y, and z): [[0, 31, 62, 92, 123, 154], [0, 70, 141, 211, 281, 352, 422], [0, 70, 141, 211, 281, 352, 422]]
number of tiles: 294
using precomputed Gaussian
prediction done
This output is too large for python process-process communication. Saving output temporarily to disk
predicting /exports/lkeb-hpc/smaijer/output/535/3d_fullres/nnUNetTrainerV2/535/imagesTs/panc_0117.nii.gz
debug: mirroring True mirror_axes (0, 1, 2)
step_size: 0.5
do mirror: True
data shape: (1, 258, 567, 567)
patch size: [ 64 160 160]
steps (x, y, and z): [[0, 28, 55, 83, 111, 139, 166, 194], [0, 68, 136, 204, 271, 339, 407], [0, 68, 136, 204, 271, 339, 407]]
number of tiles: 392
using precomputed Gaussian
prediction done
debug: mirroring True mirror_axes (0, 1, 2)
step_size: 0.5
do mirror: True
data shape: (1, 258, 567, 567)
patch size: [ 64 160 160]
steps (x, y, and z): [[0, 28, 55, 83, 111, 139, 166, 194], [0, 68, 136, 204, 271, 339, 407], [0, 68, 136, 204, 271, 339, 407]]
number of tiles: 392
using precomputed Gaussian
prediction done
debug: mirroring True mirror_axes (0, 1, 2)
step_size: 0.5
do mirror: True
data shape: (1, 258, 567, 567)
patch size: [ 64 160 160]
steps (x, y, and z): [[0, 28, 55, 83, 111, 139, 166, 194], [0, 68, 136, 204, 271, 339, 407], [0, 68, 136, 204, 271, 339, 407]]
number of tiles: 392
using precomputed Gaussian
prediction done
debug: mirroring True mirror_axes (0, 1, 2)
step_size: 0.5
do mirror: True
data shape: (1, 258, 567, 567)
patch size: [ 64 160 160]
steps (x, y, and z): [[0, 28, 55, 83, 111, 139, 166, 194], [0, 68, 136, 204, 271, 339, 407], [0, 68, 136, 204, 271, 339, 407]]
number of tiles: 392
using precomputed Gaussian
prediction done
This output is too large for python process-process communication. Saving output temporarily to disk
predicting /exports/lkeb-hpc/smaijer/output/535/3d_fullres/nnUNetTrainerV2/535/imagesTs/panc_0106.nii.gz
debug: mirroring True mirror_axes (0, 1, 2)
step_size: 0.5
do mirror: True
data shape: (1, 262, 721, 721)
patch size: [ 64 160 160]
steps (x, y, and z): [[0, 28, 57, 85, 113, 141, 170, 198], [0, 70, 140, 210, 280, 351, 421, 491, 561], [0, 70, 140, 210, 280, 351, 421, 491, 561]]
number of tiles: 648
using precomputed Gaussian
prediction done
debug: mirroring True mirror_axes (0, 1, 2)
step_size: 0.5
do mirror: True
data shape: (1, 262, 721, 721)
patch size: [ 64 160 160]
steps (x, y, and z): [[0, 28, 57, 85, 113, 141, 170, 198], [0, 70, 140, 210, 280, 351, 421, 491, 561], [0, 70, 140, 210, 280, 351, 421, 491, 561]]
number of tiles: 648
using precomputed Gaussian
prediction done
debug: mirroring True mirror_axes (0, 1, 2)
step_size: 0.5
do mirror: True
data shape: (1, 262, 721, 721)
patch size: [ 64 160 160]
steps (x, y, and z): [[0, 28, 57, 85, 113, 141, 170, 198], [0, 70, 140, 210, 280, 351, 421, 491, 561], [0, 70, 140, 210, 280, 351, 421, 491, 561]]
number of tiles: 648
using precomputed Gaussian
prediction done
debug: mirroring True mirror_axes (0, 1, 2)
step_size: 0.5
do mirror: True
data shape: (1, 262, 721, 721)
patch size: [ 64 160 160]
steps (x, y, and z): [[0, 28, 57, 85, 113, 141, 170, 198], [0, 70, 140, 210, 280, 351, 421, 491, 561], [0, 70, 140, 210, 280, 351, 421, 491, 561]]
number of tiles: 648
using precomputed Gaussian
prediction done
This output is too large for python process-process communication. Saving output temporarily to disk
predicting /exports/lkeb-hpc/smaijer/output/535/3d_fullres/nnUNetTrainerV2/535/imagesTs/panc_0123.nii.gz
debug: mirroring True mirror_axes (0, 1, 2)
step_size: 0.5
do mirror: True
data shape: (1, 280, 582, 582)
patch size: [ 64 160 160]
steps (x, y, and z): [[0, 31, 62, 93, 123, 154, 185, 216], [0, 70, 141, 211, 281, 352, 422], [0, 70, 141, 211, 281, 352, 422]]
number of tiles: 392
using precomputed Gaussian
prediction done
debug: mirroring True mirror_axes (0, 1, 2)
step_size: 0.5
do mirror: True
data shape: (1, 280, 582, 582)
patch size: [ 64 160 160]
steps (x, y, and z): [[0, 31, 62, 93, 123, 154, 185, 216], [0, 70, 141, 211, 281, 352, 422], [0, 70, 141, 211, 281, 352, 422]]
number of tiles: 392
using precomputed Gaussian
prediction done
debug: mirroring True mirror_axes (0, 1, 2)
step_size: 0.5
do mirror: True
data shape: (1, 280, 582, 582)
patch size: [ 64 160 160]
steps (x, y, and z): [[0, 31, 62, 93, 123, 154, 185, 216], [0, 70, 141, 211, 281, 352, 422], [0, 70, 141, 211, 281, 352, 422]]
number of tiles: 392
using precomputed Gaussian
prediction done
debug: mirroring True mirror_axes (0, 1, 2)
step_size: 0.5
do mirror: True
data shape: (1, 280, 582, 582)
patch size: [ 64 160 160]
steps (x, y, and z): [[0, 31, 62, 93, 123, 154, 185, 216], [0, 70, 141, 211, 281, 352, 422], [0, 70, 141, 211, 281, 352, 422]]
number of tiles: 392
using precomputed Gaussian
prediction done
This output is too large for python process-process communication. Saving output temporarily to disk
predicting /exports/lkeb-hpc/smaijer/output/535/3d_fullres/nnUNetTrainerV2/535/imagesTs/panc_0132.nii.gz
debug: mirroring True mirror_axes (0, 1, 2)
step_size: 0.5
do mirror: True
data shape: (1, 328, 715, 715)
patch size: [ 64 160 160]
steps (x, y, and z): [[0, 29, 59, 88, 117, 147, 176, 205, 235, 264], [0, 79, 159, 238, 317, 396, 476, 555], [0, 79, 159, 238, 317, 396, 476, 555]]
number of tiles: 640
using precomputed Gaussian
prediction done
debug: mirroring True mirror_axes (0, 1, 2)
step_size: 0.5
do mirror: True
data shape: (1, 328, 715, 715)
patch size: [ 64 160 160]
steps (x, y, and z): [[0, 29, 59, 88, 117, 147, 176, 205, 235, 264], [0, 79, 159, 238, 317, 396, 476, 555], [0, 79, 159, 238, 317, 396, 476, 555]]
number of tiles: 640
using precomputed Gaussian
prediction done
debug: mirroring True mirror_axes (0, 1, 2)
step_size: 0.5
do mirror: True
data shape: (1, 328, 715, 715)
patch size: [ 64 160 160]
steps (x, y, and z): [[0, 29, 59, 88, 117, 147, 176, 205, 235, 264], [0, 79, 159, 238, 317, 396, 476, 555], [0, 79, 159, 238, 317, 396, 476, 555]]
number of tiles: 640
using precomputed Gaussian
prediction done
debug: mirroring True mirror_axes (0, 1, 2)
step_size: 0.5
do mirror: True
data shape: (1, 328, 715, 715)
patch size: [ 64 160 160]
steps (x, y, and z): [[0, 29, 59, 88, 117, 147, 176, 205, 235, 264], [0, 79, 159, 238, 317, 396, 476, 555], [0, 79, 159, 238, 317, 396, 476, 555]]
number of tiles: 640
using precomputed Gaussian
prediction done
This output is too large for python process-process communication. Saving output temporarily to disk
predicting /exports/lkeb-hpc/smaijer/output/535/3d_fullres/nnUNetTrainerV2/535/imagesTs/panc_0136.nii.gz
debug: mirroring True mirror_axes (0, 1, 2)
step_size: 0.5
do mirror: True
data shape: (1, 295, 587, 587)
patch size: [ 64 160 160]
steps (x, y, and z): [[0, 29, 58, 87, 116, 144, 173, 202, 231], [0, 71, 142, 214, 285, 356, 427], [0, 71, 142, 214, 285, 356, 427]]
number of tiles: 441
using precomputed Gaussian
prediction done
debug: mirroring True mirror_axes (0, 1, 2)
step_size: 0.5
do mirror: True
data shape: (1, 295, 587, 587)
patch size: [ 64 160 160]
steps (x, y, and z): [[0, 29, 58, 87, 116, 144, 173, 202, 231], [0, 71, 142, 214, 285, 356, 427], [0, 71, 142, 214, 285, 356, 427]]
number of tiles: 441
using precomputed Gaussian
prediction done
debug: mirroring True mirror_axes (0, 1, 2)
step_size: 0.5
do mirror: True
data shape: (1, 295, 587, 587)
patch size: [ 64 160 160]
steps (x, y, and z): [[0, 29, 58, 87, 116, 144, 173, 202, 231], [0, 71, 142, 214, 285, 356, 427], [0, 71, 142, 214, 285, 356, 427]]
number of tiles: 441
using precomputed Gaussian
prediction done
debug: mirroring True mirror_axes (0, 1, 2)
step_size: 0.5
do mirror: True
data shape: (1, 295, 587, 587)
patch size: [ 64 160 160]
steps (x, y, and z): [[0, 29, 58, 87, 116, 144, 173, 202, 231], [0, 71, 142, 214, 285, 356, 427], [0, 71, 142, 214, 285, 356, 427]]
number of tiles: 441
using precomputed Gaussian
prediction done
This output is too large for python process-process communication. Saving output temporarily to disk
predicting /exports/lkeb-hpc/smaijer/output/535/3d_fullres/nnUNetTrainerV2/535/imagesTs/panc_0144.nii.gz
debug: mirroring True mirror_axes (0, 1, 2)
step_size: 0.5
do mirror: True
data shape: (1, 338, 629, 629)
patch size: [ 64 160 160]
steps (x, y, and z): [[0, 30, 61, 91, 122, 152, 183, 213, 244, 274], [0, 78, 156, 234, 313, 391, 469], [0, 78, 156, 234, 313, 391, 469]]
number of tiles: 490
using precomputed Gaussian
prediction done
debug: mirroring True mirror_axes (0, 1, 2)
step_size: 0.5
do mirror: True
data shape: (1, 338, 629, 629)
patch size: [ 64 160 160]
steps (x, y, and z): [[0, 30, 61, 91, 122, 152, 183, 213, 244, 274], [0, 78, 156, 234, 313, 391, 469], [0, 78, 156, 234, 313, 391, 469]]
number of tiles: 490
using precomputed Gaussian
prediction done
debug: mirroring True mirror_axes (0, 1, 2)
step_size: 0.5
do mirror: True
data shape: (1, 338, 629, 629)
patch size: [ 64 160 160]
steps (x, y, and z): [[0, 30, 61, 91, 122, 152, 183, 213, 244, 274], [0, 78, 156, 234, 313, 391, 469], [0, 78, 156, 234, 313, 391, 469]]
number of tiles: 490
using precomputed Gaussian
prediction done
debug: mirroring True mirror_axes (0, 1, 2)
step_size: 0.5
do mirror: True
data shape: (1, 338, 629, 629)
patch size: [ 64 160 160]
steps (x, y, and z): [[0, 30, 61, 91, 122, 152, 183, 213, 244, 274], [0, 78, 156, 234, 313, 391, 469], [0, 78, 156, 234, 313, 391, 469]]
number of tiles: 490
using precomputed Gaussian
prediction done
This output is too large for python process-process communication. Saving output temporarily to disk
predicting /exports/lkeb-hpc/smaijer/output/535/3d_fullres/nnUNetTrainerV2/535/imagesTs/panc_0140.nii.gz
debug: mirroring True mirror_axes (0, 1, 2)
step_size: 0.5
do mirror: True
data shape: (1, 258, 668, 668)
patch size: [ 64 160 160]
steps (x, y, and z): [[0, 28, 55, 83, 111, 139, 166, 194], [0, 73, 145, 218, 290, 363, 435, 508], [0, 73, 145, 218, 290, 363, 435, 508]]
number of tiles: 512
using precomputed Gaussian
prediction done
debug: mirroring True mirror_axes (0, 1, 2)
step_size: 0.5
do mirror: True
data shape: (1, 258, 668, 668)
patch size: [ 64 160 160]
steps (x, y, and z): [[0, 28, 55, 83, 111, 139, 166, 194], [0, 73, 145, 218, 290, 363, 435, 508], [0, 73, 145, 218, 290, 363, 435, 508]]
number of tiles: 512
using precomputed Gaussian
prediction done
debug: mirroring True mirror_axes (0, 1, 2)
step_size: 0.5
do mirror: True
data shape: (1, 258, 668, 668)
patch size: [ 64 160 160]
steps (x, y, and z): [[0, 28, 55, 83, 111, 139, 166, 194], [0, 73, 145, 218, 290, 363, 435, 508], [0, 73, 145, 218, 290, 363, 435, 508]]
number of tiles: 512
using precomputed Gaussian
prediction done
debug: mirroring True mirror_axes (0, 1, 2)
step_size: 0.5
do mirror: True
data shape: (1, 258, 668, 668)
patch size: [ 64 160 160]
steps (x, y, and z): [[0, 28, 55, 83, 111, 139, 166, 194], [0, 73, 145, 218, 290, 363, 435, 508], [0, 73, 145, 218, 290, 363, 435, 508]]
number of tiles: 512
using precomputed Gaussian
prediction done
This output is too large for python process-process communication. Saving output temporarily to disk
predicting /exports/lkeb-hpc/smaijer/output/535/3d_fullres/nnUNetTrainerV2/535/imagesTs/panc_0128.nii.gz
debug: mirroring True mirror_axes (0, 1, 2)
step_size: 0.5
do mirror: True
data shape: (1, 248, 588, 588)
patch size: [ 64 160 160]
steps (x, y, and z): [[0, 31, 61, 92, 123, 153, 184], [0, 71, 143, 214, 285, 357, 428], [0, 71, 143, 214, 285, 357, 428]]
number of tiles: 343
using precomputed Gaussian
prediction done
debug: mirroring True mirror_axes (0, 1, 2)
step_size: 0.5
do mirror: True
data shape: (1, 248, 588, 588)
patch size: [ 64 160 160]
steps (x, y, and z): [[0, 31, 61, 92, 123, 153, 184], [0, 71, 143, 214, 285, 357, 428], [0, 71, 143, 214, 285, 357, 428]]
number of tiles: 343
using precomputed Gaussian
prediction done
debug: mirroring True mirror_axes (0, 1, 2)
step_size: 0.5
do mirror: True
data shape: (1, 248, 588, 588)
patch size: [ 64 160 160]
steps (x, y, and z): [[0, 31, 61, 92, 123, 153, 184], [0, 71, 143, 214, 285, 357, 428], [0, 71, 143, 214, 285, 357, 428]]
number of tiles: 343
using precomputed Gaussian
prediction done
debug: mirroring True mirror_axes (0, 1, 2)
step_size: 0.5
do mirror: True
data shape: (1, 248, 588, 588)
patch size: [ 64 160 160]
steps (x, y, and z): [[0, 31, 61, 92, 123, 153, 184], [0, 71, 143, 214, 285, 357, 428], [0, 71, 143, 214, 285, 357, 428]]
number of tiles: 343
using precomputed Gaussian
prediction done
This output is too large for python process-process communication. Saving output temporarily to disk
predicting /exports/lkeb-hpc/smaijer/output/535/3d_fullres/nnUNetTrainerV2/535/imagesTs/panc_0150.nii.gz
debug: mirroring True mirror_axes (0, 1, 2)
step_size: 0.5
do mirror: True
data shape: (1, 248, 718, 718)
patch size: [ 64 160 160]
steps (x, y, and z): [[0, 31, 61, 92, 123, 153, 184], [0, 80, 159, 239, 319, 399, 478, 558], [0, 80, 159, 239, 319, 399, 478, 558]]
number of tiles: 448
using precomputed Gaussian
prediction done
debug: mirroring True mirror_axes (0, 1, 2)
step_size: 0.5
do mirror: True
data shape: (1, 248, 718, 718)
patch size: [ 64 160 160]
steps (x, y, and z): [[0, 31, 61, 92, 123, 153, 184], [0, 80, 159, 239, 319, 399, 478, 558], [0, 80, 159, 239, 319, 399, 478, 558]]
number of tiles: 448
using precomputed Gaussian
prediction done
debug: mirroring True mirror_axes (0, 1, 2)
step_size: 0.5
do mirror: True
data shape: (1, 248, 718, 718)
patch size: [ 64 160 160]
steps (x, y, and z): [[0, 31, 61, 92, 123, 153, 184], [0, 80, 159, 239, 319, 399, 478, 558], [0, 80, 159, 239, 319, 399, 478, 558]]
number of tiles: 448
using precomputed Gaussian
prediction done
debug: mirroring True mirror_axes (0, 1, 2)
step_size: 0.5
do mirror: True
data shape: (1, 248, 718, 718)
patch size: [ 64 160 160]
steps (x, y, and z): [[0, 31, 61, 92, 123, 153, 184], [0, 80, 159, 239, 319, 399, 478, 558], [0, 80, 159, 239, 319, 399, 478, 558]]
number of tiles: 448
using precomputed Gaussian
prediction done
This output is too large for python process-process communication. Saving output temporarily to disk
predicting /exports/lkeb-hpc/smaijer/output/535/3d_fullres/nnUNetTrainerV2/535/imagesTs/panc_0157.nii.gz
debug: mirroring True mirror_axes (0, 1, 2)
step_size: 0.5
do mirror: True
data shape: (1, 240, 582, 582)
patch size: [ 64 160 160]
steps (x, y, and z): [[0, 29, 59, 88, 117, 147, 176], [0, 70, 141, 211, 281, 352, 422], [0, 70, 141, 211, 281, 352, 422]]
number of tiles: 343
using precomputed Gaussian
prediction done
debug: mirroring True mirror_axes (0, 1, 2)
step_size: 0.5
do mirror: True
data shape: (1, 240, 582, 582)
patch size: [ 64 160 160]
steps (x, y, and z): [[0, 29, 59, 88, 117, 147, 176], [0, 70, 141, 211, 281, 352, 422], [0, 70, 141, 211, 281, 352, 422]]
number of tiles: 343
using precomputed Gaussian
prediction done
debug: mirroring True mirror_axes (0, 1, 2)
step_size: 0.5
do mirror: True
data shape: (1, 240, 582, 582)
patch size: [ 64 160 160]
steps (x, y, and z): [[0, 29, 59, 88, 117, 147, 176], [0, 70, 141, 211, 281, 352, 422], [0, 70, 141, 211, 281, 352, 422]]
number of tiles: 343
using precomputed Gaussian
prediction done
debug: mirroring True mirror_axes (0, 1, 2)
step_size: 0.5
do mirror: True
data shape: (1, 240, 582, 582)
patch size: [ 64 160 160]
steps (x, y, and z): [[0, 29, 59, 88, 117, 147, 176], [0, 70, 141, 211, 281, 352, 422], [0, 70, 141, 211, 281, 352, 422]]
number of tiles: 343
using precomputed Gaussian
prediction done
This output is too large for python process-process communication. Saving output temporarily to disk
predicting /exports/lkeb-hpc/smaijer/output/535/3d_fullres/nnUNetTrainerV2/535/imagesTs/panc_0167.nii.gz
debug: mirroring True mirror_axes (0, 1, 2)
step_size: 0.5
do mirror: True
data shape: (1, 222, 582, 582)
patch size: [ 64 160 160]
steps (x, y, and z): [[0, 32, 63, 95, 126, 158], [0, 70, 141, 211, 281, 352, 422], [0, 70, 141, 211, 281, 352, 422]]
number of tiles: 294
using precomputed Gaussian
prediction done
debug: mirroring True mirror_axes (0, 1, 2)
step_size: 0.5
do mirror: True
data shape: (1, 222, 582, 582)
patch size: [ 64 160 160]
steps (x, y, and z): [[0, 32, 63, 95, 126, 158], [0, 70, 141, 211, 281, 352, 422], [0, 70, 141, 211, 281, 352, 422]]
number of tiles: 294
using precomputed Gaussian
prediction done
debug: mirroring True mirror_axes (0, 1, 2)
step_size: 0.5
do mirror: True
data shape: (1, 222, 582, 582)
patch size: [ 64 160 160]
steps (x, y, and z): [[0, 32, 63, 95, 126, 158], [0, 70, 141, 211, 281, 352, 422], [0, 70, 141, 211, 281, 352, 422]]
number of tiles: 294
using precomputed Gaussian
prediction done
debug: mirroring True mirror_axes (0, 1, 2)
step_size: 0.5
do mirror: True
data shape: (1, 222, 582, 582)
patch size: [ 64 160 160]
steps (x, y, and z): [[0, 32, 63, 95, 126, 158], [0, 70, 141, 211, 281, 352, 422], [0, 70, 141, 211, 281, 352, 422]]
number of tiles: 294
using precomputed Gaussian
prediction done
This output is too large for python process-process communication. Saving output temporarily to disk
predicting /exports/lkeb-hpc/smaijer/output/535/3d_fullres/nnUNetTrainerV2/535/imagesTs/panc_0176.nii.gz
debug: mirroring True mirror_axes (0, 1, 2)
step_size: 0.5
do mirror: True
data shape: (1, 308, 559, 559)
patch size: [ 64 160 160]
steps (x, y, and z): [[0, 30, 61, 92, 122, 152, 183, 214, 244], [0, 80, 160, 239, 319, 399], [0, 80, 160, 239, 319, 399]]
number of tiles: 324
using precomputed Gaussian
prediction done
debug: mirroring True mirror_axes (0, 1, 2)
step_size: 0.5
do mirror: True
data shape: (1, 308, 559, 559)
patch size: [ 64 160 160]
steps (x, y, and z): [[0, 30, 61, 92, 122, 152, 183, 214, 244], [0, 80, 160, 239, 319, 399], [0, 80, 160, 239, 319, 399]]
number of tiles: 324
using precomputed Gaussian
prediction done
debug: mirroring True mirror_axes (0, 1, 2)
step_size: 0.5
do mirror: True
data shape: (1, 308, 559, 559)
patch size: [ 64 160 160]
steps (x, y, and z): [[0, 30, 61, 92, 122, 152, 183, 214, 244], [0, 80, 160, 239, 319, 399], [0, 80, 160, 239, 319, 399]]
number of tiles: 324
using precomputed Gaussian
prediction done
debug: mirroring True mirror_axes (0, 1, 2)
step_size: 0.5
do mirror: True
data shape: (1, 308, 559, 559)
patch size: [ 64 160 160]
steps (x, y, and z): [[0, 30, 61, 92, 122, 152, 183, 214, 244], [0, 80, 160, 239, 319, 399], [0, 80, 160, 239, 319, 399]]
number of tiles: 324
using precomputed Gaussian
prediction done
This output is too large for python process-process communication. Saving output temporarily to disk
predicting /exports/lkeb-hpc/smaijer/output/535/3d_fullres/nnUNetTrainerV2/535/imagesTs/panc_0174.nii.gz
debug: mirroring True mirror_axes (0, 1, 2)
step_size: 0.5
do mirror: True
data shape: (1, 330, 729, 729)
patch size: [ 64 160 160]
steps (x, y, and z): [[0, 30, 59, 89, 118, 148, 177, 207, 236, 266], [0, 71, 142, 213, 284, 356, 427, 498, 569], [0, 71, 142, 213, 284, 356, 427, 498, 569]]
number of tiles: 810
using precomputed Gaussian
prediction done
debug: mirroring True mirror_axes (0, 1, 2)
step_size: 0.5
do mirror: True
data shape: (1, 330, 729, 729)
patch size: [ 64 160 160]
steps (x, y, and z): [[0, 30, 59, 89, 118, 148, 177, 207, 236, 266], [0, 71, 142, 213, 284, 356, 427, 498, 569], [0, 71, 142, 213, 284, 356, 427, 498, 569]]
number of tiles: 810
using precomputed Gaussian
prediction done
debug: mirroring True mirror_axes (0, 1, 2)
step_size: 0.5
do mirror: True
data shape: (1, 330, 729, 729)
patch size: [ 64 160 160]
steps (x, y, and z): [[0, 30, 59, 89, 118, 148, 177, 207, 236, 266], [0, 71, 142, 213, 284, 356, 427, 498, 569], [0, 71, 142, 213, 284, 356, 427, 498, 569]]
number of tiles: 810
using precomputed Gaussian
prediction done
debug: mirroring True mirror_axes (0, 1, 2)
step_size: 0.5
do mirror: True
data shape: (1, 330, 729, 729)
patch size: [ 64 160 160]
steps (x, y, and z): [[0, 30, 59, 89, 118, 148, 177, 207, 236, 266], [0, 71, 142, 213, 284, 356, 427, 498, 569], [0, 71, 142, 213, 284, 356, 427, 498, 569]]
number of tiles: 810
using precomputed Gaussian
prediction done
This output is too large for python process-process communication. Saving output temporarily to disk
predicting /exports/lkeb-hpc/smaijer/output/535/3d_fullres/nnUNetTrainerV2/535/imagesTs/panc_0155.nii.gz
debug: mirroring True mirror_axes (0, 1, 2)
step_size: 0.5
do mirror: True
data shape: (1, 328, 644, 644)
patch size: [ 64 160 160]
steps (x, y, and z): [[0, 29, 59, 88, 117, 147, 176, 205, 235, 264], [0, 69, 138, 207, 277, 346, 415, 484], [0, 69, 138, 207, 277, 346, 415, 484]]
number of tiles: 640
using precomputed Gaussian
prediction done
debug: mirroring True mirror_axes (0, 1, 2)
step_size: 0.5
do mirror: True
data shape: (1, 328, 644, 644)
patch size: [ 64 160 160]
steps (x, y, and z): [[0, 29, 59, 88, 117, 147, 176, 205, 235, 264], [0, 69, 138, 207, 277, 346, 415, 484], [0, 69, 138, 207, 277, 346, 415, 484]]
number of tiles: 640
using precomputed Gaussian
prediction done
debug: mirroring True mirror_axes (0, 1, 2)
step_size: 0.5
do mirror: True
data shape: (1, 328, 644, 644)
patch size: [ 64 160 160]
steps (x, y, and z): [[0, 29, 59, 88, 117, 147, 176, 205, 235, 264], [0, 69, 138, 207, 277, 346, 415, 484], [0, 69, 138, 207, 277, 346, 415, 484]]
number of tiles: 640
using precomputed Gaussian
prediction done
debug: mirroring True mirror_axes (0, 1, 2)
step_size: 0.5
do mirror: True
data shape: (1, 328, 644, 644)
patch size: [ 64 160 160]
steps (x, y, and z): [[0, 29, 59, 88, 117, 147, 176, 205, 235, 264], [0, 69, 138, 207, 277, 346, 415, 484], [0, 69, 138, 207, 277, 346, 415, 484]]
number of tiles: 640
using precomputed Gaussian
prediction done
This output is too large for python process-process communication. Saving output temporarily to disk
predicting /exports/lkeb-hpc/smaijer/output/535/3d_fullres/nnUNetTrainerV2/535/imagesTs/panc_0189.nii.gz
debug: mirroring True mirror_axes (0, 1, 2)
step_size: 0.5
do mirror: True
data shape: (1, 222, 535, 535)
patch size: [ 64 160 160]
steps (x, y, and z): [[0, 32, 63, 95, 126, 158], [0, 75, 150, 225, 300, 375], [0, 75, 150, 225, 300, 375]]
number of tiles: 216
using precomputed Gaussian
prediction done
debug: mirroring True mirror_axes (0, 1, 2)
step_size: 0.5
do mirror: True
data shape: (1, 222, 535, 535)
patch size: [ 64 160 160]
steps (x, y, and z): [[0, 32, 63, 95, 126, 158], [0, 75, 150, 225, 300, 375], [0, 75, 150, 225, 300, 375]]
number of tiles: 216
using precomputed Gaussian
