Starting at Wed Jul  6 07:48:55 CEST 2022
Running on hosts: res-hpc-lkeb05
Running on 1 nodes.
Running 1 tasks.
CPUs on node: 6.
Account: div2-lkeb
Job ID: 10628480
Job name: PancreasDeterminePostprocess
Node running script: res-hpc-lkeb05
Submit host: res-hpc-lo02.researchlumc.nl
GPUS: 0 or 
Wed Jul  6 08:23:17 2022       
+-----------------------------------------------------------------------------+
| NVIDIA-SMI 495.29.05    Driver Version: 495.29.05    CUDA Version: 11.5     |
|-------------------------------+----------------------+----------------------+
| GPU  Name        Persistence-M| Bus-Id        Disp.A | Volatile Uncorr. ECC |
| Fan  Temp  Perf  Pwr:Usage/Cap|         Memory-Usage | GPU-Util  Compute M. |
|                               |                      |               MIG M. |
|===============================+======================+======================|
|   0  Quadro RTX 6000     Off  | 00000000:D8:00.0 Off |                  Off |
| 34%   37C    P0    54W / 260W |      0MiB / 24220MiB |      0%      Default |
|                               |                      |                  N/A |
+-------------------------------+----------------------+----------------------+
                                                                               
+-----------------------------------------------------------------------------+
| Processes:                                                                  |
|  GPU   GI   CI        PID   Type   Process name                  GPU Memory |
|        ID   ID                                                   Usage      |
|=============================================================================|
|  No running processes found                                                 |
+-----------------------------------------------------------------------------+
Current working directory is /home/smaijer
Load all modules..
Done with loading all modules. Modules:
Activate conda env nnunet..
Verifying environment variables:
Installing hidden layer and nnUnet..
Collecting hiddenlayer
  Cloning https://github.com/FabianIsensee/hiddenlayer.git (to revision more_plotted_details) to /tmp/pip-install-34se05lj/hiddenlayer_34acd1d631cd4d5eab433e7f97bea7e7
  Resolved https://github.com/FabianIsensee/hiddenlayer.git to commit 4b98f9e5cccebac67368f02b95f4700b522345b1
Using legacy 'setup.py install' for hiddenlayer, since package 'wheel' is not installed.
Installing collected packages: hiddenlayer
    Running setup.py install for hiddenlayer: started
    Running setup.py install for hiddenlayer: finished with status 'done'
Successfully installed hiddenlayer-0.2
Obtaining file:///home/smaijer/code/nnUNet
Collecting torch>1.10.0
  Using cached torch-1.12.0-cp310-cp310-manylinux1_x86_64.whl (776.3 MB)
Collecting tqdm
  Using cached tqdm-4.64.0-py2.py3-none-any.whl (78 kB)
Collecting dicom2nifti
  Using cached dicom2nifti-2.4.2-py3-none-any.whl (43 kB)
Collecting scikit-image>=0.14
  Using cached scikit_image-0.19.3-cp310-cp310-manylinux_2_17_x86_64.manylinux2014_x86_64.whl (13.9 MB)
Collecting medpy
  Using cached MedPy-0.4.0-py3-none-any.whl
Collecting scipy
  Using cached scipy-1.8.1-cp310-cp310-manylinux_2_17_x86_64.manylinux2014_x86_64.whl (42.2 MB)
Collecting batchgenerators>=0.23
  Using cached batchgenerators-0.24-py3-none-any.whl
Collecting numpy
  Using cached numpy-1.23.0-cp310-cp310-manylinux_2_17_x86_64.manylinux2014_x86_64.whl (17.0 MB)
Collecting sklearn
  Using cached sklearn-0.0-py2.py3-none-any.whl
Collecting SimpleITK
  Using cached SimpleITK-2.1.1.2-cp310-cp310-manylinux_2_12_x86_64.manylinux2010_x86_64.whl (48.4 MB)
Collecting pandas
  Using cached pandas-1.4.3-cp310-cp310-manylinux_2_17_x86_64.manylinux2014_x86_64.whl (11.6 MB)
Collecting requests
  Using cached requests-2.28.1-py3-none-any.whl (62 kB)
Collecting nibabel
  Using cached nibabel-4.0.1-py3-none-any.whl (3.3 MB)
Collecting tifffile
  Using cached tifffile-2022.5.4-py3-none-any.whl (195 kB)
Collecting matplotlib
  Using cached matplotlib-3.5.2-cp310-cp310-manylinux_2_17_x86_64.manylinux2014_x86_64.whl (11.9 MB)
Collecting monai
  Using cached monai-0.9.0-202206131636-py3-none-any.whl (939 kB)
Collecting einops
  Using cached einops-0.4.1-py3-none-any.whl (28 kB)
Collecting ipython
  Using cached ipython-8.4.0-py3-none-any.whl (750 kB)
Collecting graphviz
  Using cached graphviz-0.20-py3-none-any.whl (46 kB)
Collecting threadpoolctl
  Using cached threadpoolctl-3.1.0-py3-none-any.whl (14 kB)
Collecting future
  Using cached future-0.18.2-py3-none-any.whl
Collecting scikit-learn
  Using cached scikit_learn-1.1.1-cp310-cp310-manylinux_2_17_x86_64.manylinux2014_x86_64.whl (30.4 MB)
Collecting unittest2
  Using cached unittest2-1.1.0-py2.py3-none-any.whl (96 kB)
Collecting pillow>=7.1.2
  Using cached Pillow-9.2.0-cp310-cp310-manylinux_2_28_x86_64.whl (3.2 MB)
Collecting networkx>=2.2
  Using cached networkx-2.8.4-py3-none-any.whl (2.0 MB)
Collecting imageio>=2.4.1
  Using cached imageio-2.19.3-py3-none-any.whl (3.4 MB)
Collecting PyWavelets>=1.1.1
  Using cached PyWavelets-1.3.0-cp310-cp310-manylinux_2_17_x86_64.manylinux2014_x86_64.whl (6.9 MB)
Collecting packaging>=20.0
  Using cached packaging-21.3-py3-none-any.whl (40 kB)
Collecting pyparsing!=3.0.5,>=2.0.2
  Using cached pyparsing-3.0.9-py3-none-any.whl (98 kB)
Collecting typing-extensions
  Using cached typing_extensions-4.3.0-py3-none-any.whl (25 kB)
Collecting python-gdcm
  Using cached python_gdcm-3.0.14-cp310-cp310-manylinux_2_17_x86_64.manylinux2014_x86_64.whl (12.8 MB)
Collecting pydicom>=2.2.0
  Using cached pydicom-2.3.0-py3-none-any.whl (2.0 MB)
Collecting backcall
  Using cached backcall-0.2.0-py2.py3-none-any.whl (11 kB)
Collecting matplotlib-inline
  Using cached matplotlib_inline-0.1.3-py3-none-any.whl (8.2 kB)
Collecting pickleshare
  Using cached pickleshare-0.7.5-py2.py3-none-any.whl (6.9 kB)
Collecting decorator
  Using cached decorator-5.1.1-py3-none-any.whl (9.1 kB)
Collecting pexpect>4.3
  Using cached pexpect-4.8.0-py2.py3-none-any.whl (59 kB)
Collecting setuptools>=18.5
  Using cached setuptools-63.1.0-py3-none-any.whl (1.2 MB)
Collecting stack-data
  Using cached stack_data-0.3.0-py3-none-any.whl (23 kB)
Collecting prompt-toolkit!=3.0.0,!=3.0.1,<3.1.0,>=2.0.0
  Using cached prompt_toolkit-3.0.30-py3-none-any.whl (381 kB)
Collecting pygments>=2.4.0
  Using cached Pygments-2.12.0-py3-none-any.whl (1.1 MB)
Collecting traitlets>=5
  Using cached traitlets-5.3.0-py3-none-any.whl (106 kB)
Collecting jedi>=0.16
  Using cached jedi-0.18.1-py2.py3-none-any.whl (1.6 MB)
Collecting parso<0.9.0,>=0.8.0
  Using cached parso-0.8.3-py2.py3-none-any.whl (100 kB)
Collecting ptyprocess>=0.5
  Using cached ptyprocess-0.7.0-py2.py3-none-any.whl (13 kB)
Collecting wcwidth
  Using cached wcwidth-0.2.5-py2.py3-none-any.whl (30 kB)
Collecting fonttools>=4.22.0
  Using cached fonttools-4.33.3-py3-none-any.whl (930 kB)
Collecting cycler>=0.10
  Using cached cycler-0.11.0-py3-none-any.whl (6.4 kB)
Collecting python-dateutil>=2.7
  Using cached python_dateutil-2.8.2-py2.py3-none-any.whl (247 kB)
Collecting kiwisolver>=1.0.1
  Using cached kiwisolver-1.4.3-cp310-cp310-manylinux_2_12_x86_64.manylinux2010_x86_64.whl (1.6 MB)
Collecting six>=1.5
  Using cached six-1.16.0-py2.py3-none-any.whl (11 kB)
Collecting pytz>=2020.1
  Using cached pytz-2022.1-py2.py3-none-any.whl (503 kB)
Collecting charset-normalizer<3,>=2
  Using cached charset_normalizer-2.1.0-py3-none-any.whl (39 kB)
Collecting certifi>=2017.4.17
  Using cached certifi-2022.6.15-py3-none-any.whl (160 kB)
Collecting urllib3<1.27,>=1.21.1
  Using cached urllib3-1.26.9-py2.py3-none-any.whl (138 kB)
Collecting idna<4,>=2.5
  Using cached idna-3.3-py3-none-any.whl (61 kB)
Collecting joblib>=1.0.0
  Using cached joblib-1.1.0-py2.py3-none-any.whl (306 kB)
Collecting pure-eval
  Using cached pure_eval-0.2.2-py3-none-any.whl (11 kB)
Collecting executing
  Using cached executing-0.8.3-py2.py3-none-any.whl (16 kB)
Collecting asttokens
  Using cached asttokens-2.0.5-py2.py3-none-any.whl (20 kB)
Collecting traceback2
  Using cached traceback2-1.4.0-py2.py3-none-any.whl (16 kB)
Collecting argparse
  Using cached argparse-1.4.0-py2.py3-none-any.whl (23 kB)
Collecting linecache2
  Using cached linecache2-1.0.0-py2.py3-none-any.whl (12 kB)
Installing collected packages: six, pyparsing, pillow, numpy, linecache2, wcwidth, typing-extensions, traitlets, traceback2, tifffile, threadpoolctl, setuptools, scipy, PyWavelets, pure-eval, ptyprocess, parso, packaging, networkx, joblib, imageio, executing, asttokens, argparse, urllib3, unittest2, torch, stack-data, SimpleITK, scikit-learn, scikit-image, pytz, python-gdcm, python-dateutil, pygments, pydicom, prompt-toolkit, pickleshare, pexpect, nibabel, matplotlib-inline, kiwisolver, jedi, idna, future, fonttools, decorator, cycler, charset-normalizer, certifi, backcall, tqdm, sklearn, requests, pandas, monai, medpy, matplotlib, ipython, graphviz, einops, dicom2nifti, batchgenerators, nnunet
  Running setup.py develop for nnunet
Successfully installed PyWavelets-1.3.0 SimpleITK-2.1.1.2 argparse-1.4.0 asttokens-2.0.5 backcall-0.2.0 batchgenerators-0.24 certifi-2022.6.15 charset-normalizer-2.1.0 cycler-0.11.0 decorator-5.1.1 dicom2nifti-2.4.2 einops-0.4.1 executing-0.8.3 fonttools-4.33.3 future-0.18.2 graphviz-0.20 idna-3.3 imageio-2.19.3 ipython-8.4.0 jedi-0.18.1 joblib-1.1.0 kiwisolver-1.4.3 linecache2-1.0.0 matplotlib-3.5.2 matplotlib-inline-0.1.3 medpy-0.4.0 monai-0.9.0 networkx-2.8.4 nibabel-4.0.1 nnunet numpy-1.23.0 packaging-21.3 pandas-1.4.3 parso-0.8.3 pexpect-4.8.0 pickleshare-0.7.5 pillow-9.2.0 prompt-toolkit-3.0.30 ptyprocess-0.7.0 pure-eval-0.2.2 pydicom-2.3.0 pygments-2.12.0 pyparsing-3.0.9 python-dateutil-2.8.2 python-gdcm-3.0.14 pytz-2022.1 requests-2.28.1 scikit-image-0.19.3 scikit-learn-1.1.1 scipy-1.8.1 setuptools-63.1.0 six-1.16.0 sklearn-0.0 stack-data-0.3.0 threadpoolctl-3.1.0 tifffile-2022.5.4 torch-1.12.0 tqdm-4.64.0 traceback2-1.4.0 traitlets-5.3.0 typing-extensions-4.3.0 unittest2-1.1.0 urllib3-1.26.9 wcwidth-0.2.5


Please cite the following paper when using nnUNet:

Isensee, F., Jaeger, P.F., Kohl, S.A.A. et al. "nnU-Net: a self-configuring method for deep learning-based biomedical image segmentation." Nat Methods (2020). https://doi.org/10.1038/s41592-020-01008-z


If you have questions or suggestions, feel free to open an issue at https://github.com/MIC-DKFZ/nnUNet

Foreground vs background
before: 0.8556621134707083
after:  0.6929207668107256
1
before: 0.9423947560829963
after:  0.9444199357820758
Removing all but the largest region for class 1 improved results!
min_valid_object_sizes None
10
before: 0.8367615007682945
after:  0.832037176418298
11
before: 0.7439527530034735
after:  0.7438043474308413
12
before: 0.753570398194985
after:  0.7547066705711699
Removing all but the largest region for class 12 improved results!
min_valid_object_sizes None
13
before: 0.7700500126065476
after:  0.7631321043305811
14
before: 0.8458654062337492
after:  0.8459778806561005
Removing all but the largest region for class 14 improved results!
min_valid_object_sizes None
15
before: 0.8089628530408356
after:  0.8111975226451829
Removing all but the largest region for class 15 improved results!
min_valid_object_sizes None
2
before: 0.9440732783690624
after:  0.946159443102435
Removing all but the largest region for class 2 improved results!
min_valid_object_sizes None
3
before: 0.9326230548532394
after:  0.935951938074196
Removing all but the largest region for class 3 improved results!
min_valid_object_sizes None
4
before: 0.8075359000464264
after:  0.8083449374136396
Removing all but the largest region for class 4 improved results!
min_valid_object_sizes None
5
before: 0.7876200909730855
after:  0.7833513173327915
6
before: 0.9645185442910603
after:  0.9638084662504519
7
before: 0.8759795142888844
after:  0.8786139330494557
Removing all but the largest region for class 7 improved results!
min_valid_object_sizes None
8
before: 0.9343367649562545
after:  0.9354567937725596
Removing all but the largest region for class 8 improved results!
min_valid_object_sizes None
9
before: 0.8866868743517292
after:  0.8851702337680155
done
for which classes:
[1, 12, 14, 15, 2, 3, 4, 7, 8]
min_object_sizes
None
done
Program finished with exit code 0 at: Wed Jul  6 07:48:55 CEST 2022
