Starting at Wed May 18 09:47:07 CEST 2022
Running on hosts: res-hpc-gpu02
Running on 1 nodes.
Running 1 tasks.
CPUs on node: 8.
Account: div2-lkeb
Job ID: 10261296
Job name: PancreasPreprocess
Node running script: res-hpc-gpu02
Submit host: res-hpc-lo02.researchlumc.nl
GPUS: 0 or 
Wed May 18 10:55:29 2022       
+-----------------------------------------------------------------------------+
| NVIDIA-SMI 495.29.05    Driver Version: 495.29.05    CUDA Version: 11.5     |
|-------------------------------+----------------------+----------------------+
| GPU  Name        Persistence-M| Bus-Id        Disp.A | Volatile Uncorr. ECC |
| Fan  Temp  Perf  Pwr:Usage/Cap|         Memory-Usage | GPU-Util  Compute M. |
|                               |                      |               MIG M. |
|===============================+======================+======================|
|   0  NVIDIA TITAN Xp     On   | 00000000:D8:00.0 Off |                  N/A |
| 23%   29C    P8    10W / 250W |      0MiB / 12196MiB |      0%      Default |
|                               |                      |                  N/A |
+-------------------------------+----------------------+----------------------+
                                                                               
+-----------------------------------------------------------------------------+
| Processes:                                                                  |
|  GPU   GI   CI        PID   Type   Process name                  GPU Memory |
|        ID   ID                                                   Usage      |
|=============================================================================|
|  No running processes found                                                 |
+-----------------------------------------------------------------------------+
Current working directory is /home/smaijer
Load all modules..
Done with loading all modules. Modules:
Activate conda env nnunet..
Verifying environment variables:
nnUNet_raw_data_base = /exports/lkeb-hpc/smaijer/data/nnUNet_raw_data_base
nnUNet_preprocessed = /exports/lkeb-hpc/smaijer/data/nnUNet_preprocessed
RESULTS_FOLDER = /exports/lkeb-hpc/smaijer/results
OUTPUT = /exports/lkeb-hpc/smaijer/output
Installing nnU-net..
Obtaining file:///home/smaijer/code/nnUNet
Requirement already satisfied: torch>1.10.0 in /home/smaijer/.conda/envs/nn/lib/python3.9/site-packages (from nnunet==1.7.0) (1.11.0)
Requirement already satisfied: tqdm in /home/smaijer/.conda/envs/nn/lib/python3.9/site-packages (from nnunet==1.7.0) (4.64.0)
Requirement already satisfied: dicom2nifti in /home/smaijer/.conda/envs/nn/lib/python3.9/site-packages (from nnunet==1.7.0) (2.3.2)
Requirement already satisfied: scikit-image>=0.14 in /home/smaijer/.conda/envs/nn/lib/python3.9/site-packages (from nnunet==1.7.0) (0.19.2)
Requirement already satisfied: medpy in /home/smaijer/.conda/envs/nn/lib/python3.9/site-packages (from nnunet==1.7.0) (0.4.0)
Requirement already satisfied: scipy in /home/smaijer/.conda/envs/nn/lib/python3.9/site-packages (from nnunet==1.7.0) (1.8.0)
Requirement already satisfied: batchgenerators>=0.23 in /home/smaijer/.conda/envs/nn/lib/python3.9/site-packages (from nnunet==1.7.0) (0.23)
Requirement already satisfied: numpy in /home/smaijer/.conda/envs/nn/lib/python3.9/site-packages (from nnunet==1.7.0) (1.21.2)
Requirement already satisfied: sklearn in /home/smaijer/.conda/envs/nn/lib/python3.9/site-packages (from nnunet==1.7.0) (0.0)
Requirement already satisfied: SimpleITK in /home/smaijer/.conda/envs/nn/lib/python3.9/site-packages (from nnunet==1.7.0) (2.1.1)
Requirement already satisfied: pandas in /home/smaijer/.conda/envs/nn/lib/python3.9/site-packages (from nnunet==1.7.0) (1.4.2)
Requirement already satisfied: requests in /home/smaijer/.conda/envs/nn/lib/python3.9/site-packages (from nnunet==1.7.0) (2.27.1)
Requirement already satisfied: nibabel in /home/smaijer/.conda/envs/nn/lib/python3.9/site-packages (from nnunet==1.7.0) (3.2.2)
Requirement already satisfied: tifffile in /home/smaijer/.conda/envs/nn/lib/python3.9/site-packages (from nnunet==1.7.0) (2022.4.8)
Requirement already satisfied: matplotlib in /home/smaijer/.conda/envs/nn/lib/python3.9/site-packages (from nnunet==1.7.0) (3.5.1)
Requirement already satisfied: pillow>=7.1.2 in /home/smaijer/.conda/envs/nn/lib/python3.9/site-packages (from batchgenerators>=0.23->nnunet==1.7.0) (9.0.1)
Requirement already satisfied: threadpoolctl in /home/smaijer/.conda/envs/nn/lib/python3.9/site-packages (from batchgenerators>=0.23->nnunet==1.7.0) (3.1.0)
Requirement already satisfied: future in /home/smaijer/.conda/envs/nn/lib/python3.9/site-packages (from batchgenerators>=0.23->nnunet==1.7.0) (0.18.2)
Requirement already satisfied: scikit-learn in /home/smaijer/.conda/envs/nn/lib/python3.9/site-packages (from batchgenerators>=0.23->nnunet==1.7.0) (1.0.2)
Requirement already satisfied: unittest2 in /home/smaijer/.conda/envs/nn/lib/python3.9/site-packages (from batchgenerators>=0.23->nnunet==1.7.0) (1.1.0)
Requirement already satisfied: packaging>=20.0 in /home/smaijer/.conda/envs/nn/lib/python3.9/site-packages (from scikit-image>=0.14->nnunet==1.7.0) (21.3)
Requirement already satisfied: networkx>=2.2 in /home/smaijer/.conda/envs/nn/lib/python3.9/site-packages (from scikit-image>=0.14->nnunet==1.7.0) (2.8)
Requirement already satisfied: PyWavelets>=1.1.1 in /home/smaijer/.conda/envs/nn/lib/python3.9/site-packages (from scikit-image>=0.14->nnunet==1.7.0) (1.3.0)
Requirement already satisfied: imageio>=2.4.1 in /home/smaijer/.conda/envs/nn/lib/python3.9/site-packages (from scikit-image>=0.14->nnunet==1.7.0) (2.16.2)
Requirement already satisfied: pyparsing!=3.0.5,>=2.0.2 in /home/smaijer/.conda/envs/nn/lib/python3.9/site-packages (from packaging>=20.0->scikit-image>=0.14->nnunet==1.7.0) (3.0.8)
Requirement already satisfied: typing_extensions in /home/smaijer/.conda/envs/nn/lib/python3.9/site-packages (from torch>1.10.0->nnunet==1.7.0) (4.1.1)
Requirement already satisfied: pydicom>=1.3.0 in /home/smaijer/.conda/envs/nn/lib/python3.9/site-packages (from dicom2nifti->nnunet==1.7.0) (2.3.0)
Requirement already satisfied: kiwisolver>=1.0.1 in /home/smaijer/.conda/envs/nn/lib/python3.9/site-packages (from matplotlib->nnunet==1.7.0) (1.4.2)
Requirement already satisfied: python-dateutil>=2.7 in /home/smaijer/.conda/envs/nn/lib/python3.9/site-packages (from matplotlib->nnunet==1.7.0) (2.8.2)
Requirement already satisfied: cycler>=0.10 in /home/smaijer/.conda/envs/nn/lib/python3.9/site-packages (from matplotlib->nnunet==1.7.0) (0.11.0)
Requirement already satisfied: fonttools>=4.22.0 in /home/smaijer/.conda/envs/nn/lib/python3.9/site-packages (from matplotlib->nnunet==1.7.0) (4.32.0)
Requirement already satisfied: six>=1.5 in /home/smaijer/.conda/envs/nn/lib/python3.9/site-packages (from python-dateutil>=2.7->matplotlib->nnunet==1.7.0) (1.16.0)
Requirement already satisfied: setuptools in /home/smaijer/.conda/envs/nn/lib/python3.9/site-packages (from nibabel->nnunet==1.7.0) (58.0.4)
Requirement already satisfied: pytz>=2020.1 in /home/smaijer/.conda/envs/nn/lib/python3.9/site-packages (from pandas->nnunet==1.7.0) (2022.1)
Requirement already satisfied: idna<4,>=2.5 in /home/smaijer/.conda/envs/nn/lib/python3.9/site-packages (from requests->nnunet==1.7.0) (3.3)
Requirement already satisfied: certifi>=2017.4.17 in /home/smaijer/.conda/envs/nn/lib/python3.9/site-packages (from requests->nnunet==1.7.0) (2021.10.8)
Requirement already satisfied: urllib3<1.27,>=1.21.1 in /home/smaijer/.conda/envs/nn/lib/python3.9/site-packages (from requests->nnunet==1.7.0) (1.26.8)
Requirement already satisfied: charset-normalizer~=2.0.0 in /home/smaijer/.conda/envs/nn/lib/python3.9/site-packages (from requests->nnunet==1.7.0) (2.0.4)
Requirement already satisfied: joblib>=0.11 in /home/smaijer/.conda/envs/nn/lib/python3.9/site-packages (from scikit-learn->batchgenerators>=0.23->nnunet==1.7.0) (1.1.0)
Collecting argparse
  Using cached argparse-1.4.0-py2.py3-none-any.whl (23 kB)
Requirement already satisfied: traceback2 in /home/smaijer/.conda/envs/nn/lib/python3.9/site-packages (from unittest2->batchgenerators>=0.23->nnunet==1.7.0) (1.4.0)
Requirement already satisfied: linecache2 in /home/smaijer/.conda/envs/nn/lib/python3.9/site-packages (from traceback2->unittest2->batchgenerators>=0.23->nnunet==1.7.0) (1.0.0)
Installing collected packages: argparse, nnunet
  Attempting uninstall: nnunet
    Found existing installation: nnunet 1.7.0
    Uninstalling nnunet-1.7.0:
      Successfully uninstalled nnunet-1.7.0
  Running setup.py develop for nnunet
Successfully installed argparse-1.4.0 nnunet-1.7.0


Please cite the following paper when using nnUNet:

Isensee, F., Jaeger, P.F., Kohl, S.A.A. et al. "nnU-Net: a self-configuring method for deep learning-based biomedical image segmentation." Nat Methods (2020). https://doi.org/10.1038/s41592-020-01008-z


If you have questions or suggestions, feel free to open an issue at https://github.com/MIC-DKFZ/nnUNet

Verifying training set
checking case panc_0002
checking case panc_0003
checking case panc_0004
checking case panc_0005
checking case panc_0006
checking case panc_0007
checking case panc_0008
checking case panc_0010
checking case panc_0011
checking case panc_0012
checking case panc_0014
checking case panc_0013
checking case panc_0015
checking case panc_0016
checking case panc_0019
checking case panc_0018
checking case panc_0020
checking case panc_0022
checking case panc_0021
checking case panc_0023
checking case panc_0024
checking case panc_0027
checking case panc_0028
checking case panc_0029
checking case panc_0030
checking case panc_0031
checking case panc_0032
checking case panc_0034
checking case panc_0035
checking case panc_0036
checking case panc_0037
checking case panc_0038
checking case panc_0039
checking case panc_0040
checking case panc_0042
checking case panc_0043
checking case panc_0044
checking case panc_0045
checking case panc_0046
checking case panc_0047
checking case panc_0048
checking case panc_0051
checking case panc_0050
checking case panc_0052
checking case panc_0054
checking case panc_0053
checking case panc_0055
checking case panc_0056
checking case panc_0058
checking case panc_0059
checking case panc_0060
checking case panc_0061
checking case panc_0062
checking case panc_0063
checking case panc_0064
checking case panc_0066
checking case panc_0067
checking case panc_0069
checking case panc_0068
checking case panc_0071
checking case panc_0072
checking case panc_0074
checking case panc_0075
checking case panc_0076
checking case panc_0077
checking case panc_0078
checking case panc_0079
checking case panc_0080
Verifying label values
Expected label values are [0, 1]
Labels OK
Verifying test set
Dataset OK
panc_0002
before crop: (1, 116, 113, 241) after crop: (1, 116, 113, 241) spacing: [1.        0.8984375 0.8984375] 

panc_0003
before crop: (1, 138, 133, 181) after crop: (1, 138, 133, 181) spacing: [1.        0.6640625 0.6640625] 

panc_0004
before crop: (1, 119, 126, 231) after crop: (1, 119, 126, 231) spacing: [1.        0.8984375 0.8984375] 

panc_0034
before crop: (1, 121, 123, 226) after crop: (1, 121, 123, 226) spacing: [1.         0.78200001 0.78200001] 

panc_0035
before crop: (1, 121, 112, 211) after crop: (1, 121, 112, 211) spacing: [1.       0.859375 0.859375] 

panc_0036
before crop: (1, 145, 131, 203) after crop: (1, 145, 131, 203) spacing: [1.        0.8203125 0.8203125] 

panc_0064
before crop: (1, 135, 96, 171) after crop: (1, 135, 96, 171) spacing: [1.        0.8984375 0.8984375] 

panc_0066
before crop: (1, 113, 109, 205) after crop: (1, 113, 109, 205) spacing: [1.      0.78125 0.78125] 

panc_0067
before crop: (1, 118, 102, 155) after crop: (1, 118, 102, 155) spacing: [1.        0.9765625 0.9765625] 

panc_0015
before crop: (1, 174, 150, 234) after crop: (1, 174, 150, 234) spacing: [1.      0.78125 0.78125] 

panc_0016
before crop: (1, 122, 102, 257) after crop: (1, 122, 102, 257) spacing: [1.      0.78125 0.78125] 

panc_0019
before crop: (1, 142, 97, 205) after crop: (1, 142, 97, 205) spacing: [1.        0.8984375 0.8984375] 

panc_0053
before crop: (1, 126, 127, 192) after crop: (1, 126, 127, 192) spacing: [1.        0.7421875 0.7421875] 

panc_0055
before crop: (1, 133, 140, 219) after crop: (1, 133, 140, 219) spacing: [1.         0.68359375 0.68359375] 

panc_0056
before crop: (1, 128, 94, 196) after crop: (1, 128, 94, 196) spacing: [1.        0.9765625 0.9765625] 

panc_0005
before crop: (1, 152, 118, 205) after crop: (1, 152, 118, 205) spacing: [1.         0.85799998 0.85799998] 

panc_0006
before crop: (1, 127, 92, 185) after crop: (1, 127, 92, 185) spacing: [1.     0.9375 0.9375] 

panc_0007
before crop: (1, 132, 114, 182) after crop: (1, 132, 114, 182) spacing: [1.     0.9375 0.9375] 

panc_0030
before crop: (1, 99, 80, 217) after crop: (1, 99, 80, 217) spacing: [1.         0.91796875 0.91796875] 

panc_0031
before crop: (1, 160, 109, 215) after crop: (1, 160, 109, 215) spacing: [1.      0.78125 0.78125] 

panc_0032
before crop: (1, 129, 101, 192) after crop: (1, 129, 101, 192) spacing: [1.        0.9765625 0.9765625] 

panc_0058
before crop: (1, 168, 101, 210) after crop: (1, 168, 101, 210) spacing: [0.69999999 0.78125    0.78125   ] 

panc_0059
before crop: (1, 116, 112, 202) after crop: (1, 116, 112, 202) spacing: [1.         0.93945312 0.93945312] 

panc_0060
before crop: (1, 134, 125, 216) after crop: (1, 134, 125, 216) spacing: [1.      0.78125 0.78125] 

panc_0012
before crop: (1, 125, 135, 195) after crop: (1, 125, 135, 195) spacing: [1.        0.9765625 0.9765625] 

panc_0014
before crop: (1, 135, 110, 160) after crop: (1, 135, 110, 160) spacing: [1.     0.9375 0.9375] 

panc_0013
before crop: (1, 127, 137, 204) after crop: (1, 127, 137, 204) spacing: [1.        0.7421875 0.7421875] 

panc_0037
before crop: (1, 137, 103, 246) after crop: (1, 137, 103, 246) spacing: [1.        0.7421875 0.7421875] 

panc_0038
before crop: (1, 130, 118, 237) after crop: (1, 130, 118, 237) spacing: [1.         0.78200001 0.78200001] 

panc_0039
before crop: (1, 122, 110, 219) after crop: (1, 122, 110, 219) spacing: [1.        0.8984375 0.8984375] 

panc_0069
before crop: (1, 127, 113, 212) after crop: (1, 127, 113, 212) spacing: [1.       0.859375 0.859375] 

panc_0068
before crop: (1, 132, 111, 216) after crop: (1, 132, 111, 216) spacing: [1.        0.9765625 0.9765625] 

panc_0071
before crop: (1, 131, 113, 184) after crop: (1, 131, 113, 184) spacing: [1.       0.890625 0.890625] 

panc_0021
before crop: (1, 130, 126, 225) after crop: (1, 130, 126, 225) spacing: [1.         0.95703125 0.95703125] 

panc_0023
before crop: (1, 127, 172, 250) after crop: (1, 127, 172, 250) spacing: [1.       0.703125 0.703125] 

panc_0024
before crop: (1, 125, 119, 244) after crop: (1, 125, 119, 244) spacing: [1.       0.703125 0.703125] 

panc_0050
before crop: (1, 94, 123, 219) after crop: (1, 94, 123, 219) spacing: [1.       0.703125 0.703125] 

panc_0052
before crop: (1, 123, 131, 215) after crop: (1, 123, 131, 215) spacing: [1.      0.78125 0.78125] 

panc_0054
before crop: (1, 146, 120, 207) after crop: (1, 146, 120, 207) spacing: [1.       0.859375 0.859375] 

panc_0079
before crop: (1, 126, 121, 216) after crop: (1, 126, 121, 216) spacing: [1.        0.9765625 0.9765625] 

panc_0080
before crop: (1, 126, 115, 171) after crop: (1, 126, 115, 171) spacing: [1.        0.9765625 0.9765625] 

panc_0008
before crop: (1, 141, 136, 253) after crop: (1, 141, 136, 253) spacing: [1.         0.81999999 0.81999999] 

panc_0010
before crop: (1, 144, 125, 213) after crop: (1, 144, 125, 213) spacing: [1.         0.92773438 0.92773438] 

panc_0011
before crop: (1, 148, 100, 178) after crop: (1, 148, 100, 178) spacing: [1.         0.90234375 0.90234375] 

panc_0047
before crop: (1, 113, 85, 207) after crop: (1, 113, 85, 207) spacing: [1.        0.8203125 0.8203125] 

panc_0048
before crop: (1, 128, 87, 193) after crop: (1, 128, 87, 193) spacing: [1.     0.9375 0.9375] 

panc_0051
before crop: (1, 132, 112, 233) after crop: (1, 132, 112, 233) spacing: [1.       0.703125 0.703125] 

panc_0061
before crop: (1, 154, 133, 224) after crop: (1, 154, 133, 224) spacing: [1.     0.9375 0.9375] 

panc_0062
before crop: (1, 152, 144, 184) after crop: (1, 152, 144, 184) spacing: [1.         0.93945312 0.93945312] 

panc_0063
before crop: (1, 151, 86, 230) after crop: (1, 151, 86, 230) spacing: [1.         0.74218798 0.74218798] 

panc_0018
before crop: (1, 134, 99, 206) after crop: (1, 134, 99, 206) spacing: [1.        0.9765625 0.9765625] 

panc_0020
before crop: (1, 148, 117, 226) after crop: (1, 148, 117, 226) spacing: [1.         0.85799998 0.85799998] 

panc_0022
before crop: (1, 124, 134, 248) after crop: (1, 124, 134, 248) spacing: [1.        0.6640625 0.6640625] 

panc_0044
before crop: (1, 191, 102, 213) after crop: (1, 191, 102, 213) spacing: [0.5        0.94726562 0.94726562] 

panc_0045
before crop: (1, 143, 94, 224) after crop: (1, 143, 94, 224) spacing: [1.     0.9375 0.9375] 

panc_0046
before crop: (1, 128, 132, 206) after crop: (1, 128, 132, 206) spacing: [1.         0.78200001 0.78200001] 

panc_0076
before crop: (1, 129, 113, 185) after crop: (1, 129, 113, 185) spacing: [1.        0.8984375 0.8984375] 

panc_0077
before crop: (1, 133, 103, 221) after crop: (1, 133, 103, 221) spacing: [1.       0.859375 0.859375] 

panc_0078
before crop: (1, 137, 126, 256) after crop: (1, 137, 126, 256) spacing: [1.      0.78125 0.78125] 

panc_0027
before crop: (1, 152, 137, 221) after crop: (1, 152, 137, 221) spacing: [1.        0.8203125 0.8203125] 

panc_0028
before crop: (1, 121, 114, 180) after crop: (1, 121, 114, 180) spacing: [1.        0.8984375 0.8984375] 

panc_0029
before crop: (1, 126, 117, 193) after crop: (1, 126, 117, 193) spacing: [1.      0.78125 0.78125] 

panc_0040
before crop: (1, 141, 106, 161) after crop: (1, 141, 106, 161) spacing: [1.      0.78125 0.78125] 

panc_0042
before crop: (1, 113, 140, 202) after crop: (1, 113, 140, 202) spacing: [1.         0.68359375 0.68359375] 

panc_0043
before crop: (1, 128, 146, 196) after crop: (1, 128, 146, 196) spacing: [1.         0.78200001 0.78200001] 

panc_0072
before crop: (1, 161, 105, 231) after crop: (1, 161, 105, 231) spacing: [1.         0.78200001 0.78200001] 

panc_0074
before crop: (1, 128, 117, 212) after crop: (1, 128, 117, 212) spacing: [1.     0.9375 0.9375] 

panc_0075
before crop: (1, 128, 95, 217) after crop: (1, 128, 95, 217) spacing: [1.        0.8984375 0.8984375] 




 Task551
number of threads:  (8, 8) 

Are we using the nonzero mask for normalizaion? OrderedDict([(0, False)])
the median shape of the dataset is  [128.5        113.31818182 205.16188927]
the max shape in the dataset is  [174.         157.41818182 251.95454545]
the min shape in the dataset is  [ 94.          74.27277499 139.86363636]
we don't want feature maps smaller than  4  in the bottleneck
the transposed median shape of the dataset is  [128.5        113.31818182 205.16188927]
generating configuration for 3d_fullres
{0: {'batch_size': 2, 'num_pool_per_axis': [4, 4, 5], 'patch_size': array([112, 112, 192]), 'median_patient_size_in_voxels': array([128, 113, 205]), 'current_spacing': array([1.      , 0.859375, 0.859375]), 'original_spacing': array([1.      , 0.859375, 0.859375]), 'do_dummy_2D_data_aug': False, 'pool_op_kernel_sizes': [[2, 2, 2], [2, 2, 2], [2, 2, 2], [2, 2, 2], [1, 1, 2]], 'conv_kernel_sizes': [[3, 3, 3], [3, 3, 3], [3, 3, 3], [3, 3, 3], [3, 3, 3], [3, 3, 3]]}}
transpose forward [0, 1, 2]
transpose backward [0, 1, 2]
Initializing to run preprocessing
npz folder: /exports/lkeb-hpc/smaijer/data/nnUNet_raw_data_base/nnUNet_cropped_data/Task551
output_folder: /exports/lkeb-hpc/smaijer/data/nnUNet_preprocessed/Task551
no separate z, order 3
no separate z, order 1
before: {'spacing': array([1.       , 0.8203125, 0.8203125]), 'spacing_transposed': array([1.       , 0.8203125, 0.8203125]), 'data.shape (data is transposed)': (1, 152, 137, 221)} 
after:  {'spacing': array([1.      , 0.859375, 0.859375]), 'data.shape (data is resampled)': (1, 152, 131, 211)} 

1 10000
saving:  /exports/lkeb-hpc/smaijer/data/nnUNet_preprocessed/Task551/nnUNetData_plans_v2.1_stage0/panc_0027.npz
no separate z, order 3
no separate z, order 1
before: {'spacing': array([1.       , 0.8984375, 0.8984375]), 'spacing_transposed': array([1.       , 0.8984375, 0.8984375]), 'data.shape (data is transposed)': (1, 121, 114, 180)} 
after:  {'spacing': array([1.      , 0.859375, 0.859375]), 'data.shape (data is resampled)': (1, 121, 119, 188)} 

1 10000
saving:  /exports/lkeb-hpc/smaijer/data/nnUNet_preprocessed/Task551/nnUNetData_plans_v2.1_stage0/panc_0028.npz
no separate z, order 3
no separate z, order 1
before: {'spacing': array([1.     , 0.78125, 0.78125]), 'spacing_transposed': array([1.     , 0.78125, 0.78125]), 'data.shape (data is transposed)': (1, 126, 117, 193)} 
after:  {'spacing': array([1.      , 0.859375, 0.859375]), 'data.shape (data is resampled)': (1, 126, 106, 175)} 

1 10000
saving:  /exports/lkeb-hpc/smaijer/data/nnUNet_preprocessed/Task551/nnUNetData_plans_v2.1_stage0/panc_0029.npz
no separate z, order 3
no separate z, order 1
before: {'spacing': array([1.       , 0.8203125, 0.8203125]), 'spacing_transposed': array([1.       , 0.8203125, 0.8203125]), 'data.shape (data is transposed)': (1, 113, 85, 207)} 
after:  {'spacing': array([1.      , 0.859375, 0.859375]), 'data.shape (data is resampled)': (1, 113, 81, 198)} 

1 10000
saving:  /exports/lkeb-hpc/smaijer/data/nnUNet_preprocessed/Task551/nnUNetData_plans_v2.1_stage0/panc_0047.npz
no separate z, order 3
no separate z, order 1
before: {'spacing': array([1.    , 0.9375, 0.9375]), 'spacing_transposed': array([1.    , 0.9375, 0.9375]), 'data.shape (data is transposed)': (1, 128, 87, 193)} 
after:  {'spacing': array([1.      , 0.859375, 0.859375]), 'data.shape (data is resampled)': (1, 128, 95, 211)} 

1 10000
saving:  /exports/lkeb-hpc/smaijer/data/nnUNet_preprocessed/Task551/nnUNetData_plans_v2.1_stage0/panc_0048.npz
no separate z, order 3
no separate z, order 1
before: {'spacing': array([1.      , 0.703125, 0.703125]), 'spacing_transposed': array([1.      , 0.703125, 0.703125]), 'data.shape (data is transposed)': (1, 94, 123, 219)} 
after:  {'spacing': array([1.      , 0.859375, 0.859375]), 'data.shape (data is resampled)': (1, 94, 101, 179)} 

1 10000
saving:  /exports/lkeb-hpc/smaijer/data/nnUNet_preprocessed/Task551/nnUNetData_plans_v2.1_stage0/panc_0050.npz
no separate z, order 3
no separate z, order 1
before: {'spacing': array([1.       , 0.8984375, 0.8984375]), 'spacing_transposed': array([1.       , 0.8984375, 0.8984375]), 'data.shape (data is transposed)': (1, 135, 96, 171)} 
after:  {'spacing': array([1.      , 0.859375, 0.859375]), 'data.shape (data is resampled)': (1, 135, 100, 179)} 

1 10000
saving:  /exports/lkeb-hpc/smaijer/data/nnUNet_preprocessed/Task551/nnUNetData_plans_v2.1_stage0/panc_0064.npz
no separate z, order 3
no separate z, order 1
before: {'spacing': array([1.     , 0.78125, 0.78125]), 'spacing_transposed': array([1.     , 0.78125, 0.78125]), 'data.shape (data is transposed)': (1, 113, 109, 205)} 
after:  {'spacing': array([1.      , 0.859375, 0.859375]), 'data.shape (data is resampled)': (1, 113, 99, 186)} 

1 10000
saving:  /exports/lkeb-hpc/smaijer/data/nnUNet_preprocessed/Task551/nnUNetData_plans_v2.1_stage0/panc_0066.npz
no separate z, order 3
no separate z, order 1
before: {'spacing': array([1.       , 0.9765625, 0.9765625]), 'spacing_transposed': array([1.       , 0.9765625, 0.9765625]), 'data.shape (data is transposed)': (1, 118, 102, 155)} 
after:  {'spacing': array([1.      , 0.859375, 0.859375]), 'data.shape (data is resampled)': (1, 118, 116, 176)} 

1 10000
saving:  /exports/lkeb-hpc/smaijer/data/nnUNet_preprocessed/Task551/nnUNetData_plans_v2.1_stage0/panc_0067.npz
no separate z, order 3
no separate z, order 1
before: {'spacing': array([1.       , 0.8984375, 0.8984375]), 'spacing_transposed': array([1.       , 0.8984375, 0.8984375]), 'data.shape (data is transposed)': (1, 116, 113, 241)} 
after:  {'spacing': array([1.      , 0.859375, 0.859375]), 'data.shape (data is resampled)': (1, 116, 118, 252)} 

1 10000
saving:  /exports/lkeb-hpc/smaijer/data/nnUNet_preprocessed/Task551/nnUNetData_plans_v2.1_stage0/panc_0002.npz
no separate z, order 3
no separate z, order 1
before: {'spacing': array([1.       , 0.6640625, 0.6640625]), 'spacing_transposed': array([1.       , 0.6640625, 0.6640625]), 'data.shape (data is transposed)': (1, 138, 133, 181)} 
after:  {'spacing': array([1.      , 0.859375, 0.859375]), 'data.shape (data is resampled)': (1, 138, 103, 140)} 

1 10000
saving:  /exports/lkeb-hpc/smaijer/data/nnUNet_preprocessed/Task551/nnUNetData_plans_v2.1_stage0/panc_0003.npz
no separate z, order 3
no separate z, order 1
before: {'spacing': array([1.       , 0.8984375, 0.8984375]), 'spacing_transposed': array([1.       , 0.8984375, 0.8984375]), 'data.shape (data is transposed)': (1, 119, 126, 231)} 
after:  {'spacing': array([1.      , 0.859375, 0.859375]), 'data.shape (data is resampled)': (1, 119, 132, 242)} 

1 10000
saving:  /exports/lkeb-hpc/smaijer/data/nnUNet_preprocessed/Task551/nnUNetData_plans_v2.1_stage0/panc_0004.npz
no separate z, order 3
no separate z, order 1
before: {'spacing': array([1.       , 0.7421875, 0.7421875]), 'spacing_transposed': array([1.       , 0.7421875, 0.7421875]), 'data.shape (data is transposed)': (1, 137, 103, 246)} 
after:  {'spacing': array([1.      , 0.859375, 0.859375]), 'data.shape (data is resampled)': (1, 137, 89, 212)} 

1 10000
saving:  /exports/lkeb-hpc/smaijer/data/nnUNet_preprocessed/Task551/nnUNetData_plans_v2.1_stage0/panc_0037.npz
no separate z, order 3
no separate z, order 1
before: {'spacing': array([1.        , 0.78200001, 0.78200001]), 'spacing_transposed': array([1.        , 0.78200001, 0.78200001]), 'data.shape (data is transposed)': (1, 130, 118, 237)} 
after:  {'spacing': array([1.      , 0.859375, 0.859375]), 'data.shape (data is resampled)': (1, 130, 107, 216)} 

1 10000
saving:  /exports/lkeb-hpc/smaijer/data/nnUNet_preprocessed/Task551/nnUNetData_plans_v2.1_stage0/panc_0038.npz
no separate z, order 3
no separate z, order 1
before: {'spacing': array([1.       , 0.8984375, 0.8984375]), 'spacing_transposed': array([1.       , 0.8984375, 0.8984375]), 'data.shape (data is transposed)': (1, 122, 110, 219)} 
after:  {'spacing': array([1.      , 0.859375, 0.859375]), 'data.shape (data is resampled)': (1, 122, 115, 229)} 

1 10000
saving:  /exports/lkeb-hpc/smaijer/data/nnUNet_preprocessed/Task551/nnUNetData_plans_v2.1_stage0/panc_0039.npz
no separate z, order 3
no separate z, order 1
before: {'spacing': array([1.       , 0.8984375, 0.8984375]), 'spacing_transposed': array([1.       , 0.8984375, 0.8984375]), 'data.shape (data is transposed)': (1, 129, 113, 185)} 
after:  {'spacing': array([1.      , 0.859375, 0.859375]), 'data.shape (data is resampled)': (1, 129, 118, 193)} 

1 10000
saving:  /exports/lkeb-hpc/smaijer/data/nnUNet_preprocessed/Task551/nnUNetData_plans_v2.1_stage0/panc_0076.npz
no resampling necessary
no resampling necessary
before: {'spacing': array([1.      , 0.859375, 0.859375]), 'spacing_transposed': array([1.      , 0.859375, 0.859375]), 'data.shape (data is transposed)': (1, 133, 103, 221)} 
after:  {'spacing': array([1.      , 0.859375, 0.859375]), 'data.shape (data is resampled)': (1, 133, 103, 221)} 

1 10000
saving:  /exports/lkeb-hpc/smaijer/data/nnUNet_preprocessed/Task551/nnUNetData_plans_v2.1_stage0/panc_0077.npz
no separate z, order 3
no separate z, order 1
before: {'spacing': array([1.     , 0.78125, 0.78125]), 'spacing_transposed': array([1.     , 0.78125, 0.78125]), 'data.shape (data is transposed)': (1, 137, 126, 256)} 
after:  {'spacing': array([1.      , 0.859375, 0.859375]), 'data.shape (data is resampled)': (1, 137, 115, 233)} 

1 10000
saving:  /exports/lkeb-hpc/smaijer/data/nnUNet_preprocessed/Task551/nnUNetData_plans_v2.1_stage0/panc_0078.npz
no separate z, order 3
no separate z, order 1
before: {'spacing': array([1.       , 0.6640625, 0.6640625]), 'spacing_transposed': array([1.       , 0.6640625, 0.6640625]), 'data.shape (data is transposed)': (1, 124, 134, 248)} 
after:  {'spacing': array([1.      , 0.859375, 0.859375]), 'data.shape (data is resampled)': (1, 124, 104, 192)} 

1 10000
saving:  /exports/lkeb-hpc/smaijer/data/nnUNet_preprocessed/Task551/nnUNetData_plans_v2.1_stage0/panc_0022.npz
no separate z, order 3
no separate z, order 1
before: {'spacing': array([1.      , 0.703125, 0.703125]), 'spacing_transposed': array([1.      , 0.703125, 0.703125]), 'data.shape (data is transposed)': (1, 127, 172, 250)} 
after:  {'spacing': array([1.      , 0.859375, 0.859375]), 'data.shape (data is resampled)': (1, 127, 141, 205)} 

1 10000
saving:  /exports/lkeb-hpc/smaijer/data/nnUNet_preprocessed/Task551/nnUNetData_plans_v2.1_stage0/panc_0023.npz
no separate z, order 3
no separate z, order 1
before: {'spacing': array([1.      , 0.703125, 0.703125]), 'spacing_transposed': array([1.      , 0.703125, 0.703125]), 'data.shape (data is transposed)': (1, 125, 119, 244)} 
after:  {'spacing': array([1.      , 0.859375, 0.859375]), 'data.shape (data is resampled)': (1, 125, 97, 200)} 

1 10000
saving:  /exports/lkeb-hpc/smaijer/data/nnUNet_preprocessed/Task551/nnUNetData_plans_v2.1_stage0/panc_0024.npz
no separate z, order 3
no separate z, order 1
before: {'spacing': array([1.     , 0.78125, 0.78125]), 'spacing_transposed': array([1.     , 0.78125, 0.78125]), 'data.shape (data is transposed)': (1, 141, 106, 161)} 
after:  {'spacing': array([1.      , 0.859375, 0.859375]), 'data.shape (data is resampled)': (1, 141, 96, 146)} 

1 10000
saving:  /exports/lkeb-hpc/smaijer/data/nnUNet_preprocessed/Task551/nnUNetData_plans_v2.1_stage0/panc_0040.npz
no separate z, order 3
no separate z, order 1
before: {'spacing': array([1.        , 0.68359375, 0.68359375]), 'spacing_transposed': array([1.        , 0.68359375, 0.68359375]), 'data.shape (data is transposed)': (1, 113, 140, 202)} 
after:  {'spacing': array([1.      , 0.859375, 0.859375]), 'data.shape (data is resampled)': (1, 113, 111, 161)} 

1 10000
saving:  /exports/lkeb-hpc/smaijer/data/nnUNet_preprocessed/Task551/nnUNetData_plans_v2.1_stage0/panc_0042.npz
no separate z, order 3
no separate z, order 1
before: {'spacing': array([1.        , 0.78200001, 0.78200001]), 'spacing_transposed': array([1.        , 0.78200001, 0.78200001]), 'data.shape (data is transposed)': (1, 128, 146, 196)} 
after:  {'spacing': array([1.      , 0.859375, 0.859375]), 'data.shape (data is resampled)': (1, 128, 133, 178)} 

1 10000
saving:  /exports/lkeb-hpc/smaijer/data/nnUNet_preprocessed/Task551/nnUNetData_plans_v2.1_stage0/panc_0043.npz
no separate z, order 3
no separate z, order 1
before: {'spacing': array([1.       , 0.9765625, 0.9765625]), 'spacing_transposed': array([1.       , 0.9765625, 0.9765625]), 'data.shape (data is transposed)': (1, 132, 111, 216)} 
after:  {'spacing': array([1.      , 0.859375, 0.859375]), 'data.shape (data is resampled)': (1, 132, 126, 245)} 

1 10000
saving:  /exports/lkeb-hpc/smaijer/data/nnUNet_preprocessed/Task551/nnUNetData_plans_v2.1_stage0/panc_0068.npz
no resampling necessary
no resampling necessary
before: {'spacing': array([1.      , 0.859375, 0.859375]), 'spacing_transposed': array([1.      , 0.859375, 0.859375]), 'data.shape (data is transposed)': (1, 127, 113, 212)} 
after:  {'spacing': array([1.      , 0.859375, 0.859375]), 'data.shape (data is resampled)': (1, 127, 113, 212)} 

1 10000
saving:  /exports/lkeb-hpc/smaijer/data/nnUNet_preprocessed/Task551/nnUNetData_plans_v2.1_stage0/panc_0069.npz
no separate z, order 3
no separate z, order 1
before: {'spacing': array([1.      , 0.890625, 0.890625]), 'spacing_transposed': array([1.      , 0.890625, 0.890625]), 'data.shape (data is transposed)': (1, 131, 113, 184)} 
after:  {'spacing': array([1.      , 0.859375, 0.859375]), 'data.shape (data is resampled)': (1, 131, 117, 191)} 

1 10000
saving:  /exports/lkeb-hpc/smaijer/data/nnUNet_preprocessed/Task551/nnUNetData_plans_v2.1_stage0/panc_0071.npz
no separate z, order 3
no separate z, order 1
before: {'spacing': array([1.     , 0.78125, 0.78125]), 'spacing_transposed': array([1.     , 0.78125, 0.78125]), 'data.shape (data is transposed)': (1, 174, 150, 234)} 
after:  {'spacing': array([1.      , 0.859375, 0.859375]), 'data.shape (data is resampled)': (1, 174, 136, 213)} 

1 10000
saving:  /exports/lkeb-hpc/smaijer/data/nnUNet_preprocessed/Task551/nnUNetData_plans_v2.1_stage0/panc_0015.npz
no separate z, order 3
no separate z, order 1
before: {'spacing': array([1.     , 0.78125, 0.78125]), 'spacing_transposed': array([1.     , 0.78125, 0.78125]), 'data.shape (data is transposed)': (1, 122, 102, 257)} 
after:  {'spacing': array([1.      , 0.859375, 0.859375]), 'data.shape (data is resampled)': (1, 122, 93, 234)} 

1 10000
saving:  /exports/lkeb-hpc/smaijer/data/nnUNet_preprocessed/Task551/nnUNetData_plans_v2.1_stage0/panc_0016.npz
no separate z, order 3
no separate z, order 1
before: {'spacing': array([1.       , 0.9765625, 0.9765625]), 'spacing_transposed': array([1.       , 0.9765625, 0.9765625]), 'data.shape (data is transposed)': (1, 134, 99, 206)} 
after:  {'spacing': array([1.      , 0.859375, 0.859375]), 'data.shape (data is resampled)': (1, 134, 113, 234)} 

1 10000
saving:  /exports/lkeb-hpc/smaijer/data/nnUNet_preprocessed/Task551/nnUNetData_plans_v2.1_stage0/panc_0018.npz
no separate z, order 3
no separate z, order 1
before: {'spacing': array([1.      , 0.703125, 0.703125]), 'spacing_transposed': array([1.      , 0.703125, 0.703125]), 'data.shape (data is transposed)': (1, 132, 112, 233)} 
after:  {'spacing': array([1.      , 0.859375, 0.859375]), 'data.shape (data is resampled)': (1, 132, 92, 191)} 

1 10000
saving:  /exports/lkeb-hpc/smaijer/data/nnUNet_preprocessed/Task551/nnUNetData_plans_v2.1_stage0/panc_0051.npz
no separate z, order 3
no separate z, order 1
before: {'spacing': array([1.     , 0.78125, 0.78125]), 'spacing_transposed': array([1.     , 0.78125, 0.78125]), 'data.shape (data is transposed)': (1, 123, 131, 215)} 
after:  {'spacing': array([1.      , 0.859375, 0.859375]), 'data.shape (data is resampled)': (1, 123, 119, 195)} 

1 10000
saving:  /exports/lkeb-hpc/smaijer/data/nnUNet_preprocessed/Task551/nnUNetData_plans_v2.1_stage0/panc_0052.npz
no separate z, order 3
no separate z, order 1
before: {'spacing': array([1.       , 0.7421875, 0.7421875]), 'spacing_transposed': array([1.       , 0.7421875, 0.7421875]), 'data.shape (data is transposed)': (1, 126, 127, 192)} 
after:  {'spacing': array([1.      , 0.859375, 0.859375]), 'data.shape (data is resampled)': (1, 126, 110, 166)} 

1 10000
saving:  /exports/lkeb-hpc/smaijer/data/nnUNet_preprocessed/Task551/nnUNetData_plans_v2.1_stage0/panc_0053.npz
no separate z, order 3
no separate z, order 1
before: {'spacing': array([1.        , 0.78200001, 0.78200001]), 'spacing_transposed': array([1.        , 0.78200001, 0.78200001]), 'data.shape (data is transposed)': (1, 161, 105, 231)} 
after:  {'spacing': array([1.      , 0.859375, 0.859375]), 'data.shape (data is resampled)': (1, 161, 96, 210)} 

1 10000
saving:  /exports/lkeb-hpc/smaijer/data/nnUNet_preprocessed/Task551/nnUNetData_plans_v2.1_stage0/panc_0072.npz
no separate z, order 3
no separate z, order 1
before: {'spacing': array([1.    , 0.9375, 0.9375]), 'spacing_transposed': array([1.    , 0.9375, 0.9375]), 'data.shape (data is transposed)': (1, 128, 117, 212)} 
after:  {'spacing': array([1.      , 0.859375, 0.859375]), 'data.shape (data is resampled)': (1, 128, 128, 231)} 

1 10000
saving:  /exports/lkeb-hpc/smaijer/data/nnUNet_preprocessed/Task551/nnUNetData_plans_v2.1_stage0/panc_0074.npz
no separate z, order 3
no separate z, order 1
before: {'spacing': array([1.       , 0.8984375, 0.8984375]), 'spacing_transposed': array([1.       , 0.8984375, 0.8984375]), 'data.shape (data is transposed)': (1, 128, 95, 217)} 
after:  {'spacing': array([1.      , 0.859375, 0.859375]), 'data.shape (data is resampled)': (1, 128, 99, 227)} 

1 10000
saving:  /exports/lkeb-hpc/smaijer/data/nnUNet_preprocessed/Task551/nnUNetData_plans_v2.1_stage0/panc_0075.npz
no separate z, order 3
no separate z, order 1
before: {'spacing': array([1.       , 0.8984375, 0.8984375]), 'spacing_transposed': array([1.       , 0.8984375, 0.8984375]), 'data.shape (data is transposed)': (1, 142, 97, 205)} 
after:  {'spacing': array([1.      , 0.859375, 0.859375]), 'data.shape (data is resampled)': (1, 142, 101, 214)} 

1 10000
saving:  /exports/lkeb-hpc/smaijer/data/nnUNet_preprocessed/Task551/nnUNetData_plans_v2.1_stage0/panc_0019.npz
no resampling necessary
no resampling necessary
before: {'spacing': array([1.        , 0.85799998, 0.85799998]), 'spacing_transposed': array([1.        , 0.85799998, 0.85799998]), 'data.shape (data is transposed)': (1, 148, 117, 226)} 
after:  {'spacing': array([1.      , 0.859375, 0.859375]), 'data.shape (data is resampled)': (1, 148, 117, 226)} 

1 10000
saving:  /exports/lkeb-hpc/smaijer/data/nnUNet_preprocessed/Task551/nnUNetData_plans_v2.1_stage0/panc_0020.npz
no separate z, order 3
no separate z, order 1
before: {'spacing': array([1.        , 0.95703125, 0.95703125]), 'spacing_transposed': array([1.        , 0.95703125, 0.95703125]), 'data.shape (data is transposed)': (1, 130, 126, 225)} 
after:  {'spacing': array([1.      , 0.859375, 0.859375]), 'data.shape (data is resampled)': (1, 130, 140, 251)} 

1 10000
saving:  /exports/lkeb-hpc/smaijer/data/nnUNet_preprocessed/Task551/nnUNetData_plans_v2.1_stage0/panc_0021.npz
no separate z, order 3
no separate z, order 1
before: {'spacing': array([1.        , 0.78200001, 0.78200001]), 'spacing_transposed': array([1.        , 0.78200001, 0.78200001]), 'data.shape (data is transposed)': (1, 121, 123, 226)} 
after:  {'spacing': array([1.      , 0.859375, 0.859375]), 'data.shape (data is resampled)': (1, 121, 112, 206)} 

1 10000
saving:  /exports/lkeb-hpc/smaijer/data/nnUNet_preprocessed/Task551/nnUNetData_plans_v2.1_stage0/panc_0034.npz
no resampling necessary
no resampling necessary
before: {'spacing': array([1.      , 0.859375, 0.859375]), 'spacing_transposed': array([1.      , 0.859375, 0.859375]), 'data.shape (data is transposed)': (1, 121, 112, 211)} 
after:  {'spacing': array([1.      , 0.859375, 0.859375]), 'data.shape (data is resampled)': (1, 121, 112, 211)} 

1 10000
saving:  /exports/lkeb-hpc/smaijer/data/nnUNet_preprocessed/Task551/nnUNetData_plans_v2.1_stage0/panc_0035.npz
no separate z, order 3
no separate z, order 1
before: {'spacing': array([1.       , 0.8203125, 0.8203125]), 'spacing_transposed': array([1.       , 0.8203125, 0.8203125]), 'data.shape (data is transposed)': (1, 145, 131, 203)} 
after:  {'spacing': array([1.      , 0.859375, 0.859375]), 'data.shape (data is resampled)': (1, 145, 125, 194)} 

1 10000
saving:  /exports/lkeb-hpc/smaijer/data/nnUNet_preprocessed/Task551/nnUNetData_plans_v2.1_stage0/panc_0036.npz
no separate z, order 3
no separate z, order 1
before: {'spacing': array([1.    , 0.9375, 0.9375]), 'spacing_transposed': array([1.    , 0.9375, 0.9375]), 'data.shape (data is transposed)': (1, 154, 133, 224)} 
after:  {'spacing': array([1.      , 0.859375, 0.859375]), 'data.shape (data is resampled)': (1, 154, 145, 244)} 

1 10000
saving:  /exports/lkeb-hpc/smaijer/data/nnUNet_preprocessed/Task551/nnUNetData_plans_v2.1_stage0/panc_0061.npz
no separate z, order 3
no separate z, order 1
before: {'spacing': array([1.        , 0.93945312, 0.93945312]), 'spacing_transposed': array([1.        , 0.93945312, 0.93945312]), 'data.shape (data is transposed)': (1, 152, 144, 184)} 
after:  {'spacing': array([1.      , 0.859375, 0.859375]), 'data.shape (data is resampled)': (1, 152, 157, 201)} 

1 10000
saving:  /exports/lkeb-hpc/smaijer/data/nnUNet_preprocessed/Task551/nnUNetData_plans_v2.1_stage0/panc_0062.npz
no separate z, order 3
no separate z, order 1
before: {'spacing': array([1.        , 0.74218798, 0.74218798]), 'spacing_transposed': array([1.        , 0.74218798, 0.74218798]), 'data.shape (data is transposed)': (1, 151, 86, 230)} 
after:  {'spacing': array([1.      , 0.859375, 0.859375]), 'data.shape (data is resampled)': (1, 151, 74, 199)} 

1 10000
saving:  /exports/lkeb-hpc/smaijer/data/nnUNet_preprocessed/Task551/nnUNetData_plans_v2.1_stage0/panc_0063.npz
no separate z, order 3
no separate z, order 1
before: {'spacing': array([1.       , 0.9765625, 0.9765625]), 'spacing_transposed': array([1.       , 0.9765625, 0.9765625]), 'data.shape (data is transposed)': (1, 125, 135, 195)} 
after:  {'spacing': array([1.      , 0.859375, 0.859375]), 'data.shape (data is resampled)': (1, 125, 153, 222)} 

1 10000
saving:  /exports/lkeb-hpc/smaijer/data/nnUNet_preprocessed/Task551/nnUNetData_plans_v2.1_stage0/panc_0012.npz
no separate z, order 3
no separate z, order 1
before: {'spacing': array([1.       , 0.7421875, 0.7421875]), 'spacing_transposed': array([1.       , 0.7421875, 0.7421875]), 'data.shape (data is transposed)': (1, 127, 137, 204)} 
after:  {'spacing': array([1.      , 0.859375, 0.859375]), 'data.shape (data is resampled)': (1, 127, 118, 176)} 

1 10000
saving:  /exports/lkeb-hpc/smaijer/data/nnUNet_preprocessed/Task551/nnUNetData_plans_v2.1_stage0/panc_0013.npz
no separate z, order 3
no separate z, order 1
before: {'spacing': array([1.    , 0.9375, 0.9375]), 'spacing_transposed': array([1.    , 0.9375, 0.9375]), 'data.shape (data is transposed)': (1, 135, 110, 160)} 
after:  {'spacing': array([1.      , 0.859375, 0.859375]), 'data.shape (data is resampled)': (1, 135, 120, 175)} 

1 10000
saving:  /exports/lkeb-hpc/smaijer/data/nnUNet_preprocessed/Task551/nnUNetData_plans_v2.1_stage0/panc_0014.npz
no separate z, order 3
no separate z, order 1
before: {'spacing': array([0.5       , 0.94726562, 0.94726562]), 'spacing_transposed': array([0.5       , 0.94726562, 0.94726562]), 'data.shape (data is transposed)': (1, 191, 102, 213)} 
after:  {'spacing': array([1.      , 0.859375, 0.859375]), 'data.shape (data is resampled)': (1, 96, 112, 235)} 

1 10000
saving:  /exports/lkeb-hpc/smaijer/data/nnUNet_preprocessed/Task551/nnUNetData_plans_v2.1_stage0/panc_0044.npz
no separate z, order 3
no separate z, order 1
before: {'spacing': array([1.    , 0.9375, 0.9375]), 'spacing_transposed': array([1.    , 0.9375, 0.9375]), 'data.shape (data is transposed)': (1, 143, 94, 224)} 
after:  {'spacing': array([1.      , 0.859375, 0.859375]), 'data.shape (data is resampled)': (1, 143, 103, 244)} 

1 10000
saving:  /exports/lkeb-hpc/smaijer/data/nnUNet_preprocessed/Task551/nnUNetData_plans_v2.1_stage0/panc_0045.npz
no separate z, order 3
no separate z, order 1
before: {'spacing': array([1.        , 0.78200001, 0.78200001]), 'spacing_transposed': array([1.        , 0.78200001, 0.78200001]), 'data.shape (data is transposed)': (1, 128, 132, 206)} 
after:  {'spacing': array([1.      , 0.859375, 0.859375]), 'data.shape (data is resampled)': (1, 128, 120, 187)} 

1 10000
saving:  /exports/lkeb-hpc/smaijer/data/nnUNet_preprocessed/Task551/nnUNetData_plans_v2.1_stage0/panc_0046.npz
no separate z, order 3
no separate z, order 1
before: {'spacing': array([1.       , 0.9765625, 0.9765625]), 'spacing_transposed': array([1.       , 0.9765625, 0.9765625]), 'data.shape (data is transposed)': (1, 126, 121, 216)} 
after:  {'spacing': array([1.      , 0.859375, 0.859375]), 'data.shape (data is resampled)': (1, 126, 138, 245)} 

1 10000
saving:  /exports/lkeb-hpc/smaijer/data/nnUNet_preprocessed/Task551/nnUNetData_plans_v2.1_stage0/panc_0079.npz
no separate z, order 3
no separate z, order 1
before: {'spacing': array([1.       , 0.9765625, 0.9765625]), 'spacing_transposed': array([1.       , 0.9765625, 0.9765625]), 'data.shape (data is transposed)': (1, 126, 115, 171)} 
after:  {'spacing': array([1.      , 0.859375, 0.859375]), 'data.shape (data is resampled)': (1, 126, 131, 194)} 

1 10000
saving:  /exports/lkeb-hpc/smaijer/data/nnUNet_preprocessed/Task551/nnUNetData_plans_v2.1_stage0/panc_0080.npz
no resampling necessary
no resampling necessary
before: {'spacing': array([1.        , 0.85799998, 0.85799998]), 'spacing_transposed': array([1.        , 0.85799998, 0.85799998]), 'data.shape (data is transposed)': (1, 152, 118, 205)} 
after:  {'spacing': array([1.      , 0.859375, 0.859375]), 'data.shape (data is resampled)': (1, 152, 118, 205)} 

1 10000
saving:  /exports/lkeb-hpc/smaijer/data/nnUNet_preprocessed/Task551/nnUNetData_plans_v2.1_stage0/panc_0005.npz
no separate z, order 3
no separate z, order 1
before: {'spacing': array([1.    , 0.9375, 0.9375]), 'spacing_transposed': array([1.    , 0.9375, 0.9375]), 'data.shape (data is transposed)': (1, 127, 92, 185)} 
after:  {'spacing': array([1.      , 0.859375, 0.859375]), 'data.shape (data is resampled)': (1, 127, 100, 202)} 

1 10000
saving:  /exports/lkeb-hpc/smaijer/data/nnUNet_preprocessed/Task551/nnUNetData_plans_v2.1_stage0/panc_0006.npz
no separate z, order 3
no separate z, order 1
before: {'spacing': array([1.    , 0.9375, 0.9375]), 'spacing_transposed': array([1.    , 0.9375, 0.9375]), 'data.shape (data is transposed)': (1, 132, 114, 182)} 
after:  {'spacing': array([1.      , 0.859375, 0.859375]), 'data.shape (data is resampled)': (1, 132, 124, 199)} 

1 10000
saving:  /exports/lkeb-hpc/smaijer/data/nnUNet_preprocessed/Task551/nnUNetData_plans_v2.1_stage0/panc_0007.npz
no separate z, order 3
no separate z, order 1
before: {'spacing': array([1.        , 0.91796875, 0.91796875]), 'spacing_transposed': array([1.        , 0.91796875, 0.91796875]), 'data.shape (data is transposed)': (1, 99, 80, 217)} 
after:  {'spacing': array([1.      , 0.859375, 0.859375]), 'data.shape (data is resampled)': (1, 99, 85, 232)} 

1 10000
saving:  /exports/lkeb-hpc/smaijer/data/nnUNet_preprocessed/Task551/nnUNetData_plans_v2.1_stage0/panc_0030.npz
no separate z, order 3
no separate z, order 1
before: {'spacing': array([1.     , 0.78125, 0.78125]), 'spacing_transposed': array([1.     , 0.78125, 0.78125]), 'data.shape (data is transposed)': (1, 160, 109, 215)} 
after:  {'spacing': array([1.      , 0.859375, 0.859375]), 'data.shape (data is resampled)': (1, 160, 99, 195)} 

1 10000
saving:  /exports/lkeb-hpc/smaijer/data/nnUNet_preprocessed/Task551/nnUNetData_plans_v2.1_stage0/panc_0031.npz
no separate z, order 3
no separate z, order 1
before: {'spacing': array([1.       , 0.9765625, 0.9765625]), 'spacing_transposed': array([1.       , 0.9765625, 0.9765625]), 'data.shape (data is transposed)': (1, 129, 101, 192)} 
after:  {'spacing': array([1.      , 0.859375, 0.859375]), 'data.shape (data is resampled)': (1, 129, 115, 218)} 

1 10000
saving:  /exports/lkeb-hpc/smaijer/data/nnUNet_preprocessed/Task551/nnUNetData_plans_v2.1_stage0/panc_0032.npz
no separate z, order 3
no separate z, order 1
before: {'spacing': array([0.69999999, 0.78125   , 0.78125   ]), 'spacing_transposed': array([0.69999999, 0.78125   , 0.78125   ]), 'data.shape (data is transposed)': (1, 168, 101, 210)} 
after:  {'spacing': array([1.      , 0.859375, 0.859375]), 'data.shape (data is resampled)': (1, 118, 92, 191)} 

1 10000
saving:  /exports/lkeb-hpc/smaijer/data/nnUNet_preprocessed/Task551/nnUNetData_plans_v2.1_stage0/panc_0058.npz
no separate z, order 3
no separate z, order 1
before: {'spacing': array([1.        , 0.93945312, 0.93945312]), 'spacing_transposed': array([1.        , 0.93945312, 0.93945312]), 'data.shape (data is transposed)': (1, 116, 112, 202)} 
after:  {'spacing': array([1.      , 0.859375, 0.859375]), 'data.shape (data is resampled)': (1, 116, 122, 221)} 

1 10000
saving:  /exports/lkeb-hpc/smaijer/data/nnUNet_preprocessed/Task551/nnUNetData_plans_v2.1_stage0/panc_0059.npz
no separate z, order 3
no separate z, order 1
before: {'spacing': array([1.     , 0.78125, 0.78125]), 'spacing_transposed': array([1.     , 0.78125, 0.78125]), 'data.shape (data is transposed)': (1, 134, 125, 216)} 
after:  {'spacing': array([1.      , 0.859375, 0.859375]), 'data.shape (data is resampled)': (1, 134, 114, 196)} 

1 10000
saving:  /exports/lkeb-hpc/smaijer/data/nnUNet_preprocessed/Task551/nnUNetData_plans_v2.1_stage0/panc_0060.npz
no separate z, order 3
no separate z, order 1
before: {'spacing': array([1.        , 0.81999999, 0.81999999]), 'spacing_transposed': array([1.        , 0.81999999, 0.81999999]), 'data.shape (data is transposed)': (1, 141, 136, 253)} 
after:  {'spacing': array([1.      , 0.859375, 0.859375]), 'data.shape (data is resampled)': (1, 141, 130, 241)} 

1 10000
saving:  /exports/lkeb-hpc/smaijer/data/nnUNet_preprocessed/Task551/nnUNetData_plans_v2.1_stage0/panc_0008.npz
no separate z, order 3
no separate z, order 1
before: {'spacing': array([1.        , 0.92773438, 0.92773438]), 'spacing_transposed': array([1.        , 0.92773438, 0.92773438]), 'data.shape (data is transposed)': (1, 144, 125, 213)} 
after:  {'spacing': array([1.      , 0.859375, 0.859375]), 'data.shape (data is resampled)': (1, 144, 135, 230)} 

1 10000
saving:  /exports/lkeb-hpc/smaijer/data/nnUNet_preprocessed/Task551/nnUNetData_plans_v2.1_stage0/panc_0010.npz
no separate z, order 3
no separate z, order 1
before: {'spacing': array([1.        , 0.90234375, 0.90234375]), 'spacing_transposed': array([1.        , 0.90234375, 0.90234375]), 'data.shape (data is transposed)': (1, 148, 100, 178)} 
after:  {'spacing': array([1.      , 0.859375, 0.859375]), 'data.shape (data is resampled)': (1, 148, 105, 187)} 

1 10000
saving:  /exports/lkeb-hpc/smaijer/data/nnUNet_preprocessed/Task551/nnUNetData_plans_v2.1_stage0/panc_0011.npz
no resampling necessary
no resampling necessary
before: {'spacing': array([1.      , 0.859375, 0.859375]), 'spacing_transposed': array([1.      , 0.859375, 0.859375]), 'data.shape (data is transposed)': (1, 146, 120, 207)} 
after:  {'spacing': array([1.      , 0.859375, 0.859375]), 'data.shape (data is resampled)': (1, 146, 120, 207)} 

1 10000
saving:  /exports/lkeb-hpc/smaijer/data/nnUNet_preprocessed/Task551/nnUNetData_plans_v2.1_stage0/panc_0054.npz
no separate z, order 3
no separate z, order 1
before: {'spacing': array([1.        , 0.68359375, 0.68359375]), 'spacing_transposed': array([1.        , 0.68359375, 0.68359375]), 'data.shape (data is transposed)': (1, 133, 140, 219)} 
after:  {'spacing': array([1.      , 0.859375, 0.859375]), 'data.shape (data is resampled)': (1, 133, 111, 174)} 

1 10000
saving:  /exports/lkeb-hpc/smaijer/data/nnUNet_preprocessed/Task551/nnUNetData_plans_v2.1_stage0/panc_0055.npz
no separate z, order 3
no separate z, order 1
before: {'spacing': array([1.       , 0.9765625, 0.9765625]), 'spacing_transposed': array([1.       , 0.9765625, 0.9765625]), 'data.shape (data is transposed)': (1, 128, 94, 196)} 
after:  {'spacing': array([1.      , 0.859375, 0.859375]), 'data.shape (data is resampled)': (1, 128, 107, 223)} 

1 10000
saving:  /exports/lkeb-hpc/smaijer/data/nnUNet_preprocessed/Task551/nnUNetData_plans_v2.1_stage0/panc_0056.npz
Are we using the nonzero maks for normalizaion? OrderedDict([(0, False)])
the median shape of the dataset is  [128.5        113.31818182 205.16188927]
the max shape in the dataset is  [174.         157.41818182 251.95454545]
the min shape in the dataset is  [ 94.          74.27277499 139.86363636]
we don't want feature maps smaller than  4  in the bottleneck
the transposed median shape of the dataset is  [128.5        113.31818182 205.16188927]
[{'batch_size': 116, 'num_pool_per_axis': [5, 5], 'patch_size': array([128, 224]), 'median_patient_size_in_voxels': array([128, 113, 205]), 'current_spacing': array([1.      , 0.859375, 0.859375]), 'original_spacing': array([1.      , 0.859375, 0.859375]), 'pool_op_kernel_sizes': [[2, 2], [2, 2], [2, 2], [2, 2], [2, 2]], 'conv_kernel_sizes': [[3, 3], [3, 3], [3, 3], [3, 3], [3, 3], [3, 3]], 'do_dummy_2D_data_aug': False}]
Initializing to run preprocessing
npz folder: /exports/lkeb-hpc/smaijer/data/nnUNet_raw_data_base/nnUNet_cropped_data/Task551
output_folder: /exports/lkeb-hpc/smaijer/data/nnUNet_preprocessed/Task551
no separate z, order 3
no separate z, order 1
before: {'spacing': array([1.       , 0.6640625, 0.6640625]), 'spacing_transposed': array([1.       , 0.6640625, 0.6640625]), 'data.shape (data is transposed)': (1, 124, 134, 248)} 
after:  {'spacing': array([1.      , 0.859375, 0.859375]), 'data.shape (data is resampled)': (1, 124, 104, 192)} 

normalization...
normalization done
1 10000
saving:  /exports/lkeb-hpc/smaijer/data/nnUNet_preprocessed/Task551/nnUNetData_plans_v2.1_2D_stage0/panc_0022.npz
no separate z, order 3
no separate z, order 1
before: {'spacing': array([1.      , 0.703125, 0.703125]), 'spacing_transposed': array([1.      , 0.703125, 0.703125]), 'data.shape (data is transposed)': (1, 127, 172, 250)} 
after:  {'spacing': array([1.      , 0.859375, 0.859375]), 'data.shape (data is resampled)': (1, 127, 141, 205)} 

normalization...
normalization done
1 10000
saving:  /exports/lkeb-hpc/smaijer/data/nnUNet_preprocessed/Task551/nnUNetData_plans_v2.1_2D_stage0/panc_0023.npz
no separate z, order 3
no separate z, order 1
before: {'spacing': array([1.      , 0.703125, 0.703125]), 'spacing_transposed': array([1.      , 0.703125, 0.703125]), 'data.shape (data is transposed)': (1, 125, 119, 244)} 
after:  {'spacing': array([1.      , 0.859375, 0.859375]), 'data.shape (data is resampled)': (1, 125, 97, 200)} 

normalization...
normalization done
1 10000
saving:  /exports/lkeb-hpc/smaijer/data/nnUNet_preprocessed/Task551/nnUNetData_plans_v2.1_2D_stage0/panc_0024.npz
no separate z, order 3
no separate z, order 1
before: {'spacing': array([0.5       , 0.94726562, 0.94726562]), 'spacing_transposed': array([0.5       , 0.94726562, 0.94726562]), 'data.shape (data is transposed)': (1, 191, 102, 213)} 
after:  {'spacing': array([0.5     , 0.859375, 0.859375]), 'data.shape (data is resampled)': (1, 191, 112, 235)} 

normalization...
normalization done
1 10000
saving:  /exports/lkeb-hpc/smaijer/data/nnUNet_preprocessed/Task551/nnUNetData_plans_v2.1_2D_stage0/panc_0044.npz
no separate z, order 3
no separate z, order 1
before: {'spacing': array([1.    , 0.9375, 0.9375]), 'spacing_transposed': array([1.    , 0.9375, 0.9375]), 'data.shape (data is transposed)': (1, 143, 94, 224)} 
after:  {'spacing': array([1.      , 0.859375, 0.859375]), 'data.shape (data is resampled)': (1, 143, 103, 244)} 

normalization...
normalization done
1 10000
saving:  /exports/lkeb-hpc/smaijer/data/nnUNet_preprocessed/Task551/nnUNetData_plans_v2.1_2D_stage0/panc_0045.npz
no separate z, order 3
no separate z, order 1
before: {'spacing': array([1.        , 0.78200001, 0.78200001]), 'spacing_transposed': array([1.        , 0.78200001, 0.78200001]), 'data.shape (data is transposed)': (1, 128, 132, 206)} 
after:  {'spacing': array([1.      , 0.859375, 0.859375]), 'data.shape (data is resampled)': (1, 128, 120, 187)} 

normalization...
normalization done
1 10000
saving:  /exports/lkeb-hpc/smaijer/data/nnUNet_preprocessed/Task551/nnUNetData_plans_v2.1_2D_stage0/panc_0046.npz
no separate z, order 3
no separate z, order 1
before: {'spacing': array([1.       , 0.9765625, 0.9765625]), 'spacing_transposed': array([1.       , 0.9765625, 0.9765625]), 'data.shape (data is transposed)': (1, 125, 135, 195)} 
after:  {'spacing': array([1.      , 0.859375, 0.859375]), 'data.shape (data is resampled)': (1, 125, 153, 222)} 

normalization...
normalization done
1 10000
saving:  /exports/lkeb-hpc/smaijer/data/nnUNet_preprocessed/Task551/nnUNetData_plans_v2.1_2D_stage0/panc_0012.npz
no separate z, order 3
no separate z, order 1
before: {'spacing': array([1.       , 0.7421875, 0.7421875]), 'spacing_transposed': array([1.       , 0.7421875, 0.7421875]), 'data.shape (data is transposed)': (1, 127, 137, 204)} 
after:  {'spacing': array([1.      , 0.859375, 0.859375]), 'data.shape (data is resampled)': (1, 127, 118, 176)} 

normalization...
normalization done
1 10000
saving:  /exports/lkeb-hpc/smaijer/data/nnUNet_preprocessed/Task551/nnUNetData_plans_v2.1_2D_stage0/panc_0013.npz
no separate z, order 3
no separate z, order 1
before: {'spacing': array([1.    , 0.9375, 0.9375]), 'spacing_transposed': array([1.    , 0.9375, 0.9375]), 'data.shape (data is transposed)': (1, 135, 110, 160)} 
after:  {'spacing': array([1.      , 0.859375, 0.859375]), 'data.shape (data is resampled)': (1, 135, 120, 175)} 

normalization...
normalization done
1 10000
saving:  /exports/lkeb-hpc/smaijer/data/nnUNet_preprocessed/Task551/nnUNetData_plans_v2.1_2D_stage0/panc_0014.npz
no separate z, order 3
no separate z, order 1
before: {'spacing': array([1.       , 0.8203125, 0.8203125]), 'spacing_transposed': array([1.       , 0.8203125, 0.8203125]), 'data.shape (data is transposed)': (1, 113, 85, 207)} 
after:  {'spacing': array([1.      , 0.859375, 0.859375]), 'data.shape (data is resampled)': (1, 113, 81, 198)} 

normalization...
normalization done
1 10000
saving:  /exports/lkeb-hpc/smaijer/data/nnUNet_preprocessed/Task551/nnUNetData_plans_v2.1_2D_stage0/panc_0047.npz
no separate z, order 3
no separate z, order 1
before: {'spacing': array([1.    , 0.9375, 0.9375]), 'spacing_transposed': array([1.    , 0.9375, 0.9375]), 'data.shape (data is transposed)': (1, 128, 87, 193)} 
after:  {'spacing': array([1.      , 0.859375, 0.859375]), 'data.shape (data is resampled)': (1, 128, 95, 211)} 

normalization...
normalization done
1 10000
saving:  /exports/lkeb-hpc/smaijer/data/nnUNet_preprocessed/Task551/nnUNetData_plans_v2.1_2D_stage0/panc_0048.npz
no separate z, order 3
no separate z, order 1
before: {'spacing': array([1.      , 0.703125, 0.703125]), 'spacing_transposed': array([1.      , 0.703125, 0.703125]), 'data.shape (data is transposed)': (1, 94, 123, 219)} 
after:  {'spacing': array([1.      , 0.859375, 0.859375]), 'data.shape (data is resampled)': (1, 94, 101, 179)} 

normalization...
normalization done
1 10000
saving:  /exports/lkeb-hpc/smaijer/data/nnUNet_preprocessed/Task551/nnUNetData_plans_v2.1_2D_stage0/panc_0050.npz
no separate z, order 3
no separate z, order 1
before: {'spacing': array([1.       , 0.8984375, 0.8984375]), 'spacing_transposed': array([1.       , 0.8984375, 0.8984375]), 'data.shape (data is transposed)': (1, 135, 96, 171)} 
after:  {'spacing': array([1.      , 0.859375, 0.859375]), 'data.shape (data is resampled)': (1, 135, 100, 179)} 

normalization...
normalization done
1 10000
saving:  /exports/lkeb-hpc/smaijer/data/nnUNet_preprocessed/Task551/nnUNetData_plans_v2.1_2D_stage0/panc_0064.npz
no separate z, order 3
no separate z, order 1
before: {'spacing': array([1.     , 0.78125, 0.78125]), 'spacing_transposed': array([1.     , 0.78125, 0.78125]), 'data.shape (data is transposed)': (1, 113, 109, 205)} 
after:  {'spacing': array([1.      , 0.859375, 0.859375]), 'data.shape (data is resampled)': (1, 113, 99, 186)} 

normalization...
normalization done
1 10000
saving:  /exports/lkeb-hpc/smaijer/data/nnUNet_preprocessed/Task551/nnUNetData_plans_v2.1_2D_stage0/panc_0066.npz
no separate z, order 3
no separate z, order 1
before: {'spacing': array([1.       , 0.9765625, 0.9765625]), 'spacing_transposed': array([1.       , 0.9765625, 0.9765625]), 'data.shape (data is transposed)': (1, 118, 102, 155)} 
after:  {'spacing': array([1.      , 0.859375, 0.859375]), 'data.shape (data is resampled)': (1, 118, 116, 176)} 

normalization...
normalization done
1 10000
saving:  /exports/lkeb-hpc/smaijer/data/nnUNet_preprocessed/Task551/nnUNetData_plans_v2.1_2D_stage0/panc_0067.npz
no separate z, order 3
no separate z, order 1
before: {'spacing': array([1.     , 0.78125, 0.78125]), 'spacing_transposed': array([1.     , 0.78125, 0.78125]), 'data.shape (data is transposed)': (1, 174, 150, 234)} 
after:  {'spacing': array([1.      , 0.859375, 0.859375]), 'data.shape (data is resampled)': (1, 174, 136, 213)} 

normalization...
normalization done
1 10000
saving:  /exports/lkeb-hpc/smaijer/data/nnUNet_preprocessed/Task551/nnUNetData_plans_v2.1_2D_stage0/panc_0015.npz
no separate z, order 3
no separate z, order 1
before: {'spacing': array([1.     , 0.78125, 0.78125]), 'spacing_transposed': array([1.     , 0.78125, 0.78125]), 'data.shape (data is transposed)': (1, 122, 102, 257)} 
after:  {'spacing': array([1.      , 0.859375, 0.859375]), 'data.shape (data is resampled)': (1, 122, 93, 234)} 

normalization...
normalization done
1 10000
saving:  /exports/lkeb-hpc/smaijer/data/nnUNet_preprocessed/Task551/nnUNetData_plans_v2.1_2D_stage0/panc_0016.npz
no separate z, order 3
no separate z, order 1
before: {'spacing': array([1.       , 0.9765625, 0.9765625]), 'spacing_transposed': array([1.       , 0.9765625, 0.9765625]), 'data.shape (data is transposed)': (1, 134, 99, 206)} 
after:  {'spacing': array([1.      , 0.859375, 0.859375]), 'data.shape (data is resampled)': (1, 134, 113, 234)} 

normalization...
normalization done
1 10000
saving:  /exports/lkeb-hpc/smaijer/data/nnUNet_preprocessed/Task551/nnUNetData_plans_v2.1_2D_stage0/panc_0018.npz
no separate z, order 3
no separate z, order 1
before: {'spacing': array([1.      , 0.703125, 0.703125]), 'spacing_transposed': array([1.      , 0.703125, 0.703125]), 'data.shape (data is transposed)': (1, 132, 112, 233)} 
after:  {'spacing': array([1.      , 0.859375, 0.859375]), 'data.shape (data is resampled)': (1, 132, 92, 191)} 

normalization...
normalization done
1 10000
saving:  /exports/lkeb-hpc/smaijer/data/nnUNet_preprocessed/Task551/nnUNetData_plans_v2.1_2D_stage0/panc_0051.npz
no separate z, order 3
no separate z, order 1
before: {'spacing': array([1.     , 0.78125, 0.78125]), 'spacing_transposed': array([1.     , 0.78125, 0.78125]), 'data.shape (data is transposed)': (1, 123, 131, 215)} 
after:  {'spacing': array([1.      , 0.859375, 0.859375]), 'data.shape (data is resampled)': (1, 123, 119, 195)} 

normalization...
normalization done
1 10000
saving:  /exports/lkeb-hpc/smaijer/data/nnUNet_preprocessed/Task551/nnUNetData_plans_v2.1_2D_stage0/panc_0052.npz
no separate z, order 3
no separate z, order 1
before: {'spacing': array([1.       , 0.7421875, 0.7421875]), 'spacing_transposed': array([1.       , 0.7421875, 0.7421875]), 'data.shape (data is transposed)': (1, 126, 127, 192)} 
after:  {'spacing': array([1.      , 0.859375, 0.859375]), 'data.shape (data is resampled)': (1, 126, 110, 166)} 

normalization...
normalization done
1 10000
saving:  /exports/lkeb-hpc/smaijer/data/nnUNet_preprocessed/Task551/nnUNetData_plans_v2.1_2D_stage0/panc_0053.npz
no separate z, order 3
no separate z, order 1
before: {'spacing': array([1.       , 0.9765625, 0.9765625]), 'spacing_transposed': array([1.       , 0.9765625, 0.9765625]), 'data.shape (data is transposed)': (1, 126, 121, 216)} 
after:  {'spacing': array([1.      , 0.859375, 0.859375]), 'data.shape (data is resampled)': (1, 126, 138, 245)} 

normalization...
normalization done
1 10000
saving:  /exports/lkeb-hpc/smaijer/data/nnUNet_preprocessed/Task551/nnUNetData_plans_v2.1_2D_stage0/panc_0079.npz
no separate z, order 3
no separate z, order 1
before: {'spacing': array([1.       , 0.9765625, 0.9765625]), 'spacing_transposed': array([1.       , 0.9765625, 0.9765625]), 'data.shape (data is transposed)': (1, 126, 115, 171)} 
after:  {'spacing': array([1.      , 0.859375, 0.859375]), 'data.shape (data is resampled)': (1, 126, 131, 194)} 

normalization...
normalization done
1 10000
saving:  /exports/lkeb-hpc/smaijer/data/nnUNet_preprocessed/Task551/nnUNetData_plans_v2.1_2D_stage0/panc_0080.npz
no resampling necessary
no resampling necessary
before: {'spacing': array([1.        , 0.85799998, 0.85799998]), 'spacing_transposed': array([1.        , 0.85799998, 0.85799998]), 'data.shape (data is transposed)': (1, 152, 118, 205)} 
after:  {'spacing': array([1.      , 0.859375, 0.859375]), 'data.shape (data is resampled)': (1, 152, 118, 205)} 

normalization...
normalization done
1 10000
saving:  /exports/lkeb-hpc/smaijer/data/nnUNet_preprocessed/Task551/nnUNetData_plans_v2.1_2D_stage0/panc_0005.npz
no separate z, order 3
no separate z, order 1
before: {'spacing': array([1.    , 0.9375, 0.9375]), 'spacing_transposed': array([1.    , 0.9375, 0.9375]), 'data.shape (data is transposed)': (1, 127, 92, 185)} 
after:  {'spacing': array([1.      , 0.859375, 0.859375]), 'data.shape (data is resampled)': (1, 127, 100, 202)} 

normalization...
normalization done
1 10000
saving:  /exports/lkeb-hpc/smaijer/data/nnUNet_preprocessed/Task551/nnUNetData_plans_v2.1_2D_stage0/panc_0006.npz
no separate z, order 3
no separate z, order 1
before: {'spacing': array([1.    , 0.9375, 0.9375]), 'spacing_transposed': array([1.    , 0.9375, 0.9375]), 'data.shape (data is transposed)': (1, 132, 114, 182)} 
after:  {'spacing': array([1.      , 0.859375, 0.859375]), 'data.shape (data is resampled)': (1, 132, 124, 199)} 

normalization...
normalization done
1 10000
saving:  /exports/lkeb-hpc/smaijer/data/nnUNet_preprocessed/Task551/nnUNetData_plans_v2.1_2D_stage0/panc_0007.npz
no separate z, order 3
no separate z, order 1
before: {'spacing': array([1.        , 0.91796875, 0.91796875]), 'spacing_transposed': array([1.        , 0.91796875, 0.91796875]), 'data.shape (data is transposed)': (1, 99, 80, 217)} 
after:  {'spacing': array([1.      , 0.859375, 0.859375]), 'data.shape (data is resampled)': (1, 99, 85, 232)} 

normalization...
normalization done
1 10000
saving:  /exports/lkeb-hpc/smaijer/data/nnUNet_preprocessed/Task551/nnUNetData_plans_v2.1_2D_stage0/panc_0030.npz
no separate z, order 3
no separate z, order 1
before: {'spacing': array([1.     , 0.78125, 0.78125]), 'spacing_transposed': array([1.     , 0.78125, 0.78125]), 'data.shape (data is transposed)': (1, 160, 109, 215)} 
after:  {'spacing': array([1.      , 0.859375, 0.859375]), 'data.shape (data is resampled)': (1, 160, 99, 195)} 

normalization...
normalization done
1 10000
saving:  /exports/lkeb-hpc/smaijer/data/nnUNet_preprocessed/Task551/nnUNetData_plans_v2.1_2D_stage0/panc_0031.npz
no separate z, order 3
no separate z, order 1
before: {'spacing': array([1.       , 0.9765625, 0.9765625]), 'spacing_transposed': array([1.       , 0.9765625, 0.9765625]), 'data.shape (data is transposed)': (1, 129, 101, 192)} 
after:  {'spacing': array([1.      , 0.859375, 0.859375]), 'data.shape (data is resampled)': (1, 129, 115, 218)} 

normalization...
normalization done
1 10000
saving:  /exports/lkeb-hpc/smaijer/data/nnUNet_preprocessed/Task551/nnUNetData_plans_v2.1_2D_stage0/panc_0032.npz
no separate z, order 3
no separate z, order 1
before: {'spacing': array([0.69999999, 0.78125   , 0.78125   ]), 'spacing_transposed': array([0.69999999, 0.78125   , 0.78125   ]), 'data.shape (data is transposed)': (1, 168, 101, 210)} 
after:  {'spacing': array([0.69999999, 0.859375  , 0.859375  ]), 'data.shape (data is resampled)': (1, 168, 92, 191)} 

normalization...
normalization done
1 10000
saving:  /exports/lkeb-hpc/smaijer/data/nnUNet_preprocessed/Task551/nnUNetData_plans_v2.1_2D_stage0/panc_0058.npz
no separate z, order 3
no separate z, order 1
before: {'spacing': array([1.        , 0.93945312, 0.93945312]), 'spacing_transposed': array([1.        , 0.93945312, 0.93945312]), 'data.shape (data is transposed)': (1, 116, 112, 202)} 
after:  {'spacing': array([1.      , 0.859375, 0.859375]), 'data.shape (data is resampled)': (1, 116, 122, 221)} 

normalization...
normalization done
1 10000
saving:  /exports/lkeb-hpc/smaijer/data/nnUNet_preprocessed/Task551/nnUNetData_plans_v2.1_2D_stage0/panc_0059.npz
no separate z, order 3
no separate z, order 1
before: {'spacing': array([1.     , 0.78125, 0.78125]), 'spacing_transposed': array([1.     , 0.78125, 0.78125]), 'data.shape (data is transposed)': (1, 134, 125, 216)} 
after:  {'spacing': array([1.      , 0.859375, 0.859375]), 'data.shape (data is resampled)': (1, 134, 114, 196)} 

normalization...
normalization done
1 10000
saving:  /exports/lkeb-hpc/smaijer/data/nnUNet_preprocessed/Task551/nnUNetData_plans_v2.1_2D_stage0/panc_0060.npz
no separate z, order 3
no separate z, order 1
before: {'spacing': array([1.       , 0.8203125, 0.8203125]), 'spacing_transposed': array([1.       , 0.8203125, 0.8203125]), 'data.shape (data is transposed)': (1, 152, 137, 221)} 
after:  {'spacing': array([1.      , 0.859375, 0.859375]), 'data.shape (data is resampled)': (1, 152, 131, 211)} 

normalization...
normalization done
1 10000
saving:  /exports/lkeb-hpc/smaijer/data/nnUNet_preprocessed/Task551/nnUNetData_plans_v2.1_2D_stage0/panc_0027.npz
no separate z, order 3
no separate z, order 1
before: {'spacing': array([1.       , 0.8984375, 0.8984375]), 'spacing_transposed': array([1.       , 0.8984375, 0.8984375]), 'data.shape (data is transposed)': (1, 121, 114, 180)} 
after:  {'spacing': array([1.      , 0.859375, 0.859375]), 'data.shape (data is resampled)': (1, 121, 119, 188)} 

normalization...
normalization done
1 10000
saving:  /exports/lkeb-hpc/smaijer/data/nnUNet_preprocessed/Task551/nnUNetData_plans_v2.1_2D_stage0/panc_0028.npz
no separate z, order 3
no separate z, order 1
before: {'spacing': array([1.     , 0.78125, 0.78125]), 'spacing_transposed': array([1.     , 0.78125, 0.78125]), 'data.shape (data is transposed)': (1, 126, 117, 193)} 
after:  {'spacing': array([1.      , 0.859375, 0.859375]), 'data.shape (data is resampled)': (1, 126, 106, 175)} 

normalization...
normalization done
1 10000
saving:  /exports/lkeb-hpc/smaijer/data/nnUNet_preprocessed/Task551/nnUNetData_plans_v2.1_2D_stage0/panc_0029.npz
no separate z, order 3
no separate z, order 1
before: {'spacing': array([1.     , 0.78125, 0.78125]), 'spacing_transposed': array([1.     , 0.78125, 0.78125]), 'data.shape (data is transposed)': (1, 141, 106, 161)} 
after:  {'spacing': array([1.      , 0.859375, 0.859375]), 'data.shape (data is resampled)': (1, 141, 96, 146)} 

normalization...
normalization done
1 10000
saving:  /exports/lkeb-hpc/smaijer/data/nnUNet_preprocessed/Task551/nnUNetData_plans_v2.1_2D_stage0/panc_0040.npz
no separate z, order 3
no separate z, order 1
before: {'spacing': array([1.        , 0.68359375, 0.68359375]), 'spacing_transposed': array([1.        , 0.68359375, 0.68359375]), 'data.shape (data is transposed)': (1, 113, 140, 202)} 
after:  {'spacing': array([1.      , 0.859375, 0.859375]), 'data.shape (data is resampled)': (1, 113, 111, 161)} 

normalization...
normalization done
1 10000
saving:  /exports/lkeb-hpc/smaijer/data/nnUNet_preprocessed/Task551/nnUNetData_plans_v2.1_2D_stage0/panc_0042.npz
no separate z, order 3
no separate z, order 1
before: {'spacing': array([1.        , 0.78200001, 0.78200001]), 'spacing_transposed': array([1.        , 0.78200001, 0.78200001]), 'data.shape (data is transposed)': (1, 128, 146, 196)} 
after:  {'spacing': array([1.      , 0.859375, 0.859375]), 'data.shape (data is resampled)': (1, 128, 133, 178)} 

normalization...
normalization done
1 10000
saving:  /exports/lkeb-hpc/smaijer/data/nnUNet_preprocessed/Task551/nnUNetData_plans_v2.1_2D_stage0/panc_0043.npz
no separate z, order 3
no separate z, order 1
before: {'spacing': array([1.       , 0.9765625, 0.9765625]), 'spacing_transposed': array([1.       , 0.9765625, 0.9765625]), 'data.shape (data is transposed)': (1, 132, 111, 216)} 
after:  {'spacing': array([1.      , 0.859375, 0.859375]), 'data.shape (data is resampled)': (1, 132, 126, 245)} 

normalization...
normalization done
1 10000
saving:  /exports/lkeb-hpc/smaijer/data/nnUNet_preprocessed/Task551/nnUNetData_plans_v2.1_2D_stage0/panc_0068.npz
no resampling necessary
no resampling necessary
before: {'spacing': array([1.      , 0.859375, 0.859375]), 'spacing_transposed': array([1.      , 0.859375, 0.859375]), 'data.shape (data is transposed)': (1, 127, 113, 212)} 
after:  {'spacing': array([1.      , 0.859375, 0.859375]), 'data.shape (data is resampled)': (1, 127, 113, 212)} 

normalization...
normalization done
1 10000
saving:  /exports/lkeb-hpc/smaijer/data/nnUNet_preprocessed/Task551/nnUNetData_plans_v2.1_2D_stage0/panc_0069.npz
no separate z, order 3
no separate z, order 1
before: {'spacing': array([1.      , 0.890625, 0.890625]), 'spacing_transposed': array([1.      , 0.890625, 0.890625]), 'data.shape (data is transposed)': (1, 131, 113, 184)} 
after:  {'spacing': array([1.      , 0.859375, 0.859375]), 'data.shape (data is resampled)': (1, 131, 117, 191)} 

normalization...
normalization done
1 10000
saving:  /exports/lkeb-hpc/smaijer/data/nnUNet_preprocessed/Task551/nnUNetData_plans_v2.1_2D_stage0/panc_0071.npz
no separate z, order 3
no separate z, order 1
before: {'spacing': array([1.        , 0.81999999, 0.81999999]), 'spacing_transposed': array([1.        , 0.81999999, 0.81999999]), 'data.shape (data is transposed)': (1, 141, 136, 253)} 
after:  {'spacing': array([1.      , 0.859375, 0.859375]), 'data.shape (data is resampled)': (1, 141, 130, 241)} 

normalization...
normalization done
1 10000
saving:  /exports/lkeb-hpc/smaijer/data/nnUNet_preprocessed/Task551/nnUNetData_plans_v2.1_2D_stage0/panc_0008.npz
no separate z, order 3
no separate z, order 1
before: {'spacing': array([1.        , 0.92773438, 0.92773438]), 'spacing_transposed': array([1.        , 0.92773438, 0.92773438]), 'data.shape (data is transposed)': (1, 144, 125, 213)} 
after:  {'spacing': array([1.      , 0.859375, 0.859375]), 'data.shape (data is resampled)': (1, 144, 135, 230)} 

normalization...
normalization done
1 10000
saving:  /exports/lkeb-hpc/smaijer/data/nnUNet_preprocessed/Task551/nnUNetData_plans_v2.1_2D_stage0/panc_0010.npz
no separate z, order 3
no separate z, order 1
before: {'spacing': array([1.        , 0.90234375, 0.90234375]), 'spacing_transposed': array([1.        , 0.90234375, 0.90234375]), 'data.shape (data is transposed)': (1, 148, 100, 178)} 
after:  {'spacing': array([1.      , 0.859375, 0.859375]), 'data.shape (data is resampled)': (1, 148, 105, 187)} 

normalization...
normalization done
1 10000
saving:  /exports/lkeb-hpc/smaijer/data/nnUNet_preprocessed/Task551/nnUNetData_plans_v2.1_2D_stage0/panc_0011.npz
no resampling necessary
no resampling necessary
before: {'spacing': array([1.      , 0.859375, 0.859375]), 'spacing_transposed': array([1.      , 0.859375, 0.859375]), 'data.shape (data is transposed)': (1, 146, 120, 207)} 
after:  {'spacing': array([1.      , 0.859375, 0.859375]), 'data.shape (data is resampled)': (1, 146, 120, 207)} 

normalization...
normalization done
1 10000
saving:  /exports/lkeb-hpc/smaijer/data/nnUNet_preprocessed/Task551/nnUNetData_plans_v2.1_2D_stage0/panc_0054.npz
no separate z, order 3
no separate z, order 1
before: {'spacing': array([1.        , 0.68359375, 0.68359375]), 'spacing_transposed': array([1.        , 0.68359375, 0.68359375]), 'data.shape (data is transposed)': (1, 133, 140, 219)} 
after:  {'spacing': array([1.      , 0.859375, 0.859375]), 'data.shape (data is resampled)': (1, 133, 111, 174)} 

normalization...
normalization done
1 10000
saving:  /exports/lkeb-hpc/smaijer/data/nnUNet_preprocessed/Task551/nnUNetData_plans_v2.1_2D_stage0/panc_0055.npz
no separate z, order 3
no separate z, order 1
before: {'spacing': array([1.       , 0.9765625, 0.9765625]), 'spacing_transposed': array([1.       , 0.9765625, 0.9765625]), 'data.shape (data is transposed)': (1, 128, 94, 196)} 
after:  {'spacing': array([1.      , 0.859375, 0.859375]), 'data.shape (data is resampled)': (1, 128, 107, 223)} 

normalization...
normalization done
1 10000
saving:  /exports/lkeb-hpc/smaijer/data/nnUNet_preprocessed/Task551/nnUNetData_plans_v2.1_2D_stage0/panc_0056.npz
no separate z, order 3
no separate z, order 1
before: {'spacing': array([1.       , 0.8984375, 0.8984375]), 'spacing_transposed': array([1.       , 0.8984375, 0.8984375]), 'data.shape (data is transposed)': (1, 129, 113, 185)} 
after:  {'spacing': array([1.      , 0.859375, 0.859375]), 'data.shape (data is resampled)': (1, 129, 118, 193)} 

normalization...
normalization done
1 10000
saving:  /exports/lkeb-hpc/smaijer/data/nnUNet_preprocessed/Task551/nnUNetData_plans_v2.1_2D_stage0/panc_0076.npz
no resampling necessary
no resampling necessary
before: {'spacing': array([1.      , 0.859375, 0.859375]), 'spacing_transposed': array([1.      , 0.859375, 0.859375]), 'data.shape (data is transposed)': (1, 133, 103, 221)} 
after:  {'spacing': array([1.      , 0.859375, 0.859375]), 'data.shape (data is resampled)': (1, 133, 103, 221)} 

normalization...
normalization done
1 10000
saving:  /exports/lkeb-hpc/smaijer/data/nnUNet_preprocessed/Task551/nnUNetData_plans_v2.1_2D_stage0/panc_0077.npz
no separate z, order 3
no separate z, order 1
before: {'spacing': array([1.     , 0.78125, 0.78125]), 'spacing_transposed': array([1.     , 0.78125, 0.78125]), 'data.shape (data is transposed)': (1, 137, 126, 256)} 
after:  {'spacing': array([1.      , 0.859375, 0.859375]), 'data.shape (data is resampled)': (1, 137, 115, 233)} 

normalization...
normalization done
1 10000
saving:  /exports/lkeb-hpc/smaijer/data/nnUNet_preprocessed/Task551/nnUNetData_plans_v2.1_2D_stage0/panc_0078.npz
no separate z, order 3
no separate z, order 1
before: {'spacing': array([1.       , 0.8984375, 0.8984375]), 'spacing_transposed': array([1.       , 0.8984375, 0.8984375]), 'data.shape (data is transposed)': (1, 116, 113, 241)} 
after:  {'spacing': array([1.      , 0.859375, 0.859375]), 'data.shape (data is resampled)': (1, 116, 118, 252)} 

normalization...
normalization done
1 10000
saving:  /exports/lkeb-hpc/smaijer/data/nnUNet_preprocessed/Task551/nnUNetData_plans_v2.1_2D_stage0/panc_0002.npz
no separate z, order 3
no separate z, order 1
before: {'spacing': array([1.       , 0.6640625, 0.6640625]), 'spacing_transposed': array([1.       , 0.6640625, 0.6640625]), 'data.shape (data is transposed)': (1, 138, 133, 181)} 
after:  {'spacing': array([1.      , 0.859375, 0.859375]), 'data.shape (data is resampled)': (1, 138, 103, 140)} 

normalization...
normalization done
1 10000
saving:  /exports/lkeb-hpc/smaijer/data/nnUNet_preprocessed/Task551/nnUNetData_plans_v2.1_2D_stage0/panc_0003.npz
no separate z, order 3
no separate z, order 1
before: {'spacing': array([1.       , 0.8984375, 0.8984375]), 'spacing_transposed': array([1.       , 0.8984375, 0.8984375]), 'data.shape (data is transposed)': (1, 119, 126, 231)} 
after:  {'spacing': array([1.      , 0.859375, 0.859375]), 'data.shape (data is resampled)': (1, 119, 132, 242)} 

normalization...
normalization done
1 10000
saving:  /exports/lkeb-hpc/smaijer/data/nnUNet_preprocessed/Task551/nnUNetData_plans_v2.1_2D_stage0/panc_0004.npz
no separate z, order 3
no separate z, order 1
before: {'spacing': array([1.        , 0.78200001, 0.78200001]), 'spacing_transposed': array([1.        , 0.78200001, 0.78200001]), 'data.shape (data is transposed)': (1, 121, 123, 226)} 
after:  {'spacing': array([1.      , 0.859375, 0.859375]), 'data.shape (data is resampled)': (1, 121, 112, 206)} 

normalization...
normalization done
1 10000
saving:  /exports/lkeb-hpc/smaijer/data/nnUNet_preprocessed/Task551/nnUNetData_plans_v2.1_2D_stage0/panc_0034.npz
no resampling necessary
no resampling necessary
before: {'spacing': array([1.      , 0.859375, 0.859375]), 'spacing_transposed': array([1.      , 0.859375, 0.859375]), 'data.shape (data is transposed)': (1, 121, 112, 211)} 
after:  {'spacing': array([1.      , 0.859375, 0.859375]), 'data.shape (data is resampled)': (1, 121, 112, 211)} 

normalization...
normalization done
1 10000
saving:  /exports/lkeb-hpc/smaijer/data/nnUNet_preprocessed/Task551/nnUNetData_plans_v2.1_2D_stage0/panc_0035.npz
no separate z, order 3
no separate z, order 1
before: {'spacing': array([1.       , 0.8203125, 0.8203125]), 'spacing_transposed': array([1.       , 0.8203125, 0.8203125]), 'data.shape (data is transposed)': (1, 145, 131, 203)} 
after:  {'spacing': array([1.      , 0.859375, 0.859375]), 'data.shape (data is resampled)': (1, 145, 125, 194)} 

normalization...
normalization done
1 10000
saving:  /exports/lkeb-hpc/smaijer/data/nnUNet_preprocessed/Task551/nnUNetData_plans_v2.1_2D_stage0/panc_0036.npz
no separate z, order 3
no separate z, order 1
before: {'spacing': array([1.    , 0.9375, 0.9375]), 'spacing_transposed': array([1.    , 0.9375, 0.9375]), 'data.shape (data is transposed)': (1, 154, 133, 224)} 
after:  {'spacing': array([1.      , 0.859375, 0.859375]), 'data.shape (data is resampled)': (1, 154, 145, 244)} 

normalization...
normalization done
1 10000
saving:  /exports/lkeb-hpc/smaijer/data/nnUNet_preprocessed/Task551/nnUNetData_plans_v2.1_2D_stage0/panc_0061.npz
no separate z, order 3
no separate z, order 1
before: {'spacing': array([1.        , 0.93945312, 0.93945312]), 'spacing_transposed': array([1.        , 0.93945312, 0.93945312]), 'data.shape (data is transposed)': (1, 152, 144, 184)} 
after:  {'spacing': array([1.      , 0.859375, 0.859375]), 'data.shape (data is resampled)': (1, 152, 157, 201)} 

normalization...
normalization done
1 10000
saving:  /exports/lkeb-hpc/smaijer/data/nnUNet_preprocessed/Task551/nnUNetData_plans_v2.1_2D_stage0/panc_0062.npz
no separate z, order 3
no separate z, order 1
before: {'spacing': array([1.        , 0.74218798, 0.74218798]), 'spacing_transposed': array([1.        , 0.74218798, 0.74218798]), 'data.shape (data is transposed)': (1, 151, 86, 230)} 
after:  {'spacing': array([1.      , 0.859375, 0.859375]), 'data.shape (data is resampled)': (1, 151, 74, 199)} 

normalization...
normalization done
1 10000
saving:  /exports/lkeb-hpc/smaijer/data/nnUNet_preprocessed/Task551/nnUNetData_plans_v2.1_2D_stage0/panc_0063.npz
no separate z, order 3
no separate z, order 1
before: {'spacing': array([1.       , 0.8984375, 0.8984375]), 'spacing_transposed': array([1.       , 0.8984375, 0.8984375]), 'data.shape (data is transposed)': (1, 142, 97, 205)} 
after:  {'spacing': array([1.      , 0.859375, 0.859375]), 'data.shape (data is resampled)': (1, 142, 101, 214)} 

normalization...
normalization done
1 10000
saving:  /exports/lkeb-hpc/smaijer/data/nnUNet_preprocessed/Task551/nnUNetData_plans_v2.1_2D_stage0/panc_0019.npz
no resampling necessary
no resampling necessary
before: {'spacing': array([1.        , 0.85799998, 0.85799998]), 'spacing_transposed': array([1.        , 0.85799998, 0.85799998]), 'data.shape (data is transposed)': (1, 148, 117, 226)} 
after:  {'spacing': array([1.      , 0.859375, 0.859375]), 'data.shape (data is resampled)': (1, 148, 117, 226)} 

normalization...
normalization done
1 10000
saving:  /exports/lkeb-hpc/smaijer/data/nnUNet_preprocessed/Task551/nnUNetData_plans_v2.1_2D_stage0/panc_0020.npz
no separate z, order 3
no separate z, order 1
before: {'spacing': array([1.        , 0.95703125, 0.95703125]), 'spacing_transposed': array([1.        , 0.95703125, 0.95703125]), 'data.shape (data is transposed)': (1, 130, 126, 225)} 
after:  {'spacing': array([1.      , 0.859375, 0.859375]), 'data.shape (data is resampled)': (1, 130, 140, 251)} 

normalization...
normalization done
1 10000
saving:  /exports/lkeb-hpc/smaijer/data/nnUNet_preprocessed/Task551/nnUNetData_plans_v2.1_2D_stage0/panc_0021.npz
no separate z, order 3
no separate z, order 1
before: {'spacing': array([1.       , 0.7421875, 0.7421875]), 'spacing_transposed': array([1.       , 0.7421875, 0.7421875]), 'data.shape (data is transposed)': (1, 137, 103, 246)} 
after:  {'spacing': array([1.      , 0.859375, 0.859375]), 'data.shape (data is resampled)': (1, 137, 89, 212)} 

normalization...
normalization done
1 10000
saving:  /exports/lkeb-hpc/smaijer/data/nnUNet_preprocessed/Task551/nnUNetData_plans_v2.1_2D_stage0/panc_0037.npz
no separate z, order 3
no separate z, order 1
before: {'spacing': array([1.        , 0.78200001, 0.78200001]), 'spacing_transposed': array([1.        , 0.78200001, 0.78200001]), 'data.shape (data is transposed)': (1, 130, 118, 237)} 
after:  {'spacing': array([1.      , 0.859375, 0.859375]), 'data.shape (data is resampled)': (1, 130, 107, 216)} 

normalization...
normalization done
1 10000
saving:  /exports/lkeb-hpc/smaijer/data/nnUNet_preprocessed/Task551/nnUNetData_plans_v2.1_2D_stage0/panc_0038.npz
no separate z, order 3
no separate z, order 1
before: {'spacing': array([1.       , 0.8984375, 0.8984375]), 'spacing_transposed': array([1.       , 0.8984375, 0.8984375]), 'data.shape (data is transposed)': (1, 122, 110, 219)} 
after:  {'spacing': array([1.      , 0.859375, 0.859375]), 'data.shape (data is resampled)': (1, 122, 115, 229)} 

normalization...
normalization done
1 10000
saving:  /exports/lkeb-hpc/smaijer/data/nnUNet_preprocessed/Task551/nnUNetData_plans_v2.1_2D_stage0/panc_0039.npz
no separate z, order 3
no separate z, order 1
before: {'spacing': array([1.        , 0.78200001, 0.78200001]), 'spacing_transposed': array([1.        , 0.78200001, 0.78200001]), 'data.shape (data is transposed)': (1, 161, 105, 231)} 
after:  {'spacing': array([1.      , 0.859375, 0.859375]), 'data.shape (data is resampled)': (1, 161, 96, 210)} 

normalization...
normalization done
1 10000
saving:  /exports/lkeb-hpc/smaijer/data/nnUNet_preprocessed/Task551/nnUNetData_plans_v2.1_2D_stage0/panc_0072.npz
no separate z, order 3
no separate z, order 1
before: {'spacing': array([1.    , 0.9375, 0.9375]), 'spacing_transposed': array([1.    , 0.9375, 0.9375]), 'data.shape (data is transposed)': (1, 128, 117, 212)} 
after:  {'spacing': array([1.      , 0.859375, 0.859375]), 'data.shape (data is resampled)': (1, 128, 128, 231)} 

normalization...
normalization done
1 10000
saving:  /exports/lkeb-hpc/smaijer/data/nnUNet_preprocessed/Task551/nnUNetData_plans_v2.1_2D_stage0/panc_0074.npz
no separate z, order 3
no separate z, order 1
before: {'spacing': array([1.       , 0.8984375, 0.8984375]), 'spacing_transposed': array([1.       , 0.8984375, 0.8984375]), 'data.shape (data is transposed)': (1, 128, 95, 217)} 
after:  {'spacing': array([1.      , 0.859375, 0.859375]), 'data.shape (data is resampled)': (1, 128, 99, 227)} 

normalization...
normalization done
1 10000
saving:  /exports/lkeb-hpc/smaijer/data/nnUNet_preprocessed/Task551/nnUNetData_plans_v2.1_2D_stage0/panc_0075.npz
Program finished with exit code 0 at: Wed May 18 09:47:07 CEST 2022
