Starting at Tue Sep  6 13:16:16 CEST 2022
Running on hosts: res-hpc-lkeb07
Running on 1 nodes.
Running 1 tasks.
CPUs on node: 8.
Account: div2-lkeb
Job ID: 11786342
Job name: Inference
Node running script: res-hpc-lkeb07
Submit host: res-hpc-lo02.researchlumc.nl
GPUS: 0 or 
Tue Sep  6 13:16:17 2022       
+-----------------------------------------------------------------------------+
| NVIDIA-SMI 470.103.01   Driver Version: 470.103.01   CUDA Version: 11.4     |
|-------------------------------+----------------------+----------------------+
| GPU  Name        Persistence-M| Bus-Id        Disp.A | Volatile Uncorr. ECC |
| Fan  Temp  Perf  Pwr:Usage/Cap|         Memory-Usage | GPU-Util  Compute M. |
|                               |                      |               MIG M. |
|===============================+======================+======================|
|   0  Quadro RTX 6000     On   | 00000000:D8:00.0 Off |                  Off |
| 33%   28C    P8     5W / 260W |      0MiB / 24222MiB |      0%      Default |
|                               |                      |                  N/A |
+-------------------------------+----------------------+----------------------+
                                                                               
+-----------------------------------------------------------------------------+
| Processes:                                                                  |
|  GPU   GI   CI        PID   Type   Process name                  GPU Memory |
|        ID   ID                                                   Usage      |
|=============================================================================|
|  No running processes found                                                 |
+-----------------------------------------------------------------------------+
Current working directory is /home/smaijer
Load all modules..
Done with loading all modules. Modules:
Activate conda env nnunet..
Verifying environment variables:
Installing hidden layer and nnUnet..
Collecting hiddenlayer
  Cloning https://github.com/FabianIsensee/hiddenlayer.git (to revision more_plotted_details) to /tmp/pip-install-luvbmd2f/hiddenlayer_ac9c9ab8f0384231b17348e26bf5b5d4
  Resolved https://github.com/FabianIsensee/hiddenlayer.git to commit 4b98f9e5cccebac67368f02b95f4700b522345b1
Using legacy 'setup.py install' for hiddenlayer, since package 'wheel' is not installed.
Installing collected packages: hiddenlayer
    Running setup.py install for hiddenlayer: started
    Running setup.py install for hiddenlayer: finished with status 'done'
Successfully installed hiddenlayer-0.2
Obtaining file:///home/smaijer/code/nnUNet
Collecting torch==1.12.0
  Using cached torch-1.12.0-cp310-cp310-manylinux1_x86_64.whl (776.3 MB)
Collecting tqdm
  Using cached tqdm-4.64.1-py2.py3-none-any.whl (78 kB)
Collecting dicom2nifti
  Using cached dicom2nifti-2.4.3-py3-none-any.whl (43 kB)
Collecting scikit-image>=0.14
  Using cached scikit_image-0.19.3-cp310-cp310-manylinux_2_17_x86_64.manylinux2014_x86_64.whl (13.9 MB)
Collecting medpy
  Using cached MedPy-0.4.0.tar.gz (151 kB)
Collecting scipy
  Using cached scipy-1.9.1-cp310-cp310-manylinux_2_17_x86_64.manylinux2014_x86_64.whl (43.9 MB)
Collecting batchgenerators>=0.23
  Using cached batchgenerators-0.24.tar.gz (61 kB)
Collecting numpy
  Using cached numpy-1.23.2-cp310-cp310-manylinux_2_17_x86_64.manylinux2014_x86_64.whl (17.0 MB)
Collecting sklearn
  Using cached sklearn-0.0.tar.gz (1.1 kB)
