Starting at Tue May 10 19:30:59 CEST 2022
Running on hosts: res-hpc-gpu01
Running on 1 nodes.
Running 1 tasks.
CPUs on node: 8.
Account: div2-lkeb
Job ID: 10130708
Job name: PancreasPreprocess
Node running script: res-hpc-gpu01
Submit host: res-hpc-lo02.researchlumc.nl
GPUS: 0 or 
Tue May 10 19:33:33 2022       
+-----------------------------------------------------------------------------+
| NVIDIA-SMI 495.29.05    Driver Version: 495.29.05    CUDA Version: 11.5     |
|-------------------------------+----------------------+----------------------+
| GPU  Name        Persistence-M| Bus-Id        Disp.A | Volatile Uncorr. ECC |
| Fan  Temp  Perf  Pwr:Usage/Cap|         Memory-Usage | GPU-Util  Compute M. |
|                               |                      |               MIG M. |
|===============================+======================+======================|
|   0  NVIDIA TITAN Xp     Off  | 00000000:D8:00.0 Off |                  N/A |
| 18%   33C    P0    61W / 250W |      0MiB / 12196MiB |      1%      Default |
|                               |                      |                  N/A |
+-------------------------------+----------------------+----------------------+
                                                                               
+-----------------------------------------------------------------------------+
| Processes:                                                                  |
|  GPU   GI   CI        PID   Type   Process name                  GPU Memory |
|        ID   ID                                                   Usage      |
|=============================================================================|
|  No running processes found                                                 |
+-----------------------------------------------------------------------------+
Current working directory is /home/smaijer
Load all modules..
Done with loading all modules. Modules:
Activate conda env nnunet..
Verifying environment variables:
nnUNet_raw_data_base = /exports/lkeb-hpc/smaijer/data/nnUNet_raw_data_base
nnUNet_preprocessed = /exports/lkeb-hpc/smaijer/data/nnUNet_preprocessed
RESULTS_FOLDER = /exports/lkeb-hpc/smaijer/results
OUTPUT = /exports/lkeb-hpc/smaijer/output
Installing nnU-net..
Obtaining file:///home/smaijer/code/nnUNet
Requirement already satisfied: torch>1.10.0 in ./.conda/envs/nn/lib/python3.9/site-packages (from nnunet==1.7.0) (1.11.0)
Requirement already satisfied: tqdm in ./.conda/envs/nn/lib/python3.9/site-packages (from nnunet==1.7.0) (4.64.0)
Requirement already satisfied: dicom2nifti in ./.conda/envs/nn/lib/python3.9/site-packages (from nnunet==1.7.0) (2.3.2)
Requirement already satisfied: scikit-image>=0.14 in ./.conda/envs/nn/lib/python3.9/site-packages (from nnunet==1.7.0) (0.19.2)
Requirement already satisfied: medpy in ./.conda/envs/nn/lib/python3.9/site-packages (from nnunet==1.7.0) (0.4.0)
Requirement already satisfied: scipy in ./.conda/envs/nn/lib/python3.9/site-packages (from nnunet==1.7.0) (1.8.0)
Requirement already satisfied: batchgenerators>=0.23 in ./.conda/envs/nn/lib/python3.9/site-packages (from nnunet==1.7.0) (0.23)
Requirement already satisfied: numpy in ./.conda/envs/nn/lib/python3.9/site-packages (from nnunet==1.7.0) (1.21.2)
Requirement already satisfied: sklearn in ./.conda/envs/nn/lib/python3.9/site-packages (from nnunet==1.7.0) (0.0)
Requirement already satisfied: SimpleITK in ./.conda/envs/nn/lib/python3.9/site-packages (from nnunet==1.7.0) (2.1.1)
Requirement already satisfied: pandas in ./.conda/envs/nn/lib/python3.9/site-packages (from nnunet==1.7.0) (1.4.2)
Requirement already satisfied: requests in ./.conda/envs/nn/lib/python3.9/site-packages (from nnunet==1.7.0) (2.27.1)
Requirement already satisfied: nibabel in ./.conda/envs/nn/lib/python3.9/site-packages (from nnunet==1.7.0) (3.2.2)
Requirement already satisfied: tifffile in ./.conda/envs/nn/lib/python3.9/site-packages (from nnunet==1.7.0) (2022.4.8)
Requirement already satisfied: matplotlib in ./.conda/envs/nn/lib/python3.9/site-packages (from nnunet==1.7.0) (3.5.1)
Requirement already satisfied: unittest2 in ./.conda/envs/nn/lib/python3.9/site-packages (from batchgenerators>=0.23->nnunet==1.7.0) (1.1.0)
Requirement already satisfied: future in ./.conda/envs/nn/lib/python3.9/site-packages (from batchgenerators>=0.23->nnunet==1.7.0) (0.18.2)
Requirement already satisfied: scikit-learn in ./.conda/envs/nn/lib/python3.9/site-packages (from batchgenerators>=0.23->nnunet==1.7.0) (1.0.2)
Requirement already satisfied: threadpoolctl in ./.conda/envs/nn/lib/python3.9/site-packages (from batchgenerators>=0.23->nnunet==1.7.0) (3.1.0)
Requirement already satisfied: pillow>=7.1.2 in ./.conda/envs/nn/lib/python3.9/site-packages (from batchgenerators>=0.23->nnunet==1.7.0) (9.0.1)
Requirement already satisfied: imageio>=2.4.1 in ./.conda/envs/nn/lib/python3.9/site-packages (from scikit-image>=0.14->nnunet==1.7.0) (2.16.2)
Requirement already satisfied: packaging>=20.0 in ./.conda/envs/nn/lib/python3.9/site-packages (from scikit-image>=0.14->nnunet==1.7.0) (21.3)
Requirement already satisfied: networkx>=2.2 in ./.conda/envs/nn/lib/python3.9/site-packages (from scikit-image>=0.14->nnunet==1.7.0) (2.8)
Requirement already satisfied: PyWavelets>=1.1.1 in ./.conda/envs/nn/lib/python3.9/site-packages (from scikit-image>=0.14->nnunet==1.7.0) (1.3.0)
Requirement already satisfied: pyparsing!=3.0.5,>=2.0.2 in ./.conda/envs/nn/lib/python3.9/site-packages (from packaging>=20.0->scikit-image>=0.14->nnunet==1.7.0) (3.0.8)
Requirement already satisfied: typing_extensions in ./.conda/envs/nn/lib/python3.9/site-packages (from torch>1.10.0->nnunet==1.7.0) (4.1.1)
Requirement already satisfied: pydicom>=1.3.0 in ./.conda/envs/nn/lib/python3.9/site-packages (from dicom2nifti->nnunet==1.7.0) (2.3.0)
Requirement already satisfied: cycler>=0.10 in ./.conda/envs/nn/lib/python3.9/site-packages (from matplotlib->nnunet==1.7.0) (0.11.0)
Requirement already satisfied: kiwisolver>=1.0.1 in ./.conda/envs/nn/lib/python3.9/site-packages (from matplotlib->nnunet==1.7.0) (1.4.2)
Requirement already satisfied: fonttools>=4.22.0 in ./.conda/envs/nn/lib/python3.9/site-packages (from matplotlib->nnunet==1.7.0) (4.32.0)
Requirement already satisfied: python-dateutil>=2.7 in ./.conda/envs/nn/lib/python3.9/site-packages (from matplotlib->nnunet==1.7.0) (2.8.2)
Requirement already satisfied: six>=1.5 in ./.conda/envs/nn/lib/python3.9/site-packages (from python-dateutil>=2.7->matplotlib->nnunet==1.7.0) (1.16.0)
Requirement already satisfied: setuptools in ./.conda/envs/nn/lib/python3.9/site-packages (from nibabel->nnunet==1.7.0) (58.0.4)
Requirement already satisfied: pytz>=2020.1 in ./.conda/envs/nn/lib/python3.9/site-packages (from pandas->nnunet==1.7.0) (2022.1)
Requirement already satisfied: certifi>=2017.4.17 in ./.conda/envs/nn/lib/python3.9/site-packages (from requests->nnunet==1.7.0) (2021.10.8)
Requirement already satisfied: charset-normalizer~=2.0.0 in ./.conda/envs/nn/lib/python3.9/site-packages (from requests->nnunet==1.7.0) (2.0.4)
Requirement already satisfied: urllib3<1.27,>=1.21.1 in ./.conda/envs/nn/lib/python3.9/site-packages (from requests->nnunet==1.7.0) (1.26.8)
Requirement already satisfied: idna<4,>=2.5 in ./.conda/envs/nn/lib/python3.9/site-packages (from requests->nnunet==1.7.0) (3.3)
Requirement already satisfied: joblib>=0.11 in ./.conda/envs/nn/lib/python3.9/site-packages (from scikit-learn->batchgenerators>=0.23->nnunet==1.7.0) (1.1.0)
Requirement already satisfied: traceback2 in ./.conda/envs/nn/lib/python3.9/site-packages (from unittest2->batchgenerators>=0.23->nnunet==1.7.0) (1.4.0)
Collecting argparse
  Using cached argparse-1.4.0-py2.py3-none-any.whl (23 kB)
Requirement already satisfied: linecache2 in ./.conda/envs/nn/lib/python3.9/site-packages (from traceback2->unittest2->batchgenerators>=0.23->nnunet==1.7.0) (1.0.0)
Installing collected packages: argparse, nnunet
  Attempting uninstall: nnunet
    Found existing installation: nnunet 1.7.0
    Uninstalling nnunet-1.7.0:
      Successfully uninstalled nnunet-1.7.0
  Running setup.py develop for nnunet
Successfully installed argparse-1.4.0 nnunet-1.7.0


Please cite the following paper when using nnUNet:

Isensee, F., Jaeger, P.F., Kohl, S.A.A. et al. "nnU-Net: a self-configuring method for deep learning-based biomedical image segmentation." Nat Methods (2020). https://doi.org/10.1038/s41592-020-01008-z


If you have questions or suggestions, feel free to open an issue at https://github.com/MIC-DKFZ/nnUNet

Verifying training set
checking case panc_0507
checking case panc_0508
checking case panc_0510
checking case panc_0514
checking case panc_0518
checking case panc_0530
checking case panc_0532
checking case panc_0538
checking case panc_0540
checking case panc_0541
checking case panc_0548
checking case panc_0551
checking case panc_0554
checking case panc_0555
checking case panc_0557
checking case panc_0558
checking case panc_0570
checking case panc_0571
checking case panc_0578
checking case panc_0580
checking case panc_0585
checking case panc_0586
checking case panc_0587
checking case panc_0588
checking case panc_0589
checking case panc_0590
checking case panc_0592
checking case panc_0593
checking case panc_0594
checking case panc_0595
checking case panc_0596
checking case panc_0597
checking case panc_0599
checking case panc_0600
Verifying label values
Expected label values are [0, 1]
Labels OK
Verifying test set
Dataset OK
panc_0554
before crop: (1, 512, 168, 512) after crop: (1, 432, 168, 512) spacing: [0.82029998 1.10000002 0.82029998] 

panc_0555
before crop: (1, 72, 232, 288) after crop: (1, 72, 230, 286) spacing: [3.         1.38888884 1.38888884] 

panc_0599
before crop: (1, 72, 260, 320) after crop: (1, 72, 258, 319) spacing: [3.     1.1875 1.1875] 

panc_0600
before crop: (1, 72, 260, 320) after crop: (1, 72, 258, 319) spacing: [3.     1.1875 1.1875] 

panc_0510
before crop: (1, 320, 104, 260) after crop: (1, 319, 104, 259) spacing: [1.40625 1.5     1.40625] 

panc_0514
before crop: (1, 320, 112, 260) after crop: (1, 319, 112, 259) spacing: [1.40625 1.5     1.40625] 

panc_0592
before crop: (1, 512, 168, 512) after crop: (1, 472, 168, 510) spacing: [0.82029998 1.10000002 0.82029998] 

panc_0593
before crop: (1, 72, 468, 576) after crop: (1, 72, 466, 575) spacing: [3.         0.69444442 0.69444442] 

panc_0532
before crop: (1, 72, 260, 320) after crop: (1, 72, 255, 319) spacing: [3.     1.3125 1.3125] 

panc_0538
before crop: (1, 64, 260, 320) after crop: (1, 64, 258, 319) spacing: [3.     1.3125 1.3125] 

panc_0578
before crop: (1, 512, 168, 512) after crop: (1, 456, 168, 512) spacing: [0.82029998 1.10000002 0.82029998] 

panc_0580
before crop: (1, 320, 60, 320) after crop: (1, 319, 60, 319) spacing: [1.1875 3.     1.1875] 

panc_0518
before crop: (1, 400, 120, 400) after crop: (1, 400, 120, 352) spacing: [1. 2. 1.] 

panc_0530
before crop: (1, 64, 290, 320) after crop: (1, 64, 288, 319) spacing: [3.     1.1875 1.1875] 

panc_0587
before crop: (1, 72, 260, 320) after crop: (1, 72, 259, 319) spacing: [3.     1.1875 1.1875] 

panc_0588
before crop: (1, 512, 168, 512) after crop: (1, 496, 168, 512) spacing: [0.82029998 1.10000002 0.82029998] 

panc_0548
before crop: (1, 72, 260, 320) after crop: (1, 72, 258, 318) spacing: [3.     1.1875 1.1875] 

panc_0551
before crop: (1, 72, 468, 576) after crop: (1, 72, 466, 574) spacing: [3.         0.69444442 0.69444442] 

panc_0594
before crop: (1, 512, 168, 512) after crop: (1, 488, 168, 512) spacing: [0.82029998 1.10000002 0.82029998] 

panc_0595
before crop: (1, 72, 260, 320) after crop: (1, 72, 258, 319) spacing: [3.     1.1875 1.1875] 

panc_0540
before crop: (1, 100, 192, 192) after crop: (1, 100, 152, 192) spacing: [2.       1.953125 1.953125] 

panc_0541
before crop: (1, 72, 290, 320) after crop: (1, 72, 289, 319) spacing: [3.     1.1875 1.1875] 

panc_0570
before crop: (1, 72, 260, 320) after crop: (1, 72, 258, 318) spacing: [3.     1.1875 1.1875] 

panc_0571
before crop: (1, 72, 258, 320) after crop: (1, 72, 256, 319) spacing: [3.   1.25 1.25] 

panc_0589
before crop: (1, 320, 60, 320) after crop: (1, 319, 60, 319) spacing: [1.1875 3.     1.1875] 

panc_0590
before crop: (1, 512, 168, 512) after crop: (1, 497, 168, 510) spacing: [0.82029998 1.10000002 0.82029998] 

panc_0507
before crop: (1, 72, 290, 320) after crop: (1, 72, 289, 319) spacing: [2.5    1.1875 1.1875] 

panc_0508
before crop: (1, 320, 80, 260) after crop: (1, 319, 80, 259) spacing: [1.40625 1.5     1.40625] 

panc_0585
before crop: (1, 72, 260, 320) after crop: (1, 72, 258, 319) spacing: [3.     1.1875 1.1875] 

panc_0586
before crop: (1, 320, 144, 260) after crop: (1, 319, 144, 259) spacing: [1.40629995 1.5        1.40629995] 

panc_0596
before crop: (1, 512, 168, 512) after crop: (1, 432, 168, 508) spacing: [0.82029998 1.10000002 0.82029998] 

panc_0597
before crop: (1, 320, 60, 320) after crop: (1, 319, 60, 319) spacing: [1.1875 3.     1.1875] 

panc_0557
before crop: (1, 512, 152, 512) after crop: (1, 449, 152, 510) spacing: [0.82029998 1.10000002 0.82029998] 

panc_0558
before crop: (1, 512, 168, 512) after crop: (1, 472, 168, 512) spacing: [0.82029998 1.10000002 0.82029998] 




 Task600
number of threads:  (8, 8) 

not using nonzero mask for normalization
Are we using the nonzero mask for normalizaion? OrderedDict([(0, False)])
the median shape of the dataset is  [167.44549842 226.05263158 319.        ]
the max shape in the dataset is  [263.39998849 289.         353.67881373]
the min shape in the dataset is  [105.68652362 101.05263158 296.42105263]
we don't want feature maps smaller than  4  in the bottleneck
the transposed median shape of the dataset is  [167.44549842 226.05263158 319.        ]
generating configuration for 3d_fullres
generating configuration for 3d_lowres
{0: {'batch_size': 2, 'num_pool_per_axis': [4, 5, 5], 'patch_size': array([ 96, 128, 192]), 'median_patient_size_in_voxels': array([167, 226, 319]), 'current_spacing': array([1.70314997, 1.1875    , 1.1875    ]), 'original_spacing': array([1.70314997, 1.1875    , 1.1875    ]), 'do_dummy_2D_data_aug': False, 'pool_op_kernel_sizes': [[2, 2, 2], [2, 2, 2], [2, 2, 2], [2, 2, 2], [1, 2, 2]], 'conv_kernel_sizes': [[3, 3, 3], [3, 3, 3], [3, 3, 3], [3, 3, 3], [3, 3, 3], [3, 3, 3]]}}
transpose forward [0, 1, 2]
transpose backward [0, 1, 2]
Initializing to run preprocessing
npz folder: /exports/lkeb-hpc/smaijer/data/nnUNet_raw_data_base/nnUNet_cropped_data/Task600
output_folder: /exports/lkeb-hpc/smaijer/data/nnUNet_preprocessed/Task600
no separate z, order 3
no separate z, order 1
before: {'spacing': array([2.      , 1.953125, 1.953125]), 'spacing_transposed': array([2.      , 1.953125, 1.953125]), 'data.shape (data is transposed)': (1, 100, 152, 192)} 
after:  {'spacing': array([1.70314997, 1.1875    , 1.1875    ]), 'data.shape (data is resampled)': (1, 117, 250, 316)} 

1 10000
saving:  /exports/lkeb-hpc/smaijer/data/nnUNet_preprocessed/Task600/nnUNetData_plans_v2.1_stage0/panc_0540.npz
no separate z, order 3
no separate z, order 1
before: {'spacing': array([3.    , 1.1875, 1.1875]), 'spacing_transposed': array([3.    , 1.1875, 1.1875]), 'data.shape (data is transposed)': (1, 72, 289, 319)} 
after:  {'spacing': array([1.70314997, 1.1875    , 1.1875    ]), 'data.shape (data is resampled)': (1, 127, 289, 319)} 

1 10000
saving:  /exports/lkeb-hpc/smaijer/data/nnUNet_preprocessed/Task600/nnUNetData_plans_v2.1_stage0/panc_0541.npz
no separate z, order 3
no separate z, order 1
before: {'spacing': array([3.    , 1.1875, 1.1875]), 'spacing_transposed': array([3.    , 1.1875, 1.1875]), 'data.shape (data is transposed)': (1, 72, 258, 319)} 
after:  {'spacing': array([1.70314997, 1.1875    , 1.1875    ]), 'data.shape (data is resampled)': (1, 127, 258, 319)} 

1 10000
saving:  /exports/lkeb-hpc/smaijer/data/nnUNet_preprocessed/Task600/nnUNetData_plans_v2.1_stage0/panc_0585.npz
no separate z, order 3
no separate z, order 1
before: {'spacing': array([1.40629995, 1.5       , 1.40629995]), 'spacing_transposed': array([1.40629995, 1.5       , 1.40629995]), 'data.shape (data is transposed)': (1, 319, 144, 259)} 
after:  {'spacing': array([1.70314997, 1.1875    , 1.1875    ]), 'data.shape (data is resampled)': (1, 263, 182, 307)} 

1 10000
saving:  /exports/lkeb-hpc/smaijer/data/nnUNet_preprocessed/Task600/nnUNetData_plans_v2.1_stage0/panc_0586.npz
no separate z, order 3
no separate z, order 1
before: {'spacing': array([0.82029998, 1.10000002, 0.82029998]), 'spacing_transposed': array([0.82029998, 1.10000002, 0.82029998]), 'data.shape (data is transposed)': (1, 449, 152, 510)} 
after:  {'spacing': array([1.70314997, 1.1875    , 1.1875    ]), 'data.shape (data is resampled)': (1, 216, 141, 352)} 

1 10000
saving:  /exports/lkeb-hpc/smaijer/data/nnUNet_preprocessed/Task600/nnUNetData_plans_v2.1_stage0/panc_0557.npz
no separate z, order 3
no separate z, order 1
before: {'spacing': array([0.82029998, 1.10000002, 0.82029998]), 'spacing_transposed': array([0.82029998, 1.10000002, 0.82029998]), 'data.shape (data is transposed)': (1, 472, 168, 512)} 
after:  {'spacing': array([1.70314997, 1.1875    , 1.1875    ]), 'data.shape (data is resampled)': (1, 227, 156, 354)} 

1 10000
saving:  /exports/lkeb-hpc/smaijer/data/nnUNet_preprocessed/Task600/nnUNetData_plans_v2.1_stage0/panc_0558.npz
no separate z, order 3
no separate z, order 1
before: {'spacing': array([0.82029998, 1.10000002, 0.82029998]), 'spacing_transposed': array([0.82029998, 1.10000002, 0.82029998]), 'data.shape (data is transposed)': (1, 432, 168, 508)} 
after:  {'spacing': array([1.70314997, 1.1875    , 1.1875    ]), 'data.shape (data is resampled)': (1, 208, 156, 351)} 

1 10000
saving:  /exports/lkeb-hpc/smaijer/data/nnUNet_preprocessed/Task600/nnUNetData_plans_v2.1_stage0/panc_0596.npz
no separate z, order 3
no separate z, order 1
before: {'spacing': array([1.1875, 3.    , 1.1875]), 'spacing_transposed': array([1.1875, 3.    , 1.1875]), 'data.shape (data is transposed)': (1, 319, 60, 319)} 
after:  {'spacing': array([1.70314997, 1.1875    , 1.1875    ]), 'data.shape (data is resampled)': (1, 222, 152, 319)} 

1 10000
saving:  /exports/lkeb-hpc/smaijer/data/nnUNet_preprocessed/Task600/nnUNetData_plans_v2.1_stage0/panc_0597.npz
no separate z, order 3
no separate z, order 1
before: {'spacing': array([3.    , 1.1875, 1.1875]), 'spacing_transposed': array([3.    , 1.1875, 1.1875]), 'data.shape (data is transposed)': (1, 72, 258, 318)} 
after:  {'spacing': array([1.70314997, 1.1875    , 1.1875    ]), 'data.shape (data is resampled)': (1, 127, 258, 318)} 

1 10000
saving:  /exports/lkeb-hpc/smaijer/data/nnUNet_preprocessed/Task600/nnUNetData_plans_v2.1_stage0/panc_0548.npz
separate z, order in z is 0 order inplane is 3
separate z, order in z is 0 order inplane is 1
before: {'spacing': array([3.        , 0.69444442, 0.69444442]), 'spacing_transposed': array([3.        , 0.69444442, 0.69444442]), 'data.shape (data is transposed)': (1, 72, 466, 574)} 
after:  {'spacing': array([1.70314997, 1.1875    , 1.1875    ]), 'data.shape (data is resampled)': (1, 127, 273, 336)} 

1 10000
saving:  /exports/lkeb-hpc/smaijer/data/nnUNet_preprocessed/Task600/nnUNetData_plans_v2.1_stage0/panc_0551.npz
no separate z, order 3
no separate z, order 1
before: {'spacing': array([0.82029998, 1.10000002, 0.82029998]), 'spacing_transposed': array([0.82029998, 1.10000002, 0.82029998]), 'data.shape (data is transposed)': (1, 456, 168, 512)} 
after:  {'spacing': array([1.70314997, 1.1875    , 1.1875    ]), 'data.shape (data is resampled)': (1, 220, 156, 354)} 

1 10000
saving:  /exports/lkeb-hpc/smaijer/data/nnUNet_preprocessed/Task600/nnUNetData_plans_v2.1_stage0/panc_0578.npz
no separate z, order 3
no separate z, order 1
before: {'spacing': array([1.1875, 3.    , 1.1875]), 'spacing_transposed': array([1.1875, 3.    , 1.1875]), 'data.shape (data is transposed)': (1, 319, 60, 319)} 
after:  {'spacing': array([1.70314997, 1.1875    , 1.1875    ]), 'data.shape (data is resampled)': (1, 222, 152, 319)} 

1 10000
saving:  /exports/lkeb-hpc/smaijer/data/nnUNet_preprocessed/Task600/nnUNetData_plans_v2.1_stage0/panc_0580.npz
no separate z, order 3
no separate z, order 1
before: {'spacing': array([1.40625, 1.5    , 1.40625]), 'spacing_transposed': array([1.40625, 1.5    , 1.40625]), 'data.shape (data is transposed)': (1, 319, 104, 259)} 
after:  {'spacing': array([1.70314997, 1.1875    , 1.1875    ]), 'data.shape (data is resampled)': (1, 263, 131, 307)} 

1 10000
saving:  /exports/lkeb-hpc/smaijer/data/nnUNet_preprocessed/Task600/nnUNetData_plans_v2.1_stage0/panc_0510.npz
no separate z, order 3
no separate z, order 1
before: {'spacing': array([1.40625, 1.5    , 1.40625]), 'spacing_transposed': array([1.40625, 1.5    , 1.40625]), 'data.shape (data is transposed)': (1, 319, 112, 259)} 
after:  {'spacing': array([1.70314997, 1.1875    , 1.1875    ]), 'data.shape (data is resampled)': (1, 263, 141, 307)} 

1 10000
saving:  /exports/lkeb-hpc/smaijer/data/nnUNet_preprocessed/Task600/nnUNetData_plans_v2.1_stage0/panc_0514.npz
no separate z, order 3
no separate z, order 1
before: {'spacing': array([3.    , 1.1875, 1.1875]), 'spacing_transposed': array([3.    , 1.1875, 1.1875]), 'data.shape (data is transposed)': (1, 72, 259, 319)} 
after:  {'spacing': array([1.70314997, 1.1875    , 1.1875    ]), 'data.shape (data is resampled)': (1, 127, 259, 319)} 

1 10000
saving:  /exports/lkeb-hpc/smaijer/data/nnUNet_preprocessed/Task600/nnUNetData_plans_v2.1_stage0/panc_0587.npz
no separate z, order 3
no separate z, order 1
before: {'spacing': array([0.82029998, 1.10000002, 0.82029998]), 'spacing_transposed': array([0.82029998, 1.10000002, 0.82029998]), 'data.shape (data is transposed)': (1, 496, 168, 512)} 
after:  {'spacing': array([1.70314997, 1.1875    , 1.1875    ]), 'data.shape (data is resampled)': (1, 239, 156, 354)} 

1 10000
saving:  /exports/lkeb-hpc/smaijer/data/nnUNet_preprocessed/Task600/nnUNetData_plans_v2.1_stage0/panc_0588.npz
no separate z, order 3
no separate z, order 1
before: {'spacing': array([1., 2., 1.]), 'spacing_transposed': array([1., 2., 1.]), 'data.shape (data is transposed)': (1, 400, 120, 352)} 
after:  {'spacing': array([1.70314997, 1.1875    , 1.1875    ]), 'data.shape (data is resampled)': (1, 235, 202, 296)} 

1 10000
saving:  /exports/lkeb-hpc/smaijer/data/nnUNet_preprocessed/Task600/nnUNetData_plans_v2.1_stage0/panc_0518.npz
no separate z, order 3
no separate z, order 1
before: {'spacing': array([3.    , 1.1875, 1.1875]), 'spacing_transposed': array([3.    , 1.1875, 1.1875]), 'data.shape (data is transposed)': (1, 64, 288, 319)} 
after:  {'spacing': array([1.70314997, 1.1875    , 1.1875    ]), 'data.shape (data is resampled)': (1, 113, 288, 319)} 

1 10000
saving:  /exports/lkeb-hpc/smaijer/data/nnUNet_preprocessed/Task600/nnUNetData_plans_v2.1_stage0/panc_0530.npz
no separate z, order 3
no separate z, order 1
before: {'spacing': array([0.82029998, 1.10000002, 0.82029998]), 'spacing_transposed': array([0.82029998, 1.10000002, 0.82029998]), 'data.shape (data is transposed)': (1, 472, 168, 510)} 
after:  {'spacing': array([1.70314997, 1.1875    , 1.1875    ]), 'data.shape (data is resampled)': (1, 227, 156, 352)} 

1 10000
saving:  /exports/lkeb-hpc/smaijer/data/nnUNet_preprocessed/Task600/nnUNetData_plans_v2.1_stage0/panc_0592.npz
separate z, order in z is 0 order inplane is 3
separate z, order in z is 0 order inplane is 1
before: {'spacing': array([3.        , 0.69444442, 0.69444442]), 'spacing_transposed': array([3.        , 0.69444442, 0.69444442]), 'data.shape (data is transposed)': (1, 72, 466, 575)} 
after:  {'spacing': array([1.70314997, 1.1875    , 1.1875    ]), 'data.shape (data is resampled)': (1, 127, 273, 336)} 

1 10000
saving:  /exports/lkeb-hpc/smaijer/data/nnUNet_preprocessed/Task600/nnUNetData_plans_v2.1_stage0/panc_0593.npz
no separate z, order 3
no separate z, order 1
before: {'spacing': array([3.    , 1.3125, 1.3125]), 'spacing_transposed': array([3.    , 1.3125, 1.3125]), 'data.shape (data is transposed)': (1, 72, 255, 319)} 
after:  {'spacing': array([1.70314997, 1.1875    , 1.1875    ]), 'data.shape (data is resampled)': (1, 127, 282, 353)} 

1 10000
saving:  /exports/lkeb-hpc/smaijer/data/nnUNet_preprocessed/Task600/nnUNetData_plans_v2.1_stage0/panc_0532.npz
no separate z, order 3
no separate z, order 1
before: {'spacing': array([3.    , 1.3125, 1.3125]), 'spacing_transposed': array([3.    , 1.3125, 1.3125]), 'data.shape (data is transposed)': (1, 64, 258, 319)} 
after:  {'spacing': array([1.70314997, 1.1875    , 1.1875    ]), 'data.shape (data is resampled)': (1, 113, 285, 353)} 

1 10000
saving:  /exports/lkeb-hpc/smaijer/data/nnUNet_preprocessed/Task600/nnUNetData_plans_v2.1_stage0/panc_0538.npz
no separate z, order 3
no separate z, order 1
before: {'spacing': array([1.1875, 3.    , 1.1875]), 'spacing_transposed': array([1.1875, 3.    , 1.1875]), 'data.shape (data is transposed)': (1, 319, 60, 319)} 
after:  {'spacing': array([1.70314997, 1.1875    , 1.1875    ]), 'data.shape (data is resampled)': (1, 222, 152, 319)} 

1 10000
saving:  /exports/lkeb-hpc/smaijer/data/nnUNet_preprocessed/Task600/nnUNetData_plans_v2.1_stage0/panc_0589.npz
no separate z, order 3
no separate z, order 1
before: {'spacing': array([0.82029998, 1.10000002, 0.82029998]), 'spacing_transposed': array([0.82029998, 1.10000002, 0.82029998]), 'data.shape (data is transposed)': (1, 497, 168, 510)} 
after:  {'spacing': array([1.70314997, 1.1875    , 1.1875    ]), 'data.shape (data is resampled)': (1, 239, 156, 352)} 

1 10000
saving:  /exports/lkeb-hpc/smaijer/data/nnUNet_preprocessed/Task600/nnUNetData_plans_v2.1_stage0/panc_0590.npz
no separate z, order 3
no separate z, order 1
before: {'spacing': array([0.82029998, 1.10000002, 0.82029998]), 'spacing_transposed': array([0.82029998, 1.10000002, 0.82029998]), 'data.shape (data is transposed)': (1, 432, 168, 512)} 
after:  {'spacing': array([1.70314997, 1.1875    , 1.1875    ]), 'data.shape (data is resampled)': (1, 208, 156, 354)} 

1 10000
saving:  /exports/lkeb-hpc/smaijer/data/nnUNet_preprocessed/Task600/nnUNetData_plans_v2.1_stage0/panc_0554.npz
no separate z, order 3
no separate z, order 1
before: {'spacing': array([3.        , 1.38888884, 1.38888884]), 'spacing_transposed': array([3.        , 1.38888884, 1.38888884]), 'data.shape (data is transposed)': (1, 72, 230, 286)} 
after:  {'spacing': array([1.70314997, 1.1875    , 1.1875    ]), 'data.shape (data is resampled)': (1, 127, 269, 335)} 

1 10000
saving:  /exports/lkeb-hpc/smaijer/data/nnUNet_preprocessed/Task600/nnUNetData_plans_v2.1_stage0/panc_0555.npz
no separate z, order 3
no separate z, order 1
before: {'spacing': array([0.82029998, 1.10000002, 0.82029998]), 'spacing_transposed': array([0.82029998, 1.10000002, 0.82029998]), 'data.shape (data is transposed)': (1, 488, 168, 512)} 
after:  {'spacing': array([1.70314997, 1.1875    , 1.1875    ]), 'data.shape (data is resampled)': (1, 235, 156, 354)} 

1 10000
saving:  /exports/lkeb-hpc/smaijer/data/nnUNet_preprocessed/Task600/nnUNetData_plans_v2.1_stage0/panc_0594.npz
no separate z, order 3
no separate z, order 1
before: {'spacing': array([3.    , 1.1875, 1.1875]), 'spacing_transposed': array([3.    , 1.1875, 1.1875]), 'data.shape (data is transposed)': (1, 72, 258, 319)} 
after:  {'spacing': array([1.70314997, 1.1875    , 1.1875    ]), 'data.shape (data is resampled)': (1, 127, 258, 319)} 

1 10000
saving:  /exports/lkeb-hpc/smaijer/data/nnUNet_preprocessed/Task600/nnUNetData_plans_v2.1_stage0/panc_0595.npz
no separate z, order 3
no separate z, order 1
before: {'spacing': array([2.5   , 1.1875, 1.1875]), 'spacing_transposed': array([2.5   , 1.1875, 1.1875]), 'data.shape (data is transposed)': (1, 72, 289, 319)} 
after:  {'spacing': array([1.70314997, 1.1875    , 1.1875    ]), 'data.shape (data is resampled)': (1, 106, 289, 319)} 

1 10000
saving:  /exports/lkeb-hpc/smaijer/data/nnUNet_preprocessed/Task600/nnUNetData_plans_v2.1_stage0/panc_0507.npz
no separate z, order 3
no separate z, order 1
before: {'spacing': array([1.40625, 1.5    , 1.40625]), 'spacing_transposed': array([1.40625, 1.5    , 1.40625]), 'data.shape (data is transposed)': (1, 319, 80, 259)} 
after:  {'spacing': array([1.70314997, 1.1875    , 1.1875    ]), 'data.shape (data is resampled)': (1, 263, 101, 307)} 

1 10000
saving:  /exports/lkeb-hpc/smaijer/data/nnUNet_preprocessed/Task600/nnUNetData_plans_v2.1_stage0/panc_0508.npz
no separate z, order 3
no separate z, order 1
before: {'spacing': array([3.    , 1.1875, 1.1875]), 'spacing_transposed': array([3.    , 1.1875, 1.1875]), 'data.shape (data is transposed)': (1, 72, 258, 318)} 
after:  {'spacing': array([1.70314997, 1.1875    , 1.1875    ]), 'data.shape (data is resampled)': (1, 127, 258, 318)} 

1 10000
saving:  /exports/lkeb-hpc/smaijer/data/nnUNet_preprocessed/Task600/nnUNetData_plans_v2.1_stage0/panc_0570.npz
no separate z, order 3
no separate z, order 1
before: {'spacing': array([3.  , 1.25, 1.25]), 'spacing_transposed': array([3.  , 1.25, 1.25]), 'data.shape (data is transposed)': (1, 72, 256, 319)} 
after:  {'spacing': array([1.70314997, 1.1875    , 1.1875    ]), 'data.shape (data is resampled)': (1, 127, 269, 336)} 

1 10000
saving:  /exports/lkeb-hpc/smaijer/data/nnUNet_preprocessed/Task600/nnUNetData_plans_v2.1_stage0/panc_0571.npz
no separate z, order 3
no separate z, order 1
before: {'spacing': array([3.    , 1.1875, 1.1875]), 'spacing_transposed': array([3.    , 1.1875, 1.1875]), 'data.shape (data is transposed)': (1, 72, 258, 319)} 
after:  {'spacing': array([1.70314997, 1.1875    , 1.1875    ]), 'data.shape (data is resampled)': (1, 127, 258, 319)} 

1 10000
saving:  /exports/lkeb-hpc/smaijer/data/nnUNet_preprocessed/Task600/nnUNetData_plans_v2.1_stage0/panc_0599.npz
no separate z, order 3
no separate z, order 1
before: {'spacing': array([3.    , 1.1875, 1.1875]), 'spacing_transposed': array([3.    , 1.1875, 1.1875]), 'data.shape (data is transposed)': (1, 72, 258, 319)} 
after:  {'spacing': array([1.70314997, 1.1875    , 1.1875    ]), 'data.shape (data is resampled)': (1, 127, 258, 319)} 

1 10000
saving:  /exports/lkeb-hpc/smaijer/data/nnUNet_preprocessed/Task600/nnUNetData_plans_v2.1_stage0/panc_0600.npz
not using nonzero mask for normalization
Are we using the nonzero maks for normalizaion? OrderedDict([(0, False)])
the median shape of the dataset is  [167.44549842 226.05263158 319.        ]
the max shape in the dataset is  [263.39998849 289.         353.67881373]
the min shape in the dataset is  [105.68652362 101.05263158 296.42105263]
we don't want feature maps smaller than  4  in the bottleneck
the transposed median shape of the dataset is  [167.44549842 226.05263158 319.        ]
[{'batch_size': 40, 'num_pool_per_axis': [6, 6], 'patch_size': array([256, 320]), 'median_patient_size_in_voxels': array([167, 226, 319]), 'current_spacing': array([1.70314997, 1.1875    , 1.1875    ]), 'original_spacing': array([1.70314997, 1.1875    , 1.1875    ]), 'pool_op_kernel_sizes': [[2, 2], [2, 2], [2, 2], [2, 2], [2, 2], [2, 2]], 'conv_kernel_sizes': [[3, 3], [3, 3], [3, 3], [3, 3], [3, 3], [3, 3], [3, 3]], 'do_dummy_2D_data_aug': False}]
Initializing to run preprocessing
npz folder: /exports/lkeb-hpc/smaijer/data/nnUNet_raw_data_base/nnUNet_cropped_data/Task600
output_folder: /exports/lkeb-hpc/smaijer/data/nnUNet_preprocessed/Task600
no separate z, order 3
no separate z, order 1
before: {'spacing': array([0.82029998, 1.10000002, 0.82029998]), 'spacing_transposed': array([0.82029998, 1.10000002, 0.82029998]), 'data.shape (data is transposed)': (1, 432, 168, 512)} 
after:  {'spacing': array([0.82029998, 1.1875    , 1.1875    ]), 'data.shape (data is resampled)': (1, 432, 156, 354)} 

normalization...
normalization done
1 10000
saving:  /exports/lkeb-hpc/smaijer/data/nnUNet_preprocessed/Task600/nnUNetData_plans_v2.1_2D_stage0/panc_0554.npz
no separate z, order 3
no separate z, order 1
before: {'spacing': array([3.        , 1.38888884, 1.38888884]), 'spacing_transposed': array([3.        , 1.38888884, 1.38888884]), 'data.shape (data is transposed)': (1, 72, 230, 286)} 
after:  {'spacing': array([3.    , 1.1875, 1.1875]), 'data.shape (data is resampled)': (1, 72, 269, 335)} 

normalization...
normalization done
1 10000
saving:  /exports/lkeb-hpc/smaijer/data/nnUNet_preprocessed/Task600/nnUNetData_plans_v2.1_2D_stage0/panc_0555.npz
no resampling necessary
no resampling necessary
before: {'spacing': array([3.    , 1.1875, 1.1875]), 'spacing_transposed': array([3.    , 1.1875, 1.1875]), 'data.shape (data is transposed)': (1, 72, 258, 319)} 
after:  {'spacing': array([3.    , 1.1875, 1.1875]), 'data.shape (data is resampled)': (1, 72, 258, 319)} 

normalization...
normalization done
1 10000
saving:  /exports/lkeb-hpc/smaijer/data/nnUNet_preprocessed/Task600/nnUNetData_plans_v2.1_2D_stage0/panc_0599.npz
no resampling necessary
no resampling necessary
before: {'spacing': array([3.    , 1.1875, 1.1875]), 'spacing_transposed': array([3.    , 1.1875, 1.1875]), 'data.shape (data is transposed)': (1, 72, 258, 319)} 
after:  {'spacing': array([3.    , 1.1875, 1.1875]), 'data.shape (data is resampled)': (1, 72, 258, 319)} 

normalization...
normalization done
1 10000
saving:  /exports/lkeb-hpc/smaijer/data/nnUNet_preprocessed/Task600/nnUNetData_plans_v2.1_2D_stage0/panc_0600.npz
no separate z, order 3
no separate z, order 1
before: {'spacing': array([3.    , 1.3125, 1.3125]), 'spacing_transposed': array([3.    , 1.3125, 1.3125]), 'data.shape (data is transposed)': (1, 72, 255, 319)} 
after:  {'spacing': array([3.    , 1.1875, 1.1875]), 'data.shape (data is resampled)': (1, 72, 282, 353)} 

normalization...
normalization done
1 10000
saving:  /exports/lkeb-hpc/smaijer/data/nnUNet_preprocessed/Task600/nnUNetData_plans_v2.1_2D_stage0/panc_0532.npz
no separate z, order 3
no separate z, order 1
before: {'spacing': array([3.    , 1.3125, 1.3125]), 'spacing_transposed': array([3.    , 1.3125, 1.3125]), 'data.shape (data is transposed)': (1, 64, 258, 319)} 
after:  {'spacing': array([3.    , 1.1875, 1.1875]), 'data.shape (data is resampled)': (1, 64, 285, 353)} 

normalization...
normalization done
1 10000
saving:  /exports/lkeb-hpc/smaijer/data/nnUNet_preprocessed/Task600/nnUNetData_plans_v2.1_2D_stage0/panc_0538.npz
no resampling necessary
no resampling necessary
before: {'spacing': array([3.    , 1.1875, 1.1875]), 'spacing_transposed': array([3.    , 1.1875, 1.1875]), 'data.shape (data is transposed)': (1, 72, 259, 319)} 
after:  {'spacing': array([3.    , 1.1875, 1.1875]), 'data.shape (data is resampled)': (1, 72, 259, 319)} 

normalization...
normalization done
1 10000
saving:  /exports/lkeb-hpc/smaijer/data/nnUNet_preprocessed/Task600/nnUNetData_plans_v2.1_2D_stage0/panc_0587.npz
no separate z, order 3
no separate z, order 1
before: {'spacing': array([0.82029998, 1.10000002, 0.82029998]), 'spacing_transposed': array([0.82029998, 1.10000002, 0.82029998]), 'data.shape (data is transposed)': (1, 496, 168, 512)} 
after:  {'spacing': array([0.82029998, 1.1875    , 1.1875    ]), 'data.shape (data is resampled)': (1, 496, 156, 354)} 

normalization...
normalization done
1 10000
saving:  /exports/lkeb-hpc/smaijer/data/nnUNet_preprocessed/Task600/nnUNetData_plans_v2.1_2D_stage0/panc_0588.npz
no separate z, order 3
no separate z, order 1
before: {'spacing': array([2.      , 1.953125, 1.953125]), 'spacing_transposed': array([2.      , 1.953125, 1.953125]), 'data.shape (data is transposed)': (1, 100, 152, 192)} 
after:  {'spacing': array([2.    , 1.1875, 1.1875]), 'data.shape (data is resampled)': (1, 100, 250, 316)} 

normalization...
normalization done
1 10000
saving:  /exports/lkeb-hpc/smaijer/data/nnUNet_preprocessed/Task600/nnUNetData_plans_v2.1_2D_stage0/panc_0540.npz
no resampling necessary
no resampling necessary
before: {'spacing': array([3.    , 1.1875, 1.1875]), 'spacing_transposed': array([3.    , 1.1875, 1.1875]), 'data.shape (data is transposed)': (1, 72, 289, 319)} 
after:  {'spacing': array([3.    , 1.1875, 1.1875]), 'data.shape (data is resampled)': (1, 72, 289, 319)} 

normalization...
normalization done
1 7600
saving:  /exports/lkeb-hpc/smaijer/data/nnUNet_preprocessed/Task600/nnUNetData_plans_v2.1_2D_stage0/panc_0541.npz
no separate z, order 3
no separate z, order 1
before: {'spacing': array([0.82029998, 1.10000002, 0.82029998]), 'spacing_transposed': array([0.82029998, 1.10000002, 0.82029998]), 'data.shape (data is transposed)': (1, 456, 168, 512)} 
after:  {'spacing': array([0.82029998, 1.1875    , 1.1875    ]), 'data.shape (data is resampled)': (1, 456, 156, 354)} 

normalization...
normalization done
1 10000
saving:  /exports/lkeb-hpc/smaijer/data/nnUNet_preprocessed/Task600/nnUNetData_plans_v2.1_2D_stage0/panc_0578.npz
no separate z, order 3
no separate z, order 1
before: {'spacing': array([1.1875, 3.    , 1.1875]), 'spacing_transposed': array([1.1875, 3.    , 1.1875]), 'data.shape (data is transposed)': (1, 319, 60, 319)} 
after:  {'spacing': array([1.1875, 1.1875, 1.1875]), 'data.shape (data is resampled)': (1, 319, 152, 319)} 

normalization...
normalization done
1 10000
saving:  /exports/lkeb-hpc/smaijer/data/nnUNet_preprocessed/Task600/nnUNetData_plans_v2.1_2D_stage0/panc_0580.npz
no separate z, order 3
no separate z, order 1
before: {'spacing': array([0.82029998, 1.10000002, 0.82029998]), 'spacing_transposed': array([0.82029998, 1.10000002, 0.82029998]), 'data.shape (data is transposed)': (1, 449, 152, 510)} 
after:  {'spacing': array([0.82029998, 1.1875    , 1.1875    ]), 'data.shape (data is resampled)': (1, 449, 141, 352)} 

normalization...
normalization done
1 10000
saving:  /exports/lkeb-hpc/smaijer/data/nnUNet_preprocessed/Task600/nnUNetData_plans_v2.1_2D_stage0/panc_0557.npz
no separate z, order 3
no separate z, order 1
before: {'spacing': array([0.82029998, 1.10000002, 0.82029998]), 'spacing_transposed': array([0.82029998, 1.10000002, 0.82029998]), 'data.shape (data is transposed)': (1, 472, 168, 512)} 
after:  {'spacing': array([0.82029998, 1.1875    , 1.1875    ]), 'data.shape (data is resampled)': (1, 472, 156, 354)} 

normalization...
normalization done
1 10000
saving:  /exports/lkeb-hpc/smaijer/data/nnUNet_preprocessed/Task600/nnUNetData_plans_v2.1_2D_stage0/panc_0558.npz
no separate z, order 3
no separate z, order 1
before: {'spacing': array([1.40625, 1.5    , 1.40625]), 'spacing_transposed': array([1.40625, 1.5    , 1.40625]), 'data.shape (data is transposed)': (1, 319, 104, 259)} 
after:  {'spacing': array([1.40625, 1.1875 , 1.1875 ]), 'data.shape (data is resampled)': (1, 319, 131, 307)} 

normalization...
normalization done
1 10000
saving:  /exports/lkeb-hpc/smaijer/data/nnUNet_preprocessed/Task600/nnUNetData_plans_v2.1_2D_stage0/panc_0510.npz
no separate z, order 3
no separate z, order 1
before: {'spacing': array([1.40625, 1.5    , 1.40625]), 'spacing_transposed': array([1.40625, 1.5    , 1.40625]), 'data.shape (data is transposed)': (1, 319, 112, 259)} 
after:  {'spacing': array([1.40625, 1.1875 , 1.1875 ]), 'data.shape (data is resampled)': (1, 319, 141, 307)} 

normalization...
normalization done
1 10000
saving:  /exports/lkeb-hpc/smaijer/data/nnUNet_preprocessed/Task600/nnUNetData_plans_v2.1_2D_stage0/panc_0514.npz
no separate z, order 3
no separate z, order 1
before: {'spacing': array([0.82029998, 1.10000002, 0.82029998]), 'spacing_transposed': array([0.82029998, 1.10000002, 0.82029998]), 'data.shape (data is transposed)': (1, 488, 168, 512)} 
after:  {'spacing': array([0.82029998, 1.1875    , 1.1875    ]), 'data.shape (data is resampled)': (1, 488, 156, 354)} 

normalization...
normalization done
1 10000
saving:  /exports/lkeb-hpc/smaijer/data/nnUNet_preprocessed/Task600/nnUNetData_plans_v2.1_2D_stage0/panc_0594.npz
no resampling necessary
no resampling necessary
before: {'spacing': array([3.    , 1.1875, 1.1875]), 'spacing_transposed': array([3.    , 1.1875, 1.1875]), 'data.shape (data is transposed)': (1, 72, 258, 319)} 
after:  {'spacing': array([3.    , 1.1875, 1.1875]), 'data.shape (data is resampled)': (1, 72, 258, 319)} 

normalization...
normalization done
1 7808
saving:  /exports/lkeb-hpc/smaijer/data/nnUNet_preprocessed/Task600/nnUNetData_plans_v2.1_2D_stage0/panc_0595.npz
no resampling necessary
no resampling necessary
before: {'spacing': array([3.    , 1.1875, 1.1875]), 'spacing_transposed': array([3.    , 1.1875, 1.1875]), 'data.shape (data is transposed)': (1, 72, 258, 318)} 
after:  {'spacing': array([3.    , 1.1875, 1.1875]), 'data.shape (data is resampled)': (1, 72, 258, 318)} 

normalization...
normalization done
1 10000
saving:  /exports/lkeb-hpc/smaijer/data/nnUNet_preprocessed/Task600/nnUNetData_plans_v2.1_2D_stage0/panc_0548.npz
separate z, order in z is 0 order inplane is 3
separate z, order in z is 0 order inplane is 1
before: {'spacing': array([3.        , 0.69444442, 0.69444442]), 'spacing_transposed': array([3.        , 0.69444442, 0.69444442]), 'data.shape (data is transposed)': (1, 72, 466, 574)} 
after:  {'spacing': array([3.    , 1.1875, 1.1875]), 'data.shape (data is resampled)': (1, 72, 273, 336)} 

normalization...
normalization done
1 10000
saving:  /exports/lkeb-hpc/smaijer/data/nnUNet_preprocessed/Task600/nnUNetData_plans_v2.1_2D_stage0/panc_0551.npz
no resampling necessary
no resampling necessary
before: {'spacing': array([3.    , 1.1875, 1.1875]), 'spacing_transposed': array([3.    , 1.1875, 1.1875]), 'data.shape (data is transposed)': (1, 72, 258, 318)} 
after:  {'spacing': array([3.    , 1.1875, 1.1875]), 'data.shape (data is resampled)': (1, 72, 258, 318)} 

normalization...
normalization done
1 10000
saving:  /exports/lkeb-hpc/smaijer/data/nnUNet_preprocessed/Task600/nnUNetData_plans_v2.1_2D_stage0/panc_0570.npz
no separate z, order 3
no separate z, order 1
before: {'spacing': array([3.  , 1.25, 1.25]), 'spacing_transposed': array([3.  , 1.25, 1.25]), 'data.shape (data is transposed)': (1, 72, 256, 319)} 
after:  {'spacing': array([3.    , 1.1875, 1.1875]), 'data.shape (data is resampled)': (1, 72, 269, 336)} 

normalization...
normalization done
1 10000
saving:  /exports/lkeb-hpc/smaijer/data/nnUNet_preprocessed/Task600/nnUNetData_plans_v2.1_2D_stage0/panc_0571.npz
no separate z, order 3
no separate z, order 1
before: {'spacing': array([1.1875, 3.    , 1.1875]), 'spacing_transposed': array([1.1875, 3.    , 1.1875]), 'data.shape (data is transposed)': (1, 319, 60, 319)} 
after:  {'spacing': array([1.1875, 1.1875, 1.1875]), 'data.shape (data is resampled)': (1, 319, 152, 319)} 

normalization...
normalization done
1 10000
saving:  /exports/lkeb-hpc/smaijer/data/nnUNet_preprocessed/Task600/nnUNetData_plans_v2.1_2D_stage0/panc_0589.npz
no separate z, order 3
no separate z, order 1
before: {'spacing': array([0.82029998, 1.10000002, 0.82029998]), 'spacing_transposed': array([0.82029998, 1.10000002, 0.82029998]), 'data.shape (data is transposed)': (1, 497, 168, 510)} 
after:  {'spacing': array([0.82029998, 1.1875    , 1.1875    ]), 'data.shape (data is resampled)': (1, 497, 156, 352)} 

normalization...
normalization done
1 10000
saving:  /exports/lkeb-hpc/smaijer/data/nnUNet_preprocessed/Task600/nnUNetData_plans_v2.1_2D_stage0/panc_0590.npz
no resampling necessary
no resampling necessary
before: {'spacing': array([2.5   , 1.1875, 1.1875]), 'spacing_transposed': array([2.5   , 1.1875, 1.1875]), 'data.shape (data is transposed)': (1, 72, 289, 319)} 
after:  {'spacing': array([2.5   , 1.1875, 1.1875]), 'data.shape (data is resampled)': (1, 72, 289, 319)} 

normalization...
normalization done
1 10000
saving:  /exports/lkeb-hpc/smaijer/data/nnUNet_preprocessed/Task600/nnUNetData_plans_v2.1_2D_stage0/panc_0507.npz
no separate z, order 3
no separate z, order 1
before: {'spacing': array([1.40625, 1.5    , 1.40625]), 'spacing_transposed': array([1.40625, 1.5    , 1.40625]), 'data.shape (data is transposed)': (1, 319, 80, 259)} 
after:  {'spacing': array([1.40625, 1.1875 , 1.1875 ]), 'data.shape (data is resampled)': (1, 319, 101, 307)} 

normalization...
normalization done
1 10000
saving:  /exports/lkeb-hpc/smaijer/data/nnUNet_preprocessed/Task600/nnUNetData_plans_v2.1_2D_stage0/panc_0508.npz
no resampling necessary
no resampling necessary
before: {'spacing': array([3.    , 1.1875, 1.1875]), 'spacing_transposed': array([3.    , 1.1875, 1.1875]), 'data.shape (data is transposed)': (1, 72, 258, 319)} 
after:  {'spacing': array([3.    , 1.1875, 1.1875]), 'data.shape (data is resampled)': (1, 72, 258, 319)} 

normalization...
normalization done
1 10000
saving:  /exports/lkeb-hpc/smaijer/data/nnUNet_preprocessed/Task600/nnUNetData_plans_v2.1_2D_stage0/panc_0585.npz
no separate z, order 3
no separate z, order 1
before: {'spacing': array([1.40629995, 1.5       , 1.40629995]), 'spacing_transposed': array([1.40629995, 1.5       , 1.40629995]), 'data.shape (data is transposed)': (1, 319, 144, 259)} 
after:  {'spacing': array([1.40629995, 1.1875    , 1.1875    ]), 'data.shape (data is resampled)': (1, 319, 182, 307)} 

normalization...
normalization done
1 10000
saving:  /exports/lkeb-hpc/smaijer/data/nnUNet_preprocessed/Task600/nnUNetData_plans_v2.1_2D_stage0/panc_0586.npz
no separate z, order 3
no separate z, order 1
before: {'spacing': array([0.82029998, 1.10000002, 0.82029998]), 'spacing_transposed': array([0.82029998, 1.10000002, 0.82029998]), 'data.shape (data is transposed)': (1, 432, 168, 508)} 
after:  {'spacing': array([0.82029998, 1.1875    , 1.1875    ]), 'data.shape (data is resampled)': (1, 432, 156, 351)} 

normalization...
normalization done
1 10000
saving:  /exports/lkeb-hpc/smaijer/data/nnUNet_preprocessed/Task600/nnUNetData_plans_v2.1_2D_stage0/panc_0596.npz
no separate z, order 3
no separate z, order 1
before: {'spacing': array([1.1875, 3.    , 1.1875]), 'spacing_transposed': array([1.1875, 3.    , 1.1875]), 'data.shape (data is transposed)': (1, 319, 60, 319)} 
after:  {'spacing': array([1.1875, 1.1875, 1.1875]), 'data.shape (data is resampled)': (1, 319, 152, 319)} 

normalization...
normalization done
1 10000
saving:  /exports/lkeb-hpc/smaijer/data/nnUNet_preprocessed/Task600/nnUNetData_plans_v2.1_2D_stage0/panc_0597.npz
no separate z, order 3
no separate z, order 1
before: {'spacing': array([1., 2., 1.]), 'spacing_transposed': array([1., 2., 1.]), 'data.shape (data is transposed)': (1, 400, 120, 352)} 
after:  {'spacing': array([1.    , 1.1875, 1.1875]), 'data.shape (data is resampled)': (1, 400, 202, 296)} 

normalization...
normalization done
1 10000
saving:  /exports/lkeb-hpc/smaijer/data/nnUNet_preprocessed/Task600/nnUNetData_plans_v2.1_2D_stage0/panc_0518.npz
no resampling necessary
no resampling necessary
before: {'spacing': array([3.    , 1.1875, 1.1875]), 'spacing_transposed': array([3.    , 1.1875, 1.1875]), 'data.shape (data is transposed)': (1, 64, 288, 319)} 
after:  {'spacing': array([3.    , 1.1875, 1.1875]), 'data.shape (data is resampled)': (1, 64, 288, 319)} 

normalization...
normalization done
1 10000
saving:  /exports/lkeb-hpc/smaijer/data/nnUNet_preprocessed/Task600/nnUNetData_plans_v2.1_2D_stage0/panc_0530.npz
no separate z, order 3
no separate z, order 1
before: {'spacing': array([0.82029998, 1.10000002, 0.82029998]), 'spacing_transposed': array([0.82029998, 1.10000002, 0.82029998]), 'data.shape (data is transposed)': (1, 472, 168, 510)} 
after:  {'spacing': array([0.82029998, 1.1875    , 1.1875    ]), 'data.shape (data is resampled)': (1, 472, 156, 352)} 

normalization...
normalization done
1 10000
saving:  /exports/lkeb-hpc/smaijer/data/nnUNet_preprocessed/Task600/nnUNetData_plans_v2.1_2D_stage0/panc_0592.npz
separate z, order in z is 0 order inplane is 3
separate z, order in z is 0 order inplane is 1
before: {'spacing': array([3.        , 0.69444442, 0.69444442]), 'spacing_transposed': array([3.        , 0.69444442, 0.69444442]), 'data.shape (data is transposed)': (1, 72, 466, 575)} 
after:  {'spacing': array([3.    , 1.1875, 1.1875]), 'data.shape (data is resampled)': (1, 72, 273, 336)} 

normalization...
normalization done
1 10000
saving:  /exports/lkeb-hpc/smaijer/data/nnUNet_preprocessed/Task600/nnUNetData_plans_v2.1_2D_stage0/panc_0593.npz
Program finished with exit code 0 at: Tue May 10 19:30:59 CEST 2022
